09-04-2024 06:00:13.082Z;functions.bot_text_art;      ____   
09-04-2024 06:00:13.082Z;functions.bot_text_art;     [____]    
09-04-2024 06:00:13.082Z;functions.bot_text_art;   |=]()()[=|  
09-04-2024 06:00:13.082Z;functions.bot_text_art;     _\==/__    _____    ____     _        _____    ___   _  __
09-04-2024 06:00:13.082Z;functions.bot_text_art;   |__|   |_|  |  _  \  / ___|   | |      |_   _| / ___| | |/ /
09-04-2024 06:00:13.082Z;functions.bot_text_art;   |_|_/\_|_|  | |  | | | |      | |        | |   | |    | ' / 
09-04-2024 06:00:13.082Z;functions.bot_text_art;   | | __ | |  | |  | | | |      | |        | |   | |    |  <  
09-04-2024 06:00:13.082Z;functions.bot_text_art;   |_|[  ]|_|  | |__| | | |____  | |____   _| |_  | |__  | . \ 
09-04-2024 06:00:13.082Z;functions.bot_text_art;   \_|_||_|_/  |_____/   \_____| |______| |_____| \ ___| |_|\_\
09-04-2024 06:00:13.082Z;functions.bot_text_art;     |_||_|                                                     
09-04-2024 06:00:13.082Z;functions.bot_text_art;     | ||_|_   
09-04-2024 06:00:13.082Z;functions.bot_text_art;   |___||___|  
09-04-2024 06:00:13.082Z;functions.bot_text_art;               
09-04-2024 06:00:13.300Z;functions.open_RM;  OPEN PROGRAM RM
09-04-2024 06:00:24.004Z;functions.loggin_RM;  ENTRAR USER_NAME
09-04-2024 06:00:26.832Z;functions.loggin_RM;  ENTRAR PASSWORD
09-04-2024 06:00:27.488Z;functions.loggin_RM;  ENTRAR RM
09-04-2024 06:00:52.426Z;functions.enter_coligada;  CLICK CONTEXTO
09-04-2024 06:00:56.241Z;functions.enter_coligada;  CLICK ALTERAR MODULO DO CONTEXTO
09-04-2024 06:00:58.452Z;functions.enter_coligada;  INSERE O COLIGADA CODE = 1
09-04-2024 06:00:58.553Z;functions.enter_coligada;  APERTA TAB PARA PREENCHER O CAMPO COM A STRING: OCEANICA ENGENHARIA E CONSULTORIA S.A.
09-04-2024 06:00:59.551Z;functions.enter_coligada;  CLICK AVANÇAR NOVAMENTE
09-04-2024 06:01:00.310Z;functions.enter_coligada;  CLICK CONCLUIR
09-04-2024 06:01:09.276Z;functions.enter_coligada;  POP UP COLIGADA DESAPARECER
09-04-2024 06:01:09.864Z;functions.check_movimentacao_bancaria;  CLICK - TOTVS - LINHA RM
09-04-2024 06:01:10.879Z;functions.check_movimentacao_bancaria;  CLICK - BACK OFFICE
09-04-2024 06:01:13.136Z;functions.check_movimentacao_bancaria;  CLICK - GESTAO FINANCEIRA
09-04-2024 06:01:15.348Z;functions.movimentacao_bancaria;  CLICK NA ABA MOVIMENTAÇÃO BANCARIA
09-04-2024 06:01:17.488Z;functions.waitForImage;  IMAGEM BORDERO image found.
09-04-2024 06:01:19.606Z;functions.movimentacao_bancaria;  IMAGEM BORDERO CLICADA.
09-04-2024 06:01:29.963Z;functions.waitForImage;  LICENCAS EXCEDIDAS image not found.
09-04-2024 06:01:30.520Z;functions.movimentacao_bancaria;  ENCONTROU O FILTRO DA MOVIMENTAÇÃO BANCÁRIA
09-04-2024 06:01:30.535Z;functions.movimentacao_bancaria;  CLICA NA ABA SUPERIOR DO FILTRO
09-04-2024 06:01:34.740Z;functions.movimentacao_bancaria;  SELECIONA O FILTRO HOJE
09-04-2024 06:01:36.723Z;functions.waitForImage;  FILTER CLEAN image found.
09-04-2024 06:01:38.848Z;functions.filter_clean;  CLICK NO BOTÃO X DO LIMPA FILTRO
09-04-2024 06:01:54.360Z;functions.waitForImage;  FILTER CLEAN image not found.
09-04-2024 06:02:09.822Z;functions.waitForImage;  FILTER CLEAN image not found.
09-04-2024 06:02:27.755Z;functions.movimentacao_bancaria;  SEM PROCESSAMENTO DE BORDERO
09-04-2024 06:02:48.229Z;functions.waitForImage;  FILTER CLEAN image not found.
09-04-2024 06:03:03.754Z;functions.waitForImage;  FILTER CLEAN image not found.
09-04-2024 06:03:19.261Z;functions.waitForImage;  FILTER CLEAN image not found.
09-04-2024 06:03:51.099Z;functions.remessa_pagamento;  SEM REMESSA DE BORDERO AUTORIZADO
09-04-2024 06:03:51.678Z;functions.enter_contas_a_pagar;  CLICK - TOTVS - LINHA RM
09-04-2024 06:03:52.600Z;functions.enter_contas_a_pagar;  CLICK - BACK OFFICE
09-04-2024 06:03:53.294Z;functions.enter_contas_a_pagar;  CLICK - GESTAO FINANCEIRA
09-04-2024 06:03:57.975Z;functions.enter_contas_a_pagar;  CLICK - CONTAS A PAGAR
09-04-2024 06:03:58.704Z;functions.waitForImage;  LANÇAMENTOS image found.
09-04-2024 06:04:00.828Z;functions.enter_contas_a_pagar;  CLICA EM LANÇAMENTOS
09-04-2024 06:04:16.068Z;functions.waitForImage;  LICENCAS EXCEDIDAS image not found.
09-04-2024 06:04:16.068Z;functions.obter_intervalo_data;  VERIFICANDO A HORA ATUAL 6
09-04-2024 06:04:16.068Z;functions.obter_intervalo_data;  Data Inicial FERIAS/RESCISAO antes da remoção: None
09-04-2024 06:04:16.068Z;functions.obter_intervalo_data;  Data Final FERIAS/RESCISAO antes da remoção: None
09-04-2024 06:04:16.068Z;functions.obter_intervalo_data;  Data Inicial FERIAS/RESCISAO após a remoção: None
09-04-2024 06:04:16.068Z;functions.obter_intervalo_data;  Data Final FERIAS/RESCISAO após a remoção: None
09-04-2024 06:04:16.068Z;functions.obter_intervalo_data;  hoje -  2024-04-09 06:04:16.068151
09-04-2024 06:04:16.068Z;functions.data_filter;  DATA INICIO 10-04-2024
09-04-2024 06:04:16.068Z;functions.data_filter;  DATA FIM 16-04-2024
09-04-2024 06:04:16.068Z;functions.data_filter;  CLICK - SELECIONA A DATA DE QUARTA FEIRA E DA PROXIMA TERÇA
09-04-2024 06:04:16.068Z;functions.data_filter;  QUARTA-FEIRA: 10-04-2024
09-04-2024 06:04:16.068Z;functions.data_filter;  TERCA-FEIRA: 16-04-2024
09-04-2024 06:04:28.303Z;functions.data_filter;  CLICK - BUTÃO DE SELECAO DE FILTRO
09-04-2024 06:04:31.990Z;functions.data_filter;  INSERE - DATA DE QUARTA-FEIRA: 10-04-2024
09-04-2024 06:04:35.445Z;functions.data_filter;  INSERE - DATA DA PROX TERCA-FEIRA: 16-04-2024
09-04-2024 06:04:36.069Z;functions.data_filter;  CLICK - BUTÃO DE EXECUTAR O FILTRO
09-04-2024 06:04:41.818Z;functions.desmark_filter;  CLICK CHECKBOX LANÇAMENTOS A RECEBER
09-04-2024 06:04:42.569Z;functions.desmark_filter;  CLICK CHECKBOX LANÇAMENTOS BAIXADOS
09-04-2024 06:04:43.405Z;functions.desmark_filter;  CLICK CHECKBOX LANÇAMENTOS CANCELADOS
09-04-2024 06:04:44.243Z;functions.desmark_filter;  CLICK CHECKBOX LANÇAMENTOS FATURADOS
09-04-2024 06:04:45.069Z;functions.desmark_filter;  ATUALIZA O FILTRO
09-04-2024 06:04:45.210Z;functions.waitForImage;  FILTER CLEAN image found.
09-04-2024 06:04:47.328Z;functions.filter_clean;  CLICK NO BOTÃO X DO LIMPA FILTRO
09-04-2024 06:05:02.837Z;functions.waitForImage;  FILTER CLEAN image not found.
09-04-2024 06:05:18.330Z;functions.waitForImage;  FILTER CLEAN image not found.
09-04-2024 06:05:19.225Z;functions.tabela_vazia;  Texto extraido 0/0
09-04-2024 06:05:19.225Z;functions.tabela_vazia;  Count 0
09-04-2024 06:05:19.225Z;functions.tabela_vazia;  Type <class 'int'>
09-04-2024 06:05:21.227Z;functions.tabela_vazia;  SEM REMESSA DE FÉRIAS/RESCISÃO
09-04-2024 06:05:23.228Z;main.<module>;  SEM REMESSA DE FÉRIAS/RESCISÃO
09-04-2024 06:05:24.975Z;errorhandler.__handle;  Property: Unknown Property name. [1:203: -ms-interpolation-mode]
09-04-2024 06:05:24.991Z;errorhandler.__handle;  Property: Unknown Property name. [1:353: -webkit-font-smoothing]
09-04-2024 06:05:24.991Z;errorhandler.__handle;  Property: Unknown Property name. [1:483: -ms-text-size-adjust]
09-04-2024 06:05:24.991Z;errorhandler.__handle;  Property: Unknown Property name. [1:518: -webkit-text-size-adjust]
09-04-2024 06:05:24.991Z;errorhandler.__handle;  Property: Unknown Property name. [1:612: mso-table-lspace]
09-04-2024 06:05:24.991Z;errorhandler.__handle;  Property: Unknown Property name. [1:642: mso-table-rspace]
09-04-2024 06:05:25.038Z;errorhandler.__handle;  Property: Unknown Property name. [1:4734: mso-hide]
09-04-2024 06:05:25.069Z;errorhandler.__handle;  Property: Unknown Property name. [1:13: -ms-interpolation-mode]
09-04-2024 06:05:25.069Z;errorhandler.__handle;  Property: Unknown Property name. [1:49: -webkit-font-smoothing]
09-04-2024 06:05:25.069Z;errorhandler.__handle;  Property: Unknown Property name. [1:134: -ms-text-size-adjust]
09-04-2024 06:05:25.069Z;errorhandler.__handle;  Property: Unknown Property name. [1:160: -webkit-text-size-adjust]
09-04-2024 06:05:25.069Z;errorhandler.__handle;  Property: Unknown Property name. [1:26: mso-table-lspace]
09-04-2024 06:05:25.069Z;errorhandler.__handle;  Property: Unknown Property name. [1:45: mso-table-rspace]
09-04-2024 06:05:25.085Z;errorhandler.__handle;  Property: Unknown Property name. [1:92: mso-hide]
09-04-2024 06:05:25.085Z;errorhandler.__handle;  Property: No ":" after name found: align-center [1:1: align-center]
09-04-2024 06:05:25.085Z;errorhandler.__handle;  Property: No property value found: align-center [1:1: align-center]
09-04-2024 06:05:25.085Z;errorhandler.__handle;  CSSStyleDeclaration: Syntax Error in Property: align-center
09-04-2024 06:05:25.085Z;errorhandler.__handle;  Property: Unknown Property name. [1:14: -ms-interpolation-mode]
09-04-2024 06:05:28.132Z;functions.emailFinalizado;  Finalizado e-mail sent.
09-04-2024 06:05:28.212Z;functions.encerra_prog;  RM ENCERRADO
