09-08-2024 16:08:11.084Z;functions.bot_text_art;      ____   
09-08-2024 16:08:11.084Z;functions.bot_text_art;     [____]    
09-08-2024 16:08:11.084Z;functions.bot_text_art;   |=]()()[=|  
09-08-2024 16:08:11.084Z;functions.bot_text_art;     _\==/__    _____    ____     _        _____    ___   _  __
09-08-2024 16:08:11.084Z;functions.bot_text_art;   |__|   |_|  |  _  \  / ___|   | |      |_   _| / ___| | |/ /
09-08-2024 16:08:11.084Z;functions.bot_text_art;   |_|_/\_|_|  | |  | | | |      | |        | |   | |    | ' / 
09-08-2024 16:08:11.084Z;functions.bot_text_art;   | | __ | |  | |  | | | |      | |        | |   | |    |  <  
09-08-2024 16:08:11.084Z;functions.bot_text_art;   |_|[  ]|_|  | |__| | | |____  | |____   _| |_  | |__  | . \ 
09-08-2024 16:08:11.084Z;functions.bot_text_art;   \_|_||_|_/  |_____/   \_____| |______| |_____| \ ___| |_|\_\
09-08-2024 16:08:11.084Z;functions.bot_text_art;     |_||_|                                                     
09-08-2024 16:08:11.084Z;functions.bot_text_art;     | ||_|_   
09-08-2024 16:08:11.084Z;functions.bot_text_art;   |___||___|  
09-08-2024 16:08:11.084Z;functions.bot_text_art;               
09-08-2024 16:08:11.100Z;functions.open_RM;  OPEN PROGRAM RM
09-08-2024 16:08:23.225Z;functions.loggin_RM;  ENTRAR USER_NAME
09-08-2024 16:08:26.414Z;functions.loggin_RM;  ENTRAR PASSWORD
09-08-2024 16:08:27.397Z;functions.loggin_RM;  ENTRAR RM
09-08-2024 16:11:38.630Z;functions.enter_coligada;  AGUARDANDO 1
09-08-2024 16:11:39.490Z;functions.enter_coligada;  CLICK CONTEXTO
09-08-2024 16:11:41.177Z;functions.enter_coligada;  CLICK ALTERAR MODULO DO CONTEXTO
09-08-2024 16:11:43.662Z;functions.enter_coligada;  INSERE O COLIGADA CODE = 1
09-08-2024 16:11:43.764Z;functions.enter_coligada;  APERTA TAB PARA PREENCHER O CAMPO COM A STRING: OCEANICA ENGENHARIA E CONSULTORIA S.A.
09-08-2024 16:11:45.052Z;functions.enter_coligada;  CLICK AVANÇAR NOVAMENTE
09-08-2024 16:11:46.208Z;functions.enter_coligada;  CLICK CONCLUIR
09-08-2024 16:12:06.724Z;functions.waitForImage;  TROCA COLIGADA image not found.
09-08-2024 16:12:16.114Z;functions.enter_coligada;  POP UP COLIGADA DESAPARECER
09-08-2024 16:12:16.864Z;functions.check_movimentacao_bancaria;  CLICK - TOTVS - LINHA RM
09-08-2024 16:12:18.083Z;functions.check_movimentacao_bancaria;  CLICK - BACK OFFICE
09-08-2024 16:12:18.864Z;functions.check_movimentacao_bancaria;  CLICK - GESTAO FINANCEIRA
09-08-2024 16:12:18.864Z;functions.obter_intervalo_data;  VERIFICANDO A HORA ATUAL 16
09-08-2024 16:12:18.875Z;functions.obter_intervalo_data;  Data Inicial FERIAS/RESCISAO antes da remoção: None
09-08-2024 16:12:18.875Z;functions.obter_intervalo_data;  Data Final FERIAS/RESCISAO antes da remoção: None
09-08-2024 16:12:18.879Z;functions.obter_intervalo_data;  Data Inicial FERIAS/RESCISAO após a remoção: None
09-08-2024 16:12:18.879Z;functions.obter_intervalo_data;  Data Final FERIAS/RESCISAO após a remoção: None
09-08-2024 16:12:18.879Z;functions.obter_intervalo_data;  hoje -  2024-08-09 16:12:18.879659
09-08-2024 16:12:18.879Z;functions.check_movimentacao_bancaria;  DATA INICIO 14-08-2024
09-08-2024 16:12:18.879Z;functions.check_movimentacao_bancaria;  DATA FIM 20-08-2024
09-08-2024 16:12:18.879Z;functions.movimentacao_bancaria;  AGUARDANDO 1
09-08-2024 16:12:21.052Z;functions.movimentacao_bancaria;  CLICK NA ABA MOVIMENTAÇÃO BANCARIA
09-08-2024 16:12:23.146Z;functions.waitForImage;  IMAGEM BORDERO image found.
09-08-2024 16:12:25.278Z;functions.movimentacao_bancaria;  IMAGEM BORDERO CLICADA.
09-08-2024 16:12:35.427Z;functions.waitForImage;  LICENCAS EXCEDIDAS image not found.
09-08-2024 16:12:36.020Z;functions.movimentacao_bancaria;  ENCONTROU O FILTRO DA MOVIMENTAÇÃO BANCÁRIA
09-08-2024 16:12:36.083Z;functions.movimentacao_bancaria;  CLICA NA ABA SUPERIOR DO FILTRO
09-08-2024 16:12:40.290Z;functions.movimentacao_bancaria;  SELECIONA O FILTRO HOJE
09-08-2024 16:12:42.614Z;functions.waitForImage;  FILTER CLEAN image found.
09-08-2024 16:12:44.746Z;functions.filter_clean;  CLICK NO BOTÃO X DO LIMPA FILTRO
09-08-2024 16:12:59.911Z;functions.waitForImage;  FILTER CLEAN image not found.
09-08-2024 16:13:15.473Z;functions.waitForImage;  FILTER CLEAN image not found.
09-08-2024 16:13:18.583Z;functions.movimentacao_bancaria;  CLICK NA PRIMEIRA LINHA DA TABELA MOVIMENTAÇÃO BANCÁRIA
09-08-2024 16:13:19.798Z;functions.movimentacao_bancaria;  12 PASSOS PARA DIREITA NA TABELA >>
09-08-2024 16:13:21.427Z;functions.movimentacao_bancaria;  HOVER FILTER
09-08-2024 16:13:21.822Z;functions.movimentacao_bancaria;  CLICK FILTER
09-08-2024 16:13:26.137Z;functions.movimentacao_bancaria;  CLICK NO FILTRO  STATUS DA REMESSA
09-08-2024 16:13:28.238Z;functions.movimentacao_bancaria;  APERTA TAB PARA ESCREVER O FILTRO
09-08-2024 16:13:30.345Z;functions.movimentacao_bancaria;  ESCREVE PENDENTE NO FILTRO
09-08-2024 16:13:32.447Z;functions.movimentacao_bancaria;  APERTA ENTER PARA SELECIONAR OS PENDENTES
09-08-2024 16:13:51.614Z;functions.movimentacao_bancaria;  SEM PROCESSAMENTO DE BORDERO PENDENTE.
09-08-2024 16:13:56.692Z;functions.waitForImage;  FILTER CLEAN image found.
09-08-2024 16:13:58.808Z;functions.filter_clean;  CLICK NO BOTÃO X DO LIMPA FILTRO
09-08-2024 16:14:13.942Z;functions.waitForImage;  FILTER CLEAN image not found.
09-08-2024 16:14:29.067Z;functions.waitForImage;  FILTER CLEAN image not found.
09-08-2024 16:14:30.239Z;functions.remessa_pagamento;  CLICK NA PRIMEIRA LINHA DA TABELA MOVIMENTAÇÃO BANCÁRIA
09-08-2024 16:14:31.770Z;functions.remessa_pagamento;  HOVER FILTER
09-08-2024 16:14:32.155Z;functions.remessa_pagamento;  CLICK FILTER
09-08-2024 16:14:36.469Z;functions.remessa_pagamento;  CLICK NO FILTRO  STATUS DA REMESSA
09-08-2024 16:14:38.571Z;functions.remessa_pagamento;  APERTA TAB PARA ESCREVER O FILTRO
09-08-2024 16:14:40.678Z;functions.remessa_pagamento;  ESCREVE AUTORIZADO NO FILTRO
09-08-2024 16:14:42.780Z;functions.remessa_pagamento;  APERTA ENTER PARA SELECIONAR OS AUTORIZADO
09-08-2024 16:14:46.418Z;functions.remessa_pagamento;  6 PASSOS PARA ESQUERDA NA TABELA <<
09-08-2024 16:14:48.020Z;functions.check_user_bot;  Texto extraido 1/3
09-08-2024 16:14:48.020Z;functions.check_user_bot;  Count 3
09-08-2024 16:14:48.020Z;functions.check_user_bot;  Type <class 'int'>
09-08-2024 16:14:50.130Z;functions.check_user_bot;  CHECK USER BOT 1
09-08-2024 16:14:52.130Z;functions.check_user_bot;  croliveira3
09-08-2024 16:14:52.131Z;functions.check_user_bot;  O USUÁRIO NÃO É INTEGRAÇÃO PARA ESSA REMESSA PARA PARA DE BAIXO
09-08-2024 16:14:52.233Z;functions.check_user_bot;  COUNT1: 0
09-08-2024 16:14:54.335Z;functions.check_user_bot;  CHECK USER BOT 1
09-08-2024 16:14:56.336Z;functions.check_user_bot;  croliveira3
09-08-2024 16:14:56.336Z;functions.check_user_bot;  O USUÁRIO NÃO É INTEGRAÇÃO PARA ESSA REMESSA PARA PARA DE BAIXO
09-08-2024 16:14:56.442Z;functions.check_user_bot;  COUNT1: 1
09-08-2024 16:14:58.543Z;functions.check_user_bot;  CHECK USER BOT 1
09-08-2024 16:15:00.544Z;functions.check_user_bot;  alpereira2
09-08-2024 16:15:00.544Z;functions.check_user_bot;  O USUÁRIO NÃO É INTEGRAÇÃO PARA ESSA REMESSA PARA PARA DE BAIXO
09-08-2024 16:15:00.646Z;functions.check_user_bot;  COUNT1: 2
09-08-2024 16:15:00.646Z;functions.check_user_bot;  NÃO FOI ENCONTRADO O USUÁRIO INTEGRAÇÃO E O NOME DO ARQUIVO SISPAG
09-08-2024 16:15:01.426Z;functions.enter_contas_a_pagar;  CLICK - TOTVS - LINHA RM
09-08-2024 16:15:02.238Z;functions.enter_contas_a_pagar;  CLICK - BACK OFFICE
09-08-2024 16:15:03.020Z;functions.enter_contas_a_pagar;  CLICK - GESTAO FINANCEIRA
09-08-2024 16:15:10.176Z;functions.enter_contas_a_pagar;  CLICK - CONTAS A PAGAR
09-08-2024 16:15:10.254Z;functions.waitForImage;  LANÇAMENTOS image found.
09-08-2024 16:15:12.371Z;functions.enter_contas_a_pagar;  CLICA EM LANÇAMENTOS
09-08-2024 16:15:27.488Z;functions.waitForImage;  LICENCAS EXCEDIDAS image not found.
09-08-2024 16:15:27.488Z;functions.data_filter;  CLICK - SELECIONA A DATA DE QUARTA FEIRA E DA PROXIMA TERÇA
09-08-2024 16:15:27.488Z;functions.data_filter;  QUARTA-FEIRA: 14-08-2024
09-08-2024 16:15:27.488Z;functions.data_filter;  TERCA-FEIRA: 20-08-2024
09-08-2024 16:15:47.442Z;functions.data_filter;  FILTRO - REMESSA FERIAS/RESCISAO
09-08-2024 16:15:48.207Z;functions.data_filter;  CLICK - BUTÃO DE SELECAO DE FILTRO
09-08-2024 16:15:52.316Z;functions.data_filter;  INSERE - DATA DE QUARTA-FEIRA: 14-08-2024
09-08-2024 16:15:56.207Z;functions.data_filter;  INSERE - DATA DA PROX TERCA-FEIRA: 20-08-2024
09-08-2024 16:15:57.052Z;functions.data_filter;  CLICK - BUTÃO DE EXECUTAR O FILTRO
09-08-2024 16:16:02.053Z;functions.desmark_filter;  AGUARDANDO 1
09-08-2024 16:16:03.363Z;functions.desmark_filter;  CLICK CHECKBOX LANÇAMENTOS A RECEBER
09-08-2024 16:16:04.769Z;functions.desmark_filter;  CLICK CHECKBOX LANÇAMENTOS BAIXADOS
09-08-2024 16:16:05.988Z;functions.desmark_filter;  CLICK CHECKBOX LANÇAMENTOS CANCELADOS
09-08-2024 16:16:07.519Z;functions.desmark_filter;  CLICK CHECKBOX LANÇAMENTOS FATURADOS
09-08-2024 16:16:09.070Z;functions.desmark_filter;  ATUALIZA O FILTRO
09-08-2024 16:16:09.145Z;functions.waitForImage;  FILTER CLEAN image found.
09-08-2024 16:16:11.261Z;functions.filter_clean;  CLICK NO BOTÃO X DO LIMPA FILTRO
09-08-2024 16:16:26.660Z;functions.waitForImage;  FILTER CLEAN image not found.
09-08-2024 16:16:42.053Z;functions.waitForImage;  FILTER CLEAN image not found.
09-08-2024 16:16:43.972Z;functions.tabela_vazia;  Texto extraido 0/0
09-08-2024 16:16:43.972Z;functions.tabela_vazia;  Count 0
09-08-2024 16:16:43.972Z;functions.tabela_vazia;  Type <class 'int'>
09-08-2024 16:16:45.974Z;functions.tabela_vazia;  SEM REMESSA DE FÉRIAS/RESCISÃO
09-08-2024 16:16:47.975Z;main.<module>;  SEM REMESSA DE FÉRIAS/RESCISÃO
09-08-2024 16:16:49.569Z;errorhandler.__handle;  Property: Unknown Property name. [1:203: -ms-interpolation-mode]
09-08-2024 16:16:49.569Z;errorhandler.__handle;  Property: Unknown Property name. [1:353: -webkit-font-smoothing]
09-08-2024 16:16:49.569Z;errorhandler.__handle;  Property: Unknown Property name. [1:483: -ms-text-size-adjust]
09-08-2024 16:16:49.569Z;errorhandler.__handle;  Property: Unknown Property name. [1:518: -webkit-text-size-adjust]
09-08-2024 16:16:49.569Z;errorhandler.__handle;  Property: Unknown Property name. [1:612: mso-table-lspace]
09-08-2024 16:16:49.569Z;errorhandler.__handle;  Property: Unknown Property name. [1:642: mso-table-rspace]
09-08-2024 16:16:49.631Z;errorhandler.__handle;  Property: Unknown Property name. [1:4734: mso-hide]
09-08-2024 16:16:49.647Z;errorhandler.__handle;  Property: Unknown Property name. [1:13: -ms-interpolation-mode]
09-08-2024 16:16:49.647Z;errorhandler.__handle;  Property: Unknown Property name. [1:49: -webkit-font-smoothing]
09-08-2024 16:16:49.647Z;errorhandler.__handle;  Property: Unknown Property name. [1:134: -ms-text-size-adjust]
09-08-2024 16:16:49.647Z;errorhandler.__handle;  Property: Unknown Property name. [1:160: -webkit-text-size-adjust]
09-08-2024 16:16:49.647Z;errorhandler.__handle;  Property: Unknown Property name. [1:26: mso-table-lspace]
09-08-2024 16:16:49.647Z;errorhandler.__handle;  Property: Unknown Property name. [1:45: mso-table-rspace]
09-08-2024 16:16:49.662Z;errorhandler.__handle;  Property: Unknown Property name. [1:92: mso-hide]
09-08-2024 16:16:49.662Z;errorhandler.__handle;  Property: No ":" after name found: align-center [1:1: align-center]
09-08-2024 16:16:49.662Z;errorhandler.__handle;  Property: No property value found: align-center [1:1: align-center]
09-08-2024 16:16:49.662Z;errorhandler.__handle;  CSSStyleDeclaration: Syntax Error in Property: align-center
09-08-2024 16:16:49.662Z;errorhandler.__handle;  Property: Unknown Property name. [1:14: -ms-interpolation-mode]
09-08-2024 16:16:52.300Z;functions.emailFinalizado;  Finalizado e-mail sent.
09-08-2024 16:16:52.442Z;functions.encerra_prog;  RM ENCERRADO
