20-08-2024 01:42:39.354Z;functions.bot_text_art;      ____   
20-08-2024 01:42:39.354Z;functions.bot_text_art;     [____]    
20-08-2024 01:42:39.354Z;functions.bot_text_art;   |=]()()[=|  
20-08-2024 01:42:39.354Z;functions.bot_text_art;     _\==/__    _____    ____     _        _____    ___   _  __
20-08-2024 01:42:39.354Z;functions.bot_text_art;   |__|   |_|  |  _  \  / ___|   | |      |_   _| / ___| | |/ /
20-08-2024 01:42:39.354Z;functions.bot_text_art;   |_|_/\_|_|  | |  | | | |      | |        | |   | |    | ' / 
20-08-2024 01:42:39.354Z;functions.bot_text_art;   | | __ | |  | |  | | | |      | |        | |   | |    |  <  
20-08-2024 01:42:39.354Z;functions.bot_text_art;   |_|[  ]|_|  | |__| | | |____  | |____   _| |_  | |__  | . \ 
20-08-2024 01:42:39.354Z;functions.bot_text_art;   \_|_||_|_/  |_____/   \_____| |______| |_____| \ ___| |_|\_\
20-08-2024 01:42:39.354Z;functions.bot_text_art;     |_||_|                                                     
20-08-2024 01:42:39.354Z;functions.bot_text_art;     | ||_|_   
20-08-2024 01:42:39.354Z;functions.bot_text_art;   |___||___|  
20-08-2024 01:42:39.354Z;functions.bot_text_art;               
20-08-2024 01:42:39.354Z;functions.open_RM;  OPEN PROGRAM RM
20-08-2024 01:42:59.151Z;functions.loggin_RM;  ENTRAR USER_NAME
20-08-2024 01:43:02.417Z;functions.loggin_RM;  ENTRAR PASSWORD
20-08-2024 01:43:03.464Z;functions.loggin_RM;  ENTRAR RM
20-08-2024 01:46:24.417Z;functions.enter_coligada;  AGUARDANDO 1
20-08-2024 01:46:25.307Z;functions.enter_coligada;  CLICK CONTEXTO
20-08-2024 01:46:27.057Z;functions.enter_coligada;  CLICK ALTERAR MODULO DO CONTEXTO
20-08-2024 01:46:29.620Z;functions.enter_coligada;  INSERE O COLIGADA CODE = 1
20-08-2024 01:46:29.721Z;functions.enter_coligada;  APERTA TAB PARA PREENCHER O CAMPO COM A STRING: OCEANICA ENGENHARIA E CONSULTORIA S.A.
20-08-2024 01:46:31.026Z;functions.enter_coligada;  CLICK AVANÇAR NOVAMENTE
20-08-2024 01:46:32.057Z;functions.enter_coligada;  CLICK CONCLUIR
20-08-2024 01:46:52.385Z;functions.waitForImage;  TROCA COLIGADA image not found.
20-08-2024 01:47:00.542Z;functions.enter_coligada;  POP UP COLIGADA DESAPARECER
20-08-2024 01:47:01.338Z;functions.check_movimentacao_bancaria;  CLICK - TOTVS - LINHA RM
20-08-2024 01:47:02.713Z;functions.check_movimentacao_bancaria;  CLICK - BACK OFFICE
20-08-2024 01:47:05.182Z;functions.check_movimentacao_bancaria;  CLICK - GESTAO FINANCEIRA
20-08-2024 01:47:05.182Z;functions.obter_intervalo_data;  VERIFICANDO A HORA ATUAL 1
20-08-2024 01:47:05.195Z;functions.obter_intervalo_data;  Data Inicial FERIAS/RESCISAO antes da remoção: None
20-08-2024 01:47:05.195Z;functions.obter_intervalo_data;  Data Final FERIAS/RESCISAO antes da remoção: None
20-08-2024 01:47:05.199Z;functions.obter_intervalo_data;  Data Inicial FERIAS/RESCISAO após a remoção: None
20-08-2024 01:47:05.199Z;functions.obter_intervalo_data;  Data Final FERIAS/RESCISAO após a remoção: None
20-08-2024 01:47:05.199Z;functions.obter_intervalo_data;  hoje -  2024-08-20 01:47:05.199468
20-08-2024 01:47:05.200Z;functions.check_movimentacao_bancaria;  DATA INICIO 21-08-2024
20-08-2024 01:47:05.200Z;functions.check_movimentacao_bancaria;  DATA FIM 27-08-2024
20-08-2024 01:47:05.200Z;functions.movimentacao_bancaria;  AGUARDANDO 1
20-08-2024 01:47:09.870Z;functions.movimentacao_bancaria;  CLICK NA ABA MOVIMENTAÇÃO BANCARIA
20-08-2024 01:47:11.964Z;functions.waitForImage;  IMAGEM BORDERO image found.
20-08-2024 01:47:14.096Z;functions.movimentacao_bancaria;  IMAGEM BORDERO CLICADA.
20-08-2024 01:47:24.260Z;functions.waitForImage;  LICENCAS EXCEDIDAS image not found.
20-08-2024 01:47:24.901Z;functions.movimentacao_bancaria;  ENCONTROU O FILTRO DA MOVIMENTAÇÃO BANCÁRIA
20-08-2024 01:47:24.932Z;functions.movimentacao_bancaria;  CLICA NA ABA SUPERIOR DO FILTRO
20-08-2024 01:47:29.138Z;functions.movimentacao_bancaria;  SELECIONA O FILTRO HOJE
20-08-2024 01:47:31.496Z;functions.waitForImage;  FILTER CLEAN image found.
20-08-2024 01:47:33.627Z;functions.filter_clean;  CLICK NO BOTÃO X DO LIMPA FILTRO
20-08-2024 01:47:48.666Z;functions.waitForImage;  FILTER CLEAN image not found.
20-08-2024 01:48:04.244Z;functions.waitForImage;  FILTER CLEAN image not found.
20-08-2024 01:48:07.432Z;functions.movimentacao_bancaria;  CLICK NA PRIMEIRA LINHA DA TABELA MOVIMENTAÇÃO BANCÁRIA
20-08-2024 01:48:08.648Z;functions.movimentacao_bancaria;  12 PASSOS PARA DIREITA NA TABELA >>
20-08-2024 01:48:10.557Z;functions.movimentacao_bancaria;  HOVER FILTER
20-08-2024 01:48:10.958Z;functions.movimentacao_bancaria;  CLICK FILTER
20-08-2024 01:48:15.268Z;functions.movimentacao_bancaria;  CLICK NO FILTRO  STATUS DA REMESSA
20-08-2024 01:48:17.370Z;functions.movimentacao_bancaria;  APERTA TAB PARA ESCREVER O FILTRO
20-08-2024 01:48:19.478Z;functions.movimentacao_bancaria;  ESCREVE PENDENTE NO FILTRO
20-08-2024 01:48:21.579Z;functions.movimentacao_bancaria;  APERTA ENTER PARA SELECIONAR OS PENDENTES
20-08-2024 01:48:40.885Z;functions.movimentacao_bancaria;  SEM PROCESSAMENTO DE BORDERO PENDENTE.
20-08-2024 01:48:45.948Z;functions.waitForImage;  FILTER CLEAN image found.
20-08-2024 01:48:48.073Z;functions.filter_clean;  CLICK NO BOTÃO X DO LIMPA FILTRO
20-08-2024 01:49:03.542Z;functions.waitForImage;  FILTER CLEAN image not found.
20-08-2024 01:49:19.041Z;functions.waitForImage;  FILTER CLEAN image not found.
20-08-2024 01:49:20.338Z;functions.remessa_pagamento;  CLICK NA PRIMEIRA LINHA DA TABELA MOVIMENTAÇÃO BANCÁRIA
20-08-2024 01:49:21.932Z;functions.remessa_pagamento;  HOVER FILTER
20-08-2024 01:49:22.336Z;functions.remessa_pagamento;  CLICK FILTER
20-08-2024 01:49:26.652Z;functions.remessa_pagamento;  CLICK NO FILTRO  STATUS DA REMESSA
20-08-2024 01:49:28.754Z;functions.remessa_pagamento;  APERTA TAB PARA ESCREVER O FILTRO
20-08-2024 01:49:30.861Z;functions.remessa_pagamento;  ESCREVE AUTORIZADO NO FILTRO
20-08-2024 01:49:32.962Z;functions.remessa_pagamento;  APERTA ENTER PARA SELECIONAR OS AUTORIZADO
20-08-2024 01:49:52.323Z;functions.remessa_pagamento;  SEM REMESSA DE BORDERO AUTORIZADO
20-08-2024 01:49:53.120Z;functions.enter_contas_a_pagar;  CLICK - TOTVS - LINHA RM
20-08-2024 01:49:53.963Z;functions.enter_contas_a_pagar;  CLICK - BACK OFFICE
20-08-2024 01:49:54.838Z;functions.enter_contas_a_pagar;  CLICK - GESTAO FINANCEIRA
20-08-2024 01:50:02.838Z;functions.enter_contas_a_pagar;  CLICK - CONTAS A PAGAR
20-08-2024 01:50:02.916Z;functions.waitForImage;  LANÇAMENTOS image found.
20-08-2024 01:50:05.034Z;functions.enter_contas_a_pagar;  CLICA EM LANÇAMENTOS
20-08-2024 01:50:20.213Z;functions.waitForImage;  LICENCAS EXCEDIDAS image not found.
20-08-2024 01:50:20.213Z;functions.data_filter;  CLICK - SELECIONA A DATA DE QUARTA FEIRA E DA PROXIMA TERÇA
20-08-2024 01:50:20.213Z;functions.data_filter;  QUARTA-FEIRA: 21-08-2024
20-08-2024 01:50:20.213Z;functions.data_filter;  TERCA-FEIRA: 27-08-2024
20-08-2024 01:50:40.229Z;functions.data_filter;  FILTRO - REMESSA FERIAS/RESCISAO
20-08-2024 01:50:40.994Z;functions.data_filter;  CLICK - BUTÃO DE SELECAO DE FILTRO
20-08-2024 01:50:45.135Z;functions.data_filter;  INSERE - DATA DE QUARTA-FEIRA: 21-08-2024
20-08-2024 01:50:49.041Z;functions.data_filter;  INSERE - DATA DA PROX TERCA-FEIRA: 27-08-2024
20-08-2024 01:50:49.932Z;functions.data_filter;  CLICK - BUTÃO DE EXECUTAR O FILTRO
20-08-2024 01:50:54.934Z;functions.desmark_filter;  AGUARDANDO 1
20-08-2024 01:50:56.496Z;functions.desmark_filter;  CLICK CHECKBOX LANÇAMENTOS A RECEBER
20-08-2024 01:50:57.994Z;functions.desmark_filter;  CLICK CHECKBOX LANÇAMENTOS BAIXADOS
20-08-2024 01:50:59.494Z;functions.desmark_filter;  CLICK CHECKBOX LANÇAMENTOS CANCELADOS
20-08-2024 01:51:01.025Z;functions.desmark_filter;  CLICK CHECKBOX LANÇAMENTOS FATURADOS
20-08-2024 01:51:02.680Z;functions.desmark_filter;  ATUALIZA O FILTRO
20-08-2024 01:51:02.760Z;functions.waitForImage;  FILTER CLEAN image found.
20-08-2024 01:51:04.875Z;functions.filter_clean;  CLICK NO BOTÃO X DO LIMPA FILTRO
20-08-2024 01:51:20.307Z;functions.waitForImage;  FILTER CLEAN image not found.
20-08-2024 01:51:35.822Z;functions.waitForImage;  FILTER CLEAN image not found.
20-08-2024 01:51:37.838Z;functions.tabela_vazia;  Texto extraido 0/0
20-08-2024 01:51:37.838Z;functions.tabela_vazia;  Count 0
20-08-2024 01:51:37.838Z;functions.tabela_vazia;  Type <class 'int'>
20-08-2024 01:51:39.839Z;functions.tabela_vazia;  SEM REMESSA DE FÉRIAS/RESCISÃO
20-08-2024 01:51:41.839Z;main.<module>;  SEM REMESSA DE FÉRIAS/RESCISÃO
20-08-2024 01:51:43.275Z;errorhandler.__handle;  Property: Unknown Property name. [1:203: -ms-interpolation-mode]
20-08-2024 01:51:43.275Z;errorhandler.__handle;  Property: Unknown Property name. [1:353: -webkit-font-smoothing]
20-08-2024 01:51:43.275Z;errorhandler.__handle;  Property: Unknown Property name. [1:483: -ms-text-size-adjust]
20-08-2024 01:51:43.291Z;errorhandler.__handle;  Property: Unknown Property name. [1:518: -webkit-text-size-adjust]
20-08-2024 01:51:43.291Z;errorhandler.__handle;  Property: Unknown Property name. [1:612: mso-table-lspace]
20-08-2024 01:51:43.291Z;errorhandler.__handle;  Property: Unknown Property name. [1:642: mso-table-rspace]
20-08-2024 01:51:43.338Z;errorhandler.__handle;  Property: Unknown Property name. [1:4734: mso-hide]
20-08-2024 01:51:43.354Z;errorhandler.__handle;  Property: Unknown Property name. [1:13: -ms-interpolation-mode]
20-08-2024 01:51:43.354Z;errorhandler.__handle;  Property: Unknown Property name. [1:49: -webkit-font-smoothing]
20-08-2024 01:51:43.354Z;errorhandler.__handle;  Property: Unknown Property name. [1:134: -ms-text-size-adjust]
20-08-2024 01:51:43.354Z;errorhandler.__handle;  Property: Unknown Property name. [1:160: -webkit-text-size-adjust]
20-08-2024 01:51:43.354Z;errorhandler.__handle;  Property: Unknown Property name. [1:26: mso-table-lspace]
20-08-2024 01:51:43.354Z;errorhandler.__handle;  Property: Unknown Property name. [1:45: mso-table-rspace]
20-08-2024 01:51:43.369Z;errorhandler.__handle;  Property: Unknown Property name. [1:92: mso-hide]
20-08-2024 01:51:43.369Z;errorhandler.__handle;  Property: No ":" after name found: align-center [1:1: align-center]
20-08-2024 01:51:43.369Z;errorhandler.__handle;  Property: No property value found: align-center [1:1: align-center]
20-08-2024 01:51:43.369Z;errorhandler.__handle;  CSSStyleDeclaration: Syntax Error in Property: align-center
20-08-2024 01:51:43.369Z;errorhandler.__handle;  Property: Unknown Property name. [1:14: -ms-interpolation-mode]
20-08-2024 01:51:45.744Z;functions.emailFinalizado;  Finalizado e-mail sent.
20-08-2024 01:51:45.901Z;functions.encerra_prog;  RM ENCERRADO
