20-08-2024 03:08:42.255Z;functions.bot_text_art;      ____   
20-08-2024 03:08:42.255Z;functions.bot_text_art;     [____]    
20-08-2024 03:08:42.255Z;functions.bot_text_art;   |=]()()[=|  
20-08-2024 03:08:42.255Z;functions.bot_text_art;     _\==/__    _____    ____     _        _____    ___   _  __
20-08-2024 03:08:42.255Z;functions.bot_text_art;   |__|   |_|  |  _  \  / ___|   | |      |_   _| / ___| | |/ /
20-08-2024 03:08:42.255Z;functions.bot_text_art;   |_|_/\_|_|  | |  | | | |      | |        | |   | |    | ' / 
20-08-2024 03:08:42.255Z;functions.bot_text_art;   | | __ | |  | |  | | | |      | |        | |   | |    |  <  
20-08-2024 03:08:42.255Z;functions.bot_text_art;   |_|[  ]|_|  | |__| | | |____  | |____   _| |_  | |__  | . \ 
20-08-2024 03:08:42.255Z;functions.bot_text_art;   \_|_||_|_/  |_____/   \_____| |______| |_____| \ ___| |_|\_\
20-08-2024 03:08:42.255Z;functions.bot_text_art;     |_||_|                                                     
20-08-2024 03:08:42.255Z;functions.bot_text_art;     | ||_|_   
20-08-2024 03:08:42.255Z;functions.bot_text_art;   |___||___|  
20-08-2024 03:08:42.255Z;functions.bot_text_art;               
20-08-2024 03:08:42.271Z;functions.open_RM;  OPEN PROGRAM RM
20-08-2024 03:08:58.130Z;functions.loggin_RM;  ENTRAR USER_NAME
20-08-2024 03:09:01.416Z;functions.loggin_RM;  ENTRAR PASSWORD
20-08-2024 03:09:02.458Z;functions.loggin_RM;  ENTRAR RM
20-08-2024 03:12:21.162Z;functions.enter_coligada;  AGUARDANDO 1
20-08-2024 03:12:22.052Z;functions.enter_coligada;  CLICK CONTEXTO
20-08-2024 03:12:23.771Z;functions.enter_coligada;  CLICK ALTERAR MODULO DO CONTEXTO
20-08-2024 03:12:26.693Z;functions.enter_coligada;  INSERE O COLIGADA CODE = 1
20-08-2024 03:12:26.795Z;functions.enter_coligada;  APERTA TAB PARA PREENCHER O CAMPO COM A STRING: OCEANICA ENGENHARIA E CONSULTORIA S.A.
20-08-2024 03:12:28.302Z;functions.enter_coligada;  CLICK AVANÇAR NOVAMENTE
20-08-2024 03:12:29.333Z;functions.enter_coligada;  CLICK CONCLUIR
20-08-2024 03:12:49.615Z;functions.waitForImage;  TROCA COLIGADA image not found.
20-08-2024 03:12:57.724Z;functions.enter_coligada;  POP UP COLIGADA DESAPARECER
20-08-2024 03:12:58.521Z;functions.check_movimentacao_bancaria;  CLICK - TOTVS - LINHA RM
20-08-2024 03:12:59.896Z;functions.check_movimentacao_bancaria;  CLICK - BACK OFFICE
20-08-2024 03:13:00.708Z;functions.check_movimentacao_bancaria;  CLICK - GESTAO FINANCEIRA
20-08-2024 03:13:00.708Z;functions.obter_intervalo_data;  VERIFICANDO A HORA ATUAL 3
20-08-2024 03:13:00.721Z;functions.obter_intervalo_data;  Data Inicial FERIAS/RESCISAO antes da remoção: None
20-08-2024 03:13:00.721Z;functions.obter_intervalo_data;  Data Final FERIAS/RESCISAO antes da remoção: None
20-08-2024 03:13:00.725Z;functions.obter_intervalo_data;  Data Inicial FERIAS/RESCISAO após a remoção: None
20-08-2024 03:13:00.725Z;functions.obter_intervalo_data;  Data Final FERIAS/RESCISAO após a remoção: None
20-08-2024 03:13:00.725Z;functions.obter_intervalo_data;  hoje -  2024-08-20 03:13:00.725007
20-08-2024 03:13:00.726Z;functions.check_movimentacao_bancaria;  DATA INICIO 21-08-2024
20-08-2024 03:13:00.726Z;functions.check_movimentacao_bancaria;  DATA FIM 27-08-2024
20-08-2024 03:13:00.726Z;functions.movimentacao_bancaria;  AGUARDANDO 1
20-08-2024 03:13:03.083Z;functions.movimentacao_bancaria;  CLICK NA ABA MOVIMENTAÇÃO BANCARIA
20-08-2024 03:13:05.177Z;functions.waitForImage;  IMAGEM BORDERO image found.
20-08-2024 03:13:07.311Z;functions.movimentacao_bancaria;  IMAGEM BORDERO CLICADA.
20-08-2024 03:13:17.474Z;functions.waitForImage;  LICENCAS EXCEDIDAS image not found.
20-08-2024 03:13:18.115Z;functions.movimentacao_bancaria;  ENCONTROU O FILTRO DA MOVIMENTAÇÃO BANCÁRIA
20-08-2024 03:13:18.146Z;functions.movimentacao_bancaria;  CLICA NA ABA SUPERIOR DO FILTRO
20-08-2024 03:13:22.352Z;functions.movimentacao_bancaria;  SELECIONA O FILTRO HOJE
20-08-2024 03:13:24.755Z;functions.waitForImage;  FILTER CLEAN image found.
20-08-2024 03:13:26.872Z;functions.filter_clean;  CLICK NO BOTÃO X DO LIMPA FILTRO
20-08-2024 03:13:42.271Z;functions.waitForImage;  FILTER CLEAN image not found.
20-08-2024 03:13:57.786Z;functions.waitForImage;  FILTER CLEAN image not found.
20-08-2024 03:14:00.958Z;functions.movimentacao_bancaria;  CLICK NA PRIMEIRA LINHA DA TABELA MOVIMENTAÇÃO BANCÁRIA
20-08-2024 03:14:02.175Z;functions.movimentacao_bancaria;  12 PASSOS PARA DIREITA NA TABELA >>
20-08-2024 03:14:03.789Z;functions.movimentacao_bancaria;  HOVER FILTER
20-08-2024 03:14:04.201Z;functions.movimentacao_bancaria;  CLICK FILTER
20-08-2024 03:14:08.514Z;functions.movimentacao_bancaria;  CLICK NO FILTRO  STATUS DA REMESSA
20-08-2024 03:14:10.615Z;functions.movimentacao_bancaria;  APERTA TAB PARA ESCREVER O FILTRO
20-08-2024 03:14:12.721Z;functions.movimentacao_bancaria;  ESCREVE PENDENTE NO FILTRO
20-08-2024 03:14:14.823Z;functions.movimentacao_bancaria;  APERTA ENTER PARA SELECIONAR OS PENDENTES
20-08-2024 03:14:34.146Z;functions.movimentacao_bancaria;  SEM PROCESSAMENTO DE BORDERO PENDENTE.
20-08-2024 03:14:39.240Z;functions.waitForImage;  FILTER CLEAN image found.
20-08-2024 03:14:41.372Z;functions.filter_clean;  CLICK NO BOTÃO X DO LIMPA FILTRO
20-08-2024 03:14:56.412Z;functions.waitForImage;  FILTER CLEAN image not found.
20-08-2024 03:15:11.521Z;functions.waitForImage;  FILTER CLEAN image not found.
20-08-2024 03:15:12.802Z;functions.remessa_pagamento;  CLICK NA PRIMEIRA LINHA DA TABELA MOVIMENTAÇÃO BANCÁRIA
20-08-2024 03:15:14.396Z;functions.remessa_pagamento;  HOVER FILTER
20-08-2024 03:15:14.795Z;functions.remessa_pagamento;  CLICK FILTER
20-08-2024 03:15:19.124Z;functions.remessa_pagamento;  CLICK NO FILTRO  STATUS DA REMESSA
20-08-2024 03:15:21.227Z;functions.remessa_pagamento;  APERTA TAB PARA ESCREVER O FILTRO
20-08-2024 03:15:23.334Z;functions.remessa_pagamento;  ESCREVE AUTORIZADO NO FILTRO
20-08-2024 03:15:25.436Z;functions.remessa_pagamento;  APERTA ENTER PARA SELECIONAR OS AUTORIZADO
20-08-2024 03:15:44.771Z;functions.remessa_pagamento;  SEM REMESSA DE BORDERO AUTORIZADO
20-08-2024 03:15:45.583Z;functions.enter_contas_a_pagar;  CLICK - TOTVS - LINHA RM
20-08-2024 03:15:46.396Z;functions.enter_contas_a_pagar;  CLICK - BACK OFFICE
20-08-2024 03:15:47.240Z;functions.enter_contas_a_pagar;  CLICK - GESTAO FINANCEIRA
20-08-2024 03:15:54.302Z;functions.enter_contas_a_pagar;  CLICK - CONTAS A PAGAR
20-08-2024 03:15:54.380Z;functions.waitForImage;  LANÇAMENTOS image found.
20-08-2024 03:15:56.498Z;functions.enter_contas_a_pagar;  CLICA EM LANÇAMENTOS
20-08-2024 03:16:11.662Z;functions.waitForImage;  LICENCAS EXCEDIDAS image not found.
20-08-2024 03:16:11.662Z;functions.data_filter;  CLICK - SELECIONA A DATA DE QUARTA FEIRA E DA PROXIMA TERÇA
20-08-2024 03:16:11.677Z;functions.data_filter;  QUARTA-FEIRA: 21-08-2024
20-08-2024 03:16:11.677Z;functions.data_filter;  TERCA-FEIRA: 27-08-2024
20-08-2024 03:16:31.662Z;functions.data_filter;  FILTRO - REMESSA FERIAS/RESCISAO
20-08-2024 03:16:32.459Z;functions.data_filter;  CLICK - BUTÃO DE SELECAO DE FILTRO
20-08-2024 03:16:36.599Z;functions.data_filter;  INSERE - DATA DE QUARTA-FEIRA: 21-08-2024
20-08-2024 03:16:40.474Z;functions.data_filter;  INSERE - DATA DA PROX TERCA-FEIRA: 27-08-2024
20-08-2024 03:16:41.365Z;functions.data_filter;  CLICK - BUTÃO DE EXECUTAR O FILTRO
20-08-2024 03:16:46.367Z;functions.desmark_filter;  AGUARDANDO 1
20-08-2024 03:16:47.740Z;functions.desmark_filter;  CLICK CHECKBOX LANÇAMENTOS A RECEBER
20-08-2024 03:16:49.206Z;functions.desmark_filter;  CLICK CHECKBOX LANÇAMENTOS BAIXADOS
20-08-2024 03:16:50.771Z;functions.desmark_filter;  CLICK CHECKBOX LANÇAMENTOS CANCELADOS
20-08-2024 03:16:52.333Z;functions.desmark_filter;  CLICK CHECKBOX LANÇAMENTOS FATURADOS
20-08-2024 03:16:53.896Z;functions.desmark_filter;  ATUALIZA O FILTRO
20-08-2024 03:16:53.974Z;functions.waitForImage;  FILTER CLEAN image found.
20-08-2024 03:16:56.087Z;functions.filter_clean;  CLICK NO BOTÃO X DO LIMPA FILTRO
20-08-2024 03:17:11.536Z;functions.waitForImage;  FILTER CLEAN image not found.
20-08-2024 03:17:26.990Z;functions.waitForImage;  FILTER CLEAN image not found.
20-08-2024 03:17:28.912Z;functions.tabela_vazia;  Texto extraido 0/0
20-08-2024 03:17:28.912Z;functions.tabela_vazia;  Count 0
20-08-2024 03:17:28.912Z;functions.tabela_vazia;  Type <class 'int'>
20-08-2024 03:17:30.916Z;functions.tabela_vazia;  SEM REMESSA DE FÉRIAS/RESCISÃO
20-08-2024 03:17:32.916Z;main.<module>;  SEM REMESSA DE FÉRIAS/RESCISÃO
20-08-2024 03:17:35.208Z;errorhandler.__handle;  Property: Unknown Property name. [1:203: -ms-interpolation-mode]
20-08-2024 03:17:35.208Z;errorhandler.__handle;  Property: Unknown Property name. [1:353: -webkit-font-smoothing]
20-08-2024 03:17:35.208Z;errorhandler.__handle;  Property: Unknown Property name. [1:483: -ms-text-size-adjust]
20-08-2024 03:17:35.208Z;errorhandler.__handle;  Property: Unknown Property name. [1:518: -webkit-text-size-adjust]
20-08-2024 03:17:35.208Z;errorhandler.__handle;  Property: Unknown Property name. [1:612: mso-table-lspace]
20-08-2024 03:17:35.208Z;errorhandler.__handle;  Property: Unknown Property name. [1:642: mso-table-rspace]
20-08-2024 03:17:35.255Z;errorhandler.__handle;  Property: Unknown Property name. [1:4734: mso-hide]
20-08-2024 03:17:35.286Z;errorhandler.__handle;  Property: Unknown Property name. [1:13: -ms-interpolation-mode]
20-08-2024 03:17:35.286Z;errorhandler.__handle;  Property: Unknown Property name. [1:49: -webkit-font-smoothing]
20-08-2024 03:17:35.286Z;errorhandler.__handle;  Property: Unknown Property name. [1:134: -ms-text-size-adjust]
20-08-2024 03:17:35.286Z;errorhandler.__handle;  Property: Unknown Property name. [1:160: -webkit-text-size-adjust]
20-08-2024 03:17:35.286Z;errorhandler.__handle;  Property: Unknown Property name. [1:26: mso-table-lspace]
20-08-2024 03:17:35.286Z;errorhandler.__handle;  Property: Unknown Property name. [1:45: mso-table-rspace]
20-08-2024 03:17:35.302Z;errorhandler.__handle;  Property: Unknown Property name. [1:92: mso-hide]
20-08-2024 03:17:35.302Z;errorhandler.__handle;  Property: No ":" after name found: align-center [1:1: align-center]
20-08-2024 03:17:35.302Z;errorhandler.__handle;  Property: No property value found: align-center [1:1: align-center]
20-08-2024 03:17:35.302Z;errorhandler.__handle;  CSSStyleDeclaration: Syntax Error in Property: align-center
20-08-2024 03:17:35.302Z;errorhandler.__handle;  Property: Unknown Property name. [1:14: -ms-interpolation-mode]
20-08-2024 03:17:37.802Z;functions.emailFinalizado;  Finalizado e-mail sent.
20-08-2024 03:17:37.958Z;functions.encerra_prog;  RM ENCERRADO
