20-08-2024 19:10:14.857Z;functions.bot_text_art;      ____   
20-08-2024 19:10:14.857Z;functions.bot_text_art;     [____]    
20-08-2024 19:10:14.857Z;functions.bot_text_art;   |=]()()[=|  
20-08-2024 19:10:14.857Z;functions.bot_text_art;     _\==/__    _____    ____     _        _____    ___   _  __
20-08-2024 19:10:14.857Z;functions.bot_text_art;   |__|   |_|  |  _  \  / ___|   | |      |_   _| / ___| | |/ /
20-08-2024 19:10:14.857Z;functions.bot_text_art;   |_|_/\_|_|  | |  | | | |      | |        | |   | |    | ' / 
20-08-2024 19:10:14.857Z;functions.bot_text_art;   | | __ | |  | |  | | | |      | |        | |   | |    |  <  
20-08-2024 19:10:14.857Z;functions.bot_text_art;   |_|[  ]|_|  | |__| | | |____  | |____   _| |_  | |__  | . \ 
20-08-2024 19:10:14.857Z;functions.bot_text_art;   \_|_||_|_/  |_____/   \_____| |______| |_____| \ ___| |_|\_\
20-08-2024 19:10:14.857Z;functions.bot_text_art;     |_||_|                                                     
20-08-2024 19:10:14.857Z;functions.bot_text_art;     | ||_|_   
20-08-2024 19:10:14.857Z;functions.bot_text_art;   |___||___|  
20-08-2024 19:10:14.857Z;functions.bot_text_art;               
20-08-2024 19:10:14.857Z;functions.open_RM;  OPEN PROGRAM RM
20-08-2024 19:10:35.779Z;functions.loggin_RM;  ENTRAR USER_NAME
20-08-2024 19:10:39.000Z;functions.loggin_RM;  ENTRAR PASSWORD
20-08-2024 19:10:40.107Z;functions.loggin_RM;  ENTRAR RM
20-08-2024 19:14:01.981Z;functions.enter_coligada;  AGUARDANDO 1
20-08-2024 19:14:02.857Z;functions.enter_coligada;  CLICK CONTEXTO
20-08-2024 19:14:04.669Z;functions.enter_coligada;  CLICK ALTERAR MODULO DO CONTEXTO
20-08-2024 19:14:07.310Z;functions.enter_coligada;  INSERE O COLIGADA CODE = 1
20-08-2024 19:14:07.411Z;functions.enter_coligada;  APERTA TAB PARA PREENCHER O CAMPO COM A STRING: OCEANICA ENGENHARIA E CONSULTORIA S.A.
20-08-2024 19:14:09.294Z;functions.enter_coligada;  CLICK AVANÇAR NOVAMENTE
20-08-2024 19:14:10.356Z;functions.enter_coligada;  CLICK CONCLUIR
20-08-2024 19:14:12.810Z;functions.waitForImage;  TROCA COLIGADA image found.
20-08-2024 19:14:12.810Z;functions.enter_coligada;  TROCA COLIGADA
20-08-2024 19:14:27.716Z;functions.enter_coligada;  POP UP COLIGADA DESAPARECER
20-08-2024 19:14:28.512Z;functions.check_movimentacao_bancaria;  CLICK - TOTVS - LINHA RM
20-08-2024 19:14:29.856Z;functions.check_movimentacao_bancaria;  CLICK - BACK OFFICE
20-08-2024 19:14:32.325Z;functions.check_movimentacao_bancaria;  CLICK - GESTAO FINANCEIRA
20-08-2024 19:14:32.325Z;functions.obter_intervalo_data;  VERIFICANDO A HORA ATUAL 19
20-08-2024 19:14:32.331Z;functions.obter_intervalo_data;  Data Inicial FERIAS/RESCISAO antes da remoção: None
20-08-2024 19:14:32.331Z;functions.obter_intervalo_data;  Data Final FERIAS/RESCISAO antes da remoção: None
20-08-2024 19:14:32.335Z;functions.obter_intervalo_data;  Data Inicial FERIAS/RESCISAO após a remoção: None
20-08-2024 19:14:32.335Z;functions.obter_intervalo_data;  Data Final FERIAS/RESCISAO após a remoção: None
20-08-2024 19:14:32.335Z;functions.obter_intervalo_data;  hoje -  2024-08-20 19:14:32.335693
20-08-2024 19:14:32.335Z;functions.check_movimentacao_bancaria;  DATA INICIO 28-08-2024
20-08-2024 19:14:32.335Z;functions.check_movimentacao_bancaria;  DATA FIM 03-09-2024
20-08-2024 19:14:32.335Z;functions.movimentacao_bancaria;  AGUARDANDO 1
20-08-2024 19:14:34.606Z;functions.movimentacao_bancaria;  CLICK NA ABA MOVIMENTAÇÃO BANCARIA
20-08-2024 19:14:36.700Z;functions.waitForImage;  IMAGEM BORDERO image found.
20-08-2024 19:14:38.833Z;functions.movimentacao_bancaria;  IMAGEM BORDERO CLICADA.
20-08-2024 19:14:48.981Z;functions.waitForImage;  LICENCAS EXCEDIDAS image not found.
20-08-2024 19:14:49.606Z;functions.movimentacao_bancaria;  ENCONTROU O FILTRO DA MOVIMENTAÇÃO BANCÁRIA
20-08-2024 19:14:49.669Z;functions.movimentacao_bancaria;  CLICA NA ABA SUPERIOR DO FILTRO
20-08-2024 19:14:53.876Z;functions.movimentacao_bancaria;  SELECIONA O FILTRO HOJE
20-08-2024 19:14:56.278Z;functions.waitForImage;  FILTER CLEAN image found.
20-08-2024 19:14:58.395Z;functions.filter_clean;  CLICK NO BOTÃO X DO LIMPA FILTRO
20-08-2024 19:15:13.731Z;functions.waitForImage;  FILTER CLEAN image not found.
20-08-2024 19:15:28.981Z;functions.waitForImage;  FILTER CLEAN image not found.
20-08-2024 19:15:32.137Z;functions.movimentacao_bancaria;  CLICK NA PRIMEIRA LINHA DA TABELA MOVIMENTAÇÃO BANCÁRIA
20-08-2024 19:15:33.377Z;functions.movimentacao_bancaria;  12 PASSOS PARA DIREITA NA TABELA >>
20-08-2024 19:15:35.059Z;functions.movimentacao_bancaria;  HOVER FILTER
20-08-2024 19:15:35.465Z;functions.movimentacao_bancaria;  CLICK FILTER
20-08-2024 19:15:39.776Z;functions.movimentacao_bancaria;  CLICK NO FILTRO  STATUS DA REMESSA
20-08-2024 19:15:41.878Z;functions.movimentacao_bancaria;  APERTA TAB PARA ESCREVER O FILTRO
20-08-2024 19:15:43.985Z;functions.movimentacao_bancaria;  ESCREVE PENDENTE NO FILTRO
20-08-2024 19:15:46.086Z;functions.movimentacao_bancaria;  APERTA ENTER PARA SELECIONAR OS PENDENTES
20-08-2024 19:16:05.372Z;functions.movimentacao_bancaria;  SEM PROCESSAMENTO DE BORDERO PENDENTE.
20-08-2024 19:16:10.434Z;functions.waitForImage;  FILTER CLEAN image found.
20-08-2024 19:16:12.551Z;functions.filter_clean;  CLICK NO BOTÃO X DO LIMPA FILTRO
20-08-2024 19:16:27.762Z;functions.waitForImage;  FILTER CLEAN image not found.
20-08-2024 19:16:42.809Z;functions.waitForImage;  FILTER CLEAN image not found.
20-08-2024 19:16:43.981Z;functions.remessa_pagamento;  CLICK NA PRIMEIRA LINHA DA TABELA MOVIMENTAÇÃO BANCÁRIA
20-08-2024 19:16:45.559Z;functions.remessa_pagamento;  HOVER FILTER
20-08-2024 19:16:45.967Z;functions.remessa_pagamento;  CLICK FILTER
20-08-2024 19:16:50.282Z;functions.remessa_pagamento;  CLICK NO FILTRO  STATUS DA REMESSA
20-08-2024 19:16:52.384Z;functions.remessa_pagamento;  APERTA TAB PARA ESCREVER O FILTRO
20-08-2024 19:16:54.491Z;functions.remessa_pagamento;  ESCREVE AUTORIZADO NO FILTRO
20-08-2024 19:16:56.593Z;functions.remessa_pagamento;  APERTA ENTER PARA SELECIONAR OS AUTORIZADO
20-08-2024 19:17:15.956Z;functions.remessa_pagamento;  SEM REMESSA DE BORDERO AUTORIZADO
20-08-2024 19:17:16.763Z;functions.enter_contas_a_pagar;  CLICK - TOTVS - LINHA RM
20-08-2024 19:17:18.012Z;functions.enter_contas_a_pagar;  CLICK - BACK OFFICE
20-08-2024 19:17:18.794Z;functions.enter_contas_a_pagar;  CLICK - GESTAO FINANCEIRA
20-08-2024 19:17:25.887Z;functions.enter_contas_a_pagar;  CLICK - CONTAS A PAGAR
20-08-2024 19:17:25.981Z;functions.waitForImage;  LANÇAMENTOS image found.
20-08-2024 19:17:28.114Z;functions.enter_contas_a_pagar;  CLICA EM LANÇAMENTOS
20-08-2024 19:17:43.309Z;functions.waitForImage;  LICENCAS EXCEDIDAS image not found.
20-08-2024 19:17:43.309Z;functions.data_filter;  CLICK - SELECIONA A DATA DE QUARTA FEIRA E DA PROXIMA TERÇA
20-08-2024 19:17:43.309Z;functions.data_filter;  QUARTA-FEIRA: 28-08-2024
20-08-2024 19:17:43.309Z;functions.data_filter;  TERCA-FEIRA: 03-09-2024
20-08-2024 19:18:03.311Z;functions.data_filter;  FILTRO - REMESSA FERIAS/RESCISAO
20-08-2024 19:18:04.106Z;functions.data_filter;  CLICK - BUTÃO DE SELECAO DE FILTRO
20-08-2024 19:18:08.278Z;functions.data_filter;  INSERE - DATA DE QUARTA-FEIRA: 28-08-2024
20-08-2024 19:18:12.168Z;functions.data_filter;  INSERE - DATA DA PROX TERCA-FEIRA: 03-09-2024
20-08-2024 19:18:13.043Z;functions.data_filter;  CLICK - BUTÃO DE EXECUTAR O FILTRO
20-08-2024 19:18:18.045Z;functions.desmark_filter;  AGUARDANDO 1
20-08-2024 19:18:19.575Z;functions.desmark_filter;  CLICK CHECKBOX LANÇAMENTOS A RECEBER
20-08-2024 19:18:20.762Z;functions.desmark_filter;  CLICK CHECKBOX LANÇAMENTOS BAIXADOS
20-08-2024 19:18:22.223Z;functions.desmark_filter;  CLICK CHECKBOX LANÇAMENTOS CANCELADOS
20-08-2024 19:18:23.762Z;functions.desmark_filter;  CLICK CHECKBOX LANÇAMENTOS FATURADOS
20-08-2024 19:18:25.323Z;functions.desmark_filter;  ATUALIZA O FILTRO
20-08-2024 19:18:25.403Z;functions.waitForImage;  FILTER CLEAN image found.
20-08-2024 19:18:27.518Z;functions.filter_clean;  CLICK NO BOTÃO X DO LIMPA FILTRO
20-08-2024 19:18:43.028Z;functions.waitForImage;  FILTER CLEAN image not found.
20-08-2024 19:18:58.028Z;functions.waitForImage;  FILTER CLEAN image not found.
20-08-2024 19:18:59.809Z;functions.tabela_vazia;  Texto extraido 0/0
20-08-2024 19:18:59.809Z;functions.tabela_vazia;  Count 0
20-08-2024 19:18:59.809Z;functions.tabela_vazia;  Type <class 'int'>
20-08-2024 19:19:01.817Z;functions.tabela_vazia;  SEM REMESSA DE FÉRIAS/RESCISÃO
20-08-2024 19:19:03.818Z;main.<module>;  SEM REMESSA DE FÉRIAS/RESCISÃO
20-08-2024 19:19:05.396Z;errorhandler.__handle;  Property: Unknown Property name. [1:203: -ms-interpolation-mode]
20-08-2024 19:19:05.396Z;errorhandler.__handle;  Property: Unknown Property name. [1:353: -webkit-font-smoothing]
20-08-2024 19:19:05.396Z;errorhandler.__handle;  Property: Unknown Property name. [1:483: -ms-text-size-adjust]
20-08-2024 19:19:05.396Z;errorhandler.__handle;  Property: Unknown Property name. [1:518: -webkit-text-size-adjust]
20-08-2024 19:19:05.396Z;errorhandler.__handle;  Property: Unknown Property name. [1:612: mso-table-lspace]
20-08-2024 19:19:05.396Z;errorhandler.__handle;  Property: Unknown Property name. [1:642: mso-table-rspace]
20-08-2024 19:19:05.443Z;errorhandler.__handle;  Property: Unknown Property name. [1:4734: mso-hide]
20-08-2024 19:19:05.474Z;errorhandler.__handle;  Property: Unknown Property name. [1:13: -ms-interpolation-mode]
20-08-2024 19:19:05.474Z;errorhandler.__handle;  Property: Unknown Property name. [1:49: -webkit-font-smoothing]
20-08-2024 19:19:05.474Z;errorhandler.__handle;  Property: Unknown Property name. [1:134: -ms-text-size-adjust]
20-08-2024 19:19:05.474Z;errorhandler.__handle;  Property: Unknown Property name. [1:160: -webkit-text-size-adjust]
20-08-2024 19:19:05.474Z;errorhandler.__handle;  Property: Unknown Property name. [1:26: mso-table-lspace]
20-08-2024 19:19:05.474Z;errorhandler.__handle;  Property: Unknown Property name. [1:45: mso-table-rspace]
20-08-2024 19:19:05.490Z;errorhandler.__handle;  Property: Unknown Property name. [1:92: mso-hide]
20-08-2024 19:19:05.490Z;errorhandler.__handle;  Property: No ":" after name found: align-center [1:1: align-center]
20-08-2024 19:19:05.490Z;errorhandler.__handle;  Property: No property value found: align-center [1:1: align-center]
20-08-2024 19:19:05.490Z;errorhandler.__handle;  CSSStyleDeclaration: Syntax Error in Property: align-center
20-08-2024 19:19:05.490Z;errorhandler.__handle;  Property: Unknown Property name. [1:14: -ms-interpolation-mode]
20-08-2024 19:19:07.990Z;functions.emailFinalizado;  Finalizado e-mail sent.
20-08-2024 19:19:08.151Z;functions.encerra_prog;  RM ENCERRADO
