17-07-2024 03:20:44.941Z;functions.bot_text_art;      ____   
17-07-2024 03:20:44.941Z;functions.bot_text_art;     [____]    
17-07-2024 03:20:44.941Z;functions.bot_text_art;   |=]()()[=|  
17-07-2024 03:20:44.941Z;functions.bot_text_art;     _\==/__    _____    ____     _        _____    ___   _  __
17-07-2024 03:20:44.941Z;functions.bot_text_art;   |__|   |_|  |  _  \  / ___|   | |      |_   _| / ___| | |/ /
17-07-2024 03:20:44.941Z;functions.bot_text_art;   |_|_/\_|_|  | |  | | | |      | |        | |   | |    | ' / 
17-07-2024 03:20:44.941Z;functions.bot_text_art;   | | __ | |  | |  | | | |      | |        | |   | |    |  <  
17-07-2024 03:20:44.941Z;functions.bot_text_art;   |_|[  ]|_|  | |__| | | |____  | |____   _| |_  | |__  | . \ 
17-07-2024 03:20:44.941Z;functions.bot_text_art;   \_|_||_|_/  |_____/   \_____| |______| |_____| \ ___| |_|\_\
17-07-2024 03:20:44.941Z;functions.bot_text_art;     |_||_|                                                     
17-07-2024 03:20:44.941Z;functions.bot_text_art;     | ||_|_   
17-07-2024 03:20:44.941Z;functions.bot_text_art;   |___||___|  
17-07-2024 03:20:44.941Z;functions.bot_text_art;               
17-07-2024 03:20:44.965Z;functions.open_RM;  OPEN PROGRAM RM
17-07-2024 03:21:08.487Z;functions.loggin_RM;  ENTRAR USER_NAME
17-07-2024 03:21:12.129Z;functions.loggin_RM;  ENTRAR PASSWORD
17-07-2024 03:21:13.591Z;functions.loggin_RM;  ENTRAR RM
17-07-2024 03:24:41.065Z;functions.enter_coligada;  AGUARDANDO 1
17-07-2024 03:24:42.222Z;functions.enter_coligada;  CLICK CONTEXTO
17-07-2024 03:24:45.284Z;functions.enter_coligada;  CLICK ALTERAR MODULO DO CONTEXTO
17-07-2024 03:24:49.677Z;functions.enter_coligada;  INSERE O COLIGADA CODE = 1
17-07-2024 03:24:49.782Z;functions.enter_coligada;  APERTA TAB PARA PREENCHER O CAMPO COM A STRING: OCEANICA ENGENHARIA E CONSULTORIA S.A.
17-07-2024 03:24:52.034Z;functions.enter_coligada;  CLICK AVANÇAR NOVAMENTE
17-07-2024 03:24:53.346Z;functions.enter_coligada;  CLICK CONCLUIR
17-07-2024 03:25:13.425Z;functions.waitForImage;  TROCA COLIGADA image not found.
17-07-2024 03:25:30.351Z;functions.enter_coligada;  POP UP COLIGADA DESAPARECER
17-07-2024 03:25:31.347Z;functions.check_movimentacao_bancaria;  CLICK - TOTVS - LINHA RM
17-07-2024 03:25:33.503Z;functions.check_movimentacao_bancaria;  CLICK - BACK OFFICE
17-07-2024 03:25:36.252Z;functions.check_movimentacao_bancaria;  CLICK - GESTAO FINANCEIRA
17-07-2024 03:25:36.252Z;functions.obter_intervalo_data;  VERIFICANDO A HORA ATUAL 3
17-07-2024 03:25:36.279Z;functions.obter_intervalo_data;  Data Inicial FERIAS/RESCISAO antes da remoção: None
17-07-2024 03:25:36.280Z;functions.obter_intervalo_data;  Data Final FERIAS/RESCISAO antes da remoção: None
17-07-2024 03:25:36.284Z;functions.obter_intervalo_data;  Data Inicial FERIAS/RESCISAO após a remoção: None
17-07-2024 03:25:36.284Z;functions.obter_intervalo_data;  Data Final FERIAS/RESCISAO após a remoção: None
17-07-2024 03:25:36.284Z;functions.obter_intervalo_data;  hoje -  2024-07-17 03:25:36.284491
17-07-2024 03:25:36.284Z;functions.check_movimentacao_bancaria;  DATA INICIO 24-07-2024
17-07-2024 03:25:36.284Z;functions.check_movimentacao_bancaria;  DATA FIM 30-07-2024
17-07-2024 03:25:36.284Z;functions.movimentacao_bancaria;  AGUARDANDO 1
17-07-2024 03:25:41.877Z;functions.movimentacao_bancaria;  CLICK NA ABA MOVIMENTAÇÃO BANCARIA
17-07-2024 03:25:44.081Z;functions.waitForImage;  IMAGEM BORDERO image found.
17-07-2024 03:25:46.198Z;functions.movimentacao_bancaria;  IMAGEM BORDERO CLICADA.
17-07-2024 03:25:56.620Z;functions.waitForImage;  LICENCAS EXCEDIDAS image not found.
17-07-2024 03:25:57.346Z;functions.movimentacao_bancaria;  ENCONTROU O FILTRO DA MOVIMENTAÇÃO BANCÁRIA
17-07-2024 03:25:57.409Z;functions.movimentacao_bancaria;  CLICA NA ABA SUPERIOR DO FILTRO
17-07-2024 03:26:01.620Z;functions.movimentacao_bancaria;  SELECIONA O FILTRO HOJE
17-07-2024 03:26:09.768Z;functions.waitForImage;  FILTER CLEAN image found.
17-07-2024 03:26:11.885Z;functions.filter_clean;  CLICK NO BOTÃO X DO LIMPA FILTRO
17-07-2024 03:26:12.065Z;functions.waitForImage;  FILTER CLEAN image found.
17-07-2024 03:26:14.198Z;functions.filter_clean;  CLICK NO BOTÃO X DO LIMPA FILTRO
17-07-2024 03:26:29.487Z;functions.waitForImage;  FILTER CLEAN image not found.
17-07-2024 03:26:33.221Z;functions.movimentacao_bancaria;  CLICK NA PRIMEIRA LINHA DA TABELA MOVIMENTAÇÃO BANCÁRIA
17-07-2024 03:26:34.446Z;functions.movimentacao_bancaria;  12 PASSOS PARA DIREITA NA TABELA >>
17-07-2024 03:26:36.661Z;functions.movimentacao_bancaria;  HOVER FILTER
17-07-2024 03:26:37.221Z;functions.movimentacao_bancaria;  CLICK FILTER
17-07-2024 03:26:41.546Z;functions.movimentacao_bancaria;  CLICK NO FILTRO  STATUS DA REMESSA
17-07-2024 03:26:43.651Z;functions.movimentacao_bancaria;  APERTA TAB PARA ESCREVER O FILTRO
17-07-2024 03:26:45.764Z;functions.movimentacao_bancaria;  ESCREVE PENDENTE NO FILTRO
17-07-2024 03:26:47.868Z;functions.movimentacao_bancaria;  APERTA ENTER PARA SELECIONAR OS PENDENTES
17-07-2024 03:27:05.400Z;functions.movimentacao_bancaria;  SEM PROCESSAMENTO DE BORDERO PENDENTE.
17-07-2024 03:27:10.550Z;functions.waitForImage;  FILTER CLEAN image found.
17-07-2024 03:27:12.698Z;functions.filter_clean;  CLICK NO BOTÃO X DO LIMPA FILTRO
17-07-2024 03:27:27.971Z;functions.waitForImage;  FILTER CLEAN image not found.
17-07-2024 03:27:43.237Z;functions.waitForImage;  FILTER CLEAN image not found.
17-07-2024 03:27:45.034Z;functions.remessa_pagamento;  CLICK NA PRIMEIRA LINHA DA TABELA MOVIMENTAÇÃO BANCÁRIA
17-07-2024 03:27:47.190Z;functions.remessa_pagamento;  HOVER FILTER
17-07-2024 03:27:47.741Z;functions.remessa_pagamento;  CLICK FILTER
17-07-2024 03:27:52.074Z;functions.remessa_pagamento;  CLICK NO FILTRO  STATUS DA REMESSA
17-07-2024 03:27:54.177Z;functions.remessa_pagamento;  APERTA TAB PARA ESCREVER O FILTRO
17-07-2024 03:27:56.294Z;functions.remessa_pagamento;  ESCREVE AUTORIZADO NO FILTRO
17-07-2024 03:27:58.397Z;functions.remessa_pagamento;  APERTA ENTER PARA SELECIONAR OS AUTORIZADO
17-07-2024 03:28:19.018Z;functions.remessa_pagamento;  SEM REMESSA DE BORDERO AUTORIZADO
17-07-2024 03:28:20.315Z;functions.enter_contas_a_pagar;  CLICK - TOTVS - LINHA RM
17-07-2024 03:28:22.190Z;functions.enter_contas_a_pagar;  CLICK - BACK OFFICE
17-07-2024 03:28:24.940Z;functions.enter_contas_a_pagar;  CLICK - GESTAO FINANCEIRA
17-07-2024 03:28:30.627Z;functions.enter_contas_a_pagar;  CLICK - CONTAS A PAGAR
17-07-2024 03:28:31.498Z;functions.waitForImage;  LANÇAMENTOS image found.
17-07-2024 03:28:33.604Z;functions.enter_contas_a_pagar;  CLICA EM LANÇAMENTOS
17-07-2024 03:28:49.065Z;functions.waitForImage;  LICENCAS EXCEDIDAS image not found.
17-07-2024 03:28:49.065Z;functions.data_filter;  CLICK - SELECIONA A DATA DE QUARTA FEIRA E DA PROXIMA TERÇA
17-07-2024 03:28:49.065Z;functions.data_filter;  QUARTA-FEIRA: 24-07-2024
17-07-2024 03:28:49.065Z;functions.data_filter;  TERCA-FEIRA: 30-07-2024
17-07-2024 03:29:09.395Z;functions.data_filter;  FILTRO - REMESSA FERIAS/RESCISAO
17-07-2024 03:29:10.378Z;functions.data_filter;  CLICK - BUTÃO DE SELECAO DE FILTRO
17-07-2024 03:29:15.143Z;functions.data_filter;  INSERE - DATA DE QUARTA-FEIRA: 24-07-2024
17-07-2024 03:29:19.518Z;functions.data_filter;  INSERE - DATA DA PROX TERCA-FEIRA: 30-07-2024
17-07-2024 03:29:20.659Z;functions.data_filter;  CLICK - BUTÃO DE EXECUTAR O FILTRO
17-07-2024 03:29:25.663Z;functions.desmark_filter;  AGUARDANDO 1
17-07-2024 03:29:27.846Z;functions.desmark_filter;  CLICK CHECKBOX LANÇAMENTOS A RECEBER
17-07-2024 03:29:30.190Z;functions.desmark_filter;  CLICK CHECKBOX LANÇAMENTOS BAIXADOS
17-07-2024 03:29:32.690Z;functions.desmark_filter;  CLICK CHECKBOX LANÇAMENTOS CANCELADOS
17-07-2024 03:29:35.405Z;functions.desmark_filter;  CLICK CHECKBOX LANÇAMENTOS FATURADOS
17-07-2024 03:29:37.940Z;functions.desmark_filter;  ATUALIZA O FILTRO
17-07-2024 03:29:38.127Z;functions.waitForImage;  FILTER CLEAN image found.
17-07-2024 03:29:40.236Z;functions.filter_clean;  CLICK NO BOTÃO X DO LIMPA FILTRO
17-07-2024 03:29:55.424Z;functions.waitForImage;  FILTER CLEAN image not found.
17-07-2024 03:30:10.721Z;functions.waitForImage;  FILTER CLEAN image not found.
17-07-2024 03:30:13.831Z;functions.tabela_vazia;  Texto extraido 0/0
17-07-2024 03:30:13.831Z;functions.tabela_vazia;  Count 0
17-07-2024 03:30:13.831Z;functions.tabela_vazia;  Type <class 'int'>
17-07-2024 03:30:15.835Z;functions.tabela_vazia;  SEM REMESSA DE FÉRIAS/RESCISÃO
17-07-2024 03:30:17.836Z;main.<module>;  SEM REMESSA DE FÉRIAS/RESCISÃO
17-07-2024 03:30:22.002Z;errorhandler.__handle;  Property: Unknown Property name. [1:203: -ms-interpolation-mode]
17-07-2024 03:30:22.018Z;errorhandler.__handle;  Property: Unknown Property name. [1:353: -webkit-font-smoothing]
17-07-2024 03:30:22.018Z;errorhandler.__handle;  Property: Unknown Property name. [1:483: -ms-text-size-adjust]
17-07-2024 03:30:22.018Z;errorhandler.__handle;  Property: Unknown Property name. [1:518: -webkit-text-size-adjust]
17-07-2024 03:30:22.018Z;errorhandler.__handle;  Property: Unknown Property name. [1:612: mso-table-lspace]
17-07-2024 03:30:22.018Z;errorhandler.__handle;  Property: Unknown Property name. [1:642: mso-table-rspace]
17-07-2024 03:30:22.143Z;errorhandler.__handle;  Property: Unknown Property name. [1:4734: mso-hide]
17-07-2024 03:30:22.190Z;errorhandler.__handle;  Property: Unknown Property name. [1:13: -ms-interpolation-mode]
17-07-2024 03:30:22.190Z;errorhandler.__handle;  Property: Unknown Property name. [1:49: -webkit-font-smoothing]
17-07-2024 03:30:22.205Z;errorhandler.__handle;  Property: Unknown Property name. [1:134: -ms-text-size-adjust]
17-07-2024 03:30:22.205Z;errorhandler.__handle;  Property: Unknown Property name. [1:160: -webkit-text-size-adjust]
17-07-2024 03:30:22.205Z;errorhandler.__handle;  Property: Unknown Property name. [1:26: mso-table-lspace]
17-07-2024 03:30:22.205Z;errorhandler.__handle;  Property: Unknown Property name. [1:45: mso-table-rspace]
17-07-2024 03:30:22.221Z;errorhandler.__handle;  Property: Unknown Property name. [1:92: mso-hide]
17-07-2024 03:30:22.221Z;errorhandler.__handle;  Property: No ":" after name found: align-center [1:1: align-center]
17-07-2024 03:30:22.221Z;errorhandler.__handle;  Property: No property value found: align-center [1:1: align-center]
17-07-2024 03:30:22.221Z;errorhandler.__handle;  CSSStyleDeclaration: Syntax Error in Property: align-center
17-07-2024 03:30:22.236Z;errorhandler.__handle;  Property: Unknown Property name. [1:14: -ms-interpolation-mode]
17-07-2024 03:30:24.690Z;functions.emailFinalizado;  Finalizado e-mail sent.
17-07-2024 03:30:25.174Z;functions.encerra_prog;  RM ENCERRADO
