15-01-2024 17:13:44.692Z;functions.bot_text_art;      ____   
15-01-2024 17:13:44.692Z;functions.bot_text_art;     [____]    
15-01-2024 17:13:44.692Z;functions.bot_text_art;   |=]()()[=|  
15-01-2024 17:13:44.692Z;functions.bot_text_art;     _\==/__    _____    ____     _        _____    ___   _  __
15-01-2024 17:13:44.692Z;functions.bot_text_art;   |__|   |_|  |  _  \  / ___|   | |      |_   _| / ___| | |/ /
15-01-2024 17:13:44.692Z;functions.bot_text_art;   |_|_/\_|_|  | |  | | | |      | |        | |   | |    | ' / 
15-01-2024 17:13:44.692Z;functions.bot_text_art;   | | __ | |  | |  | | | |      | |        | |   | |    |  <  
15-01-2024 17:13:44.692Z;functions.bot_text_art;   |_|[  ]|_|  | |__| | | |____  | |____   _| |_  | |__  | . \ 
15-01-2024 17:13:44.692Z;functions.bot_text_art;   \_|_||_|_/  |_____/   \_____| |______| |_____| \ ___| |_|\_\
15-01-2024 17:13:44.692Z;functions.bot_text_art;     |_||_|                                                     
15-01-2024 17:13:44.692Z;functions.bot_text_art;     | ||_|_   
15-01-2024 17:13:44.692Z;functions.bot_text_art;   |___||___|  
15-01-2024 17:13:44.692Z;functions.bot_text_art;               
15-01-2024 17:13:44.707Z;functions.open_RM;  OPEN PROGRAM RM
15-01-2024 17:13:51.614Z;functions.show_exception_and_exit;  Failed to set focus.
Traceback (most recent call last):
  File "C:\Projetos_Remessas\Remessa_Ferias_Rescisao\main.py", line 12, in <module>
    loggin_RM()
  File "C:\Projetos_Remessas\Remessa_Ferias_Rescisao\SUBPROGRAMS\functions.py", line 63, in loggin_RM
    user_rm.send_hotkey(f'{user}')
  File "C:\Projetos_Remessas\Remessa_Ferias_Rescisao\venv\Lib\site-packages\clicknium\core\service\invokerservice.py", line 157, in wrapper
    raise exception;
    ^^^^^^^^^^^^^^^
clicknium.common.models.exceptions.WindowError: Failed to set focus.
