14-03-2024 12:52:00.665Z;functions.bot_text_art;      ____   
14-03-2024 12:52:00.665Z;functions.bot_text_art;     [____]    
14-03-2024 12:52:00.665Z;functions.bot_text_art;   |=]()()[=|  
14-03-2024 12:52:00.681Z;functions.bot_text_art;     _\==/__    _____    ____     _        _____    ___   _  __
14-03-2024 12:52:00.681Z;functions.bot_text_art;   |__|   |_|  |  _  \  / ___|   | |      |_   _| / ___| | |/ /
14-03-2024 12:52:00.681Z;functions.bot_text_art;   |_|_/\_|_|  | |  | | | |      | |        | |   | |    | ' / 
14-03-2024 12:52:00.681Z;functions.bot_text_art;   | | __ | |  | |  | | | |      | |        | |   | |    |  <  
14-03-2024 12:52:00.681Z;functions.bot_text_art;   |_|[  ]|_|  | |__| | | |____  | |____   _| |_  | |__  | . \ 
14-03-2024 12:52:00.681Z;functions.bot_text_art;   \_|_||_|_/  |_____/   \_____| |______| |_____| \ ___| |_|\_\
14-03-2024 12:52:00.681Z;functions.bot_text_art;     |_||_|                                                     
14-03-2024 12:52:00.681Z;functions.bot_text_art;     | ||_|_   
14-03-2024 12:52:00.681Z;functions.bot_text_art;   |___||___|  
14-03-2024 12:52:00.681Z;functions.bot_text_art;               
14-03-2024 12:52:00.681Z;functions.open_RM;  OPEN PROGRAM RM
14-03-2024 12:52:18.244Z;functions.loggin_RM;  ENTRAR USER_NAME
14-03-2024 12:52:21.698Z;functions.loggin_RM;  ENTRAR PASSWORD
14-03-2024 12:52:22.868Z;functions.loggin_RM;  ENTRAR RM
14-03-2024 12:53:07.962Z;functions.enter_coligada;  CLICK CONTEXTO
14-03-2024 12:53:12.993Z;functions.enter_coligada;  CLICK COLIGADA 1
14-03-2024 12:53:15.477Z;functions.enter_coligada;  CLICK AVANÇAR
14-03-2024 12:53:18.347Z;functions.enter_coligada;  INSERE O COLIGADA CODE = 1
14-03-2024 12:53:18.458Z;functions.enter_coligada;  APERTA TAB PARA PREENCHER O CAMPO COM A STRING: OCEANICA ENGENHARIA E CONSULTORIA S.A.
14-03-2024 12:53:20.343Z;functions.enter_coligada;  CLICK AVANÇAR NOVAMENTE
14-03-2024 12:53:21.821Z;functions.enter_coligada;  CLICK CONCLUIR
14-03-2024 12:53:51.368Z;functions.enter_coligada;  POP UP COLIGADA DESAPARECER
14-03-2024 12:53:52.213Z;functions.check_movimentacao_bancaria;  CLICK - TOTVS - LINHA RM
14-03-2024 12:53:54.039Z;functions.check_movimentacao_bancaria;  CLICK - BACK OFFICE
14-03-2024 12:53:56.821Z;functions.check_movimentacao_bancaria;  CLICK - GESTAO FINANCEIRA
14-03-2024 12:54:05.508Z;functions.movimentacao_bancaria;  CLICK NA ABA MOVIMENTAÇÃO BANCARIA
14-03-2024 12:54:07.930Z;functions.waitForImage;  IMAGEM BORDERO image found.
14-03-2024 12:54:10.052Z;functions.movimentacao_bancaria;  IMAGEM BORDERO CLICADA.
14-03-2024 12:54:30.711Z;functions.waitForImage;  LICENCAS EXCEDIDAS image not found.
14-03-2024 12:54:31.368Z;functions.movimentacao_bancaria;  ENCONTROU O FILTRO DA MOVIMENTAÇÃO BANCÁRIA
14-03-2024 12:54:31.415Z;functions.movimentacao_bancaria;  CLICA NA ABA SUPERIOR DO FILTRO
14-03-2024 12:54:35.627Z;functions.movimentacao_bancaria;  SELECIONA O FILTRO HOJE
14-03-2024 12:54:39.933Z;functions.waitForImage;  FILTER CLEAN image found.
14-03-2024 12:54:42.062Z;functions.filter_clean;  CLICK NO BOTÃO X DO LIMPA FILTRO
14-03-2024 12:54:42.448Z;functions.waitForImage;  FILTER CLEAN image found.
14-03-2024 12:54:44.568Z;functions.filter_clean;  CLICK NO BOTÃO X DO LIMPA FILTRO
14-03-2024 12:54:59.771Z;functions.waitForImage;  FILTER CLEAN image not found.
14-03-2024 12:55:03.149Z;functions.movimentacao_bancaria;  CLICK NA PRIMEIRA LINHA DA TABELA MOVIMENTAÇÃO BANCÁRIA
14-03-2024 12:55:04.376Z;functions.movimentacao_bancaria;  12 PASSOS PARA DIREITA NA TABELA >>
14-03-2024 12:55:06.305Z;functions.movimentacao_bancaria;  HOVER FILTER
14-03-2024 12:55:06.781Z;functions.movimentacao_bancaria;  CLICK FILTER
14-03-2024 12:55:11.107Z;functions.movimentacao_bancaria;  CLICK NO FILTRO  STATUS DA REMESSA
14-03-2024 12:55:13.211Z;functions.movimentacao_bancaria;  APERTA TAB PARA ESCREVER O FILTRO
14-03-2024 12:55:15.324Z;functions.movimentacao_bancaria;  ESCREVE PENDENTE NO FILTRO
14-03-2024 12:55:17.428Z;functions.movimentacao_bancaria;  APERTA ENTER PARA SELECIONAR OS PENDENTES
14-03-2024 12:55:37.211Z;functions.movimentacao_bancaria;  SEM PROCESSAMENTO DE BORDERO PENDENTE.
14-03-2024 12:55:42.587Z;functions.waitForImage;  FILTER CLEAN image found.
14-03-2024 12:55:44.708Z;functions.filter_clean;  CLICK NO BOTÃO X DO LIMPA FILTRO
14-03-2024 12:56:00.032Z;functions.waitForImage;  FILTER CLEAN image not found.
14-03-2024 12:56:15.167Z;functions.waitForImage;  FILTER CLEAN image not found.
14-03-2024 12:56:16.727Z;functions.remessa_pagamento;  CLICK NA PRIMEIRA LINHA DA TABELA MOVIMENTAÇÃO BANCÁRIA
14-03-2024 12:56:18.664Z;functions.remessa_pagamento;  HOVER FILTER
14-03-2024 12:56:19.120Z;functions.remessa_pagamento;  CLICK FILTER
14-03-2024 12:56:23.459Z;functions.remessa_pagamento;  CLICK NO FILTRO  STATUS DA REMESSA
14-03-2024 12:56:25.562Z;functions.remessa_pagamento;  APERTA TAB PARA ESCREVER O FILTRO
14-03-2024 12:56:27.680Z;functions.remessa_pagamento;  ESCREVE AUTORIZADO NO FILTRO
14-03-2024 12:56:29.783Z;functions.remessa_pagamento;  APERTA ENTER PARA SELECIONAR OS AUTORIZADO
14-03-2024 12:56:49.539Z;functions.remessa_pagamento;  SEM REMESSA DE BORDERO AUTORIZADO
14-03-2024 12:56:50.384Z;functions.enter_contas_a_pagar;  CLICK - TOTVS - LINHA RM
14-03-2024 12:56:51.978Z;functions.enter_contas_a_pagar;  CLICK - BACK OFFICE
14-03-2024 12:56:54.758Z;functions.enter_contas_a_pagar;  CLICK - GESTAO FINANCEIRA
14-03-2024 12:57:03.086Z;functions.enter_contas_a_pagar;  CLICK - CONTAS A PAGAR
14-03-2024 12:57:04.241Z;functions.waitForImage;  LANÇAMENTOS image found.
14-03-2024 12:57:06.363Z;functions.enter_contas_a_pagar;  CLICA EM LANÇAMENTOS
14-03-2024 12:57:21.745Z;functions.waitForImage;  LICENCAS EXCEDIDAS image not found.
14-03-2024 12:57:21.745Z;functions.obter_intervalo_data;  Data Inicial FERIAS/RESCISAO antes da remoção: None
14-03-2024 12:57:21.745Z;functions.obter_intervalo_data;  Data Final FERIAS/RESCISAO antes da remoção: None
14-03-2024 12:57:21.745Z;functions.obter_intervalo_data;  Data Inicial FERIAS/RESCISAO após a remoção: None
14-03-2024 12:57:21.745Z;functions.obter_intervalo_data;  Data Final FERIAS/RESCISAO após a remoção: None
14-03-2024 12:57:21.745Z;functions.obter_intervalo_data;  hoje -  2024-03-14 12:57:21.745364
14-03-2024 12:57:21.745Z;functions.data_filter;  DATA INICIO 20-03-2024
14-03-2024 12:57:21.745Z;functions.data_filter;  DATA FIM 26-03-2024
14-03-2024 12:57:21.745Z;functions.data_filter;  CLICK - SELECIONA A DATA DE QUARTA FEIRA E DA PROXIMA TERÇA
14-03-2024 12:57:21.745Z;functions.data_filter;  QUARTA-FEIRA: 20-03-2024
14-03-2024 12:57:21.760Z;functions.data_filter;  TERCA-FEIRA: 26-03-2024
14-03-2024 12:57:25.883Z;functions.data_filter;  ESCREVE REMESSA BANCÁRIA NO FILTRO
14-03-2024 12:57:26.695Z;functions.data_filter;  CLICK - BUTÃO DE SELECAO DE FILTRO
14-03-2024 12:57:31.147Z;functions.data_filter;  INSERE - DATA DE QUARTA-FEIRA: 20-03-2024
14-03-2024 12:57:35.038Z;functions.data_filter;  INSERE - DATA DA PROX TERCA-FEIRA: 26-03-2024
14-03-2024 12:57:35.898Z;functions.data_filter;  CLICK - BUTÃO DE EXECUTAR O FILTRO
14-03-2024 12:57:42.899Z;functions.desmark_filter;  CLICK CHECKBOX LANÇAMENTOS A RECEBER
14-03-2024 12:57:44.570Z;functions.desmark_filter;  CLICK CHECKBOX LANÇAMENTOS BAIXADOS
14-03-2024 12:57:46.354Z;functions.desmark_filter;  CLICK CHECKBOX LANÇAMENTOS CANCELADOS
14-03-2024 12:57:48.305Z;functions.desmark_filter;  CLICK CHECKBOX LANÇAMENTOS FATURADOS
14-03-2024 12:57:50.382Z;functions.desmark_filter;  ATUALIZA O FILTRO
14-03-2024 12:57:50.700Z;functions.waitForImage;  FILTER CLEAN image found.
14-03-2024 12:57:52.811Z;functions.filter_clean;  CLICK NO BOTÃO X DO LIMPA FILTRO
14-03-2024 12:58:07.882Z;functions.waitForImage;  FILTER CLEAN image not found.
14-03-2024 12:58:23.054Z;functions.waitForImage;  FILTER CLEAN image not found.
14-03-2024 12:58:25.460Z;functions.tabela_vazia;  Texto extraido 1/3
14-03-2024 12:58:25.460Z;functions.tabela_vazia;  Count 3
14-03-2024 12:58:25.460Z;functions.tabela_vazia;  Type <class 'int'>
14-03-2024 12:58:25.460Z;functions.tabela_vazia;  TABELA CONTÉM REGISTROS
14-03-2024 12:58:26.601Z;functions.desbloqueio;  SELECIONA TODAS AS TUPLAS
14-03-2024 12:58:31.707Z;functions.desbloqueio;  CONTROL P PARA SELECIONAR PROCESSO
14-03-2024 12:58:36.930Z;functions.desbloqueio;  7 SETAS PARA BAIXO - MANUTENÇÃO DE LANÇAMENTO
14-03-2024 12:58:39.033Z;functions.desbloqueio;  SETA PARA DIREITA
14-03-2024 12:58:46.458Z;functions.desbloqueio;  9 SETAS PARA BAIXO
14-03-2024 12:58:48.560Z;functions.desbloqueio;  ENTER PARA SELECIONAR DESBLOQUEIO ALTERAÇÃO
14-03-2024 12:59:50.972Z;functions.exec_lancamentos;  CONTROL G
14-03-2024 12:59:56.054Z;functions.exec_lancamentos;  CLICK PARA APARECER CONTA/CAIXA
14-03-2024 12:59:57.295Z;functions.exec_lancamentos;  SELECIONA CONTA/CAIXA
14-03-2024 12:59:58.585Z;functions.exec_lancamentos;  CLICK NO BOTÃO [...]
14-03-2024 13:00:01.231Z;functions.exec_lancamentos;  CLICK NO CAMPO PESQUISA E DIGITA: %3212
14-03-2024 13:00:02.307Z;functions.exec_lancamentos;  CLICK NO BOTÃO DO FILTRO
14-03-2024 13:00:03.694Z;functions.exec_lancamentos;  CLICK NO BOTÃO OK
14-03-2024 13:00:04.882Z;functions.exec_lancamentos;  CLICK NO BOTÃO EXECUTAR
14-03-2024 13:00:24.788Z;functions.waitForImage;  PRESS BUTTON OK image found.
14-03-2024 13:00:26.801Z;functions.process_lancamentos;  O PROCESSAMENTO DE LANÇAMENTO FOI EXECUTADO COM SUCESSO.
14-03-2024 13:00:36.296Z;functions.process_lancamentos;  Lançamento Ref. 929419: Convênio alterado para o convênio default '7' da conta Caixa '02675-5' .
Lançamento Ref. 929535: Convênio alterado para o convênio default '7' da conta Caixa '02675-5' .
Lançamento Ref. 929600: Convênio alterado para o convênio default '7' da conta Caixa '02675-5' .
Alteração Global de Lançamentos executada com sucesso

14-03-2024 13:00:49.686Z;functions.proccess_bordero;  SELECIONAR INCLUSÃO DE BORDERO
14-03-2024 13:01:09.910Z;functions.waitForImage;  PRESS BUTON SIM image not found.
14-03-2024 13:01:11.148Z;functions.proccess_bordero;  CLICK EM CONVÊNIO TRÊS PONTINHOS
14-03-2024 13:01:13.444Z;functions.proccess_bordero;  CLICK EM COMBOBOX PARA SELECIONAR O ID DO CONVÊNIO
14-03-2024 13:01:14.758Z;functions.proccess_bordero;  CLICK EM ID DO CONVÊNIO
14-03-2024 13:01:16.863Z;functions.proccess_bordero;  APERTA TAB PARA ESCREVER O ID
14-03-2024 13:01:18.966Z;functions.proccess_bordero;  ESCREVE O ID 9 - FERIAS/RESCISÃO
14-03-2024 13:01:21.070Z;functions.proccess_bordero;  APERTA ENTER PARA SELECIONAR O ID 9 - FERIAS/RESCISÃO
14-03-2024 13:01:23.173Z;functions.proccess_bordero;  APERTA ENTER PARA ESCOLHER O ID 9 - FERIAS/RESCISÃO
14-03-2024 13:01:26.038Z;functions.proccess_bordero;  CLICK EM EXECUTAR NA INCLUSÃO DO BORDÊRO
14-03-2024 13:01:44.958Z;functions.waitForImage;  PRESS BUTTON OK image found.
14-03-2024 13:01:46.965Z;functions.proccess_bordero;  O PROCESSAMENTO DO BORDERO FOI EXECUTADO COM SUCESSO.
14-03-2024 13:01:49.818Z;functions.proccess_bordero;  CLICK EM FECHAR.
14-03-2024 13:01:53.881Z;functions.movimentacao_bancaria;  CLICK NA ABA MOVIMENTAÇÃO BANCARIA
14-03-2024 13:01:56.229Z;functions.waitForImage;  IMAGEM BORDERO image found.
14-03-2024 13:01:58.364Z;functions.movimentacao_bancaria;  IMAGEM BORDERO CLICADA.
14-03-2024 13:02:18.909Z;functions.waitForImage;  LICENCAS EXCEDIDAS image not found.
14-03-2024 13:02:19.568Z;functions.movimentacao_bancaria;  ENCONTROU O FILTRO DA MOVIMENTAÇÃO BANCÁRIA
14-03-2024 13:02:19.631Z;functions.movimentacao_bancaria;  CLICA NA ABA SUPERIOR DO FILTRO
14-03-2024 13:02:23.850Z;functions.movimentacao_bancaria;  SELECIONA O FILTRO HOJE
14-03-2024 13:02:25.919Z;functions.waitForImage;  FILTER CLEAN image found.
14-03-2024 13:02:28.039Z;functions.filter_clean;  CLICK NO BOTÃO X DO LIMPA FILTRO
14-03-2024 13:02:43.267Z;functions.waitForImage;  FILTER CLEAN image not found.
14-03-2024 13:02:58.428Z;functions.waitForImage;  FILTER CLEAN image not found.
14-03-2024 13:03:01.740Z;functions.movimentacao_bancaria;  CLICK NA PRIMEIRA LINHA DA TABELA MOVIMENTAÇÃO BANCÁRIA
14-03-2024 13:03:02.980Z;functions.movimentacao_bancaria;  12 PASSOS PARA DIREITA NA TABELA >>
14-03-2024 13:03:04.865Z;functions.movimentacao_bancaria;  HOVER FILTER
14-03-2024 13:03:05.334Z;functions.movimentacao_bancaria;  CLICK FILTER
14-03-2024 13:03:09.673Z;functions.movimentacao_bancaria;  CLICK NO FILTRO  STATUS DA REMESSA
14-03-2024 13:03:11.776Z;functions.movimentacao_bancaria;  APERTA TAB PARA ESCREVER O FILTRO
14-03-2024 13:03:13.892Z;functions.movimentacao_bancaria;  ESCREVE PENDENTE NO FILTRO
14-03-2024 13:03:15.995Z;functions.movimentacao_bancaria;  APERTA ENTER PARA SELECIONAR OS PENDENTES
14-03-2024 13:03:20.647Z;functions.movimentacao_bancaria;  SELECIONA TODAS AS TUPLAS COM STATUS PENDENTE
14-03-2024 13:03:22.755Z;functions.movimentacao_bancaria;  CLICK EM PROCESSOS
14-03-2024 13:03:24.858Z;functions.movimentacao_bancaria;  APERTA PARA BAIXO
14-03-2024 13:03:26.961Z;functions.movimentacao_bancaria;  APERTA ENTER
14-03-2024 13:03:29.865Z;functions.movimentacao_bancaria;  CLICK EM EXECUTAR BORDERO DE PAGAMENTO
14-03-2024 13:03:38.710Z;functions.waitForImage;  PRESS BUTTON OK image found.
14-03-2024 13:03:38.710Z;functions.movimentacao_bancaria;  O PROCESSAMENTO DE AUTORIZAÇÃO DO BORDERO FOI EXECUTADO COM SUCESSO.
14-03-2024 13:03:39.584Z;functions.movimentacao_bancaria;  CLICK EM FECHAR.
14-03-2024 13:03:44.900Z;functions.waitForImage;  FILTER CLEAN image found.
14-03-2024 13:03:47.028Z;functions.filter_clean;  CLICK NO BOTÃO X DO LIMPA FILTRO
14-03-2024 13:04:02.243Z;functions.waitForImage;  FILTER CLEAN image not found.
14-03-2024 13:04:17.429Z;functions.waitForImage;  FILTER CLEAN image not found.
14-03-2024 13:04:19.006Z;functions.remessa_pagamento;  CLICK NA PRIMEIRA LINHA DA TABELA MOVIMENTAÇÃO BANCÁRIA
14-03-2024 13:04:20.943Z;functions.remessa_pagamento;  HOVER FILTER
14-03-2024 13:04:21.440Z;functions.remessa_pagamento;  CLICK FILTER
14-03-2024 13:04:25.773Z;functions.remessa_pagamento;  CLICK NO FILTRO  STATUS DA REMESSA
14-03-2024 13:04:27.875Z;functions.remessa_pagamento;  APERTA TAB PARA ESCREVER O FILTRO
14-03-2024 13:04:29.994Z;functions.remessa_pagamento;  ESCREVE AUTORIZADO NO FILTRO
14-03-2024 13:04:32.097Z;functions.remessa_pagamento;  APERTA ENTER PARA SELECIONAR OS AUTORIZADO
14-03-2024 13:04:35.982Z;functions.remessa_pagamento;  6 PASSOS PARA ESQUERDA NA TABELA <<
14-03-2024 13:04:38.147Z;functions.check_user_bot;  Texto extraido 1/1
14-03-2024 13:04:38.147Z;functions.check_user_bot;  Count 1
14-03-2024 13:04:38.147Z;functions.check_user_bot;  Type <class 'int'>
14-03-2024 13:04:40.252Z;functions.check_user_bot;  CHECK USER BOT 1
14-03-2024 13:04:42.253Z;functions.check_user_bot;  integracao
14-03-2024 13:04:44.970Z;functions.check_user_bot;  7 PASSOS PARA DIREITA NA TABELA >>
14-03-2024 13:04:49.075Z;functions.check_user_bot;  341 / 3212 / 02675 - FERIAS/RESCISAO
14-03-2024 13:04:49.075Z;functions.check_user_bot;  NOME FERIAS/RECISAO ENCONTRADO
14-03-2024 13:04:51.284Z;functions.check_user_bot;  CLICK EM PROCESSOS
14-03-2024 13:04:53.388Z;functions.check_user_bot;  APERTA PARA BAIXO 0
14-03-2024 13:04:55.490Z;functions.check_user_bot;  APERTA PARA BAIXO 1
14-03-2024 13:04:57.593Z;functions.check_user_bot;  APERTA PARA BAIXO 2
14-03-2024 13:04:59.697Z;functions.check_user_bot;  APERTA ENTER
14-03-2024 13:05:02.646Z;functions.check_user_bot;  CLICK EM REMESSAS DE PAGAMENTO
14-03-2024 13:05:03.752Z;functions.check_user_bot;  APERTA TAB 0
14-03-2024 13:05:04.855Z;functions.check_user_bot;  APERTA TAB 1
14-03-2024 13:05:05.958Z;functions.check_user_bot;  APERTA TAB 2
14-03-2024 13:05:16.325Z;functions.check_user_bot;  CLICK EM AVANÇAR
14-03-2024 13:05:16.325Z;functions.check_user_bot;  CLICK - SELECIONA A DATA DE QUARTA FEIRA E DA PROXIMA TERÇA
14-03-2024 13:05:16.326Z;functions.check_user_bot;  QUARTA-FEIRA: 20-03-2024
14-03-2024 13:05:16.326Z;functions.check_user_bot;  TERCA-FEIRA: 26-03-2024
14-03-2024 13:05:21.242Z;functions.check_user_bot;  DESMARCA CHECKBOX PARA SALVAR ARQUIVO DE REMESSA
14-03-2024 13:05:22.245Z;functions.check_user_bot;  CLICK NOS ... PARA SELECIONAR O DIRETÓRIO E NOME DO ARQUIVO.
14-03-2024 13:05:25.647Z;functions.check_user_bot;  DUPLO CLICK NO DIRETORIO
14-03-2024 13:05:28.058Z;functions.check_user_bot;  APERTA TAB 0
14-03-2024 13:05:28.661Z;functions.check_user_bot;  APERTA TAB 1
14-03-2024 13:05:29.263Z;functions.check_user_bot;  APERTA TAB 2
14-03-2024 13:05:29.865Z;functions.check_user_bot;  APERTA TAB 3
14-03-2024 13:05:30.468Z;functions.check_user_bot;  APERTA TAB 4
14-03-2024 13:05:31.071Z;functions.check_user_bot;  APERTA TAB 5
14-03-2024 13:05:31.071Z;functions.check_user_bot;  A ULTIMA LETRA USADA: A
14-03-2024 13:05:31.071Z;functions.check_user_bot;  A LETRA SERA: B
14-03-2024 13:05:31.204Z;functions.check_user_bot;  F202624B.txt
14-03-2024 13:05:32.037Z;functions.check_user_bot;  CLICK NO BUTÃO SALVAR
14-03-2024 13:05:33.490Z;functions.check_user_bot;  CLICK EM AVANCAR PARA CONCLUIR
14-03-2024 13:05:34.911Z;functions.check_user_bot;  CLICK EM EXECUTAR
14-03-2024 13:05:49.442Z;functions.waitForImage;  PRESS BUTTON OK image found.
14-03-2024 13:05:51.451Z;functions.check_user_bot;  O PROCESSAMENTO DE AUTORIZAÇÃO DO BORDERO FOI EXECUTADO COM SUCESSO.
14-03-2024 13:06:00.888Z;functions.check_user_bot;  ===========================================================================================================
LANÇAMENTOS ENVIADOS PARA REMESSA PAGAMENTO
Coligada: 1
ID Remessa: 10
Convênio: 9
Data: 14/03/2024 13:05:45
Borderô remetidos: 1
===========================================================================================================
Borderô: 1-8513

Lançamentos remetidos no Borderô:
Lancamento 1-929419
Lancamento 1-929535
Lancamento 1-929600
----------------------------------------------------------------------------------------------------------


14-03-2024 13:06:03.359Z;errorhandler.__handle;  CSSStyleDeclaration: Unexpected token, ignoring upto '{        border: none;'. [1:174: {]
14-03-2024 13:06:03.360Z;errorhandler.__handle;  Property: Unknown Property name. [1:204: -ms-interpolation-mode]
14-03-2024 13:06:03.363Z;errorhandler.__handle;  CSSStyleDeclaration: Unexpected token, ignoring upto '}'. [1:267: }]
14-03-2024 13:06:03.364Z;errorhandler.__handle;  CSSStyleDeclaration: Unexpected token, ignoring upto '{        background-color: #f6f6f6;'. [1:281: {]
14-03-2024 13:06:03.364Z;errorhandler.__handle;  Property: Unknown Property name. [1:356: -webkit-font-smoothing]
14-03-2024 13:06:03.380Z;errorhandler.__handle;  Property: Unknown Property name. [1:486: -ms-text-size-adjust]
14-03-2024 13:06:03.380Z;errorhandler.__handle;  Property: Unknown Property name. [1:521: -webkit-text-size-adjust]
14-03-2024 13:06:03.380Z;errorhandler.__handle;  CSSStyleDeclaration: Unexpected token, ignoring upto '}'. [1:559: }]
14-03-2024 13:06:03.380Z;errorhandler.__handle;  CSSStyleDeclaration: Unexpected token, ignoring upto '{        border-collapse: separate;'. [1:574: {]
14-03-2024 13:06:03.380Z;errorhandler.__handle;  Property: Unknown Property name. [1:617: mso-table-lspace]
14-03-2024 13:06:03.380Z;errorhandler.__handle;  Property: Unknown Property name. [1:647: mso-table-rspace]
14-03-2024 13:06:03.395Z;errorhandler.__handle;  CSSStyleDeclaration: Unexpected token, ignoring upto '}'. [1:690: }]
14-03-2024 13:06:03.395Z;errorhandler.__handle;  CSSStyleDeclaration: Unexpected token, ignoring upto '{          font-family: sans-serif;'. [1:710: {]
14-03-2024 13:06:03.395Z;errorhandler.__handle;  CSSStyleDeclaration: Unexpected token, ignoring upto '}'. [1:808: }]
14-03-2024 13:06:03.395Z;errorhandler.__handle;  CSSStyleDeclaration: Unexpected token, ignoring upto '{        background-color: #f6f6f6;'. [1:941: {]
14-03-2024 13:06:03.395Z;errorhandler.__handle;  CSSStyleDeclaration: Unexpected token, ignoring upto '}'. [1:1003: }]
14-03-2024 13:06:03.395Z;errorhandler.__handle;  CSSStyleDeclaration: Unexpected token, ignoring upto '{        display: block;'. [1:1178: {]
14-03-2024 13:06:03.395Z;errorhandler.__handle;  CSSStyleDeclaration: Unexpected token, ignoring upto '}'. [1:1342: }]
14-03-2024 13:06:03.395Z;errorhandler.__handle;  CSSStyleDeclaration: Unexpected token, ignoring upto '{        box-sizing: border-box;'. [1:1452: {]
14-03-2024 13:06:03.411Z;errorhandler.__handle;  CSSStyleDeclaration: Unexpected token, ignoring upto '}'. [1:1584: }]
14-03-2024 13:06:03.411Z;errorhandler.__handle;  CSSStyleDeclaration: Unexpected token, ignoring upto '{        background: #ffffff;'. [1:1721: {]
14-03-2024 13:06:03.411Z;errorhandler.__handle;  CSSStyleDeclaration: Unexpected token, ignoring upto '}'. [1:1804: }]
14-03-2024 13:06:03.411Z;errorhandler.__handle;  CSSStyleDeclaration: Unexpected token, ignoring upto '{        box-sizing: border-box;'. [1:1822: {]
14-03-2024 13:06:03.411Z;errorhandler.__handle;  CSSStyleDeclaration: Unexpected token, ignoring upto '}'. [1:1883: }]
14-03-2024 13:06:03.411Z;errorhandler.__handle;  CSSStyleDeclaration: Unexpected token, ignoring upto '{        padding-bottom: 10px;'. [1:1907: {]
14-03-2024 13:06:03.411Z;errorhandler.__handle;  CSSStyleDeclaration: Unexpected token, ignoring upto '}'. [1:1969: }]
14-03-2024 13:06:03.427Z;errorhandler.__handle;  CSSStyleDeclaration: Unexpected token, ignoring upto '{        clear: both;'. [1:1986: {]
14-03-2024 13:06:03.427Z;errorhandler.__handle;  CSSStyleDeclaration: Unexpected token, ignoring upto '}'. [1:2086: }]
14-03-2024 13:06:03.427Z;errorhandler.__handle;  CSSStyleDeclaration: Unexpected token, ignoring upto '{          color: #999999;'. [1:2165: {]
14-03-2024 13:06:03.427Z;errorhandler.__handle;  CSSStyleDeclaration: Unexpected token, ignoring upto '}'. [1:2253: }]
14-03-2024 13:06:03.427Z;errorhandler.__handle;  CSSStyleDeclaration: Unexpected token, ignoring upto '{        color: #000000;'. [1:2404: {]
14-03-2024 13:06:03.427Z;errorhandler.__handle;  CSSStyleDeclaration: Unexpected token, ignoring upto '}'. [1:2563: }]
14-03-2024 13:06:03.427Z;errorhandler.__handle;  CSSStyleDeclaration: Unexpected token, ignoring upto '{        font-size: 35px;'. [1:2575: {]
14-03-2024 13:06:03.442Z;errorhandler.__handle;  CSSStyleDeclaration: Unexpected token, ignoring upto '}'. [1:2694: }]
14-03-2024 13:06:03.442Z;errorhandler.__handle;  CSSStyleDeclaration: Unexpected token, ignoring upto '{        font-family: sans-serif;'. [1:2723: {]
14-03-2024 13:06:03.442Z;errorhandler.__handle;  CSSStyleDeclaration: Unexpected token, ignoring upto '}'. [1:2861: }]
14-03-2024 13:06:03.442Z;errorhandler.__handle;  CSSStyleDeclaration: Unexpected token, ignoring upto '{          list-style-position: inside;'. [1:2905: {]
14-03-2024 13:06:03.442Z;errorhandler.__handle;  CSSStyleDeclaration: Unexpected token, ignoring upto '}'. [1:2978: }]
14-03-2024 13:06:03.442Z;errorhandler.__handle;  CSSStyleDeclaration: Unexpected token, ignoring upto '{        color: #3498db;'. [1:2989: {]
14-03-2024 13:06:03.442Z;errorhandler.__handle;  CSSStyleDeclaration: Unexpected token, ignoring upto '}'. [1:3055: }]
14-03-2024 13:06:03.442Z;errorhandler.__handle;  CSSStyleDeclaration: Unexpected token, ignoring upto '{        box-sizing: border-box;'. [1:3178: {]
14-03-2024 13:06:03.442Z;errorhandler.__handle;  CSSStyleDeclaration: Unexpected token, ignoring upto '}'. [1:3231: }]
14-03-2024 13:06:03.442Z;errorhandler.__handle;  CSSStyleDeclaration: Unexpected token, ignoring upto '{          padding-bottom: 15px;'. [1:3265: {]
14-03-2024 13:06:03.458Z;errorhandler.__handle;  CSSStyleDeclaration: Unexpected token, ignoring upto '}'. [1:3298: }]
14-03-2024 13:06:03.458Z;errorhandler.__handle;  CSSStyleDeclaration: Unexpected token, ignoring upto '{          width: auto;'. [1:3320: {]
14-03-2024 13:06:03.458Z;errorhandler.__handle;  CSSStyleDeclaration: Unexpected token, ignoring upto '}'. [1:3350: }]
14-03-2024 13:06:03.458Z;errorhandler.__handle;  CSSStyleDeclaration: Unexpected token, ignoring upto '{          background-color: #ffffff;'. [1:3375: {]
14-03-2024 13:06:03.458Z;errorhandler.__handle;  CSSStyleDeclaration: Unexpected token, ignoring upto '}'. [1:3477: }]
14-03-2024 13:06:03.458Z;errorhandler.__handle;  CSSStyleDeclaration: Unexpected token, ignoring upto '{          background-color: #ffffff;'. [1:3495: {]
14-03-2024 13:06:03.661Z;errorhandler.__handle;  CSSStyleDeclaration: Unexpected token, ignoring upto '}'. [1:3892: }]
14-03-2024 13:06:03.661Z;errorhandler.__handle;  CSSStyleDeclaration: Unexpected token, ignoring upto '{        background-color: #3498db;'. [1:3923: {]
14-03-2024 13:06:03.661Z;errorhandler.__handle;  CSSStyleDeclaration: Unexpected token, ignoring upto '}'. [1:3965: }]
14-03-2024 13:06:03.661Z;errorhandler.__handle;  CSSStyleDeclaration: Unexpected token, ignoring upto '{        background-color: #3498db;'. [1:3989: {]
14-03-2024 13:06:03.723Z;errorhandler.__handle;  CSSStyleDeclaration: Unexpected token, ignoring upto '}'. [1:4084: }]
14-03-2024 13:06:03.723Z;errorhandler.__handle;  CSSStyleDeclaration: Unexpected token, ignoring upto '{        margin-bottom: 0;'. [1:4234: {]
14-03-2024 13:06:03.723Z;errorhandler.__handle;  CSSStyleDeclaration: Unexpected token, ignoring upto '}'. [1:4267: }]
14-03-2024 13:06:03.723Z;errorhandler.__handle;  CSSStyleDeclaration: Unexpected token, ignoring upto '{        margin-top: 0;'. [1:4283: {]
14-03-2024 13:06:03.723Z;errorhandler.__handle;  CSSStyleDeclaration: Unexpected token, ignoring upto '}'. [1:4313: }]
14-03-2024 13:06:03.723Z;errorhandler.__handle;  CSSStyleDeclaration: Unexpected token, ignoring upto '{        text-align: center;'. [1:4336: {]
14-03-2024 13:06:03.723Z;errorhandler.__handle;  CSSStyleDeclaration: Unexpected token, ignoring upto '}'. [1:4371: }]
14-03-2024 13:06:03.723Z;errorhandler.__handle;  CSSStyleDeclaration: Unexpected token, ignoring upto '{        text-align: right;'. [1:4393: {]
14-03-2024 13:06:03.723Z;errorhandler.__handle;  CSSStyleDeclaration: Unexpected token, ignoring upto '}'. [1:4427: }]
14-03-2024 13:06:03.723Z;errorhandler.__handle;  CSSStyleDeclaration: Unexpected token, ignoring upto '{        text-align: left;'. [1:4448: {]
14-03-2024 13:06:03.723Z;errorhandler.__handle;  CSSStyleDeclaration: Unexpected token, ignoring upto '}'. [1:4481: }]
14-03-2024 13:06:03.723Z;errorhandler.__handle;  CSSStyleDeclaration: Unexpected token, ignoring upto '{        clear: both;'. [1:4497: {]
14-03-2024 13:06:03.723Z;errorhandler.__handle;  CSSStyleDeclaration: Unexpected token, ignoring upto '}'. [1:4525: }]
14-03-2024 13:06:03.723Z;errorhandler.__handle;  CSSStyleDeclaration: Unexpected token, ignoring upto '{        margin-top: 0;'. [1:4539: {]
14-03-2024 13:06:03.723Z;errorhandler.__handle;  CSSStyleDeclaration: Unexpected token, ignoring upto '}'. [1:4569: }]
14-03-2024 13:06:03.723Z;errorhandler.__handle;  CSSStyleDeclaration: Unexpected token, ignoring upto '{        margin-bottom: 0;'. [1:4583: {]
14-03-2024 13:06:03.723Z;errorhandler.__handle;  CSSStyleDeclaration: Unexpected token, ignoring upto '}'. [1:4616: }]
14-03-2024 13:06:03.723Z;errorhandler.__handle;  CSSStyleDeclaration: Unexpected token, ignoring upto '{        color: transparent;'. [1:4636: {]
14-03-2024 13:06:03.739Z;errorhandler.__handle;  Property: Unknown Property name. [1:4799: mso-hide]
14-03-2024 13:06:03.739Z;errorhandler.__handle;  CSSStyleDeclaration: Unexpected token, ignoring upto '}'. [1:4864: }]
14-03-2024 13:06:03.739Z;errorhandler.__handle;  CSSStyleDeclaration: Unexpected token, ignoring upto '{        text-decoration: none;'. [1:4887: {]
14-03-2024 13:06:03.739Z;errorhandler.__handle;  CSSStyleDeclaration: Unexpected token, ignoring upto '}'. [1:4925: }]
14-03-2024 13:06:03.739Z;errorhandler.__handle;  CSSStyleDeclaration: Unexpected token, ignoring upto '{        border: 0;'. [1:4937: {]
14-03-2024 13:06:03.739Z;errorhandler.__handle;  CSSStyleDeclaration: Unexpected token, ignoring upto '}'. [1:5027: }]
14-03-2024 13:06:03.755Z;errorhandler.__handle;  CSSStyleRule: No selector found: '{        table.body h1 {{          font-size: 28px !important;          margin-bottom: 10px !important;         }}        table.body p,        table.body ul,        table.body ol,        table.body td,        table.body span,        table.body a {{          font-size: 16px !important;         }}        table.body .wrapper,        table.body .article {{          padding: 10px !important;         }}        table.body .content {{          padding: 0 !important;         }}        table.body .container {{          padding: 0 !important;          width: 100% !important;         }}        table.body .main {{          border-left-width: 0 !important;          border-radius: 0 !important;          border-right-width: 0 !important;         }}        table.body .btn table {{          width: 100% !important;         }}        table.body .btn a {{          width: 100% !important;         }}        table.body .img-responsive {{          height: auto !important;          max-width: 100% !important;          width: auto !important;         }}      }'. [1:5217: {]
14-03-2024 13:06:03.755Z;errorhandler.__handle;  SelectorList: Unknown Syntax: ''
14-03-2024 13:06:03.755Z;errorhandler.__handle;  Property: No ":" after name found: table.body h1 {{          font-size: 28px !important;          margin-bottom: 10px !important;         }}        table.body p,        table.body ul,        table.body ol,        table.body td,        table.body span,        table.body a {{          font-size: 16px !important;         }}        table.body .wrapper,        table.body .article {{          padding: 10px !important;         }}        table.body .content {{          padding: 0 !important;         }}        table.body .container {{          padding: 0 !important;          width: 100% !important;         }}        table.body .main {{          border-left-width: 0 !important;          border-radius: 0 !important;          border-right-width: 0 !important;         }}        table.body .btn table {{          width: 100% !important;         }}        table.body .btn a {{          width: 100% !important;         }}        table.body .img-responsive {{          height: auto !important;          max-width: 100% !important;          width: auto !important;         }}       [1:6259:       ]
14-03-2024 13:06:03.755Z;errorhandler.__handle;  Property: No property value found: table.body h1 {{          font-size: 28px !important;          margin-bottom: 10px !important;         }}        table.body p,        table.body ul,        table.body ol,        table.body td,        table.body span,        table.body a {{          font-size: 16px !important;         }}        table.body .wrapper,        table.body .article {{          padding: 10px !important;         }}        table.body .content {{          padding: 0 !important;         }}        table.body .container {{          padding: 0 !important;          width: 100% !important;         }}        table.body .main {{          border-left-width: 0 !important;          border-radius: 0 !important;          border-right-width: 0 !important;         }}        table.body .btn table {{          width: 100% !important;         }}        table.body .btn a {{          width: 100% !important;         }}        table.body .img-responsive {{          height: auto !important;          max-width: 100% !important;          width: auto !important;         }}       [1:6259:       ]
14-03-2024 13:06:03.755Z;errorhandler.__handle;  CSSStyleDeclaration: Syntax Error in Property: table.body h1 {{          font-size: 28px !important;          margin-bottom: 10px !important;         }}        table.body p,        table.body ul,        table.body ol,        table.body td,        table.body span,        table.body a {{          font-size: 16px !important;         }}        table.body .wrapper,        table.body .article {{          padding: 10px !important;         }}        table.body .content {{          padding: 0 !important;         }}        table.body .container {{          padding: 0 !important;          width: 100% !important;         }}        table.body .main {{          border-left-width: 0 !important;          border-radius: 0 !important;          border-right-width: 0 !important;         }}        table.body .btn table {{          width: 100% !important;         }}        table.body .btn a {{          width: 100% !important;         }}        table.body .img-responsive {{          height: auto !important;          max-width: 100% !important;          width: auto !important;         }}      
14-03-2024 13:06:03.755Z;errorhandler.__handle;  CSSStyleRule: No selector found: '{        .ExternalClass {{          width: 100%;         }}        .ExternalClass,        .ExternalClass p,        .ExternalClass span,        .ExternalClass font,        .ExternalClass td,        .ExternalClass div {{          line-height: 100%;         }}        .apple-link a {{          color: inherit !important;          font-family: inherit !important;          font-size: inherit !important;          font-weight: inherit !important;          line-height: inherit !important;          text-decoration: none !important;         }}        #MessageViewBody a {{          color: inherit;          text-decoration: none;          font-size: inherit;          font-family: inherit;          font-weight: inherit;          line-height: inherit;        }}        .btn-primary table td:hover {{          background-color: #34495e !important;         }}        .btn-primary a:hover {{          background-color: #34495e !important;          border-color: #34495e !important;         }}       }'. [1:6420: {]
14-03-2024 13:06:03.755Z;errorhandler.__handle;  SelectorList: Unknown Syntax: ''
14-03-2024 13:06:03.755Z;errorhandler.__handle;  CSSStyleDeclaration: Unexpected token, ignoring upto '.ExternalClass {{          width: 100%;         }}        .ExternalClass,        .ExternalClass p,        .ExternalClass span,        .ExternalClass font,        .ExternalClass td,        .ExternalClass div {{          line-height: 100%;         }}        .apple-link a {{          color: inherit !important;          font-family: inherit !important;          font-size: inherit !important;          font-weight: inherit !important;          line-height: inherit !important;          text-decoration: none !important;         }}        #MessageViewBody a {{          color: inherit;          text-decoration: none;          font-size: inherit;          font-family: inherit;          font-weight: inherit;          line-height: inherit;        }}        .btn-primary table td:hover {{          background-color: #34495e !important;         }}        .btn-primary a:hover {{          background-color: #34495e !important;          border-color: #34495e !important;         }}       '. [1:6429: .]
14-03-2024 13:06:03.770Z;errorhandler.__handle;  Property: Unknown Property name. [1:1: -ms-interpolation-mode]
14-03-2024 13:06:03.786Z;errorhandler.__handle;  Property: Unknown Property name. [1:24: -webkit-font-smoothing]
14-03-2024 13:06:03.786Z;errorhandler.__handle;  Property: Unknown Property name. [1:109: -ms-text-size-adjust]
14-03-2024 13:06:03.786Z;errorhandler.__handle;  Property: Unknown Property name. [1:135: -webkit-text-size-adjust]
14-03-2024 13:06:03.786Z;errorhandler.__handle;  Property: Unknown Property name. [1:1: mso-table-lspace]
14-03-2024 13:06:03.786Z;errorhandler.__handle;  Property: Unknown Property name. [1:20: mso-table-rspace]
14-03-2024 13:06:03.817Z;errorhandler.__handle;  Property: Unknown Property name. [1:74: mso-hide]
14-03-2024 13:06:03.817Z;errorhandler.__handle;  Property: No ":" after name found: align-center [1:1: align-center]
14-03-2024 13:06:03.817Z;errorhandler.__handle;  Property: No property value found: align-center [1:1: align-center]
14-03-2024 13:06:03.817Z;errorhandler.__handle;  CSSStyleDeclaration: Syntax Error in Property: align-center
14-03-2024 13:06:03.817Z;errorhandler.__handle;  Property: Unknown Property name. [1:1: -ms-interpolation-mode]
14-03-2024 13:06:06.458Z;functions.emailSuccess;  Success e-mail sent.
14-03-2024 13:06:07.723Z;functions.encerra_prog;  RM ENCERRADO
