12-04-2024 21:23:57.964Z;functions.bot_text_art;      ____   
12-04-2024 21:23:57.964Z;functions.bot_text_art;     [____]    
12-04-2024 21:23:57.964Z;functions.bot_text_art;   |=]()()[=|  
12-04-2024 21:23:57.964Z;functions.bot_text_art;     _\==/__    _____    ____     _        _____    ___   _  __
12-04-2024 21:23:57.964Z;functions.bot_text_art;   |__|   |_|  |  _  \  / ___|   | |      |_   _| / ___| | |/ /
12-04-2024 21:23:57.964Z;functions.bot_text_art;   |_|_/\_|_|  | |  | | | |      | |        | |   | |    | ' / 
12-04-2024 21:23:57.964Z;functions.bot_text_art;   | | __ | |  | |  | | | |      | |        | |   | |    |  <  
12-04-2024 21:23:57.964Z;functions.bot_text_art;   |_|[  ]|_|  | |__| | | |____  | |____   _| |_  | |__  | . \ 
12-04-2024 21:23:57.964Z;functions.bot_text_art;   \_|_||_|_/  |_____/   \_____| |______| |_____| \ ___| |_|\_\
12-04-2024 21:23:57.964Z;functions.bot_text_art;     |_||_|                                                     
12-04-2024 21:23:57.964Z;functions.bot_text_art;     | ||_|_   
12-04-2024 21:23:57.964Z;functions.bot_text_art;   |___||___|  
12-04-2024 21:23:57.964Z;functions.bot_text_art;               
12-04-2024 21:23:57.964Z;functions.open_RM;  OPEN PROGRAM RM
12-04-2024 21:24:45.371Z;functions.loggin_RM;  ENTRAR USER_NAME
12-04-2024 21:24:48.200Z;functions.loggin_RM;  ENTRAR PASSWORD
12-04-2024 21:24:48.856Z;functions.loggin_RM;  ENTRAR RM
12-04-2024 21:26:47.778Z;functions.enter_coligada;  CLICK CONTEXTO
12-04-2024 21:26:51.839Z;functions.enter_coligada;  CLICK ALTERAR MODULO DO CONTEXTO
12-04-2024 21:26:54.894Z;functions.enter_coligada;  INSERE O COLIGADA CODE = 1
12-04-2024 21:26:54.996Z;functions.enter_coligada;  APERTA TAB PARA PREENCHER O CAMPO COM A STRING: OCEANICA ENGENHARIA E CONSULTORIA S.A.
12-04-2024 21:26:56.840Z;functions.enter_coligada;  CLICK AVANÇAR NOVAMENTE
12-04-2024 21:26:58.308Z;functions.enter_coligada;  CLICK CONCLUIR
12-04-2024 21:27:17.534Z;functions.enter_coligada;  POP UP COLIGADA DESAPARECER
12-04-2024 21:27:18.159Z;functions.check_movimentacao_bancaria;  CLICK - TOTVS - LINHA RM
12-04-2024 21:27:19.206Z;functions.check_movimentacao_bancaria;  CLICK - BACK OFFICE
12-04-2024 21:27:21.488Z;functions.check_movimentacao_bancaria;  CLICK - GESTAO FINANCEIRA
12-04-2024 21:27:39.300Z;functions.movimentacao_bancaria;  CLICK NA ABA MOVIMENTAÇÃO BANCARIA
12-04-2024 21:27:41.443Z;functions.waitForImage;  IMAGEM BORDERO image found.
12-04-2024 21:27:43.564Z;functions.movimentacao_bancaria;  IMAGEM BORDERO CLICADA.
12-04-2024 21:27:54.022Z;functions.waitForImage;  LICENCAS EXCEDIDAS image not found.
12-04-2024 21:27:54.584Z;functions.movimentacao_bancaria;  ENCONTROU O FILTRO DA MOVIMENTAÇÃO BANCÁRIA
12-04-2024 21:27:54.600Z;functions.movimentacao_bancaria;  CLICA NA ABA SUPERIOR DO FILTRO
12-04-2024 21:27:58.805Z;functions.movimentacao_bancaria;  SELECIONA O FILTRO HOJE
12-04-2024 21:28:02.642Z;functions.waitForImage;  FILTER CLEAN image found.
12-04-2024 21:28:04.765Z;functions.filter_clean;  CLICK NO BOTÃO X DO LIMPA FILTRO
12-04-2024 21:28:20.380Z;functions.waitForImage;  FILTER CLEAN image not found.
12-04-2024 21:28:35.475Z;functions.waitForImage;  FILTER CLEAN image not found.
12-04-2024 21:28:38.254Z;functions.movimentacao_bancaria;  CLICK NA PRIMEIRA LINHA DA TABELA MOVIMENTAÇÃO BANCÁRIA
12-04-2024 21:28:39.465Z;functions.movimentacao_bancaria;  12 PASSOS PARA DIREITA NA TABELA >>
12-04-2024 21:28:40.758Z;functions.movimentacao_bancaria;  HOVER FILTER
12-04-2024 21:28:41.104Z;functions.movimentacao_bancaria;  CLICK FILTER
12-04-2024 21:28:45.413Z;functions.movimentacao_bancaria;  CLICK NO FILTRO  STATUS DA REMESSA
12-04-2024 21:28:47.515Z;functions.movimentacao_bancaria;  APERTA TAB PARA ESCREVER O FILTRO
12-04-2024 21:28:49.620Z;functions.movimentacao_bancaria;  ESCREVE PENDENTE NO FILTRO
12-04-2024 21:28:51.722Z;functions.movimentacao_bancaria;  APERTA ENTER PARA SELECIONAR OS PENDENTES
12-04-2024 21:28:55.238Z;functions.movimentacao_bancaria;  SELECIONA TODAS AS TUPLAS COM STATUS PENDENTE
12-04-2024 21:28:57.341Z;functions.movimentacao_bancaria;  CLICK EM PROCESSOS
12-04-2024 21:28:59.442Z;functions.movimentacao_bancaria;  APERTA PARA BAIXO
12-04-2024 21:29:01.544Z;functions.movimentacao_bancaria;  APERTA ENTER
12-04-2024 21:29:04.191Z;functions.movimentacao_bancaria;  CLICK EM EXECUTAR BORDERO DE PAGAMENTO
12-04-2024 21:29:17.346Z;functions.waitForImage;  PRESS BUTTON OK image found.
12-04-2024 21:29:17.346Z;functions.movimentacao_bancaria;  O PROCESSAMENTO DE AUTORIZAÇÃO DO BORDERO FOI EXECUTADO COM SUCESSO.
12-04-2024 21:29:18.020Z;functions.movimentacao_bancaria;  CLICK EM FECHAR.
12-04-2024 21:29:23.131Z;functions.waitForImage;  FILTER CLEAN image found.
12-04-2024 21:29:25.254Z;functions.filter_clean;  CLICK NO BOTÃO X DO LIMPA FILTRO
12-04-2024 21:29:40.890Z;functions.waitForImage;  FILTER CLEAN image not found.
12-04-2024 21:29:56.478Z;functions.waitForImage;  FILTER CLEAN image not found.
12-04-2024 21:29:57.315Z;functions.remessa_pagamento;  CLICK NA PRIMEIRA LINHA DA TABELA MOVIMENTAÇÃO BANCÁRIA
12-04-2024 21:29:58.597Z;functions.remessa_pagamento;  HOVER FILTER
12-04-2024 21:29:58.896Z;functions.remessa_pagamento;  CLICK FILTER
12-04-2024 21:30:03.208Z;functions.remessa_pagamento;  CLICK NO FILTRO  STATUS DA REMESSA
12-04-2024 21:30:05.310Z;functions.remessa_pagamento;  APERTA TAB PARA ESCREVER O FILTRO
12-04-2024 21:30:07.417Z;functions.remessa_pagamento;  ESCREVE AUTORIZADO NO FILTRO
12-04-2024 21:30:09.518Z;functions.remessa_pagamento;  APERTA ENTER PARA SELECIONAR OS AUTORIZADO
12-04-2024 21:30:12.850Z;functions.remessa_pagamento;  6 PASSOS PARA ESQUERDA NA TABELA <<
12-04-2024 21:30:13.738Z;functions.check_user_bot;  Texto extraido 1/1
12-04-2024 21:30:13.738Z;functions.check_user_bot;  Count 1
12-04-2024 21:30:13.738Z;functions.check_user_bot;  Type <class 'int'>
12-04-2024 21:30:15.851Z;functions.check_user_bot;  CHECK USER BOT 1
12-04-2024 21:30:17.852Z;functions.check_user_bot;  integracao
12-04-2024 21:30:20.558Z;functions.check_user_bot;  7 PASSOS PARA DIREITA NA TABELA >>
12-04-2024 21:30:24.661Z;functions.check_user_bot;  341 / 3212 / 02675  PIX
12-04-2024 21:30:24.661Z;functions.check_user_bot;  NOME FERIAS NAO ENCONTRADO.
12-04-2024 21:30:25.367Z;functions.check_user_bot;  7 PASSOS PARA ESQUERDA NA TABELA <<
12-04-2024 21:30:25.468Z;functions.check_user_bot;  COUNT1: 0
12-04-2024 21:30:26.082Z;functions.enter_contas_a_pagar;  CLICK - TOTVS - LINHA RM
12-04-2024 21:30:27.034Z;functions.enter_contas_a_pagar;  CLICK - BACK OFFICE
12-04-2024 21:30:27.719Z;functions.enter_contas_a_pagar;  CLICK - GESTAO FINANCEIRA
12-04-2024 21:30:34.081Z;functions.enter_contas_a_pagar;  CLICK - CONTAS A PAGAR
12-04-2024 21:30:34.228Z;functions.waitForImage;  LANÇAMENTOS image found.
12-04-2024 21:30:36.349Z;functions.enter_contas_a_pagar;  CLICA EM LANÇAMENTOS
12-04-2024 21:30:51.635Z;functions.waitForImage;  LICENCAS EXCEDIDAS image not found.
12-04-2024 21:30:51.635Z;functions.obter_intervalo_data;  VERIFICANDO A HORA ATUAL 21
12-04-2024 21:30:51.635Z;functions.obter_intervalo_data;  Data Inicial FERIAS/RESCISAO antes da remoção: None
12-04-2024 21:30:51.635Z;functions.obter_intervalo_data;  Data Final FERIAS/RESCISAO antes da remoção: None
12-04-2024 21:30:51.635Z;functions.obter_intervalo_data;  Data Inicial FERIAS/RESCISAO após a remoção: None
12-04-2024 21:30:51.635Z;functions.obter_intervalo_data;  Data Final FERIAS/RESCISAO após a remoção: None
12-04-2024 21:30:51.635Z;functions.obter_intervalo_data;  hoje -  2024-04-12 21:30:51.635391
12-04-2024 21:30:51.635Z;functions.data_filter;  DATA INICIO 17-04-2024
12-04-2024 21:30:51.635Z;functions.data_filter;  DATA FIM 23-04-2024
12-04-2024 21:30:51.635Z;functions.data_filter;  CLICK - SELECIONA A DATA DE QUARTA FEIRA E DA PROXIMA TERÇA
12-04-2024 21:30:51.635Z;functions.data_filter;  QUARTA-FEIRA: 17-04-2024
12-04-2024 21:30:51.635Z;functions.data_filter;  TERCA-FEIRA: 23-04-2024
12-04-2024 21:31:03.895Z;functions.data_filter;  CLICK - BUTÃO DE SELECAO DE FILTRO
12-04-2024 21:31:07.644Z;functions.data_filter;  INSERE - DATA DE QUARTA-FEIRA: 17-04-2024
12-04-2024 21:31:11.128Z;functions.data_filter;  INSERE - DATA DA PROX TERCA-FEIRA: 23-04-2024
12-04-2024 21:31:11.768Z;functions.data_filter;  CLICK - BUTÃO DE EXECUTAR O FILTRO
12-04-2024 21:31:17.551Z;functions.desmark_filter;  CLICK CHECKBOX LANÇAMENTOS A RECEBER
12-04-2024 21:31:18.368Z;functions.desmark_filter;  CLICK CHECKBOX LANÇAMENTOS BAIXADOS
12-04-2024 21:31:19.237Z;functions.desmark_filter;  CLICK CHECKBOX LANÇAMENTOS CANCELADOS
12-04-2024 21:31:20.331Z;functions.desmark_filter;  CLICK CHECKBOX LANÇAMENTOS FATURADOS
12-04-2024 21:31:21.221Z;functions.desmark_filter;  ATUALIZA O FILTRO
12-04-2024 21:31:21.350Z;functions.waitForImage;  FILTER CLEAN image found.
12-04-2024 21:31:23.468Z;functions.filter_clean;  CLICK NO BOTÃO X DO LIMPA FILTRO
12-04-2024 21:31:39.018Z;functions.waitForImage;  FILTER CLEAN image not found.
12-04-2024 21:31:54.532Z;functions.waitForImage;  FILTER CLEAN image not found.
12-04-2024 21:31:55.471Z;functions.tabela_vazia;  Texto extraido 1/2
12-04-2024 21:31:55.471Z;functions.tabela_vazia;  Count 2
12-04-2024 21:31:55.471Z;functions.tabela_vazia;  Type <class 'int'>
12-04-2024 21:31:55.471Z;functions.tabela_vazia;  TABELA CONTÉM REGISTROS
12-04-2024 21:31:56.160Z;functions.desbloqueio;  SELECIONA TODAS AS TUPLAS
12-04-2024 21:32:01.263Z;functions.desbloqueio;  CONTROL P PARA SELECIONAR PROCESSO
12-04-2024 21:32:06.472Z;functions.desbloqueio;  7 SETAS PARA BAIXO - MANUTENÇÃO DE LANÇAMENTO
12-04-2024 21:32:08.574Z;functions.desbloqueio;  SETA PARA DIREITA
12-04-2024 21:32:15.986Z;functions.desbloqueio;  9 SETAS PARA BAIXO
12-04-2024 21:32:18.087Z;functions.desbloqueio;  ENTER PARA SELECIONAR DESBLOQUEIO ALTERAÇÃO
12-04-2024 21:33:20.493Z;functions.exec_lancamentos;  CONTROL G
12-04-2024 21:33:23.609Z;functions.exec_lancamentos;  CLICK PARA APARECER CONTA/CAIXA
12-04-2024 21:33:24.331Z;functions.exec_lancamentos;  SELECIONA CONTA/CAIXA
12-04-2024 21:33:25.066Z;functions.exec_lancamentos;  CLICK NO BOTÃO [...]
12-04-2024 21:33:26.703Z;functions.exec_lancamentos;  CLICK NO CAMPO PESQUISA E DIGITA: %3212
12-04-2024 21:33:27.379Z;functions.exec_lancamentos;  CLICK NO BOTÃO DO FILTRO
12-04-2024 21:33:28.316Z;functions.exec_lancamentos;  CLICK NO BOTÃO OK
12-04-2024 21:33:29.192Z;functions.exec_lancamentos;  CLICK NO BOTÃO EXECUTAR
12-04-2024 21:33:46.393Z;functions.waitForImage;  PRESS BUTTON OK image found.
12-04-2024 21:33:48.406Z;functions.process_lancamentos;  O PROCESSAMENTO DE LANÇAMENTO FOI EXECUTADO COM SUCESSO.
12-04-2024 21:33:57.411Z;functions.process_lancamentos;  Lançamento Ref. 940217: Convênio alterado para o convênio default '7' da conta Caixa '02675-5' .
Lançamento Ref. 940719: Convênio alterado para o convênio default '7' da conta Caixa '02675-5' .
Alteração Global de Lançamentos executada com sucesso

12-04-2024 21:34:08.629Z;functions.proccess_bordero;  SELECIONAR INCLUSÃO DE BORDERO
12-04-2024 21:34:28.743Z;functions.waitForImage;  PRESS BUTON SIM image not found.
12-04-2024 21:34:29.471Z;functions.proccess_bordero;  CLICK EM CONVÊNIO TRÊS PONTINHOS
12-04-2024 21:34:31.597Z;functions.proccess_bordero;  CLICK EM COMBOBOX PARA SELECIONAR O ID DO CONVÊNIO
12-04-2024 21:34:32.378Z;functions.proccess_bordero;  CLICK EM ID DO CONVÊNIO
12-04-2024 21:34:34.481Z;functions.proccess_bordero;  APERTA TAB PARA ESCREVER O ID
12-04-2024 21:34:36.582Z;functions.proccess_bordero;  ESCREVE O ID 9 - FERIAS/RESCISÃO
12-04-2024 21:34:38.684Z;functions.proccess_bordero;  APERTA ENTER PARA SELECIONAR O ID 9 - FERIAS/RESCISÃO
12-04-2024 21:34:40.785Z;functions.proccess_bordero;  APERTA ENTER PARA ESCOLHER O ID 9 - FERIAS/RESCISÃO
12-04-2024 21:34:43.441Z;functions.proccess_bordero;  CLICK EM EXECUTAR NA INCLUSÃO DO BORDÊRO
12-04-2024 21:34:55.934Z;functions.waitForImage;  PRESS BUTTON OK image found.
12-04-2024 21:34:57.935Z;functions.proccess_bordero;  O PROCESSAMENTO DO BORDERO FOI EXECUTADO COM SUCESSO.
12-04-2024 21:35:00.641Z;functions.proccess_bordero;  CLICK EM FECHAR.
12-04-2024 21:35:03.378Z;functions.movimentacao_bancaria;  CLICK NA ABA MOVIMENTAÇÃO BANCARIA
12-04-2024 21:35:05.552Z;functions.waitForImage;  IMAGEM BORDERO image found.
12-04-2024 21:35:07.672Z;functions.movimentacao_bancaria;  IMAGEM BORDERO CLICADA.
12-04-2024 21:35:17.737Z;functions.waitForImage;  LICENCAS EXCEDIDAS image not found.
12-04-2024 21:35:18.300Z;functions.movimentacao_bancaria;  ENCONTROU O FILTRO DA MOVIMENTAÇÃO BANCÁRIA
12-04-2024 21:35:18.315Z;functions.movimentacao_bancaria;  CLICA NA ABA SUPERIOR DO FILTRO
12-04-2024 21:35:22.521Z;functions.movimentacao_bancaria;  SELECIONA O FILTRO HOJE
12-04-2024 21:35:24.575Z;functions.waitForImage;  FILTER CLEAN image found.
12-04-2024 21:35:26.693Z;functions.filter_clean;  CLICK NO BOTÃO X DO LIMPA FILTRO
12-04-2024 21:35:42.281Z;functions.waitForImage;  FILTER CLEAN image not found.
12-04-2024 21:35:57.791Z;functions.waitForImage;  FILTER CLEAN image not found.
12-04-2024 21:36:17.034Z;functions.movimentacao_bancaria;  SEM PROCESSAMENTO DE BORDERO
12-04-2024 21:36:37.560Z;functions.waitForImage;  FILTER CLEAN image not found.
12-04-2024 21:36:53.167Z;functions.waitForImage;  FILTER CLEAN image not found.
12-04-2024 21:37:08.721Z;functions.waitForImage;  FILTER CLEAN image not found.
12-04-2024 21:37:44.987Z;functions.remessa_pagamento;  SEM REMESSA DE BORDERO AUTORIZADO
12-04-2024 21:37:45.102Z;functions.encerra_prog;  RM ENCERRADO
