06-04-2024 06:00:16.659Z;functions.bot_text_art;      ____   
06-04-2024 06:00:16.659Z;functions.bot_text_art;     [____]    
06-04-2024 06:00:16.659Z;functions.bot_text_art;   |=]()()[=|  
06-04-2024 06:00:16.659Z;functions.bot_text_art;     _\==/__    _____    ____     _        _____    ___   _  __
06-04-2024 06:00:16.659Z;functions.bot_text_art;   |__|   |_|  |  _  \  / ___|   | |      |_   _| / ___| | |/ /
06-04-2024 06:00:16.659Z;functions.bot_text_art;   |_|_/\_|_|  | |  | | | |      | |        | |   | |    | ' / 
06-04-2024 06:00:16.659Z;functions.bot_text_art;   | | __ | |  | |  | | | |      | |        | |   | |    |  <  
06-04-2024 06:00:16.659Z;functions.bot_text_art;   |_|[  ]|_|  | |__| | | |____  | |____   _| |_  | |__  | . \ 
06-04-2024 06:00:16.659Z;functions.bot_text_art;   \_|_||_|_/  |_____/   \_____| |______| |_____| \ ___| |_|\_\
06-04-2024 06:00:16.659Z;functions.bot_text_art;     |_||_|                                                     
06-04-2024 06:00:16.659Z;functions.bot_text_art;     | ||_|_   
06-04-2024 06:00:16.659Z;functions.bot_text_art;   |___||___|  
06-04-2024 06:00:16.659Z;functions.bot_text_art;               
06-04-2024 06:00:16.877Z;functions.open_RM;  OPEN PROGRAM RM
06-04-2024 06:00:27.486Z;functions.loggin_RM;  ENTRAR USER_NAME
06-04-2024 06:00:30.299Z;functions.loggin_RM;  ENTRAR PASSWORD
06-04-2024 06:00:30.954Z;functions.loggin_RM;  ENTRAR RM
06-04-2024 06:05:34.455Z;functions.show_exception_and_exit;  'NoneType' object has no attribute 'click'
Traceback (most recent call last):
  File "C:\Projetos_Remessas\Remessa_Ferias_Rescisao\main.py", line 15, in <module>
    enter_coligada()
  File "C:\Projetos_Remessas\Remessa_Ferias_Rescisao\SUBPROGRAMS\functions.py", line 103, in enter_coligada
    click_context.click()
    ^^^^^^^^^^^^^^^^^^^
AttributeError: 'NoneType' object has no attribute 'click'
06-04-2024 06:05:34.752Z;functions.show_exception_and_exit;  PRINT SALVO
06-04-2024 06:05:34.814Z;functions.show_exception_and_exit;  RM FECHADO
06-04-2024 06:05:37.018Z;errorhandler.__handle;  Property: Unknown Property name. [1:203: -ms-interpolation-mode]
06-04-2024 06:05:37.018Z;errorhandler.__handle;  Property: Unknown Property name. [1:353: -webkit-font-smoothing]
06-04-2024 06:05:37.033Z;errorhandler.__handle;  Property: Unknown Property name. [1:483: -ms-text-size-adjust]
06-04-2024 06:05:37.033Z;errorhandler.__handle;  Property: Unknown Property name. [1:518: -webkit-text-size-adjust]
06-04-2024 06:05:37.033Z;errorhandler.__handle;  Property: Unknown Property name. [1:612: mso-table-lspace]
06-04-2024 06:05:37.033Z;errorhandler.__handle;  Property: Unknown Property name. [1:642: mso-table-rspace]
06-04-2024 06:05:37.080Z;errorhandler.__handle;  Property: Unknown Property name. [1:4734: mso-hide]
06-04-2024 06:05:37.096Z;errorhandler.__handle;  Property: Unknown Property name. [1:13: -ms-interpolation-mode]
06-04-2024 06:05:37.096Z;errorhandler.__handle;  Property: Unknown Property name. [1:49: -webkit-font-smoothing]
06-04-2024 06:05:37.096Z;errorhandler.__handle;  Property: Unknown Property name. [1:134: -ms-text-size-adjust]
06-04-2024 06:05:37.096Z;errorhandler.__handle;  Property: Unknown Property name. [1:160: -webkit-text-size-adjust]
06-04-2024 06:05:37.096Z;errorhandler.__handle;  Property: Unknown Property name. [1:26: mso-table-lspace]
06-04-2024 06:05:37.096Z;errorhandler.__handle;  Property: Unknown Property name. [1:45: mso-table-rspace]
06-04-2024 06:05:37.112Z;errorhandler.__handle;  Property: Unknown Property name. [1:92: mso-hide]
06-04-2024 06:05:37.112Z;errorhandler.__handle;  Property: No ":" after name found: align-center [1:1: align-center]
06-04-2024 06:05:37.112Z;errorhandler.__handle;  Property: No property value found: align-center [1:1: align-center]
06-04-2024 06:05:37.112Z;errorhandler.__handle;  CSSStyleDeclaration: Syntax Error in Property: align-center
06-04-2024 06:05:37.112Z;errorhandler.__handle;  Property: Unknown Property name. [1:14: -ms-interpolation-mode]
06-04-2024 06:05:39.954Z;functions.show_exception_and_exit;  EMAIL EXCEÇÃO ENVIADO
06-04-2024 06:05:39.954Z;functions.show_exception_and_exit;  ERRO - <class 'AttributeError'> / 'NoneType' object has no attribute 'click'
