06-04-2024 20:00:16.976Z;functions.bot_text_art;      ____   
06-04-2024 20:00:16.976Z;functions.bot_text_art;     [____]    
06-04-2024 20:00:16.976Z;functions.bot_text_art;   |=]()()[=|  
06-04-2024 20:00:16.976Z;functions.bot_text_art;     _\==/__    _____    ____     _        _____    ___   _  __
06-04-2024 20:00:16.976Z;functions.bot_text_art;   |__|   |_|  |  _  \  / ___|   | |      |_   _| / ___| | |/ /
06-04-2024 20:00:16.976Z;functions.bot_text_art;   |_|_/\_|_|  | |  | | | |      | |        | |   | |    | ' / 
06-04-2024 20:00:16.976Z;functions.bot_text_art;   | | __ | |  | |  | | | |      | |        | |   | |    |  <  
06-04-2024 20:00:16.976Z;functions.bot_text_art;   |_|[  ]|_|  | |__| | | |____  | |____   _| |_  | |__  | . \ 
06-04-2024 20:00:16.976Z;functions.bot_text_art;   \_|_||_|_/  |_____/   \_____| |______| |_____| \ ___| |_|\_\
06-04-2024 20:00:16.976Z;functions.bot_text_art;     |_||_|                                                     
06-04-2024 20:00:16.976Z;functions.bot_text_art;     | ||_|_   
06-04-2024 20:00:16.976Z;functions.bot_text_art;   |___||___|  
06-04-2024 20:00:16.976Z;functions.bot_text_art;               
06-04-2024 20:00:17.195Z;functions.open_RM;  OPEN PROGRAM RM
06-04-2024 20:00:28.086Z;functions.loggin_RM;  ENTRAR USER_NAME
06-04-2024 20:00:30.914Z;functions.loggin_RM;  ENTRAR PASSWORD
06-04-2024 20:00:31.570Z;functions.loggin_RM;  ENTRAR RM
06-04-2024 20:00:56.586Z;functions.enter_coligada;  CLICK CONTEXTO
06-04-2024 20:01:00.461Z;functions.enter_coligada;  CLICK ALTERAR MODULO DO CONTEXTO
06-04-2024 20:01:02.713Z;functions.enter_coligada;  INSERE O COLIGADA CODE = 1
06-04-2024 20:01:02.814Z;functions.enter_coligada;  APERTA TAB PARA PREENCHER O CAMPO COM A STRING: OCEANICA ENGENHARIA E CONSULTORIA S.A.
06-04-2024 20:01:03.827Z;functions.enter_coligada;  CLICK AVANÇAR NOVAMENTE
06-04-2024 20:01:04.634Z;functions.enter_coligada;  CLICK CONCLUIR
06-04-2024 20:01:13.523Z;functions.enter_coligada;  POP UP COLIGADA DESAPARECER
06-04-2024 20:01:14.133Z;functions.check_movimentacao_bancaria;  CLICK - TOTVS - LINHA RM
06-04-2024 20:01:15.181Z;functions.check_movimentacao_bancaria;  CLICK - BACK OFFICE
06-04-2024 20:01:17.482Z;functions.check_movimentacao_bancaria;  CLICK - GESTAO FINANCEIRA
06-04-2024 20:01:19.789Z;functions.movimentacao_bancaria;  CLICK NA ABA MOVIMENTAÇÃO BANCARIA
06-04-2024 20:01:21.915Z;functions.waitForImage;  IMAGEM BORDERO image found.
06-04-2024 20:01:24.040Z;functions.movimentacao_bancaria;  IMAGEM BORDERO CLICADA.
06-04-2024 20:01:34.414Z;functions.waitForImage;  LICENCAS EXCEDIDAS image not found.
06-04-2024 20:01:34.977Z;functions.movimentacao_bancaria;  ENCONTROU O FILTRO DA MOVIMENTAÇÃO BANCÁRIA
06-04-2024 20:01:35.008Z;functions.movimentacao_bancaria;  CLICA NA ABA SUPERIOR DO FILTRO
06-04-2024 20:01:39.212Z;functions.movimentacao_bancaria;  SELECIONA O FILTRO HOJE
06-04-2024 20:01:41.158Z;functions.waitForImage;  FILTER CLEAN image found.
06-04-2024 20:01:43.292Z;functions.filter_clean;  CLICK NO BOTÃO X DO LIMPA FILTRO
06-04-2024 20:01:58.659Z;functions.waitForImage;  FILTER CLEAN image not found.
06-04-2024 20:02:14.057Z;functions.waitForImage;  FILTER CLEAN image not found.
06-04-2024 20:02:16.835Z;functions.movimentacao_bancaria;  CLICK NA PRIMEIRA LINHA DA TABELA MOVIMENTAÇÃO BANCÁRIA
06-04-2024 20:02:18.045Z;functions.movimentacao_bancaria;  12 PASSOS PARA DIREITA NA TABELA >>
06-04-2024 20:02:19.303Z;functions.movimentacao_bancaria;  HOVER FILTER
06-04-2024 20:02:19.566Z;functions.movimentacao_bancaria;  CLICK FILTER
06-04-2024 20:02:23.875Z;functions.movimentacao_bancaria;  CLICK NO FILTRO  STATUS DA REMESSA
06-04-2024 20:02:25.976Z;functions.movimentacao_bancaria;  APERTA TAB PARA ESCREVER O FILTRO
06-04-2024 20:02:28.080Z;functions.movimentacao_bancaria;  ESCREVE PENDENTE NO FILTRO
06-04-2024 20:02:30.182Z;functions.movimentacao_bancaria;  APERTA ENTER PARA SELECIONAR OS PENDENTES
06-04-2024 20:02:48.086Z;functions.movimentacao_bancaria;  SEM PROCESSAMENTO DE BORDERO PENDENTE.
06-04-2024 20:02:53.196Z;functions.waitForImage;  FILTER CLEAN image found.
06-04-2024 20:02:55.316Z;functions.filter_clean;  CLICK NO BOTÃO X DO LIMPA FILTRO
06-04-2024 20:03:10.691Z;functions.waitForImage;  FILTER CLEAN image not found.
06-04-2024 20:03:26.106Z;functions.waitForImage;  FILTER CLEAN image not found.
06-04-2024 20:03:26.913Z;functions.remessa_pagamento;  CLICK NA PRIMEIRA LINHA DA TABELA MOVIMENTAÇÃO BANCÁRIA
06-04-2024 20:03:28.164Z;functions.remessa_pagamento;  HOVER FILTER
06-04-2024 20:03:28.432Z;functions.remessa_pagamento;  CLICK FILTER
06-04-2024 20:03:32.744Z;functions.remessa_pagamento;  CLICK NO FILTRO  STATUS DA REMESSA
06-04-2024 20:03:34.845Z;functions.remessa_pagamento;  APERTA TAB PARA ESCREVER O FILTRO
06-04-2024 20:03:36.951Z;functions.remessa_pagamento;  ESCREVE AUTORIZADO NO FILTRO
06-04-2024 20:03:39.053Z;functions.remessa_pagamento;  APERTA ENTER PARA SELECIONAR OS AUTORIZADO
06-04-2024 20:03:56.960Z;functions.remessa_pagamento;  SEM REMESSA DE BORDERO AUTORIZADO
06-04-2024 20:03:57.570Z;functions.enter_contas_a_pagar;  CLICK - TOTVS - LINHA RM
06-04-2024 20:03:58.507Z;functions.enter_contas_a_pagar;  CLICK - BACK OFFICE
06-04-2024 20:03:59.184Z;functions.enter_contas_a_pagar;  CLICK - GESTAO FINANCEIRA
06-04-2024 20:04:04.336Z;functions.enter_contas_a_pagar;  CLICK - CONTAS A PAGAR
06-04-2024 20:04:04.482Z;functions.waitForImage;  LANÇAMENTOS image found.
06-04-2024 20:04:06.601Z;functions.enter_contas_a_pagar;  CLICA EM LANÇAMENTOS
06-04-2024 20:04:21.789Z;functions.waitForImage;  LICENCAS EXCEDIDAS image not found.
06-04-2024 20:04:21.789Z;functions.obter_intervalo_data;  VERIFICANDO A HORA ATUAL 20
06-04-2024 20:04:21.789Z;functions.obter_intervalo_data;  Data Inicial FERIAS/RESCISAO antes da remoção: None
06-04-2024 20:04:21.789Z;functions.obter_intervalo_data;  Data Final FERIAS/RESCISAO antes da remoção: None
06-04-2024 20:04:21.789Z;functions.obter_intervalo_data;  Data Inicial FERIAS/RESCISAO após a remoção: None
06-04-2024 20:04:21.789Z;functions.obter_intervalo_data;  Data Final FERIAS/RESCISAO após a remoção: None
06-04-2024 20:04:21.789Z;functions.obter_intervalo_data;  hoje -  2024-04-06 20:04:21.789666
06-04-2024 20:04:21.789Z;functions.data_filter;  DATA INICIO 10-04-2024
06-04-2024 20:04:21.789Z;functions.data_filter;  DATA FIM 16-04-2024
06-04-2024 20:04:21.789Z;functions.data_filter;  CLICK - SELECIONA A DATA DE QUARTA FEIRA E DA PROXIMA TERÇA
06-04-2024 20:04:21.789Z;functions.data_filter;  QUARTA-FEIRA: 10-04-2024
06-04-2024 20:04:21.789Z;functions.data_filter;  TERCA-FEIRA: 16-04-2024
06-04-2024 20:04:34.023Z;functions.data_filter;  CLICK - BUTÃO DE SELECAO DE FILTRO
06-04-2024 20:04:37.757Z;functions.data_filter;  INSERE - DATA DE QUARTA-FEIRA: 10-04-2024
06-04-2024 20:04:41.225Z;functions.data_filter;  INSERE - DATA DA PROX TERCA-FEIRA: 16-04-2024
06-04-2024 20:04:41.850Z;functions.data_filter;  CLICK - BUTÃO DE EXECUTAR O FILTRO
06-04-2024 20:04:47.616Z;functions.desmark_filter;  CLICK CHECKBOX LANÇAMENTOS A RECEBER
06-04-2024 20:04:48.398Z;functions.desmark_filter;  CLICK CHECKBOX LANÇAMENTOS BAIXADOS
06-04-2024 20:04:49.207Z;functions.desmark_filter;  CLICK CHECKBOX LANÇAMENTOS CANCELADOS
06-04-2024 20:04:50.061Z;functions.desmark_filter;  CLICK CHECKBOX LANÇAMENTOS FATURADOS
06-04-2024 20:04:50.913Z;functions.desmark_filter;  ATUALIZA O FILTRO
06-04-2024 20:04:51.055Z;functions.waitForImage;  FILTER CLEAN image found.
06-04-2024 20:04:53.174Z;functions.filter_clean;  CLICK NO BOTÃO X DO LIMPA FILTRO
06-04-2024 20:05:08.487Z;functions.waitForImage;  FILTER CLEAN image not found.
06-04-2024 20:05:23.833Z;functions.waitForImage;  FILTER CLEAN image not found.
06-04-2024 20:05:24.741Z;functions.tabela_vazia;  Texto extraido 0/0
06-04-2024 20:05:24.741Z;functions.tabela_vazia;  Count 0
06-04-2024 20:05:24.741Z;functions.tabela_vazia;  Type <class 'int'>
06-04-2024 20:05:26.746Z;functions.tabela_vazia;  SEM REMESSA DE FÉRIAS/RESCISÃO
06-04-2024 20:05:28.746Z;main.<module>;  SEM REMESSA DE FÉRIAS/RESCISÃO
06-04-2024 20:05:30.570Z;errorhandler.__handle;  Property: Unknown Property name. [1:203: -ms-interpolation-mode]
06-04-2024 20:05:30.570Z;errorhandler.__handle;  Property: Unknown Property name. [1:353: -webkit-font-smoothing]
06-04-2024 20:05:30.570Z;errorhandler.__handle;  Property: Unknown Property name. [1:483: -ms-text-size-adjust]
06-04-2024 20:05:30.570Z;errorhandler.__handle;  Property: Unknown Property name. [1:518: -webkit-text-size-adjust]
06-04-2024 20:05:30.570Z;errorhandler.__handle;  Property: Unknown Property name. [1:612: mso-table-lspace]
06-04-2024 20:05:30.570Z;errorhandler.__handle;  Property: Unknown Property name. [1:642: mso-table-rspace]
06-04-2024 20:05:30.617Z;errorhandler.__handle;  Property: Unknown Property name. [1:4734: mso-hide]
06-04-2024 20:05:30.648Z;errorhandler.__handle;  Property: Unknown Property name. [1:13: -ms-interpolation-mode]
06-04-2024 20:05:30.648Z;errorhandler.__handle;  Property: Unknown Property name. [1:49: -webkit-font-smoothing]
06-04-2024 20:05:30.648Z;errorhandler.__handle;  Property: Unknown Property name. [1:134: -ms-text-size-adjust]
06-04-2024 20:05:30.648Z;errorhandler.__handle;  Property: Unknown Property name. [1:160: -webkit-text-size-adjust]
06-04-2024 20:05:30.648Z;errorhandler.__handle;  Property: Unknown Property name. [1:26: mso-table-lspace]
06-04-2024 20:05:30.648Z;errorhandler.__handle;  Property: Unknown Property name. [1:45: mso-table-rspace]
06-04-2024 20:05:30.664Z;errorhandler.__handle;  Property: Unknown Property name. [1:92: mso-hide]
06-04-2024 20:05:30.664Z;errorhandler.__handle;  Property: No ":" after name found: align-center [1:1: align-center]
06-04-2024 20:05:30.664Z;errorhandler.__handle;  Property: No property value found: align-center [1:1: align-center]
06-04-2024 20:05:30.664Z;errorhandler.__handle;  CSSStyleDeclaration: Syntax Error in Property: align-center
06-04-2024 20:05:30.664Z;errorhandler.__handle;  Property: Unknown Property name. [1:14: -ms-interpolation-mode]
06-04-2024 20:05:33.210Z;functions.emailFinalizado;  Finalizado e-mail sent.
06-04-2024 20:05:33.288Z;functions.encerra_prog;  RM ENCERRADO
