05-05-2024 14:00:12.566Z;functions.bot_text_art;      ____   
05-05-2024 14:00:12.566Z;functions.bot_text_art;     [____]    
05-05-2024 14:00:12.566Z;functions.bot_text_art;   |=]()()[=|  
05-05-2024 14:00:12.566Z;functions.bot_text_art;     _\==/__    _____    ____     _        _____    ___   _  __
05-05-2024 14:00:12.566Z;functions.bot_text_art;   |__|   |_|  |  _  \  / ___|   | |      |_   _| / ___| | |/ /
05-05-2024 14:00:12.566Z;functions.bot_text_art;   |_|_/\_|_|  | |  | | | |      | |        | |   | |    | ' / 
05-05-2024 14:00:12.566Z;functions.bot_text_art;   | | __ | |  | |  | | | |      | |        | |   | |    |  <  
05-05-2024 14:00:12.566Z;functions.bot_text_art;   |_|[  ]|_|  | |__| | | |____  | |____   _| |_  | |__  | . \ 
05-05-2024 14:00:12.566Z;functions.bot_text_art;   \_|_||_|_/  |_____/   \_____| |______| |_____| \ ___| |_|\_\
05-05-2024 14:00:12.566Z;functions.bot_text_art;     |_||_|                                                     
05-05-2024 14:00:12.566Z;functions.bot_text_art;     | ||_|_   
05-05-2024 14:00:12.566Z;functions.bot_text_art;   |___||___|  
05-05-2024 14:00:12.566Z;functions.bot_text_art;               
05-05-2024 14:00:12.800Z;functions.open_RM;  OPEN PROGRAM RM
05-05-2024 14:00:23.989Z;functions.loggin_RM;  ENTRAR USER_NAME
05-05-2024 14:00:26.816Z;functions.loggin_RM;  ENTRAR PASSWORD
05-05-2024 14:00:27.504Z;functions.loggin_RM;  ENTRAR RM
05-05-2024 14:00:53.911Z;functions.enter_coligada;  CLICK CONTEXTO
05-05-2024 14:00:57.802Z;functions.enter_coligada;  CLICK ALTERAR MODULO DO CONTEXTO
05-05-2024 14:00:59.846Z;functions.enter_coligada;  INSERE O COLIGADA CODE = 1
05-05-2024 14:00:59.947Z;functions.enter_coligada;  APERTA TAB PARA PREENCHER O CAMPO COM A STRING: OCEANICA ENGENHARIA E CONSULTORIA S.A.
05-05-2024 14:01:01.051Z;functions.enter_coligada;  CLICK AVANÇAR NOVAMENTE
05-05-2024 14:01:01.880Z;functions.enter_coligada;  CLICK CONCLUIR
05-05-2024 14:01:11.863Z;functions.enter_coligada;  POP UP COLIGADA DESAPARECER
05-05-2024 14:01:12.472Z;functions.check_movimentacao_bancaria;  CLICK - TOTVS - LINHA RM
05-05-2024 14:01:13.521Z;functions.check_movimentacao_bancaria;  CLICK - BACK OFFICE
05-05-2024 14:01:15.807Z;functions.check_movimentacao_bancaria;  CLICK - GESTAO FINANCEIRA
05-05-2024 14:01:18.347Z;functions.movimentacao_bancaria;  CLICK NA ABA MOVIMENTAÇÃO BANCARIA
05-05-2024 14:01:20.503Z;functions.waitForImage;  IMAGEM BORDERO image found.
05-05-2024 14:01:22.623Z;functions.movimentacao_bancaria;  IMAGEM BORDERO CLICADA.
05-05-2024 14:01:33.188Z;functions.waitForImage;  LICENCAS EXCEDIDAS image not found.
05-05-2024 14:01:33.736Z;functions.movimentacao_bancaria;  ENCONTROU O FILTRO DA MOVIMENTAÇÃO BANCÁRIA
05-05-2024 14:01:33.767Z;functions.movimentacao_bancaria;  CLICA NA ABA SUPERIOR DO FILTRO
05-05-2024 14:01:37.974Z;functions.movimentacao_bancaria;  SELECIONA O FILTRO HOJE
05-05-2024 14:01:39.918Z;functions.waitForImage;  FILTER CLEAN image found.
05-05-2024 14:01:42.047Z;functions.filter_clean;  CLICK NO BOTÃO X DO LIMPA FILTRO
05-05-2024 14:01:57.287Z;functions.waitForImage;  FILTER CLEAN image not found.
05-05-2024 14:02:12.512Z;functions.waitForImage;  FILTER CLEAN image not found.
05-05-2024 14:02:30.425Z;functions.movimentacao_bancaria;  SEM PROCESSAMENTO DE BORDERO
05-05-2024 14:02:50.665Z;functions.waitForImage;  FILTER CLEAN image not found.
05-05-2024 14:03:05.843Z;functions.waitForImage;  FILTER CLEAN image not found.
05-05-2024 14:03:21.019Z;functions.waitForImage;  FILTER CLEAN image not found.
05-05-2024 14:03:53.010Z;functions.remessa_pagamento;  SEM REMESSA DE BORDERO AUTORIZADO
05-05-2024 14:03:53.644Z;functions.enter_contas_a_pagar;  CLICK - TOTVS - LINHA RM
05-05-2024 14:03:54.606Z;functions.enter_contas_a_pagar;  CLICK - BACK OFFICE
05-05-2024 14:03:55.300Z;functions.enter_contas_a_pagar;  CLICK - GESTAO FINANCEIRA
05-05-2024 14:04:00.301Z;functions.enter_contas_a_pagar;  CLICK - CONTAS A PAGAR
05-05-2024 14:04:00.390Z;functions.waitForImage;  LANÇAMENTOS image found.
05-05-2024 14:04:02.522Z;functions.enter_contas_a_pagar;  CLICA EM LANÇAMENTOS
05-05-2024 14:04:18.074Z;functions.waitForImage;  LICENCAS EXCEDIDAS image not found.
05-05-2024 14:04:18.075Z;functions.obter_intervalo_data;  VERIFICANDO A HORA ATUAL 14
05-05-2024 14:04:18.081Z;functions.obter_intervalo_data;  Data Inicial FERIAS/RESCISAO antes da remoção: None
05-05-2024 14:04:18.081Z;functions.obter_intervalo_data;  Data Final FERIAS/RESCISAO antes da remoção: None
05-05-2024 14:04:18.081Z;functions.obter_intervalo_data;  Data Inicial FERIAS/RESCISAO após a remoção: None
05-05-2024 14:04:18.081Z;functions.obter_intervalo_data;  Data Final FERIAS/RESCISAO após a remoção: None
05-05-2024 14:04:18.083Z;functions.obter_intervalo_data;  hoje -  2024-05-05 14:04:18.083077
05-05-2024 14:04:18.083Z;functions.data_filter;  DATA INICIO 08-05-2024
05-05-2024 14:04:18.083Z;functions.data_filter;  DATA FIM 14-05-2024
05-05-2024 14:04:18.083Z;functions.data_filter;  CLICK - SELECIONA A DATA DE QUARTA FEIRA E DA PROXIMA TERÇA
05-05-2024 14:04:18.083Z;functions.data_filter;  QUARTA-FEIRA: 08-05-2024
05-05-2024 14:04:18.083Z;functions.data_filter;  TERCA-FEIRA: 14-05-2024
05-05-2024 14:04:30.316Z;functions.data_filter;  CLICK - BUTÃO DE SELECAO DE FILTRO
05-05-2024 14:04:34.051Z;functions.data_filter;  INSERE - DATA DE QUARTA-FEIRA: 08-05-2024
05-05-2024 14:04:37.519Z;functions.data_filter;  INSERE - DATA DA PROX TERCA-FEIRA: 14-05-2024
05-05-2024 14:04:38.147Z;functions.data_filter;  CLICK - BUTÃO DE EXECUTAR O FILTRO
05-05-2024 14:04:43.925Z;functions.desmark_filter;  CLICK CHECKBOX LANÇAMENTOS A RECEBER
05-05-2024 14:04:44.723Z;functions.desmark_filter;  CLICK CHECKBOX LANÇAMENTOS BAIXADOS
05-05-2024 14:04:45.551Z;functions.desmark_filter;  CLICK CHECKBOX LANÇAMENTOS CANCELADOS
05-05-2024 14:04:46.410Z;functions.desmark_filter;  CLICK CHECKBOX LANÇAMENTOS FATURADOS
05-05-2024 14:04:47.301Z;functions.desmark_filter;  ATUALIZA O FILTRO
05-05-2024 14:04:47.424Z;functions.waitForImage;  FILTER CLEAN image found.
05-05-2024 14:04:49.551Z;functions.filter_clean;  CLICK NO BOTÃO X DO LIMPA FILTRO
05-05-2024 14:05:04.836Z;functions.waitForImage;  FILTER CLEAN image not found.
05-05-2024 14:05:20.020Z;functions.waitForImage;  FILTER CLEAN image not found.
05-05-2024 14:05:20.974Z;functions.tabela_vazia;  Texto extraido 0/0
05-05-2024 14:05:20.975Z;functions.tabela_vazia;  Count 0
05-05-2024 14:05:20.975Z;functions.tabela_vazia;  Type <class 'int'>
05-05-2024 14:05:22.976Z;functions.tabela_vazia;  SEM REMESSA DE FÉRIAS/RESCISÃO
05-05-2024 14:05:24.977Z;main.<module>;  SEM REMESSA DE FÉRIAS/RESCISÃO
05-05-2024 14:05:26.878Z;errorhandler.__handle;  Property: Unknown Property name. [1:203: -ms-interpolation-mode]
05-05-2024 14:05:26.878Z;errorhandler.__handle;  Property: Unknown Property name. [1:353: -webkit-font-smoothing]
05-05-2024 14:05:26.878Z;errorhandler.__handle;  Property: Unknown Property name. [1:483: -ms-text-size-adjust]
05-05-2024 14:05:26.878Z;errorhandler.__handle;  Property: Unknown Property name. [1:518: -webkit-text-size-adjust]
05-05-2024 14:05:26.878Z;errorhandler.__handle;  Property: Unknown Property name. [1:612: mso-table-lspace]
05-05-2024 14:05:26.878Z;errorhandler.__handle;  Property: Unknown Property name. [1:642: mso-table-rspace]
05-05-2024 14:05:26.941Z;errorhandler.__handle;  Property: Unknown Property name. [1:4734: mso-hide]
05-05-2024 14:05:26.967Z;errorhandler.__handle;  Property: Unknown Property name. [1:13: -ms-interpolation-mode]
05-05-2024 14:05:26.968Z;errorhandler.__handle;  Property: Unknown Property name. [1:49: -webkit-font-smoothing]
05-05-2024 14:05:26.969Z;errorhandler.__handle;  Property: Unknown Property name. [1:134: -ms-text-size-adjust]
05-05-2024 14:05:26.969Z;errorhandler.__handle;  Property: Unknown Property name. [1:160: -webkit-text-size-adjust]
05-05-2024 14:05:26.970Z;errorhandler.__handle;  Property: Unknown Property name. [1:26: mso-table-lspace]
05-05-2024 14:05:26.970Z;errorhandler.__handle;  Property: Unknown Property name. [1:45: mso-table-rspace]
05-05-2024 14:05:26.982Z;errorhandler.__handle;  Property: Unknown Property name. [1:92: mso-hide]
05-05-2024 14:05:26.985Z;errorhandler.__handle;  Property: No ":" after name found: align-center [1:1: align-center]
05-05-2024 14:05:26.986Z;errorhandler.__handle;  Property: No property value found: align-center [1:1: align-center]
05-05-2024 14:05:26.986Z;errorhandler.__handle;  CSSStyleDeclaration: Syntax Error in Property: align-center
05-05-2024 14:05:26.987Z;errorhandler.__handle;  Property: Unknown Property name. [1:14: -ms-interpolation-mode]
05-05-2024 14:05:29.066Z;functions.emailFinalizado;  Finalizado e-mail sent.
05-05-2024 14:05:29.142Z;functions.encerra_prog;  RM ENCERRADO
