22-04-2024 06:00:21.772Z;functions.bot_text_art;      ____   
22-04-2024 06:00:21.772Z;functions.bot_text_art;     [____]    
22-04-2024 06:00:21.772Z;functions.bot_text_art;   |=]()()[=|  
22-04-2024 06:00:21.772Z;functions.bot_text_art;     _\==/__    _____    ____     _        _____    ___   _  __
22-04-2024 06:00:21.772Z;functions.bot_text_art;   |__|   |_|  |  _  \  / ___|   | |      |_   _| / ___| | |/ /
22-04-2024 06:00:21.772Z;functions.bot_text_art;   |_|_/\_|_|  | |  | | | |      | |        | |   | |    | ' / 
22-04-2024 06:00:21.772Z;functions.bot_text_art;   | | __ | |  | |  | | | |      | |        | |   | |    |  <  
22-04-2024 06:00:21.772Z;functions.bot_text_art;   |_|[  ]|_|  | |__| | | |____  | |____   _| |_  | |__  | . \ 
22-04-2024 06:00:21.772Z;functions.bot_text_art;   \_|_||_|_/  |_____/   \_____| |______| |_____| \ ___| |_|\_\
22-04-2024 06:00:21.772Z;functions.bot_text_art;     |_||_|                                                     
22-04-2024 06:00:21.772Z;functions.bot_text_art;     | ||_|_   
22-04-2024 06:00:21.772Z;functions.bot_text_art;   |___||___|  
22-04-2024 06:00:21.772Z;functions.bot_text_art;               
22-04-2024 06:00:22.023Z;functions.open_RM;  OPEN PROGRAM RM
22-04-2024 06:00:33.583Z;functions.loggin_RM;  ENTRAR USER_NAME
22-04-2024 06:00:36.568Z;functions.loggin_RM;  ENTRAR PASSWORD
22-04-2024 06:00:37.349Z;functions.loggin_RM;  ENTRAR RM
22-04-2024 06:01:05.299Z;functions.enter_coligada;  CLICK CONTEXTO
22-04-2024 06:01:09.392Z;functions.enter_coligada;  CLICK ALTERAR MODULO DO CONTEXTO
22-04-2024 06:01:11.623Z;functions.enter_coligada;  INSERE O COLIGADA CODE = 1
22-04-2024 06:01:11.724Z;functions.enter_coligada;  APERTA TAB PARA PREENCHER O CAMPO COM A STRING: OCEANICA ENGENHARIA E CONSULTORIA S.A.
22-04-2024 06:01:12.849Z;functions.enter_coligada;  CLICK AVANÇAR NOVAMENTE
22-04-2024 06:01:13.676Z;functions.enter_coligada;  CLICK CONCLUIR
22-04-2024 06:01:23.032Z;functions.enter_coligada;  POP UP COLIGADA DESAPARECER
22-04-2024 06:01:23.688Z;functions.check_movimentacao_bancaria;  CLICK - TOTVS - LINHA RM
22-04-2024 06:01:24.797Z;functions.check_movimentacao_bancaria;  CLICK - BACK OFFICE
22-04-2024 06:01:25.531Z;functions.check_movimentacao_bancaria;  CLICK - GESTAO FINANCEIRA
22-04-2024 06:01:27.921Z;functions.movimentacao_bancaria;  CLICK NA ABA MOVIMENTAÇÃO BANCARIA
22-04-2024 06:01:30.065Z;functions.waitForImage;  IMAGEM BORDERO image found.
22-04-2024 06:01:32.185Z;functions.movimentacao_bancaria;  IMAGEM BORDERO CLICADA.
22-04-2024 06:01:42.775Z;functions.waitForImage;  LICENCAS EXCEDIDAS image not found.
22-04-2024 06:01:43.373Z;functions.movimentacao_bancaria;  ENCONTROU O FILTRO DA MOVIMENTAÇÃO BANCÁRIA
22-04-2024 06:01:43.404Z;functions.movimentacao_bancaria;  CLICA NA ABA SUPERIOR DO FILTRO
22-04-2024 06:01:47.609Z;functions.movimentacao_bancaria;  SELECIONA O FILTRO HOJE
22-04-2024 06:01:49.634Z;functions.waitForImage;  FILTER CLEAN image found.
22-04-2024 06:01:51.752Z;functions.filter_clean;  CLICK NO BOTÃO X DO LIMPA FILTRO
22-04-2024 06:02:06.914Z;functions.waitForImage;  FILTER CLEAN image not found.
22-04-2024 06:02:22.025Z;functions.waitForImage;  FILTER CLEAN image not found.
22-04-2024 06:02:40.414Z;functions.movimentacao_bancaria;  SEM PROCESSAMENTO DE BORDERO
22-04-2024 06:03:00.486Z;functions.waitForImage;  FILTER CLEAN image not found.
22-04-2024 06:03:15.528Z;functions.waitForImage;  FILTER CLEAN image not found.
22-04-2024 06:03:30.528Z;functions.waitForImage;  FILTER CLEAN image not found.
22-04-2024 06:04:03.108Z;functions.remessa_pagamento;  SEM REMESSA DE BORDERO AUTORIZADO
22-04-2024 06:04:03.769Z;functions.enter_contas_a_pagar;  CLICK - TOTVS - LINHA RM
22-04-2024 06:04:04.506Z;functions.enter_contas_a_pagar;  CLICK - BACK OFFICE
22-04-2024 06:04:05.217Z;functions.enter_contas_a_pagar;  CLICK - GESTAO FINANCEIRA
22-04-2024 06:04:10.232Z;functions.enter_contas_a_pagar;  CLICK - CONTAS A PAGAR
22-04-2024 06:04:10.384Z;functions.waitForImage;  LANÇAMENTOS image found.
22-04-2024 06:04:12.510Z;functions.enter_contas_a_pagar;  CLICA EM LANÇAMENTOS
22-04-2024 06:04:27.954Z;functions.waitForImage;  LICENCAS EXCEDIDAS image not found.
22-04-2024 06:04:27.954Z;functions.obter_intervalo_data;  VERIFICANDO A HORA ATUAL 6
22-04-2024 06:04:27.956Z;functions.obter_intervalo_data;  Data Inicial FERIAS/RESCISAO antes da remoção: None
22-04-2024 06:04:27.956Z;functions.obter_intervalo_data;  Data Final FERIAS/RESCISAO antes da remoção: None
22-04-2024 06:04:27.957Z;functions.obter_intervalo_data;  Data Inicial FERIAS/RESCISAO após a remoção: None
22-04-2024 06:04:27.957Z;functions.obter_intervalo_data;  Data Final FERIAS/RESCISAO após a remoção: None
22-04-2024 06:04:27.957Z;functions.obter_intervalo_data;  hoje -  2024-04-22 06:04:27.957228
22-04-2024 06:04:27.957Z;functions.data_filter;  DATA INICIO 24-04-2024
22-04-2024 06:04:27.958Z;functions.data_filter;  DATA FIM 30-04-2024
22-04-2024 06:04:27.958Z;functions.data_filter;  CLICK - SELECIONA A DATA DE QUARTA FEIRA E DA PROXIMA TERÇA
22-04-2024 06:04:27.958Z;functions.data_filter;  QUARTA-FEIRA: 24-04-2024
22-04-2024 06:04:27.958Z;functions.data_filter;  TERCA-FEIRA: 30-04-2024
22-04-2024 06:04:40.354Z;functions.data_filter;  CLICK - BUTÃO DE SELECAO DE FILTRO
22-04-2024 06:04:44.229Z;functions.data_filter;  INSERE - DATA DE QUARTA-FEIRA: 24-04-2024
22-04-2024 06:04:47.808Z;functions.data_filter;  INSERE - DATA DA PROX TERCA-FEIRA: 30-04-2024
22-04-2024 06:04:48.479Z;functions.data_filter;  CLICK - BUTÃO DE EXECUTAR O FILTRO
22-04-2024 06:04:54.353Z;functions.desmark_filter;  CLICK CHECKBOX LANÇAMENTOS A RECEBER
22-04-2024 06:04:55.228Z;functions.desmark_filter;  CLICK CHECKBOX LANÇAMENTOS BAIXADOS
22-04-2024 06:04:56.135Z;functions.desmark_filter;  CLICK CHECKBOX LANÇAMENTOS CANCELADOS
22-04-2024 06:04:57.103Z;functions.desmark_filter;  CLICK CHECKBOX LANÇAMENTOS FATURADOS
22-04-2024 06:04:58.056Z;functions.desmark_filter;  ATUALIZA O FILTRO
22-04-2024 06:04:58.213Z;functions.waitForImage;  FILTER CLEAN image found.
22-04-2024 06:05:00.334Z;functions.filter_clean;  CLICK NO BOTÃO X DO LIMPA FILTRO
22-04-2024 06:05:15.457Z;functions.waitForImage;  FILTER CLEAN image not found.
22-04-2024 06:05:30.668Z;functions.waitForImage;  FILTER CLEAN image not found.
22-04-2024 06:05:31.740Z;functions.tabela_vazia;  Texto extraido 0/0
22-04-2024 06:05:31.740Z;functions.tabela_vazia;  Count 0
22-04-2024 06:05:31.740Z;functions.tabela_vazia;  Type <class 'int'>
22-04-2024 06:05:33.752Z;functions.tabela_vazia;  SEM REMESSA DE FÉRIAS/RESCISÃO
22-04-2024 06:05:35.752Z;main.<module>;  SEM REMESSA DE FÉRIAS/RESCISÃO
22-04-2024 06:05:37.535Z;errorhandler.__handle;  Property: Unknown Property name. [1:203: -ms-interpolation-mode]
22-04-2024 06:05:37.551Z;errorhandler.__handle;  Property: Unknown Property name. [1:353: -webkit-font-smoothing]
22-04-2024 06:05:37.551Z;errorhandler.__handle;  Property: Unknown Property name. [1:483: -ms-text-size-adjust]
22-04-2024 06:05:37.551Z;errorhandler.__handle;  Property: Unknown Property name. [1:518: -webkit-text-size-adjust]
22-04-2024 06:05:37.551Z;errorhandler.__handle;  Property: Unknown Property name. [1:612: mso-table-lspace]
22-04-2024 06:05:37.551Z;errorhandler.__handle;  Property: Unknown Property name. [1:642: mso-table-rspace]
22-04-2024 06:05:37.598Z;errorhandler.__handle;  Property: Unknown Property name. [1:4734: mso-hide]
22-04-2024 06:05:37.629Z;errorhandler.__handle;  Property: Unknown Property name. [1:13: -ms-interpolation-mode]
22-04-2024 06:05:37.629Z;errorhandler.__handle;  Property: Unknown Property name. [1:49: -webkit-font-smoothing]
22-04-2024 06:05:37.629Z;errorhandler.__handle;  Property: Unknown Property name. [1:134: -ms-text-size-adjust]
22-04-2024 06:05:37.629Z;errorhandler.__handle;  Property: Unknown Property name. [1:160: -webkit-text-size-adjust]
22-04-2024 06:05:37.629Z;errorhandler.__handle;  Property: Unknown Property name. [1:26: mso-table-lspace]
22-04-2024 06:05:37.629Z;errorhandler.__handle;  Property: Unknown Property name. [1:45: mso-table-rspace]
22-04-2024 06:05:37.645Z;errorhandler.__handle;  Property: Unknown Property name. [1:92: mso-hide]
22-04-2024 06:05:37.645Z;errorhandler.__handle;  Property: No ":" after name found: align-center [1:1: align-center]
22-04-2024 06:05:37.645Z;errorhandler.__handle;  Property: No property value found: align-center [1:1: align-center]
22-04-2024 06:05:37.645Z;errorhandler.__handle;  CSSStyleDeclaration: Syntax Error in Property: align-center
22-04-2024 06:05:37.645Z;errorhandler.__handle;  Property: Unknown Property name. [1:14: -ms-interpolation-mode]
22-04-2024 06:05:40.161Z;functions.emailFinalizado;  Finalizado e-mail sent.
22-04-2024 06:05:40.254Z;functions.encerra_prog;  RM ENCERRADO
