20-05-2024 06:00:47.687Z;functions.bot_text_art;      ____   
20-05-2024 06:00:47.687Z;functions.bot_text_art;     [____]    
20-05-2024 06:00:47.687Z;functions.bot_text_art;   |=]()()[=|  
20-05-2024 06:00:47.687Z;functions.bot_text_art;     _\==/__    _____    ____     _        _____    ___   _  __
20-05-2024 06:00:47.687Z;functions.bot_text_art;   |__|   |_|  |  _  \  / ___|   | |      |_   _| / ___| | |/ /
20-05-2024 06:00:47.687Z;functions.bot_text_art;   |_|_/\_|_|  | |  | | | |      | |        | |   | |    | ' / 
20-05-2024 06:00:47.687Z;functions.bot_text_art;   | | __ | |  | |  | | | |      | |        | |   | |    |  <  
20-05-2024 06:00:47.687Z;functions.bot_text_art;   |_|[  ]|_|  | |__| | | |____  | |____   _| |_  | |__  | . \ 
20-05-2024 06:00:47.687Z;functions.bot_text_art;   \_|_||_|_/  |_____/   \_____| |______| |_____| \ ___| |_|\_\
20-05-2024 06:00:47.687Z;functions.bot_text_art;     |_||_|                                                     
20-05-2024 06:00:47.687Z;functions.bot_text_art;     | ||_|_   
20-05-2024 06:00:47.687Z;functions.bot_text_art;   |___||___|  
20-05-2024 06:00:47.687Z;functions.bot_text_art;               
20-05-2024 06:00:47.906Z;functions.open_RM;  OPEN PROGRAM RM
20-05-2024 06:00:59.594Z;functions.loggin_RM;  ENTRAR USER_NAME
20-05-2024 06:01:02.467Z;functions.loggin_RM;  ENTRAR PASSWORD
20-05-2024 06:01:03.155Z;functions.loggin_RM;  ENTRAR RM
20-05-2024 06:01:27.984Z;functions.enter_coligada;  CLICK CONTEXTO
20-05-2024 06:01:31.875Z;functions.enter_coligada;  CLICK ALTERAR MODULO DO CONTEXTO
20-05-2024 06:01:34.337Z;functions.enter_coligada;  INSERE O COLIGADA CODE = 1
20-05-2024 06:01:34.438Z;functions.enter_coligada;  APERTA TAB PARA PREENCHER O CAMPO COM A STRING: OCEANICA ENGENHARIA E CONSULTORIA S.A.
20-05-2024 06:01:35.624Z;functions.enter_coligada;  CLICK AVANÇAR NOVAMENTE
20-05-2024 06:01:36.469Z;functions.enter_coligada;  CLICK CONCLUIR
20-05-2024 06:01:45.110Z;functions.enter_coligada;  POP UP COLIGADA DESAPARECER
20-05-2024 06:01:45.718Z;functions.check_movimentacao_bancaria;  CLICK - TOTVS - LINHA RM
20-05-2024 06:01:46.765Z;functions.check_movimentacao_bancaria;  CLICK - BACK OFFICE
20-05-2024 06:01:49.065Z;functions.check_movimentacao_bancaria;  CLICK - GESTAO FINANCEIRA
20-05-2024 06:01:51.922Z;functions.movimentacao_bancaria;  CLICK NA ABA MOVIMENTAÇÃO BANCARIA
20-05-2024 06:01:54.080Z;functions.waitForImage;  IMAGEM BORDERO image found.
20-05-2024 06:01:56.209Z;functions.movimentacao_bancaria;  IMAGEM BORDERO CLICADA.
20-05-2024 06:02:06.762Z;functions.waitForImage;  LICENCAS EXCEDIDAS image not found.
20-05-2024 06:02:07.324Z;functions.movimentacao_bancaria;  ENCONTROU O FILTRO DA MOVIMENTAÇÃO BANCÁRIA
20-05-2024 06:02:07.340Z;functions.movimentacao_bancaria;  CLICA NA ABA SUPERIOR DO FILTRO
20-05-2024 06:02:11.545Z;functions.movimentacao_bancaria;  SELECIONA O FILTRO HOJE
20-05-2024 06:02:13.515Z;functions.waitForImage;  FILTER CLEAN image found.
20-05-2024 06:02:15.638Z;functions.filter_clean;  CLICK NO BOTÃO X DO LIMPA FILTRO
20-05-2024 06:02:30.829Z;functions.waitForImage;  FILTER CLEAN image not found.
20-05-2024 06:02:46.043Z;functions.waitForImage;  FILTER CLEAN image not found.
20-05-2024 06:03:04.054Z;functions.movimentacao_bancaria;  SEM PROCESSAMENTO DE BORDERO
20-05-2024 06:03:24.211Z;functions.waitForImage;  FILTER CLEAN image not found.
20-05-2024 06:03:39.422Z;functions.waitForImage;  FILTER CLEAN image not found.
20-05-2024 06:03:54.674Z;functions.waitForImage;  FILTER CLEAN image not found.
20-05-2024 06:04:26.625Z;functions.remessa_pagamento;  SEM REMESSA DE BORDERO AUTORIZADO
20-05-2024 06:04:27.234Z;functions.enter_contas_a_pagar;  CLICK - TOTVS - LINHA RM
20-05-2024 06:04:28.174Z;functions.enter_contas_a_pagar;  CLICK - BACK OFFICE
20-05-2024 06:04:28.844Z;functions.enter_contas_a_pagar;  CLICK - GESTAO FINANCEIRA
20-05-2024 06:04:34.194Z;functions.enter_contas_a_pagar;  CLICK - CONTAS A PAGAR
20-05-2024 06:04:34.314Z;functions.waitForImage;  LANÇAMENTOS image found.
20-05-2024 06:04:36.436Z;functions.enter_contas_a_pagar;  CLICA EM LANÇAMENTOS
20-05-2024 06:04:51.982Z;functions.waitForImage;  LICENCAS EXCEDIDAS image not found.
20-05-2024 06:04:51.982Z;functions.obter_intervalo_data;  VERIFICANDO A HORA ATUAL 6
20-05-2024 06:04:51.982Z;functions.obter_intervalo_data;  Data Inicial FERIAS/RESCISAO antes da remoção: None
20-05-2024 06:04:51.982Z;functions.obter_intervalo_data;  Data Final FERIAS/RESCISAO antes da remoção: None
20-05-2024 06:04:51.982Z;functions.obter_intervalo_data;  Data Inicial FERIAS/RESCISAO após a remoção: None
20-05-2024 06:04:51.982Z;functions.obter_intervalo_data;  Data Final FERIAS/RESCISAO após a remoção: None
20-05-2024 06:04:51.982Z;functions.obter_intervalo_data;  hoje -  2024-05-20 06:04:51.982496
20-05-2024 06:04:51.982Z;functions.data_filter;  DATA INICIO 22-05-2024
20-05-2024 06:04:51.982Z;functions.data_filter;  DATA FIM 28-05-2024
20-05-2024 06:04:51.982Z;functions.data_filter;  CLICK - SELECIONA A DATA DE QUARTA FEIRA E DA PROXIMA TERÇA
20-05-2024 06:04:51.982Z;functions.data_filter;  QUARTA-FEIRA: 22-05-2024
20-05-2024 06:04:51.982Z;functions.data_filter;  TERCA-FEIRA: 28-05-2024
20-05-2024 06:05:04.227Z;functions.data_filter;  CLICK - BUTÃO DE SELECAO DE FILTRO
20-05-2024 06:05:07.938Z;functions.data_filter;  INSERE - DATA DE QUARTA-FEIRA: 22-05-2024
20-05-2024 06:05:11.405Z;functions.data_filter;  INSERE - DATA DA PROX TERCA-FEIRA: 28-05-2024
20-05-2024 06:05:12.282Z;functions.data_filter;  CLICK - BUTÃO DE EXECUTAR O FILTRO
20-05-2024 06:05:18.079Z;functions.desmark_filter;  CLICK CHECKBOX LANÇAMENTOS A RECEBER
20-05-2024 06:05:18.859Z;functions.desmark_filter;  CLICK CHECKBOX LANÇAMENTOS BAIXADOS
20-05-2024 06:05:19.703Z;functions.desmark_filter;  CLICK CHECKBOX LANÇAMENTOS CANCELADOS
20-05-2024 06:05:20.578Z;functions.desmark_filter;  CLICK CHECKBOX LANÇAMENTOS FATURADOS
20-05-2024 06:05:21.457Z;functions.desmark_filter;  ATUALIZA O FILTRO
20-05-2024 06:05:21.574Z;functions.waitForImage;  FILTER CLEAN image found.
20-05-2024 06:05:23.700Z;functions.filter_clean;  CLICK NO BOTÃO X DO LIMPA FILTRO
20-05-2024 06:05:39.021Z;functions.waitForImage;  FILTER CLEAN image not found.
20-05-2024 06:05:54.273Z;functions.waitForImage;  FILTER CLEAN image not found.
20-05-2024 06:05:55.203Z;functions.tabela_vazia;  Texto extraido 0/0
20-05-2024 06:05:55.203Z;functions.tabela_vazia;  Count 0
20-05-2024 06:05:55.203Z;functions.tabela_vazia;  Type <class 'int'>
20-05-2024 06:05:57.215Z;functions.tabela_vazia;  SEM REMESSA DE FÉRIAS/RESCISÃO
20-05-2024 06:05:59.215Z;main.<module>;  SEM REMESSA DE FÉRIAS/RESCISÃO
20-05-2024 06:06:01.187Z;errorhandler.__handle;  Property: Unknown Property name. [1:203: -ms-interpolation-mode]
20-05-2024 06:06:01.187Z;errorhandler.__handle;  Property: Unknown Property name. [1:353: -webkit-font-smoothing]
20-05-2024 06:06:01.187Z;errorhandler.__handle;  Property: Unknown Property name. [1:483: -ms-text-size-adjust]
20-05-2024 06:06:01.187Z;errorhandler.__handle;  Property: Unknown Property name. [1:518: -webkit-text-size-adjust]
20-05-2024 06:06:01.187Z;errorhandler.__handle;  Property: Unknown Property name. [1:612: mso-table-lspace]
20-05-2024 06:06:01.187Z;errorhandler.__handle;  Property: Unknown Property name. [1:642: mso-table-rspace]
20-05-2024 06:06:01.234Z;errorhandler.__handle;  Property: Unknown Property name. [1:4734: mso-hide]
20-05-2024 06:06:01.265Z;errorhandler.__handle;  Property: Unknown Property name. [1:13: -ms-interpolation-mode]
20-05-2024 06:06:01.265Z;errorhandler.__handle;  Property: Unknown Property name. [1:49: -webkit-font-smoothing]
20-05-2024 06:06:01.265Z;errorhandler.__handle;  Property: Unknown Property name. [1:134: -ms-text-size-adjust]
20-05-2024 06:06:01.265Z;errorhandler.__handle;  Property: Unknown Property name. [1:160: -webkit-text-size-adjust]
20-05-2024 06:06:01.265Z;errorhandler.__handle;  Property: Unknown Property name. [1:26: mso-table-lspace]
20-05-2024 06:06:01.265Z;errorhandler.__handle;  Property: Unknown Property name. [1:45: mso-table-rspace]
20-05-2024 06:06:01.281Z;errorhandler.__handle;  Property: Unknown Property name. [1:92: mso-hide]
20-05-2024 06:06:01.281Z;errorhandler.__handle;  Property: No ":" after name found: align-center [1:1: align-center]
20-05-2024 06:06:01.281Z;errorhandler.__handle;  Property: No property value found: align-center [1:1: align-center]
20-05-2024 06:06:01.281Z;errorhandler.__handle;  CSSStyleDeclaration: Syntax Error in Property: align-center
20-05-2024 06:06:01.281Z;errorhandler.__handle;  Property: Unknown Property name. [1:14: -ms-interpolation-mode]
20-05-2024 06:06:04.109Z;functions.emailFinalizado;  Finalizado e-mail sent.
20-05-2024 06:06:04.203Z;functions.encerra_prog;  RM ENCERRADO
