20-05-2024 14:00:12.862Z;functions.bot_text_art;      ____   
20-05-2024 14:00:12.862Z;functions.bot_text_art;     [____]    
20-05-2024 14:00:12.862Z;functions.bot_text_art;   |=]()()[=|  
20-05-2024 14:00:12.862Z;functions.bot_text_art;     _\==/__    _____    ____     _        _____    ___   _  __
20-05-2024 14:00:12.862Z;functions.bot_text_art;   |__|   |_|  |  _  \  / ___|   | |      |_   _| / ___| | |/ /
20-05-2024 14:00:12.862Z;functions.bot_text_art;   |_|_/\_|_|  | |  | | | |      | |        | |   | |    | ' / 
20-05-2024 14:00:12.862Z;functions.bot_text_art;   | | __ | |  | |  | | | |      | |        | |   | |    |  <  
20-05-2024 14:00:12.862Z;functions.bot_text_art;   |_|[  ]|_|  | |__| | | |____  | |____   _| |_  | |__  | . \ 
20-05-2024 14:00:12.862Z;functions.bot_text_art;   \_|_||_|_/  |_____/   \_____| |______| |_____| \ ___| |_|\_\
20-05-2024 14:00:12.862Z;functions.bot_text_art;     |_||_|                                                     
20-05-2024 14:00:12.862Z;functions.bot_text_art;     | ||_|_   
20-05-2024 14:00:12.862Z;functions.bot_text_art;   |___||___|  
20-05-2024 14:00:12.862Z;functions.bot_text_art;               
20-05-2024 14:00:12.878Z;functions.open_RM;  OPEN PROGRAM RM
20-05-2024 14:00:22.076Z;functions.loggin_RM;  ENTRAR USER_NAME
20-05-2024 14:00:24.892Z;functions.loggin_RM;  ENTRAR PASSWORD
20-05-2024 14:00:25.566Z;functions.loggin_RM;  ENTRAR RM
20-05-2024 14:00:42.517Z;functions.enter_coligada;  CLICK CONTEXTO
20-05-2024 14:00:46.487Z;functions.enter_coligada;  CLICK ALTERAR MODULO DO CONTEXTO
20-05-2024 14:00:48.813Z;functions.enter_coligada;  INSERE O COLIGADA CODE = 1
20-05-2024 14:00:48.915Z;functions.enter_coligada;  APERTA TAB PARA PREENCHER O CAMPO COM A STRING: OCEANICA ENGENHARIA E CONSULTORIA S.A.
20-05-2024 14:00:49.760Z;functions.enter_coligada;  CLICK AVANÇAR NOVAMENTE
20-05-2024 14:00:50.564Z;functions.enter_coligada;  CLICK CONCLUIR
20-05-2024 14:00:58.565Z;functions.enter_coligada;  POP UP COLIGADA DESAPARECER
20-05-2024 14:00:59.175Z;functions.check_movimentacao_bancaria;  CLICK - TOTVS - LINHA RM
20-05-2024 14:01:00.206Z;functions.check_movimentacao_bancaria;  CLICK - BACK OFFICE
20-05-2024 14:01:02.487Z;functions.check_movimentacao_bancaria;  CLICK - GESTAO FINANCEIRA
20-05-2024 14:01:04.880Z;functions.movimentacao_bancaria;  CLICK NA ABA MOVIMENTAÇÃO BANCARIA
20-05-2024 14:01:07.007Z;functions.waitForImage;  IMAGEM BORDERO image found.
20-05-2024 14:01:09.125Z;functions.movimentacao_bancaria;  IMAGEM BORDERO CLICADA.
20-05-2024 14:01:19.630Z;functions.waitForImage;  LICENCAS EXCEDIDAS image not found.
20-05-2024 14:01:20.190Z;functions.movimentacao_bancaria;  ENCONTROU O FILTRO DA MOVIMENTAÇÃO BANCÁRIA
20-05-2024 14:01:20.205Z;functions.movimentacao_bancaria;  CLICA NA ABA SUPERIOR DO FILTRO
20-05-2024 14:01:24.409Z;functions.movimentacao_bancaria;  SELECIONA O FILTRO HOJE
20-05-2024 14:01:26.371Z;functions.waitForImage;  FILTER CLEAN image found.
20-05-2024 14:01:28.497Z;functions.filter_clean;  CLICK NO BOTÃO X DO LIMPA FILTRO
20-05-2024 14:01:43.795Z;functions.waitForImage;  FILTER CLEAN image not found.
20-05-2024 14:01:59.008Z;functions.waitForImage;  FILTER CLEAN image not found.
20-05-2024 14:02:01.783Z;functions.movimentacao_bancaria;  CLICK NA PRIMEIRA LINHA DA TABELA MOVIMENTAÇÃO BANCÁRIA
20-05-2024 14:02:02.994Z;functions.movimentacao_bancaria;  12 PASSOS PARA DIREITA NA TABELA >>
20-05-2024 14:02:04.237Z;functions.movimentacao_bancaria;  HOVER FILTER
20-05-2024 14:02:04.584Z;functions.movimentacao_bancaria;  CLICK FILTER
20-05-2024 14:02:08.894Z;functions.movimentacao_bancaria;  CLICK NO FILTRO  STATUS DA REMESSA
20-05-2024 14:02:10.995Z;functions.movimentacao_bancaria;  APERTA TAB PARA ESCREVER O FILTRO
20-05-2024 14:02:13.101Z;functions.movimentacao_bancaria;  ESCREVE PENDENTE NO FILTRO
20-05-2024 14:02:15.203Z;functions.movimentacao_bancaria;  APERTA ENTER PARA SELECIONAR OS PENDENTES
20-05-2024 14:02:33.189Z;functions.movimentacao_bancaria;  SEM PROCESSAMENTO DE BORDERO PENDENTE.
20-05-2024 14:02:38.284Z;functions.waitForImage;  FILTER CLEAN image found.
20-05-2024 14:02:40.410Z;functions.filter_clean;  CLICK NO BOTÃO X DO LIMPA FILTRO
20-05-2024 14:02:55.581Z;functions.waitForImage;  FILTER CLEAN image not found.
20-05-2024 14:03:10.885Z;functions.waitForImage;  FILTER CLEAN image not found.
20-05-2024 14:03:11.736Z;functions.remessa_pagamento;  CLICK NA PRIMEIRA LINHA DA TABELA MOVIMENTAÇÃO BANCÁRIA
20-05-2024 14:03:12.987Z;functions.remessa_pagamento;  HOVER FILTER
20-05-2024 14:03:13.275Z;functions.remessa_pagamento;  CLICK FILTER
20-05-2024 14:03:17.587Z;functions.remessa_pagamento;  CLICK NO FILTRO  STATUS DA REMESSA
20-05-2024 14:03:19.688Z;functions.remessa_pagamento;  APERTA TAB PARA ESCREVER O FILTRO
20-05-2024 14:03:21.794Z;functions.remessa_pagamento;  ESCREVE AUTORIZADO NO FILTRO
20-05-2024 14:03:23.896Z;functions.remessa_pagamento;  APERTA ENTER PARA SELECIONAR OS AUTORIZADO
20-05-2024 14:03:41.831Z;functions.remessa_pagamento;  SEM REMESSA DE BORDERO AUTORIZADO
20-05-2024 14:03:42.440Z;functions.enter_contas_a_pagar;  CLICK - TOTVS - LINHA RM
20-05-2024 14:03:43.393Z;functions.enter_contas_a_pagar;  CLICK - BACK OFFICE
20-05-2024 14:03:44.083Z;functions.enter_contas_a_pagar;  CLICK - GESTAO FINANCEIRA
20-05-2024 14:03:48.850Z;functions.enter_contas_a_pagar;  CLICK - CONTAS A PAGAR
20-05-2024 14:03:49.001Z;functions.waitForImage;  LANÇAMENTOS image found.
20-05-2024 14:03:51.125Z;functions.enter_contas_a_pagar;  CLICA EM LANÇAMENTOS
20-05-2024 14:04:06.621Z;functions.waitForImage;  LICENCAS EXCEDIDAS image not found.
20-05-2024 14:04:06.621Z;functions.obter_intervalo_data;  VERIFICANDO A HORA ATUAL 14
20-05-2024 14:04:06.637Z;functions.obter_intervalo_data;  Data Inicial FERIAS/RESCISAO antes da remoção: None
20-05-2024 14:04:06.637Z;functions.obter_intervalo_data;  Data Final FERIAS/RESCISAO antes da remoção: None
20-05-2024 14:04:06.637Z;functions.obter_intervalo_data;  Data Inicial FERIAS/RESCISAO após a remoção: None
20-05-2024 14:04:06.637Z;functions.obter_intervalo_data;  Data Final FERIAS/RESCISAO após a remoção: None
20-05-2024 14:04:06.637Z;functions.obter_intervalo_data;  hoje -  2024-05-20 14:04:06.637582
20-05-2024 14:04:06.637Z;functions.data_filter;  DATA INICIO 22-05-2024
20-05-2024 14:04:06.637Z;functions.data_filter;  DATA FIM 28-05-2024
20-05-2024 14:04:06.637Z;functions.data_filter;  CLICK - SELECIONA A DATA DE QUARTA FEIRA E DA PROXIMA TERÇA
20-05-2024 14:04:06.637Z;functions.data_filter;  QUARTA-FEIRA: 22-05-2024
20-05-2024 14:04:06.637Z;functions.data_filter;  TERCA-FEIRA: 28-05-2024
20-05-2024 14:04:18.846Z;functions.data_filter;  CLICK - BUTÃO DE SELECAO DE FILTRO
20-05-2024 14:04:22.565Z;functions.data_filter;  INSERE - DATA DE QUARTA-FEIRA: 22-05-2024
20-05-2024 14:04:26.018Z;functions.data_filter;  INSERE - DATA DA PROX TERCA-FEIRA: 28-05-2024
20-05-2024 14:04:26.643Z;functions.data_filter;  CLICK - BUTÃO DE EXECUTAR O FILTRO
20-05-2024 14:04:32.439Z;functions.desmark_filter;  CLICK CHECKBOX LANÇAMENTOS A RECEBER
20-05-2024 14:04:33.440Z;functions.desmark_filter;  CLICK CHECKBOX LANÇAMENTOS BAIXADOS
20-05-2024 14:04:34.268Z;functions.desmark_filter;  CLICK CHECKBOX LANÇAMENTOS CANCELADOS
20-05-2024 14:04:35.160Z;functions.desmark_filter;  CLICK CHECKBOX LANÇAMENTOS FATURADOS
20-05-2024 14:04:36.073Z;functions.desmark_filter;  ATUALIZA O FILTRO
20-05-2024 14:04:36.191Z;functions.waitForImage;  FILTER CLEAN image found.
20-05-2024 14:04:38.319Z;functions.filter_clean;  CLICK NO BOTÃO X DO LIMPA FILTRO
20-05-2024 14:04:53.509Z;functions.waitForImage;  FILTER CLEAN image not found.
20-05-2024 14:05:08.740Z;functions.waitForImage;  FILTER CLEAN image not found.
20-05-2024 14:05:09.690Z;functions.tabela_vazia;  Texto extraido 0/0
20-05-2024 14:05:09.705Z;functions.tabela_vazia;  Count 0
20-05-2024 14:05:09.705Z;functions.tabela_vazia;  Type <class 'int'>
20-05-2024 14:05:11.706Z;functions.tabela_vazia;  SEM REMESSA DE FÉRIAS/RESCISÃO
20-05-2024 14:05:13.707Z;main.<module>;  SEM REMESSA DE FÉRIAS/RESCISÃO
20-05-2024 14:05:15.783Z;errorhandler.__handle;  Property: Unknown Property name. [1:203: -ms-interpolation-mode]
20-05-2024 14:05:15.783Z;errorhandler.__handle;  Property: Unknown Property name. [1:353: -webkit-font-smoothing]
20-05-2024 14:05:15.799Z;errorhandler.__handle;  Property: Unknown Property name. [1:483: -ms-text-size-adjust]
20-05-2024 14:05:15.799Z;errorhandler.__handle;  Property: Unknown Property name. [1:518: -webkit-text-size-adjust]
20-05-2024 14:05:15.799Z;errorhandler.__handle;  Property: Unknown Property name. [1:612: mso-table-lspace]
20-05-2024 14:05:15.799Z;errorhandler.__handle;  Property: Unknown Property name. [1:642: mso-table-rspace]
20-05-2024 14:05:15.846Z;errorhandler.__handle;  Property: Unknown Property name. [1:4734: mso-hide]
20-05-2024 14:05:15.877Z;errorhandler.__handle;  Property: Unknown Property name. [1:13: -ms-interpolation-mode]
20-05-2024 14:05:15.877Z;errorhandler.__handle;  Property: Unknown Property name. [1:49: -webkit-font-smoothing]
20-05-2024 14:05:15.877Z;errorhandler.__handle;  Property: Unknown Property name. [1:134: -ms-text-size-adjust]
20-05-2024 14:05:15.877Z;errorhandler.__handle;  Property: Unknown Property name. [1:160: -webkit-text-size-adjust]
20-05-2024 14:05:15.877Z;errorhandler.__handle;  Property: Unknown Property name. [1:26: mso-table-lspace]
20-05-2024 14:05:15.877Z;errorhandler.__handle;  Property: Unknown Property name. [1:45: mso-table-rspace]
20-05-2024 14:05:15.893Z;errorhandler.__handle;  Property: Unknown Property name. [1:92: mso-hide]
20-05-2024 14:05:15.893Z;errorhandler.__handle;  Property: No ":" after name found: align-center [1:1: align-center]
20-05-2024 14:05:15.893Z;errorhandler.__handle;  Property: No property value found: align-center [1:1: align-center]
20-05-2024 14:05:15.893Z;errorhandler.__handle;  CSSStyleDeclaration: Syntax Error in Property: align-center
20-05-2024 14:05:15.893Z;errorhandler.__handle;  Property: Unknown Property name. [1:14: -ms-interpolation-mode]
20-05-2024 14:05:18.440Z;functions.emailFinalizado;  Finalizado e-mail sent.
20-05-2024 14:05:18.518Z;functions.encerra_prog;  RM ENCERRADO
