02-08-2024 15:00:48.882Z;functions.bot_text_art;      ____   
02-08-2024 15:00:48.883Z;functions.bot_text_art;     [____]    
02-08-2024 15:00:48.883Z;functions.bot_text_art;   |=]()()[=|  
02-08-2024 15:00:48.886Z;functions.bot_text_art;     _\==/__    _____    ____     _        _____    ___   _  __
02-08-2024 15:00:48.886Z;functions.bot_text_art;   |__|   |_|  |  _  \  / ___|   | |      |_   _| / ___| | |/ /
02-08-2024 15:00:48.886Z;functions.bot_text_art;   |_|_/\_|_|  | |  | | | |      | |        | |   | |    | ' / 
02-08-2024 15:00:48.886Z;functions.bot_text_art;   | | __ | |  | |  | | | |      | |        | |   | |    |  <  
02-08-2024 15:00:48.886Z;functions.bot_text_art;   |_|[  ]|_|  | |__| | | |____  | |____   _| |_  | |__  | . \ 
02-08-2024 15:00:48.890Z;functions.bot_text_art;   \_|_||_|_/  |_____/   \_____| |______| |_____| \ ___| |_|\_\
02-08-2024 15:00:48.890Z;functions.bot_text_art;     |_||_|                                                     
02-08-2024 15:00:48.890Z;functions.bot_text_art;     | ||_|_   
02-08-2024 15:00:48.890Z;functions.bot_text_art;   |___||___|  
02-08-2024 15:00:48.890Z;functions.bot_text_art;               
02-08-2024 15:00:48.906Z;functions.open_RM;  OPEN PROGRAM RM
02-08-2024 15:01:11.267Z;functions.loggin_RM;  ENTRAR USER_NAME
02-08-2024 15:01:15.464Z;functions.loggin_RM;  ENTRAR PASSWORD
02-08-2024 15:01:17.433Z;functions.loggin_RM;  ENTRAR RM
02-08-2024 15:04:39.292Z;functions.enter_coligada;  AGUARDANDO 1
02-08-2024 15:04:40.775Z;functions.enter_coligada;  CLICK CONTEXTO
02-08-2024 15:04:43.964Z;functions.enter_coligada;  CLICK ALTERAR MODULO DO CONTEXTO
02-08-2024 15:04:48.413Z;functions.enter_coligada;  INSERE O COLIGADA CODE = 1
02-08-2024 15:04:48.521Z;functions.enter_coligada;  APERTA TAB PARA PREENCHER O CAMPO COM A STRING: OCEANICA ENGENHARIA E CONSULTORIA S.A.
02-08-2024 15:04:50.871Z;functions.enter_coligada;  CLICK AVANÇAR NOVAMENTE
02-08-2024 15:04:52.430Z;functions.enter_coligada;  CLICK CONCLUIR
02-08-2024 15:05:12.588Z;functions.waitForImage;  TROCA COLIGADA image not found.
02-08-2024 15:05:32.099Z;functions.enter_coligada;  POP UP COLIGADA DESAPARECER
02-08-2024 15:05:33.306Z;functions.check_movimentacao_bancaria;  CLICK - TOTVS - LINHA RM
02-08-2024 15:05:35.588Z;functions.check_movimentacao_bancaria;  CLICK - BACK OFFICE
02-08-2024 15:05:38.745Z;functions.check_movimentacao_bancaria;  CLICK - GESTAO FINANCEIRA
02-08-2024 15:05:38.745Z;functions.obter_intervalo_data;  VERIFICANDO A HORA ATUAL 15
02-08-2024 15:05:38.772Z;functions.obter_intervalo_data;  Data Inicial FERIAS/RESCISAO antes da remoção: None
02-08-2024 15:05:38.773Z;functions.obter_intervalo_data;  Data Final FERIAS/RESCISAO antes da remoção: None
02-08-2024 15:05:38.781Z;functions.obter_intervalo_data;  Data Inicial FERIAS/RESCISAO após a remoção: None
02-08-2024 15:05:38.781Z;functions.obter_intervalo_data;  Data Final FERIAS/RESCISAO após a remoção: None
02-08-2024 15:05:38.781Z;functions.obter_intervalo_data;  hoje -  2024-08-02 15:05:38.781570
02-08-2024 15:05:38.782Z;functions.check_movimentacao_bancaria;  DATA INICIO 07-08-2024
02-08-2024 15:05:38.782Z;functions.check_movimentacao_bancaria;  DATA FIM 13-08-2024
02-08-2024 15:05:38.782Z;functions.movimentacao_bancaria;  AGUARDANDO 1
02-08-2024 15:05:44.934Z;functions.movimentacao_bancaria;  CLICK NA ABA MOVIMENTAÇÃO BANCARIA
02-08-2024 15:05:47.201Z;functions.waitForImage;  IMAGEM BORDERO image found.
02-08-2024 15:05:49.343Z;functions.movimentacao_bancaria;  IMAGEM BORDERO CLICADA.
02-08-2024 15:05:59.952Z;functions.waitForImage;  LICENCAS EXCEDIDAS image not found.
02-08-2024 15:06:00.801Z;functions.movimentacao_bancaria;  ENCONTROU O FILTRO DA MOVIMENTAÇÃO BANCÁRIA
02-08-2024 15:06:00.865Z;functions.movimentacao_bancaria;  CLICA NA ABA SUPERIOR DO FILTRO
02-08-2024 15:06:05.074Z;functions.movimentacao_bancaria;  SELECIONA O FILTRO HOJE
02-08-2024 15:06:09.563Z;functions.waitForImage;  FILTER CLEAN image found.
02-08-2024 15:06:11.719Z;functions.filter_clean;  CLICK NO BOTÃO X DO LIMPA FILTRO
02-08-2024 15:06:11.977Z;functions.waitForImage;  FILTER CLEAN image found.
02-08-2024 15:06:14.125Z;functions.filter_clean;  CLICK NO BOTÃO X DO LIMPA FILTRO
02-08-2024 15:06:29.339Z;functions.waitForImage;  FILTER CLEAN image not found.
02-08-2024 15:06:33.587Z;functions.movimentacao_bancaria;  CLICK NA PRIMEIRA LINHA DA TABELA MOVIMENTAÇÃO BANCÁRIA
02-08-2024 15:06:34.817Z;functions.movimentacao_bancaria;  12 PASSOS PARA DIREITA NA TABELA >>
02-08-2024 15:06:37.467Z;functions.movimentacao_bancaria;  HOVER FILTER
02-08-2024 15:06:38.187Z;functions.movimentacao_bancaria;  CLICK FILTER
02-08-2024 15:06:42.521Z;functions.movimentacao_bancaria;  CLICK NO FILTRO  STATUS DA REMESSA
02-08-2024 15:06:44.624Z;functions.movimentacao_bancaria;  APERTA TAB PARA ESCREVER O FILTRO
02-08-2024 15:06:46.742Z;functions.movimentacao_bancaria;  ESCREVE PENDENTE NO FILTRO
02-08-2024 15:06:48.845Z;functions.movimentacao_bancaria;  APERTA ENTER PARA SELECIONAR OS PENDENTES
02-08-2024 15:07:07.627Z;functions.movimentacao_bancaria;  SEM PROCESSAMENTO DE BORDERO PENDENTE.
02-08-2024 15:07:12.875Z;functions.waitForImage;  FILTER CLEAN image found.
02-08-2024 15:07:15.032Z;functions.filter_clean;  CLICK NO BOTÃO X DO LIMPA FILTRO
02-08-2024 15:07:30.306Z;functions.waitForImage;  FILTER CLEAN image not found.
02-08-2024 15:07:45.496Z;functions.waitForImage;  FILTER CLEAN image not found.
02-08-2024 15:07:47.898Z;functions.remessa_pagamento;  CLICK NA PRIMEIRA LINHA DA TABELA MOVIMENTAÇÃO BANCÁRIA
02-08-2024 15:07:50.595Z;functions.remessa_pagamento;  HOVER FILTER
02-08-2024 15:07:51.232Z;functions.remessa_pagamento;  CLICK FILTER
02-08-2024 15:07:55.571Z;functions.remessa_pagamento;  CLICK NO FILTRO  STATUS DA REMESSA
02-08-2024 15:07:57.674Z;functions.remessa_pagamento;  APERTA TAB PARA ESCREVER O FILTRO
02-08-2024 15:07:59.795Z;functions.remessa_pagamento;  ESCREVE AUTORIZADO NO FILTRO
02-08-2024 15:08:01.898Z;functions.remessa_pagamento;  APERTA ENTER PARA SELECIONAR OS AUTORIZADO
02-08-2024 15:08:20.854Z;functions.remessa_pagamento;  SEM REMESSA DE BORDERO AUTORIZADO
02-08-2024 15:08:22.055Z;functions.enter_contas_a_pagar;  CLICK - TOTVS - LINHA RM
02-08-2024 15:08:23.960Z;functions.enter_contas_a_pagar;  CLICK - BACK OFFICE
02-08-2024 15:08:25.182Z;functions.enter_contas_a_pagar;  CLICK - GESTAO FINANCEIRA
02-08-2024 15:08:31.744Z;functions.enter_contas_a_pagar;  CLICK - CONTAS A PAGAR
02-08-2024 15:08:32.026Z;functions.waitForImage;  LANÇAMENTOS image found.
02-08-2024 15:08:34.155Z;functions.enter_contas_a_pagar;  CLICA EM LANÇAMENTOS
02-08-2024 15:08:49.179Z;functions.waitForImage;  LICENCAS EXCEDIDAS image not found.
02-08-2024 15:08:49.180Z;functions.data_filter;  CLICK - SELECIONA A DATA DE QUARTA FEIRA E DA PROXIMA TERÇA
02-08-2024 15:08:49.180Z;functions.data_filter;  QUARTA-FEIRA: 07-08-2024
02-08-2024 15:08:49.181Z;functions.data_filter;  TERCA-FEIRA: 13-08-2024
02-08-2024 15:09:09.921Z;functions.data_filter;  FILTRO - REMESSA FERIAS/RESCISAO
02-08-2024 15:09:11.151Z;functions.data_filter;  CLICK - BUTÃO DE SELECAO DE FILTRO
02-08-2024 15:09:16.492Z;functions.data_filter;  INSERE - DATA DE QUARTA-FEIRA: 07-08-2024
02-08-2024 15:09:21.302Z;functions.data_filter;  INSERE - DATA DA PROX TERCA-FEIRA: 13-08-2024
02-08-2024 15:09:22.555Z;functions.data_filter;  CLICK - BUTÃO DE EXECUTAR O FILTRO
02-08-2024 15:09:27.557Z;functions.desmark_filter;  AGUARDANDO 1
02-08-2024 15:09:30.368Z;functions.desmark_filter;  CLICK CHECKBOX LANÇAMENTOS A RECEBER
02-08-2024 15:09:33.272Z;functions.desmark_filter;  CLICK CHECKBOX LANÇAMENTOS BAIXADOS
02-08-2024 15:09:36.476Z;functions.desmark_filter;  CLICK CHECKBOX LANÇAMENTOS CANCELADOS
02-08-2024 15:09:40.118Z;functions.desmark_filter;  CLICK CHECKBOX LANÇAMENTOS FATURADOS
02-08-2024 15:09:43.852Z;functions.desmark_filter;  ATUALIZA O FILTRO
02-08-2024 15:09:44.053Z;functions.waitForImage;  FILTER CLEAN image found.
02-08-2024 15:09:46.187Z;functions.filter_clean;  CLICK NO BOTÃO X DO LIMPA FILTRO
02-08-2024 15:10:01.562Z;functions.waitForImage;  FILTER CLEAN image not found.
02-08-2024 15:10:17.051Z;functions.waitForImage;  FILTER CLEAN image not found.
02-08-2024 15:10:21.230Z;functions.tabela_vazia;  Texto extraido 1/1
02-08-2024 15:10:21.231Z;functions.tabela_vazia;  Count 1
02-08-2024 15:10:21.231Z;functions.tabela_vazia;  Type <class 'int'>
02-08-2024 15:10:21.231Z;functions.tabela_vazia;  TABELA CONTÉM REGISTROS
02-08-2024 15:10:22.931Z;functions.desbloqueio;  SELECIONA TODAS AS TUPLAS
02-08-2024 15:10:28.035Z;functions.desbloqueio;  CONTROL P PARA SELECIONAR PROCESSO
02-08-2024 15:10:33.256Z;functions.desbloqueio;  7 SETAS PARA BAIXO - MANUTENÇÃO DE LANÇAMENTO
02-08-2024 15:10:35.358Z;functions.desbloqueio;  SETA PARA DIREITA
02-08-2024 15:10:42.184Z;functions.desbloqueio;  8 SETAS PARA BAIXO
02-08-2024 15:10:44.287Z;functions.desbloqueio;  ENTER PARA SELECIONAR DESBLOQUEIO ALTERAÇÃO
02-08-2024 15:11:46.699Z;functions.exec_lancamentos;  CONTROL G
02-08-2024 15:11:51.118Z;functions.exec_lancamentos;  CLICK PARA APARECER CONTA/CAIXA
02-08-2024 15:11:52.774Z;functions.exec_lancamentos;  SELECIONA CONTA/CAIXA
02-08-2024 15:11:54.401Z;functions.exec_lancamentos;  CLICK NO BOTÃO [...]
02-08-2024 15:11:57.782Z;functions.exec_lancamentos;  CLICK NO CAMPO PESQUISA E DIGITA: %3212
02-08-2024 15:11:59.277Z;functions.exec_lancamentos;  CLICK NO BOTÃO DO FILTRO
02-08-2024 15:12:00.866Z;functions.exec_lancamentos;  CLICK NO BOTÃO OK
02-08-2024 15:12:02.336Z;functions.exec_lancamentos;  CLICK NO BOTÃO EXECUTAR
02-08-2024 15:12:02.336Z;functions.process_lancamentos;  AGUARDANDO 1
02-08-2024 15:12:19.633Z;functions.waitForImage;  PRESS BUTTON OK image found.
02-08-2024 15:12:19.633Z;functions.process_lancamentos;  O PROCESSAMENTO DE LANÇAMENTO FOI EXECUTADO COM SUCESSO.
02-08-2024 15:12:25.953Z;functions.process_lancamentos;  Lançamento Ref. 987621: Convênio alterado para o convênio default '7' da conta Caixa '02675-5' .
Alteração Global de Lançamentos executada com sucesso

02-08-2024 15:12:38.216Z;functions.proccess_bordero;  SELECIONAR INCLUSÃO DE BORDERO
02-08-2024 15:12:58.401Z;functions.waitForImage;  PRESS BUTON SIM image not found.
02-08-2024 15:13:00.399Z;functions.proccess_bordero;  CLICK EM CONVÊNIO TRÊS PONTINHOS
02-08-2024 15:13:02.726Z;functions.proccess_bordero;  CLICK EM COMBOBOX PARA SELECIONAR O ID DO CONVÊNIO
02-08-2024 15:13:04.402Z;functions.proccess_bordero;  CLICK EM ID DO CONVÊNIO
02-08-2024 15:13:06.504Z;functions.proccess_bordero;  APERTA TAB PARA ESCREVER O ID
02-08-2024 15:13:08.608Z;functions.proccess_bordero;  ESCREVE O ID 9 - FERIAS/RESCISÃO
02-08-2024 15:13:10.711Z;functions.proccess_bordero;  APERTA ENTER PARA SELECIONAR O ID 9 - FERIAS/RESCISÃO
02-08-2024 15:13:12.814Z;functions.proccess_bordero;  APERTA ENTER PARA ESCOLHER O ID 9 - FERIAS/RESCISÃO
02-08-2024 15:13:16.147Z;functions.proccess_bordero;  CLICK EM EXECUTAR NA INCLUSÃO DO BORDÊRO
02-08-2024 15:13:34.262Z;functions.waitForImage;  PRESS BUTTON OK image found.
02-08-2024 15:13:36.264Z;functions.proccess_bordero;  O PROCESSAMENTO DO BORDERO FOI EXECUTADO COM SUCESSO.
02-08-2024 15:13:39.587Z;functions.proccess_bordero;  CLICK EM FECHAR.
02-08-2024 15:13:41.588Z;functions.movimentacao_bancaria;  AGUARDANDO 1
02-08-2024 15:13:43.022Z;functions.movimentacao_bancaria;  CLICK NA ABA MOVIMENTAÇÃO BANCARIA
02-08-2024 15:13:45.302Z;functions.waitForImage;  IMAGEM BORDERO image found.
02-08-2024 15:13:47.436Z;functions.movimentacao_bancaria;  IMAGEM BORDERO CLICADA.
02-08-2024 15:13:57.443Z;functions.waitForImage;  LICENCAS EXCEDIDAS image not found.
02-08-2024 15:13:58.275Z;functions.movimentacao_bancaria;  ENCONTROU O FILTRO DA MOVIMENTAÇÃO BANCÁRIA
02-08-2024 15:13:58.368Z;functions.movimentacao_bancaria;  CLICA NA ABA SUPERIOR DO FILTRO
02-08-2024 15:14:02.580Z;functions.movimentacao_bancaria;  SELECIONA O FILTRO HOJE
02-08-2024 15:14:04.214Z;functions.waitForImage;  FILTER CLEAN image found.
02-08-2024 15:14:06.342Z;functions.filter_clean;  CLICK NO BOTÃO X DO LIMPA FILTRO
02-08-2024 15:14:22.036Z;functions.waitForImage;  FILTER CLEAN image not found.
02-08-2024 15:14:37.224Z;functions.waitForImage;  FILTER CLEAN image not found.
02-08-2024 15:14:41.367Z;functions.movimentacao_bancaria;  CLICK NA PRIMEIRA LINHA DA TABELA MOVIMENTAÇÃO BANCÁRIA
02-08-2024 15:14:42.598Z;functions.movimentacao_bancaria;  12 PASSOS PARA DIREITA NA TABELA >>
02-08-2024 15:14:45.131Z;functions.movimentacao_bancaria;  HOVER FILTER
02-08-2024 15:14:45.762Z;functions.movimentacao_bancaria;  CLICK FILTER
02-08-2024 15:14:50.101Z;functions.movimentacao_bancaria;  CLICK NO FILTRO  STATUS DA REMESSA
02-08-2024 15:14:52.205Z;functions.movimentacao_bancaria;  APERTA TAB PARA ESCREVER O FILTRO
02-08-2024 15:14:54.321Z;functions.movimentacao_bancaria;  ESCREVE PENDENTE NO FILTRO
02-08-2024 15:14:56.423Z;functions.movimentacao_bancaria;  APERTA ENTER PARA SELECIONAR OS PENDENTES
02-08-2024 15:15:02.270Z;functions.movimentacao_bancaria;  SELECIONA TODAS AS TUPLAS COM STATUS PENDENTE
02-08-2024 15:15:04.374Z;functions.movimentacao_bancaria;  CLICK EM PROCESSOS
02-08-2024 15:15:06.477Z;functions.movimentacao_bancaria;  APERTA PARA BAIXO
02-08-2024 15:15:08.581Z;functions.movimentacao_bancaria;  APERTA ENTER
02-08-2024 15:15:11.993Z;functions.movimentacao_bancaria;  CLICK EM EXECUTAR BORDERO DE PAGAMENTO
02-08-2024 15:15:11.993Z;functions.movimentacao_bancaria;  AGUARDANDO 1
02-08-2024 15:15:26.774Z;functions.waitForImage;  PRESS BUTTON OK image found.
02-08-2024 15:15:26.774Z;functions.movimentacao_bancaria;  O PROCESSAMENTO DE AUTORIZAÇÃO DO BORDERO FOI EXECUTADO COM SUCESSO.
02-08-2024 15:15:28.089Z;functions.movimentacao_bancaria;  CLICK EM FECHAR.
02-08-2024 15:15:33.350Z;functions.waitForImage;  FILTER CLEAN image found.
02-08-2024 15:15:35.493Z;functions.filter_clean;  CLICK NO BOTÃO X DO LIMPA FILTRO
02-08-2024 15:15:50.758Z;functions.waitForImage;  FILTER CLEAN image not found.
02-08-2024 15:16:06.473Z;functions.waitForImage;  FILTER CLEAN image not found.
02-08-2024 15:16:25.831Z;functions.remessa_pagamento;  12 PASSOS PARA ESQUERDA NA TABELA >>
02-08-2024 15:16:28.442Z;functions.remessa_pagamento;  HOVER FILTER
02-08-2024 15:16:29.155Z;functions.remessa_pagamento;  CLICK FILTER
02-08-2024 15:16:33.490Z;functions.remessa_pagamento;  CLICA NO FILTRO  STATUS DA REMESSA
02-08-2024 15:16:35.593Z;functions.remessa_pagamento;  APERTA TAB PARA ESCREVER O FILTRO
02-08-2024 15:16:37.714Z;functions.remessa_pagamento;  ESCREVE AUTORIZADO NO FILTRO
02-08-2024 15:16:39.817Z;functions.remessa_pagamento;  APERTA ENTER PARA SELECIONAR OS AUTORIZADOS
02-08-2024 15:16:47.341Z;functions.remessa_pagamento;  6 PASSOS PARA ESQUERDA NA TABELA <<
02-08-2024 15:16:50.439Z;functions.check_user_bot;  Texto extraido 1/1
02-08-2024 15:16:50.439Z;functions.check_user_bot;  Count 1
02-08-2024 15:16:50.439Z;functions.check_user_bot;  Type <class 'int'>
02-08-2024 15:16:52.544Z;functions.check_user_bot;  CHECK USER BOT 1
02-08-2024 15:16:54.546Z;functions.check_user_bot;  dclick
02-08-2024 15:16:57.262Z;functions.check_user_bot;  7 PASSOS PARA DIREITA NA TABELA >>
02-08-2024 15:17:01.369Z;functions.check_user_bot;  341 / 3212 / 02675 - FERIAS/RESCISAO
02-08-2024 15:17:01.370Z;functions.check_user_bot;  NOME FERIAS/RECISAO ENCONTRADO
02-08-2024 15:17:03.579Z;functions.check_user_bot;  CLICK EM PROCESSOS
02-08-2024 15:17:05.682Z;functions.check_user_bot;  APERTA PARA BAIXO 0
02-08-2024 15:17:07.785Z;functions.check_user_bot;  APERTA PARA BAIXO 1
02-08-2024 15:17:09.888Z;functions.check_user_bot;  APERTA PARA BAIXO 2
02-08-2024 15:17:11.993Z;functions.check_user_bot;  APERTA ENTER
02-08-2024 15:17:15.430Z;functions.check_user_bot;  CLICK EM REMESSAS DE PAGAMENTO
02-08-2024 15:17:16.534Z;functions.check_user_bot;  APERTA TAB 0
02-08-2024 15:17:17.637Z;functions.check_user_bot;  APERTA TAB 1
02-08-2024 15:17:18.741Z;functions.check_user_bot;  APERTA TAB 2
02-08-2024 15:17:29.554Z;functions.check_user_bot;  CLICK EM AVANÇAR
02-08-2024 15:17:29.554Z;functions.check_user_bot;  CLICK - SELECIONA A DATA DE QUARTA FEIRA E DA PROXIMA TERÇA
02-08-2024 15:17:29.555Z;functions.check_user_bot;  QUARTA-FEIRA: 07-08-2024
02-08-2024 15:17:29.555Z;functions.check_user_bot;  TERCA-FEIRA: 13-08-2024
02-08-2024 15:17:34.866Z;functions.check_user_bot;  DESMARCA CHECKBOX PARA SALVAR ARQUIVO DE REMESSA
02-08-2024 15:17:36.304Z;functions.check_user_bot;  CLICK NOS ... PARA SELECIONAR O DIRETÓRIO E NOME DO ARQUIVO.
02-08-2024 15:17:40.903Z;functions.check_user_bot;  DUPLO CLICK NO DIRETORIO
02-08-2024 15:17:43.326Z;functions.check_user_bot;  APERTA TAB 0
02-08-2024 15:17:43.929Z;functions.check_user_bot;  APERTA TAB 1
02-08-2024 15:17:44.533Z;functions.check_user_bot;  APERTA TAB 2
02-08-2024 15:17:45.138Z;functions.check_user_bot;  APERTA TAB 3
02-08-2024 15:17:45.741Z;functions.check_user_bot;  APERTA TAB 4
02-08-2024 15:17:46.346Z;functions.check_user_bot;  APERTA TAB 5
02-08-2024 15:17:46.347Z;functions.check_user_bot;  A ULTIMA LETRA USADA: C
02-08-2024 15:17:46.347Z;functions.check_user_bot;  A LETRA SERA: D
02-08-2024 15:17:46.477Z;functions.check_user_bot;  F071324D.txt
02-08-2024 15:17:47.842Z;functions.check_user_bot;  CLICK NO BUTÃO SALVAR
02-08-2024 15:17:49.836Z;functions.check_user_bot;  CLICK EM AVANCAR PARA CONCLUIR
02-08-2024 15:17:51.556Z;functions.check_user_bot;  CLICK EM EXECUTAR
02-08-2024 15:18:10.912Z;functions.waitForImage;  PRESS BUTTON OK image found.
02-08-2024 15:18:12.914Z;functions.check_user_bot;  O PROCESSAMENTO DE AUTORIZAÇÃO DO BORDERO FOI EXECUTADO COM SUCESSO.
02-08-2024 15:18:23.356Z;functions.check_user_bot;  ===========================================================================================================
LANÇAMENTOS ENVIADOS PARA REMESSA PAGAMENTO
Coligada: 1
ID Remessa: 10
Convênio: 9
Data: 02/08/2024 15:18:08
Borderô remetidos: 1
===========================================================================================================
Borderô: 1-10540

Lançamentos remetidos no Borderô:
Lancamento 1-987621
----------------------------------------------------------------------------------------------------------


02-08-2024 15:18:25.943Z;errorhandler.__handle;  CSSStyleDeclaration: Unexpected token, ignoring upto '{        border: none;'. [1:174: {]
02-08-2024 15:18:25.944Z;errorhandler.__handle;  Property: Unknown Property name. [1:204: -ms-interpolation-mode]
02-08-2024 15:18:25.947Z;errorhandler.__handle;  CSSStyleDeclaration: Unexpected token, ignoring upto '}'. [1:267: }]
02-08-2024 15:18:25.948Z;errorhandler.__handle;  CSSStyleDeclaration: Unexpected token, ignoring upto '{        background-color: #f6f6f6;'. [1:281: {]
02-08-2024 15:18:25.962Z;errorhandler.__handle;  Property: Unknown Property name. [1:356: -webkit-font-smoothing]
02-08-2024 15:18:25.974Z;errorhandler.__handle;  Property: Unknown Property name. [1:486: -ms-text-size-adjust]
02-08-2024 15:18:25.974Z;errorhandler.__handle;  Property: Unknown Property name. [1:521: -webkit-text-size-adjust]
02-08-2024 15:18:25.975Z;errorhandler.__handle;  CSSStyleDeclaration: Unexpected token, ignoring upto '}'. [1:559: }]
02-08-2024 15:18:25.977Z;errorhandler.__handle;  CSSStyleDeclaration: Unexpected token, ignoring upto '{        border-collapse: separate;'. [1:574: {]
02-08-2024 15:18:25.977Z;errorhandler.__handle;  Property: Unknown Property name. [1:617: mso-table-lspace]
02-08-2024 15:18:25.978Z;errorhandler.__handle;  Property: Unknown Property name. [1:647: mso-table-rspace]
02-08-2024 15:18:25.981Z;errorhandler.__handle;  CSSStyleDeclaration: Unexpected token, ignoring upto '}'. [1:690: }]
02-08-2024 15:18:25.982Z;errorhandler.__handle;  CSSStyleDeclaration: Unexpected token, ignoring upto '{          font-family: sans-serif;'. [1:710: {]
02-08-2024 15:18:25.988Z;errorhandler.__handle;  CSSStyleDeclaration: Unexpected token, ignoring upto '}'. [1:808: }]
02-08-2024 15:18:25.988Z;errorhandler.__handle;  CSSStyleDeclaration: Unexpected token, ignoring upto '{        background-color: #f6f6f6;'. [1:941: {]
02-08-2024 15:18:25.990Z;errorhandler.__handle;  CSSStyleDeclaration: Unexpected token, ignoring upto '}'. [1:1003: }]
02-08-2024 15:18:25.992Z;errorhandler.__handle;  CSSStyleDeclaration: Unexpected token, ignoring upto '{        display: block;'. [1:1178: {]
02-08-2024 15:18:25.995Z;errorhandler.__handle;  CSSStyleDeclaration: Unexpected token, ignoring upto '}'. [1:1342: }]
02-08-2024 15:18:25.996Z;errorhandler.__handle;  CSSStyleDeclaration: Unexpected token, ignoring upto '{        box-sizing: border-box;'. [1:1452: {]
02-08-2024 15:18:26.001Z;errorhandler.__handle;  CSSStyleDeclaration: Unexpected token, ignoring upto '}'. [1:1584: }]
02-08-2024 15:18:26.003Z;errorhandler.__handle;  CSSStyleDeclaration: Unexpected token, ignoring upto '{        background: #ffffff;'. [1:1721: {]
02-08-2024 15:18:26.006Z;errorhandler.__handle;  CSSStyleDeclaration: Unexpected token, ignoring upto '}'. [1:1804: }]
02-08-2024 15:18:26.007Z;errorhandler.__handle;  CSSStyleDeclaration: Unexpected token, ignoring upto '{        box-sizing: border-box;'. [1:1822: {]
02-08-2024 15:18:26.008Z;errorhandler.__handle;  CSSStyleDeclaration: Unexpected token, ignoring upto '}'. [1:1883: }]
02-08-2024 15:18:26.009Z;errorhandler.__handle;  CSSStyleDeclaration: Unexpected token, ignoring upto '{        padding-bottom: 10px;'. [1:1907: {]
02-08-2024 15:18:26.012Z;errorhandler.__handle;  CSSStyleDeclaration: Unexpected token, ignoring upto '}'. [1:1969: }]
02-08-2024 15:18:26.013Z;errorhandler.__handle;  CSSStyleDeclaration: Unexpected token, ignoring upto '{        clear: both;'. [1:1986: {]
02-08-2024 15:18:26.017Z;errorhandler.__handle;  CSSStyleDeclaration: Unexpected token, ignoring upto '}'. [1:2086: }]
02-08-2024 15:18:26.019Z;errorhandler.__handle;  CSSStyleDeclaration: Unexpected token, ignoring upto '{          color: #999999;'. [1:2165: {]
02-08-2024 15:18:26.020Z;errorhandler.__handle;  CSSStyleDeclaration: Unexpected token, ignoring upto '}'. [1:2253: }]
02-08-2024 15:18:26.022Z;errorhandler.__handle;  CSSStyleDeclaration: Unexpected token, ignoring upto '{        color: #000000;'. [1:2404: {]
02-08-2024 15:18:26.027Z;errorhandler.__handle;  CSSStyleDeclaration: Unexpected token, ignoring upto '}'. [1:2563: }]
02-08-2024 15:18:26.029Z;errorhandler.__handle;  CSSStyleDeclaration: Unexpected token, ignoring upto '{        font-size: 35px;'. [1:2575: {]
02-08-2024 15:18:26.032Z;errorhandler.__handle;  CSSStyleDeclaration: Unexpected token, ignoring upto '}'. [1:2694: }]
02-08-2024 15:18:26.033Z;errorhandler.__handle;  CSSStyleDeclaration: Unexpected token, ignoring upto '{        font-family: sans-serif;'. [1:2723: {]
02-08-2024 15:18:26.036Z;errorhandler.__handle;  CSSStyleDeclaration: Unexpected token, ignoring upto '}'. [1:2861: }]
02-08-2024 15:18:26.037Z;errorhandler.__handle;  CSSStyleDeclaration: Unexpected token, ignoring upto '{          list-style-position: inside;'. [1:2905: {]
02-08-2024 15:18:26.038Z;errorhandler.__handle;  CSSStyleDeclaration: Unexpected token, ignoring upto '}'. [1:2978: }]
02-08-2024 15:18:26.040Z;errorhandler.__handle;  CSSStyleDeclaration: Unexpected token, ignoring upto '{        color: #3498db;'. [1:2989: {]
02-08-2024 15:18:26.041Z;errorhandler.__handle;  CSSStyleDeclaration: Unexpected token, ignoring upto '}'. [1:3055: }]
02-08-2024 15:18:26.043Z;errorhandler.__handle;  CSSStyleDeclaration: Unexpected token, ignoring upto '{        box-sizing: border-box;'. [1:3178: {]
02-08-2024 15:18:26.044Z;errorhandler.__handle;  CSSStyleDeclaration: Unexpected token, ignoring upto '}'. [1:3231: }]
02-08-2024 15:18:26.046Z;errorhandler.__handle;  CSSStyleDeclaration: Unexpected token, ignoring upto '{          padding-bottom: 15px;'. [1:3265: {]
02-08-2024 15:18:26.046Z;errorhandler.__handle;  CSSStyleDeclaration: Unexpected token, ignoring upto '}'. [1:3298: }]
02-08-2024 15:18:26.047Z;errorhandler.__handle;  CSSStyleDeclaration: Unexpected token, ignoring upto '{          width: auto;'. [1:3320: {]
02-08-2024 15:18:26.048Z;errorhandler.__handle;  CSSStyleDeclaration: Unexpected token, ignoring upto '}'. [1:3350: }]
02-08-2024 15:18:26.050Z;errorhandler.__handle;  CSSStyleDeclaration: Unexpected token, ignoring upto '{          background-color: #ffffff;'. [1:3375: {]
02-08-2024 15:18:26.051Z;errorhandler.__handle;  CSSStyleDeclaration: Unexpected token, ignoring upto '}'. [1:3477: }]
02-08-2024 15:18:26.054Z;errorhandler.__handle;  CSSStyleDeclaration: Unexpected token, ignoring upto '{          background-color: #ffffff;'. [1:3495: {]
02-08-2024 15:18:26.269Z;errorhandler.__handle;  CSSStyleDeclaration: Unexpected token, ignoring upto '}'. [1:3892: }]
02-08-2024 15:18:26.272Z;errorhandler.__handle;  CSSStyleDeclaration: Unexpected token, ignoring upto '{        background-color: #3498db;'. [1:3923: {]
02-08-2024 15:18:26.272Z;errorhandler.__handle;  CSSStyleDeclaration: Unexpected token, ignoring upto '}'. [1:3965: }]
02-08-2024 15:18:26.273Z;errorhandler.__handle;  CSSStyleDeclaration: Unexpected token, ignoring upto '{        background-color: #3498db;'. [1:3989: {]
02-08-2024 15:18:26.331Z;errorhandler.__handle;  CSSStyleDeclaration: Unexpected token, ignoring upto '}'. [1:4084: }]
02-08-2024 15:18:26.332Z;errorhandler.__handle;  CSSStyleDeclaration: Unexpected token, ignoring upto '{        margin-bottom: 0;'. [1:4234: {]
02-08-2024 15:18:26.332Z;errorhandler.__handle;  CSSStyleDeclaration: Unexpected token, ignoring upto '}'. [1:4267: }]
02-08-2024 15:18:26.334Z;errorhandler.__handle;  CSSStyleDeclaration: Unexpected token, ignoring upto '{        margin-top: 0;'. [1:4283: {]
02-08-2024 15:18:26.334Z;errorhandler.__handle;  CSSStyleDeclaration: Unexpected token, ignoring upto '}'. [1:4313: }]
02-08-2024 15:18:26.334Z;errorhandler.__handle;  CSSStyleDeclaration: Unexpected token, ignoring upto '{        text-align: center;'. [1:4336: {]
02-08-2024 15:18:26.334Z;errorhandler.__handle;  CSSStyleDeclaration: Unexpected token, ignoring upto '}'. [1:4371: }]
02-08-2024 15:18:26.338Z;errorhandler.__handle;  CSSStyleDeclaration: Unexpected token, ignoring upto '{        text-align: right;'. [1:4393: {]
02-08-2024 15:18:26.338Z;errorhandler.__handle;  CSSStyleDeclaration: Unexpected token, ignoring upto '}'. [1:4427: }]
02-08-2024 15:18:26.339Z;errorhandler.__handle;  CSSStyleDeclaration: Unexpected token, ignoring upto '{        text-align: left;'. [1:4448: {]
02-08-2024 15:18:26.340Z;errorhandler.__handle;  CSSStyleDeclaration: Unexpected token, ignoring upto '}'. [1:4481: }]
02-08-2024 15:18:26.341Z;errorhandler.__handle;  CSSStyleDeclaration: Unexpected token, ignoring upto '{        clear: both;'. [1:4497: {]
02-08-2024 15:18:26.341Z;errorhandler.__handle;  CSSStyleDeclaration: Unexpected token, ignoring upto '}'. [1:4525: }]
02-08-2024 15:18:26.342Z;errorhandler.__handle;  CSSStyleDeclaration: Unexpected token, ignoring upto '{        margin-top: 0;'. [1:4539: {]
02-08-2024 15:18:26.342Z;errorhandler.__handle;  CSSStyleDeclaration: Unexpected token, ignoring upto '}'. [1:4569: }]
02-08-2024 15:18:26.343Z;errorhandler.__handle;  CSSStyleDeclaration: Unexpected token, ignoring upto '{        margin-bottom: 0;'. [1:4583: {]
02-08-2024 15:18:26.343Z;errorhandler.__handle;  CSSStyleDeclaration: Unexpected token, ignoring upto '}'. [1:4616: }]
02-08-2024 15:18:26.344Z;errorhandler.__handle;  CSSStyleDeclaration: Unexpected token, ignoring upto '{        color: transparent;'. [1:4636: {]
02-08-2024 15:18:26.349Z;errorhandler.__handle;  Property: Unknown Property name. [1:4799: mso-hide]
02-08-2024 15:18:26.352Z;errorhandler.__handle;  CSSStyleDeclaration: Unexpected token, ignoring upto '}'. [1:4864: }]
02-08-2024 15:18:26.353Z;errorhandler.__handle;  CSSStyleDeclaration: Unexpected token, ignoring upto '{        text-decoration: none;'. [1:4887: {]
02-08-2024 15:18:26.353Z;errorhandler.__handle;  CSSStyleDeclaration: Unexpected token, ignoring upto '}'. [1:4925: }]
02-08-2024 15:18:26.354Z;errorhandler.__handle;  CSSStyleDeclaration: Unexpected token, ignoring upto '{        border: 0;'. [1:4937: {]
02-08-2024 15:18:26.357Z;errorhandler.__handle;  CSSStyleDeclaration: Unexpected token, ignoring upto '}'. [1:5027: }]
02-08-2024 15:18:26.366Z;errorhandler.__handle;  CSSStyleRule: No selector found: '{        table.body h1 {{          font-size: 28px !important;          margin-bottom: 10px !important;         }}        table.body p,        table.body ul,        table.body ol,        table.body td,        table.body span,        table.body a {{          font-size: 16px !important;         }}        table.body .wrapper,        table.body .article {{          padding: 10px !important;         }}        table.body .content {{          padding: 0 !important;         }}        table.body .container {{          padding: 0 !important;          width: 100% !important;         }}        table.body .main {{          border-left-width: 0 !important;          border-radius: 0 !important;          border-right-width: 0 !important;         }}        table.body .btn table {{          width: 100% !important;         }}        table.body .btn a {{          width: 100% !important;         }}        table.body .img-responsive {{          height: auto !important;          max-width: 100% !important;          width: auto !important;         }}      }'. [1:5217: {]
02-08-2024 15:18:26.368Z;errorhandler.__handle;  SelectorList: Unknown Syntax: ''
02-08-2024 15:18:26.369Z;errorhandler.__handle;  Property: No ":" after name found: table.body h1 {{          font-size: 28px !important;          margin-bottom: 10px !important;         }}        table.body p,        table.body ul,        table.body ol,        table.body td,        table.body span,        table.body a {{          font-size: 16px !important;         }}        table.body .wrapper,        table.body .article {{          padding: 10px !important;         }}        table.body .content {{          padding: 0 !important;         }}        table.body .container {{          padding: 0 !important;          width: 100% !important;         }}        table.body .main {{          border-left-width: 0 !important;          border-radius: 0 !important;          border-right-width: 0 !important;         }}        table.body .btn table {{          width: 100% !important;         }}        table.body .btn a {{          width: 100% !important;         }}        table.body .img-responsive {{          height: auto !important;          max-width: 100% !important;          width: auto !important;         }}       [1:6259:       ]
02-08-2024 15:18:26.370Z;errorhandler.__handle;  Property: No property value found: table.body h1 {{          font-size: 28px !important;          margin-bottom: 10px !important;         }}        table.body p,        table.body ul,        table.body ol,        table.body td,        table.body span,        table.body a {{          font-size: 16px !important;         }}        table.body .wrapper,        table.body .article {{          padding: 10px !important;         }}        table.body .content {{          padding: 0 !important;         }}        table.body .container {{          padding: 0 !important;          width: 100% !important;         }}        table.body .main {{          border-left-width: 0 !important;          border-radius: 0 !important;          border-right-width: 0 !important;         }}        table.body .btn table {{          width: 100% !important;         }}        table.body .btn a {{          width: 100% !important;         }}        table.body .img-responsive {{          height: auto !important;          max-width: 100% !important;          width: auto !important;         }}       [1:6259:       ]
02-08-2024 15:18:26.370Z;errorhandler.__handle;  CSSStyleDeclaration: Syntax Error in Property: table.body h1 {{          font-size: 28px !important;          margin-bottom: 10px !important;         }}        table.body p,        table.body ul,        table.body ol,        table.body td,        table.body span,        table.body a {{          font-size: 16px !important;         }}        table.body .wrapper,        table.body .article {{          padding: 10px !important;         }}        table.body .content {{          padding: 0 !important;         }}        table.body .container {{          padding: 0 !important;          width: 100% !important;         }}        table.body .main {{          border-left-width: 0 !important;          border-radius: 0 !important;          border-right-width: 0 !important;         }}        table.body .btn table {{          width: 100% !important;         }}        table.body .btn a {{          width: 100% !important;         }}        table.body .img-responsive {{          height: auto !important;          max-width: 100% !important;          width: auto !important;         }}      
02-08-2024 15:18:26.375Z;errorhandler.__handle;  CSSStyleRule: No selector found: '{        .ExternalClass {{          width: 100%;         }}        .ExternalClass,        .ExternalClass p,        .ExternalClass span,        .ExternalClass font,        .ExternalClass td,        .ExternalClass div {{          line-height: 100%;         }}        .apple-link a {{          color: inherit !important;          font-family: inherit !important;          font-size: inherit !important;          font-weight: inherit !important;          line-height: inherit !important;          text-decoration: none !important;         }}        #MessageViewBody a {{          color: inherit;          text-decoration: none;          font-size: inherit;          font-family: inherit;          font-weight: inherit;          line-height: inherit;        }}        .btn-primary table td:hover {{          background-color: #34495e !important;         }}        .btn-primary a:hover {{          background-color: #34495e !important;          border-color: #34495e !important;         }}       }'. [1:6420: {]
02-08-2024 15:18:26.376Z;errorhandler.__handle;  SelectorList: Unknown Syntax: ''
02-08-2024 15:18:26.378Z;errorhandler.__handle;  CSSStyleDeclaration: Unexpected token, ignoring upto '.ExternalClass {{          width: 100%;         }}        .ExternalClass,        .ExternalClass p,        .ExternalClass span,        .ExternalClass font,        .ExternalClass td,        .ExternalClass div {{          line-height: 100%;         }}        .apple-link a {{          color: inherit !important;          font-family: inherit !important;          font-size: inherit !important;          font-weight: inherit !important;          line-height: inherit !important;          text-decoration: none !important;         }}        #MessageViewBody a {{          color: inherit;          text-decoration: none;          font-size: inherit;          font-family: inherit;          font-weight: inherit;          line-height: inherit;        }}        .btn-primary table td:hover {{          background-color: #34495e !important;         }}        .btn-primary a:hover {{          background-color: #34495e !important;          border-color: #34495e !important;         }}       '. [1:6429: .]
02-08-2024 15:18:26.396Z;errorhandler.__handle;  Property: Unknown Property name. [1:1: -ms-interpolation-mode]
02-08-2024 15:18:26.399Z;errorhandler.__handle;  Property: Unknown Property name. [1:24: -webkit-font-smoothing]
02-08-2024 15:18:26.402Z;errorhandler.__handle;  Property: Unknown Property name. [1:109: -ms-text-size-adjust]
02-08-2024 15:18:26.403Z;errorhandler.__handle;  Property: Unknown Property name. [1:135: -webkit-text-size-adjust]
02-08-2024 15:18:26.405Z;errorhandler.__handle;  Property: Unknown Property name. [1:1: mso-table-lspace]
02-08-2024 15:18:26.407Z;errorhandler.__handle;  Property: Unknown Property name. [1:20: mso-table-rspace]
02-08-2024 15:18:26.436Z;errorhandler.__handle;  Property: Unknown Property name. [1:74: mso-hide]
02-08-2024 15:18:26.444Z;errorhandler.__handle;  Property: No ":" after name found: align-center [1:1: align-center]
02-08-2024 15:18:26.445Z;errorhandler.__handle;  Property: No property value found: align-center [1:1: align-center]
02-08-2024 15:18:26.445Z;errorhandler.__handle;  CSSStyleDeclaration: Syntax Error in Property: align-center
02-08-2024 15:18:26.447Z;errorhandler.__handle;  Property: Unknown Property name. [1:1: -ms-interpolation-mode]
02-08-2024 15:18:29.244Z;functions.emailSuccess;  Success e-mail sent.
02-08-2024 15:18:30.522Z;main.<module>;  BOT FÉRIAS/RESCISÃO FINALIZADO
02-08-2024 15:18:31.904Z;errorhandler.__handle;  Property: Unknown Property name. [1:203: -ms-interpolation-mode]
02-08-2024 15:18:31.934Z;errorhandler.__handle;  Property: Unknown Property name. [1:353: -webkit-font-smoothing]
02-08-2024 15:18:31.937Z;errorhandler.__handle;  Property: Unknown Property name. [1:483: -ms-text-size-adjust]
02-08-2024 15:18:31.938Z;errorhandler.__handle;  Property: Unknown Property name. [1:518: -webkit-text-size-adjust]
02-08-2024 15:18:31.940Z;errorhandler.__handle;  Property: Unknown Property name. [1:612: mso-table-lspace]
02-08-2024 15:18:31.941Z;errorhandler.__handle;  Property: Unknown Property name. [1:642: mso-table-rspace]
02-08-2024 15:18:32.089Z;errorhandler.__handle;  Property: Unknown Property name. [1:4734: mso-hide]
02-08-2024 15:18:32.203Z;errorhandler.__handle;  Property: Unknown Property name. [1:13: -ms-interpolation-mode]
02-08-2024 15:18:32.208Z;errorhandler.__handle;  Property: Unknown Property name. [1:49: -webkit-font-smoothing]
02-08-2024 15:18:32.212Z;errorhandler.__handle;  Property: Unknown Property name. [1:134: -ms-text-size-adjust]
02-08-2024 15:18:32.213Z;errorhandler.__handle;  Property: Unknown Property name. [1:160: -webkit-text-size-adjust]
02-08-2024 15:18:32.215Z;errorhandler.__handle;  Property: Unknown Property name. [1:26: mso-table-lspace]
02-08-2024 15:18:32.217Z;errorhandler.__handle;  Property: Unknown Property name. [1:45: mso-table-rspace]
02-08-2024 15:18:32.253Z;errorhandler.__handle;  Property: Unknown Property name. [1:92: mso-hide]
02-08-2024 15:18:32.268Z;errorhandler.__handle;  Property: Unknown Property name. [1:14: -ms-interpolation-mode]
02-08-2024 15:18:34.971Z;functions.emailFinalizado;  Finalizado e-mail sent.
02-08-2024 15:18:35.382Z;functions.encerra_prog;  RM ENCERRADO
