02-08-2024 23:01:24.990Z;functions.bot_text_art;      ____   
02-08-2024 23:01:24.990Z;functions.bot_text_art;     [____]    
02-08-2024 23:01:24.991Z;functions.bot_text_art;   |=]()()[=|  
02-08-2024 23:01:24.991Z;functions.bot_text_art;     _\==/__    _____    ____     _        _____    ___   _  __
02-08-2024 23:01:24.991Z;functions.bot_text_art;   |__|   |_|  |  _  \  / ___|   | |      |_   _| / ___| | |/ /
02-08-2024 23:01:24.992Z;functions.bot_text_art;   |_|_/\_|_|  | |  | | | |      | |        | |   | |    | ' / 
02-08-2024 23:01:24.992Z;functions.bot_text_art;   | | __ | |  | |  | | | |      | |        | |   | |    |  <  
02-08-2024 23:01:24.992Z;functions.bot_text_art;   |_|[  ]|_|  | |__| | | |____  | |____   _| |_  | |__  | . \ 
02-08-2024 23:01:24.995Z;functions.bot_text_art;   \_|_||_|_/  |_____/   \_____| |______| |_____| \ ___| |_|\_\
02-08-2024 23:01:24.995Z;functions.bot_text_art;     |_||_|                                                     
02-08-2024 23:01:24.996Z;functions.bot_text_art;     | ||_|_   
02-08-2024 23:01:24.996Z;functions.bot_text_art;   |___||___|  
02-08-2024 23:01:24.996Z;functions.bot_text_art;               
02-08-2024 23:01:25.012Z;functions.open_RM;  OPEN PROGRAM RM
02-08-2024 23:01:51.616Z;functions.loggin_RM;  ENTRAR USER_NAME
02-08-2024 23:01:55.982Z;functions.loggin_RM;  ENTRAR PASSWORD
02-08-2024 23:01:58.046Z;functions.loggin_RM;  ENTRAR RM
02-08-2024 23:05:26.108Z;functions.enter_coligada;  AGUARDANDO 1
02-08-2024 23:05:27.562Z;functions.enter_coligada;  CLICK CONTEXTO
02-08-2024 23:05:30.797Z;functions.enter_coligada;  CLICK ALTERAR MODULO DO CONTEXTO
02-08-2024 23:05:35.642Z;functions.enter_coligada;  INSERE O COLIGADA CODE = 1
02-08-2024 23:05:35.751Z;functions.enter_coligada;  APERTA TAB PARA PREENCHER O CAMPO COM A STRING: OCEANICA ENGENHARIA E CONSULTORIA S.A.
02-08-2024 23:05:38.329Z;functions.enter_coligada;  CLICK AVANÇAR NOVAMENTE
02-08-2024 23:05:40.137Z;functions.enter_coligada;  CLICK CONCLUIR
02-08-2024 23:06:00.755Z;functions.waitForImage;  TROCA COLIGADA image not found.
02-08-2024 23:06:19.901Z;functions.enter_coligada;  POP UP COLIGADA DESAPARECER
02-08-2024 23:06:21.109Z;functions.check_movimentacao_bancaria;  CLICK - TOTVS - LINHA RM
02-08-2024 23:06:23.421Z;functions.check_movimentacao_bancaria;  CLICK - BACK OFFICE
02-08-2024 23:06:24.639Z;functions.check_movimentacao_bancaria;  CLICK - GESTAO FINANCEIRA
02-08-2024 23:06:24.640Z;functions.obter_intervalo_data;  VERIFICANDO A HORA ATUAL 23
02-08-2024 23:06:24.663Z;functions.obter_intervalo_data;  Data Inicial FERIAS/RESCISAO antes da remoção: None
02-08-2024 23:06:24.663Z;functions.obter_intervalo_data;  Data Final FERIAS/RESCISAO antes da remoção: None
02-08-2024 23:06:24.670Z;functions.obter_intervalo_data;  Data Inicial FERIAS/RESCISAO após a remoção: None
02-08-2024 23:06:24.670Z;functions.obter_intervalo_data;  Data Final FERIAS/RESCISAO após a remoção: None
02-08-2024 23:06:24.671Z;functions.obter_intervalo_data;  hoje -  2024-08-02 23:06:24.671909
02-08-2024 23:06:24.671Z;functions.check_movimentacao_bancaria;  DATA INICIO 07-08-2024
02-08-2024 23:06:24.671Z;functions.check_movimentacao_bancaria;  DATA FIM 13-08-2024
02-08-2024 23:06:24.672Z;functions.movimentacao_bancaria;  AGUARDANDO 1
02-08-2024 23:06:30.985Z;functions.movimentacao_bancaria;  CLICK NA ABA MOVIMENTAÇÃO BANCARIA
02-08-2024 23:06:33.248Z;functions.waitForImage;  IMAGEM BORDERO image found.
02-08-2024 23:06:35.397Z;functions.movimentacao_bancaria;  IMAGEM BORDERO CLICADA.
02-08-2024 23:06:45.690Z;functions.waitForImage;  LICENCAS EXCEDIDAS image not found.
02-08-2024 23:06:46.499Z;functions.movimentacao_bancaria;  ENCONTROU O FILTRO DA MOVIMENTAÇÃO BANCÁRIA
02-08-2024 23:06:46.600Z;functions.movimentacao_bancaria;  CLICA NA ABA SUPERIOR DO FILTRO
02-08-2024 23:06:50.811Z;functions.movimentacao_bancaria;  SELECIONA O FILTRO HOJE
02-08-2024 23:06:54.449Z;functions.waitForImage;  FILTER CLEAN image found.
02-08-2024 23:06:56.585Z;functions.filter_clean;  CLICK NO BOTÃO X DO LIMPA FILTRO
02-08-2024 23:07:12.199Z;functions.waitForImage;  FILTER CLEAN image not found.
02-08-2024 23:07:27.886Z;functions.waitForImage;  FILTER CLEAN image not found.
02-08-2024 23:07:32.232Z;functions.movimentacao_bancaria;  CLICK NA PRIMEIRA LINHA DA TABELA MOVIMENTAÇÃO BANCÁRIA
02-08-2024 23:07:33.460Z;functions.movimentacao_bancaria;  12 PASSOS PARA DIREITA NA TABELA >>
02-08-2024 23:07:36.178Z;functions.movimentacao_bancaria;  HOVER FILTER
02-08-2024 23:07:36.896Z;functions.movimentacao_bancaria;  CLICK FILTER
02-08-2024 23:07:41.226Z;functions.movimentacao_bancaria;  CLICK NO FILTRO  STATUS DA REMESSA
02-08-2024 23:07:43.331Z;functions.movimentacao_bancaria;  APERTA TAB PARA ESCREVER O FILTRO
02-08-2024 23:07:45.447Z;functions.movimentacao_bancaria;  ESCREVE PENDENTE NO FILTRO
02-08-2024 23:07:47.552Z;functions.movimentacao_bancaria;  APERTA ENTER PARA SELECIONAR OS PENDENTES
02-08-2024 23:08:06.666Z;functions.movimentacao_bancaria;  SEM PROCESSAMENTO DE BORDERO PENDENTE.
02-08-2024 23:08:11.881Z;functions.waitForImage;  FILTER CLEAN image found.
02-08-2024 23:08:14.022Z;functions.filter_clean;  CLICK NO BOTÃO X DO LIMPA FILTRO
02-08-2024 23:08:29.738Z;functions.waitForImage;  FILTER CLEAN image not found.
02-08-2024 23:08:45.479Z;functions.waitForImage;  FILTER CLEAN image not found.
02-08-2024 23:08:48.291Z;functions.remessa_pagamento;  CLICK NA PRIMEIRA LINHA DA TABELA MOVIMENTAÇÃO BANCÁRIA
02-08-2024 23:08:50.705Z;functions.remessa_pagamento;  HOVER FILTER
02-08-2024 23:08:51.459Z;functions.remessa_pagamento;  CLICK FILTER
02-08-2024 23:08:55.798Z;functions.remessa_pagamento;  CLICK NO FILTRO  STATUS DA REMESSA
02-08-2024 23:08:57.905Z;functions.remessa_pagamento;  APERTA TAB PARA ESCREVER O FILTRO
02-08-2024 23:09:00.026Z;functions.remessa_pagamento;  ESCREVE AUTORIZADO NO FILTRO
02-08-2024 23:09:02.129Z;functions.remessa_pagamento;  APERTA ENTER PARA SELECIONAR OS AUTORIZADO
02-08-2024 23:09:21.241Z;functions.remessa_pagamento;  SEM REMESSA DE BORDERO AUTORIZADO
02-08-2024 23:09:22.514Z;functions.enter_contas_a_pagar;  CLICK - TOTVS - LINHA RM
02-08-2024 23:09:24.545Z;functions.enter_contas_a_pagar;  CLICK - BACK OFFICE
02-08-2024 23:09:25.765Z;functions.enter_contas_a_pagar;  CLICK - GESTAO FINANCEIRA
02-08-2024 23:09:32.296Z;functions.enter_contas_a_pagar;  CLICK - CONTAS A PAGAR
02-08-2024 23:09:33.222Z;functions.waitForImage;  LANÇAMENTOS image found.
02-08-2024 23:09:35.363Z;functions.enter_contas_a_pagar;  CLICA EM LANÇAMENTOS
02-08-2024 23:09:50.906Z;functions.waitForImage;  LICENCAS EXCEDIDAS image not found.
02-08-2024 23:09:50.907Z;functions.data_filter;  CLICK - SELECIONA A DATA DE QUARTA FEIRA E DA PROXIMA TERÇA
02-08-2024 23:09:50.907Z;functions.data_filter;  QUARTA-FEIRA: 07-08-2024
02-08-2024 23:09:50.907Z;functions.data_filter;  TERCA-FEIRA: 13-08-2024
02-08-2024 23:10:11.673Z;functions.data_filter;  FILTRO - REMESSA FERIAS/RESCISAO
02-08-2024 23:10:12.889Z;functions.data_filter;  CLICK - BUTÃO DE SELECAO DE FILTRO
02-08-2024 23:10:18.168Z;functions.data_filter;  INSERE - DATA DE QUARTA-FEIRA: 07-08-2024
02-08-2024 23:10:22.912Z;functions.data_filter;  INSERE - DATA DA PROX TERCA-FEIRA: 13-08-2024
02-08-2024 23:10:24.262Z;functions.data_filter;  CLICK - BUTÃO DE EXECUTAR O FILTRO
02-08-2024 23:10:29.264Z;functions.desmark_filter;  AGUARDANDO 1
02-08-2024 23:10:32.046Z;functions.desmark_filter;  CLICK CHECKBOX LANÇAMENTOS A RECEBER
02-08-2024 23:10:35.109Z;functions.desmark_filter;  CLICK CHECKBOX LANÇAMENTOS BAIXADOS
02-08-2024 23:10:38.418Z;functions.desmark_filter;  CLICK CHECKBOX LANÇAMENTOS CANCELADOS
02-08-2024 23:10:42.046Z;functions.desmark_filter;  CLICK CHECKBOX LANÇAMENTOS FATURADOS
02-08-2024 23:10:45.510Z;functions.desmark_filter;  ATUALIZA O FILTRO
02-08-2024 23:10:45.694Z;functions.waitForImage;  FILTER CLEAN image found.
02-08-2024 23:10:47.799Z;functions.filter_clean;  CLICK NO BOTÃO X DO LIMPA FILTRO
02-08-2024 23:11:03.319Z;functions.waitForImage;  FILTER CLEAN image not found.
02-08-2024 23:11:18.775Z;functions.waitForImage;  FILTER CLEAN image not found.
02-08-2024 23:11:22.346Z;functions.tabela_vazia;  Texto extraido 0/0
02-08-2024 23:11:22.348Z;functions.tabela_vazia;  Count 0
02-08-2024 23:11:22.348Z;functions.tabela_vazia;  Type <class 'int'>
02-08-2024 23:11:24.350Z;functions.tabela_vazia;  SEM REMESSA DE FÉRIAS/RESCISÃO
02-08-2024 23:11:26.351Z;main.<module>;  SEM REMESSA DE FÉRIAS/RESCISÃO
02-08-2024 23:11:30.032Z;errorhandler.__handle;  Property: Unknown Property name. [1:203: -ms-interpolation-mode]
02-08-2024 23:11:30.077Z;errorhandler.__handle;  Property: Unknown Property name. [1:353: -webkit-font-smoothing]
02-08-2024 23:11:30.089Z;errorhandler.__handle;  Property: Unknown Property name. [1:483: -ms-text-size-adjust]
02-08-2024 23:11:30.090Z;errorhandler.__handle;  Property: Unknown Property name. [1:518: -webkit-text-size-adjust]
02-08-2024 23:11:30.093Z;errorhandler.__handle;  Property: Unknown Property name. [1:612: mso-table-lspace]
02-08-2024 23:11:30.094Z;errorhandler.__handle;  Property: Unknown Property name. [1:642: mso-table-rspace]
02-08-2024 23:11:30.331Z;errorhandler.__handle;  Property: Unknown Property name. [1:4734: mso-hide]
02-08-2024 23:11:30.434Z;errorhandler.__handle;  Property: Unknown Property name. [1:13: -ms-interpolation-mode]
02-08-2024 23:11:30.438Z;errorhandler.__handle;  Property: Unknown Property name. [1:49: -webkit-font-smoothing]
02-08-2024 23:11:30.440Z;errorhandler.__handle;  Property: Unknown Property name. [1:134: -ms-text-size-adjust]
02-08-2024 23:11:30.441Z;errorhandler.__handle;  Property: Unknown Property name. [1:160: -webkit-text-size-adjust]
02-08-2024 23:11:30.444Z;errorhandler.__handle;  Property: Unknown Property name. [1:26: mso-table-lspace]
02-08-2024 23:11:30.445Z;errorhandler.__handle;  Property: Unknown Property name. [1:45: mso-table-rspace]
02-08-2024 23:11:30.487Z;errorhandler.__handle;  Property: Unknown Property name. [1:92: mso-hide]
02-08-2024 23:11:30.501Z;errorhandler.__handle;  Property: No ":" after name found: align-center [1:1: align-center]
02-08-2024 23:11:30.501Z;errorhandler.__handle;  Property: No property value found: align-center [1:1: align-center]
02-08-2024 23:11:30.502Z;errorhandler.__handle;  CSSStyleDeclaration: Syntax Error in Property: align-center
02-08-2024 23:11:30.505Z;errorhandler.__handle;  Property: Unknown Property name. [1:14: -ms-interpolation-mode]
02-08-2024 23:11:33.363Z;functions.emailFinalizado;  Finalizado e-mail sent.
02-08-2024 23:11:33.765Z;functions.encerra_prog;  RM ENCERRADO
