04-02-2024 22:53:24.585Z;functions.movimentacao_bancaria;  CLICK NA ABA MOVIMENTAÇÃO BANCARIA
04-02-2024 22:53:25.325Z;functions.movimentacao_bancaria;  CLICK NO ICONE BORDERO DE PAGAMENTO
04-02-2024 22:53:32.832Z;functions.movimentacao_bancaria;  SELECIONA O FILTRO HOJE
04-02-2024 22:54:03.001Z;functions.waitForImage;  FILTER CLEAN image not found.
04-02-2024 22:54:10.832Z;functions.movimentacao_bancaria;  CLICK NA PRIMEIRA LINHA DA TABELA MOVIMENTAÇÃO BANCÁRIA
04-02-2024 22:54:12.041Z;functions.movimentacao_bancaria;  12 PASSOS PARA DIREITA NA TABELA >>
04-02-2024 22:54:13.303Z;functions.movimentacao_bancaria;  HOVER FILTER
04-02-2024 22:54:13.622Z;functions.movimentacao_bancaria;  CLICK FILTER
04-02-2024 22:54:17.927Z;functions.movimentacao_bancaria;  CLICK NO FILTRO  STATUS DA REMESSA
04-02-2024 22:54:20.028Z;functions.movimentacao_bancaria;  APERTA TAB PARA ESCREVER O FILTRO
04-02-2024 22:54:22.131Z;functions.movimentacao_bancaria;  ESCREVE PENDENTE NO FILTRO
04-02-2024 22:54:24.232Z;functions.movimentacao_bancaria;  APERTA ENTER PARA SELECIONAR OS PENDENTES
04-02-2024 22:54:27.440Z;functions.movimentacao_bancaria;  12 PASSOS PARA ESQUERDA NA TABELA <<
04-02-2024 22:54:43.346Z;functions.movimentacao_bancaria;  SEM PROCESSAMENTO DE BORDERO PENDENTE.
04-02-2024 22:54:43.493Z;functions.waitForImage;  FILTER CLEAN image found.
04-02-2024 22:54:45.620Z;functions.filter_clean;  CLICK NO BOTÃO X DO LIMPA FILTRO
04-02-2024 22:54:48.364Z;functions.remessa_pagamento;  CLICK NA PRIMEIRA LINHA DA TABELA MOVIMENTAÇÃO BANCÁRIA
04-02-2024 22:54:49.588Z;functions.remessa_pagamento;  12 PASSOS PARA DIREITA NA TABELA >>
04-02-2024 22:54:50.904Z;functions.remessa_pagamento;  HOVER FILTER
04-02-2024 22:54:51.245Z;functions.remessa_pagamento;  CLICK FILTER
04-02-2024 22:54:55.552Z;functions.remessa_pagamento;  CLICK NO FILTRO  STATUS DA REMESSA
04-02-2024 22:54:57.654Z;functions.remessa_pagamento;  APERTA TAB PARA ESCREVER O FILTRO
04-02-2024 22:54:59.757Z;functions.remessa_pagamento;  ESCREVE AUTORIZADO NO FILTRO
04-02-2024 22:55:01.858Z;functions.remessa_pagamento;  APERTA ENTER PARA SELECIONAR OS AUTORIZADO
04-02-2024 22:55:04.464Z;functions.remessa_pagamento;  6 PASSOS PARA ESQUERDA NA TABELA <<
04-02-2024 22:55:06.565Z;functions.check_user_bot;  CHECK USER BOT 1
04-02-2024 22:55:08.566Z;functions.check_user_bot;  smramos
04-02-2024 22:55:08.567Z;functions.check_user_bot;  O USUÁRIO NÃO É INTEGRAÇÃO PARA ESSA REMESSA PARA PARA DE BAIXO
04-02-2024 22:55:08.668Z;functions.check_user_bot;  COUNT1: 1
04-02-2024 22:55:10.786Z;functions.check_user_bot;  CHECK USER BOT 1
04-02-2024 22:55:12.787Z;functions.check_user_bot;  smramos
04-02-2024 22:55:12.787Z;functions.check_user_bot;  O USUÁRIO NÃO É INTEGRAÇÃO PARA ESSA REMESSA PARA PARA DE BAIXO
04-02-2024 22:55:12.891Z;functions.check_user_bot;  COUNT1: 2
04-02-2024 22:55:15.011Z;functions.check_user_bot;  CHECK USER BOT 1
04-02-2024 22:55:17.012Z;functions.check_user_bot;  smramos
04-02-2024 22:55:17.013Z;functions.check_user_bot;  O USUÁRIO NÃO É INTEGRAÇÃO PARA ESSA REMESSA PARA PARA DE BAIXO
04-02-2024 22:55:17.115Z;functions.check_user_bot;  COUNT1: 3
04-02-2024 22:55:19.226Z;functions.check_user_bot;  CHECK USER BOT 1
04-02-2024 22:55:21.227Z;functions.check_user_bot;  smramos
04-02-2024 22:55:21.227Z;functions.check_user_bot;  O USUÁRIO NÃO É INTEGRAÇÃO PARA ESSA REMESSA PARA PARA DE BAIXO
04-02-2024 22:55:21.329Z;functions.check_user_bot;  COUNT1: 4
04-02-2024 22:55:23.440Z;functions.check_user_bot;  CHECK USER BOT 1
04-02-2024 22:55:25.441Z;functions.check_user_bot;  smramos
04-02-2024 22:55:25.442Z;functions.check_user_bot;  O USUÁRIO NÃO É INTEGRAÇÃO PARA ESSA REMESSA PARA PARA DE BAIXO
04-02-2024 22:55:25.544Z;functions.check_user_bot;  COUNT1: 5
04-02-2024 22:55:27.654Z;functions.check_user_bot;  CHECK USER BOT 1
04-02-2024 22:55:29.654Z;functions.check_user_bot;  smramos
04-02-2024 22:55:29.654Z;functions.check_user_bot;  O USUÁRIO NÃO É INTEGRAÇÃO PARA ESSA REMESSA PARA PARA DE BAIXO
04-02-2024 22:55:29.756Z;functions.check_user_bot;  COUNT1: 6
04-02-2024 22:55:31.888Z;functions.check_user_bot;  CHECK USER BOT 1
04-02-2024 22:55:33.888Z;functions.check_user_bot;  smramos
04-02-2024 22:55:33.888Z;functions.check_user_bot;  O USUÁRIO NÃO É INTEGRAÇÃO PARA ESSA REMESSA PARA PARA DE BAIXO
04-02-2024 22:55:33.991Z;functions.check_user_bot;  COUNT1: 7
04-02-2024 22:55:36.096Z;functions.check_user_bot;  CHECK USER BOT 1
04-02-2024 22:55:38.096Z;functions.check_user_bot;  smramos
04-02-2024 22:55:38.096Z;functions.check_user_bot;  O USUÁRIO NÃO É INTEGRAÇÃO PARA ESSA REMESSA PARA PARA DE BAIXO
04-02-2024 22:55:38.201Z;functions.check_user_bot;  COUNT1: 8
04-02-2024 22:55:40.309Z;functions.check_user_bot;  CHECK USER BOT 1
04-02-2024 22:55:42.309Z;functions.check_user_bot;  smramos
04-02-2024 22:55:42.310Z;functions.check_user_bot;  O USUÁRIO NÃO É INTEGRAÇÃO PARA ESSA REMESSA PARA PARA DE BAIXO
04-02-2024 22:55:42.413Z;functions.check_user_bot;  COUNT1: 9
04-02-2024 22:55:44.523Z;functions.check_user_bot;  CHECK USER BOT 1
04-02-2024 22:55:46.524Z;functions.check_user_bot;  smramos
04-02-2024 22:55:46.524Z;functions.check_user_bot;  O USUÁRIO NÃO É INTEGRAÇÃO PARA ESSA REMESSA PARA PARA DE BAIXO
04-02-2024 22:55:46.627Z;functions.check_user_bot;  COUNT1: 10
04-02-2024 22:55:48.731Z;functions.check_user_bot;  CHECK USER BOT 1
04-02-2024 22:55:50.731Z;functions.check_user_bot;  smramos
04-02-2024 22:55:50.732Z;functions.check_user_bot;  O USUÁRIO NÃO É INTEGRAÇÃO PARA ESSA REMESSA PARA PARA DE BAIXO
04-02-2024 22:55:50.833Z;functions.check_user_bot;  COUNT1: 11
04-02-2024 22:55:52.935Z;functions.encerra_prog;  FECHA A TABELA
04-02-2024 22:55:55.042Z;functions.encerra_prog;  FECHA O PROGRAMA
04-02-2024 22:55:57.152Z;functions.encerra_prog;  RM ENCERRADO
04-02-2024 22:55:58.524Z;errorhandler.__handle;  CSSStyleDeclaration: Unexpected token, ignoring upto '{        border: none;'. [1:174: {]
04-02-2024 22:55:58.524Z;errorhandler.__handle;  Property: Unknown Property name. [1:204: -ms-interpolation-mode]
04-02-2024 22:55:58.526Z;errorhandler.__handle;  CSSStyleDeclaration: Unexpected token, ignoring upto '}'. [1:267: }]
04-02-2024 22:55:58.527Z;errorhandler.__handle;  CSSStyleDeclaration: Unexpected token, ignoring upto '{        background-color: #f6f6f6;'. [1:281: {]
04-02-2024 22:55:58.530Z;errorhandler.__handle;  Property: Unknown Property name. [1:356: -webkit-font-smoothing]
04-02-2024 22:55:58.535Z;errorhandler.__handle;  Property: Unknown Property name. [1:486: -ms-text-size-adjust]
04-02-2024 22:55:58.569Z;errorhandler.__handle;  Property: Unknown Property name. [1:521: -webkit-text-size-adjust]
04-02-2024 22:55:58.570Z;errorhandler.__handle;  CSSStyleDeclaration: Unexpected token, ignoring upto '}'. [1:559: }]
04-02-2024 22:55:58.571Z;errorhandler.__handle;  CSSStyleDeclaration: Unexpected token, ignoring upto '{        border-collapse: separate;'. [1:574: {]
04-02-2024 22:55:58.573Z;errorhandler.__handle;  Property: Unknown Property name. [1:617: mso-table-lspace]
04-02-2024 22:55:58.574Z;errorhandler.__handle;  Property: Unknown Property name. [1:647: mso-table-rspace]
04-02-2024 22:55:58.576Z;errorhandler.__handle;  CSSStyleDeclaration: Unexpected token, ignoring upto '}'. [1:690: }]
04-02-2024 22:55:58.577Z;errorhandler.__handle;  CSSStyleDeclaration: Unexpected token, ignoring upto '{          font-family: sans-serif;'. [1:710: {]
04-02-2024 22:55:58.582Z;errorhandler.__handle;  CSSStyleDeclaration: Unexpected token, ignoring upto '}'. [1:808: }]
04-02-2024 22:55:58.610Z;errorhandler.__handle;  CSSStyleDeclaration: Unexpected token, ignoring upto '{        background-color: #f6f6f6;'. [1:941: {]
04-02-2024 22:55:58.611Z;errorhandler.__handle;  CSSStyleDeclaration: Unexpected token, ignoring upto '}'. [1:1003: }]
04-02-2024 22:55:58.612Z;errorhandler.__handle;  CSSStyleDeclaration: Unexpected token, ignoring upto '{        display: block;'. [1:1178: {]
04-02-2024 22:55:58.613Z;errorhandler.__handle;  CSSStyleDeclaration: Unexpected token, ignoring upto '}'. [1:1342: }]
04-02-2024 22:55:58.656Z;errorhandler.__handle;  CSSStyleDeclaration: Unexpected token, ignoring upto '{        box-sizing: border-box;'. [1:1452: {]
04-02-2024 22:55:58.702Z;errorhandler.__handle;  CSSStyleDeclaration: Unexpected token, ignoring upto '}'. [1:1584: }]
04-02-2024 22:55:58.746Z;errorhandler.__handle;  CSSStyleDeclaration: Unexpected token, ignoring upto '{        background: #ffffff;'. [1:1721: {]
04-02-2024 22:55:58.795Z;errorhandler.__handle;  CSSStyleDeclaration: Unexpected token, ignoring upto '}'. [1:1804: }]
04-02-2024 22:55:58.838Z;errorhandler.__handle;  CSSStyleDeclaration: Unexpected token, ignoring upto '{        box-sizing: border-box;'. [1:1822: {]
04-02-2024 22:55:58.906Z;errorhandler.__handle;  CSSStyleDeclaration: Unexpected token, ignoring upto '}'. [1:1883: }]
04-02-2024 22:55:58.924Z;errorhandler.__handle;  CSSStyleDeclaration: Unexpected token, ignoring upto '{        padding-bottom: 10px;'. [1:1907: {]
04-02-2024 22:55:58.928Z;errorhandler.__handle;  CSSStyleDeclaration: Unexpected token, ignoring upto '}'. [1:1969: }]
04-02-2024 22:55:58.929Z;errorhandler.__handle;  CSSStyleDeclaration: Unexpected token, ignoring upto '{        clear: both;'. [1:1986: {]
04-02-2024 22:55:58.931Z;errorhandler.__handle;  CSSStyleDeclaration: Unexpected token, ignoring upto '}'. [1:2086: }]
04-02-2024 22:55:58.969Z;errorhandler.__handle;  CSSStyleDeclaration: Unexpected token, ignoring upto '{          color: #999999;'. [1:2165: {]
04-02-2024 22:55:58.971Z;errorhandler.__handle;  CSSStyleDeclaration: Unexpected token, ignoring upto '}'. [1:2253: }]
04-02-2024 22:55:58.973Z;errorhandler.__handle;  CSSStyleDeclaration: Unexpected token, ignoring upto '{        color: #000000;'. [1:2404: {]
04-02-2024 22:55:58.976Z;errorhandler.__handle;  CSSStyleDeclaration: Unexpected token, ignoring upto '}'. [1:2563: }]
04-02-2024 22:55:58.977Z;errorhandler.__handle;  CSSStyleDeclaration: Unexpected token, ignoring upto '{        font-size: 35px;'. [1:2575: {]
04-02-2024 22:55:59.014Z;errorhandler.__handle;  CSSStyleDeclaration: Unexpected token, ignoring upto '}'. [1:2694: }]
04-02-2024 22:55:59.017Z;errorhandler.__handle;  CSSStyleDeclaration: Unexpected token, ignoring upto '{        font-family: sans-serif;'. [1:2723: {]
04-02-2024 22:55:59.019Z;errorhandler.__handle;  CSSStyleDeclaration: Unexpected token, ignoring upto '}'. [1:2861: }]
04-02-2024 22:55:59.021Z;errorhandler.__handle;  CSSStyleDeclaration: Unexpected token, ignoring upto '{          list-style-position: inside;'. [1:2905: {]
04-02-2024 22:55:59.022Z;errorhandler.__handle;  CSSStyleDeclaration: Unexpected token, ignoring upto '}'. [1:2978: }]
04-02-2024 22:55:59.056Z;errorhandler.__handle;  CSSStyleDeclaration: Unexpected token, ignoring upto '{        color: #3498db;'. [1:2989: {]
04-02-2024 22:55:59.058Z;errorhandler.__handle;  CSSStyleDeclaration: Unexpected token, ignoring upto '}'. [1:3055: }]
04-02-2024 22:55:59.059Z;errorhandler.__handle;  CSSStyleDeclaration: Unexpected token, ignoring upto '{        box-sizing: border-box;'. [1:3178: {]
04-02-2024 22:55:59.061Z;errorhandler.__handle;  CSSStyleDeclaration: Unexpected token, ignoring upto '}'. [1:3231: }]
04-02-2024 22:55:59.062Z;errorhandler.__handle;  CSSStyleDeclaration: Unexpected token, ignoring upto '{          padding-bottom: 15px;'. [1:3265: {]
04-02-2024 22:55:59.063Z;errorhandler.__handle;  CSSStyleDeclaration: Unexpected token, ignoring upto '}'. [1:3298: }]
04-02-2024 22:55:59.064Z;errorhandler.__handle;  CSSStyleDeclaration: Unexpected token, ignoring upto '{          width: auto;'. [1:3320: {]
04-02-2024 22:55:59.065Z;errorhandler.__handle;  CSSStyleDeclaration: Unexpected token, ignoring upto '}'. [1:3350: }]
04-02-2024 22:55:59.102Z;errorhandler.__handle;  CSSStyleDeclaration: Unexpected token, ignoring upto '{          background-color: #ffffff;'. [1:3375: {]
04-02-2024 22:55:59.225Z;errorhandler.__handle;  CSSStyleDeclaration: Unexpected token, ignoring upto '}'. [1:3477: }]
04-02-2024 22:55:59.280Z;errorhandler.__handle;  CSSStyleDeclaration: Unexpected token, ignoring upto '{          background-color: #ffffff;'. [1:3495: {]
04-02-2024 22:55:59.463Z;errorhandler.__handle;  CSSStyleDeclaration: Unexpected token, ignoring upto '}'. [1:3892: }]
04-02-2024 22:55:59.465Z;errorhandler.__handle;  CSSStyleDeclaration: Unexpected token, ignoring upto '{        background-color: #3498db;'. [1:3923: {]
04-02-2024 22:55:59.466Z;errorhandler.__handle;  CSSStyleDeclaration: Unexpected token, ignoring upto '}'. [1:3965: }]
04-02-2024 22:55:59.467Z;errorhandler.__handle;  CSSStyleDeclaration: Unexpected token, ignoring upto '{        background-color: #3498db;'. [1:3989: {]
04-02-2024 22:55:59.555Z;errorhandler.__handle;  CSSStyleDeclaration: Unexpected token, ignoring upto '}'. [1:4084: }]
04-02-2024 22:55:59.557Z;errorhandler.__handle;  CSSStyleDeclaration: Unexpected token, ignoring upto '{        margin-bottom: 0;'. [1:4234: {]
04-02-2024 22:55:59.626Z;errorhandler.__handle;  CSSStyleDeclaration: Unexpected token, ignoring upto '}'. [1:4267: }]
04-02-2024 22:55:59.641Z;errorhandler.__handle;  CSSStyleDeclaration: Unexpected token, ignoring upto '{        margin-top: 0;'. [1:4283: {]
04-02-2024 22:55:59.642Z;errorhandler.__handle;  CSSStyleDeclaration: Unexpected token, ignoring upto '}'. [1:4313: }]
04-02-2024 22:55:59.644Z;errorhandler.__handle;  CSSStyleDeclaration: Unexpected token, ignoring upto '{        text-align: center;'. [1:4336: {]
04-02-2024 22:55:59.644Z;errorhandler.__handle;  CSSStyleDeclaration: Unexpected token, ignoring upto '}'. [1:4371: }]
04-02-2024 22:55:59.646Z;errorhandler.__handle;  CSSStyleDeclaration: Unexpected token, ignoring upto '{        text-align: right;'. [1:4393: {]
04-02-2024 22:55:59.647Z;errorhandler.__handle;  CSSStyleDeclaration: Unexpected token, ignoring upto '}'. [1:4427: }]
04-02-2024 22:55:59.654Z;errorhandler.__handle;  CSSStyleDeclaration: Unexpected token, ignoring upto '{        text-align: left;'. [1:4448: {]
04-02-2024 22:55:59.682Z;errorhandler.__handle;  CSSStyleDeclaration: Unexpected token, ignoring upto '}'. [1:4481: }]
04-02-2024 22:55:59.683Z;errorhandler.__handle;  CSSStyleDeclaration: Unexpected token, ignoring upto '{        clear: both;'. [1:4497: {]
04-02-2024 22:55:59.684Z;errorhandler.__handle;  CSSStyleDeclaration: Unexpected token, ignoring upto '}'. [1:4525: }]
04-02-2024 22:55:59.685Z;errorhandler.__handle;  CSSStyleDeclaration: Unexpected token, ignoring upto '{        margin-top: 0;'. [1:4539: {]
04-02-2024 22:55:59.686Z;errorhandler.__handle;  CSSStyleDeclaration: Unexpected token, ignoring upto '}'. [1:4569: }]
04-02-2024 22:55:59.688Z;errorhandler.__handle;  CSSStyleDeclaration: Unexpected token, ignoring upto '{        margin-bottom: 0;'. [1:4583: {]
04-02-2024 22:55:59.689Z;errorhandler.__handle;  CSSStyleDeclaration: Unexpected token, ignoring upto '}'. [1:4616: }]
04-02-2024 22:55:59.690Z;errorhandler.__handle;  CSSStyleDeclaration: Unexpected token, ignoring upto '{        color: transparent;'. [1:4636: {]
04-02-2024 22:55:59.729Z;errorhandler.__handle;  Property: Unknown Property name. [1:4799: mso-hide]
04-02-2024 22:55:59.766Z;errorhandler.__handle;  CSSStyleDeclaration: Unexpected token, ignoring upto '}'. [1:4864: }]
04-02-2024 22:55:59.774Z;errorhandler.__handle;  CSSStyleDeclaration: Unexpected token, ignoring upto '{        text-decoration: none;'. [1:4887: {]
04-02-2024 22:55:59.775Z;errorhandler.__handle;  CSSStyleDeclaration: Unexpected token, ignoring upto '}'. [1:4925: }]
04-02-2024 22:55:59.776Z;errorhandler.__handle;  CSSStyleDeclaration: Unexpected token, ignoring upto '{        border: 0;'. [1:4937: {]
04-02-2024 22:55:59.778Z;errorhandler.__handle;  CSSStyleDeclaration: Unexpected token, ignoring upto '}'. [1:5027: }]
04-02-2024 22:55:59.785Z;errorhandler.__handle;  CSSStyleRule: No selector found: '{        table.body h1 {{          font-size: 28px !important;          margin-bottom: 10px !important;         }}        table.body p,        table.body ul,        table.body ol,        table.body td,        table.body span,        table.body a {{          font-size: 16px !important;         }}        table.body .wrapper,        table.body .article {{          padding: 10px !important;         }}        table.body .content {{          padding: 0 !important;         }}        table.body .container {{          padding: 0 !important;          width: 100% !important;         }}        table.body .main {{          border-left-width: 0 !important;          border-radius: 0 !important;          border-right-width: 0 !important;         }}        table.body .btn table {{          width: 100% !important;         }}        table.body .btn a {{          width: 100% !important;         }}        table.body .img-responsive {{          height: auto !important;          max-width: 100% !important;          width: auto !important;         }}      }'. [1:5217: {]
04-02-2024 22:55:59.816Z;errorhandler.__handle;  SelectorList: Unknown Syntax: ''
04-02-2024 22:55:59.867Z;errorhandler.__handle;  Property: No ":" after name found: table.body h1 {{          font-size: 28px !important;          margin-bottom: 10px !important;         }}        table.body p,        table.body ul,        table.body ol,        table.body td,        table.body span,        table.body a {{          font-size: 16px !important;         }}        table.body .wrapper,        table.body .article {{          padding: 10px !important;         }}        table.body .content {{          padding: 0 !important;         }}        table.body .container {{          padding: 0 !important;          width: 100% !important;         }}        table.body .main {{          border-left-width: 0 !important;          border-radius: 0 !important;          border-right-width: 0 !important;         }}        table.body .btn table {{          width: 100% !important;         }}        table.body .btn a {{          width: 100% !important;         }}        table.body .img-responsive {{          height: auto !important;          max-width: 100% !important;          width: auto !important;         }}       [1:6259:       ]
04-02-2024 22:55:59.879Z;errorhandler.__handle;  Property: No property value found: table.body h1 {{          font-size: 28px !important;          margin-bottom: 10px !important;         }}        table.body p,        table.body ul,        table.body ol,        table.body td,        table.body span,        table.body a {{          font-size: 16px !important;         }}        table.body .wrapper,        table.body .article {{          padding: 10px !important;         }}        table.body .content {{          padding: 0 !important;         }}        table.body .container {{          padding: 0 !important;          width: 100% !important;         }}        table.body .main {{          border-left-width: 0 !important;          border-radius: 0 !important;          border-right-width: 0 !important;         }}        table.body .btn table {{          width: 100% !important;         }}        table.body .btn a {{          width: 100% !important;         }}        table.body .img-responsive {{          height: auto !important;          max-width: 100% !important;          width: auto !important;         }}       [1:6259:       ]
04-02-2024 22:55:59.980Z;errorhandler.__handle;  CSSStyleDeclaration: Syntax Error in Property: table.body h1 {{          font-size: 28px !important;          margin-bottom: 10px !important;         }}        table.body p,        table.body ul,        table.body ol,        table.body td,        table.body span,        table.body a {{          font-size: 16px !important;         }}        table.body .wrapper,        table.body .article {{          padding: 10px !important;         }}        table.body .content {{          padding: 0 !important;         }}        table.body .container {{          padding: 0 !important;          width: 100% !important;         }}        table.body .main {{          border-left-width: 0 !important;          border-radius: 0 !important;          border-right-width: 0 !important;         }}        table.body .btn table {{          width: 100% !important;         }}        table.body .btn a {{          width: 100% !important;         }}        table.body .img-responsive {{          height: auto !important;          max-width: 100% !important;          width: auto !important;         }}      
04-02-2024 22:56:00.202Z;errorhandler.__handle;  CSSStyleRule: No selector found: '{        .ExternalClass {{          width: 100%;         }}        .ExternalClass,        .ExternalClass p,        .ExternalClass span,        .ExternalClass font,        .ExternalClass td,        .ExternalClass div {{          line-height: 100%;         }}        .apple-link a {{          color: inherit !important;          font-family: inherit !important;          font-size: inherit !important;          font-weight: inherit !important;          line-height: inherit !important;          text-decoration: none !important;         }}        #MessageViewBody a {{          color: inherit;          text-decoration: none;          font-size: inherit;          font-family: inherit;          font-weight: inherit;          line-height: inherit;        }}        .btn-primary table td:hover {{          background-color: #34495e !important;         }}        .btn-primary a:hover {{          background-color: #34495e !important;          border-color: #34495e !important;         }}       }'. [1:6420: {]
04-02-2024 22:56:00.299Z;errorhandler.__handle;  SelectorList: Unknown Syntax: ''
04-02-2024 22:56:00.422Z;errorhandler.__handle;  CSSStyleDeclaration: Unexpected token, ignoring upto '.ExternalClass {{          width: 100%;         }}        .ExternalClass,        .ExternalClass p,        .ExternalClass span,        .ExternalClass font,        .ExternalClass td,        .ExternalClass div {{          line-height: 100%;         }}        .apple-link a {{          color: inherit !important;          font-family: inherit !important;          font-size: inherit !important;          font-weight: inherit !important;          line-height: inherit !important;          text-decoration: none !important;         }}        #MessageViewBody a {{          color: inherit;          text-decoration: none;          font-size: inherit;          font-family: inherit;          font-weight: inherit;          line-height: inherit;        }}        .btn-primary table td:hover {{          background-color: #34495e !important;         }}        .btn-primary a:hover {{          background-color: #34495e !important;          border-color: #34495e !important;         }}       '. [1:6429: .]
04-02-2024 22:56:00.585Z;errorhandler.__handle;  Property: Unknown Property name. [1:1: -ms-interpolation-mode]
04-02-2024 22:56:00.643Z;errorhandler.__handle;  Property: Unknown Property name. [1:24: -webkit-font-smoothing]
04-02-2024 22:56:00.705Z;errorhandler.__handle;  Property: Unknown Property name. [1:109: -ms-text-size-adjust]
04-02-2024 22:56:00.807Z;errorhandler.__handle;  Property: Unknown Property name. [1:135: -webkit-text-size-adjust]
04-02-2024 22:56:00.809Z;errorhandler.__handle;  Property: Unknown Property name. [1:1: mso-table-lspace]
04-02-2024 22:56:00.810Z;errorhandler.__handle;  Property: Unknown Property name. [1:20: mso-table-rspace]
04-02-2024 22:56:00.865Z;errorhandler.__handle;  Property: Unknown Property name. [1:74: mso-hide]
04-02-2024 22:56:00.952Z;errorhandler.__handle;  Property: No ":" after name found: align-center [1:1: align-center]
04-02-2024 22:56:01.109Z;errorhandler.__handle;  Property: No property value found: align-center [1:1: align-center]
04-02-2024 22:56:01.150Z;errorhandler.__handle;  CSSStyleDeclaration: Syntax Error in Property: align-center
04-02-2024 22:56:01.153Z;errorhandler.__handle;  Property: Unknown Property name. [1:1: -ms-interpolation-mode]
04-02-2024 22:56:03.069Z;functions.emailSuccess;  Success e-mail sent.
