19-08-2024 06:22:53.588Z;functions.bot_text_art;      ____   
19-08-2024 06:22:53.592Z;functions.bot_text_art;     [____]    
19-08-2024 06:22:53.592Z;functions.bot_text_art;   |=]()()[=|  
19-08-2024 06:22:53.592Z;functions.bot_text_art;     _\==/__    _____    ____     _        _____    ___   _  __
19-08-2024 06:22:53.592Z;functions.bot_text_art;   |__|   |_|  |  _  \  / ___|   | |      |_   _| / ___| | |/ /
19-08-2024 06:22:53.592Z;functions.bot_text_art;   |_|_/\_|_|  | |  | | | |      | |        | |   | |    | ' / 
19-08-2024 06:22:53.592Z;functions.bot_text_art;   | | __ | |  | |  | | | |      | |        | |   | |    |  <  
19-08-2024 06:22:53.592Z;functions.bot_text_art;   |_|[  ]|_|  | |__| | | |____  | |____   _| |_  | |__  | . \ 
19-08-2024 06:22:53.597Z;functions.bot_text_art;   \_|_||_|_/  |_____/   \_____| |______| |_____| \ ___| |_|\_\
19-08-2024 06:22:53.597Z;functions.bot_text_art;     |_||_|                                                     
19-08-2024 06:22:53.598Z;functions.bot_text_art;     | ||_|_   
19-08-2024 06:22:53.598Z;functions.bot_text_art;   |___||___|  
19-08-2024 06:22:53.600Z;functions.bot_text_art;               
19-08-2024 06:22:53.623Z;functions.open_RM;  OPEN PROGRAM RM
19-08-2024 06:23:09.151Z;functions.loggin_RM;  ENTRAR USER_NAME
19-08-2024 06:23:12.420Z;functions.loggin_RM;  ENTRAR PASSWORD
19-08-2024 06:23:13.453Z;functions.loggin_RM;  ENTRAR RM
19-08-2024 06:26:20.297Z;functions.enter_coligada;  AGUARDANDO 1
19-08-2024 06:28:50.920Z;functions.enter_coligada;  apertou up
19-08-2024 06:28:50.920Z;functions.enter_coligada;  AGUARDANDO 2
19-08-2024 06:31:21.579Z;functions.enter_coligada;  apertou up
19-08-2024 06:31:21.579Z;functions.enter_coligada;  AGUARDANDO 3
19-08-2024 06:33:52.249Z;functions.enter_coligada;  apertou up
19-08-2024 06:33:52.249Z;functions.enter_coligada;  AGUARDANDO 4
19-08-2024 06:36:22.906Z;functions.enter_coligada;  apertou up
19-08-2024 06:36:22.906Z;functions.enter_coligada;  AGUARDANDO 5
19-08-2024 06:38:54.006Z;functions.enter_coligada;  apertou up
19-08-2024 06:38:54.006Z;functions.enter_coligada;  AGUARDANDO 6
19-08-2024 06:41:24.627Z;functions.enter_coligada;  apertou up
19-08-2024 06:41:24.627Z;functions.enter_coligada;  AGUARDANDO 7
19-08-2024 06:43:55.723Z;functions.enter_coligada;  apertou up
19-08-2024 06:44:11.711Z;functions.show_exception_and_exit;  'NoneType' object has no attribute 'click'
Traceback (most recent call last):
  File "C:\Projetos_Remessas\Remessa_Ferias_Rescisao\main.py", line 15, in <module>
    enter_coligada()
  File "C:\Projetos_Remessas\Remessa_Ferias_Rescisao\SUBPROGRAMS\functions.py", line 206, in enter_coligada
    click_alterar_contexto.click()
    ^^^^^^^^^^^^^^^^^^^^^^^^^^^^
AttributeError: 'NoneType' object has no attribute 'click'
19-08-2024 06:44:11.882Z;functions.show_exception_and_exit;  PRINT SALVO
19-08-2024 06:44:12.038Z;functions.show_exception_and_exit;  RM FECHADO
19-08-2024 06:44:13.694Z;errorhandler.__handle;  Property: Unknown Property name. [1:203: -ms-interpolation-mode]
19-08-2024 06:44:13.694Z;errorhandler.__handle;  Property: Unknown Property name. [1:353: -webkit-font-smoothing]
19-08-2024 06:44:13.694Z;errorhandler.__handle;  Property: Unknown Property name. [1:483: -ms-text-size-adjust]
19-08-2024 06:44:13.694Z;errorhandler.__handle;  Property: Unknown Property name. [1:518: -webkit-text-size-adjust]
19-08-2024 06:44:13.694Z;errorhandler.__handle;  Property: Unknown Property name. [1:612: mso-table-lspace]
19-08-2024 06:44:13.694Z;errorhandler.__handle;  Property: Unknown Property name. [1:642: mso-table-rspace]
19-08-2024 06:44:13.757Z;errorhandler.__handle;  Property: Unknown Property name. [1:4734: mso-hide]
19-08-2024 06:44:13.788Z;errorhandler.__handle;  Property: Unknown Property name. [1:13: -ms-interpolation-mode]
19-08-2024 06:44:13.788Z;errorhandler.__handle;  Property: Unknown Property name. [1:49: -webkit-font-smoothing]
19-08-2024 06:44:13.788Z;errorhandler.__handle;  Property: Unknown Property name. [1:134: -ms-text-size-adjust]
19-08-2024 06:44:13.788Z;errorhandler.__handle;  Property: Unknown Property name. [1:160: -webkit-text-size-adjust]
19-08-2024 06:44:13.788Z;errorhandler.__handle;  Property: Unknown Property name. [1:26: mso-table-lspace]
19-08-2024 06:44:13.788Z;errorhandler.__handle;  Property: Unknown Property name. [1:45: mso-table-rspace]
19-08-2024 06:44:13.804Z;errorhandler.__handle;  Property: Unknown Property name. [1:92: mso-hide]
19-08-2024 06:44:13.804Z;errorhandler.__handle;  Property: No ":" after name found: align-center [1:1: align-center]
19-08-2024 06:44:13.804Z;errorhandler.__handle;  Property: No property value found: align-center [1:1: align-center]
19-08-2024 06:44:13.804Z;errorhandler.__handle;  CSSStyleDeclaration: Syntax Error in Property: align-center
19-08-2024 06:44:13.804Z;errorhandler.__handle;  Property: Unknown Property name. [1:14: -ms-interpolation-mode]
19-08-2024 06:44:17.210Z;functions.show_exception_and_exit;  EMAIL EXCEÇÃO ENVIADO
19-08-2024 06:44:17.210Z;functions.show_exception_and_exit;  ERRO - <class 'AttributeError'> / 'NoneType' object has no attribute 'click'
