20-04-2024 06:00:17.571Z;functions.bot_text_art;      ____   
20-04-2024 06:00:17.571Z;functions.bot_text_art;     [____]    
20-04-2024 06:00:17.571Z;functions.bot_text_art;   |=]()()[=|  
20-04-2024 06:00:17.571Z;functions.bot_text_art;     _\==/__    _____    ____     _        _____    ___   _  __
20-04-2024 06:00:17.571Z;functions.bot_text_art;   |__|   |_|  |  _  \  / ___|   | |      |_   _| / ___| | |/ /
20-04-2024 06:00:17.571Z;functions.bot_text_art;   |_|_/\_|_|  | |  | | | |      | |        | |   | |    | ' / 
20-04-2024 06:00:17.571Z;functions.bot_text_art;   | | __ | |  | |  | | | |      | |        | |   | |    |  <  
20-04-2024 06:00:17.571Z;functions.bot_text_art;   |_|[  ]|_|  | |__| | | |____  | |____   _| |_  | |__  | . \ 
20-04-2024 06:00:17.571Z;functions.bot_text_art;   \_|_||_|_/  |_____/   \_____| |______| |_____| \ ___| |_|\_\
20-04-2024 06:00:17.571Z;functions.bot_text_art;     |_||_|                                                     
20-04-2024 06:00:17.571Z;functions.bot_text_art;     | ||_|_   
20-04-2024 06:00:17.571Z;functions.bot_text_art;   |___||___|  
20-04-2024 06:00:17.571Z;functions.bot_text_art;               
20-04-2024 06:00:17.586Z;functions.open_RM;  OPEN PROGRAM RM
20-04-2024 06:00:26.616Z;functions.loggin_RM;  ENTRAR USER_NAME
20-04-2024 06:00:29.491Z;functions.loggin_RM;  ENTRAR PASSWORD
20-04-2024 06:00:30.193Z;functions.loggin_RM;  ENTRAR RM
20-04-2024 06:00:50.499Z;functions.enter_coligada;  CLICK CONTEXTO
20-04-2024 06:00:54.513Z;functions.enter_coligada;  CLICK ALTERAR MODULO DO CONTEXTO
20-04-2024 06:00:56.849Z;functions.enter_coligada;  INSERE O COLIGADA CODE = 1
20-04-2024 06:00:56.950Z;functions.enter_coligada;  APERTA TAB PARA PREENCHER O CAMPO COM A STRING: OCEANICA ENGENHARIA E CONSULTORIA S.A.
20-04-2024 06:00:57.888Z;functions.enter_coligada;  CLICK AVANÇAR NOVAMENTE
20-04-2024 06:00:58.715Z;functions.enter_coligada;  CLICK CONCLUIR
20-04-2024 06:01:08.338Z;functions.enter_coligada;  POP UP COLIGADA DESAPARECER
20-04-2024 06:01:08.963Z;functions.check_movimentacao_bancaria;  CLICK - TOTVS - LINHA RM
20-04-2024 06:01:10.027Z;functions.check_movimentacao_bancaria;  CLICK - BACK OFFICE
20-04-2024 06:01:10.727Z;functions.check_movimentacao_bancaria;  CLICK - GESTAO FINANCEIRA
20-04-2024 06:01:13.867Z;functions.movimentacao_bancaria;  CLICK NA ABA MOVIMENTAÇÃO BANCARIA
20-04-2024 06:01:15.994Z;functions.waitForImage;  IMAGEM BORDERO image found.
20-04-2024 06:01:18.119Z;functions.movimentacao_bancaria;  IMAGEM BORDERO CLICADA.
20-04-2024 06:01:28.458Z;functions.waitForImage;  LICENCAS EXCEDIDAS image not found.
20-04-2024 06:01:29.243Z;functions.movimentacao_bancaria;  ENCONTROU O FILTRO DA MOVIMENTAÇÃO BANCÁRIA
20-04-2024 06:01:29.254Z;functions.movimentacao_bancaria;  CLICA NA ABA SUPERIOR DO FILTRO
20-04-2024 06:01:33.457Z;functions.movimentacao_bancaria;  SELECIONA O FILTRO HOJE
20-04-2024 06:01:35.482Z;functions.waitForImage;  FILTER CLEAN image found.
20-04-2024 06:01:37.603Z;functions.filter_clean;  CLICK NO BOTÃO X DO LIMPA FILTRO
20-04-2024 06:01:53.061Z;functions.waitForImage;  FILTER CLEAN image not found.
20-04-2024 06:02:08.518Z;functions.waitForImage;  FILTER CLEAN image not found.
20-04-2024 06:02:26.564Z;functions.movimentacao_bancaria;  SEM PROCESSAMENTO DE BORDERO
20-04-2024 06:02:47.045Z;functions.waitForImage;  FILTER CLEAN image not found.
20-04-2024 06:03:02.497Z;functions.waitForImage;  FILTER CLEAN image not found.
20-04-2024 06:03:17.913Z;functions.waitForImage;  FILTER CLEAN image not found.
20-04-2024 06:03:50.009Z;functions.remessa_pagamento;  SEM REMESSA DE BORDERO AUTORIZADO
20-04-2024 06:03:50.650Z;functions.enter_contas_a_pagar;  CLICK - TOTVS - LINHA RM
20-04-2024 06:03:51.587Z;functions.enter_contas_a_pagar;  CLICK - BACK OFFICE
20-04-2024 06:03:52.289Z;functions.enter_contas_a_pagar;  CLICK - GESTAO FINANCEIRA
20-04-2024 06:03:58.005Z;functions.enter_contas_a_pagar;  CLICK - CONTAS A PAGAR
20-04-2024 06:03:58.109Z;functions.waitForImage;  LANÇAMENTOS image found.
20-04-2024 06:04:00.240Z;functions.enter_contas_a_pagar;  CLICA EM LANÇAMENTOS
20-04-2024 06:04:15.507Z;functions.waitForImage;  LICENCAS EXCEDIDAS image not found.
20-04-2024 06:04:15.507Z;functions.obter_intervalo_data;  VERIFICANDO A HORA ATUAL 6
20-04-2024 06:04:15.507Z;functions.obter_intervalo_data;  Data Inicial FERIAS/RESCISAO antes da remoção: None
20-04-2024 06:04:15.507Z;functions.obter_intervalo_data;  Data Final FERIAS/RESCISAO antes da remoção: None
20-04-2024 06:04:15.507Z;functions.obter_intervalo_data;  Data Inicial FERIAS/RESCISAO após a remoção: None
20-04-2024 06:04:15.507Z;functions.obter_intervalo_data;  Data Final FERIAS/RESCISAO após a remoção: None
20-04-2024 06:04:15.507Z;functions.obter_intervalo_data;  hoje -  2024-04-20 06:04:15.507837
20-04-2024 06:04:15.507Z;functions.data_filter;  DATA INICIO 24-04-2024
20-04-2024 06:04:15.507Z;functions.data_filter;  DATA FIM 30-04-2024
20-04-2024 06:04:15.507Z;functions.data_filter;  CLICK - SELECIONA A DATA DE QUARTA FEIRA E DA PROXIMA TERÇA
20-04-2024 06:04:15.507Z;functions.data_filter;  QUARTA-FEIRA: 24-04-2024
20-04-2024 06:04:15.507Z;functions.data_filter;  TERCA-FEIRA: 30-04-2024
20-04-2024 06:04:27.763Z;functions.data_filter;  CLICK - BUTÃO DE SELECAO DE FILTRO
20-04-2024 06:04:31.528Z;functions.data_filter;  INSERE - DATA DE QUARTA-FEIRA: 24-04-2024
20-04-2024 06:04:35.011Z;functions.data_filter;  INSERE - DATA DA PROX TERCA-FEIRA: 30-04-2024
20-04-2024 06:04:35.650Z;functions.data_filter;  CLICK - BUTÃO DE EXECUTAR O FILTRO
20-04-2024 06:04:41.494Z;functions.desmark_filter;  CLICK CHECKBOX LANÇAMENTOS A RECEBER
20-04-2024 06:04:42.322Z;functions.desmark_filter;  CLICK CHECKBOX LANÇAMENTOS BAIXADOS
20-04-2024 06:04:43.211Z;functions.desmark_filter;  CLICK CHECKBOX LANÇAMENTOS CANCELADOS
20-04-2024 06:04:44.091Z;functions.desmark_filter;  CLICK CHECKBOX LANÇAMENTOS FATURADOS
20-04-2024 06:04:44.997Z;functions.desmark_filter;  ATUALIZA O FILTRO
20-04-2024 06:04:45.109Z;functions.waitForImage;  FILTER CLEAN image found.
20-04-2024 06:04:47.256Z;functions.filter_clean;  CLICK NO BOTÃO X DO LIMPA FILTRO
20-04-2024 06:05:02.678Z;functions.waitForImage;  FILTER CLEAN image not found.
20-04-2024 06:05:18.067Z;functions.waitForImage;  FILTER CLEAN image not found.
20-04-2024 06:05:19.005Z;functions.tabela_vazia;  Texto extraido 0/0
20-04-2024 06:05:19.005Z;functions.tabela_vazia;  Count 0
20-04-2024 06:05:19.005Z;functions.tabela_vazia;  Type <class 'int'>
20-04-2024 06:05:21.018Z;functions.tabela_vazia;  SEM REMESSA DE FÉRIAS/RESCISÃO
20-04-2024 06:05:23.018Z;main.<module>;  SEM REMESSA DE FÉRIAS/RESCISÃO
20-04-2024 06:05:24.764Z;errorhandler.__handle;  Property: Unknown Property name. [1:203: -ms-interpolation-mode]
20-04-2024 06:05:24.772Z;errorhandler.__handle;  Property: Unknown Property name. [1:353: -webkit-font-smoothing]
20-04-2024 06:05:24.774Z;errorhandler.__handle;  Property: Unknown Property name. [1:483: -ms-text-size-adjust]
20-04-2024 06:05:24.775Z;errorhandler.__handle;  Property: Unknown Property name. [1:518: -webkit-text-size-adjust]
20-04-2024 06:05:24.775Z;errorhandler.__handle;  Property: Unknown Property name. [1:612: mso-table-lspace]
20-04-2024 06:05:24.775Z;errorhandler.__handle;  Property: Unknown Property name. [1:642: mso-table-rspace]
20-04-2024 06:05:24.825Z;errorhandler.__handle;  Property: Unknown Property name. [1:4734: mso-hide]
20-04-2024 06:05:24.853Z;errorhandler.__handle;  Property: Unknown Property name. [1:13: -ms-interpolation-mode]
20-04-2024 06:05:24.854Z;errorhandler.__handle;  Property: Unknown Property name. [1:49: -webkit-font-smoothing]
20-04-2024 06:05:24.855Z;errorhandler.__handle;  Property: Unknown Property name. [1:134: -ms-text-size-adjust]
20-04-2024 06:05:24.855Z;errorhandler.__handle;  Property: Unknown Property name. [1:160: -webkit-text-size-adjust]
20-04-2024 06:05:24.855Z;errorhandler.__handle;  Property: Unknown Property name. [1:26: mso-table-lspace]
20-04-2024 06:05:24.856Z;errorhandler.__handle;  Property: Unknown Property name. [1:45: mso-table-rspace]
20-04-2024 06:05:24.867Z;errorhandler.__handle;  Property: Unknown Property name. [1:92: mso-hide]
20-04-2024 06:05:24.871Z;errorhandler.__handle;  Property: No ":" after name found: align-center [1:1: align-center]
20-04-2024 06:05:24.871Z;errorhandler.__handle;  Property: No property value found: align-center [1:1: align-center]
20-04-2024 06:05:24.871Z;errorhandler.__handle;  CSSStyleDeclaration: Syntax Error in Property: align-center
20-04-2024 06:05:24.872Z;errorhandler.__handle;  Property: Unknown Property name. [1:14: -ms-interpolation-mode]
20-04-2024 06:05:27.199Z;functions.emailFinalizado;  Finalizado e-mail sent.
20-04-2024 06:05:27.273Z;functions.encerra_prog;  RM ENCERRADO
