20-04-2024 20:00:12.623Z;functions.bot_text_art;      ____   
20-04-2024 20:00:12.623Z;functions.bot_text_art;     [____]    
20-04-2024 20:00:12.623Z;functions.bot_text_art;   |=]()()[=|  
20-04-2024 20:00:12.623Z;functions.bot_text_art;     _\==/__    _____    ____     _        _____    ___   _  __
20-04-2024 20:00:12.623Z;functions.bot_text_art;   |__|   |_|  |  _  \  / ___|   | |      |_   _| / ___| | |/ /
20-04-2024 20:00:12.623Z;functions.bot_text_art;   |_|_/\_|_|  | |  | | | |      | |        | |   | |    | ' / 
20-04-2024 20:00:12.623Z;functions.bot_text_art;   | | __ | |  | |  | | | |      | |        | |   | |    |  <  
20-04-2024 20:00:12.623Z;functions.bot_text_art;   |_|[  ]|_|  | |__| | | |____  | |____   _| |_  | |__  | . \ 
20-04-2024 20:00:12.623Z;functions.bot_text_art;   \_|_||_|_/  |_____/   \_____| |______| |_____| \ ___| |_|\_\
20-04-2024 20:00:12.623Z;functions.bot_text_art;     |_||_|                                                     
20-04-2024 20:00:12.623Z;functions.bot_text_art;     | ||_|_   
20-04-2024 20:00:12.623Z;functions.bot_text_art;   |___||___|  
20-04-2024 20:00:12.623Z;functions.bot_text_art;               
20-04-2024 20:00:12.623Z;functions.open_RM;  OPEN PROGRAM RM
20-04-2024 20:00:27.263Z;functions.loggin_RM;  ENTRAR USER_NAME
20-04-2024 20:00:30.142Z;functions.loggin_RM;  ENTRAR PASSWORD
20-04-2024 20:00:30.857Z;functions.loggin_RM;  ENTRAR RM
20-04-2024 20:01:13.654Z;functions.enter_coligada;  CLICK CONTEXTO
20-04-2024 20:01:17.890Z;functions.enter_coligada;  CLICK ALTERAR MODULO DO CONTEXTO
20-04-2024 20:01:21.026Z;functions.enter_coligada;  INSERE O COLIGADA CODE = 1
20-04-2024 20:01:21.127Z;functions.enter_coligada;  APERTA TAB PARA PREENCHER O CAMPO COM A STRING: OCEANICA ENGENHARIA E CONSULTORIA S.A.
20-04-2024 20:01:23.011Z;functions.enter_coligada;  CLICK AVANÇAR NOVAMENTE
20-04-2024 20:01:24.450Z;functions.enter_coligada;  CLICK CONCLUIR
20-04-2024 20:01:40.342Z;functions.enter_coligada;  POP UP COLIGADA DESAPARECER
20-04-2024 20:01:40.951Z;functions.check_movimentacao_bancaria;  CLICK - TOTVS - LINHA RM
20-04-2024 20:01:41.985Z;functions.check_movimentacao_bancaria;  CLICK - BACK OFFICE
20-04-2024 20:01:42.684Z;functions.check_movimentacao_bancaria;  CLICK - GESTAO FINANCEIRA
20-04-2024 20:01:54.028Z;functions.movimentacao_bancaria;  CLICK NA ABA MOVIMENTAÇÃO BANCARIA
20-04-2024 20:01:56.154Z;functions.waitForImage;  IMAGEM BORDERO image found.
20-04-2024 20:01:58.285Z;functions.movimentacao_bancaria;  IMAGEM BORDERO CLICADA.
20-04-2024 20:02:08.578Z;functions.waitForImage;  LICENCAS EXCEDIDAS image not found.
20-04-2024 20:02:09.147Z;functions.movimentacao_bancaria;  ENCONTROU O FILTRO DA MOVIMENTAÇÃO BANCÁRIA
20-04-2024 20:02:09.160Z;functions.movimentacao_bancaria;  CLICA NA ABA SUPERIOR DO FILTRO
20-04-2024 20:02:13.364Z;functions.movimentacao_bancaria;  SELECIONA O FILTRO HOJE
20-04-2024 20:02:16.610Z;functions.waitForImage;  FILTER CLEAN image found.
20-04-2024 20:02:18.729Z;functions.filter_clean;  CLICK NO BOTÃO X DO LIMPA FILTRO
20-04-2024 20:02:34.178Z;functions.waitForImage;  FILTER CLEAN image not found.
20-04-2024 20:02:49.637Z;functions.waitForImage;  FILTER CLEAN image not found.
20-04-2024 20:02:52.449Z;functions.movimentacao_bancaria;  CLICK NA PRIMEIRA LINHA DA TABELA MOVIMENTAÇÃO BANCÁRIA
20-04-2024 20:02:53.661Z;functions.movimentacao_bancaria;  12 PASSOS PARA DIREITA NA TABELA >>
20-04-2024 20:02:54.950Z;functions.movimentacao_bancaria;  HOVER FILTER
20-04-2024 20:02:55.303Z;functions.movimentacao_bancaria;  CLICK FILTER
20-04-2024 20:02:59.612Z;functions.movimentacao_bancaria;  CLICK NO FILTRO  STATUS DA REMESSA
20-04-2024 20:03:01.714Z;functions.movimentacao_bancaria;  APERTA TAB PARA ESCREVER O FILTRO
20-04-2024 20:03:03.818Z;functions.movimentacao_bancaria;  ESCREVE PENDENTE NO FILTRO
20-04-2024 20:03:05.920Z;functions.movimentacao_bancaria;  APERTA ENTER PARA SELECIONAR OS PENDENTES
20-04-2024 20:03:09.480Z;functions.movimentacao_bancaria;  SELECIONA TODAS AS TUPLAS COM STATUS PENDENTE
20-04-2024 20:03:11.584Z;functions.movimentacao_bancaria;  CLICK EM PROCESSOS
20-04-2024 20:03:13.686Z;functions.movimentacao_bancaria;  APERTA PARA BAIXO
20-04-2024 20:03:15.788Z;functions.movimentacao_bancaria;  APERTA ENTER
20-04-2024 20:03:18.433Z;functions.movimentacao_bancaria;  CLICK EM EXECUTAR BORDERO DE PAGAMENTO
20-04-2024 20:03:32.090Z;functions.waitForImage;  PRESS BUTTON OK image found.
20-04-2024 20:03:32.090Z;functions.movimentacao_bancaria;  O PROCESSAMENTO DE AUTORIZAÇÃO DO BORDERO FOI EXECUTADO COM SUCESSO.
20-04-2024 20:03:32.730Z;functions.movimentacao_bancaria;  CLICK EM FECHAR.
20-04-2024 20:03:37.841Z;functions.waitForImage;  FILTER CLEAN image found.
20-04-2024 20:03:39.962Z;functions.filter_clean;  CLICK NO BOTÃO X DO LIMPA FILTRO
20-04-2024 20:03:55.397Z;functions.waitForImage;  FILTER CLEAN image not found.
20-04-2024 20:04:10.887Z;functions.waitForImage;  FILTER CLEAN image not found.
20-04-2024 20:04:11.746Z;functions.remessa_pagamento;  CLICK NA PRIMEIRA LINHA DA TABELA MOVIMENTAÇÃO BANCÁRIA
20-04-2024 20:04:13.028Z;functions.remessa_pagamento;  HOVER FILTER
20-04-2024 20:04:13.332Z;functions.remessa_pagamento;  CLICK FILTER
20-04-2024 20:04:17.645Z;functions.remessa_pagamento;  CLICK NO FILTRO  STATUS DA REMESSA
20-04-2024 20:04:19.746Z;functions.remessa_pagamento;  APERTA TAB PARA ESCREVER O FILTRO
20-04-2024 20:04:21.852Z;functions.remessa_pagamento;  ESCREVE AUTORIZADO NO FILTRO
20-04-2024 20:04:23.953Z;functions.remessa_pagamento;  APERTA ENTER PARA SELECIONAR OS AUTORIZADO
20-04-2024 20:04:27.300Z;functions.remessa_pagamento;  6 PASSOS PARA ESQUERDA NA TABELA <<
20-04-2024 20:04:28.227Z;functions.check_user_bot;  Texto extraido 1/1
20-04-2024 20:04:28.228Z;functions.check_user_bot;  Count 1
20-04-2024 20:04:28.228Z;functions.check_user_bot;  Type <class 'int'>
20-04-2024 20:04:30.330Z;functions.check_user_bot;  CHECK USER BOT 1
20-04-2024 20:04:32.331Z;functions.check_user_bot;  integracao
20-04-2024 20:04:35.037Z;functions.check_user_bot;  7 PASSOS PARA DIREITA NA TABELA >>
20-04-2024 20:04:39.140Z;functions.check_user_bot;  341 / 3212 / 02675  PIX
20-04-2024 20:04:39.140Z;functions.check_user_bot;  NOME FERIAS NAO ENCONTRADO.
20-04-2024 20:04:39.847Z;functions.check_user_bot;  7 PASSOS PARA ESQUERDA NA TABELA <<
20-04-2024 20:04:39.948Z;functions.check_user_bot;  COUNT1: 0
20-04-2024 20:04:40.558Z;functions.enter_contas_a_pagar;  CLICK - TOTVS - LINHA RM
20-04-2024 20:04:41.512Z;functions.enter_contas_a_pagar;  CLICK - BACK OFFICE
20-04-2024 20:04:42.205Z;functions.enter_contas_a_pagar;  CLICK - GESTAO FINANCEIRA
20-04-2024 20:04:53.512Z;functions.enter_contas_a_pagar;  CLICK - CONTAS A PAGAR
20-04-2024 20:04:53.616Z;functions.waitForImage;  LANÇAMENTOS image found.
20-04-2024 20:04:55.749Z;functions.enter_contas_a_pagar;  CLICA EM LANÇAMENTOS
20-04-2024 20:05:11.028Z;functions.waitForImage;  LICENCAS EXCEDIDAS image not found.
20-04-2024 20:05:11.028Z;functions.obter_intervalo_data;  VERIFICANDO A HORA ATUAL 20
20-04-2024 20:05:11.028Z;functions.obter_intervalo_data;  Data Inicial FERIAS/RESCISAO antes da remoção: None
20-04-2024 20:05:11.028Z;functions.obter_intervalo_data;  Data Final FERIAS/RESCISAO antes da remoção: None
20-04-2024 20:05:11.028Z;functions.obter_intervalo_data;  Data Inicial FERIAS/RESCISAO após a remoção: None
20-04-2024 20:05:11.028Z;functions.obter_intervalo_data;  Data Final FERIAS/RESCISAO após a remoção: None
20-04-2024 20:05:11.028Z;functions.obter_intervalo_data;  hoje -  2024-04-20 20:05:11.028351
20-04-2024 20:05:11.028Z;functions.data_filter;  DATA INICIO 24-04-2024
20-04-2024 20:05:11.028Z;functions.data_filter;  DATA FIM 30-04-2024
20-04-2024 20:05:11.028Z;functions.data_filter;  CLICK - SELECIONA A DATA DE QUARTA FEIRA E DA PROXIMA TERÇA
20-04-2024 20:05:11.028Z;functions.data_filter;  QUARTA-FEIRA: 24-04-2024
20-04-2024 20:05:11.028Z;functions.data_filter;  TERCA-FEIRA: 30-04-2024
20-04-2024 20:05:23.308Z;functions.data_filter;  CLICK - BUTÃO DE SELECAO DE FILTRO
20-04-2024 20:05:27.075Z;functions.data_filter;  INSERE - DATA DE QUARTA-FEIRA: 24-04-2024
20-04-2024 20:05:30.636Z;functions.data_filter;  INSERE - DATA DA PROX TERCA-FEIRA: 30-04-2024
20-04-2024 20:05:31.293Z;functions.data_filter;  CLICK - BUTÃO DE EXECUTAR O FILTRO
20-04-2024 20:05:37.123Z;functions.desmark_filter;  CLICK CHECKBOX LANÇAMENTOS A RECEBER
20-04-2024 20:05:37.964Z;functions.desmark_filter;  CLICK CHECKBOX LANÇAMENTOS BAIXADOS
20-04-2024 20:05:38.824Z;functions.desmark_filter;  CLICK CHECKBOX LANÇAMENTOS CANCELADOS
20-04-2024 20:05:39.730Z;functions.desmark_filter;  CLICK CHECKBOX LANÇAMENTOS FATURADOS
20-04-2024 20:05:40.652Z;functions.desmark_filter;  ATUALIZA O FILTRO
20-04-2024 20:05:40.787Z;functions.waitForImage;  FILTER CLEAN image found.
20-04-2024 20:05:42.904Z;functions.filter_clean;  CLICK NO BOTÃO X DO LIMPA FILTRO
20-04-2024 20:05:58.340Z;functions.waitForImage;  FILTER CLEAN image not found.
20-04-2024 20:06:13.820Z;functions.waitForImage;  FILTER CLEAN image not found.
20-04-2024 20:06:14.792Z;functions.tabela_vazia;  Texto extraido 0/0
20-04-2024 20:06:14.792Z;functions.tabela_vazia;  Count 0
20-04-2024 20:06:14.792Z;functions.tabela_vazia;  Type <class 'int'>
20-04-2024 20:06:16.802Z;functions.tabela_vazia;  SEM REMESSA DE FÉRIAS/RESCISÃO
20-04-2024 20:06:18.802Z;main.<module>;  SEM REMESSA DE FÉRIAS/RESCISÃO
20-04-2024 20:06:20.808Z;errorhandler.__handle;  Property: Unknown Property name. [1:203: -ms-interpolation-mode]
20-04-2024 20:06:20.824Z;errorhandler.__handle;  Property: Unknown Property name. [1:353: -webkit-font-smoothing]
20-04-2024 20:06:20.824Z;errorhandler.__handle;  Property: Unknown Property name. [1:483: -ms-text-size-adjust]
20-04-2024 20:06:20.824Z;errorhandler.__handle;  Property: Unknown Property name. [1:518: -webkit-text-size-adjust]
20-04-2024 20:06:20.824Z;errorhandler.__handle;  Property: Unknown Property name. [1:612: mso-table-lspace]
20-04-2024 20:06:20.824Z;errorhandler.__handle;  Property: Unknown Property name. [1:642: mso-table-rspace]
20-04-2024 20:06:20.870Z;errorhandler.__handle;  Property: Unknown Property name. [1:4734: mso-hide]
20-04-2024 20:06:20.902Z;errorhandler.__handle;  Property: Unknown Property name. [1:13: -ms-interpolation-mode]
20-04-2024 20:06:20.902Z;errorhandler.__handle;  Property: Unknown Property name. [1:49: -webkit-font-smoothing]
20-04-2024 20:06:20.902Z;errorhandler.__handle;  Property: Unknown Property name. [1:134: -ms-text-size-adjust]
20-04-2024 20:06:20.902Z;errorhandler.__handle;  Property: Unknown Property name. [1:160: -webkit-text-size-adjust]
20-04-2024 20:06:20.902Z;errorhandler.__handle;  Property: Unknown Property name. [1:26: mso-table-lspace]
20-04-2024 20:06:20.902Z;errorhandler.__handle;  Property: Unknown Property name. [1:45: mso-table-rspace]
20-04-2024 20:06:20.917Z;errorhandler.__handle;  Property: Unknown Property name. [1:92: mso-hide]
20-04-2024 20:06:20.917Z;errorhandler.__handle;  Property: No ":" after name found: align-center [1:1: align-center]
20-04-2024 20:06:20.917Z;errorhandler.__handle;  Property: No property value found: align-center [1:1: align-center]
20-04-2024 20:06:20.917Z;errorhandler.__handle;  CSSStyleDeclaration: Syntax Error in Property: align-center
20-04-2024 20:06:20.917Z;errorhandler.__handle;  Property: Unknown Property name. [1:14: -ms-interpolation-mode]
20-04-2024 20:06:23.776Z;functions.emailFinalizado;  Finalizado e-mail sent.
20-04-2024 20:06:23.854Z;functions.encerra_prog;  RM ENCERRADO
