15-08-2024 03:01:04.857Z;functions.bot_text_art;      ____   
15-08-2024 03:01:04.857Z;functions.bot_text_art;     [____]    
15-08-2024 03:01:04.857Z;functions.bot_text_art;   |=]()()[=|  
15-08-2024 03:01:04.857Z;functions.bot_text_art;     _\==/__    _____    ____     _        _____    ___   _  __
15-08-2024 03:01:04.857Z;functions.bot_text_art;   |__|   |_|  |  _  \  / ___|   | |      |_   _| / ___| | |/ /
15-08-2024 03:01:04.857Z;functions.bot_text_art;   |_|_/\_|_|  | |  | | | |      | |        | |   | |    | ' / 
15-08-2024 03:01:04.857Z;functions.bot_text_art;   | | __ | |  | |  | | | |      | |        | |   | |    |  <  
15-08-2024 03:01:04.857Z;functions.bot_text_art;   |_|[  ]|_|  | |__| | | |____  | |____   _| |_  | |__  | . \ 
15-08-2024 03:01:04.873Z;functions.bot_text_art;   \_|_||_|_/  |_____/   \_____| |______| |_____| \ ___| |_|\_\
15-08-2024 03:01:04.873Z;functions.bot_text_art;     |_||_|                                                     
15-08-2024 03:01:04.873Z;functions.bot_text_art;     | ||_|_   
15-08-2024 03:01:04.873Z;functions.bot_text_art;   |___||___|  
15-08-2024 03:01:04.873Z;functions.bot_text_art;               
15-08-2024 03:01:04.873Z;functions.open_RM;  OPEN PROGRAM RM
15-08-2024 03:01:17.060Z;functions.loggin_RM;  ENTRAR USER_NAME
15-08-2024 03:01:20.204Z;functions.loggin_RM;  ENTRAR PASSWORD
15-08-2024 03:01:21.223Z;functions.loggin_RM;  ENTRAR RM
15-08-2024 03:04:40.263Z;functions.enter_coligada;  AGUARDANDO 1
15-08-2024 03:04:41.185Z;functions.enter_coligada;  CLICK CONTEXTO
15-08-2024 03:04:42.872Z;functions.enter_coligada;  CLICK ALTERAR MODULO DO CONTEXTO
15-08-2024 03:04:45.326Z;functions.enter_coligada;  INSERE O COLIGADA CODE = 1
15-08-2024 03:04:45.427Z;functions.enter_coligada;  APERTA TAB PARA PREENCHER O CAMPO COM A STRING: OCEANICA ENGENHARIA E CONSULTORIA S.A.
15-08-2024 03:04:46.718Z;functions.enter_coligada;  CLICK AVANÇAR NOVAMENTE
15-08-2024 03:04:47.685Z;functions.enter_coligada;  CLICK CONCLUIR
15-08-2024 03:05:08.263Z;functions.waitForImage;  TROCA COLIGADA image not found.
15-08-2024 03:05:16.544Z;functions.enter_coligada;  POP UP COLIGADA DESAPARECER
15-08-2024 03:05:17.310Z;functions.check_movimentacao_bancaria;  CLICK - TOTVS - LINHA RM
15-08-2024 03:05:18.591Z;functions.check_movimentacao_bancaria;  CLICK - BACK OFFICE
15-08-2024 03:05:21.060Z;functions.check_movimentacao_bancaria;  CLICK - GESTAO FINANCEIRA
15-08-2024 03:05:21.060Z;functions.obter_intervalo_data;  VERIFICANDO A HORA ATUAL 3
15-08-2024 03:05:21.074Z;functions.obter_intervalo_data;  Data Inicial FERIAS/RESCISAO antes da remoção: None
15-08-2024 03:05:21.074Z;functions.obter_intervalo_data;  Data Final FERIAS/RESCISAO antes da remoção: None
15-08-2024 03:05:21.078Z;functions.obter_intervalo_data;  Data Inicial FERIAS/RESCISAO após a remoção: None
15-08-2024 03:05:21.079Z;functions.obter_intervalo_data;  Data Final FERIAS/RESCISAO após a remoção: None
15-08-2024 03:05:21.079Z;functions.obter_intervalo_data;  hoje -  2024-08-15 03:05:21.079783
15-08-2024 03:05:21.079Z;functions.check_movimentacao_bancaria;  DATA INICIO 21-08-2024
15-08-2024 03:05:21.079Z;functions.check_movimentacao_bancaria;  DATA FIM 27-08-2024
15-08-2024 03:05:21.079Z;functions.movimentacao_bancaria;  AGUARDANDO 1
15-08-2024 03:05:25.591Z;functions.movimentacao_bancaria;  CLICK NA ABA MOVIMENTAÇÃO BANCARIA
15-08-2024 03:05:27.685Z;functions.waitForImage;  IMAGEM BORDERO image found.
15-08-2024 03:05:29.825Z;functions.movimentacao_bancaria;  IMAGEM BORDERO CLICADA.
15-08-2024 03:05:39.982Z;functions.waitForImage;  LICENCAS EXCEDIDAS image not found.
15-08-2024 03:05:40.622Z;functions.movimentacao_bancaria;  ENCONTROU O FILTRO DA MOVIMENTAÇÃO BANCÁRIA
15-08-2024 03:05:40.654Z;functions.movimentacao_bancaria;  CLICA NA ABA SUPERIOR DO FILTRO
15-08-2024 03:05:44.862Z;functions.movimentacao_bancaria;  SELECIONA O FILTRO HOJE
15-08-2024 03:06:00.357Z;functions.waitForImage;  FILTER CLEAN image not found.
15-08-2024 03:06:15.763Z;functions.waitForImage;  FILTER CLEAN image not found.
15-08-2024 03:06:31.294Z;functions.waitForImage;  FILTER CLEAN image not found.
15-08-2024 03:06:50.669Z;functions.movimentacao_bancaria;  SEM PROCESSAMENTO DE BORDERO
15-08-2024 03:07:11.107Z;functions.waitForImage;  FILTER CLEAN image not found.
15-08-2024 03:07:26.544Z;functions.waitForImage;  FILTER CLEAN image not found.
15-08-2024 03:07:41.919Z;functions.waitForImage;  FILTER CLEAN image not found.
15-08-2024 03:08:16.544Z;functions.remessa_pagamento;  SEM REMESSA DE BORDERO AUTORIZADO
15-08-2024 03:08:17.342Z;functions.enter_contas_a_pagar;  CLICK - TOTVS - LINHA RM
15-08-2024 03:08:18.528Z;functions.enter_contas_a_pagar;  CLICK - BACK OFFICE
15-08-2024 03:08:19.310Z;functions.enter_contas_a_pagar;  CLICK - GESTAO FINANCEIRA
15-08-2024 03:08:26.372Z;functions.enter_contas_a_pagar;  CLICK - CONTAS A PAGAR
15-08-2024 03:08:26.466Z;functions.waitForImage;  LANÇAMENTOS image found.
15-08-2024 03:08:28.598Z;functions.enter_contas_a_pagar;  CLICA EM LANÇAMENTOS
15-08-2024 03:08:44.091Z;functions.waitForImage;  LICENCAS EXCEDIDAS image not found.
15-08-2024 03:08:44.091Z;functions.data_filter;  CLICK - SELECIONA A DATA DE QUARTA FEIRA E DA PROXIMA TERÇA
15-08-2024 03:08:44.091Z;functions.data_filter;  QUARTA-FEIRA: 21-08-2024
15-08-2024 03:08:44.091Z;functions.data_filter;  TERCA-FEIRA: 27-08-2024
15-08-2024 03:09:04.068Z;functions.data_filter;  FILTRO - REMESSA FERIAS/RESCISAO
15-08-2024 03:09:04.841Z;functions.data_filter;  CLICK - BUTÃO DE SELECAO DE FILTRO
15-08-2024 03:09:08.934Z;functions.data_filter;  INSERE - DATA DE QUARTA-FEIRA: 21-08-2024
15-08-2024 03:09:12.825Z;functions.data_filter;  INSERE - DATA DA PROX TERCA-FEIRA: 27-08-2024
15-08-2024 03:09:13.685Z;functions.data_filter;  CLICK - BUTÃO DE EXECUTAR O FILTRO
15-08-2024 03:09:18.687Z;functions.desmark_filter;  AGUARDANDO 1
15-08-2024 03:09:20.028Z;functions.desmark_filter;  CLICK CHECKBOX LANÇAMENTOS A RECEBER
15-08-2024 03:09:21.455Z;functions.desmark_filter;  CLICK CHECKBOX LANÇAMENTOS BAIXADOS
15-08-2024 03:09:22.954Z;functions.desmark_filter;  CLICK CHECKBOX LANÇAMENTOS CANCELADOS
15-08-2024 03:09:24.559Z;functions.desmark_filter;  CLICK CHECKBOX LANÇAMENTOS FATURADOS
15-08-2024 03:09:26.117Z;functions.desmark_filter;  ATUALIZA O FILTRO
15-08-2024 03:09:26.169Z;functions.waitForImage;  FILTER CLEAN image found.
15-08-2024 03:09:28.286Z;functions.filter_clean;  CLICK NO BOTÃO X DO LIMPA FILTRO
15-08-2024 03:09:43.638Z;functions.waitForImage;  FILTER CLEAN image not found.
15-08-2024 03:09:58.981Z;functions.waitForImage;  FILTER CLEAN image not found.
15-08-2024 03:10:00.934Z;functions.tabela_vazia;  Texto extraido 0/0
15-08-2024 03:10:00.934Z;functions.tabela_vazia;  Count 0
15-08-2024 03:10:00.934Z;functions.tabela_vazia;  Type <class 'int'>
15-08-2024 03:10:02.941Z;functions.tabela_vazia;  SEM REMESSA DE FÉRIAS/RESCISÃO
15-08-2024 03:10:04.941Z;main.<module>;  SEM REMESSA DE FÉRIAS/RESCISÃO
15-08-2024 03:10:06.644Z;errorhandler.__handle;  Property: Unknown Property name. [1:203: -ms-interpolation-mode]
15-08-2024 03:10:06.644Z;errorhandler.__handle;  Property: Unknown Property name. [1:353: -webkit-font-smoothing]
15-08-2024 03:10:06.660Z;errorhandler.__handle;  Property: Unknown Property name. [1:483: -ms-text-size-adjust]
15-08-2024 03:10:06.660Z;errorhandler.__handle;  Property: Unknown Property name. [1:518: -webkit-text-size-adjust]
15-08-2024 03:10:06.660Z;errorhandler.__handle;  Property: Unknown Property name. [1:612: mso-table-lspace]
15-08-2024 03:10:06.660Z;errorhandler.__handle;  Property: Unknown Property name. [1:642: mso-table-rspace]
15-08-2024 03:10:06.707Z;errorhandler.__handle;  Property: Unknown Property name. [1:4734: mso-hide]
15-08-2024 03:10:06.723Z;errorhandler.__handle;  Property: Unknown Property name. [1:13: -ms-interpolation-mode]
15-08-2024 03:10:06.723Z;errorhandler.__handle;  Property: Unknown Property name. [1:49: -webkit-font-smoothing]
15-08-2024 03:10:06.723Z;errorhandler.__handle;  Property: Unknown Property name. [1:134: -ms-text-size-adjust]
15-08-2024 03:10:06.723Z;errorhandler.__handle;  Property: Unknown Property name. [1:160: -webkit-text-size-adjust]
15-08-2024 03:10:06.738Z;errorhandler.__handle;  Property: Unknown Property name. [1:26: mso-table-lspace]
15-08-2024 03:10:06.738Z;errorhandler.__handle;  Property: Unknown Property name. [1:45: mso-table-rspace]
15-08-2024 03:10:06.738Z;errorhandler.__handle;  Property: Unknown Property name. [1:92: mso-hide]
15-08-2024 03:10:06.769Z;errorhandler.__handle;  Property: No ":" after name found: align-center [1:1: align-center]
15-08-2024 03:10:06.769Z;errorhandler.__handle;  Property: No property value found: align-center [1:1: align-center]
15-08-2024 03:10:06.769Z;errorhandler.__handle;  CSSStyleDeclaration: Syntax Error in Property: align-center
15-08-2024 03:10:06.769Z;errorhandler.__handle;  Property: Unknown Property name. [1:14: -ms-interpolation-mode]
15-08-2024 03:10:09.606Z;functions.emailFinalizado;  Finalizado e-mail sent.
15-08-2024 03:10:09.778Z;functions.encerra_prog;  RM ENCERRADO
