21-04-2024 06:00:15.544Z;functions.bot_text_art;      ____   
21-04-2024 06:00:15.544Z;functions.bot_text_art;     [____]    
21-04-2024 06:00:15.544Z;functions.bot_text_art;   |=]()()[=|  
21-04-2024 06:00:15.544Z;functions.bot_text_art;     _\==/__    _____    ____     _        _____    ___   _  __
21-04-2024 06:00:15.544Z;functions.bot_text_art;   |__|   |_|  |  _  \  / ___|   | |      |_   _| / ___| | |/ /
21-04-2024 06:00:15.544Z;functions.bot_text_art;   |_|_/\_|_|  | |  | | | |      | |        | |   | |    | ' / 
21-04-2024 06:00:15.544Z;functions.bot_text_art;   | | __ | |  | |  | | | |      | |        | |   | |    |  <  
21-04-2024 06:00:15.544Z;functions.bot_text_art;   |_|[  ]|_|  | |__| | | |____  | |____   _| |_  | |__  | . \ 
21-04-2024 06:00:15.560Z;functions.bot_text_art;   \_|_||_|_/  |_____/   \_____| |______| |_____| \ ___| |_|\_\
21-04-2024 06:00:15.560Z;functions.bot_text_art;     |_||_|                                                     
21-04-2024 06:00:15.560Z;functions.bot_text_art;     | ||_|_   
21-04-2024 06:00:15.560Z;functions.bot_text_art;   |___||___|  
21-04-2024 06:00:15.560Z;functions.bot_text_art;               
21-04-2024 06:00:15.560Z;functions.open_RM;  OPEN PROGRAM RM
21-04-2024 06:00:24.887Z;functions.loggin_RM;  ENTRAR USER_NAME
21-04-2024 06:00:27.792Z;functions.loggin_RM;  ENTRAR PASSWORD
21-04-2024 06:00:28.527Z;functions.loggin_RM;  ENTRAR RM
21-04-2024 06:00:47.959Z;functions.enter_coligada;  CLICK CONTEXTO
21-04-2024 06:00:52.013Z;functions.enter_coligada;  CLICK ALTERAR MODULO DO CONTEXTO
21-04-2024 06:00:54.177Z;functions.enter_coligada;  INSERE O COLIGADA CODE = 1
21-04-2024 06:00:54.279Z;functions.enter_coligada;  APERTA TAB PARA PREENCHER O CAMPO COM A STRING: OCEANICA ENGENHARIA E CONSULTORIA S.A.
21-04-2024 06:00:55.210Z;functions.enter_coligada;  CLICK AVANÇAR NOVAMENTE
21-04-2024 06:00:56.060Z;functions.enter_coligada;  CLICK CONCLUIR
21-04-2024 06:01:05.525Z;functions.enter_coligada;  POP UP COLIGADA DESAPARECER
21-04-2024 06:01:06.166Z;functions.check_movimentacao_bancaria;  CLICK - TOTVS - LINHA RM
21-04-2024 06:01:07.239Z;functions.check_movimentacao_bancaria;  CLICK - BACK OFFICE
21-04-2024 06:01:07.947Z;functions.check_movimentacao_bancaria;  CLICK - GESTAO FINANCEIRA
21-04-2024 06:01:10.714Z;functions.movimentacao_bancaria;  CLICK NA ABA MOVIMENTAÇÃO BANCARIA
21-04-2024 06:01:12.840Z;functions.waitForImage;  IMAGEM BORDERO image found.
21-04-2024 06:01:14.970Z;functions.movimentacao_bancaria;  IMAGEM BORDERO CLICADA.
21-04-2024 06:01:25.323Z;functions.waitForImage;  LICENCAS EXCEDIDAS image not found.
21-04-2024 06:01:25.886Z;functions.movimentacao_bancaria;  ENCONTROU O FILTRO DA MOVIMENTAÇÃO BANCÁRIA
21-04-2024 06:01:25.901Z;functions.movimentacao_bancaria;  CLICA NA ABA SUPERIOR DO FILTRO
21-04-2024 06:01:30.106Z;functions.movimentacao_bancaria;  SELECIONA O FILTRO HOJE
21-04-2024 06:01:32.119Z;functions.waitForImage;  FILTER CLEAN image found.
21-04-2024 06:01:34.239Z;functions.filter_clean;  CLICK NO BOTÃO X DO LIMPA FILTRO
21-04-2024 06:01:49.783Z;functions.waitForImage;  FILTER CLEAN image not found.
21-04-2024 06:02:05.290Z;functions.waitForImage;  FILTER CLEAN image not found.
21-04-2024 06:02:23.429Z;functions.movimentacao_bancaria;  SEM PROCESSAMENTO DE BORDERO
21-04-2024 06:02:43.870Z;functions.waitForImage;  FILTER CLEAN image not found.
21-04-2024 06:02:59.304Z;functions.waitForImage;  FILTER CLEAN image not found.
21-04-2024 06:03:14.730Z;functions.waitForImage;  FILTER CLEAN image not found.
21-04-2024 06:03:47.035Z;functions.remessa_pagamento;  SEM REMESSA DE BORDERO AUTORIZADO
21-04-2024 06:03:47.676Z;functions.enter_contas_a_pagar;  CLICK - TOTVS - LINHA RM
21-04-2024 06:03:48.676Z;functions.enter_contas_a_pagar;  CLICK - BACK OFFICE
21-04-2024 06:03:49.380Z;functions.enter_contas_a_pagar;  CLICK - GESTAO FINANCEIRA
21-04-2024 06:03:54.707Z;functions.enter_contas_a_pagar;  CLICK - CONTAS A PAGAR
21-04-2024 06:03:54.859Z;functions.waitForImage;  LANÇAMENTOS image found.
21-04-2024 06:03:56.980Z;functions.enter_contas_a_pagar;  CLICA EM LANÇAMENTOS
21-04-2024 06:04:12.300Z;functions.waitForImage;  LICENCAS EXCEDIDAS image not found.
21-04-2024 06:04:12.301Z;functions.obter_intervalo_data;  VERIFICANDO A HORA ATUAL 6
21-04-2024 06:04:12.302Z;functions.obter_intervalo_data;  Data Inicial FERIAS/RESCISAO antes da remoção: None
21-04-2024 06:04:12.302Z;functions.obter_intervalo_data;  Data Final FERIAS/RESCISAO antes da remoção: None
21-04-2024 06:04:12.302Z;functions.obter_intervalo_data;  Data Inicial FERIAS/RESCISAO após a remoção: None
21-04-2024 06:04:12.302Z;functions.obter_intervalo_data;  Data Final FERIAS/RESCISAO após a remoção: None
21-04-2024 06:04:12.302Z;functions.obter_intervalo_data;  hoje -  2024-04-21 06:04:12.302627
21-04-2024 06:04:12.302Z;functions.data_filter;  DATA INICIO 24-04-2024
21-04-2024 06:04:12.302Z;functions.data_filter;  DATA FIM 30-04-2024
21-04-2024 06:04:12.302Z;functions.data_filter;  CLICK - SELECIONA A DATA DE QUARTA FEIRA E DA PROXIMA TERÇA
21-04-2024 06:04:12.302Z;functions.data_filter;  QUARTA-FEIRA: 24-04-2024
21-04-2024 06:04:12.302Z;functions.data_filter;  TERCA-FEIRA: 30-04-2024
21-04-2024 06:04:24.613Z;functions.data_filter;  CLICK - BUTÃO DE SELECAO DE FILTRO
21-04-2024 06:04:28.393Z;functions.data_filter;  INSERE - DATA DE QUARTA-FEIRA: 24-04-2024
21-04-2024 06:04:31.894Z;functions.data_filter;  INSERE - DATA DA PROX TERCA-FEIRA: 30-04-2024
21-04-2024 06:04:32.784Z;functions.data_filter;  CLICK - BUTÃO DE EXECUTAR O FILTRO
21-04-2024 06:04:38.597Z;functions.desmark_filter;  CLICK CHECKBOX LANÇAMENTOS A RECEBER
21-04-2024 06:04:39.456Z;functions.desmark_filter;  CLICK CHECKBOX LANÇAMENTOS BAIXADOS
21-04-2024 06:04:40.314Z;functions.desmark_filter;  CLICK CHECKBOX LANÇAMENTOS CANCELADOS
21-04-2024 06:04:41.193Z;functions.desmark_filter;  CLICK CHECKBOX LANÇAMENTOS FATURADOS
21-04-2024 06:04:42.112Z;functions.desmark_filter;  ATUALIZA O FILTRO
21-04-2024 06:04:42.248Z;functions.waitForImage;  FILTER CLEAN image found.
21-04-2024 06:04:44.369Z;functions.filter_clean;  CLICK NO BOTÃO X DO LIMPA FILTRO
21-04-2024 06:04:59.873Z;functions.waitForImage;  FILTER CLEAN image not found.
21-04-2024 06:05:15.299Z;functions.waitForImage;  FILTER CLEAN image not found.
21-04-2024 06:05:16.283Z;functions.tabela_vazia;  Texto extraido 0/0
21-04-2024 06:05:16.283Z;functions.tabela_vazia;  Count 0
21-04-2024 06:05:16.283Z;functions.tabela_vazia;  Type <class 'int'>
21-04-2024 06:05:18.288Z;functions.tabela_vazia;  SEM REMESSA DE FÉRIAS/RESCISÃO
21-04-2024 06:05:20.289Z;main.<module>;  SEM REMESSA DE FÉRIAS/RESCISÃO
21-04-2024 06:05:22.798Z;errorhandler.__handle;  Property: Unknown Property name. [1:203: -ms-interpolation-mode]
21-04-2024 06:05:22.798Z;errorhandler.__handle;  Property: Unknown Property name. [1:353: -webkit-font-smoothing]
21-04-2024 06:05:22.813Z;errorhandler.__handle;  Property: Unknown Property name. [1:483: -ms-text-size-adjust]
21-04-2024 06:05:22.813Z;errorhandler.__handle;  Property: Unknown Property name. [1:518: -webkit-text-size-adjust]
21-04-2024 06:05:22.813Z;errorhandler.__handle;  Property: Unknown Property name. [1:612: mso-table-lspace]
21-04-2024 06:05:22.813Z;errorhandler.__handle;  Property: Unknown Property name. [1:642: mso-table-rspace]
21-04-2024 06:05:22.860Z;errorhandler.__handle;  Property: Unknown Property name. [1:4734: mso-hide]
21-04-2024 06:05:22.876Z;errorhandler.__handle;  Property: Unknown Property name. [1:13: -ms-interpolation-mode]
21-04-2024 06:05:22.876Z;errorhandler.__handle;  Property: Unknown Property name. [1:49: -webkit-font-smoothing]
21-04-2024 06:05:22.876Z;errorhandler.__handle;  Property: Unknown Property name. [1:134: -ms-text-size-adjust]
21-04-2024 06:05:22.876Z;errorhandler.__handle;  Property: Unknown Property name. [1:160: -webkit-text-size-adjust]
21-04-2024 06:05:22.876Z;errorhandler.__handle;  Property: Unknown Property name. [1:26: mso-table-lspace]
21-04-2024 06:05:22.876Z;errorhandler.__handle;  Property: Unknown Property name. [1:45: mso-table-rspace]
21-04-2024 06:05:22.891Z;errorhandler.__handle;  Property: Unknown Property name. [1:92: mso-hide]
21-04-2024 06:05:22.891Z;errorhandler.__handle;  Property: No ":" after name found: align-center [1:1: align-center]
21-04-2024 06:05:22.891Z;errorhandler.__handle;  Property: No property value found: align-center [1:1: align-center]
21-04-2024 06:05:22.891Z;errorhandler.__handle;  CSSStyleDeclaration: Syntax Error in Property: align-center
21-04-2024 06:05:22.891Z;errorhandler.__handle;  Property: Unknown Property name. [1:14: -ms-interpolation-mode]
21-04-2024 06:05:25.766Z;functions.emailFinalizado;  Finalizado e-mail sent.
21-04-2024 06:05:25.846Z;functions.encerra_prog;  RM ENCERRADO
