05-08-2024 20:04:44.345Z;functions.bot_text_art;      ____   
05-08-2024 20:04:44.345Z;functions.bot_text_art;     [____]    
05-08-2024 20:04:44.345Z;functions.bot_text_art;   |=]()()[=|  
05-08-2024 20:04:44.345Z;functions.bot_text_art;     _\==/__    _____    ____     _        _____    ___   _  __
05-08-2024 20:04:44.345Z;functions.bot_text_art;   |__|   |_|  |  _  \  / ___|   | |      |_   _| / ___| | |/ /
05-08-2024 20:04:44.345Z;functions.bot_text_art;   |_|_/\_|_|  | |  | | | |      | |        | |   | |    | ' / 
05-08-2024 20:04:44.345Z;functions.bot_text_art;   | | __ | |  | |  | | | |      | |        | |   | |    |  <  
05-08-2024 20:04:44.345Z;functions.bot_text_art;   |_|[  ]|_|  | |__| | | |____  | |____   _| |_  | |__  | . \ 
05-08-2024 20:04:44.345Z;functions.bot_text_art;   \_|_||_|_/  |_____/   \_____| |______| |_____| \ ___| |_|\_\
05-08-2024 20:04:44.345Z;functions.bot_text_art;     |_||_|                                                     
05-08-2024 20:04:44.345Z;functions.bot_text_art;     | ||_|_   
05-08-2024 20:04:44.345Z;functions.bot_text_art;   |___||___|  
05-08-2024 20:04:44.345Z;functions.bot_text_art;               
05-08-2024 20:04:44.361Z;functions.open_RM;  OPEN PROGRAM RM
05-08-2024 20:04:55.876Z;functions.loggin_RM;  ENTRAR USER_NAME
05-08-2024 20:04:58.893Z;functions.loggin_RM;  ENTRAR PASSWORD
05-08-2024 20:04:59.775Z;functions.loggin_RM;  ENTRAR RM
05-08-2024 20:08:09.126Z;functions.enter_coligada;  AGUARDANDO 1
05-08-2024 20:08:10.064Z;functions.enter_coligada;  CLICK CONTEXTO
05-08-2024 20:08:11.689Z;functions.enter_coligada;  CLICK ALTERAR MODULO DO CONTEXTO
05-08-2024 20:08:13.908Z;functions.enter_coligada;  INSERE O COLIGADA CODE = 1
05-08-2024 20:08:14.009Z;functions.enter_coligada;  APERTA TAB PARA PREENCHER O CAMPO COM A STRING: OCEANICA ENGENHARIA E CONSULTORIA S.A.
05-08-2024 20:08:15.189Z;functions.enter_coligada;  CLICK AVANÇAR NOVAMENTE
05-08-2024 20:08:16.126Z;functions.enter_coligada;  CLICK CONCLUIR
05-08-2024 20:08:36.486Z;functions.waitForImage;  TROCA COLIGADA image not found.
05-08-2024 20:08:45.392Z;functions.enter_coligada;  POP UP COLIGADA DESAPARECER
05-08-2024 20:08:46.127Z;functions.check_movimentacao_bancaria;  CLICK - TOTVS - LINHA RM
05-08-2024 20:08:47.252Z;functions.check_movimentacao_bancaria;  CLICK - BACK OFFICE
05-08-2024 20:08:49.627Z;functions.check_movimentacao_bancaria;  CLICK - GESTAO FINANCEIRA
05-08-2024 20:08:49.627Z;functions.obter_intervalo_data;  VERIFICANDO A HORA ATUAL 20
05-08-2024 20:08:49.637Z;functions.obter_intervalo_data;  Data Inicial FERIAS/RESCISAO antes da remoção: None
05-08-2024 20:08:49.637Z;functions.obter_intervalo_data;  Data Final FERIAS/RESCISAO antes da remoção: None
05-08-2024 20:08:49.640Z;functions.obter_intervalo_data;  Data Inicial FERIAS/RESCISAO após a remoção: None
05-08-2024 20:08:49.640Z;functions.obter_intervalo_data;  Data Final FERIAS/RESCISAO após a remoção: None
05-08-2024 20:08:49.641Z;functions.obter_intervalo_data;  hoje -  2024-08-05 20:08:49.641584
05-08-2024 20:08:49.641Z;functions.check_movimentacao_bancaria;  DATA INICIO 07-08-2024
05-08-2024 20:08:49.641Z;functions.check_movimentacao_bancaria;  DATA FIM 13-08-2024
05-08-2024 20:08:49.641Z;functions.movimentacao_bancaria;  AGUARDANDO 1
05-08-2024 20:08:54.158Z;functions.movimentacao_bancaria;  CLICK NA ABA MOVIMENTAÇÃO BANCARIA
05-08-2024 20:08:56.292Z;functions.waitForImage;  IMAGEM BORDERO image found.
05-08-2024 20:08:58.416Z;functions.movimentacao_bancaria;  IMAGEM BORDERO CLICADA.
05-08-2024 20:09:08.799Z;functions.waitForImage;  LICENCAS EXCEDIDAS image not found.
05-08-2024 20:09:09.392Z;functions.movimentacao_bancaria;  ENCONTROU O FILTRO DA MOVIMENTAÇÃO BANCÁRIA
05-08-2024 20:09:09.439Z;functions.movimentacao_bancaria;  CLICA NA ABA SUPERIOR DO FILTRO
05-08-2024 20:09:13.645Z;functions.movimentacao_bancaria;  SELECIONA O FILTRO HOJE
05-08-2024 20:09:15.424Z;functions.waitForImage;  FILTER CLEAN image found.
05-08-2024 20:09:17.541Z;functions.filter_clean;  CLICK NO BOTÃO X DO LIMPA FILTRO
05-08-2024 20:09:32.799Z;functions.waitForImage;  FILTER CLEAN image not found.
05-08-2024 20:09:48.049Z;functions.waitForImage;  FILTER CLEAN image not found.
05-08-2024 20:09:51.127Z;functions.movimentacao_bancaria;  CLICK NA PRIMEIRA LINHA DA TABELA MOVIMENTAÇÃO BANCÁRIA
05-08-2024 20:09:52.340Z;functions.movimentacao_bancaria;  12 PASSOS PARA DIREITA NA TABELA >>
05-08-2024 20:09:53.814Z;functions.movimentacao_bancaria;  HOVER FILTER
05-08-2024 20:09:54.192Z;functions.movimentacao_bancaria;  CLICK FILTER
05-08-2024 20:09:58.501Z;functions.movimentacao_bancaria;  CLICK NO FILTRO  STATUS DA REMESSA
05-08-2024 20:10:00.603Z;functions.movimentacao_bancaria;  APERTA TAB PARA ESCREVER O FILTRO
05-08-2024 20:10:02.709Z;functions.movimentacao_bancaria;  ESCREVE PENDENTE NO FILTRO
05-08-2024 20:10:04.811Z;functions.movimentacao_bancaria;  APERTA ENTER PARA SELECIONAR OS PENDENTES
05-08-2024 20:10:23.577Z;functions.movimentacao_bancaria;  SEM PROCESSAMENTO DE BORDERO PENDENTE.
05-08-2024 20:10:28.643Z;functions.waitForImage;  FILTER CLEAN image found.
05-08-2024 20:10:30.760Z;functions.filter_clean;  CLICK NO BOTÃO X DO LIMPA FILTRO
05-08-2024 20:10:46.049Z;functions.waitForImage;  FILTER CLEAN image not found.
05-08-2024 20:11:01.338Z;functions.waitForImage;  FILTER CLEAN image not found.
05-08-2024 20:11:02.439Z;functions.remessa_pagamento;  CLICK NA PRIMEIRA LINHA DA TABELA MOVIMENTAÇÃO BANCÁRIA
05-08-2024 20:11:03.861Z;functions.remessa_pagamento;  HOVER FILTER
05-08-2024 20:11:04.227Z;functions.remessa_pagamento;  CLICK FILTER
05-08-2024 20:11:08.539Z;functions.remessa_pagamento;  CLICK NO FILTRO  STATUS DA REMESSA
05-08-2024 20:11:10.641Z;functions.remessa_pagamento;  APERTA TAB PARA ESCREVER O FILTRO
05-08-2024 20:11:12.747Z;functions.remessa_pagamento;  ESCREVE AUTORIZADO NO FILTRO
05-08-2024 20:11:14.849Z;functions.remessa_pagamento;  APERTA ENTER PARA SELECIONAR OS AUTORIZADO
05-08-2024 20:11:18.390Z;functions.remessa_pagamento;  6 PASSOS PARA ESQUERDA NA TABELA <<
05-08-2024 20:11:19.877Z;functions.check_user_bot;  Texto extraido 1/2
05-08-2024 20:11:19.877Z;functions.check_user_bot;  Count 2
05-08-2024 20:11:19.877Z;functions.check_user_bot;  Type <class 'int'>
05-08-2024 20:11:21.994Z;functions.check_user_bot;  CHECK USER BOT 1
05-08-2024 20:11:23.994Z;functions.check_user_bot;  smramos
05-08-2024 20:11:23.994Z;functions.check_user_bot;  O USUÁRIO NÃO É INTEGRAÇÃO PARA ESSA REMESSA PARA PARA DE BAIXO
05-08-2024 20:11:24.096Z;functions.check_user_bot;  COUNT1: 0
05-08-2024 20:11:26.198Z;functions.check_user_bot;  CHECK USER BOT 1
05-08-2024 20:11:28.198Z;functions.check_user_bot;  dclick
05-08-2024 20:11:30.905Z;functions.check_user_bot;  7 PASSOS PARA DIREITA NA TABELA >>
05-08-2024 20:11:35.007Z;functions.check_user_bot;  341 / 3212 / 02675 - PENSAO ALIMENTICIA
05-08-2024 20:11:35.007Z;functions.check_user_bot;  NOME FERIAS NAO ENCONTRADO.
05-08-2024 20:11:35.719Z;functions.check_user_bot;  7 PASSOS PARA ESQUERDA NA TABELA <<
05-08-2024 20:11:35.820Z;functions.check_user_bot;  COUNT1: 1
05-08-2024 20:11:35.820Z;functions.check_user_bot;  NÃO FOI ENCONTRADO O USUÁRIO INTEGRAÇÃO E O NOME DO ARQUIVO SISPAG
05-08-2024 20:11:36.564Z;functions.enter_contas_a_pagar;  CLICK - TOTVS - LINHA RM
05-08-2024 20:11:37.595Z;functions.enter_contas_a_pagar;  CLICK - BACK OFFICE
05-08-2024 20:11:38.345Z;functions.enter_contas_a_pagar;  CLICK - GESTAO FINANCEIRA
05-08-2024 20:11:43.033Z;functions.enter_contas_a_pagar;  CLICK - CONTAS A PAGAR
05-08-2024 20:11:43.158Z;functions.waitForImage;  LANÇAMENTOS image found.
05-08-2024 20:11:45.291Z;functions.enter_contas_a_pagar;  CLICA EM LANÇAMENTOS
05-08-2024 20:12:00.517Z;functions.waitForImage;  LICENCAS EXCEDIDAS image not found.
05-08-2024 20:12:00.517Z;functions.data_filter;  CLICK - SELECIONA A DATA DE QUARTA FEIRA E DA PROXIMA TERÇA
05-08-2024 20:12:00.517Z;functions.data_filter;  QUARTA-FEIRA: 07-08-2024
05-08-2024 20:12:00.517Z;functions.data_filter;  TERCA-FEIRA: 13-08-2024
05-08-2024 20:12:20.401Z;functions.data_filter;  FILTRO - REMESSA FERIAS/RESCISAO
05-08-2024 20:12:21.128Z;functions.data_filter;  CLICK - BUTÃO DE SELECAO DE FILTRO
05-08-2024 20:12:25.064Z;functions.data_filter;  INSERE - DATA DE QUARTA-FEIRA: 07-08-2024
05-08-2024 20:12:28.783Z;functions.data_filter;  INSERE - DATA DA PROX TERCA-FEIRA: 13-08-2024
05-08-2024 20:12:29.596Z;functions.data_filter;  CLICK - BUTÃO DE EXECUTAR O FILTRO
05-08-2024 20:12:34.598Z;functions.desmark_filter;  AGUARDANDO 1
05-08-2024 20:12:35.971Z;functions.desmark_filter;  CLICK CHECKBOX LANÇAMENTOS A RECEBER
05-08-2024 20:12:37.064Z;functions.desmark_filter;  CLICK CHECKBOX LANÇAMENTOS BAIXADOS
05-08-2024 20:12:38.213Z;functions.desmark_filter;  CLICK CHECKBOX LANÇAMENTOS CANCELADOS
05-08-2024 20:12:39.627Z;functions.desmark_filter;  CLICK CHECKBOX LANÇAMENTOS FATURADOS
05-08-2024 20:12:41.221Z;functions.desmark_filter;  ATUALIZA O FILTRO
05-08-2024 20:12:56.517Z;functions.waitForImage;  FILTER CLEAN image not found.
05-08-2024 20:13:11.767Z;functions.waitForImage;  FILTER CLEAN image not found.
05-08-2024 20:13:27.049Z;functions.waitForImage;  FILTER CLEAN image not found.
05-08-2024 20:13:28.642Z;functions.tabela_vazia;  Texto extraido 1/2
05-08-2024 20:13:28.642Z;functions.tabela_vazia;  Count 2
05-08-2024 20:13:28.642Z;functions.tabela_vazia;  Type <class 'int'>
05-08-2024 20:13:28.642Z;functions.tabela_vazia;  TABELA CONTÉM REGISTROS
05-08-2024 20:13:29.502Z;functions.desbloqueio;  SELECIONA TODAS AS TUPLAS
05-08-2024 20:13:34.611Z;functions.desbloqueio;  CONTROL P PARA SELECIONAR PROCESSO
05-08-2024 20:13:39.821Z;functions.desbloqueio;  7 SETAS PARA BAIXO - MANUTENÇÃO DE LANÇAMENTO
05-08-2024 20:13:41.923Z;functions.desbloqueio;  SETA PARA DIREITA
05-08-2024 20:13:48.733Z;functions.desbloqueio;  8 SETAS PARA BAIXO
05-08-2024 20:13:50.835Z;functions.desbloqueio;  ENTER PARA SELECIONAR DESBLOQUEIO ALTERAÇÃO
05-08-2024 20:14:53.240Z;functions.exec_lancamentos;  CONTROL G
05-08-2024 20:14:55.283Z;functions.exec_lancamentos;  CLICK PARA APARECER CONTA/CAIXA
05-08-2024 20:14:56.159Z;functions.exec_lancamentos;  SELECIONA CONTA/CAIXA
05-08-2024 20:14:56.971Z;functions.exec_lancamentos;  CLICK NO BOTÃO [...]
05-08-2024 20:14:58.577Z;functions.exec_lancamentos;  CLICK NO CAMPO PESQUISA E DIGITA: %3212
05-08-2024 20:14:59.346Z;functions.exec_lancamentos;  CLICK NO BOTÃO DO FILTRO
05-08-2024 20:15:00.252Z;functions.exec_lancamentos;  CLICK NO BOTÃO OK
05-08-2024 20:15:01.128Z;functions.exec_lancamentos;  CLICK NO BOTÃO EXECUTAR
05-08-2024 20:15:01.128Z;functions.process_lancamentos;  AGUARDANDO 1
05-08-2024 20:15:12.955Z;functions.waitForImage;  PRESS BUTTON OK image found.
05-08-2024 20:15:12.955Z;functions.process_lancamentos;  O PROCESSAMENTO DE LANÇAMENTO FOI EXECUTADO COM SUCESSO.
05-08-2024 20:15:18.113Z;functions.process_lancamentos;  Lançamento Ref. 988219: Convênio alterado para o convênio default '7' da conta Caixa '02675-5' .
Lançamento Ref. 988609: Convênio alterado para o convênio default '7' da conta Caixa '02675-5' .
Alteração Global de Lançamentos executada com sucesso

05-08-2024 20:15:28.452Z;functions.proccess_bordero;  SELECIONAR INCLUSÃO DE BORDERO
05-08-2024 20:15:48.830Z;functions.waitForImage;  PRESS BUTON SIM image not found.
05-08-2024 20:15:49.721Z;functions.proccess_bordero;  CLICK EM CONVÊNIO TRÊS PONTINHOS
05-08-2024 20:15:50.877Z;functions.proccess_bordero;  CLICK EM COMBOBOX PARA SELECIONAR O ID DO CONVÊNIO
05-08-2024 20:15:51.877Z;functions.proccess_bordero;  CLICK EM ID DO CONVÊNIO
05-08-2024 20:15:53.980Z;functions.proccess_bordero;  APERTA TAB PARA ESCREVER O ID
05-08-2024 20:15:56.081Z;functions.proccess_bordero;  ESCREVE O ID 9 - FERIAS/RESCISÃO
05-08-2024 20:15:58.182Z;functions.proccess_bordero;  APERTA ENTER PARA SELECIONAR O ID 9 - FERIAS/RESCISÃO
05-08-2024 20:16:00.284Z;functions.proccess_bordero;  APERTA ENTER PARA ESCOLHER O ID 9 - FERIAS/RESCISÃO
05-08-2024 20:16:03.096Z;functions.proccess_bordero;  CLICK EM EXECUTAR NA INCLUSÃO DO BORDÊRO
05-08-2024 20:16:16.464Z;functions.waitForImage;  PRESS BUTTON OK image found.
05-08-2024 20:16:18.465Z;functions.proccess_bordero;  O PROCESSAMENTO DO BORDERO FOI EXECUTADO COM SUCESSO.
05-08-2024 20:16:21.221Z;functions.proccess_bordero;  CLICK EM FECHAR.
05-08-2024 20:16:23.223Z;functions.movimentacao_bancaria;  AGUARDANDO 1
05-08-2024 20:16:24.065Z;functions.movimentacao_bancaria;  CLICK NA ABA MOVIMENTAÇÃO BANCARIA
05-08-2024 20:16:26.153Z;functions.waitForImage;  IMAGEM BORDERO image found.
05-08-2024 20:16:28.254Z;functions.movimentacao_bancaria;  IMAGEM BORDERO CLICADA.
05-08-2024 20:16:38.455Z;functions.waitForImage;  LICENCAS EXCEDIDAS image not found.
05-08-2024 20:16:39.064Z;functions.movimentacao_bancaria;  ENCONTROU O FILTRO DA MOVIMENTAÇÃO BANCÁRIA
05-08-2024 20:16:39.096Z;functions.movimentacao_bancaria;  CLICA NA ABA SUPERIOR DO FILTRO
05-08-2024 20:16:43.301Z;functions.movimentacao_bancaria;  SELECIONA O FILTRO HOJE
05-08-2024 20:16:43.924Z;functions.waitForImage;  FILTER CLEAN image found.
05-08-2024 20:16:46.041Z;functions.filter_clean;  CLICK NO BOTÃO X DO LIMPA FILTRO
05-08-2024 20:17:01.309Z;functions.waitForImage;  FILTER CLEAN image not found.
05-08-2024 20:17:16.549Z;functions.waitForImage;  FILTER CLEAN image not found.
05-08-2024 20:17:19.533Z;functions.movimentacao_bancaria;  CLICK NA PRIMEIRA LINHA DA TABELA MOVIMENTAÇÃO BANCÁRIA
05-08-2024 20:17:20.758Z;functions.movimentacao_bancaria;  12 PASSOS PARA DIREITA NA TABELA >>
05-08-2024 20:17:22.268Z;functions.movimentacao_bancaria;  HOVER FILTER
05-08-2024 20:17:22.666Z;functions.movimentacao_bancaria;  CLICK FILTER
05-08-2024 20:17:26.979Z;functions.movimentacao_bancaria;  CLICK NO FILTRO  STATUS DA REMESSA
05-08-2024 20:17:29.080Z;functions.movimentacao_bancaria;  APERTA TAB PARA ESCREVER O FILTRO
05-08-2024 20:17:31.186Z;functions.movimentacao_bancaria;  ESCREVE PENDENTE NO FILTRO
05-08-2024 20:17:33.287Z;functions.movimentacao_bancaria;  APERTA ENTER PARA SELECIONAR OS PENDENTES
05-08-2024 20:17:37.133Z;functions.movimentacao_bancaria;  SELECIONA TODAS AS TUPLAS COM STATUS PENDENTE
05-08-2024 20:17:39.245Z;functions.movimentacao_bancaria;  CLICK EM PROCESSOS
05-08-2024 20:17:41.347Z;functions.movimentacao_bancaria;  APERTA PARA BAIXO
05-08-2024 20:17:43.449Z;functions.movimentacao_bancaria;  APERTA ENTER
05-08-2024 20:17:49.346Z;functions.movimentacao_bancaria;  CLICK EM EXECUTAR BORDERO DE PAGAMENTO
05-08-2024 20:17:49.346Z;functions.movimentacao_bancaria;  AGUARDANDO 1
05-08-2024 20:18:08.580Z;functions.waitForImage;  PRESS BUTTON OK image found.
05-08-2024 20:18:08.580Z;functions.movimentacao_bancaria;  O PROCESSAMENTO DE AUTORIZAÇÃO DO BORDERO FOI EXECUTADO COM SUCESSO.
05-08-2024 20:18:09.346Z;functions.movimentacao_bancaria;  CLICK EM FECHAR.
05-08-2024 20:18:14.424Z;functions.waitForImage;  FILTER CLEAN image found.
05-08-2024 20:18:16.541Z;functions.filter_clean;  CLICK NO BOTÃO X DO LIMPA FILTRO
05-08-2024 20:18:31.830Z;functions.waitForImage;  FILTER CLEAN image not found.
05-08-2024 20:18:47.080Z;functions.waitForImage;  FILTER CLEAN image not found.
05-08-2024 20:19:05.369Z;functions.remessa_pagamento;  12 PASSOS PARA ESQUERDA NA TABELA >>
05-08-2024 20:19:06.893Z;functions.remessa_pagamento;  HOVER FILTER
05-08-2024 20:19:07.255Z;functions.remessa_pagamento;  CLICK FILTER
05-08-2024 20:19:11.572Z;functions.remessa_pagamento;  CLICA NO FILTRO  STATUS DA REMESSA
05-08-2024 20:19:13.674Z;functions.remessa_pagamento;  APERTA TAB PARA ESCREVER O FILTRO
05-08-2024 20:19:15.780Z;functions.remessa_pagamento;  ESCREVE AUTORIZADO NO FILTRO
05-08-2024 20:19:17.882Z;functions.remessa_pagamento;  APERTA ENTER PARA SELECIONAR OS AUTORIZADOS
05-08-2024 20:19:24.403Z;functions.remessa_pagamento;  6 PASSOS PARA ESQUERDA NA TABELA <<
05-08-2024 20:19:25.893Z;functions.check_user_bot;  Texto extraido 1/3
05-08-2024 20:19:25.893Z;functions.check_user_bot;  Count 3
05-08-2024 20:19:25.893Z;functions.check_user_bot;  Type <class 'int'>
05-08-2024 20:19:27.999Z;functions.check_user_bot;  CHECK USER BOT 1
05-08-2024 20:19:30.000Z;functions.check_user_bot;  smramos
05-08-2024 20:19:30.000Z;functions.check_user_bot;  O USUÁRIO NÃO É INTEGRAÇÃO PARA ESSA REMESSA PARA PARA DE BAIXO
05-08-2024 20:19:30.102Z;functions.check_user_bot;  COUNT1: 0
05-08-2024 20:19:32.204Z;functions.check_user_bot;  CHECK USER BOT 1
05-08-2024 20:19:34.204Z;functions.check_user_bot;  dclick
05-08-2024 20:19:36.911Z;functions.check_user_bot;  7 PASSOS PARA DIREITA NA TABELA >>
05-08-2024 20:19:41.013Z;functions.check_user_bot;  341 / 3212 / 02675 - PENSAO ALIMENTICIA
05-08-2024 20:19:41.013Z;functions.check_user_bot;  NOME FERIAS NAO ENCONTRADO.
05-08-2024 20:19:41.720Z;functions.check_user_bot;  7 PASSOS PARA ESQUERDA NA TABELA <<
05-08-2024 20:19:41.821Z;functions.check_user_bot;  COUNT1: 1
05-08-2024 20:19:43.923Z;functions.check_user_bot;  CHECK USER BOT 1
05-08-2024 20:19:45.923Z;functions.check_user_bot;  dclick
05-08-2024 20:19:48.630Z;functions.check_user_bot;  7 PASSOS PARA DIREITA NA TABELA >>
05-08-2024 20:19:52.732Z;functions.check_user_bot;  341 / 3212 / 02675 - FERIAS/RESCISAO
05-08-2024 20:19:52.732Z;functions.check_user_bot;  NOME FERIAS/RECISAO ENCONTRADO
05-08-2024 20:19:54.936Z;functions.check_user_bot;  CLICK EM PROCESSOS
05-08-2024 20:19:57.038Z;functions.check_user_bot;  APERTA PARA BAIXO 0
05-08-2024 20:19:59.139Z;functions.check_user_bot;  APERTA PARA BAIXO 1
05-08-2024 20:20:01.240Z;functions.check_user_bot;  APERTA PARA BAIXO 2
05-08-2024 20:20:03.342Z;functions.check_user_bot;  APERTA ENTER
05-08-2024 20:20:07.284Z;functions.check_user_bot;  CLICK EM REMESSAS DE PAGAMENTO
05-08-2024 20:20:08.387Z;functions.check_user_bot;  APERTA TAB 0
05-08-2024 20:20:09.488Z;functions.check_user_bot;  APERTA TAB 1
05-08-2024 20:20:10.590Z;functions.check_user_bot;  APERTA TAB 2
05-08-2024 20:20:20.784Z;functions.check_user_bot;  CLICK EM AVANÇAR
05-08-2024 20:20:20.784Z;functions.check_user_bot;  CLICK - SELECIONA A DATA DE QUARTA FEIRA E DA PROXIMA TERÇA
05-08-2024 20:20:20.784Z;functions.check_user_bot;  QUARTA-FEIRA: 07-08-2024
05-08-2024 20:20:20.784Z;functions.check_user_bot;  TERCA-FEIRA: 13-08-2024
05-08-2024 20:20:25.596Z;functions.check_user_bot;  DESMARCA CHECKBOX PARA SALVAR ARQUIVO DE REMESSA
05-08-2024 20:20:26.377Z;functions.check_user_bot;  CLICK NOS ... PARA SELECIONAR O DIRETÓRIO E NOME DO ARQUIVO.
05-08-2024 20:20:27.941Z;functions.check_user_bot;  DUPLO CLICK NO DIRETORIO
05-08-2024 20:20:30.314Z;functions.check_user_bot;  APERTA TAB 0
05-08-2024 20:20:30.916Z;functions.check_user_bot;  APERTA TAB 1
05-08-2024 20:20:31.517Z;functions.check_user_bot;  APERTA TAB 2
05-08-2024 20:20:32.119Z;functions.check_user_bot;  APERTA TAB 3
05-08-2024 20:20:32.721Z;functions.check_user_bot;  APERTA TAB 4
05-08-2024 20:20:33.322Z;functions.check_user_bot;  APERTA TAB 5
05-08-2024 20:20:33.322Z;functions.check_user_bot;  A ULTIMA LETRA USADA: D
05-08-2024 20:20:33.322Z;functions.check_user_bot;  A LETRA SERA: E
05-08-2024 20:20:33.433Z;functions.check_user_bot;  F071324E.txt
05-08-2024 20:20:34.158Z;functions.check_user_bot;  CLICK NO BUTÃO SALVAR
05-08-2024 20:20:35.534Z;functions.check_user_bot;  CLICK EM AVANCAR PARA CONCLUIR
05-08-2024 20:20:37.159Z;functions.check_user_bot;  CLICK EM EXECUTAR
05-08-2024 20:21:01.783Z;functions.waitForImage;  PRESS BUTTON OK image found.
05-08-2024 20:21:03.788Z;functions.check_user_bot;  O PROCESSAMENTO DE AUTORIZAÇÃO DO BORDERO FOI EXECUTADO COM SUCESSO.
05-08-2024 20:21:12.894Z;functions.check_user_bot;  ===========================================================================================================
LANÇAMENTOS ENVIADOS PARA REMESSA PAGAMENTO
Coligada: 1
ID Remessa: 10
Convênio: 9
Data: 05/08/2024 20:20:50
Borderô remetidos: 1
===========================================================================================================
Borderô: 1-10560

Lançamentos remetidos no Borderô:
Lancamento 1-988219
Lancamento 1-988609
----------------------------------------------------------------------------------------------------------


05-08-2024 20:21:24.112Z;errorhandler.__handle;  CSSStyleDeclaration: Unexpected token, ignoring upto '{        border: none;'. [1:174: {]
05-08-2024 20:21:24.112Z;errorhandler.__handle;  Property: Unknown Property name. [1:204: -ms-interpolation-mode]
05-08-2024 20:21:24.112Z;errorhandler.__handle;  CSSStyleDeclaration: Unexpected token, ignoring upto '}'. [1:267: }]
05-08-2024 20:21:24.112Z;errorhandler.__handle;  CSSStyleDeclaration: Unexpected token, ignoring upto '{        background-color: #f6f6f6;'. [1:281: {]
05-08-2024 20:21:24.112Z;errorhandler.__handle;  Property: Unknown Property name. [1:356: -webkit-font-smoothing]
05-08-2024 20:21:24.112Z;errorhandler.__handle;  Property: Unknown Property name. [1:486: -ms-text-size-adjust]
05-08-2024 20:21:24.127Z;errorhandler.__handle;  Property: Unknown Property name. [1:521: -webkit-text-size-adjust]
05-08-2024 20:21:24.127Z;errorhandler.__handle;  CSSStyleDeclaration: Unexpected token, ignoring upto '}'. [1:559: }]
05-08-2024 20:21:24.127Z;errorhandler.__handle;  CSSStyleDeclaration: Unexpected token, ignoring upto '{        border-collapse: separate;'. [1:574: {]
05-08-2024 20:21:24.127Z;errorhandler.__handle;  Property: Unknown Property name. [1:617: mso-table-lspace]
05-08-2024 20:21:24.127Z;errorhandler.__handle;  Property: Unknown Property name. [1:647: mso-table-rspace]
05-08-2024 20:21:24.127Z;errorhandler.__handle;  CSSStyleDeclaration: Unexpected token, ignoring upto '}'. [1:690: }]
05-08-2024 20:21:24.127Z;errorhandler.__handle;  CSSStyleDeclaration: Unexpected token, ignoring upto '{          font-family: sans-serif;'. [1:710: {]
05-08-2024 20:21:24.127Z;errorhandler.__handle;  CSSStyleDeclaration: Unexpected token, ignoring upto '}'. [1:808: }]
05-08-2024 20:21:24.127Z;errorhandler.__handle;  CSSStyleDeclaration: Unexpected token, ignoring upto '{        background-color: #f6f6f6;'. [1:941: {]
05-08-2024 20:21:24.127Z;errorhandler.__handle;  CSSStyleDeclaration: Unexpected token, ignoring upto '}'. [1:1003: }]
05-08-2024 20:21:24.127Z;errorhandler.__handle;  CSSStyleDeclaration: Unexpected token, ignoring upto '{        display: block;'. [1:1178: {]
05-08-2024 20:21:24.127Z;errorhandler.__handle;  CSSStyleDeclaration: Unexpected token, ignoring upto '}'. [1:1342: }]
05-08-2024 20:21:24.127Z;errorhandler.__handle;  CSSStyleDeclaration: Unexpected token, ignoring upto '{        box-sizing: border-box;'. [1:1452: {]
05-08-2024 20:21:24.127Z;errorhandler.__handle;  CSSStyleDeclaration: Unexpected token, ignoring upto '}'. [1:1584: }]
05-08-2024 20:21:24.127Z;errorhandler.__handle;  CSSStyleDeclaration: Unexpected token, ignoring upto '{        background: #ffffff;'. [1:1721: {]
05-08-2024 20:21:24.127Z;errorhandler.__handle;  CSSStyleDeclaration: Unexpected token, ignoring upto '}'. [1:1804: }]
05-08-2024 20:21:24.127Z;errorhandler.__handle;  CSSStyleDeclaration: Unexpected token, ignoring upto '{        box-sizing: border-box;'. [1:1822: {]
05-08-2024 20:21:24.127Z;errorhandler.__handle;  CSSStyleDeclaration: Unexpected token, ignoring upto '}'. [1:1883: }]
05-08-2024 20:21:24.127Z;errorhandler.__handle;  CSSStyleDeclaration: Unexpected token, ignoring upto '{        padding-bottom: 10px;'. [1:1907: {]
05-08-2024 20:21:24.127Z;errorhandler.__handle;  CSSStyleDeclaration: Unexpected token, ignoring upto '}'. [1:1969: }]
05-08-2024 20:21:24.127Z;errorhandler.__handle;  CSSStyleDeclaration: Unexpected token, ignoring upto '{        clear: both;'. [1:1986: {]
05-08-2024 20:21:24.127Z;errorhandler.__handle;  CSSStyleDeclaration: Unexpected token, ignoring upto '}'. [1:2086: }]
05-08-2024 20:21:24.127Z;errorhandler.__handle;  CSSStyleDeclaration: Unexpected token, ignoring upto '{          color: #999999;'. [1:2165: {]
05-08-2024 20:21:24.127Z;errorhandler.__handle;  CSSStyleDeclaration: Unexpected token, ignoring upto '}'. [1:2253: }]
05-08-2024 20:21:24.127Z;errorhandler.__handle;  CSSStyleDeclaration: Unexpected token, ignoring upto '{        color: #000000;'. [1:2404: {]
05-08-2024 20:21:24.127Z;errorhandler.__handle;  CSSStyleDeclaration: Unexpected token, ignoring upto '}'. [1:2563: }]
05-08-2024 20:21:24.127Z;errorhandler.__handle;  CSSStyleDeclaration: Unexpected token, ignoring upto '{        font-size: 35px;'. [1:2575: {]
05-08-2024 20:21:24.127Z;errorhandler.__handle;  CSSStyleDeclaration: Unexpected token, ignoring upto '}'. [1:2694: }]
05-08-2024 20:21:24.127Z;errorhandler.__handle;  CSSStyleDeclaration: Unexpected token, ignoring upto '{        font-family: sans-serif;'. [1:2723: {]
05-08-2024 20:21:24.127Z;errorhandler.__handle;  CSSStyleDeclaration: Unexpected token, ignoring upto '}'. [1:2861: }]
05-08-2024 20:21:24.127Z;errorhandler.__handle;  CSSStyleDeclaration: Unexpected token, ignoring upto '{          list-style-position: inside;'. [1:2905: {]
05-08-2024 20:21:24.127Z;errorhandler.__handle;  CSSStyleDeclaration: Unexpected token, ignoring upto '}'. [1:2978: }]
05-08-2024 20:21:24.127Z;errorhandler.__handle;  CSSStyleDeclaration: Unexpected token, ignoring upto '{        color: #3498db;'. [1:2989: {]
05-08-2024 20:21:24.127Z;errorhandler.__handle;  CSSStyleDeclaration: Unexpected token, ignoring upto '}'. [1:3055: }]
05-08-2024 20:21:24.143Z;errorhandler.__handle;  CSSStyleDeclaration: Unexpected token, ignoring upto '{        box-sizing: border-box;'. [1:3178: {]
05-08-2024 20:21:24.143Z;errorhandler.__handle;  CSSStyleDeclaration: Unexpected token, ignoring upto '}'. [1:3231: }]
05-08-2024 20:21:24.143Z;errorhandler.__handle;  CSSStyleDeclaration: Unexpected token, ignoring upto '{          padding-bottom: 15px;'. [1:3265: {]
05-08-2024 20:21:24.143Z;errorhandler.__handle;  CSSStyleDeclaration: Unexpected token, ignoring upto '}'. [1:3298: }]
05-08-2024 20:21:24.143Z;errorhandler.__handle;  CSSStyleDeclaration: Unexpected token, ignoring upto '{          width: auto;'. [1:3320: {]
05-08-2024 20:21:24.143Z;errorhandler.__handle;  CSSStyleDeclaration: Unexpected token, ignoring upto '}'. [1:3350: }]
05-08-2024 20:21:24.143Z;errorhandler.__handle;  CSSStyleDeclaration: Unexpected token, ignoring upto '{          background-color: #ffffff;'. [1:3375: {]
05-08-2024 20:21:24.143Z;errorhandler.__handle;  CSSStyleDeclaration: Unexpected token, ignoring upto '}'. [1:3477: }]
05-08-2024 20:21:24.143Z;errorhandler.__handle;  CSSStyleDeclaration: Unexpected token, ignoring upto '{          background-color: #ffffff;'. [1:3495: {]
05-08-2024 20:21:24.174Z;errorhandler.__handle;  CSSStyleDeclaration: Unexpected token, ignoring upto '}'. [1:3892: }]
05-08-2024 20:21:24.174Z;errorhandler.__handle;  CSSStyleDeclaration: Unexpected token, ignoring upto '{        background-color: #3498db;'. [1:3923: {]
05-08-2024 20:21:24.174Z;errorhandler.__handle;  CSSStyleDeclaration: Unexpected token, ignoring upto '}'. [1:3965: }]
05-08-2024 20:21:24.174Z;errorhandler.__handle;  CSSStyleDeclaration: Unexpected token, ignoring upto '{        background-color: #3498db;'. [1:3989: {]
05-08-2024 20:21:24.190Z;errorhandler.__handle;  CSSStyleDeclaration: Unexpected token, ignoring upto '}'. [1:4084: }]
05-08-2024 20:21:24.190Z;errorhandler.__handle;  CSSStyleDeclaration: Unexpected token, ignoring upto '{        margin-bottom: 0;'. [1:4234: {]
05-08-2024 20:21:24.190Z;errorhandler.__handle;  CSSStyleDeclaration: Unexpected token, ignoring upto '}'. [1:4267: }]
05-08-2024 20:21:24.190Z;errorhandler.__handle;  CSSStyleDeclaration: Unexpected token, ignoring upto '{        margin-top: 0;'. [1:4283: {]
05-08-2024 20:21:24.190Z;errorhandler.__handle;  CSSStyleDeclaration: Unexpected token, ignoring upto '}'. [1:4313: }]
05-08-2024 20:21:24.190Z;errorhandler.__handle;  CSSStyleDeclaration: Unexpected token, ignoring upto '{        text-align: center;'. [1:4336: {]
05-08-2024 20:21:24.190Z;errorhandler.__handle;  CSSStyleDeclaration: Unexpected token, ignoring upto '}'. [1:4371: }]
05-08-2024 20:21:24.190Z;errorhandler.__handle;  CSSStyleDeclaration: Unexpected token, ignoring upto '{        text-align: right;'. [1:4393: {]
05-08-2024 20:21:24.190Z;errorhandler.__handle;  CSSStyleDeclaration: Unexpected token, ignoring upto '}'. [1:4427: }]
05-08-2024 20:21:24.190Z;errorhandler.__handle;  CSSStyleDeclaration: Unexpected token, ignoring upto '{        text-align: left;'. [1:4448: {]
05-08-2024 20:21:24.190Z;errorhandler.__handle;  CSSStyleDeclaration: Unexpected token, ignoring upto '}'. [1:4481: }]
05-08-2024 20:21:24.190Z;errorhandler.__handle;  CSSStyleDeclaration: Unexpected token, ignoring upto '{        clear: both;'. [1:4497: {]
05-08-2024 20:21:24.190Z;errorhandler.__handle;  CSSStyleDeclaration: Unexpected token, ignoring upto '}'. [1:4525: }]
05-08-2024 20:21:24.190Z;errorhandler.__handle;  CSSStyleDeclaration: Unexpected token, ignoring upto '{        margin-top: 0;'. [1:4539: {]
05-08-2024 20:21:24.190Z;errorhandler.__handle;  CSSStyleDeclaration: Unexpected token, ignoring upto '}'. [1:4569: }]
05-08-2024 20:21:24.190Z;errorhandler.__handle;  CSSStyleDeclaration: Unexpected token, ignoring upto '{        margin-bottom: 0;'. [1:4583: {]
05-08-2024 20:21:24.190Z;errorhandler.__handle;  CSSStyleDeclaration: Unexpected token, ignoring upto '}'. [1:4616: }]
05-08-2024 20:21:24.190Z;errorhandler.__handle;  CSSStyleDeclaration: Unexpected token, ignoring upto '{        color: transparent;'. [1:4636: {]
05-08-2024 20:21:24.190Z;errorhandler.__handle;  Property: Unknown Property name. [1:4799: mso-hide]
05-08-2024 20:21:24.190Z;errorhandler.__handle;  CSSStyleDeclaration: Unexpected token, ignoring upto '}'. [1:4864: }]
05-08-2024 20:21:24.190Z;errorhandler.__handle;  CSSStyleDeclaration: Unexpected token, ignoring upto '{        text-decoration: none;'. [1:4887: {]
05-08-2024 20:21:24.190Z;errorhandler.__handle;  CSSStyleDeclaration: Unexpected token, ignoring upto '}'. [1:4925: }]
05-08-2024 20:21:24.190Z;errorhandler.__handle;  CSSStyleDeclaration: Unexpected token, ignoring upto '{        border: 0;'. [1:4937: {]
05-08-2024 20:21:24.190Z;errorhandler.__handle;  CSSStyleDeclaration: Unexpected token, ignoring upto '}'. [1:5027: }]
05-08-2024 20:21:24.190Z;errorhandler.__handle;  CSSStyleRule: No selector found: '{        table.body h1 {{          font-size: 28px !important;          margin-bottom: 10px !important;         }}        table.body p,        table.body ul,        table.body ol,        table.body td,        table.body span,        table.body a {{          font-size: 16px !important;         }}        table.body .wrapper,        table.body .article {{          padding: 10px !important;         }}        table.body .content {{          padding: 0 !important;         }}        table.body .container {{          padding: 0 !important;          width: 100% !important;         }}        table.body .main {{          border-left-width: 0 !important;          border-radius: 0 !important;          border-right-width: 0 !important;         }}        table.body .btn table {{          width: 100% !important;         }}        table.body .btn a {{          width: 100% !important;         }}        table.body .img-responsive {{          height: auto !important;          max-width: 100% !important;          width: auto !important;         }}      }'. [1:5217: {]
05-08-2024 20:21:24.190Z;errorhandler.__handle;  SelectorList: Unknown Syntax: ''
05-08-2024 20:21:24.190Z;errorhandler.__handle;  Property: No ":" after name found: table.body h1 {{          font-size: 28px !important;          margin-bottom: 10px !important;         }}        table.body p,        table.body ul,        table.body ol,        table.body td,        table.body span,        table.body a {{          font-size: 16px !important;         }}        table.body .wrapper,        table.body .article {{          padding: 10px !important;         }}        table.body .content {{          padding: 0 !important;         }}        table.body .container {{          padding: 0 !important;          width: 100% !important;         }}        table.body .main {{          border-left-width: 0 !important;          border-radius: 0 !important;          border-right-width: 0 !important;         }}        table.body .btn table {{          width: 100% !important;         }}        table.body .btn a {{          width: 100% !important;         }}        table.body .img-responsive {{          height: auto !important;          max-width: 100% !important;          width: auto !important;         }}       [1:6259:       ]
05-08-2024 20:21:24.190Z;errorhandler.__handle;  Property: No property value found: table.body h1 {{          font-size: 28px !important;          margin-bottom: 10px !important;         }}        table.body p,        table.body ul,        table.body ol,        table.body td,        table.body span,        table.body a {{          font-size: 16px !important;         }}        table.body .wrapper,        table.body .article {{          padding: 10px !important;         }}        table.body .content {{          padding: 0 !important;         }}        table.body .container {{          padding: 0 !important;          width: 100% !important;         }}        table.body .main {{          border-left-width: 0 !important;          border-radius: 0 !important;          border-right-width: 0 !important;         }}        table.body .btn table {{          width: 100% !important;         }}        table.body .btn a {{          width: 100% !important;         }}        table.body .img-responsive {{          height: auto !important;          max-width: 100% !important;          width: auto !important;         }}       [1:6259:       ]
05-08-2024 20:21:24.190Z;errorhandler.__handle;  CSSStyleDeclaration: Syntax Error in Property: table.body h1 {{          font-size: 28px !important;          margin-bottom: 10px !important;         }}        table.body p,        table.body ul,        table.body ol,        table.body td,        table.body span,        table.body a {{          font-size: 16px !important;         }}        table.body .wrapper,        table.body .article {{          padding: 10px !important;         }}        table.body .content {{          padding: 0 !important;         }}        table.body .container {{          padding: 0 !important;          width: 100% !important;         }}        table.body .main {{          border-left-width: 0 !important;          border-radius: 0 !important;          border-right-width: 0 !important;         }}        table.body .btn table {{          width: 100% !important;         }}        table.body .btn a {{          width: 100% !important;         }}        table.body .img-responsive {{          height: auto !important;          max-width: 100% !important;          width: auto !important;         }}      
05-08-2024 20:21:24.190Z;errorhandler.__handle;  CSSStyleRule: No selector found: '{        .ExternalClass {{          width: 100%;         }}        .ExternalClass,        .ExternalClass p,        .ExternalClass span,        .ExternalClass font,        .ExternalClass td,        .ExternalClass div {{          line-height: 100%;         }}        .apple-link a {{          color: inherit !important;          font-family: inherit !important;          font-size: inherit !important;          font-weight: inherit !important;          line-height: inherit !important;          text-decoration: none !important;         }}        #MessageViewBody a {{          color: inherit;          text-decoration: none;          font-size: inherit;          font-family: inherit;          font-weight: inherit;          line-height: inherit;        }}        .btn-primary table td:hover {{          background-color: #34495e !important;         }}        .btn-primary a:hover {{          background-color: #34495e !important;          border-color: #34495e !important;         }}       }'. [1:6420: {]
05-08-2024 20:21:24.190Z;errorhandler.__handle;  SelectorList: Unknown Syntax: ''
05-08-2024 20:21:24.190Z;errorhandler.__handle;  CSSStyleDeclaration: Unexpected token, ignoring upto '.ExternalClass {{          width: 100%;         }}        .ExternalClass,        .ExternalClass p,        .ExternalClass span,        .ExternalClass font,        .ExternalClass td,        .ExternalClass div {{          line-height: 100%;         }}        .apple-link a {{          color: inherit !important;          font-family: inherit !important;          font-size: inherit !important;          font-weight: inherit !important;          line-height: inherit !important;          text-decoration: none !important;         }}        #MessageViewBody a {{          color: inherit;          text-decoration: none;          font-size: inherit;          font-family: inherit;          font-weight: inherit;          line-height: inherit;        }}        .btn-primary table td:hover {{          background-color: #34495e !important;         }}        .btn-primary a:hover {{          background-color: #34495e !important;          border-color: #34495e !important;         }}       '. [1:6429: .]
05-08-2024 20:21:24.190Z;errorhandler.__handle;  Property: Unknown Property name. [1:1: -ms-interpolation-mode]
05-08-2024 20:21:24.190Z;errorhandler.__handle;  Property: Unknown Property name. [1:24: -webkit-font-smoothing]
05-08-2024 20:21:24.205Z;errorhandler.__handle;  Property: Unknown Property name. [1:109: -ms-text-size-adjust]
05-08-2024 20:21:24.205Z;errorhandler.__handle;  Property: Unknown Property name. [1:135: -webkit-text-size-adjust]
05-08-2024 20:21:24.205Z;errorhandler.__handle;  Property: Unknown Property name. [1:1: mso-table-lspace]
05-08-2024 20:21:24.205Z;errorhandler.__handle;  Property: Unknown Property name. [1:20: mso-table-rspace]
05-08-2024 20:21:24.205Z;errorhandler.__handle;  Property: Unknown Property name. [1:74: mso-hide]
05-08-2024 20:21:24.205Z;errorhandler.__handle;  Property: No ":" after name found: align-center [1:1: align-center]
05-08-2024 20:21:24.205Z;errorhandler.__handle;  Property: No property value found: align-center [1:1: align-center]
05-08-2024 20:21:24.205Z;errorhandler.__handle;  CSSStyleDeclaration: Syntax Error in Property: align-center
05-08-2024 20:21:24.205Z;errorhandler.__handle;  Property: Unknown Property name. [1:1: -ms-interpolation-mode]
05-08-2024 20:21:26.752Z;functions.emailSuccess;  Success e-mail sent.
05-08-2024 20:21:27.503Z;main.<module>;  BOT FÉRIAS/RESCISÃO FINALIZADO
05-08-2024 20:21:29.174Z;errorhandler.__handle;  Property: Unknown Property name. [1:203: -ms-interpolation-mode]
05-08-2024 20:21:29.174Z;errorhandler.__handle;  Property: Unknown Property name. [1:353: -webkit-font-smoothing]
05-08-2024 20:21:29.174Z;errorhandler.__handle;  Property: Unknown Property name. [1:483: -ms-text-size-adjust]
05-08-2024 20:21:29.174Z;errorhandler.__handle;  Property: Unknown Property name. [1:518: -webkit-text-size-adjust]
05-08-2024 20:21:29.174Z;errorhandler.__handle;  Property: Unknown Property name. [1:612: mso-table-lspace]
05-08-2024 20:21:29.174Z;errorhandler.__handle;  Property: Unknown Property name. [1:642: mso-table-rspace]
05-08-2024 20:21:29.205Z;errorhandler.__handle;  Property: Unknown Property name. [1:4734: mso-hide]
05-08-2024 20:21:29.237Z;errorhandler.__handle;  Property: Unknown Property name. [1:13: -ms-interpolation-mode]
05-08-2024 20:21:29.237Z;errorhandler.__handle;  Property: Unknown Property name. [1:49: -webkit-font-smoothing]
05-08-2024 20:21:29.237Z;errorhandler.__handle;  Property: Unknown Property name. [1:134: -ms-text-size-adjust]
05-08-2024 20:21:29.237Z;errorhandler.__handle;  Property: Unknown Property name. [1:160: -webkit-text-size-adjust]
05-08-2024 20:21:29.237Z;errorhandler.__handle;  Property: Unknown Property name. [1:26: mso-table-lspace]
05-08-2024 20:21:29.237Z;errorhandler.__handle;  Property: Unknown Property name. [1:45: mso-table-rspace]
05-08-2024 20:21:29.252Z;errorhandler.__handle;  Property: Unknown Property name. [1:92: mso-hide]
05-08-2024 20:21:29.252Z;errorhandler.__handle;  Property: Unknown Property name. [1:14: -ms-interpolation-mode]
05-08-2024 20:21:31.940Z;functions.emailFinalizado;  Finalizado e-mail sent.
05-08-2024 20:21:32.065Z;functions.encerra_prog;  RM ENCERRADO
