16-01-2024 15:58:04.244Z;functions.bot_text_art;      ____   
16-01-2024 15:58:04.244Z;functions.bot_text_art;     [____]    
16-01-2024 15:58:04.249Z;functions.bot_text_art;   |=]()()[=|  
16-01-2024 15:58:04.249Z;functions.bot_text_art;     _\==/__    _____    ____     _        _____    ___   _  __
16-01-2024 15:58:04.249Z;functions.bot_text_art;   |__|   |_|  |  _  \  / ___|   | |      |_   _| / ___| | |/ /
16-01-2024 15:58:04.249Z;functions.bot_text_art;   |_|_/\_|_|  | |  | | | |      | |        | |   | |    | ' / 
16-01-2024 15:58:04.249Z;functions.bot_text_art;   | | __ | |  | |  | | | |      | |        | |   | |    |  <  
16-01-2024 15:58:04.249Z;functions.bot_text_art;   |_|[  ]|_|  | |__| | | |____  | |____   _| |_  | |__  | . \ 
16-01-2024 15:58:04.249Z;functions.bot_text_art;   \_|_||_|_/  |_____/   \_____| |______| |_____| \ ___| |_|\_\
16-01-2024 15:58:04.249Z;functions.bot_text_art;     |_||_|                                                     
16-01-2024 15:58:04.249Z;functions.bot_text_art;     | ||_|_   
16-01-2024 15:58:04.249Z;functions.bot_text_art;   |___||___|  
16-01-2024 15:58:04.249Z;functions.bot_text_art;               
16-01-2024 15:58:04.249Z;functions.open_RM;  OPEN PROGRAM RM
16-01-2024 15:58:11.213Z;functions.loggin_RM;  ENTRAR USER_NAME
16-01-2024 15:58:12.116Z;functions.loggin_RM;  ENTRAR PASSWORD
16-01-2024 15:58:12.854Z;functions.loggin_RM;  ENTRAR RM
16-01-2024 15:58:40.947Z;functions.enter_coligada;  CLICK CONTEXTO
16-01-2024 15:58:44.979Z;functions.enter_coligada;  CLICK COLIGADA 1
16-01-2024 15:58:46.635Z;functions.enter_coligada;  CLICK AVANÇAR
16-01-2024 15:58:48.432Z;functions.enter_coligada;  INSERE O COLIGADA CODE = 1
16-01-2024 15:58:48.533Z;functions.enter_coligada;  APERTA TAB PARA PREENCHER O CAMPO COM A STRING: OCEANICA ENGENHARIA E CONSULTORIA S.A.
16-01-2024 15:58:49.416Z;functions.enter_coligada;  CLICK AVANÇAR NOVAMENTE
16-01-2024 15:58:50.260Z;functions.enter_coligada;  CLICK CONCLUIR
16-01-2024 15:59:01.307Z;functions.enter_coligada;  POP UP COLIGADA DESAPARECER
16-01-2024 15:59:01.947Z;functions.enter_contas_a_pagar;  CLICK - TOTVS - LINHA RM
16-01-2024 15:59:03.041Z;functions.enter_contas_a_pagar;  CLICK - BACK OFFICE
16-01-2024 15:59:03.760Z;functions.enter_contas_a_pagar;  CLICK - GESTAO FINANCEIRA
16-01-2024 15:59:08.854Z;functions.enter_contas_a_pagar;  CLICK - CONTAS A PAGAR
16-01-2024 15:59:11.307Z;functions.waitForImage;  LANÇAMENTOS image found.
16-01-2024 15:59:13.423Z;functions.enter_contas_a_pagar;  CLICK EM LANÇAMENTOS
16-01-2024 15:59:15.424Z;functions.data_filter;  DATA INICIO 10-01-2024
16-01-2024 15:59:15.424Z;functions.data_filter;  DATA FIM 16-01-2024
16-01-2024 15:59:15.424Z;functions.data_filter;  CLICK - SELECIONA A DATA DE QUARTA FEIRA E DA PROXIMA TERÇA
16-01-2024 15:59:15.424Z;functions.data_filter;  QUARTA-FEIRA: 10-01-2024
16-01-2024 15:59:15.424Z;functions.data_filter;  TERCA-FEIRA: 16-01-2024
