10-07-2024 16:32:16.179Z;functions.bot_text_art;      ____   
10-07-2024 16:32:16.179Z;functions.bot_text_art;     [____]    
10-07-2024 16:32:16.179Z;functions.bot_text_art;   |=]()()[=|  
10-07-2024 16:32:16.179Z;functions.bot_text_art;     _\==/__    _____    ____     _        _____    ___   _  __
10-07-2024 16:32:16.179Z;functions.bot_text_art;   |__|   |_|  |  _  \  / ___|   | |      |_   _| / ___| | |/ /
10-07-2024 16:32:16.179Z;functions.bot_text_art;   |_|_/\_|_|  | |  | | | |      | |        | |   | |    | ' / 
10-07-2024 16:32:16.179Z;functions.bot_text_art;   | | __ | |  | |  | | | |      | |        | |   | |    |  <  
10-07-2024 16:32:16.179Z;functions.bot_text_art;   |_|[  ]|_|  | |__| | | |____  | |____   _| |_  | |__  | . \ 
10-07-2024 16:32:16.179Z;functions.bot_text_art;   \_|_||_|_/  |_____/   \_____| |______| |_____| \ ___| |_|\_\
10-07-2024 16:32:16.179Z;functions.bot_text_art;     |_||_|                                                     
10-07-2024 16:32:16.179Z;functions.bot_text_art;     | ||_|_   
10-07-2024 16:32:16.179Z;functions.bot_text_art;   |___||___|  
10-07-2024 16:32:16.179Z;functions.bot_text_art;               
10-07-2024 16:32:16.195Z;functions.open_RM;  OPEN PROGRAM RM
10-07-2024 16:32:39.226Z;functions.loggin_RM;  ENTRAR USER_NAME
10-07-2024 16:32:42.740Z;functions.loggin_RM;  ENTRAR PASSWORD
10-07-2024 16:32:44.023Z;functions.loggin_RM;  ENTRAR RM
10-07-2024 16:35:46.726Z;functions.loggin_RM;  FILTRO NÃO ENCONTRADO
10-07-2024 16:36:17.913Z;functions.loggin_RM;  FILTRO 2 NÃO ENCONTRADO DE INICIO
10-07-2024 16:39:21.361Z;functions.loggin_RM;  FILTRO NÃO ENCONTRADO
10-07-2024 16:39:52.241Z;functions.loggin_RM;  FILTRO 2 NÃO ENCONTRADO DE INICIO
10-07-2024 16:42:54.747Z;functions.loggin_RM;  FILTRO NÃO ENCONTRADO
10-07-2024 16:43:25.663Z;functions.loggin_RM;  FILTRO 2 NÃO ENCONTRADO DE INICIO
10-07-2024 16:43:25.663Z;functions.enter_coligada;  AGUARDANDO 1
10-07-2024 16:45:58.219Z;functions.enter_coligada;  apertou up
10-07-2024 16:45:58.219Z;functions.enter_coligada;  AGUARDANDO 2
10-07-2024 16:48:33.218Z;functions.enter_coligada;  apertou up
10-07-2024 16:48:33.218Z;functions.enter_coligada;  AGUARDANDO 3
10-07-2024 16:51:07.936Z;functions.enter_coligada;  apertou up
10-07-2024 16:51:07.936Z;functions.enter_coligada;  AGUARDANDO 4
10-07-2024 16:53:42.577Z;functions.enter_coligada;  apertou up
10-07-2024 16:53:42.577Z;functions.enter_coligada;  AGUARDANDO 5
10-07-2024 16:56:17.389Z;functions.enter_coligada;  apertou up
10-07-2024 16:56:17.389Z;functions.enter_coligada;  AGUARDANDO 6
10-07-2024 16:58:50.389Z;functions.enter_coligada;  apertou up
10-07-2024 16:58:50.389Z;functions.enter_coligada;  AGUARDANDO 7
10-07-2024 17:01:24.906Z;functions.enter_coligada;  apertou up
10-07-2024 17:01:41.272Z;functions.show_exception_and_exit;  'NoneType' object has no attribute 'click'
Traceback (most recent call last):
  File "C:\Projetos_Remessas\Remessa_Ferias_Rescisao\main.py", line 15, in <module>
    enter_coligada()
  File "C:\Projetos_Remessas\Remessa_Ferias_Rescisao\SUBPROGRAMS\functions.py", line 170, in enter_coligada
    click_alterar_contexto.click()
    ^^^^^^^^^^^^^^^^^^^^^^^^^^^^
AttributeError: 'NoneType' object has no attribute 'click'
10-07-2024 17:01:41.567Z;functions.show_exception_and_exit;  PRINT SALVO
10-07-2024 17:01:41.896Z;functions.show_exception_and_exit;  RM FECHADO
10-07-2024 17:01:44.396Z;errorhandler.__handle;  Property: Unknown Property name. [1:203: -ms-interpolation-mode]
10-07-2024 17:01:44.427Z;errorhandler.__handle;  Property: Unknown Property name. [1:353: -webkit-font-smoothing]
10-07-2024 17:01:44.443Z;errorhandler.__handle;  Property: Unknown Property name. [1:483: -ms-text-size-adjust]
10-07-2024 17:01:44.443Z;errorhandler.__handle;  Property: Unknown Property name. [1:518: -webkit-text-size-adjust]
10-07-2024 17:01:44.443Z;errorhandler.__handle;  Property: Unknown Property name. [1:612: mso-table-lspace]
10-07-2024 17:01:44.443Z;errorhandler.__handle;  Property: Unknown Property name. [1:642: mso-table-rspace]
10-07-2024 17:01:44.677Z;errorhandler.__handle;  Property: Unknown Property name. [1:4734: mso-hide]
10-07-2024 17:01:44.786Z;errorhandler.__handle;  Property: Unknown Property name. [1:13: -ms-interpolation-mode]
10-07-2024 17:01:44.802Z;errorhandler.__handle;  Property: Unknown Property name. [1:49: -webkit-font-smoothing]
10-07-2024 17:01:44.802Z;errorhandler.__handle;  Property: Unknown Property name. [1:134: -ms-text-size-adjust]
10-07-2024 17:01:44.802Z;errorhandler.__handle;  Property: Unknown Property name. [1:160: -webkit-text-size-adjust]
10-07-2024 17:01:44.802Z;errorhandler.__handle;  Property: Unknown Property name. [1:26: mso-table-lspace]
10-07-2024 17:01:44.802Z;errorhandler.__handle;  Property: Unknown Property name. [1:45: mso-table-rspace]
10-07-2024 17:01:44.833Z;errorhandler.__handle;  Property: Unknown Property name. [1:92: mso-hide]
10-07-2024 17:01:44.849Z;errorhandler.__handle;  Property: No ":" after name found: align-center [1:1: align-center]
10-07-2024 17:01:44.849Z;errorhandler.__handle;  Property: No property value found: align-center [1:1: align-center]
10-07-2024 17:01:44.849Z;errorhandler.__handle;  CSSStyleDeclaration: Syntax Error in Property: align-center
10-07-2024 17:01:44.864Z;errorhandler.__handle;  Property: Unknown Property name. [1:14: -ms-interpolation-mode]
10-07-2024 17:01:47.859Z;functions.show_exception_and_exit;  EMAIL EXCEÇÃO ENVIADO
10-07-2024 17:01:47.859Z;functions.show_exception_and_exit;  ERRO - <class 'AttributeError'> / 'NoneType' object has no attribute 'click'
