17-01-2024 13:34:05.802Z;functions.bot_text_art;      ____   
17-01-2024 13:34:05.802Z;functions.bot_text_art;     [____]    
17-01-2024 13:34:05.802Z;functions.bot_text_art;   |=]()()[=|  
17-01-2024 13:34:05.802Z;functions.bot_text_art;     _\==/__    _____    ____     _        _____    ___   _  __
17-01-2024 13:34:05.802Z;functions.bot_text_art;   |__|   |_|  |  _  \  / ___|   | |      |_   _| / ___| | |/ /
17-01-2024 13:34:05.802Z;functions.bot_text_art;   |_|_/\_|_|  | |  | | | |      | |        | |   | |    | ' / 
17-01-2024 13:34:05.802Z;functions.bot_text_art;   | | __ | |  | |  | | | |      | |        | |   | |    |  <  
17-01-2024 13:34:05.802Z;functions.bot_text_art;   |_|[  ]|_|  | |__| | | |____  | |____   _| |_  | |__  | . \ 
17-01-2024 13:34:05.802Z;functions.bot_text_art;   \_|_||_|_/  |_____/   \_____| |______| |_____| \ ___| |_|\_\
17-01-2024 13:34:05.802Z;functions.bot_text_art;     |_||_|                                                     
17-01-2024 13:34:05.802Z;functions.bot_text_art;     | ||_|_   
17-01-2024 13:34:05.802Z;functions.bot_text_art;   |___||___|  
17-01-2024 13:34:05.802Z;functions.bot_text_art;               
17-01-2024 13:34:05.817Z;functions.open_RM;  OPEN PROGRAM RM
17-01-2024 13:42:46.943Z;functions.show_exception_and_exit;  'NoneType' object has no attribute 'double_click'
Traceback (most recent call last):
  File "C:\Projetos_Remessas\Remessa_Ferias_Rescisao\main.py", line 12, in <module>
    loggin_RM()
  File "C:\Projetos_Remessas\Remessa_Ferias_Rescisao\SUBPROGRAMS\functions.py", line 62, in loggin_RM
    user_rm.double_click()
    ^^^^^^^^^^^^^^^^^^^^
AttributeError: 'NoneType' object has no attribute 'double_click'
17-01-2024 13:42:52.631Z;errorhandler.__handle;  Property: Unknown Property name. [1:203: -ms-interpolation-mode]
17-01-2024 13:42:52.631Z;errorhandler.__handle;  Property: Unknown Property name. [1:353: -webkit-font-smoothing]
17-01-2024 13:42:52.631Z;errorhandler.__handle;  Property: Unknown Property name. [1:483: -ms-text-size-adjust]
17-01-2024 13:42:52.631Z;errorhandler.__handle;  Property: Unknown Property name. [1:518: -webkit-text-size-adjust]
17-01-2024 13:42:52.647Z;errorhandler.__handle;  Property: Unknown Property name. [1:612: mso-table-lspace]
17-01-2024 13:42:52.647Z;errorhandler.__handle;  Property: Unknown Property name. [1:642: mso-table-rspace]
17-01-2024 13:42:52.694Z;errorhandler.__handle;  Property: Unknown Property name. [1:4734: mso-hide]
17-01-2024 13:42:52.725Z;errorhandler.__handle;  Property: Unknown Property name. [1:13: -ms-interpolation-mode]
17-01-2024 13:42:52.725Z;errorhandler.__handle;  Property: Unknown Property name. [1:49: -webkit-font-smoothing]
17-01-2024 13:42:52.725Z;errorhandler.__handle;  Property: Unknown Property name. [1:134: -ms-text-size-adjust]
17-01-2024 13:42:52.725Z;errorhandler.__handle;  Property: Unknown Property name. [1:160: -webkit-text-size-adjust]
17-01-2024 13:42:52.725Z;errorhandler.__handle;  Property: Unknown Property name. [1:26: mso-table-lspace]
17-01-2024 13:42:52.725Z;errorhandler.__handle;  Property: Unknown Property name. [1:45: mso-table-rspace]
17-01-2024 13:42:52.725Z;errorhandler.__handle;  Property: Unknown Property name. [1:92: mso-hide]
17-01-2024 13:42:52.741Z;errorhandler.__handle;  Property: No ":" after name found: align-center [1:1: align-center]
17-01-2024 13:42:52.741Z;errorhandler.__handle;  Property: No property value found: align-center [1:1: align-center]
17-01-2024 13:42:52.741Z;errorhandler.__handle;  CSSStyleDeclaration: Syntax Error in Property: align-center
17-01-2024 13:42:52.741Z;errorhandler.__handle;  Property: Unknown Property name. [1:14: -ms-interpolation-mode]
