06-07-2024 15:00:47.342Z;functions.bot_text_art;      ____   
06-07-2024 15:00:47.357Z;functions.bot_text_art;     [____]    
06-07-2024 15:00:47.357Z;functions.bot_text_art;   |=]()()[=|  
06-07-2024 15:00:47.357Z;functions.bot_text_art;     _\==/__    _____    ____     _        _____    ___   _  __
06-07-2024 15:00:47.357Z;functions.bot_text_art;   |__|   |_|  |  _  \  / ___|   | |      |_   _| / ___| | |/ /
06-07-2024 15:00:47.357Z;functions.bot_text_art;   |_|_/\_|_|  | |  | | | |      | |        | |   | |    | ' / 
06-07-2024 15:00:47.357Z;functions.bot_text_art;   | | __ | |  | |  | | | |      | |        | |   | |    |  <  
06-07-2024 15:00:47.357Z;functions.bot_text_art;   |_|[  ]|_|  | |__| | | |____  | |____   _| |_  | |__  | . \ 
06-07-2024 15:00:47.357Z;functions.bot_text_art;   \_|_||_|_/  |_____/   \_____| |______| |_____| \ ___| |_|\_\
06-07-2024 15:00:47.357Z;functions.bot_text_art;     |_||_|                                                     
06-07-2024 15:00:47.357Z;functions.bot_text_art;     | ||_|_   
06-07-2024 15:00:47.357Z;functions.bot_text_art;   |___||___|  
06-07-2024 15:00:47.357Z;functions.bot_text_art;               
06-07-2024 15:00:47.373Z;functions.open_RM;  OPEN PROGRAM RM
06-07-2024 15:01:09.732Z;functions.loggin_RM;  ENTRAR USER_NAME
06-07-2024 15:01:13.564Z;functions.loggin_RM;  ENTRAR PASSWORD
06-07-2024 15:01:15.060Z;functions.loggin_RM;  ENTRAR RM
06-07-2024 15:04:16.540Z;functions.loggin_RM;  FILTRO NÃO ENCONTRADO
06-07-2024 15:04:51.201Z;functions.loggin_RM;  FILTRO 2 NÃO ENCONTRADO DE INICIO
06-07-2024 15:07:52.796Z;functions.loggin_RM;  FILTRO NÃO ENCONTRADO
06-07-2024 15:08:26.207Z;functions.loggin_RM;  FILTRO 2 NÃO ENCONTRADO DE INICIO
06-07-2024 15:11:28.748Z;functions.loggin_RM;  FILTRO NÃO ENCONTRADO
06-07-2024 15:12:01.919Z;functions.loggin_RM;  FILTRO 2 NÃO ENCONTRADO DE INICIO
06-07-2024 15:12:01.919Z;functions.enter_coligada;  AGUARDANDO 1
06-07-2024 15:12:03.122Z;functions.enter_coligada;  CLICK CONTEXTO
06-07-2024 15:12:05.935Z;functions.enter_coligada;  CLICK ALTERAR MODULO DO CONTEXTO
06-07-2024 15:12:09.862Z;functions.enter_coligada;  INSERE O COLIGADA CODE = 1
06-07-2024 15:12:09.969Z;functions.enter_coligada;  APERTA TAB PARA PREENCHER O CAMPO COM A STRING: OCEANICA ENGENHARIA E CONSULTORIA S.A.
06-07-2024 15:12:12.184Z;functions.enter_coligada;  CLICK AVANÇAR NOVAMENTE
06-07-2024 15:12:13.560Z;functions.enter_coligada;  CLICK CONCLUIR
06-07-2024 15:12:33.934Z;functions.waitForImage;  TROCA COLIGADA image not found.
06-07-2024 15:12:52.661Z;functions.enter_coligada;  POP UP COLIGADA DESAPARECER
06-07-2024 15:12:53.653Z;functions.check_movimentacao_bancaria;  CLICK - TOTVS - LINHA RM
06-07-2024 15:12:55.497Z;functions.check_movimentacao_bancaria;  CLICK - BACK OFFICE
06-07-2024 15:12:58.247Z;functions.check_movimentacao_bancaria;  CLICK - GESTAO FINANCEIRA
06-07-2024 15:12:58.247Z;functions.obter_intervalo_data;  VERIFICANDO A HORA ATUAL 15
06-07-2024 15:12:58.271Z;functions.obter_intervalo_data;  Data Inicial FERIAS/RESCISAO antes da remoção: None
06-07-2024 15:12:58.271Z;functions.obter_intervalo_data;  Data Final FERIAS/RESCISAO antes da remoção: None
06-07-2024 15:12:58.278Z;functions.obter_intervalo_data;  Data Inicial FERIAS/RESCISAO após a remoção: None
06-07-2024 15:12:58.278Z;functions.obter_intervalo_data;  Data Final FERIAS/RESCISAO após a remoção: None
06-07-2024 15:12:58.278Z;functions.obter_intervalo_data;  hoje -  2024-07-06 15:12:58.278691
06-07-2024 15:12:58.278Z;functions.check_movimentacao_bancaria;  DATA INICIO 10-07-2024
06-07-2024 15:12:58.278Z;functions.check_movimentacao_bancaria;  DATA FIM 16-07-2024
06-07-2024 15:12:58.278Z;functions.movimentacao_bancaria;  AGUARDANDO 1
06-07-2024 15:13:04.372Z;functions.movimentacao_bancaria;  CLICK NA ABA MOVIMENTAÇÃO BANCARIA
06-07-2024 15:13:06.607Z;functions.waitForImage;  IMAGEM BORDERO image found.
06-07-2024 15:13:08.723Z;functions.movimentacao_bancaria;  IMAGEM BORDERO CLICADA.
06-07-2024 15:13:19.045Z;functions.waitForImage;  LICENCAS EXCEDIDAS image not found.
06-07-2024 15:13:19.763Z;functions.movimentacao_bancaria;  ENCONTROU O FILTRO DA MOVIMENTAÇÃO BANCÁRIA
06-07-2024 15:13:19.810Z;functions.movimentacao_bancaria;  CLICA NA ABA SUPERIOR DO FILTRO
06-07-2024 15:13:24.020Z;functions.movimentacao_bancaria;  SELECIONA O FILTRO HOJE
06-07-2024 15:13:29.185Z;functions.waitForImage;  FILTER CLEAN image found.
06-07-2024 15:13:31.318Z;functions.filter_clean;  CLICK NO BOTÃO X DO LIMPA FILTRO
06-07-2024 15:13:31.529Z;functions.waitForImage;  FILTER CLEAN image found.
06-07-2024 15:13:33.661Z;functions.filter_clean;  CLICK NO BOTÃO X DO LIMPA FILTRO
06-07-2024 15:13:48.971Z;functions.waitForImage;  FILTER CLEAN image not found.
06-07-2024 15:13:52.716Z;functions.movimentacao_bancaria;  CLICK NA PRIMEIRA LINHA DA TABELA MOVIMENTAÇÃO BANCÁRIA
06-07-2024 15:13:53.939Z;functions.movimentacao_bancaria;  12 PASSOS PARA DIREITA NA TABELA >>
06-07-2024 15:13:56.122Z;functions.movimentacao_bancaria;  HOVER FILTER
06-07-2024 15:13:56.704Z;functions.movimentacao_bancaria;  CLICK FILTER
06-07-2024 15:14:01.030Z;functions.movimentacao_bancaria;  CLICK NO FILTRO  STATUS DA REMESSA
06-07-2024 15:14:03.132Z;functions.movimentacao_bancaria;  APERTA TAB PARA ESCREVER O FILTRO
06-07-2024 15:14:05.246Z;functions.movimentacao_bancaria;  ESCREVE PENDENTE NO FILTRO
06-07-2024 15:14:07.349Z;functions.movimentacao_bancaria;  APERTA ENTER PARA SELECIONAR OS PENDENTES
06-07-2024 15:14:25.045Z;functions.movimentacao_bancaria;  SEM PROCESSAMENTO DE BORDERO PENDENTE.
06-07-2024 15:14:30.247Z;functions.waitForImage;  FILTER CLEAN image found.
06-07-2024 15:14:32.380Z;functions.filter_clean;  CLICK NO BOTÃO X DO LIMPA FILTRO
06-07-2024 15:14:47.684Z;functions.waitForImage;  FILTER CLEAN image not found.
06-07-2024 15:15:02.997Z;functions.waitForImage;  FILTER CLEAN image not found.
06-07-2024 15:15:04.935Z;functions.remessa_pagamento;  CLICK NA PRIMEIRA LINHA DA TABELA MOVIMENTAÇÃO BANCÁRIA
06-07-2024 15:15:07.138Z;functions.remessa_pagamento;  HOVER FILTER
06-07-2024 15:15:07.725Z;functions.remessa_pagamento;  CLICK FILTER
06-07-2024 15:15:12.059Z;functions.remessa_pagamento;  CLICK NO FILTRO  STATUS DA REMESSA
06-07-2024 15:15:14.162Z;functions.remessa_pagamento;  APERTA TAB PARA ESCREVER O FILTRO
06-07-2024 15:15:16.280Z;functions.remessa_pagamento;  ESCREVE AUTORIZADO NO FILTRO
06-07-2024 15:15:18.383Z;functions.remessa_pagamento;  APERTA ENTER PARA SELECIONAR OS AUTORIZADO
06-07-2024 15:15:35.997Z;functions.remessa_pagamento;  SEM REMESSA DE BORDERO AUTORIZADO
06-07-2024 15:15:36.997Z;functions.enter_contas_a_pagar;  CLICK - TOTVS - LINHA RM
06-07-2024 15:15:38.466Z;functions.enter_contas_a_pagar;  CLICK - BACK OFFICE
06-07-2024 15:15:41.153Z;functions.enter_contas_a_pagar;  CLICK - GESTAO FINANCEIRA
06-07-2024 15:15:47.278Z;functions.enter_contas_a_pagar;  CLICK - CONTAS A PAGAR
06-07-2024 15:15:48.200Z;functions.waitForImage;  LANÇAMENTOS image found.
06-07-2024 15:15:50.319Z;functions.enter_contas_a_pagar;  CLICA EM LANÇAMENTOS
06-07-2024 15:16:05.513Z;functions.waitForImage;  LICENCAS EXCEDIDAS image not found.
06-07-2024 15:16:05.513Z;functions.data_filter;  CLICK - SELECIONA A DATA DE QUARTA FEIRA E DA PROXIMA TERÇA
06-07-2024 15:16:05.513Z;functions.data_filter;  QUARTA-FEIRA: 10-07-2024
06-07-2024 15:16:05.513Z;functions.data_filter;  TERCA-FEIRA: 16-07-2024
06-07-2024 15:16:19.153Z;functions.data_filter;  CLICK - BUTÃO DE SELECAO DE FILTRO
06-07-2024 15:16:23.967Z;functions.data_filter;  INSERE - DATA DE QUARTA-FEIRA: 10-07-2024
06-07-2024 15:16:28.357Z;functions.data_filter;  INSERE - DATA DA PROX TERCA-FEIRA: 16-07-2024
06-07-2024 15:16:29.497Z;functions.data_filter;  CLICK - BUTÃO DE EXECUTAR O FILTRO
06-07-2024 15:16:34.503Z;functions.desmark_filter;  AGUARDANDO 1
06-07-2024 15:16:36.966Z;functions.desmark_filter;  CLICK CHECKBOX LANÇAMENTOS A RECEBER
06-07-2024 15:16:39.520Z;functions.desmark_filter;  CLICK CHECKBOX LANÇAMENTOS BAIXADOS
06-07-2024 15:16:42.403Z;functions.desmark_filter;  CLICK CHECKBOX LANÇAMENTOS CANCELADOS
06-07-2024 15:16:45.247Z;functions.desmark_filter;  CLICK CHECKBOX LANÇAMENTOS FATURADOS
06-07-2024 15:16:48.435Z;functions.desmark_filter;  ATUALIZA O FILTRO
06-07-2024 15:16:48.660Z;functions.waitForImage;  FILTER CLEAN image found.
06-07-2024 15:16:50.764Z;functions.filter_clean;  CLICK NO BOTÃO X DO LIMPA FILTRO
06-07-2024 15:17:06.059Z;functions.waitForImage;  FILTER CLEAN image not found.
06-07-2024 15:17:21.372Z;functions.waitForImage;  FILTER CLEAN image not found.
06-07-2024 15:17:24.919Z;functions.tabela_vazia;  Texto extraido 0/0
06-07-2024 15:17:24.919Z;functions.tabela_vazia;  Count 0
06-07-2024 15:17:24.919Z;functions.tabela_vazia;  Type <class 'int'>
06-07-2024 15:17:26.922Z;functions.tabela_vazia;  SEM REMESSA DE FÉRIAS/RESCISÃO
06-07-2024 15:17:28.924Z;main.<module>;  SEM REMESSA DE FÉRIAS/RESCISÃO
06-07-2024 15:17:31.388Z;errorhandler.__handle;  Property: Unknown Property name. [1:203: -ms-interpolation-mode]
06-07-2024 15:17:31.419Z;errorhandler.__handle;  Property: Unknown Property name. [1:353: -webkit-font-smoothing]
06-07-2024 15:17:31.435Z;errorhandler.__handle;  Property: Unknown Property name. [1:483: -ms-text-size-adjust]
06-07-2024 15:17:31.435Z;errorhandler.__handle;  Property: Unknown Property name. [1:518: -webkit-text-size-adjust]
06-07-2024 15:17:31.435Z;errorhandler.__handle;  Property: Unknown Property name. [1:612: mso-table-lspace]
06-07-2024 15:17:31.435Z;errorhandler.__handle;  Property: Unknown Property name. [1:642: mso-table-rspace]
06-07-2024 15:17:31.591Z;errorhandler.__handle;  Property: Unknown Property name. [1:4734: mso-hide]
06-07-2024 15:17:31.669Z;errorhandler.__handle;  Property: Unknown Property name. [1:13: -ms-interpolation-mode]
06-07-2024 15:17:31.669Z;errorhandler.__handle;  Property: Unknown Property name. [1:49: -webkit-font-smoothing]
06-07-2024 15:17:31.669Z;errorhandler.__handle;  Property: Unknown Property name. [1:134: -ms-text-size-adjust]
06-07-2024 15:17:31.669Z;errorhandler.__handle;  Property: Unknown Property name. [1:160: -webkit-text-size-adjust]
06-07-2024 15:17:31.669Z;errorhandler.__handle;  Property: Unknown Property name. [1:26: mso-table-lspace]
06-07-2024 15:17:31.669Z;errorhandler.__handle;  Property: Unknown Property name. [1:45: mso-table-rspace]
06-07-2024 15:17:31.700Z;errorhandler.__handle;  Property: Unknown Property name. [1:92: mso-hide]
06-07-2024 15:17:31.700Z;errorhandler.__handle;  Property: No ":" after name found: align-center [1:1: align-center]
06-07-2024 15:17:31.700Z;errorhandler.__handle;  Property: No property value found: align-center [1:1: align-center]
06-07-2024 15:17:31.716Z;errorhandler.__handle;  CSSStyleDeclaration: Syntax Error in Property: align-center
06-07-2024 15:17:31.716Z;errorhandler.__handle;  Property: Unknown Property name. [1:14: -ms-interpolation-mode]
06-07-2024 15:17:34.169Z;functions.emailFinalizado;  Finalizado e-mail sent.
06-07-2024 15:17:34.450Z;functions.encerra_prog;  RM ENCERRADO
