07-07-2024 15:00:56.813Z;functions.bot_text_art;      ____   
07-07-2024 15:00:56.813Z;functions.bot_text_art;     [____]    
07-07-2024 15:00:56.813Z;functions.bot_text_art;   |=]()()[=|  
07-07-2024 15:00:56.813Z;functions.bot_text_art;     _\==/__    _____    ____     _        _____    ___   _  __
07-07-2024 15:00:56.813Z;functions.bot_text_art;   |__|   |_|  |  _  \  / ___|   | |      |_   _| / ___| | |/ /
07-07-2024 15:00:56.813Z;functions.bot_text_art;   |_|_/\_|_|  | |  | | | |      | |        | |   | |    | ' / 
07-07-2024 15:00:56.813Z;functions.bot_text_art;   | | __ | |  | |  | | | |      | |        | |   | |    |  <  
07-07-2024 15:00:56.813Z;functions.bot_text_art;   |_|[  ]|_|  | |__| | | |____  | |____   _| |_  | |__  | . \ 
07-07-2024 15:00:56.813Z;functions.bot_text_art;   \_|_||_|_/  |_____/   \_____| |______| |_____| \ ___| |_|\_\
07-07-2024 15:00:56.813Z;functions.bot_text_art;     |_||_|                                                     
07-07-2024 15:00:56.813Z;functions.bot_text_art;     | ||_|_   
07-07-2024 15:00:56.813Z;functions.bot_text_art;   |___||___|  
07-07-2024 15:00:56.813Z;functions.bot_text_art;               
07-07-2024 15:00:56.829Z;functions.open_RM;  OPEN PROGRAM RM
07-07-2024 15:01:18.250Z;functions.loggin_RM;  ENTRAR USER_NAME
07-07-2024 15:01:21.993Z;functions.loggin_RM;  ENTRAR PASSWORD
07-07-2024 15:01:23.484Z;functions.loggin_RM;  ENTRAR RM
07-07-2024 15:04:24.920Z;functions.loggin_RM;  FILTRO NÃO ENCONTRADO
07-07-2024 15:04:59.062Z;functions.loggin_RM;  FILTRO 2 NÃO ENCONTRADO DE INICIO
07-07-2024 15:08:01.969Z;functions.loggin_RM;  FILTRO NÃO ENCONTRADO
07-07-2024 15:08:34.460Z;functions.loggin_RM;  FILTRO 2 NÃO ENCONTRADO DE INICIO
07-07-2024 15:11:37.890Z;functions.loggin_RM;  FILTRO NÃO ENCONTRADO
07-07-2024 15:12:12.006Z;functions.loggin_RM;  FILTRO 2 NÃO ENCONTRADO DE INICIO
07-07-2024 15:12:12.006Z;functions.enter_coligada;  AGUARDANDO 1
07-07-2024 15:12:13.234Z;functions.enter_coligada;  CLICK CONTEXTO
07-07-2024 15:12:15.984Z;functions.enter_coligada;  CLICK ALTERAR MODULO DO CONTEXTO
07-07-2024 15:12:20.281Z;functions.enter_coligada;  INSERE O COLIGADA CODE = 1
07-07-2024 15:12:20.389Z;functions.enter_coligada;  APERTA TAB PARA PREENCHER O CAMPO COM A STRING: OCEANICA ENGENHARIA E CONSULTORIA S.A.
07-07-2024 15:12:22.577Z;functions.enter_coligada;  CLICK AVANÇAR NOVAMENTE
07-07-2024 15:12:23.952Z;functions.enter_coligada;  CLICK CONCLUIR
07-07-2024 15:12:44.328Z;functions.waitForImage;  TROCA COLIGADA image not found.
07-07-2024 15:13:03.593Z;functions.enter_coligada;  POP UP COLIGADA DESAPARECER
07-07-2024 15:13:04.640Z;functions.check_movimentacao_bancaria;  CLICK - TOTVS - LINHA RM
07-07-2024 15:13:06.546Z;functions.check_movimentacao_bancaria;  CLICK - BACK OFFICE
07-07-2024 15:13:09.327Z;functions.check_movimentacao_bancaria;  CLICK - GESTAO FINANCEIRA
07-07-2024 15:13:09.327Z;functions.obter_intervalo_data;  VERIFICANDO A HORA ATUAL 15
07-07-2024 15:13:09.352Z;functions.obter_intervalo_data;  Data Inicial FERIAS/RESCISAO antes da remoção: None
07-07-2024 15:13:09.352Z;functions.obter_intervalo_data;  Data Final FERIAS/RESCISAO antes da remoção: None
07-07-2024 15:13:09.359Z;functions.obter_intervalo_data;  Data Inicial FERIAS/RESCISAO após a remoção: None
07-07-2024 15:13:09.359Z;functions.obter_intervalo_data;  Data Final FERIAS/RESCISAO após a remoção: None
07-07-2024 15:13:09.359Z;functions.obter_intervalo_data;  hoje -  2024-07-07 15:13:09.359016
07-07-2024 15:13:09.359Z;functions.check_movimentacao_bancaria;  DATA INICIO 10-07-2024
07-07-2024 15:13:09.359Z;functions.check_movimentacao_bancaria;  DATA FIM 16-07-2024
07-07-2024 15:13:09.359Z;functions.movimentacao_bancaria;  AGUARDANDO 1
07-07-2024 15:13:15.265Z;functions.movimentacao_bancaria;  CLICK NA ABA MOVIMENTAÇÃO BANCARIA
07-07-2024 15:13:17.499Z;functions.waitForImage;  IMAGEM BORDERO image found.
07-07-2024 15:13:19.617Z;functions.movimentacao_bancaria;  IMAGEM BORDERO CLICADA.
07-07-2024 15:13:29.826Z;functions.waitForImage;  LICENCAS EXCEDIDAS image not found.
07-07-2024 15:13:30.546Z;functions.movimentacao_bancaria;  ENCONTROU O FILTRO DA MOVIMENTAÇÃO BANCÁRIA
07-07-2024 15:13:30.609Z;functions.movimentacao_bancaria;  CLICA NA ABA SUPERIOR DO FILTRO
07-07-2024 15:13:34.820Z;functions.movimentacao_bancaria;  SELECIONA O FILTRO HOJE
07-07-2024 15:13:50.015Z;functions.waitForImage;  FILTER CLEAN image not found.
07-07-2024 15:14:05.327Z;functions.waitForImage;  FILTER CLEAN image not found.
07-07-2024 15:14:20.624Z;functions.waitForImage;  FILTER CLEAN image not found.
07-07-2024 15:14:38.440Z;functions.movimentacao_bancaria;  SEM PROCESSAMENTO DE BORDERO
07-07-2024 15:14:58.734Z;functions.waitForImage;  FILTER CLEAN image not found.
07-07-2024 15:15:13.999Z;functions.waitForImage;  FILTER CLEAN image not found.
07-07-2024 15:15:29.327Z;functions.waitForImage;  FILTER CLEAN image not found.
07-07-2024 15:16:00.906Z;functions.remessa_pagamento;  SEM REMESSA DE BORDERO AUTORIZADO
07-07-2024 15:16:01.921Z;functions.enter_contas_a_pagar;  CLICK - TOTVS - LINHA RM
07-07-2024 15:16:03.515Z;functions.enter_contas_a_pagar;  CLICK - BACK OFFICE
07-07-2024 15:16:06.265Z;functions.enter_contas_a_pagar;  CLICK - GESTAO FINANCEIRA
07-07-2024 15:16:12.358Z;functions.enter_contas_a_pagar;  CLICK - CONTAS A PAGAR
07-07-2024 15:16:13.296Z;functions.waitForImage;  LANÇAMENTOS image found.
07-07-2024 15:16:15.430Z;functions.enter_contas_a_pagar;  CLICA EM LANÇAMENTOS
07-07-2024 15:16:30.749Z;functions.waitForImage;  LICENCAS EXCEDIDAS image not found.
07-07-2024 15:16:30.749Z;functions.data_filter;  CLICK - SELECIONA A DATA DE QUARTA FEIRA E DA PROXIMA TERÇA
07-07-2024 15:16:30.749Z;functions.data_filter;  QUARTA-FEIRA: 10-07-2024
07-07-2024 15:16:30.749Z;functions.data_filter;  TERCA-FEIRA: 16-07-2024
07-07-2024 15:16:44.421Z;functions.data_filter;  CLICK - BUTÃO DE SELECAO DE FILTRO
07-07-2024 15:16:49.187Z;functions.data_filter;  INSERE - DATA DE QUARTA-FEIRA: 10-07-2024
07-07-2024 15:16:53.655Z;functions.data_filter;  INSERE - DATA DA PROX TERCA-FEIRA: 16-07-2024
07-07-2024 15:16:55.514Z;functions.data_filter;  CLICK - BUTÃO DE EXECUTAR O FILTRO
07-07-2024 15:17:00.518Z;functions.desmark_filter;  AGUARDANDO 1
07-07-2024 15:17:02.952Z;functions.desmark_filter;  CLICK CHECKBOX LANÇAMENTOS A RECEBER
07-07-2024 15:17:05.796Z;functions.desmark_filter;  CLICK CHECKBOX LANÇAMENTOS BAIXADOS
07-07-2024 15:17:08.502Z;functions.desmark_filter;  CLICK CHECKBOX LANÇAMENTOS CANCELADOS
07-07-2024 15:17:11.668Z;functions.desmark_filter;  CLICK CHECKBOX LANÇAMENTOS FATURADOS
07-07-2024 15:17:14.915Z;functions.desmark_filter;  ATUALIZA O FILTRO
07-07-2024 15:17:15.140Z;functions.waitForImage;  FILTER CLEAN image found.
07-07-2024 15:17:17.249Z;functions.filter_clean;  CLICK NO BOTÃO X DO LIMPA FILTRO
07-07-2024 15:17:32.546Z;functions.waitForImage;  FILTER CLEAN image not found.
07-07-2024 15:17:47.858Z;functions.waitForImage;  FILTER CLEAN image not found.
07-07-2024 15:17:51.405Z;functions.tabela_vazia;  Texto extraido 0/0
07-07-2024 15:17:51.405Z;functions.tabela_vazia;  Count 0
07-07-2024 15:17:51.405Z;functions.tabela_vazia;  Type <class 'int'>
07-07-2024 15:17:53.414Z;functions.tabela_vazia;  SEM REMESSA DE FÉRIAS/RESCISÃO
07-07-2024 15:17:55.415Z;main.<module>;  SEM REMESSA DE FÉRIAS/RESCISÃO
07-07-2024 15:17:58.228Z;errorhandler.__handle;  Property: Unknown Property name. [1:203: -ms-interpolation-mode]
07-07-2024 15:17:58.274Z;errorhandler.__handle;  Property: Unknown Property name. [1:353: -webkit-font-smoothing]
07-07-2024 15:17:58.290Z;errorhandler.__handle;  Property: Unknown Property name. [1:483: -ms-text-size-adjust]
07-07-2024 15:17:58.290Z;errorhandler.__handle;  Property: Unknown Property name. [1:518: -webkit-text-size-adjust]
07-07-2024 15:17:58.290Z;errorhandler.__handle;  Property: Unknown Property name. [1:612: mso-table-lspace]
07-07-2024 15:17:58.290Z;errorhandler.__handle;  Property: Unknown Property name. [1:642: mso-table-rspace]
07-07-2024 15:17:58.524Z;errorhandler.__handle;  Property: Unknown Property name. [1:4734: mso-hide]
07-07-2024 15:17:58.634Z;errorhandler.__handle;  Property: Unknown Property name. [1:13: -ms-interpolation-mode]
07-07-2024 15:17:58.634Z;errorhandler.__handle;  Property: Unknown Property name. [1:49: -webkit-font-smoothing]
07-07-2024 15:17:58.649Z;errorhandler.__handle;  Property: Unknown Property name. [1:134: -ms-text-size-adjust]
07-07-2024 15:17:58.649Z;errorhandler.__handle;  Property: Unknown Property name. [1:160: -webkit-text-size-adjust]
07-07-2024 15:17:58.649Z;errorhandler.__handle;  Property: Unknown Property name. [1:26: mso-table-lspace]
07-07-2024 15:17:58.649Z;errorhandler.__handle;  Property: Unknown Property name. [1:45: mso-table-rspace]
07-07-2024 15:17:58.696Z;errorhandler.__handle;  Property: Unknown Property name. [1:92: mso-hide]
07-07-2024 15:17:58.696Z;errorhandler.__handle;  Property: No ":" after name found: align-center [1:1: align-center]
07-07-2024 15:17:58.696Z;errorhandler.__handle;  Property: No property value found: align-center [1:1: align-center]
07-07-2024 15:17:58.696Z;errorhandler.__handle;  CSSStyleDeclaration: Syntax Error in Property: align-center
07-07-2024 15:17:58.712Z;errorhandler.__handle;  Property: Unknown Property name. [1:14: -ms-interpolation-mode]
07-07-2024 15:18:01.343Z;functions.emailFinalizado;  Finalizado e-mail sent.
07-07-2024 15:18:01.624Z;functions.encerra_prog;  RM ENCERRADO
