06-06-2024 00:54:13.547Z;functions.bot_text_art;      ____   
06-06-2024 00:54:13.547Z;functions.bot_text_art;     [____]    
06-06-2024 00:54:13.547Z;functions.bot_text_art;   |=]()()[=|  
06-06-2024 00:54:13.547Z;functions.bot_text_art;     _\==/__    _____    ____     _        _____    ___   _  __
06-06-2024 00:54:13.547Z;functions.bot_text_art;   |__|   |_|  |  _  \  / ___|   | |      |_   _| / ___| | |/ /
06-06-2024 00:54:13.547Z;functions.bot_text_art;   |_|_/\_|_|  | |  | | | |      | |        | |   | |    | ' / 
06-06-2024 00:54:13.547Z;functions.bot_text_art;   | | __ | |  | |  | | | |      | |        | |   | |    |  <  
06-06-2024 00:54:13.547Z;functions.bot_text_art;   |_|[  ]|_|  | |__| | | |____  | |____   _| |_  | |__  | . \ 
06-06-2024 00:54:13.563Z;functions.bot_text_art;   \_|_||_|_/  |_____/   \_____| |______| |_____| \ ___| |_|\_\
06-06-2024 00:54:13.563Z;functions.bot_text_art;     |_||_|                                                     
06-06-2024 00:54:13.563Z;functions.bot_text_art;     | ||_|_   
06-06-2024 00:54:13.563Z;functions.bot_text_art;   |___||___|  
06-06-2024 00:54:13.563Z;functions.bot_text_art;               
06-06-2024 00:54:13.563Z;functions.open_RM;  OPEN PROGRAM RM
06-06-2024 00:54:31.781Z;functions.loggin_RM;  ENTRAR USER_NAME
06-06-2024 00:54:35.482Z;functions.loggin_RM;  ENTRAR PASSWORD
06-06-2024 00:54:37.078Z;functions.loggin_RM;  ENTRAR RM
06-06-2024 00:55:34.640Z;functions.enter_coligada;  CLICK CONTEXTO
06-06-2024 00:55:39.641Z;functions.enter_coligada;  CLICK ALTERAR MODULO DO CONTEXTO
06-06-2024 00:55:44.375Z;functions.enter_coligada;  INSERE O COLIGADA CODE = 1
06-06-2024 00:55:44.522Z;functions.enter_coligada;  APERTA TAB PARA PREENCHER O CAMPO COM A STRING: OCEANICA ENGENHARIA E CONSULTORIA S.A.
06-06-2024 00:55:47.734Z;functions.enter_coligada;  CLICK AVANÇAR NOVAMENTE
06-06-2024 00:55:49.766Z;functions.enter_coligada;  CLICK CONCLUIR
06-06-2024 00:57:23.625Z;functions.enter_coligada;  POP UP COLIGADA DESAPARECER
06-06-2024 00:57:24.609Z;functions.check_movimentacao_bancaria;  CLICK - TOTVS - LINHA RM
06-06-2024 00:57:26.421Z;functions.check_movimentacao_bancaria;  CLICK - BACK OFFICE
06-06-2024 00:57:29.109Z;functions.check_movimentacao_bancaria;  CLICK - GESTAO FINANCEIRA
06-06-2024 00:57:29.109Z;functions.obter_intervalo_data;  VERIFICANDO A HORA ATUAL 0
06-06-2024 00:57:29.156Z;functions.obter_intervalo_data;  Data Inicial FERIAS/RESCISAO antes da remoção: None
06-06-2024 00:57:29.156Z;functions.obter_intervalo_data;  Data Final FERIAS/RESCISAO antes da remoção: None
06-06-2024 00:57:29.156Z;functions.obter_intervalo_data;  Data Inicial FERIAS/RESCISAO após a remoção: None
06-06-2024 00:57:29.171Z;functions.obter_intervalo_data;  Data Final FERIAS/RESCISAO após a remoção: None
06-06-2024 00:57:29.171Z;functions.obter_intervalo_data;  hoje -  2024-06-06 00:57:29.171882
06-06-2024 00:57:29.171Z;functions.check_movimentacao_bancaria;  DATA INICIO 12-06-2024
06-06-2024 00:57:29.171Z;functions.check_movimentacao_bancaria;  DATA FIM 18-06-2024
06-06-2024 00:57:40.734Z;functions.movimentacao_bancaria;  CLICK NA ABA MOVIMENTAÇÃO BANCARIA
06-06-2024 00:57:43.140Z;functions.waitForImage;  IMAGEM BORDERO image found.
06-06-2024 00:57:45.276Z;functions.movimentacao_bancaria;  IMAGEM BORDERO CLICADA.
06-06-2024 00:57:55.827Z;functions.waitForImage;  LICENCAS EXCEDIDAS image not found.
06-06-2024 00:57:56.533Z;functions.movimentacao_bancaria;  ENCONTROU O FILTRO DA MOVIMENTAÇÃO BANCÁRIA
06-06-2024 00:57:56.578Z;functions.movimentacao_bancaria;  CLICA NA ABA SUPERIOR DO FILTRO
06-06-2024 00:58:00.790Z;functions.movimentacao_bancaria;  SELECIONA O FILTRO HOJE
06-06-2024 00:58:05.952Z;functions.waitForImage;  FILTER CLEAN image found.
06-06-2024 00:58:08.086Z;functions.filter_clean;  CLICK NO BOTÃO X DO LIMPA FILTRO
06-06-2024 00:58:08.296Z;functions.waitForImage;  FILTER CLEAN image found.
06-06-2024 00:58:10.430Z;functions.filter_clean;  CLICK NO BOTÃO X DO LIMPA FILTRO
06-06-2024 00:58:25.609Z;functions.waitForImage;  FILTER CLEAN image not found.
06-06-2024 00:58:43.350Z;functions.movimentacao_bancaria;  SEM PROCESSAMENTO DE BORDERO
06-06-2024 00:59:03.452Z;functions.waitForImage;  FILTER CLEAN image not found.
06-06-2024 00:59:19.030Z;functions.waitForImage;  FILTER CLEAN image not found.
06-06-2024 00:59:34.343Z;functions.waitForImage;  FILTER CLEAN image not found.
06-06-2024 01:00:05.624Z;functions.remessa_pagamento;  SEM REMESSA DE BORDERO AUTORIZADO
06-06-2024 01:00:06.639Z;functions.enter_contas_a_pagar;  CLICK - TOTVS - LINHA RM
06-06-2024 01:00:08.171Z;functions.enter_contas_a_pagar;  CLICK - BACK OFFICE
06-06-2024 01:00:09.108Z;functions.enter_contas_a_pagar;  CLICK - GESTAO FINANCEIRA
06-06-2024 01:00:16.577Z;functions.enter_contas_a_pagar;  CLICK - CONTAS A PAGAR
06-06-2024 01:00:17.546Z;functions.waitForImage;  LANÇAMENTOS image found.
06-06-2024 01:00:19.680Z;functions.enter_contas_a_pagar;  CLICA EM LANÇAMENTOS
06-06-2024 01:00:34.823Z;functions.waitForImage;  LICENCAS EXCEDIDAS image not found.
06-06-2024 01:00:34.823Z;functions.data_filter;  CLICK - SELECIONA A DATA DE QUARTA FEIRA E DA PROXIMA TERÇA
06-06-2024 01:00:34.824Z;functions.data_filter;  QUARTA-FEIRA: 12-06-2024
06-06-2024 01:00:34.824Z;functions.data_filter;  TERCA-FEIRA: 18-06-2024
06-06-2024 01:00:49.608Z;functions.data_filter;  CLICK - BUTÃO DE SELECAO DE FILTRO
06-06-2024 01:00:54.218Z;functions.data_filter;  INSERE - DATA DE QUARTA-FEIRA: 12-06-2024
06-06-2024 01:00:59.030Z;functions.data_filter;  INSERE - DATA DA PROX TERCA-FEIRA: 18-06-2024
06-06-2024 01:01:00.077Z;functions.data_filter;  CLICK - BUTÃO DE EXECUTAR O FILTRO
06-06-2024 01:01:15.671Z;functions.desmark_filter;  CLICK CHECKBOX LANÇAMENTOS A RECEBER
06-06-2024 01:01:18.233Z;functions.desmark_filter;  CLICK CHECKBOX LANÇAMENTOS BAIXADOS
06-06-2024 01:01:20.417Z;functions.desmark_filter;  CLICK CHECKBOX LANÇAMENTOS CANCELADOS
06-06-2024 01:01:23.046Z;functions.desmark_filter;  CLICK CHECKBOX LANÇAMENTOS FATURADOS
06-06-2024 01:01:26.104Z;functions.desmark_filter;  ATUALIZA O FILTRO
06-06-2024 01:01:26.327Z;functions.waitForImage;  FILTER CLEAN image found.
06-06-2024 01:01:28.444Z;functions.filter_clean;  CLICK NO BOTÃO X DO LIMPA FILTRO
06-06-2024 01:01:43.764Z;functions.waitForImage;  FILTER CLEAN image not found.
06-06-2024 01:01:59.077Z;functions.waitForImage;  FILTER CLEAN image not found.
06-06-2024 01:02:02.436Z;functions.tabela_vazia;  Texto extraido 1/27
06-06-2024 01:02:02.436Z;functions.tabela_vazia;  Count 27
06-06-2024 01:02:02.436Z;functions.tabela_vazia;  Type <class 'int'>
06-06-2024 01:02:02.452Z;functions.tabela_vazia;  TABELA CONTÉM REGISTROS
06-06-2024 01:02:03.858Z;functions.desbloqueio;  SELECIONA TODAS AS TUPLAS
06-06-2024 01:02:08.966Z;functions.desbloqueio;  CONTROL P PARA SELECIONAR PROCESSO
06-06-2024 01:02:14.186Z;functions.desbloqueio;  7 SETAS PARA BAIXO - MANUTENÇÃO DE LANÇAMENTO
06-06-2024 01:02:16.289Z;functions.desbloqueio;  SETA PARA DIREITA
06-06-2024 01:02:23.109Z;functions.desbloqueio;  8 SETAS PARA BAIXO
06-06-2024 01:02:25.212Z;functions.desbloqueio;  ENTER PARA SELECIONAR DESBLOQUEIO ALTERAÇÃO
06-06-2024 01:03:27.624Z;functions.exec_lancamentos;  CONTROL G
06-06-2024 01:03:33.517Z;functions.exec_lancamentos;  CLICK PARA APARECER CONTA/CAIXA
06-06-2024 01:03:34.923Z;functions.exec_lancamentos;  SELECIONA CONTA/CAIXA
06-06-2024 01:03:36.452Z;functions.exec_lancamentos;  CLICK NO BOTÃO [...]
06-06-2024 01:03:39.783Z;functions.exec_lancamentos;  CLICK NO CAMPO PESQUISA E DIGITA: %3212
06-06-2024 01:03:41.014Z;functions.exec_lancamentos;  CLICK NO BOTÃO DO FILTRO
06-06-2024 01:03:42.486Z;functions.exec_lancamentos;  CLICK NO BOTÃO OK
06-06-2024 01:03:43.795Z;functions.exec_lancamentos;  CLICK NO BOTÃO EXECUTAR
06-06-2024 01:04:15.686Z;functions.waitForImage;  PRESS BUTTON OK image not found.
06-06-2024 01:04:17.692Z;functions.process_lancamentos;  O PROCESSAMENTO DE LANÇAMENTO COM ERRO.
06-06-2024 01:04:27.449Z;functions.process_lancamentos;  ---------------------------
Timer de ociosidade expirado
---------------------------
A sessão esteve ociosa além do tempo limite.
O logoff será iniciado em 2 minutos.
Pressione qualquer tecla para continuar a sessão.
---------------------------
OK   
---------------------------

06-06-2024 01:04:39.983Z;functions.movimentacao_bancaria;  CLICK NA ABA MOVIMENTAÇÃO BANCARIA
06-06-2024 01:04:42.217Z;functions.waitForImage;  IMAGEM BORDERO image found.
06-06-2024 01:04:44.336Z;functions.movimentacao_bancaria;  IMAGEM BORDERO CLICADA.
06-06-2024 01:04:54.663Z;functions.waitForImage;  LICENCAS EXCEDIDAS image not found.
06-06-2024 01:04:55.389Z;functions.movimentacao_bancaria;  ENCONTROU O FILTRO DA MOVIMENTAÇÃO BANCÁRIA
06-06-2024 01:04:55.452Z;functions.movimentacao_bancaria;  CLICA NA ABA SUPERIOR DO FILTRO
06-06-2024 01:04:59.682Z;functions.movimentacao_bancaria;  SELECIONA O FILTRO HOJE
06-06-2024 01:05:02.061Z;functions.waitForImage;  FILTER CLEAN image found.
06-06-2024 01:05:04.209Z;functions.filter_clean;  CLICK NO BOTÃO X DO LIMPA FILTRO
06-06-2024 01:05:19.511Z;functions.waitForImage;  FILTER CLEAN image not found.
06-06-2024 01:05:34.862Z;functions.waitForImage;  FILTER CLEAN image not found.
06-06-2024 01:05:52.405Z;functions.movimentacao_bancaria;  SEM PROCESSAMENTO DE BORDERO
