06-06-2024 17:11:29.524Z;functions.bot_text_art;      ____   
06-06-2024 17:11:29.524Z;functions.bot_text_art;     [____]    
06-06-2024 17:11:29.524Z;functions.bot_text_art;   |=]()()[=|  
06-06-2024 17:11:29.524Z;functions.bot_text_art;     _\==/__    _____    ____     _        _____    ___   _  __
06-06-2024 17:11:29.524Z;functions.bot_text_art;   |__|   |_|  |  _  \  / ___|   | |      |_   _| / ___| | |/ /
06-06-2024 17:11:29.524Z;functions.bot_text_art;   |_|_/\_|_|  | |  | | | |      | |        | |   | |    | ' / 
06-06-2024 17:11:29.524Z;functions.bot_text_art;   | | __ | |  | |  | | | |      | |        | |   | |    |  <  
06-06-2024 17:11:29.524Z;functions.bot_text_art;   |_|[  ]|_|  | |__| | | |____  | |____   _| |_  | |__  | . \ 
06-06-2024 17:11:29.524Z;functions.bot_text_art;   \_|_||_|_/  |_____/   \_____| |______| |_____| \ ___| |_|\_\
06-06-2024 17:11:29.539Z;functions.bot_text_art;     |_||_|                                                     
06-06-2024 17:11:29.539Z;functions.bot_text_art;     | ||_|_   
06-06-2024 17:11:29.543Z;functions.bot_text_art;   |___||___|  
06-06-2024 17:11:29.545Z;functions.bot_text_art;               
06-06-2024 17:11:29.557Z;functions.open_RM;  OPEN PROGRAM RM
06-06-2024 17:11:43.587Z;functions.loggin_RM;  ENTRAR USER_NAME
06-06-2024 17:11:47.305Z;functions.loggin_RM;  ENTRAR PASSWORD
06-06-2024 17:11:48.789Z;functions.loggin_RM;  ENTRAR RM
06-06-2024 17:12:20.789Z;functions.enter_coligada;  CLICK CONTEXTO
06-06-2024 17:12:25.820Z;functions.enter_coligada;  CLICK ALTERAR MODULO DO CONTEXTO
06-06-2024 17:12:29.461Z;functions.enter_coligada;  INSERE O COLIGADA CODE = 1
06-06-2024 17:12:29.643Z;functions.enter_coligada;  APERTA TAB PARA PREENCHER O CAMPO COM A STRING: OCEANICA ENGENHARIA E CONSULTORIA S.A.
06-06-2024 17:12:31.068Z;functions.enter_coligada;  CLICK AVANÇAR NOVAMENTE
06-06-2024 17:12:32.383Z;functions.enter_coligada;  CLICK CONCLUIR
06-06-2024 17:13:49.054Z;functions.enter_coligada;  POP UP COLIGADA DESAPARECER
06-06-2024 17:13:49.914Z;functions.check_movimentacao_bancaria;  CLICK - TOTVS - LINHA RM
06-06-2024 17:13:51.695Z;functions.check_movimentacao_bancaria;  CLICK - BACK OFFICE
06-06-2024 17:13:54.414Z;functions.check_movimentacao_bancaria;  CLICK - GESTAO FINANCEIRA
06-06-2024 17:13:54.414Z;functions.obter_intervalo_data;  VERIFICANDO A HORA ATUAL 17
06-06-2024 17:13:54.458Z;functions.obter_intervalo_data;  Data Inicial FERIAS/RESCISAO antes da remoção: None
06-06-2024 17:13:54.458Z;functions.obter_intervalo_data;  Data Final FERIAS/RESCISAO antes da remoção: None
06-06-2024 17:13:54.470Z;functions.obter_intervalo_data;  Data Inicial FERIAS/RESCISAO após a remoção: None
06-06-2024 17:13:54.471Z;functions.obter_intervalo_data;  Data Final FERIAS/RESCISAO após a remoção: None
06-06-2024 17:13:54.472Z;functions.obter_intervalo_data;  hoje -  2024-06-06 17:13:54.472116
06-06-2024 17:13:54.473Z;functions.check_movimentacao_bancaria;  DATA INICIO 12-06-2024
06-06-2024 17:13:54.474Z;functions.check_movimentacao_bancaria;  DATA FIM 18-06-2024
06-06-2024 17:14:01.195Z;functions.movimentacao_bancaria;  CLICK NA ABA MOVIMENTAÇÃO BANCARIA
06-06-2024 17:14:03.461Z;functions.waitForImage;  IMAGEM BORDERO image found.
06-06-2024 17:14:05.578Z;functions.movimentacao_bancaria;  IMAGEM BORDERO CLICADA.
06-06-2024 17:14:15.976Z;functions.waitForImage;  LICENCAS EXCEDIDAS image not found.
06-06-2024 17:14:16.695Z;functions.movimentacao_bancaria;  ENCONTROU O FILTRO DA MOVIMENTAÇÃO BANCÁRIA
06-06-2024 17:14:16.760Z;functions.movimentacao_bancaria;  CLICA NA ABA SUPERIOR DO FILTRO
06-06-2024 17:14:21.004Z;functions.movimentacao_bancaria;  SELECIONA O FILTRO HOJE
06-06-2024 17:14:24.679Z;functions.waitForImage;  FILTER CLEAN image found.
06-06-2024 17:14:26.797Z;functions.filter_clean;  CLICK NO BOTÃO X DO LIMPA FILTRO
06-06-2024 17:14:42.117Z;functions.waitForImage;  FILTER CLEAN image not found.
06-06-2024 17:14:57.382Z;functions.waitForImage;  FILTER CLEAN image not found.
06-06-2024 17:15:00.913Z;functions.movimentacao_bancaria;  CLICK NA PRIMEIRA LINHA DA TABELA MOVIMENTAÇÃO BANCÁRIA
06-06-2024 17:15:02.285Z;functions.movimentacao_bancaria;  12 PASSOS PARA DIREITA NA TABELA >>
06-06-2024 17:15:04.570Z;functions.movimentacao_bancaria;  HOVER FILTER
06-06-2024 17:15:05.153Z;functions.movimentacao_bancaria;  CLICK FILTER
06-06-2024 17:15:09.468Z;functions.movimentacao_bancaria;  CLICK NO FILTRO  STATUS DA REMESSA
06-06-2024 17:15:11.573Z;functions.movimentacao_bancaria;  APERTA TAB PARA ESCREVER O FILTRO
06-06-2024 17:15:13.679Z;functions.movimentacao_bancaria;  ESCREVE PENDENTE NO FILTRO
06-06-2024 17:15:15.782Z;functions.movimentacao_bancaria;  APERTA ENTER PARA SELECIONAR OS PENDENTES
06-06-2024 17:15:33.304Z;functions.movimentacao_bancaria;  SEM PROCESSAMENTO DE BORDERO PENDENTE.
06-06-2024 17:15:38.507Z;functions.waitForImage;  FILTER CLEAN image found.
06-06-2024 17:15:40.640Z;functions.filter_clean;  CLICK NO BOTÃO X DO LIMPA FILTRO
06-06-2024 17:15:56.007Z;functions.waitForImage;  FILTER CLEAN image not found.
06-06-2024 17:16:11.366Z;functions.waitForImage;  FILTER CLEAN image not found.
06-06-2024 17:16:13.257Z;functions.remessa_pagamento;  CLICK NA PRIMEIRA LINHA DA TABELA MOVIMENTAÇÃO BANCÁRIA
06-06-2024 17:16:15.710Z;functions.remessa_pagamento;  HOVER FILTER
06-06-2024 17:16:16.309Z;functions.remessa_pagamento;  CLICK FILTER
06-06-2024 17:16:20.623Z;functions.remessa_pagamento;  CLICK NO FILTRO  STATUS DA REMESSA
06-06-2024 17:16:22.726Z;functions.remessa_pagamento;  APERTA TAB PARA ESCREVER O FILTRO
06-06-2024 17:16:24.833Z;functions.remessa_pagamento;  ESCREVE AUTORIZADO NO FILTRO
06-06-2024 17:16:26.937Z;functions.remessa_pagamento;  APERTA ENTER PARA SELECIONAR OS AUTORIZADO
06-06-2024 17:16:47.507Z;functions.remessa_pagamento;  SEM REMESSA DE BORDERO AUTORIZADO
06-06-2024 17:16:48.475Z;functions.enter_contas_a_pagar;  CLICK - TOTVS - LINHA RM
06-06-2024 17:16:49.949Z;functions.enter_contas_a_pagar;  CLICK - BACK OFFICE
06-06-2024 17:16:50.882Z;functions.enter_contas_a_pagar;  CLICK - GESTAO FINANCEIRA
06-06-2024 17:16:57.850Z;functions.enter_contas_a_pagar;  CLICK - CONTAS A PAGAR
06-06-2024 17:16:58.819Z;functions.waitForImage;  LANÇAMENTOS image found.
06-06-2024 17:17:00.952Z;functions.enter_contas_a_pagar;  CLICA EM LANÇAMENTOS
06-06-2024 17:17:16.053Z;functions.waitForImage;  LICENCAS EXCEDIDAS image not found.
06-06-2024 17:17:16.053Z;functions.data_filter;  CLICK - SELECIONA A DATA DE QUARTA FEIRA E DA PROXIMA TERÇA
06-06-2024 17:17:16.053Z;functions.data_filter;  QUARTA-FEIRA: 12-06-2024
06-06-2024 17:17:16.053Z;functions.data_filter;  TERCA-FEIRA: 18-06-2024
06-06-2024 17:17:29.381Z;functions.data_filter;  CLICK - BUTÃO DE SELECAO DE FILTRO
06-06-2024 17:17:33.819Z;functions.data_filter;  INSERE - DATA DE QUARTA-FEIRA: 12-06-2024
06-06-2024 17:17:37.990Z;functions.data_filter;  INSERE - DATA DA PROX TERCA-FEIRA: 18-06-2024
06-06-2024 17:17:38.850Z;functions.data_filter;  CLICK - BUTÃO DE EXECUTAR O FILTRO
06-06-2024 17:17:46.225Z;functions.desmark_filter;  CLICK CHECKBOX LANÇAMENTOS A RECEBER
06-06-2024 17:17:48.850Z;functions.desmark_filter;  CLICK CHECKBOX LANÇAMENTOS BAIXADOS
06-06-2024 17:17:51.631Z;functions.desmark_filter;  CLICK CHECKBOX LANÇAMENTOS CANCELADOS
06-06-2024 17:17:54.662Z;functions.desmark_filter;  CLICK CHECKBOX LANÇAMENTOS FATURADOS
06-06-2024 17:17:57.819Z;functions.desmark_filter;  ATUALIZA O FILTRO
06-06-2024 17:18:13.209Z;functions.waitForImage;  FILTER CLEAN image not found.
06-06-2024 17:18:28.642Z;functions.waitForImage;  FILTER CLEAN image not found.
