11-05-2024 06:00:10.098Z;functions.bot_text_art;      ____   
11-05-2024 06:00:10.098Z;functions.bot_text_art;     [____]    
11-05-2024 06:00:10.098Z;functions.bot_text_art;   |=]()()[=|  
11-05-2024 06:00:10.098Z;functions.bot_text_art;     _\==/__    _____    ____     _        _____    ___   _  __
11-05-2024 06:00:10.098Z;functions.bot_text_art;   |__|   |_|  |  _  \  / ___|   | |      |_   _| / ___| | |/ /
11-05-2024 06:00:10.098Z;functions.bot_text_art;   |_|_/\_|_|  | |  | | | |      | |        | |   | |    | ' / 
11-05-2024 06:00:10.098Z;functions.bot_text_art;   | | __ | |  | |  | | | |      | |        | |   | |    |  <  
11-05-2024 06:00:10.098Z;functions.bot_text_art;   |_|[  ]|_|  | |__| | | |____  | |____   _| |_  | |__  | . \ 
11-05-2024 06:00:10.098Z;functions.bot_text_art;   \_|_||_|_/  |_____/   \_____| |______| |_____| \ ___| |_|\_\
11-05-2024 06:00:10.098Z;functions.bot_text_art;     |_||_|                                                     
11-05-2024 06:00:10.098Z;functions.bot_text_art;     | ||_|_   
11-05-2024 06:00:10.098Z;functions.bot_text_art;   |___||___|  
11-05-2024 06:00:10.098Z;functions.bot_text_art;               
11-05-2024 06:00:10.098Z;functions.open_RM;  OPEN PROGRAM RM
11-05-2024 06:00:19.066Z;functions.loggin_RM;  ENTRAR USER_NAME
11-05-2024 06:00:21.878Z;functions.loggin_RM;  ENTRAR PASSWORD
11-05-2024 06:00:22.535Z;functions.loggin_RM;  ENTRAR RM
11-05-2024 06:00:44.137Z;functions.enter_coligada;  CLICK CONTEXTO
11-05-2024 06:00:48.069Z;functions.enter_coligada;  CLICK ALTERAR MODULO DO CONTEXTO
11-05-2024 06:00:50.489Z;functions.enter_coligada;  INSERE O COLIGADA CODE = 1
11-05-2024 06:00:50.591Z;functions.enter_coligada;  APERTA TAB PARA PREENCHER O CAMPO COM A STRING: OCEANICA ENGENHARIA E CONSULTORIA S.A.
11-05-2024 06:00:51.535Z;functions.enter_coligada;  CLICK AVANÇAR NOVAMENTE
11-05-2024 06:00:52.398Z;functions.enter_coligada;  CLICK CONCLUIR
11-05-2024 06:01:02.801Z;functions.enter_coligada;  POP UP COLIGADA DESAPARECER
11-05-2024 06:01:03.411Z;functions.check_movimentacao_bancaria;  CLICK - TOTVS - LINHA RM
11-05-2024 06:01:04.441Z;functions.check_movimentacao_bancaria;  CLICK - BACK OFFICE
11-05-2024 06:01:06.722Z;functions.check_movimentacao_bancaria;  CLICK - GESTAO FINANCEIRA
11-05-2024 06:01:11.847Z;functions.movimentacao_bancaria;  CLICK NA ABA MOVIMENTAÇÃO BANCARIA
11-05-2024 06:01:13.973Z;functions.waitForImage;  IMAGEM BORDERO image found.
11-05-2024 06:01:16.097Z;functions.movimentacao_bancaria;  IMAGEM BORDERO CLICADA.
11-05-2024 06:01:26.544Z;functions.waitForImage;  LICENCAS EXCEDIDAS image not found.
11-05-2024 06:01:27.107Z;functions.movimentacao_bancaria;  ENCONTROU O FILTRO DA MOVIMENTAÇÃO BANCÁRIA
11-05-2024 06:01:27.138Z;functions.movimentacao_bancaria;  CLICA NA ABA SUPERIOR DO FILTRO
11-05-2024 06:01:31.343Z;functions.movimentacao_bancaria;  SELECIONA O FILTRO HOJE
11-05-2024 06:01:33.311Z;functions.waitForImage;  FILTER CLEAN image found.
11-05-2024 06:01:35.430Z;functions.filter_clean;  CLICK NO BOTÃO X DO LIMPA FILTRO
11-05-2024 06:01:50.507Z;functions.waitForImage;  FILTER CLEAN image not found.
11-05-2024 06:02:05.579Z;functions.waitForImage;  FILTER CLEAN image not found.
11-05-2024 06:02:23.535Z;functions.movimentacao_bancaria;  SEM PROCESSAMENTO DE BORDERO
11-05-2024 06:02:44.145Z;functions.waitForImage;  FILTER CLEAN image not found.
11-05-2024 06:02:59.145Z;functions.waitForImage;  FILTER CLEAN image not found.
11-05-2024 06:03:14.161Z;functions.waitForImage;  FILTER CLEAN image not found.
11-05-2024 06:03:45.988Z;functions.remessa_pagamento;  SEM REMESSA DE BORDERO AUTORIZADO
11-05-2024 06:03:46.582Z;functions.enter_contas_a_pagar;  CLICK - TOTVS - LINHA RM
11-05-2024 06:03:47.535Z;functions.enter_contas_a_pagar;  CLICK - BACK OFFICE
11-05-2024 06:03:48.229Z;functions.enter_contas_a_pagar;  CLICK - GESTAO FINANCEIRA
11-05-2024 06:03:53.620Z;functions.enter_contas_a_pagar;  CLICK - CONTAS A PAGAR
11-05-2024 06:03:53.725Z;functions.waitForImage;  LANÇAMENTOS image found.
11-05-2024 06:03:55.843Z;functions.enter_contas_a_pagar;  CLICA EM LANÇAMENTOS
11-05-2024 06:04:11.158Z;functions.waitForImage;  LICENCAS EXCEDIDAS image not found.
11-05-2024 06:04:11.158Z;functions.obter_intervalo_data;  VERIFICANDO A HORA ATUAL 6
11-05-2024 06:04:11.158Z;functions.obter_intervalo_data;  Data Inicial FERIAS/RESCISAO antes da remoção: None
11-05-2024 06:04:11.158Z;functions.obter_intervalo_data;  Data Final FERIAS/RESCISAO antes da remoção: None
11-05-2024 06:04:11.158Z;functions.obter_intervalo_data;  Data Inicial FERIAS/RESCISAO após a remoção: None
11-05-2024 06:04:11.158Z;functions.obter_intervalo_data;  Data Final FERIAS/RESCISAO após a remoção: None
11-05-2024 06:04:11.158Z;functions.obter_intervalo_data;  hoje -  2024-05-11 06:04:11.158187
11-05-2024 06:04:11.158Z;functions.data_filter;  DATA INICIO 15-05-2024
11-05-2024 06:04:11.158Z;functions.data_filter;  DATA FIM 21-05-2024
11-05-2024 06:04:11.158Z;functions.data_filter;  CLICK - SELECIONA A DATA DE QUARTA FEIRA E DA PROXIMA TERÇA
11-05-2024 06:04:11.158Z;functions.data_filter;  QUARTA-FEIRA: 15-05-2024
11-05-2024 06:04:11.158Z;functions.data_filter;  TERCA-FEIRA: 21-05-2024
11-05-2024 06:04:23.332Z;functions.data_filter;  CLICK - BUTÃO DE SELECAO DE FILTRO
11-05-2024 06:04:27.051Z;functions.data_filter;  INSERE - DATA DE QUARTA-FEIRA: 15-05-2024
11-05-2024 06:04:30.505Z;functions.data_filter;  INSERE - DATA DA PROX TERCA-FEIRA: 21-05-2024
11-05-2024 06:04:31.115Z;functions.data_filter;  CLICK - BUTÃO DE EXECUTAR O FILTRO
11-05-2024 06:04:36.863Z;functions.desmark_filter;  CLICK CHECKBOX LANÇAMENTOS A RECEBER
11-05-2024 06:04:37.645Z;functions.desmark_filter;  CLICK CHECKBOX LANÇAMENTOS BAIXADOS
11-05-2024 06:04:38.458Z;functions.desmark_filter;  CLICK CHECKBOX LANÇAMENTOS CANCELADOS
11-05-2024 06:04:39.316Z;functions.desmark_filter;  CLICK CHECKBOX LANÇAMENTOS FATURADOS
11-05-2024 06:04:40.441Z;functions.desmark_filter;  ATUALIZA O FILTRO
11-05-2024 06:04:40.591Z;functions.waitForImage;  FILTER CLEAN image found.
11-05-2024 06:04:42.709Z;functions.filter_clean;  CLICK NO BOTÃO X DO LIMPA FILTRO
11-05-2024 06:04:58.304Z;functions.waitForImage;  FILTER CLEAN image not found.
11-05-2024 06:05:13.358Z;functions.waitForImage;  FILTER CLEAN image not found.
11-05-2024 06:05:14.254Z;functions.tabela_vazia;  Texto extraido 0/0
11-05-2024 06:05:14.254Z;functions.tabela_vazia;  Count 0
11-05-2024 06:05:14.254Z;functions.tabela_vazia;  Type <class 'int'>
11-05-2024 06:05:16.266Z;functions.tabela_vazia;  SEM REMESSA DE FÉRIAS/RESCISÃO
11-05-2024 06:05:18.267Z;main.<module>;  SEM REMESSA DE FÉRIAS/RESCISÃO
11-05-2024 06:05:19.770Z;errorhandler.__handle;  Property: Unknown Property name. [1:203: -ms-interpolation-mode]
11-05-2024 06:05:19.770Z;errorhandler.__handle;  Property: Unknown Property name. [1:353: -webkit-font-smoothing]
11-05-2024 06:05:19.786Z;errorhandler.__handle;  Property: Unknown Property name. [1:483: -ms-text-size-adjust]
11-05-2024 06:05:19.786Z;errorhandler.__handle;  Property: Unknown Property name. [1:518: -webkit-text-size-adjust]
11-05-2024 06:05:19.786Z;errorhandler.__handle;  Property: Unknown Property name. [1:612: mso-table-lspace]
11-05-2024 06:05:19.786Z;errorhandler.__handle;  Property: Unknown Property name. [1:642: mso-table-rspace]
11-05-2024 06:05:19.832Z;errorhandler.__handle;  Property: Unknown Property name. [1:4734: mso-hide]
11-05-2024 06:05:19.848Z;errorhandler.__handle;  Property: Unknown Property name. [1:13: -ms-interpolation-mode]
11-05-2024 06:05:19.848Z;errorhandler.__handle;  Property: Unknown Property name. [1:49: -webkit-font-smoothing]
11-05-2024 06:05:19.848Z;errorhandler.__handle;  Property: Unknown Property name. [1:134: -ms-text-size-adjust]
11-05-2024 06:05:19.848Z;errorhandler.__handle;  Property: Unknown Property name. [1:160: -webkit-text-size-adjust]
11-05-2024 06:05:19.848Z;errorhandler.__handle;  Property: Unknown Property name. [1:26: mso-table-lspace]
11-05-2024 06:05:19.848Z;errorhandler.__handle;  Property: Unknown Property name. [1:45: mso-table-rspace]
11-05-2024 06:05:19.864Z;errorhandler.__handle;  Property: Unknown Property name. [1:92: mso-hide]
11-05-2024 06:05:19.864Z;errorhandler.__handle;  Property: No ":" after name found: align-center [1:1: align-center]
11-05-2024 06:05:19.864Z;errorhandler.__handle;  Property: No property value found: align-center [1:1: align-center]
11-05-2024 06:05:19.864Z;errorhandler.__handle;  CSSStyleDeclaration: Syntax Error in Property: align-center
11-05-2024 06:05:19.864Z;errorhandler.__handle;  Property: Unknown Property name. [1:14: -ms-interpolation-mode]
11-05-2024 06:05:22.270Z;functions.emailFinalizado;  Finalizado e-mail sent.
11-05-2024 06:05:22.356Z;functions.encerra_prog;  RM ENCERRADO
