05-02-2024 09:57:19.750Z;functions.bot_text_art;      ____   
05-02-2024 09:57:19.750Z;functions.bot_text_art;     [____]    
05-02-2024 09:57:19.750Z;functions.bot_text_art;   |=]()()[=|  
05-02-2024 09:57:19.750Z;functions.bot_text_art;     _\==/__    _____    ____     _        _____    ___   _  __
05-02-2024 09:57:19.750Z;functions.bot_text_art;   |__|   |_|  |  _  \  / ___|   | |      |_   _| / ___| | |/ /
05-02-2024 09:57:19.750Z;functions.bot_text_art;   |_|_/\_|_|  | |  | | | |      | |        | |   | |    | ' / 
05-02-2024 09:57:19.750Z;functions.bot_text_art;   | | __ | |  | |  | | | |      | |        | |   | |    |  <  
05-02-2024 09:57:19.750Z;functions.bot_text_art;   |_|[  ]|_|  | |__| | | |____  | |____   _| |_  | |__  | . \ 
05-02-2024 09:57:19.750Z;functions.bot_text_art;   \_|_||_|_/  |_____/   \_____| |______| |_____| \ ___| |_|\_\
05-02-2024 09:57:19.750Z;functions.bot_text_art;     |_||_|                                                     
05-02-2024 09:57:19.750Z;functions.bot_text_art;     | ||_|_   
05-02-2024 09:57:19.750Z;functions.bot_text_art;   |___||___|  
05-02-2024 09:57:19.750Z;functions.bot_text_art;               
05-02-2024 09:57:19.750Z;functions.open_RM;  OPEN PROGRAM RM
05-02-2024 09:57:26.438Z;functions.loggin_RM;  ENTRAR USER_NAME
05-02-2024 09:57:27.281Z;functions.loggin_RM;  ENTRAR PASSWORD
05-02-2024 09:57:27.978Z;functions.loggin_RM;  ENTRAR RM
05-02-2024 09:57:52.735Z;functions.enter_coligada;  CLICK CONTEXTO
05-02-2024 09:57:56.641Z;functions.enter_coligada;  CLICK COLIGADA 1
05-02-2024 09:57:58.018Z;functions.enter_coligada;  CLICK AVANÇAR
05-02-2024 09:57:59.594Z;functions.enter_coligada;  INSERE O COLIGADA CODE = 1
05-02-2024 09:57:59.695Z;functions.enter_coligada;  APERTA TAB PARA PREENCHER O CAMPO COM A STRING: OCEANICA ENGENHARIA E CONSULTORIA S.A.
05-02-2024 09:58:00.516Z;functions.enter_coligada;  CLICK AVANÇAR NOVAMENTE
05-02-2024 09:58:01.329Z;functions.enter_coligada;  CLICK CONCLUIR
05-02-2024 09:58:11.094Z;functions.enter_coligada;  POP UP COLIGADA DESAPARECER
05-02-2024 09:58:11.704Z;functions.enter_contas_a_pagar;  CLICK - TOTVS - LINHA RM
05-02-2024 09:58:12.798Z;functions.enter_contas_a_pagar;  CLICK - BACK OFFICE
05-02-2024 09:58:13.516Z;functions.enter_contas_a_pagar;  CLICK - GESTAO FINANCEIRA
05-02-2024 09:58:18.797Z;functions.enter_contas_a_pagar;  CLICK - CONTAS A PAGAR
05-02-2024 09:58:18.938Z;functions.waitForImage;  LANÇAMENTOS image found.
05-02-2024 09:58:21.049Z;functions.enter_contas_a_pagar;  CLICA EM LANÇAMENTOS
05-02-2024 09:58:26.188Z;functions.waitForImage;  LICENCAS EXCEDIDAS image found.
05-02-2024 09:58:26.188Z;functions.enter_contas_a_pagar;  LICENCAS EXCEDIDAS
05-02-2024 09:58:26.188Z;functions.enter_contas_a_pagar;  TENTANDO NOVAMENTE - 1
