17-04-2024 06:00:13.772Z;functions.bot_text_art;      ____   
17-04-2024 06:00:13.772Z;functions.bot_text_art;     [____]    
17-04-2024 06:00:13.772Z;functions.bot_text_art;   |=]()()[=|  
17-04-2024 06:00:13.772Z;functions.bot_text_art;     _\==/__    _____    ____     _        _____    ___   _  __
17-04-2024 06:00:13.772Z;functions.bot_text_art;   |__|   |_|  |  _  \  / ___|   | |      |_   _| / ___| | |/ /
17-04-2024 06:00:13.772Z;functions.bot_text_art;   |_|_/\_|_|  | |  | | | |      | |        | |   | |    | ' / 
17-04-2024 06:00:13.772Z;functions.bot_text_art;   | | __ | |  | |  | | | |      | |        | |   | |    |  <  
17-04-2024 06:00:13.772Z;functions.bot_text_art;   |_|[  ]|_|  | |__| | | |____  | |____   _| |_  | |__  | . \ 
17-04-2024 06:00:13.772Z;functions.bot_text_art;   \_|_||_|_/  |_____/   \_____| |______| |_____| \ ___| |_|\_\
17-04-2024 06:00:13.772Z;functions.bot_text_art;     |_||_|                                                     
17-04-2024 06:00:13.772Z;functions.bot_text_art;     | ||_|_   
17-04-2024 06:00:13.772Z;functions.bot_text_art;   |___||___|  
17-04-2024 06:00:13.772Z;functions.bot_text_art;               
17-04-2024 06:00:13.788Z;functions.open_RM;  OPEN PROGRAM RM
17-04-2024 06:00:23.004Z;functions.loggin_RM;  ENTRAR USER_NAME
17-04-2024 06:00:25.819Z;functions.loggin_RM;  ENTRAR PASSWORD
17-04-2024 06:00:26.476Z;functions.loggin_RM;  ENTRAR RM
17-04-2024 06:00:54.304Z;functions.enter_coligada;  CLICK CONTEXTO
17-04-2024 06:00:58.179Z;functions.enter_coligada;  CLICK ALTERAR MODULO DO CONTEXTO
17-04-2024 06:01:00.419Z;functions.enter_coligada;  INSERE O COLIGADA CODE = 1
17-04-2024 06:01:00.521Z;functions.enter_coligada;  APERTA TAB PARA PREENCHER O CAMPO COM A STRING: OCEANICA ENGENHARIA E CONSULTORIA S.A.
17-04-2024 06:01:01.304Z;functions.enter_coligada;  CLICK AVANÇAR NOVAMENTE
17-04-2024 06:01:02.069Z;functions.enter_coligada;  CLICK CONCLUIR
17-04-2024 06:01:11.023Z;functions.enter_coligada;  POP UP COLIGADA DESAPARECER
17-04-2024 06:01:11.600Z;functions.check_movimentacao_bancaria;  CLICK - TOTVS - LINHA RM
17-04-2024 06:01:12.633Z;functions.check_movimentacao_bancaria;  CLICK - BACK OFFICE
17-04-2024 06:01:14.898Z;functions.check_movimentacao_bancaria;  CLICK - GESTAO FINANCEIRA
17-04-2024 06:01:17.100Z;functions.movimentacao_bancaria;  CLICK NA ABA MOVIMENTAÇÃO BANCARIA
17-04-2024 06:01:19.696Z;functions.waitForImage;  IMAGEM BORDERO image found.
17-04-2024 06:01:21.815Z;functions.movimentacao_bancaria;  IMAGEM BORDERO CLICADA.
17-04-2024 06:01:32.263Z;functions.waitForImage;  LICENCAS EXCEDIDAS image not found.
17-04-2024 06:01:32.857Z;functions.movimentacao_bancaria;  ENCONTROU O FILTRO DA MOVIMENTAÇÃO BANCÁRIA
17-04-2024 06:01:32.872Z;functions.movimentacao_bancaria;  CLICA NA ABA SUPERIOR DO FILTRO
17-04-2024 06:01:37.077Z;functions.movimentacao_bancaria;  SELECIONA O FILTRO HOJE
17-04-2024 06:01:39.749Z;functions.waitForImage;  FILTER CLEAN image found.
17-04-2024 06:01:41.877Z;functions.filter_clean;  CLICK NO BOTÃO X DO LIMPA FILTRO
17-04-2024 06:01:57.492Z;functions.waitForImage;  FILTER CLEAN image not found.
17-04-2024 06:02:12.504Z;functions.waitForImage;  FILTER CLEAN image not found.
17-04-2024 06:02:15.258Z;functions.movimentacao_bancaria;  CLICK NA PRIMEIRA LINHA DA TABELA MOVIMENTAÇÃO BANCÁRIA
17-04-2024 06:02:16.468Z;functions.movimentacao_bancaria;  12 PASSOS PARA DIREITA NA TABELA >>
17-04-2024 06:02:17.702Z;functions.movimentacao_bancaria;  HOVER FILTER
17-04-2024 06:02:18.054Z;functions.movimentacao_bancaria;  CLICK FILTER
17-04-2024 06:02:22.362Z;functions.movimentacao_bancaria;  CLICK NO FILTRO  STATUS DA REMESSA
17-04-2024 06:02:24.463Z;functions.movimentacao_bancaria;  APERTA TAB PARA ESCREVER O FILTRO
17-04-2024 06:02:26.568Z;functions.movimentacao_bancaria;  ESCREVE PENDENTE NO FILTRO
17-04-2024 06:02:28.669Z;functions.movimentacao_bancaria;  APERTA ENTER PARA SELECIONAR OS PENDENTES
17-04-2024 06:02:46.571Z;functions.movimentacao_bancaria;  SEM PROCESSAMENTO DE BORDERO PENDENTE.
17-04-2024 06:02:51.681Z;functions.waitForImage;  FILTER CLEAN image found.
17-04-2024 06:02:53.810Z;functions.filter_clean;  CLICK NO BOTÃO X DO LIMPA FILTRO
17-04-2024 06:03:09.405Z;functions.waitForImage;  FILTER CLEAN image not found.
17-04-2024 06:03:25.018Z;functions.waitForImage;  FILTER CLEAN image not found.
17-04-2024 06:03:25.791Z;functions.remessa_pagamento;  CLICK NA PRIMEIRA LINHA DA TABELA MOVIMENTAÇÃO BANCÁRIA
17-04-2024 06:03:27.041Z;functions.remessa_pagamento;  HOVER FILTER
17-04-2024 06:03:27.322Z;functions.remessa_pagamento;  CLICK FILTER
17-04-2024 06:03:31.634Z;functions.remessa_pagamento;  CLICK NO FILTRO  STATUS DA REMESSA
17-04-2024 06:03:33.735Z;functions.remessa_pagamento;  APERTA TAB PARA ESCREVER O FILTRO
17-04-2024 06:03:35.842Z;functions.remessa_pagamento;  ESCREVE AUTORIZADO NO FILTRO
17-04-2024 06:03:37.944Z;functions.remessa_pagamento;  APERTA ENTER PARA SELECIONAR OS AUTORIZADO
17-04-2024 06:03:55.900Z;functions.remessa_pagamento;  SEM REMESSA DE BORDERO AUTORIZADO
17-04-2024 06:03:56.494Z;functions.enter_contas_a_pagar;  CLICK - TOTVS - LINHA RM
17-04-2024 06:03:57.400Z;functions.enter_contas_a_pagar;  CLICK - BACK OFFICE
17-04-2024 06:03:58.064Z;functions.enter_contas_a_pagar;  CLICK - GESTAO FINANCEIRA
17-04-2024 06:04:05.338Z;functions.enter_contas_a_pagar;  CLICK - CONTAS A PAGAR
17-04-2024 06:04:05.485Z;functions.waitForImage;  LANÇAMENTOS image found.
17-04-2024 06:04:07.615Z;functions.enter_contas_a_pagar;  CLICA EM LANÇAMENTOS
17-04-2024 06:04:23.050Z;functions.waitForImage;  LICENCAS EXCEDIDAS image not found.
17-04-2024 06:04:23.050Z;functions.obter_intervalo_data;  VERIFICANDO A HORA ATUAL 6
17-04-2024 06:04:23.059Z;functions.obter_intervalo_data;  Data Inicial FERIAS/RESCISAO antes da remoção: None
17-04-2024 06:04:23.059Z;functions.obter_intervalo_data;  Data Final FERIAS/RESCISAO antes da remoção: None
17-04-2024 06:04:23.060Z;functions.obter_intervalo_data;  Data Inicial FERIAS/RESCISAO após a remoção: None
17-04-2024 06:04:23.060Z;functions.obter_intervalo_data;  Data Final FERIAS/RESCISAO após a remoção: None
17-04-2024 06:04:23.060Z;functions.obter_intervalo_data;  hoje -  2024-04-17 06:04:23.060756
17-04-2024 06:04:23.061Z;functions.data_filter;  DATA INICIO 24-04-2024
17-04-2024 06:04:23.061Z;functions.data_filter;  DATA FIM 30-04-2024
17-04-2024 06:04:23.061Z;functions.data_filter;  CLICK - SELECIONA A DATA DE QUARTA FEIRA E DA PROXIMA TERÇA
17-04-2024 06:04:23.061Z;functions.data_filter;  QUARTA-FEIRA: 24-04-2024
17-04-2024 06:04:23.061Z;functions.data_filter;  TERCA-FEIRA: 30-04-2024
17-04-2024 06:04:35.245Z;functions.data_filter;  CLICK - BUTÃO DE SELECAO DE FILTRO
17-04-2024 06:04:38.978Z;functions.data_filter;  INSERE - DATA DE QUARTA-FEIRA: 24-04-2024
17-04-2024 06:04:42.432Z;functions.data_filter;  INSERE - DATA DA PROX TERCA-FEIRA: 30-04-2024
17-04-2024 06:04:43.063Z;functions.data_filter;  CLICK - BUTÃO DE EXECUTAR O FILTRO
17-04-2024 06:04:48.822Z;functions.desmark_filter;  CLICK CHECKBOX LANÇAMENTOS A RECEBER
17-04-2024 06:04:49.603Z;functions.desmark_filter;  CLICK CHECKBOX LANÇAMENTOS BAIXADOS
17-04-2024 06:04:50.416Z;functions.desmark_filter;  CLICK CHECKBOX LANÇAMENTOS CANCELADOS
17-04-2024 06:04:51.260Z;functions.desmark_filter;  CLICK CHECKBOX LANÇAMENTOS FATURADOS
17-04-2024 06:04:52.182Z;functions.desmark_filter;  ATUALIZA O FILTRO
17-04-2024 06:04:52.348Z;functions.waitForImage;  FILTER CLEAN image found.
17-04-2024 06:04:54.478Z;functions.filter_clean;  CLICK NO BOTÃO X DO LIMPA FILTRO
17-04-2024 06:05:10.088Z;functions.waitForImage;  FILTER CLEAN image not found.
17-04-2024 06:05:25.090Z;functions.waitForImage;  FILTER CLEAN image not found.
17-04-2024 06:05:25.980Z;functions.tabela_vazia;  Texto extraido 0/0
17-04-2024 06:05:25.980Z;functions.tabela_vazia;  Count 0
17-04-2024 06:05:25.980Z;functions.tabela_vazia;  Type <class 'int'>
17-04-2024 06:05:27.984Z;functions.tabela_vazia;  SEM REMESSA DE FÉRIAS/RESCISÃO
17-04-2024 06:05:29.985Z;main.<module>;  SEM REMESSA DE FÉRIAS/RESCISÃO
17-04-2024 06:05:31.682Z;errorhandler.__handle;  Property: Unknown Property name. [1:203: -ms-interpolation-mode]
17-04-2024 06:05:31.682Z;errorhandler.__handle;  Property: Unknown Property name. [1:353: -webkit-font-smoothing]
17-04-2024 06:05:31.698Z;errorhandler.__handle;  Property: Unknown Property name. [1:483: -ms-text-size-adjust]
17-04-2024 06:05:31.698Z;errorhandler.__handle;  Property: Unknown Property name. [1:518: -webkit-text-size-adjust]
17-04-2024 06:05:31.698Z;errorhandler.__handle;  Property: Unknown Property name. [1:612: mso-table-lspace]
17-04-2024 06:05:31.698Z;errorhandler.__handle;  Property: Unknown Property name. [1:642: mso-table-rspace]
17-04-2024 06:05:31.745Z;errorhandler.__handle;  Property: Unknown Property name. [1:4734: mso-hide]
17-04-2024 06:05:31.760Z;errorhandler.__handle;  Property: Unknown Property name. [1:13: -ms-interpolation-mode]
17-04-2024 06:05:31.776Z;errorhandler.__handle;  Property: Unknown Property name. [1:49: -webkit-font-smoothing]
17-04-2024 06:05:31.776Z;errorhandler.__handle;  Property: Unknown Property name. [1:134: -ms-text-size-adjust]
17-04-2024 06:05:31.776Z;errorhandler.__handle;  Property: Unknown Property name. [1:160: -webkit-text-size-adjust]
17-04-2024 06:05:31.776Z;errorhandler.__handle;  Property: Unknown Property name. [1:26: mso-table-lspace]
17-04-2024 06:05:31.776Z;errorhandler.__handle;  Property: Unknown Property name. [1:45: mso-table-rspace]
17-04-2024 06:05:31.776Z;errorhandler.__handle;  Property: Unknown Property name. [1:92: mso-hide]
17-04-2024 06:05:31.791Z;errorhandler.__handle;  Property: No ":" after name found: align-center [1:1: align-center]
17-04-2024 06:05:31.791Z;errorhandler.__handle;  Property: No property value found: align-center [1:1: align-center]
17-04-2024 06:05:31.791Z;errorhandler.__handle;  CSSStyleDeclaration: Syntax Error in Property: align-center
17-04-2024 06:05:31.791Z;errorhandler.__handle;  Property: Unknown Property name. [1:14: -ms-interpolation-mode]
17-04-2024 06:05:34.151Z;functions.emailFinalizado;  Finalizado e-mail sent.
17-04-2024 06:05:34.225Z;functions.encerra_prog;  RM ENCERRADO
