17-04-2024 14:00:22.449Z;functions.bot_text_art;      ____   
17-04-2024 14:00:22.449Z;functions.bot_text_art;     [____]    
17-04-2024 14:00:22.449Z;functions.bot_text_art;   |=]()()[=|  
17-04-2024 14:00:22.449Z;functions.bot_text_art;     _\==/__    _____    ____     _        _____    ___   _  __
17-04-2024 14:00:22.449Z;functions.bot_text_art;   |__|   |_|  |  _  \  / ___|   | |      |_   _| / ___| | |/ /
17-04-2024 14:00:22.449Z;functions.bot_text_art;   |_|_/\_|_|  | |  | | | |      | |        | |   | |    | ' / 
17-04-2024 14:00:22.449Z;functions.bot_text_art;   | | __ | |  | |  | | | |      | |        | |   | |    |  <  
17-04-2024 14:00:22.449Z;functions.bot_text_art;   |_|[  ]|_|  | |__| | | |____  | |____   _| |_  | |__  | . \ 
17-04-2024 14:00:22.449Z;functions.bot_text_art;   \_|_||_|_/  |_____/   \_____| |______| |_____| \ ___| |_|\_\
17-04-2024 14:00:22.449Z;functions.bot_text_art;     |_||_|                                                     
17-04-2024 14:00:22.449Z;functions.bot_text_art;     | ||_|_   
17-04-2024 14:00:22.449Z;functions.bot_text_art;   |___||___|  
17-04-2024 14:00:22.449Z;functions.bot_text_art;               
17-04-2024 14:00:22.808Z;functions.open_RM;  OPEN PROGRAM RM
17-04-2024 14:04:57.885Z;functions.loggin_RM;  ENTRAR USER_NAME
17-04-2024 14:05:00.779Z;functions.loggin_RM;  ENTRAR PASSWORD
17-04-2024 14:05:01.480Z;functions.loggin_RM;  ENTRAR RM
17-04-2024 14:06:01.122Z;functions.enter_coligada;  CLICK CONTEXTO
17-04-2024 14:06:05.279Z;functions.enter_coligada;  CLICK ALTERAR MODULO DO CONTEXTO
17-04-2024 14:06:08.976Z;functions.enter_coligada;  INSERE O COLIGADA CODE = 1
17-04-2024 14:06:09.078Z;functions.enter_coligada;  APERTA TAB PARA PREENCHER O CAMPO COM A STRING: OCEANICA ENGENHARIA E CONSULTORIA S.A.
17-04-2024 14:06:11.386Z;functions.enter_coligada;  CLICK AVANÇAR NOVAMENTE
17-04-2024 14:06:13.027Z;functions.enter_coligada;  CLICK CONCLUIR
17-04-2024 14:06:34.825Z;functions.enter_coligada;  POP UP COLIGADA DESAPARECER
17-04-2024 14:06:35.431Z;functions.check_movimentacao_bancaria;  CLICK - TOTVS - LINHA RM
17-04-2024 14:06:36.464Z;functions.check_movimentacao_bancaria;  CLICK - BACK OFFICE
17-04-2024 14:06:37.177Z;functions.check_movimentacao_bancaria;  CLICK - GESTAO FINANCEIRA
17-04-2024 14:06:47.089Z;functions.movimentacao_bancaria;  CLICK NA ABA MOVIMENTAÇÃO BANCARIA
17-04-2024 14:06:49.247Z;functions.waitForImage;  IMAGEM BORDERO image found.
17-04-2024 14:06:51.367Z;functions.movimentacao_bancaria;  IMAGEM BORDERO CLICADA.
17-04-2024 14:07:01.950Z;functions.waitForImage;  LICENCAS EXCEDIDAS image not found.
17-04-2024 14:07:02.495Z;functions.movimentacao_bancaria;  ENCONTROU O FILTRO DA MOVIMENTAÇÃO BANCÁRIA
17-04-2024 14:07:02.526Z;functions.movimentacao_bancaria;  CLICA NA ABA SUPERIOR DO FILTRO
17-04-2024 14:07:06.730Z;functions.movimentacao_bancaria;  SELECIONA O FILTRO HOJE
17-04-2024 14:07:10.682Z;functions.waitForImage;  FILTER CLEAN image found.
17-04-2024 14:07:12.808Z;functions.filter_clean;  CLICK NO BOTÃO X DO LIMPA FILTRO
17-04-2024 14:07:27.949Z;functions.waitForImage;  FILTER CLEAN image not found.
17-04-2024 14:07:43.053Z;functions.waitForImage;  FILTER CLEAN image not found.
17-04-2024 14:07:46.021Z;functions.movimentacao_bancaria;  CLICK NA PRIMEIRA LINHA DA TABELA MOVIMENTAÇÃO BANCÁRIA
17-04-2024 14:07:47.232Z;functions.movimentacao_bancaria;  12 PASSOS PARA DIREITA NA TABELA >>
17-04-2024 14:07:48.464Z;functions.movimentacao_bancaria;  HOVER FILTER
17-04-2024 14:07:48.808Z;functions.movimentacao_bancaria;  CLICK FILTER
17-04-2024 14:07:53.117Z;functions.movimentacao_bancaria;  CLICK NO FILTRO  STATUS DA REMESSA
17-04-2024 14:07:55.219Z;functions.movimentacao_bancaria;  APERTA TAB PARA ESCREVER O FILTRO
17-04-2024 14:07:57.323Z;functions.movimentacao_bancaria;  ESCREVE PENDENTE NO FILTRO
17-04-2024 14:07:59.425Z;functions.movimentacao_bancaria;  APERTA ENTER PARA SELECIONAR OS PENDENTES
17-04-2024 14:08:17.401Z;functions.movimentacao_bancaria;  SEM PROCESSAMENTO DE BORDERO PENDENTE.
17-04-2024 14:08:22.544Z;functions.waitForImage;  FILTER CLEAN image found.
17-04-2024 14:08:24.669Z;functions.filter_clean;  CLICK NO BOTÃO X DO LIMPA FILTRO
17-04-2024 14:08:39.797Z;functions.waitForImage;  FILTER CLEAN image not found.
17-04-2024 14:08:54.932Z;functions.waitForImage;  FILTER CLEAN image not found.
17-04-2024 14:08:55.728Z;functions.remessa_pagamento;  CLICK NA PRIMEIRA LINHA DA TABELA MOVIMENTAÇÃO BANCÁRIA
17-04-2024 14:08:56.980Z;functions.remessa_pagamento;  HOVER FILTER
17-04-2024 14:08:57.268Z;functions.remessa_pagamento;  CLICK FILTER
17-04-2024 14:09:01.579Z;functions.remessa_pagamento;  CLICK NO FILTRO  STATUS DA REMESSA
17-04-2024 14:09:03.681Z;functions.remessa_pagamento;  APERTA TAB PARA ESCREVER O FILTRO
17-04-2024 14:09:05.787Z;functions.remessa_pagamento;  ESCREVE AUTORIZADO NO FILTRO
17-04-2024 14:09:07.888Z;functions.remessa_pagamento;  APERTA ENTER PARA SELECIONAR OS AUTORIZADO
17-04-2024 14:09:25.792Z;functions.remessa_pagamento;  SEM REMESSA DE BORDERO AUTORIZADO
17-04-2024 14:09:26.386Z;functions.enter_contas_a_pagar;  CLICK - TOTVS - LINHA RM
17-04-2024 14:09:27.326Z;functions.enter_contas_a_pagar;  CLICK - BACK OFFICE
17-04-2024 14:09:28.010Z;functions.enter_contas_a_pagar;  CLICK - GESTAO FINANCEIRA
17-04-2024 14:09:43.320Z;functions.enter_contas_a_pagar;  CLICK - CONTAS A PAGAR
17-04-2024 14:09:43.479Z;functions.waitForImage;  LANÇAMENTOS image found.
17-04-2024 14:09:45.601Z;functions.enter_contas_a_pagar;  CLICA EM LANÇAMENTOS
17-04-2024 14:10:01.084Z;functions.waitForImage;  LICENCAS EXCEDIDAS image not found.
17-04-2024 14:10:01.084Z;functions.obter_intervalo_data;  VERIFICANDO A HORA ATUAL 14
17-04-2024 14:10:01.100Z;functions.obter_intervalo_data;  Data Inicial FERIAS/RESCISAO antes da remoção: None
17-04-2024 14:10:01.100Z;functions.obter_intervalo_data;  Data Final FERIAS/RESCISAO antes da remoção: None
17-04-2024 14:10:01.100Z;functions.obter_intervalo_data;  Data Inicial FERIAS/RESCISAO após a remoção: None
17-04-2024 14:10:01.100Z;functions.obter_intervalo_data;  Data Final FERIAS/RESCISAO após a remoção: None
17-04-2024 14:10:01.100Z;functions.obter_intervalo_data;  hoje -  2024-04-17 14:10:01.100368
17-04-2024 14:10:01.100Z;functions.data_filter;  DATA INICIO 24-04-2024
17-04-2024 14:10:01.100Z;functions.data_filter;  DATA FIM 30-04-2024
17-04-2024 14:10:01.100Z;functions.data_filter;  CLICK - SELECIONA A DATA DE QUARTA FEIRA E DA PROXIMA TERÇA
17-04-2024 14:10:01.100Z;functions.data_filter;  QUARTA-FEIRA: 24-04-2024
17-04-2024 14:10:01.100Z;functions.data_filter;  TERCA-FEIRA: 30-04-2024
17-04-2024 14:10:13.291Z;functions.data_filter;  CLICK - BUTÃO DE SELECAO DE FILTRO
17-04-2024 14:10:17.011Z;functions.data_filter;  INSERE - DATA DE QUARTA-FEIRA: 24-04-2024
17-04-2024 14:10:20.479Z;functions.data_filter;  INSERE - DATA DA PROX TERCA-FEIRA: 30-04-2024
17-04-2024 14:10:21.119Z;functions.data_filter;  CLICK - BUTÃO DE EXECUTAR O FILTRO
17-04-2024 14:10:26.901Z;functions.desmark_filter;  CLICK CHECKBOX LANÇAMENTOS A RECEBER
17-04-2024 14:10:27.681Z;functions.desmark_filter;  CLICK CHECKBOX LANÇAMENTOS BAIXADOS
17-04-2024 14:10:28.495Z;functions.desmark_filter;  CLICK CHECKBOX LANÇAMENTOS CANCELADOS
17-04-2024 14:10:29.344Z;functions.desmark_filter;  CLICK CHECKBOX LANÇAMENTOS FATURADOS
17-04-2024 14:10:30.197Z;functions.desmark_filter;  ATUALIZA O FILTRO
17-04-2024 14:10:30.356Z;functions.waitForImage;  FILTER CLEAN image found.
17-04-2024 14:10:32.475Z;functions.filter_clean;  CLICK NO BOTÃO X DO LIMPA FILTRO
17-04-2024 14:10:47.542Z;functions.waitForImage;  FILTER CLEAN image not found.
17-04-2024 14:11:02.652Z;functions.waitForImage;  FILTER CLEAN image not found.
17-04-2024 14:11:03.574Z;functions.tabela_vazia;  Texto extraido 0/0
17-04-2024 14:11:03.574Z;functions.tabela_vazia;  Count 0
17-04-2024 14:11:03.574Z;functions.tabela_vazia;  Type <class 'int'>
17-04-2024 14:11:05.589Z;functions.tabela_vazia;  SEM REMESSA DE FÉRIAS/RESCISÃO
17-04-2024 14:11:07.590Z;main.<module>;  SEM REMESSA DE FÉRIAS/RESCISÃO
17-04-2024 14:11:09.384Z;errorhandler.__handle;  Property: Unknown Property name. [1:203: -ms-interpolation-mode]
17-04-2024 14:11:09.384Z;errorhandler.__handle;  Property: Unknown Property name. [1:353: -webkit-font-smoothing]
17-04-2024 14:11:09.384Z;errorhandler.__handle;  Property: Unknown Property name. [1:483: -ms-text-size-adjust]
17-04-2024 14:11:09.384Z;errorhandler.__handle;  Property: Unknown Property name. [1:518: -webkit-text-size-adjust]
17-04-2024 14:11:09.400Z;errorhandler.__handle;  Property: Unknown Property name. [1:612: mso-table-lspace]
17-04-2024 14:11:09.400Z;errorhandler.__handle;  Property: Unknown Property name. [1:642: mso-table-rspace]
17-04-2024 14:11:09.447Z;errorhandler.__handle;  Property: Unknown Property name. [1:4734: mso-hide]
17-04-2024 14:11:09.463Z;errorhandler.__handle;  Property: Unknown Property name. [1:13: -ms-interpolation-mode]
17-04-2024 14:11:09.463Z;errorhandler.__handle;  Property: Unknown Property name. [1:49: -webkit-font-smoothing]
17-04-2024 14:11:09.463Z;errorhandler.__handle;  Property: Unknown Property name. [1:134: -ms-text-size-adjust]
17-04-2024 14:11:09.463Z;errorhandler.__handle;  Property: Unknown Property name. [1:160: -webkit-text-size-adjust]
17-04-2024 14:11:09.463Z;errorhandler.__handle;  Property: Unknown Property name. [1:26: mso-table-lspace]
17-04-2024 14:11:09.463Z;errorhandler.__handle;  Property: Unknown Property name. [1:45: mso-table-rspace]
17-04-2024 14:11:09.479Z;errorhandler.__handle;  Property: Unknown Property name. [1:92: mso-hide]
17-04-2024 14:11:09.479Z;errorhandler.__handle;  Property: No ":" after name found: align-center [1:1: align-center]
17-04-2024 14:11:09.479Z;errorhandler.__handle;  Property: No property value found: align-center [1:1: align-center]
17-04-2024 14:11:09.479Z;errorhandler.__handle;  CSSStyleDeclaration: Syntax Error in Property: align-center
17-04-2024 14:11:09.479Z;errorhandler.__handle;  Property: Unknown Property name. [1:14: -ms-interpolation-mode]
17-04-2024 14:11:11.823Z;functions.emailFinalizado;  Finalizado e-mail sent.
17-04-2024 14:11:11.911Z;functions.encerra_prog;  RM ENCERRADO
