21-05-2024 06:00:27.620Z;functions.bot_text_art;      ____   
21-05-2024 06:00:27.620Z;functions.bot_text_art;     [____]    
21-05-2024 06:00:27.620Z;functions.bot_text_art;   |=]()()[=|  
21-05-2024 06:00:27.620Z;functions.bot_text_art;     _\==/__    _____    ____     _        _____    ___   _  __
21-05-2024 06:00:27.620Z;functions.bot_text_art;   |__|   |_|  |  _  \  / ___|   | |      |_   _| / ___| | |/ /
21-05-2024 06:00:27.620Z;functions.bot_text_art;   |_|_/\_|_|  | |  | | | |      | |        | |   | |    | ' / 
21-05-2024 06:00:27.620Z;functions.bot_text_art;   | | __ | |  | |  | | | |      | |        | |   | |    |  <  
21-05-2024 06:00:27.620Z;functions.bot_text_art;   |_|[  ]|_|  | |__| | | |____  | |____   _| |_  | |__  | . \ 
21-05-2024 06:00:27.620Z;functions.bot_text_art;   \_|_||_|_/  |_____/   \_____| |______| |_____| \ ___| |_|\_\
21-05-2024 06:00:27.620Z;functions.bot_text_art;     |_||_|                                                     
21-05-2024 06:00:27.620Z;functions.bot_text_art;     | ||_|_   
21-05-2024 06:00:27.620Z;functions.bot_text_art;   |___||___|  
21-05-2024 06:00:27.620Z;functions.bot_text_art;               
21-05-2024 06:00:27.620Z;functions.open_RM;  OPEN PROGRAM RM
21-05-2024 06:00:36.792Z;functions.loggin_RM;  ENTRAR USER_NAME
21-05-2024 06:00:39.619Z;functions.loggin_RM;  ENTRAR PASSWORD
21-05-2024 06:00:40.276Z;functions.loggin_RM;  ENTRAR RM
21-05-2024 06:00:57.126Z;functions.enter_coligada;  CLICK CONTEXTO
21-05-2024 06:01:01.122Z;functions.enter_coligada;  CLICK ALTERAR MODULO DO CONTEXTO
21-05-2024 06:01:03.463Z;functions.enter_coligada;  INSERE O COLIGADA CODE = 1
21-05-2024 06:01:03.565Z;functions.enter_coligada;  APERTA TAB PARA PREENCHER O CAMPO COM A STRING: OCEANICA ENGENHARIA E CONSULTORIA S.A.
21-05-2024 06:01:04.698Z;functions.enter_coligada;  CLICK AVANÇAR NOVAMENTE
21-05-2024 06:01:05.510Z;functions.enter_coligada;  CLICK CONCLUIR
21-05-2024 06:01:13.792Z;functions.enter_coligada;  POP UP COLIGADA DESAPARECER
21-05-2024 06:01:14.417Z;functions.check_movimentacao_bancaria;  CLICK - TOTVS - LINHA RM
21-05-2024 06:01:15.448Z;functions.check_movimentacao_bancaria;  CLICK - BACK OFFICE
21-05-2024 06:01:17.745Z;functions.check_movimentacao_bancaria;  CLICK - GESTAO FINANCEIRA
21-05-2024 06:01:20.604Z;functions.movimentacao_bancaria;  CLICK NA ABA MOVIMENTAÇÃO BANCARIA
21-05-2024 06:01:22.731Z;functions.waitForImage;  IMAGEM BORDERO image found.
21-05-2024 06:01:24.851Z;functions.movimentacao_bancaria;  IMAGEM BORDERO CLICADA.
21-05-2024 06:01:35.366Z;functions.waitForImage;  LICENCAS EXCEDIDAS image not found.
21-05-2024 06:01:35.917Z;functions.movimentacao_bancaria;  ENCONTROU O FILTRO DA MOVIMENTAÇÃO BANCÁRIA
21-05-2024 06:01:35.933Z;functions.movimentacao_bancaria;  CLICA NA ABA SUPERIOR DO FILTRO
21-05-2024 06:01:40.137Z;functions.movimentacao_bancaria;  SELECIONA O FILTRO HOJE
21-05-2024 06:01:42.111Z;functions.waitForImage;  FILTER CLEAN image found.
21-05-2024 06:01:44.239Z;functions.filter_clean;  CLICK NO BOTÃO X DO LIMPA FILTRO
21-05-2024 06:01:59.401Z;functions.waitForImage;  FILTER CLEAN image not found.
21-05-2024 06:02:14.602Z;functions.waitForImage;  FILTER CLEAN image not found.
21-05-2024 06:02:32.651Z;functions.movimentacao_bancaria;  SEM PROCESSAMENTO DE BORDERO
21-05-2024 06:02:52.797Z;functions.waitForImage;  FILTER CLEAN image not found.
21-05-2024 06:03:07.958Z;functions.waitForImage;  FILTER CLEAN image not found.
21-05-2024 06:03:23.163Z;functions.waitForImage;  FILTER CLEAN image not found.
21-05-2024 06:03:55.151Z;functions.remessa_pagamento;  SEM REMESSA DE BORDERO AUTORIZADO
21-05-2024 06:03:55.762Z;functions.enter_contas_a_pagar;  CLICK - TOTVS - LINHA RM
21-05-2024 06:03:56.698Z;functions.enter_contas_a_pagar;  CLICK - BACK OFFICE
21-05-2024 06:03:57.589Z;functions.enter_contas_a_pagar;  CLICK - GESTAO FINANCEIRA
21-05-2024 06:04:02.620Z;functions.enter_contas_a_pagar;  CLICK - CONTAS A PAGAR
21-05-2024 06:04:02.787Z;functions.waitForImage;  LANÇAMENTOS image found.
21-05-2024 06:04:04.909Z;functions.enter_contas_a_pagar;  CLICA EM LANÇAMENTOS
21-05-2024 06:04:19.959Z;functions.waitForImage;  LICENCAS EXCEDIDAS image not found.
21-05-2024 06:04:19.959Z;functions.obter_intervalo_data;  VERIFICANDO A HORA ATUAL 6
21-05-2024 06:04:19.990Z;functions.obter_intervalo_data;  Data Inicial FERIAS/RESCISAO antes da remoção: None
21-05-2024 06:04:19.990Z;functions.obter_intervalo_data;  Data Final FERIAS/RESCISAO antes da remoção: None
21-05-2024 06:04:19.990Z;functions.obter_intervalo_data;  Data Inicial FERIAS/RESCISAO após a remoção: None
21-05-2024 06:04:19.990Z;functions.obter_intervalo_data;  Data Final FERIAS/RESCISAO após a remoção: None
21-05-2024 06:04:19.990Z;functions.obter_intervalo_data;  hoje -  2024-05-21 06:04:19.990321
21-05-2024 06:04:19.990Z;functions.data_filter;  DATA INICIO 22-05-2024
21-05-2024 06:04:19.990Z;functions.data_filter;  DATA FIM 28-05-2024
21-05-2024 06:04:19.990Z;functions.data_filter;  CLICK - SELECIONA A DATA DE QUARTA FEIRA E DA PROXIMA TERÇA
21-05-2024 06:04:19.990Z;functions.data_filter;  QUARTA-FEIRA: 22-05-2024
21-05-2024 06:04:19.990Z;functions.data_filter;  TERCA-FEIRA: 28-05-2024
21-05-2024 06:04:32.307Z;functions.data_filter;  CLICK - BUTÃO DE SELECAO DE FILTRO
21-05-2024 06:04:36.089Z;functions.data_filter;  INSERE - DATA DE QUARTA-FEIRA: 22-05-2024
21-05-2024 06:04:39.604Z;functions.data_filter;  INSERE - DATA DA PROX TERCA-FEIRA: 28-05-2024
21-05-2024 06:04:40.229Z;functions.data_filter;  CLICK - BUTÃO DE EXECUTAR O FILTRO
21-05-2024 06:04:46.041Z;functions.desmark_filter;  CLICK CHECKBOX LANÇAMENTOS A RECEBER
21-05-2024 06:04:46.886Z;functions.desmark_filter;  CLICK CHECKBOX LANÇAMENTOS BAIXADOS
21-05-2024 06:04:47.729Z;functions.desmark_filter;  CLICK CHECKBOX LANÇAMENTOS CANCELADOS
21-05-2024 06:04:48.651Z;functions.desmark_filter;  CLICK CHECKBOX LANÇAMENTOS FATURADOS
21-05-2024 06:04:49.621Z;functions.desmark_filter;  ATUALIZA O FILTRO
21-05-2024 06:04:49.771Z;functions.waitForImage;  FILTER CLEAN image found.
21-05-2024 06:04:51.895Z;functions.filter_clean;  CLICK NO BOTÃO X DO LIMPA FILTRO
21-05-2024 06:05:07.182Z;functions.waitForImage;  FILTER CLEAN image not found.
21-05-2024 06:05:22.432Z;functions.waitForImage;  FILTER CLEAN image not found.
21-05-2024 06:05:23.374Z;functions.tabela_vazia;  Texto extraido 0/0
21-05-2024 06:05:23.374Z;functions.tabela_vazia;  Count 0
21-05-2024 06:05:23.374Z;functions.tabela_vazia;  Type <class 'int'>
21-05-2024 06:05:25.375Z;functions.tabela_vazia;  SEM REMESSA DE FÉRIAS/RESCISÃO
21-05-2024 06:05:27.375Z;main.<module>;  SEM REMESSA DE FÉRIAS/RESCISÃO
21-05-2024 06:05:30.292Z;errorhandler.__handle;  Property: Unknown Property name. [1:203: -ms-interpolation-mode]
21-05-2024 06:05:30.292Z;errorhandler.__handle;  Property: Unknown Property name. [1:353: -webkit-font-smoothing]
21-05-2024 06:05:30.308Z;errorhandler.__handle;  Property: Unknown Property name. [1:483: -ms-text-size-adjust]
21-05-2024 06:05:30.308Z;errorhandler.__handle;  Property: Unknown Property name. [1:518: -webkit-text-size-adjust]
21-05-2024 06:05:30.308Z;errorhandler.__handle;  Property: Unknown Property name. [1:612: mso-table-lspace]
21-05-2024 06:05:30.308Z;errorhandler.__handle;  Property: Unknown Property name. [1:642: mso-table-rspace]
21-05-2024 06:05:30.358Z;errorhandler.__handle;  Property: Unknown Property name. [1:4734: mso-hide]
21-05-2024 06:05:30.384Z;errorhandler.__handle;  Property: Unknown Property name. [1:13: -ms-interpolation-mode]
21-05-2024 06:05:30.385Z;errorhandler.__handle;  Property: Unknown Property name. [1:49: -webkit-font-smoothing]
21-05-2024 06:05:30.386Z;errorhandler.__handle;  Property: Unknown Property name. [1:134: -ms-text-size-adjust]
21-05-2024 06:05:30.386Z;errorhandler.__handle;  Property: Unknown Property name. [1:160: -webkit-text-size-adjust]
21-05-2024 06:05:30.387Z;errorhandler.__handle;  Property: Unknown Property name. [1:26: mso-table-lspace]
21-05-2024 06:05:30.387Z;errorhandler.__handle;  Property: Unknown Property name. [1:45: mso-table-rspace]
21-05-2024 06:05:30.398Z;errorhandler.__handle;  Property: Unknown Property name. [1:92: mso-hide]
21-05-2024 06:05:30.401Z;errorhandler.__handle;  Property: No ":" after name found: align-center [1:1: align-center]
21-05-2024 06:05:30.401Z;errorhandler.__handle;  Property: No property value found: align-center [1:1: align-center]
21-05-2024 06:05:30.401Z;errorhandler.__handle;  CSSStyleDeclaration: Syntax Error in Property: align-center
21-05-2024 06:05:30.401Z;errorhandler.__handle;  Property: Unknown Property name. [1:14: -ms-interpolation-mode]
21-05-2024 06:05:33.364Z;functions.emailFinalizado;  Finalizado e-mail sent.
21-05-2024 06:05:33.433Z;functions.encerra_prog;  RM ENCERRADO
