08-05-2024 06:00:09.633Z;functions.bot_text_art;      ____   
08-05-2024 06:00:09.633Z;functions.bot_text_art;     [____]    
08-05-2024 06:00:09.633Z;functions.bot_text_art;   |=]()()[=|  
08-05-2024 06:00:09.633Z;functions.bot_text_art;     _\==/__    _____    ____     _        _____    ___   _  __
08-05-2024 06:00:09.633Z;functions.bot_text_art;   |__|   |_|  |  _  \  / ___|   | |      |_   _| / ___| | |/ /
08-05-2024 06:00:09.633Z;functions.bot_text_art;   |_|_/\_|_|  | |  | | | |      | |        | |   | |    | ' / 
08-05-2024 06:00:09.633Z;functions.bot_text_art;   | | __ | |  | |  | | | |      | |        | |   | |    |  <  
08-05-2024 06:00:09.633Z;functions.bot_text_art;   |_|[  ]|_|  | |__| | | |____  | |____   _| |_  | |__  | . \ 
08-05-2024 06:00:09.633Z;functions.bot_text_art;   \_|_||_|_/  |_____/   \_____| |______| |_____| \ ___| |_|\_\
08-05-2024 06:00:09.633Z;functions.bot_text_art;     |_||_|                                                     
08-05-2024 06:00:09.633Z;functions.bot_text_art;     | ||_|_   
08-05-2024 06:00:09.633Z;functions.bot_text_art;   |___||___|  
08-05-2024 06:00:09.633Z;functions.bot_text_art;               
08-05-2024 06:00:09.633Z;functions.open_RM;  OPEN PROGRAM RM
08-05-2024 06:00:18.671Z;functions.loggin_RM;  ENTRAR USER_NAME
08-05-2024 06:00:21.507Z;functions.loggin_RM;  ENTRAR PASSWORD
08-05-2024 06:00:22.196Z;functions.loggin_RM;  ENTRAR RM
08-05-2024 06:05:23.835Z;functions.show_exception_and_exit;  'NoneType' object has no attribute 'click'
Traceback (most recent call last):
  File "C:\Projetos_Remessas\Remessa_Ferias_Rescisao\main.py", line 15, in <module>
    enter_coligada()
  File "C:\Projetos_Remessas\Remessa_Ferias_Rescisao\SUBPROGRAMS\functions.py", line 103, in enter_coligada
    click_context.click()
    ^^^^^^^^^^^^^^^^^^^
AttributeError: 'NoneType' object has no attribute 'click'
08-05-2024 06:05:23.961Z;functions.show_exception_and_exit;  PRINT SALVO
08-05-2024 06:05:24.039Z;functions.show_exception_and_exit;  RM FECHADO
08-05-2024 06:05:26.446Z;errorhandler.__handle;  Property: Unknown Property name. [1:203: -ms-interpolation-mode]
08-05-2024 06:05:26.446Z;errorhandler.__handle;  Property: Unknown Property name. [1:353: -webkit-font-smoothing]
08-05-2024 06:05:26.462Z;errorhandler.__handle;  Property: Unknown Property name. [1:483: -ms-text-size-adjust]
08-05-2024 06:05:26.462Z;errorhandler.__handle;  Property: Unknown Property name. [1:518: -webkit-text-size-adjust]
08-05-2024 06:05:26.462Z;errorhandler.__handle;  Property: Unknown Property name. [1:612: mso-table-lspace]
08-05-2024 06:05:26.462Z;errorhandler.__handle;  Property: Unknown Property name. [1:642: mso-table-rspace]
08-05-2024 06:05:26.509Z;errorhandler.__handle;  Property: Unknown Property name. [1:4734: mso-hide]
08-05-2024 06:05:26.524Z;errorhandler.__handle;  Property: Unknown Property name. [1:13: -ms-interpolation-mode]
08-05-2024 06:05:26.524Z;errorhandler.__handle;  Property: Unknown Property name. [1:49: -webkit-font-smoothing]
08-05-2024 06:05:26.524Z;errorhandler.__handle;  Property: Unknown Property name. [1:134: -ms-text-size-adjust]
08-05-2024 06:05:26.524Z;errorhandler.__handle;  Property: Unknown Property name. [1:160: -webkit-text-size-adjust]
08-05-2024 06:05:26.524Z;errorhandler.__handle;  Property: Unknown Property name. [1:26: mso-table-lspace]
08-05-2024 06:05:26.524Z;errorhandler.__handle;  Property: Unknown Property name. [1:45: mso-table-rspace]
08-05-2024 06:05:26.540Z;errorhandler.__handle;  Property: Unknown Property name. [1:92: mso-hide]
08-05-2024 06:05:26.540Z;errorhandler.__handle;  Property: No ":" after name found: align-center [1:1: align-center]
08-05-2024 06:05:26.540Z;errorhandler.__handle;  Property: No property value found: align-center [1:1: align-center]
08-05-2024 06:05:26.540Z;errorhandler.__handle;  CSSStyleDeclaration: Syntax Error in Property: align-center
08-05-2024 06:05:26.540Z;errorhandler.__handle;  Property: Unknown Property name. [1:14: -ms-interpolation-mode]
08-05-2024 06:05:29.977Z;functions.show_exception_and_exit;  EMAIL EXCEÇÃO ENVIADO
08-05-2024 06:05:29.977Z;functions.show_exception_and_exit;  ERRO - <class 'AttributeError'> / 'NoneType' object has no attribute 'click'
