08-05-2024 20:00:16.202Z;functions.bot_text_art;      ____   
08-05-2024 20:00:16.202Z;functions.bot_text_art;     [____]    
08-05-2024 20:00:16.202Z;functions.bot_text_art;   |=]()()[=|  
08-05-2024 20:00:16.202Z;functions.bot_text_art;     _\==/__    _____    ____     _        _____    ___   _  __
08-05-2024 20:00:16.202Z;functions.bot_text_art;   |__|   |_|  |  _  \  / ___|   | |      |_   _| / ___| | |/ /
08-05-2024 20:00:16.202Z;functions.bot_text_art;   |_|_/\_|_|  | |  | | | |      | |        | |   | |    | ' / 
08-05-2024 20:00:16.202Z;functions.bot_text_art;   | | __ | |  | |  | | | |      | |        | |   | |    |  <  
08-05-2024 20:00:16.202Z;functions.bot_text_art;   |_|[  ]|_|  | |__| | | |____  | |____   _| |_  | |__  | . \ 
08-05-2024 20:00:16.202Z;functions.bot_text_art;   \_|_||_|_/  |_____/   \_____| |______| |_____| \ ___| |_|\_\
08-05-2024 20:00:16.202Z;functions.bot_text_art;     |_||_|                                                     
08-05-2024 20:00:16.202Z;functions.bot_text_art;     | ||_|_   
08-05-2024 20:00:16.202Z;functions.bot_text_art;   |___||___|  
08-05-2024 20:00:16.202Z;functions.bot_text_art;               
08-05-2024 20:00:16.202Z;functions.open_RM;  OPEN PROGRAM RM
08-05-2024 20:00:25.015Z;functions.loggin_RM;  ENTRAR USER_NAME
08-05-2024 20:00:27.875Z;functions.loggin_RM;  ENTRAR PASSWORD
08-05-2024 20:00:28.563Z;functions.loggin_RM;  ENTRAR RM
08-05-2024 20:00:47.000Z;functions.enter_coligada;  CLICK CONTEXTO
08-05-2024 20:00:50.874Z;functions.enter_coligada;  CLICK ALTERAR MODULO DO CONTEXTO
08-05-2024 20:00:53.154Z;functions.enter_coligada;  INSERE O COLIGADA CODE = 1
08-05-2024 20:00:53.256Z;functions.enter_coligada;  APERTA TAB PARA PREENCHER O CAMPO COM A STRING: OCEANICA ENGENHARIA E CONSULTORIA S.A.
08-05-2024 20:00:54.608Z;functions.enter_coligada;  CLICK AVANÇAR NOVAMENTE
08-05-2024 20:00:55.396Z;functions.enter_coligada;  CLICK CONCLUIR
08-05-2024 20:01:05.468Z;functions.enter_coligada;  POP UP COLIGADA DESAPARECER
08-05-2024 20:01:06.077Z;functions.check_movimentacao_bancaria;  CLICK - TOTVS - LINHA RM
08-05-2024 20:01:07.156Z;functions.check_movimentacao_bancaria;  CLICK - BACK OFFICE
08-05-2024 20:01:09.437Z;functions.check_movimentacao_bancaria;  CLICK - GESTAO FINANCEIRA
08-05-2024 20:01:11.750Z;functions.movimentacao_bancaria;  CLICK NA ABA MOVIMENTAÇÃO BANCARIA
08-05-2024 20:01:13.861Z;functions.waitForImage;  IMAGEM BORDERO image found.
08-05-2024 20:01:15.985Z;functions.movimentacao_bancaria;  IMAGEM BORDERO CLICADA.
08-05-2024 20:01:26.470Z;functions.waitForImage;  LICENCAS EXCEDIDAS image not found.
08-05-2024 20:01:27.032Z;functions.movimentacao_bancaria;  ENCONTROU O FILTRO DA MOVIMENTAÇÃO BANCÁRIA
08-05-2024 20:01:27.063Z;functions.movimentacao_bancaria;  CLICA NA ABA SUPERIOR DO FILTRO
08-05-2024 20:01:31.268Z;functions.movimentacao_bancaria;  SELECIONA O FILTRO HOJE
08-05-2024 20:01:33.194Z;functions.waitForImage;  FILTER CLEAN image found.
08-05-2024 20:01:35.314Z;functions.filter_clean;  CLICK NO BOTÃO X DO LIMPA FILTRO
08-05-2024 20:01:50.442Z;functions.waitForImage;  FILTER CLEAN image not found.
08-05-2024 20:02:05.562Z;functions.waitForImage;  FILTER CLEAN image not found.
08-05-2024 20:02:08.341Z;functions.movimentacao_bancaria;  CLICK NA PRIMEIRA LINHA DA TABELA MOVIMENTAÇÃO BANCÁRIA
08-05-2024 20:02:09.553Z;functions.movimentacao_bancaria;  12 PASSOS PARA DIREITA NA TABELA >>
08-05-2024 20:02:10.796Z;functions.movimentacao_bancaria;  HOVER FILTER
08-05-2024 20:02:11.141Z;functions.movimentacao_bancaria;  CLICK FILTER
08-05-2024 20:02:15.451Z;functions.movimentacao_bancaria;  CLICK NO FILTRO  STATUS DA REMESSA
08-05-2024 20:02:17.552Z;functions.movimentacao_bancaria;  APERTA TAB PARA ESCREVER O FILTRO
08-05-2024 20:02:19.657Z;functions.movimentacao_bancaria;  ESCREVE PENDENTE NO FILTRO
08-05-2024 20:02:21.759Z;functions.movimentacao_bancaria;  APERTA ENTER PARA SELECIONAR OS PENDENTES
08-05-2024 20:02:39.718Z;functions.movimentacao_bancaria;  SEM PROCESSAMENTO DE BORDERO PENDENTE.
08-05-2024 20:02:44.828Z;functions.waitForImage;  FILTER CLEAN image found.
08-05-2024 20:02:46.949Z;functions.filter_clean;  CLICK NO BOTÃO X DO LIMPA FILTRO
08-05-2024 20:03:02.075Z;functions.waitForImage;  FILTER CLEAN image not found.
08-05-2024 20:03:17.176Z;functions.waitForImage;  FILTER CLEAN image not found.
08-05-2024 20:03:17.984Z;functions.remessa_pagamento;  CLICK NA PRIMEIRA LINHA DA TABELA MOVIMENTAÇÃO BANCÁRIA
08-05-2024 20:03:19.235Z;functions.remessa_pagamento;  HOVER FILTER
08-05-2024 20:03:19.529Z;functions.remessa_pagamento;  CLICK FILTER
08-05-2024 20:03:23.841Z;functions.remessa_pagamento;  CLICK NO FILTRO  STATUS DA REMESSA
08-05-2024 20:03:25.943Z;functions.remessa_pagamento;  APERTA TAB PARA ESCREVER O FILTRO
08-05-2024 20:03:28.049Z;functions.remessa_pagamento;  ESCREVE AUTORIZADO NO FILTRO
08-05-2024 20:03:30.151Z;functions.remessa_pagamento;  APERTA ENTER PARA SELECIONAR OS AUTORIZADO
08-05-2024 20:03:48.047Z;functions.remessa_pagamento;  SEM REMESSA DE BORDERO AUTORIZADO
08-05-2024 20:03:48.656Z;functions.enter_contas_a_pagar;  CLICK - TOTVS - LINHA RM
08-05-2024 20:03:49.609Z;functions.enter_contas_a_pagar;  CLICK - BACK OFFICE
08-05-2024 20:03:50.319Z;functions.enter_contas_a_pagar;  CLICK - GESTAO FINANCEIRA
08-05-2024 20:03:55.031Z;functions.enter_contas_a_pagar;  CLICK - CONTAS A PAGAR
08-05-2024 20:03:55.185Z;functions.waitForImage;  LANÇAMENTOS image found.
08-05-2024 20:03:57.307Z;functions.enter_contas_a_pagar;  CLICA EM LANÇAMENTOS
08-05-2024 20:04:12.673Z;functions.waitForImage;  LICENCAS EXCEDIDAS image not found.
08-05-2024 20:04:12.673Z;functions.obter_intervalo_data;  VERIFICANDO A HORA ATUAL 20
08-05-2024 20:04:12.673Z;functions.obter_intervalo_data;  Data Inicial FERIAS/RESCISAO antes da remoção: None
08-05-2024 20:04:12.673Z;functions.obter_intervalo_data;  Data Final FERIAS/RESCISAO antes da remoção: None
08-05-2024 20:04:12.673Z;functions.obter_intervalo_data;  Data Inicial FERIAS/RESCISAO após a remoção: None
08-05-2024 20:04:12.673Z;functions.obter_intervalo_data;  Data Final FERIAS/RESCISAO após a remoção: None
08-05-2024 20:04:12.673Z;functions.obter_intervalo_data;  hoje -  2024-05-08 20:04:12.673726
08-05-2024 20:04:12.673Z;functions.data_filter;  DATA INICIO 15-05-2024
08-05-2024 20:04:12.673Z;functions.data_filter;  DATA FIM 21-05-2024
08-05-2024 20:04:12.673Z;functions.data_filter;  CLICK - SELECIONA A DATA DE QUARTA FEIRA E DA PROXIMA TERÇA
08-05-2024 20:04:12.673Z;functions.data_filter;  QUARTA-FEIRA: 15-05-2024
08-05-2024 20:04:12.673Z;functions.data_filter;  TERCA-FEIRA: 21-05-2024
08-05-2024 20:04:24.937Z;functions.data_filter;  CLICK - BUTÃO DE SELECAO DE FILTRO
08-05-2024 20:04:28.655Z;functions.data_filter;  INSERE - DATA DE QUARTA-FEIRA: 15-05-2024
08-05-2024 20:04:32.140Z;functions.data_filter;  INSERE - DATA DA PROX TERCA-FEIRA: 21-05-2024
08-05-2024 20:04:32.765Z;functions.data_filter;  CLICK - BUTÃO DE EXECUTAR O FILTRO
08-05-2024 20:04:38.579Z;functions.desmark_filter;  CLICK CHECKBOX LANÇAMENTOS A RECEBER
08-05-2024 20:04:39.365Z;functions.desmark_filter;  CLICK CHECKBOX LANÇAMENTOS BAIXADOS
08-05-2024 20:04:40.187Z;functions.desmark_filter;  CLICK CHECKBOX LANÇAMENTOS CANCELADOS
08-05-2024 20:04:41.046Z;functions.desmark_filter;  CLICK CHECKBOX LANÇAMENTOS FATURADOS
08-05-2024 20:04:41.922Z;functions.desmark_filter;  ATUALIZA O FILTRO
08-05-2024 20:04:42.041Z;functions.waitForImage;  FILTER CLEAN image found.
08-05-2024 20:04:44.161Z;functions.filter_clean;  CLICK NO BOTÃO X DO LIMPA FILTRO
08-05-2024 20:04:59.226Z;functions.waitForImage;  FILTER CLEAN image not found.
08-05-2024 20:05:14.261Z;functions.waitForImage;  FILTER CLEAN image not found.
08-05-2024 20:05:15.203Z;functions.tabela_vazia;  Texto extraido 0/0
08-05-2024 20:05:15.203Z;functions.tabela_vazia;  Count 0
08-05-2024 20:05:15.203Z;functions.tabela_vazia;  Type <class 'int'>
08-05-2024 20:05:17.217Z;functions.tabela_vazia;  SEM REMESSA DE FÉRIAS/RESCISÃO
08-05-2024 20:05:19.218Z;main.<module>;  SEM REMESSA DE FÉRIAS/RESCISÃO
08-05-2024 20:05:21.672Z;errorhandler.__handle;  Property: Unknown Property name. [1:203: -ms-interpolation-mode]
08-05-2024 20:05:21.672Z;errorhandler.__handle;  Property: Unknown Property name. [1:353: -webkit-font-smoothing]
08-05-2024 20:05:21.672Z;errorhandler.__handle;  Property: Unknown Property name. [1:483: -ms-text-size-adjust]
08-05-2024 20:05:21.672Z;errorhandler.__handle;  Property: Unknown Property name. [1:518: -webkit-text-size-adjust]
08-05-2024 20:05:21.672Z;errorhandler.__handle;  Property: Unknown Property name. [1:612: mso-table-lspace]
08-05-2024 20:05:21.672Z;errorhandler.__handle;  Property: Unknown Property name. [1:642: mso-table-rspace]
08-05-2024 20:05:21.719Z;errorhandler.__handle;  Property: Unknown Property name. [1:4734: mso-hide]
08-05-2024 20:05:21.750Z;errorhandler.__handle;  Property: Unknown Property name. [1:13: -ms-interpolation-mode]
08-05-2024 20:05:21.750Z;errorhandler.__handle;  Property: Unknown Property name. [1:49: -webkit-font-smoothing]
08-05-2024 20:05:21.750Z;errorhandler.__handle;  Property: Unknown Property name. [1:134: -ms-text-size-adjust]
08-05-2024 20:05:21.750Z;errorhandler.__handle;  Property: Unknown Property name. [1:160: -webkit-text-size-adjust]
08-05-2024 20:05:21.750Z;errorhandler.__handle;  Property: Unknown Property name. [1:26: mso-table-lspace]
08-05-2024 20:05:21.750Z;errorhandler.__handle;  Property: Unknown Property name. [1:45: mso-table-rspace]
08-05-2024 20:05:21.765Z;errorhandler.__handle;  Property: Unknown Property name. [1:92: mso-hide]
08-05-2024 20:05:21.765Z;errorhandler.__handle;  Property: No ":" after name found: align-center [1:1: align-center]
08-05-2024 20:05:21.765Z;errorhandler.__handle;  Property: No property value found: align-center [1:1: align-center]
08-05-2024 20:05:21.765Z;errorhandler.__handle;  CSSStyleDeclaration: Syntax Error in Property: align-center
08-05-2024 20:05:21.765Z;errorhandler.__handle;  Property: Unknown Property name. [1:14: -ms-interpolation-mode]
08-05-2024 20:05:23.511Z;functions.emailFinalizado;  Finalizado e-mail sent.
08-05-2024 20:05:23.587Z;functions.encerra_prog;  RM ENCERRADO
