20-07-2024 03:01:12.177Z;functions.bot_text_art;      ____   
20-07-2024 03:01:12.177Z;functions.bot_text_art;     [____]    
20-07-2024 03:01:12.177Z;functions.bot_text_art;   |=]()()[=|  
20-07-2024 03:01:12.177Z;functions.bot_text_art;     _\==/__    _____    ____     _        _____    ___   _  __
20-07-2024 03:01:12.177Z;functions.bot_text_art;   |__|   |_|  |  _  \  / ___|   | |      |_   _| / ___| | |/ /
20-07-2024 03:01:12.177Z;functions.bot_text_art;   |_|_/\_|_|  | |  | | | |      | |        | |   | |    | ' / 
20-07-2024 03:01:12.177Z;functions.bot_text_art;   | | __ | |  | |  | | | |      | |        | |   | |    |  <  
20-07-2024 03:01:12.177Z;functions.bot_text_art;   |_|[  ]|_|  | |__| | | |____  | |____   _| |_  | |__  | . \ 
20-07-2024 03:01:12.177Z;functions.bot_text_art;   \_|_||_|_/  |_____/   \_____| |______| |_____| \ ___| |_|\_\
20-07-2024 03:01:12.177Z;functions.bot_text_art;     |_||_|                                                     
20-07-2024 03:01:12.177Z;functions.bot_text_art;     | ||_|_   
20-07-2024 03:01:12.177Z;functions.bot_text_art;   |___||___|  
20-07-2024 03:01:12.177Z;functions.bot_text_art;               
20-07-2024 03:01:12.186Z;functions.open_RM;  OPEN PROGRAM RM
20-07-2024 03:01:34.983Z;functions.loggin_RM;  ENTRAR USER_NAME
20-07-2024 03:01:38.783Z;functions.loggin_RM;  ENTRAR PASSWORD
20-07-2024 03:01:40.342Z;functions.loggin_RM;  ENTRAR RM
20-07-2024 03:04:58.955Z;functions.enter_coligada;  AGUARDANDO 1
20-07-2024 03:05:00.185Z;functions.enter_coligada;  CLICK CONTEXTO
20-07-2024 03:05:03.373Z;functions.enter_coligada;  CLICK ALTERAR MODULO DO CONTEXTO
20-07-2024 03:05:07.889Z;functions.enter_coligada;  INSERE O COLIGADA CODE = 1
20-07-2024 03:05:07.995Z;functions.enter_coligada;  APERTA TAB PARA PREENCHER O CAMPO COM A STRING: OCEANICA ENGENHARIA E CONSULTORIA S.A.
20-07-2024 03:05:10.283Z;functions.enter_coligada;  CLICK AVANÇAR NOVAMENTE
20-07-2024 03:05:11.592Z;functions.enter_coligada;  CLICK CONCLUIR
20-07-2024 03:05:31.717Z;functions.waitForImage;  TROCA COLIGADA image not found.
20-07-2024 03:05:50.046Z;functions.enter_coligada;  POP UP COLIGADA DESAPARECER
20-07-2024 03:05:51.029Z;functions.check_movimentacao_bancaria;  CLICK - TOTVS - LINHA RM
20-07-2024 03:05:53.372Z;functions.check_movimentacao_bancaria;  CLICK - BACK OFFICE
20-07-2024 03:05:56.191Z;functions.check_movimentacao_bancaria;  CLICK - GESTAO FINANCEIRA
20-07-2024 03:05:56.192Z;functions.obter_intervalo_data;  VERIFICANDO A HORA ATUAL 3
20-07-2024 03:05:56.219Z;functions.obter_intervalo_data;  Data Inicial FERIAS/RESCISAO antes da remoção: None
20-07-2024 03:05:56.219Z;functions.obter_intervalo_data;  Data Final FERIAS/RESCISAO antes da remoção: None
20-07-2024 03:05:56.222Z;functions.obter_intervalo_data;  Data Inicial FERIAS/RESCISAO após a remoção: None
20-07-2024 03:05:56.222Z;functions.obter_intervalo_data;  Data Final FERIAS/RESCISAO após a remoção: None
20-07-2024 03:05:56.222Z;functions.obter_intervalo_data;  hoje -  2024-07-20 03:05:56.222634
20-07-2024 03:05:56.222Z;functions.check_movimentacao_bancaria;  DATA INICIO 24-07-2024
20-07-2024 03:05:56.222Z;functions.check_movimentacao_bancaria;  DATA FIM 30-07-2024
20-07-2024 03:05:56.222Z;functions.movimentacao_bancaria;  AGUARDANDO 1
20-07-2024 03:06:01.747Z;functions.movimentacao_bancaria;  CLICK NA ABA MOVIMENTAÇÃO BANCARIA
20-07-2024 03:06:03.951Z;functions.waitForImage;  IMAGEM BORDERO image found.
20-07-2024 03:06:06.068Z;functions.movimentacao_bancaria;  IMAGEM BORDERO CLICADA.
20-07-2024 03:06:16.622Z;functions.waitForImage;  LICENCAS EXCEDIDAS image not found.
20-07-2024 03:06:17.374Z;functions.movimentacao_bancaria;  ENCONTROU O FILTRO DA MOVIMENTAÇÃO BANCÁRIA
20-07-2024 03:06:17.435Z;functions.movimentacao_bancaria;  CLICA NA ABA SUPERIOR DO FILTRO
20-07-2024 03:06:21.647Z;functions.movimentacao_bancaria;  SELECIONA O FILTRO HOJE
20-07-2024 03:06:36.842Z;functions.waitForImage;  FILTER CLEAN image not found.
20-07-2024 03:06:52.138Z;functions.waitForImage;  FILTER CLEAN image not found.
20-07-2024 03:07:07.451Z;functions.waitForImage;  FILTER CLEAN image not found.
20-07-2024 03:07:25.453Z;functions.movimentacao_bancaria;  SEM PROCESSAMENTO DE BORDERO
20-07-2024 03:07:45.732Z;functions.waitForImage;  FILTER CLEAN image not found.
20-07-2024 03:08:01.028Z;functions.waitForImage;  FILTER CLEAN image not found.
20-07-2024 03:08:16.312Z;functions.waitForImage;  FILTER CLEAN image not found.
20-07-2024 03:08:48.076Z;functions.remessa_pagamento;  SEM REMESSA DE BORDERO AUTORIZADO
20-07-2024 03:08:49.185Z;functions.enter_contas_a_pagar;  CLICK - TOTVS - LINHA RM
20-07-2024 03:08:51.221Z;functions.enter_contas_a_pagar;  CLICK - BACK OFFICE
20-07-2024 03:08:52.247Z;functions.enter_contas_a_pagar;  CLICK - GESTAO FINANCEIRA
20-07-2024 03:08:57.966Z;functions.enter_contas_a_pagar;  CLICK - CONTAS A PAGAR
20-07-2024 03:08:58.837Z;functions.waitForImage;  LANÇAMENTOS image found.
20-07-2024 03:09:00.945Z;functions.enter_contas_a_pagar;  CLICA EM LANÇAMENTOS
20-07-2024 03:09:16.404Z;functions.waitForImage;  LICENCAS EXCEDIDAS image not found.
20-07-2024 03:09:16.404Z;functions.data_filter;  CLICK - SELECIONA A DATA DE QUARTA FEIRA E DA PROXIMA TERÇA
20-07-2024 03:09:16.404Z;functions.data_filter;  QUARTA-FEIRA: 24-07-2024
20-07-2024 03:09:16.404Z;functions.data_filter;  TERCA-FEIRA: 30-07-2024
20-07-2024 03:09:36.838Z;functions.data_filter;  FILTRO - REMESSA FERIAS/RESCISAO
20-07-2024 03:09:37.842Z;functions.data_filter;  CLICK - BUTÃO DE SELECAO DE FILTRO
20-07-2024 03:09:42.575Z;functions.data_filter;  INSERE - DATA DE QUARTA-FEIRA: 24-07-2024
20-07-2024 03:09:46.982Z;functions.data_filter;  INSERE - DATA DA PROX TERCA-FEIRA: 30-07-2024
20-07-2024 03:09:48.122Z;functions.data_filter;  CLICK - BUTÃO DE EXECUTAR O FILTRO
20-07-2024 03:09:53.127Z;functions.desmark_filter;  AGUARDANDO 1
20-07-2024 03:09:55.404Z;functions.desmark_filter;  CLICK CHECKBOX LANÇAMENTOS A RECEBER
20-07-2024 03:09:57.892Z;functions.desmark_filter;  CLICK CHECKBOX LANÇAMENTOS BAIXADOS
20-07-2024 03:10:00.435Z;functions.desmark_filter;  CLICK CHECKBOX LANÇAMENTOS CANCELADOS
20-07-2024 03:10:03.186Z;functions.desmark_filter;  CLICK CHECKBOX LANÇAMENTOS FATURADOS
20-07-2024 03:10:06.104Z;functions.desmark_filter;  ATUALIZA O FILTRO
20-07-2024 03:10:06.282Z;functions.waitForImage;  FILTER CLEAN image found.
20-07-2024 03:10:08.411Z;functions.filter_clean;  CLICK NO BOTÃO X DO LIMPA FILTRO
20-07-2024 03:10:23.700Z;functions.waitForImage;  FILTER CLEAN image not found.
20-07-2024 03:10:38.935Z;functions.waitForImage;  FILTER CLEAN image not found.
20-07-2024 03:10:42.155Z;functions.tabela_vazia;  Texto extraido 0/0
20-07-2024 03:10:42.155Z;functions.tabela_vazia;  Count 0
20-07-2024 03:10:42.155Z;functions.tabela_vazia;  Type <class 'int'>
20-07-2024 03:10:44.163Z;functions.tabela_vazia;  SEM REMESSA DE FÉRIAS/RESCISÃO
20-07-2024 03:10:46.164Z;main.<module>;  SEM REMESSA DE FÉRIAS/RESCISÃO
20-07-2024 03:10:49.294Z;errorhandler.__handle;  Property: Unknown Property name. [1:203: -ms-interpolation-mode]
20-07-2024 03:10:49.336Z;errorhandler.__handle;  Property: Unknown Property name. [1:353: -webkit-font-smoothing]
20-07-2024 03:10:49.348Z;errorhandler.__handle;  Property: Unknown Property name. [1:483: -ms-text-size-adjust]
20-07-2024 03:10:49.349Z;errorhandler.__handle;  Property: Unknown Property name. [1:518: -webkit-text-size-adjust]
20-07-2024 03:10:49.351Z;errorhandler.__handle;  Property: Unknown Property name. [1:612: mso-table-lspace]
20-07-2024 03:10:49.352Z;errorhandler.__handle;  Property: Unknown Property name. [1:642: mso-table-rspace]
20-07-2024 03:10:49.576Z;errorhandler.__handle;  Property: Unknown Property name. [1:4734: mso-hide]
20-07-2024 03:10:49.685Z;errorhandler.__handle;  Property: Unknown Property name. [1:13: -ms-interpolation-mode]
20-07-2024 03:10:49.685Z;errorhandler.__handle;  Property: Unknown Property name. [1:49: -webkit-font-smoothing]
20-07-2024 03:10:49.685Z;errorhandler.__handle;  Property: Unknown Property name. [1:134: -ms-text-size-adjust]
20-07-2024 03:10:49.701Z;errorhandler.__handle;  Property: Unknown Property name. [1:160: -webkit-text-size-adjust]
20-07-2024 03:10:49.701Z;errorhandler.__handle;  Property: Unknown Property name. [1:26: mso-table-lspace]
20-07-2024 03:10:49.701Z;errorhandler.__handle;  Property: Unknown Property name. [1:45: mso-table-rspace]
20-07-2024 03:10:49.732Z;errorhandler.__handle;  Property: Unknown Property name. [1:92: mso-hide]
20-07-2024 03:10:49.748Z;errorhandler.__handle;  Property: No ":" after name found: align-center [1:1: align-center]
20-07-2024 03:10:49.748Z;errorhandler.__handle;  Property: No property value found: align-center [1:1: align-center]
20-07-2024 03:10:49.748Z;errorhandler.__handle;  CSSStyleDeclaration: Syntax Error in Property: align-center
20-07-2024 03:10:49.748Z;errorhandler.__handle;  Property: Unknown Property name. [1:14: -ms-interpolation-mode]
20-07-2024 03:10:52.515Z;functions.emailFinalizado;  Finalizado e-mail sent.
20-07-2024 03:10:52.994Z;functions.encerra_prog;  RM ENCERRADO
