20-07-2024 23:00:40.133Z;functions.bot_text_art;      ____   
20-07-2024 23:00:40.134Z;functions.bot_text_art;     [____]    
20-07-2024 23:00:40.134Z;functions.bot_text_art;   |=]()()[=|  
20-07-2024 23:00:40.134Z;functions.bot_text_art;     _\==/__    _____    ____     _        _____    ___   _  __
20-07-2024 23:00:40.135Z;functions.bot_text_art;   |__|   |_|  |  _  \  / ___|   | |      |_   _| / ___| | |/ /
20-07-2024 23:00:40.135Z;functions.bot_text_art;   |_|_/\_|_|  | |  | | | |      | |        | |   | |    | ' / 
20-07-2024 23:00:40.135Z;functions.bot_text_art;   | | __ | |  | |  | | | |      | |        | |   | |    |  <  
20-07-2024 23:00:40.136Z;functions.bot_text_art;   |_|[  ]|_|  | |__| | | |____  | |____   _| |_  | |__  | . \ 
20-07-2024 23:00:40.139Z;functions.bot_text_art;   \_|_||_|_/  |_____/   \_____| |______| |_____| \ ___| |_|\_\
20-07-2024 23:00:40.140Z;functions.bot_text_art;     |_||_|                                                     
20-07-2024 23:00:40.140Z;functions.bot_text_art;     | ||_|_   
20-07-2024 23:00:40.140Z;functions.bot_text_art;   |___||___|  
20-07-2024 23:00:40.140Z;functions.bot_text_art;               
20-07-2024 23:00:40.157Z;functions.open_RM;  OPEN PROGRAM RM
20-07-2024 23:01:08.373Z;functions.loggin_RM;  ENTRAR USER_NAME
20-07-2024 23:01:12.203Z;functions.loggin_RM;  ENTRAR PASSWORD
20-07-2024 23:01:13.733Z;functions.loggin_RM;  ENTRAR RM
20-07-2024 23:04:48.451Z;functions.enter_coligada;  AGUARDANDO 1
20-07-2024 23:04:49.857Z;functions.enter_coligada;  CLICK CONTEXTO
20-07-2024 23:04:52.857Z;functions.enter_coligada;  CLICK ALTERAR MODULO DO CONTEXTO
20-07-2024 23:04:57.138Z;functions.enter_coligada;  INSERE O COLIGADA CODE = 1
20-07-2024 23:04:57.243Z;functions.enter_coligada;  APERTA TAB PARA PREENCHER O CAMPO COM A STRING: OCEANICA ENGENHARIA E CONSULTORIA S.A.
20-07-2024 23:05:00.545Z;functions.enter_coligada;  CLICK AVANÇAR NOVAMENTE
20-07-2024 23:05:01.889Z;functions.enter_coligada;  CLICK CONCLUIR
20-07-2024 23:05:22.013Z;functions.waitForImage;  TROCA COLIGADA image not found.
20-07-2024 23:05:38.937Z;functions.enter_coligada;  POP UP COLIGADA DESAPARECER
20-07-2024 23:05:39.951Z;functions.check_movimentacao_bancaria;  CLICK - TOTVS - LINHA RM
20-07-2024 23:05:42.263Z;functions.check_movimentacao_bancaria;  CLICK - BACK OFFICE
20-07-2024 23:05:45.142Z;functions.check_movimentacao_bancaria;  CLICK - GESTAO FINANCEIRA
20-07-2024 23:05:45.143Z;functions.obter_intervalo_data;  VERIFICANDO A HORA ATUAL 23
20-07-2024 23:05:45.173Z;functions.obter_intervalo_data;  Data Inicial FERIAS/RESCISAO antes da remoção: None
20-07-2024 23:05:45.173Z;functions.obter_intervalo_data;  Data Final FERIAS/RESCISAO antes da remoção: None
20-07-2024 23:05:45.179Z;functions.obter_intervalo_data;  Data Inicial FERIAS/RESCISAO após a remoção: None
20-07-2024 23:05:45.179Z;functions.obter_intervalo_data;  Data Final FERIAS/RESCISAO após a remoção: None
20-07-2024 23:05:45.179Z;functions.obter_intervalo_data;  hoje -  2024-07-20 23:05:45.179162
20-07-2024 23:05:45.179Z;functions.check_movimentacao_bancaria;  DATA INICIO 24-07-2024
20-07-2024 23:05:45.179Z;functions.check_movimentacao_bancaria;  DATA FIM 30-07-2024
20-07-2024 23:05:45.179Z;functions.movimentacao_bancaria;  AGUARDANDO 1
20-07-2024 23:05:50.732Z;functions.movimentacao_bancaria;  CLICK NA ABA MOVIMENTAÇÃO BANCARIA
20-07-2024 23:05:52.935Z;functions.waitForImage;  IMAGEM BORDERO image found.
20-07-2024 23:05:55.057Z;functions.movimentacao_bancaria;  IMAGEM BORDERO CLICADA.
20-07-2024 23:06:05.529Z;functions.waitForImage;  LICENCAS EXCEDIDAS image not found.
20-07-2024 23:06:06.279Z;functions.movimentacao_bancaria;  ENCONTROU O FILTRO DA MOVIMENTAÇÃO BANCÁRIA
20-07-2024 23:06:06.326Z;functions.movimentacao_bancaria;  CLICA NA ABA SUPERIOR DO FILTRO
20-07-2024 23:06:10.536Z;functions.movimentacao_bancaria;  SELECIONA O FILTRO HOJE
20-07-2024 23:06:25.794Z;functions.waitForImage;  FILTER CLEAN image not found.
20-07-2024 23:06:41.107Z;functions.waitForImage;  FILTER CLEAN image not found.
20-07-2024 23:06:56.419Z;functions.waitForImage;  FILTER CLEAN image not found.
20-07-2024 23:07:14.388Z;functions.movimentacao_bancaria;  SEM PROCESSAMENTO DE BORDERO
20-07-2024 23:07:34.685Z;functions.waitForImage;  FILTER CLEAN image not found.
20-07-2024 23:07:50.014Z;functions.waitForImage;  FILTER CLEAN image not found.
20-07-2024 23:08:05.325Z;functions.waitForImage;  FILTER CLEAN image not found.
20-07-2024 23:08:37.263Z;functions.remessa_pagamento;  SEM REMESSA DE BORDERO AUTORIZADO
20-07-2024 23:08:38.326Z;functions.enter_contas_a_pagar;  CLICK - TOTVS - LINHA RM
20-07-2024 23:08:40.388Z;functions.enter_contas_a_pagar;  CLICK - BACK OFFICE
20-07-2024 23:08:41.419Z;functions.enter_contas_a_pagar;  CLICK - GESTAO FINANCEIRA
20-07-2024 23:08:47.263Z;functions.enter_contas_a_pagar;  CLICK - CONTAS A PAGAR
20-07-2024 23:08:48.123Z;functions.waitForImage;  LANÇAMENTOS image found.
20-07-2024 23:08:50.242Z;functions.enter_contas_a_pagar;  CLICA EM LANÇAMENTOS
20-07-2024 23:09:05.779Z;functions.waitForImage;  LICENCAS EXCEDIDAS image not found.
20-07-2024 23:09:05.779Z;functions.data_filter;  CLICK - SELECIONA A DATA DE QUARTA FEIRA E DA PROXIMA TERÇA
20-07-2024 23:09:05.779Z;functions.data_filter;  QUARTA-FEIRA: 24-07-2024
20-07-2024 23:09:05.779Z;functions.data_filter;  TERCA-FEIRA: 30-07-2024
20-07-2024 23:09:26.151Z;functions.data_filter;  FILTRO - REMESSA FERIAS/RESCISAO
20-07-2024 23:09:27.169Z;functions.data_filter;  CLICK - BUTÃO DE SELECAO DE FILTRO
20-07-2024 23:09:31.966Z;functions.data_filter;  INSERE - DATA DE QUARTA-FEIRA: 24-07-2024
20-07-2024 23:09:36.279Z;functions.data_filter;  INSERE - DATA DA PROX TERCA-FEIRA: 30-07-2024
20-07-2024 23:09:37.450Z;functions.data_filter;  CLICK - BUTÃO DE EXECUTAR O FILTRO
20-07-2024 23:09:42.456Z;functions.desmark_filter;  AGUARDANDO 1
20-07-2024 23:09:44.701Z;functions.desmark_filter;  CLICK CHECKBOX LANÇAMENTOS A RECEBER
20-07-2024 23:09:47.186Z;functions.desmark_filter;  CLICK CHECKBOX LANÇAMENTOS BAIXADOS
20-07-2024 23:09:49.732Z;functions.desmark_filter;  CLICK CHECKBOX LANÇAMENTOS CANCELADOS
20-07-2024 23:09:52.325Z;functions.desmark_filter;  CLICK CHECKBOX LANÇAMENTOS FATURADOS
20-07-2024 23:09:55.241Z;functions.desmark_filter;  ATUALIZA O FILTRO
20-07-2024 23:09:55.419Z;functions.waitForImage;  FILTER CLEAN image found.
20-07-2024 23:09:57.525Z;functions.filter_clean;  CLICK NO BOTÃO X DO LIMPA FILTRO
20-07-2024 23:10:12.825Z;functions.waitForImage;  FILTER CLEAN image not found.
20-07-2024 23:10:28.169Z;functions.waitForImage;  FILTER CLEAN image not found.
20-07-2024 23:10:31.325Z;functions.tabela_vazia;  Texto extraido 0/0
20-07-2024 23:10:31.325Z;functions.tabela_vazia;  Count 0
20-07-2024 23:10:31.325Z;functions.tabela_vazia;  Type <class 'int'>
20-07-2024 23:10:33.330Z;functions.tabela_vazia;  SEM REMESSA DE FÉRIAS/RESCISÃO
20-07-2024 23:10:35.331Z;main.<module>;  SEM REMESSA DE FÉRIAS/RESCISÃO
20-07-2024 23:10:38.716Z;errorhandler.__handle;  Property: Unknown Property name. [1:203: -ms-interpolation-mode]
20-07-2024 23:10:38.748Z;errorhandler.__handle;  Property: Unknown Property name. [1:353: -webkit-font-smoothing]
20-07-2024 23:10:38.763Z;errorhandler.__handle;  Property: Unknown Property name. [1:483: -ms-text-size-adjust]
20-07-2024 23:10:38.763Z;errorhandler.__handle;  Property: Unknown Property name. [1:518: -webkit-text-size-adjust]
20-07-2024 23:10:38.763Z;errorhandler.__handle;  Property: Unknown Property name. [1:612: mso-table-lspace]
20-07-2024 23:10:38.763Z;errorhandler.__handle;  Property: Unknown Property name. [1:642: mso-table-rspace]
20-07-2024 23:10:39.013Z;errorhandler.__handle;  Property: Unknown Property name. [1:4734: mso-hide]
20-07-2024 23:10:39.107Z;errorhandler.__handle;  Property: Unknown Property name. [1:13: -ms-interpolation-mode]
20-07-2024 23:10:39.107Z;errorhandler.__handle;  Property: Unknown Property name. [1:49: -webkit-font-smoothing]
20-07-2024 23:10:39.123Z;errorhandler.__handle;  Property: Unknown Property name. [1:134: -ms-text-size-adjust]
20-07-2024 23:10:39.123Z;errorhandler.__handle;  Property: Unknown Property name. [1:160: -webkit-text-size-adjust]
20-07-2024 23:10:39.123Z;errorhandler.__handle;  Property: Unknown Property name. [1:26: mso-table-lspace]
20-07-2024 23:10:39.123Z;errorhandler.__handle;  Property: Unknown Property name. [1:45: mso-table-rspace]
20-07-2024 23:10:39.169Z;errorhandler.__handle;  Property: Unknown Property name. [1:92: mso-hide]
20-07-2024 23:10:39.169Z;errorhandler.__handle;  Property: No ":" after name found: align-center [1:1: align-center]
20-07-2024 23:10:39.169Z;errorhandler.__handle;  Property: No property value found: align-center [1:1: align-center]
20-07-2024 23:10:39.169Z;errorhandler.__handle;  CSSStyleDeclaration: Syntax Error in Property: align-center
20-07-2024 23:10:39.185Z;errorhandler.__handle;  Property: Unknown Property name. [1:14: -ms-interpolation-mode]
20-07-2024 23:10:42.044Z;functions.emailFinalizado;  Finalizado e-mail sent.
20-07-2024 23:10:42.513Z;functions.encerra_prog;  RM ENCERRADO
