08-02-2024 13:45:01.600Z;errorhandler.__handle;  Property: Unknown Property name. [1:203: -ms-interpolation-mode]
08-02-2024 13:45:01.609Z;errorhandler.__handle;  Property: Unknown Property name. [1:353: -webkit-font-smoothing]
08-02-2024 13:45:01.613Z;errorhandler.__handle;  Property: Unknown Property name. [1:483: -ms-text-size-adjust]
08-02-2024 13:45:01.615Z;errorhandler.__handle;  Property: Unknown Property name. [1:518: -webkit-text-size-adjust]
08-02-2024 13:45:01.616Z;errorhandler.__handle;  Property: Unknown Property name. [1:612: mso-table-lspace]
08-02-2024 13:45:01.634Z;errorhandler.__handle;  Property: Unknown Property name. [1:642: mso-table-rspace]
08-02-2024 13:45:01.759Z;errorhandler.__handle;  Property: Unknown Property name. [1:4734: mso-hide]
08-02-2024 13:45:01.809Z;errorhandler.__handle;  Property: Unknown Property name. [1:13: -ms-interpolation-mode]
08-02-2024 13:45:01.811Z;errorhandler.__handle;  Property: Unknown Property name. [1:49: -webkit-font-smoothing]
08-02-2024 13:45:01.812Z;errorhandler.__handle;  Property: Unknown Property name. [1:134: -ms-text-size-adjust]
08-02-2024 13:45:01.813Z;errorhandler.__handle;  Property: Unknown Property name. [1:160: -webkit-text-size-adjust]
08-02-2024 13:45:01.831Z;errorhandler.__handle;  Property: Unknown Property name. [1:26: mso-table-lspace]
08-02-2024 13:45:01.832Z;errorhandler.__handle;  Property: Unknown Property name. [1:45: mso-table-rspace]
08-02-2024 13:45:01.861Z;errorhandler.__handle;  Property: Unknown Property name. [1:92: mso-hide]
08-02-2024 13:45:01.866Z;errorhandler.__handle;  Property: No ":" after name found: align-center [1:1: align-center]
08-02-2024 13:45:01.866Z;errorhandler.__handle;  Property: No property value found: align-center [1:1: align-center]
08-02-2024 13:45:01.867Z;errorhandler.__handle;  CSSStyleDeclaration: Syntax Error in Property: align-center
08-02-2024 13:45:01.868Z;errorhandler.__handle;  Property: Unknown Property name. [1:14: -ms-interpolation-mode]
08-02-2024 13:45:03.523Z;teste.emailErro;  Success e-mail sent.
08-02-2024 13:45:04.464Z;errorhandler.__handle;  Property: Unknown Property name. [1:14: -ms-interpolation-mode]
08-02-2024 13:45:06.224Z;teste.emailFinalizado;  Finalizado e-mail sent.
08-02-2024 13:45:07.440Z;errorhandler.__handle;  CSSStyleDeclaration: Unexpected token, ignoring upto '{        border: none;'. [1:174: {]
08-02-2024 13:45:07.441Z;errorhandler.__handle;  Property: Unknown Property name. [1:204: -ms-interpolation-mode]
08-02-2024 13:45:07.441Z;errorhandler.__handle;  CSSStyleDeclaration: Unexpected token, ignoring upto '}'. [1:267: }]
08-02-2024 13:45:07.442Z;errorhandler.__handle;  CSSStyleDeclaration: Unexpected token, ignoring upto '{        background-color: #f6f6f6;'. [1:281: {]
08-02-2024 13:45:07.443Z;errorhandler.__handle;  Property: Unknown Property name. [1:356: -webkit-font-smoothing]
08-02-2024 13:45:07.444Z;errorhandler.__handle;  Property: Unknown Property name. [1:486: -ms-text-size-adjust]
08-02-2024 13:45:07.445Z;errorhandler.__handle;  Property: Unknown Property name. [1:521: -webkit-text-size-adjust]
08-02-2024 13:45:07.445Z;errorhandler.__handle;  CSSStyleDeclaration: Unexpected token, ignoring upto '}'. [1:559: }]
08-02-2024 13:45:07.446Z;errorhandler.__handle;  CSSStyleDeclaration: Unexpected token, ignoring upto '{        border-collapse: separate;'. [1:574: {]
08-02-2024 13:45:07.446Z;errorhandler.__handle;  Property: Unknown Property name. [1:617: mso-table-lspace]
08-02-2024 13:45:07.447Z;errorhandler.__handle;  Property: Unknown Property name. [1:647: mso-table-rspace]
08-02-2024 13:45:07.448Z;errorhandler.__handle;  CSSStyleDeclaration: Unexpected token, ignoring upto '}'. [1:690: }]
08-02-2024 13:45:07.449Z;errorhandler.__handle;  CSSStyleDeclaration: Unexpected token, ignoring upto '{          font-family: sans-serif;'. [1:710: {]
08-02-2024 13:45:07.449Z;errorhandler.__handle;  CSSStyleDeclaration: Unexpected token, ignoring upto '}'. [1:808: }]
08-02-2024 13:45:07.450Z;errorhandler.__handle;  CSSStyleDeclaration: Unexpected token, ignoring upto '{        background-color: #f6f6f6;'. [1:941: {]
08-02-2024 13:45:07.451Z;errorhandler.__handle;  CSSStyleDeclaration: Unexpected token, ignoring upto '}'. [1:1003: }]
08-02-2024 13:45:07.453Z;errorhandler.__handle;  CSSStyleDeclaration: Unexpected token, ignoring upto '{        display: block;'. [1:1178: {]
08-02-2024 13:45:07.455Z;errorhandler.__handle;  CSSStyleDeclaration: Unexpected token, ignoring upto '}'. [1:1342: }]
08-02-2024 13:45:07.456Z;errorhandler.__handle;  CSSStyleDeclaration: Unexpected token, ignoring upto '{        box-sizing: border-box;'. [1:1452: {]
08-02-2024 13:45:07.458Z;errorhandler.__handle;  CSSStyleDeclaration: Unexpected token, ignoring upto '}'. [1:1584: }]
08-02-2024 13:45:07.458Z;errorhandler.__handle;  CSSStyleDeclaration: Unexpected token, ignoring upto '{        background: #ffffff;'. [1:1721: {]
08-02-2024 13:45:07.460Z;errorhandler.__handle;  CSSStyleDeclaration: Unexpected token, ignoring upto '}'. [1:1804: }]
08-02-2024 13:45:07.461Z;errorhandler.__handle;  CSSStyleDeclaration: Unexpected token, ignoring upto '{        box-sizing: border-box;'. [1:1822: {]
08-02-2024 13:45:07.462Z;errorhandler.__handle;  CSSStyleDeclaration: Unexpected token, ignoring upto '}'. [1:1883: }]
08-02-2024 13:45:07.463Z;errorhandler.__handle;  CSSStyleDeclaration: Unexpected token, ignoring upto '{        padding-bottom: 10px;'. [1:1907: {]
08-02-2024 13:45:07.465Z;errorhandler.__handle;  CSSStyleDeclaration: Unexpected token, ignoring upto '}'. [1:1969: }]
08-02-2024 13:45:07.466Z;errorhandler.__handle;  CSSStyleDeclaration: Unexpected token, ignoring upto '{        clear: both;'. [1:1986: {]
08-02-2024 13:45:07.467Z;errorhandler.__handle;  CSSStyleDeclaration: Unexpected token, ignoring upto '}'. [1:2086: }]
08-02-2024 13:45:07.469Z;errorhandler.__handle;  CSSStyleDeclaration: Unexpected token, ignoring upto '{          color: #999999;'. [1:2165: {]
08-02-2024 13:45:07.470Z;errorhandler.__handle;  CSSStyleDeclaration: Unexpected token, ignoring upto '}'. [1:2253: }]
08-02-2024 13:45:07.471Z;errorhandler.__handle;  CSSStyleDeclaration: Unexpected token, ignoring upto '{        color: #000000;'. [1:2404: {]
08-02-2024 13:45:07.473Z;errorhandler.__handle;  CSSStyleDeclaration: Unexpected token, ignoring upto '}'. [1:2563: }]
08-02-2024 13:45:07.473Z;errorhandler.__handle;  CSSStyleDeclaration: Unexpected token, ignoring upto '{        font-size: 35px;'. [1:2575: {]
08-02-2024 13:45:07.475Z;errorhandler.__handle;  CSSStyleDeclaration: Unexpected token, ignoring upto '}'. [1:2694: }]
08-02-2024 13:45:07.475Z;errorhandler.__handle;  CSSStyleDeclaration: Unexpected token, ignoring upto '{        font-family: sans-serif;'. [1:2723: {]
08-02-2024 13:45:07.477Z;errorhandler.__handle;  CSSStyleDeclaration: Unexpected token, ignoring upto '}'. [1:2861: }]
08-02-2024 13:45:07.478Z;errorhandler.__handle;  CSSStyleDeclaration: Unexpected token, ignoring upto '{          list-style-position: inside;'. [1:2905: {]
08-02-2024 13:45:07.479Z;errorhandler.__handle;  CSSStyleDeclaration: Unexpected token, ignoring upto '}'. [1:2978: }]
08-02-2024 13:45:07.479Z;errorhandler.__handle;  CSSStyleDeclaration: Unexpected token, ignoring upto '{        color: #3498db;'. [1:2989: {]
08-02-2024 13:45:07.480Z;errorhandler.__handle;  CSSStyleDeclaration: Unexpected token, ignoring upto '}'. [1:3055: }]
08-02-2024 13:45:07.480Z;errorhandler.__handle;  CSSStyleDeclaration: Unexpected token, ignoring upto '{        box-sizing: border-box;'. [1:3178: {]
08-02-2024 13:45:07.481Z;errorhandler.__handle;  CSSStyleDeclaration: Unexpected token, ignoring upto '}'. [1:3231: }]
08-02-2024 13:45:07.482Z;errorhandler.__handle;  CSSStyleDeclaration: Unexpected token, ignoring upto '{          padding-bottom: 15px;'. [1:3265: {]
08-02-2024 13:45:07.482Z;errorhandler.__handle;  CSSStyleDeclaration: Unexpected token, ignoring upto '}'. [1:3298: }]
08-02-2024 13:45:07.483Z;errorhandler.__handle;  CSSStyleDeclaration: Unexpected token, ignoring upto '{          width: auto;'. [1:3320: {]
08-02-2024 13:45:07.484Z;errorhandler.__handle;  CSSStyleDeclaration: Unexpected token, ignoring upto '}'. [1:3350: }]
08-02-2024 13:45:07.486Z;errorhandler.__handle;  CSSStyleDeclaration: Unexpected token, ignoring upto '{          background-color: #ffffff;'. [1:3375: {]
08-02-2024 13:45:07.487Z;errorhandler.__handle;  CSSStyleDeclaration: Unexpected token, ignoring upto '}'. [1:3477: }]
08-02-2024 13:45:07.489Z;errorhandler.__handle;  CSSStyleDeclaration: Unexpected token, ignoring upto '{          background-color: #ffffff;'. [1:3495: {]
08-02-2024 13:45:07.492Z;errorhandler.__handle;  CSSStyleDeclaration: Unexpected token, ignoring upto '}'. [1:3892: }]
08-02-2024 13:45:07.493Z;errorhandler.__handle;  CSSStyleDeclaration: Unexpected token, ignoring upto '{        background-color: #3498db;'. [1:3923: {]
08-02-2024 13:45:07.494Z;errorhandler.__handle;  CSSStyleDeclaration: Unexpected token, ignoring upto '}'. [1:3965: }]
08-02-2024 13:45:07.495Z;errorhandler.__handle;  CSSStyleDeclaration: Unexpected token, ignoring upto '{        background-color: #3498db;'. [1:3989: {]
08-02-2024 13:45:07.497Z;errorhandler.__handle;  CSSStyleDeclaration: Unexpected token, ignoring upto '}'. [1:4084: }]
08-02-2024 13:45:07.498Z;errorhandler.__handle;  CSSStyleDeclaration: Unexpected token, ignoring upto '{        margin-bottom: 0;'. [1:4234: {]
08-02-2024 13:45:07.499Z;errorhandler.__handle;  CSSStyleDeclaration: Unexpected token, ignoring upto '}'. [1:4267: }]
08-02-2024 13:45:07.500Z;errorhandler.__handle;  CSSStyleDeclaration: Unexpected token, ignoring upto '{        margin-top: 0;'. [1:4283: {]
08-02-2024 13:45:07.501Z;errorhandler.__handle;  CSSStyleDeclaration: Unexpected token, ignoring upto '}'. [1:4313: }]
08-02-2024 13:45:07.502Z;errorhandler.__handle;  CSSStyleDeclaration: Unexpected token, ignoring upto '{        text-align: center;'. [1:4336: {]
08-02-2024 13:45:07.503Z;errorhandler.__handle;  CSSStyleDeclaration: Unexpected token, ignoring upto '}'. [1:4371: }]
08-02-2024 13:45:07.504Z;errorhandler.__handle;  CSSStyleDeclaration: Unexpected token, ignoring upto '{        text-align: right;'. [1:4393: {]
08-02-2024 13:45:07.505Z;errorhandler.__handle;  CSSStyleDeclaration: Unexpected token, ignoring upto '}'. [1:4427: }]
08-02-2024 13:45:07.505Z;errorhandler.__handle;  CSSStyleDeclaration: Unexpected token, ignoring upto '{        text-align: left;'. [1:4448: {]
08-02-2024 13:45:07.506Z;errorhandler.__handle;  CSSStyleDeclaration: Unexpected token, ignoring upto '}'. [1:4481: }]
08-02-2024 13:45:07.506Z;errorhandler.__handle;  CSSStyleDeclaration: Unexpected token, ignoring upto '{        clear: both;'. [1:4497: {]
08-02-2024 13:45:07.507Z;errorhandler.__handle;  CSSStyleDeclaration: Unexpected token, ignoring upto '}'. [1:4525: }]
08-02-2024 13:45:07.508Z;errorhandler.__handle;  CSSStyleDeclaration: Unexpected token, ignoring upto '{        margin-top: 0;'. [1:4539: {]
08-02-2024 13:45:07.510Z;errorhandler.__handle;  CSSStyleDeclaration: Unexpected token, ignoring upto '}'. [1:4569: }]
08-02-2024 13:45:07.511Z;errorhandler.__handle;  CSSStyleDeclaration: Unexpected token, ignoring upto '{        margin-bottom: 0;'. [1:4583: {]
08-02-2024 13:45:07.511Z;errorhandler.__handle;  CSSStyleDeclaration: Unexpected token, ignoring upto '}'. [1:4616: }]
08-02-2024 13:45:07.512Z;errorhandler.__handle;  CSSStyleDeclaration: Unexpected token, ignoring upto '{        color: transparent;'. [1:4636: {]
08-02-2024 13:45:07.532Z;errorhandler.__handle;  Property: Unknown Property name. [1:4799: mso-hide]
08-02-2024 13:45:07.538Z;errorhandler.__handle;  CSSStyleDeclaration: Unexpected token, ignoring upto '}'. [1:4864: }]
08-02-2024 13:45:07.553Z;errorhandler.__handle;  CSSStyleDeclaration: Unexpected token, ignoring upto '{        text-decoration: none;'. [1:4887: {]
08-02-2024 13:45:07.554Z;errorhandler.__handle;  CSSStyleDeclaration: Unexpected token, ignoring upto '}'. [1:4925: }]
08-02-2024 13:45:07.555Z;errorhandler.__handle;  CSSStyleDeclaration: Unexpected token, ignoring upto '{        border: 0;'. [1:4937: {]
08-02-2024 13:45:07.558Z;errorhandler.__handle;  CSSStyleDeclaration: Unexpected token, ignoring upto '}'. [1:5027: }]
08-02-2024 13:45:07.560Z;errorhandler.__handle;  CSSStyleRule: No selector found: '{        table.body h1 {{          font-size: 28px !important;          margin-bottom: 10px !important;         }}        table.body p,        table.body ul,        table.body ol,        table.body td,        table.body span,        table.body a {{          font-size: 16px !important;         }}        table.body .wrapper,        table.body .article {{          padding: 10px !important;         }}        table.body .content {{          padding: 0 !important;         }}        table.body .container {{          padding: 0 !important;          width: 100% !important;         }}        table.body .main {{          border-left-width: 0 !important;          border-radius: 0 !important;          border-right-width: 0 !important;         }}        table.body .btn table {{          width: 100% !important;         }}        table.body .btn a {{          width: 100% !important;         }}        table.body .img-responsive {{          height: auto !important;          max-width: 100% !important;          width: auto !important;         }}      }'. [1:5217: {]
08-02-2024 13:45:07.563Z;errorhandler.__handle;  SelectorList: Unknown Syntax: ''
08-02-2024 13:45:07.580Z;errorhandler.__handle;  Property: No ":" after name found: table.body h1 {{          font-size: 28px !important;          margin-bottom: 10px !important;         }}        table.body p,        table.body ul,        table.body ol,        table.body td,        table.body span,        table.body a {{          font-size: 16px !important;         }}        table.body .wrapper,        table.body .article {{          padding: 10px !important;         }}        table.body .content {{          padding: 0 !important;         }}        table.body .container {{          padding: 0 !important;          width: 100% !important;         }}        table.body .main {{          border-left-width: 0 !important;          border-radius: 0 !important;          border-right-width: 0 !important;         }}        table.body .btn table {{          width: 100% !important;         }}        table.body .btn a {{          width: 100% !important;         }}        table.body .img-responsive {{          height: auto !important;          max-width: 100% !important;          width: auto !important;         }}       [1:6259:       ]
08-02-2024 13:45:07.584Z;errorhandler.__handle;  Property: No property value found: table.body h1 {{          font-size: 28px !important;          margin-bottom: 10px !important;         }}        table.body p,        table.body ul,        table.body ol,        table.body td,        table.body span,        table.body a {{          font-size: 16px !important;         }}        table.body .wrapper,        table.body .article {{          padding: 10px !important;         }}        table.body .content {{          padding: 0 !important;         }}        table.body .container {{          padding: 0 !important;          width: 100% !important;         }}        table.body .main {{          border-left-width: 0 !important;          border-radius: 0 !important;          border-right-width: 0 !important;         }}        table.body .btn table {{          width: 100% !important;         }}        table.body .btn a {{          width: 100% !important;         }}        table.body .img-responsive {{          height: auto !important;          max-width: 100% !important;          width: auto !important;         }}       [1:6259:       ]
08-02-2024 13:45:07.587Z;errorhandler.__handle;  CSSStyleDeclaration: Syntax Error in Property: table.body h1 {{          font-size: 28px !important;          margin-bottom: 10px !important;         }}        table.body p,        table.body ul,        table.body ol,        table.body td,        table.body span,        table.body a {{          font-size: 16px !important;         }}        table.body .wrapper,        table.body .article {{          padding: 10px !important;         }}        table.body .content {{          padding: 0 !important;         }}        table.body .container {{          padding: 0 !important;          width: 100% !important;         }}        table.body .main {{          border-left-width: 0 !important;          border-radius: 0 !important;          border-right-width: 0 !important;         }}        table.body .btn table {{          width: 100% !important;         }}        table.body .btn a {{          width: 100% !important;         }}        table.body .img-responsive {{          height: auto !important;          max-width: 100% !important;          width: auto !important;         }}      
08-02-2024 13:45:07.614Z;errorhandler.__handle;  CSSStyleRule: No selector found: '{        .ExternalClass {{          width: 100%;         }}        .ExternalClass,        .ExternalClass p,        .ExternalClass span,        .ExternalClass font,        .ExternalClass td,        .ExternalClass div {{          line-height: 100%;         }}        .apple-link a {{          color: inherit !important;          font-family: inherit !important;          font-size: inherit !important;          font-weight: inherit !important;          line-height: inherit !important;          text-decoration: none !important;         }}        #MessageViewBody a {{          color: inherit;          text-decoration: none;          font-size: inherit;          font-family: inherit;          font-weight: inherit;          line-height: inherit;        }}        .btn-primary table td:hover {{          background-color: #34495e !important;         }}        .btn-primary a:hover {{          background-color: #34495e !important;          border-color: #34495e !important;         }}       }'. [1:6420: {]
08-02-2024 13:45:07.616Z;errorhandler.__handle;  SelectorList: Unknown Syntax: ''
08-02-2024 13:45:07.617Z;errorhandler.__handle;  CSSStyleDeclaration: Unexpected token, ignoring upto '.ExternalClass {{          width: 100%;         }}        .ExternalClass,        .ExternalClass p,        .ExternalClass span,        .ExternalClass font,        .ExternalClass td,        .ExternalClass div {{          line-height: 100%;         }}        .apple-link a {{          color: inherit !important;          font-family: inherit !important;          font-size: inherit !important;          font-weight: inherit !important;          line-height: inherit !important;          text-decoration: none !important;         }}        #MessageViewBody a {{          color: inherit;          text-decoration: none;          font-size: inherit;          font-family: inherit;          font-weight: inherit;          line-height: inherit;        }}        .btn-primary table td:hover {{          background-color: #34495e !important;         }}        .btn-primary a:hover {{          background-color: #34495e !important;          border-color: #34495e !important;         }}       '. [1:6429: .]
08-02-2024 13:45:07.625Z;errorhandler.__handle;  Property: Unknown Property name. [1:1: -ms-interpolation-mode]
08-02-2024 13:45:07.642Z;errorhandler.__handle;  Property: Unknown Property name. [1:24: -webkit-font-smoothing]
08-02-2024 13:45:07.644Z;errorhandler.__handle;  Property: Unknown Property name. [1:109: -ms-text-size-adjust]
08-02-2024 13:45:07.645Z;errorhandler.__handle;  Property: Unknown Property name. [1:135: -webkit-text-size-adjust]
08-02-2024 13:45:07.646Z;errorhandler.__handle;  Property: Unknown Property name. [1:1: mso-table-lspace]
08-02-2024 13:45:07.647Z;errorhandler.__handle;  Property: Unknown Property name. [1:20: mso-table-rspace]
08-02-2024 13:45:07.655Z;errorhandler.__handle;  Property: Unknown Property name. [1:74: mso-hide]
08-02-2024 13:45:07.659Z;errorhandler.__handle;  Property: Unknown Property name. [1:1: -ms-interpolation-mode]
08-02-2024 13:45:09.424Z;teste.emailSuccess;  Success e-mail sent.
