08-02-2024 13:46:39.289Z;errorhandler.__handle;  CSSStyleDeclaration: Unexpected token, ignoring upto '{        border: none;'. [1:174: {]
08-02-2024 13:46:39.290Z;errorhandler.__handle;  Property: Unknown Property name. [1:204: -ms-interpolation-mode]
08-02-2024 13:46:39.291Z;errorhandler.__handle;  CSSStyleDeclaration: Unexpected token, ignoring upto '}'. [1:267: }]
08-02-2024 13:46:39.292Z;errorhandler.__handle;  CSSStyleDeclaration: Unexpected token, ignoring upto '{        background-color: #f6f6f6;'. [1:281: {]
08-02-2024 13:46:39.295Z;errorhandler.__handle;  Property: Unknown Property name. [1:356: -webkit-font-smoothing]
08-02-2024 13:46:39.299Z;errorhandler.__handle;  Property: Unknown Property name. [1:486: -ms-text-size-adjust]
08-02-2024 13:46:39.300Z;errorhandler.__handle;  Property: Unknown Property name. [1:521: -webkit-text-size-adjust]
08-02-2024 13:46:39.301Z;errorhandler.__handle;  CSSStyleDeclaration: Unexpected token, ignoring upto '}'. [1:559: }]
08-02-2024 13:46:39.318Z;errorhandler.__handle;  CSSStyleDeclaration: Unexpected token, ignoring upto '{        border-collapse: separate;'. [1:574: {]
08-02-2024 13:46:39.318Z;errorhandler.__handle;  Property: Unknown Property name. [1:617: mso-table-lspace]
08-02-2024 13:46:39.320Z;errorhandler.__handle;  Property: Unknown Property name. [1:647: mso-table-rspace]
08-02-2024 13:46:39.321Z;errorhandler.__handle;  CSSStyleDeclaration: Unexpected token, ignoring upto '}'. [1:690: }]
08-02-2024 13:46:39.323Z;errorhandler.__handle;  CSSStyleDeclaration: Unexpected token, ignoring upto '{          font-family: sans-serif;'. [1:710: {]
08-02-2024 13:46:39.324Z;errorhandler.__handle;  CSSStyleDeclaration: Unexpected token, ignoring upto '}'. [1:808: }]
08-02-2024 13:46:39.338Z;errorhandler.__handle;  CSSStyleDeclaration: Unexpected token, ignoring upto '{        background-color: #f6f6f6;'. [1:941: {]
08-02-2024 13:46:39.339Z;errorhandler.__handle;  CSSStyleDeclaration: Unexpected token, ignoring upto '}'. [1:1003: }]
08-02-2024 13:46:39.340Z;errorhandler.__handle;  CSSStyleDeclaration: Unexpected token, ignoring upto '{        display: block;'. [1:1178: {]
08-02-2024 13:46:39.343Z;errorhandler.__handle;  CSSStyleDeclaration: Unexpected token, ignoring upto '}'. [1:1342: }]
08-02-2024 13:46:39.344Z;errorhandler.__handle;  CSSStyleDeclaration: Unexpected token, ignoring upto '{        box-sizing: border-box;'. [1:1452: {]
08-02-2024 13:46:39.346Z;errorhandler.__handle;  CSSStyleDeclaration: Unexpected token, ignoring upto '}'. [1:1584: }]
08-02-2024 13:46:39.365Z;errorhandler.__handle;  CSSStyleDeclaration: Unexpected token, ignoring upto '{        background: #ffffff;'. [1:1721: {]
08-02-2024 13:46:39.367Z;errorhandler.__handle;  CSSStyleDeclaration: Unexpected token, ignoring upto '}'. [1:1804: }]
08-02-2024 13:46:39.368Z;errorhandler.__handle;  CSSStyleDeclaration: Unexpected token, ignoring upto '{        box-sizing: border-box;'. [1:1822: {]
08-02-2024 13:46:39.369Z;errorhandler.__handle;  CSSStyleDeclaration: Unexpected token, ignoring upto '}'. [1:1883: }]
08-02-2024 13:46:39.370Z;errorhandler.__handle;  CSSStyleDeclaration: Unexpected token, ignoring upto '{        padding-bottom: 10px;'. [1:1907: {]
08-02-2024 13:46:39.371Z;errorhandler.__handle;  CSSStyleDeclaration: Unexpected token, ignoring upto '}'. [1:1969: }]
08-02-2024 13:46:39.372Z;errorhandler.__handle;  CSSStyleDeclaration: Unexpected token, ignoring upto '{        clear: both;'. [1:1986: {]
08-02-2024 13:46:39.373Z;errorhandler.__handle;  CSSStyleDeclaration: Unexpected token, ignoring upto '}'. [1:2086: }]
08-02-2024 13:46:39.375Z;errorhandler.__handle;  CSSStyleDeclaration: Unexpected token, ignoring upto '{          color: #999999;'. [1:2165: {]
08-02-2024 13:46:39.377Z;errorhandler.__handle;  CSSStyleDeclaration: Unexpected token, ignoring upto '}'. [1:2253: }]
08-02-2024 13:46:39.378Z;errorhandler.__handle;  CSSStyleDeclaration: Unexpected token, ignoring upto '{        color: #000000;'. [1:2404: {]
08-02-2024 13:46:39.393Z;errorhandler.__handle;  CSSStyleDeclaration: Unexpected token, ignoring upto '}'. [1:2563: }]
08-02-2024 13:46:39.396Z;errorhandler.__handle;  CSSStyleDeclaration: Unexpected token, ignoring upto '{        font-size: 35px;'. [1:2575: {]
08-02-2024 13:46:39.397Z;errorhandler.__handle;  CSSStyleDeclaration: Unexpected token, ignoring upto '}'. [1:2694: }]
08-02-2024 13:46:39.400Z;errorhandler.__handle;  CSSStyleDeclaration: Unexpected token, ignoring upto '{        font-family: sans-serif;'. [1:2723: {]
08-02-2024 13:46:39.404Z;errorhandler.__handle;  CSSStyleDeclaration: Unexpected token, ignoring upto '}'. [1:2861: }]
08-02-2024 13:46:39.409Z;errorhandler.__handle;  CSSStyleDeclaration: Unexpected token, ignoring upto '{          list-style-position: inside;'. [1:2905: {]
08-02-2024 13:46:39.411Z;errorhandler.__handle;  CSSStyleDeclaration: Unexpected token, ignoring upto '}'. [1:2978: }]
08-02-2024 13:46:39.428Z;errorhandler.__handle;  CSSStyleDeclaration: Unexpected token, ignoring upto '{        color: #3498db;'. [1:2989: {]
08-02-2024 13:46:39.429Z;errorhandler.__handle;  CSSStyleDeclaration: Unexpected token, ignoring upto '}'. [1:3055: }]
08-02-2024 13:46:39.430Z;errorhandler.__handle;  CSSStyleDeclaration: Unexpected token, ignoring upto '{        box-sizing: border-box;'. [1:3178: {]
08-02-2024 13:46:39.430Z;errorhandler.__handle;  CSSStyleDeclaration: Unexpected token, ignoring upto '}'. [1:3231: }]
08-02-2024 13:46:39.431Z;errorhandler.__handle;  CSSStyleDeclaration: Unexpected token, ignoring upto '{          padding-bottom: 15px;'. [1:3265: {]
08-02-2024 13:46:39.432Z;errorhandler.__handle;  CSSStyleDeclaration: Unexpected token, ignoring upto '}'. [1:3298: }]
08-02-2024 13:46:39.432Z;errorhandler.__handle;  CSSStyleDeclaration: Unexpected token, ignoring upto '{          width: auto;'. [1:3320: {]
08-02-2024 13:46:39.433Z;errorhandler.__handle;  CSSStyleDeclaration: Unexpected token, ignoring upto '}'. [1:3350: }]
08-02-2024 13:46:39.434Z;errorhandler.__handle;  CSSStyleDeclaration: Unexpected token, ignoring upto '{          background-color: #ffffff;'. [1:3375: {]
08-02-2024 13:46:39.435Z;errorhandler.__handle;  CSSStyleDeclaration: Unexpected token, ignoring upto '}'. [1:3477: }]
08-02-2024 13:46:39.437Z;errorhandler.__handle;  CSSStyleDeclaration: Unexpected token, ignoring upto '{          background-color: #ffffff;'. [1:3495: {]
08-02-2024 13:46:39.538Z;errorhandler.__handle;  CSSStyleDeclaration: Unexpected token, ignoring upto '}'. [1:3892: }]
08-02-2024 13:46:39.550Z;errorhandler.__handle;  CSSStyleDeclaration: Unexpected token, ignoring upto '{        background-color: #3498db;'. [1:3923: {]
08-02-2024 13:46:39.551Z;errorhandler.__handle;  CSSStyleDeclaration: Unexpected token, ignoring upto '}'. [1:3965: }]
08-02-2024 13:46:39.553Z;errorhandler.__handle;  CSSStyleDeclaration: Unexpected token, ignoring upto '{        background-color: #3498db;'. [1:3989: {]
08-02-2024 13:46:39.566Z;errorhandler.__handle;  CSSStyleDeclaration: Unexpected token, ignoring upto '}'. [1:4084: }]
08-02-2024 13:46:39.582Z;errorhandler.__handle;  CSSStyleDeclaration: Unexpected token, ignoring upto '{        margin-bottom: 0;'. [1:4234: {]
08-02-2024 13:46:39.583Z;errorhandler.__handle;  CSSStyleDeclaration: Unexpected token, ignoring upto '}'. [1:4267: }]
08-02-2024 13:46:39.584Z;errorhandler.__handle;  CSSStyleDeclaration: Unexpected token, ignoring upto '{        margin-top: 0;'. [1:4283: {]
08-02-2024 13:46:39.585Z;errorhandler.__handle;  CSSStyleDeclaration: Unexpected token, ignoring upto '}'. [1:4313: }]
08-02-2024 13:46:39.585Z;errorhandler.__handle;  CSSStyleDeclaration: Unexpected token, ignoring upto '{        text-align: center;'. [1:4336: {]
08-02-2024 13:46:39.586Z;errorhandler.__handle;  CSSStyleDeclaration: Unexpected token, ignoring upto '}'. [1:4371: }]
08-02-2024 13:46:39.587Z;errorhandler.__handle;  CSSStyleDeclaration: Unexpected token, ignoring upto '{        text-align: right;'. [1:4393: {]
08-02-2024 13:46:39.588Z;errorhandler.__handle;  CSSStyleDeclaration: Unexpected token, ignoring upto '}'. [1:4427: }]
08-02-2024 13:46:39.589Z;errorhandler.__handle;  CSSStyleDeclaration: Unexpected token, ignoring upto '{        text-align: left;'. [1:4448: {]
08-02-2024 13:46:39.590Z;errorhandler.__handle;  CSSStyleDeclaration: Unexpected token, ignoring upto '}'. [1:4481: }]
08-02-2024 13:46:39.591Z;errorhandler.__handle;  CSSStyleDeclaration: Unexpected token, ignoring upto '{        clear: both;'. [1:4497: {]
08-02-2024 13:46:39.593Z;errorhandler.__handle;  CSSStyleDeclaration: Unexpected token, ignoring upto '}'. [1:4525: }]
08-02-2024 13:46:39.596Z;errorhandler.__handle;  CSSStyleDeclaration: Unexpected token, ignoring upto '{        margin-top: 0;'. [1:4539: {]
08-02-2024 13:46:39.597Z;errorhandler.__handle;  CSSStyleDeclaration: Unexpected token, ignoring upto '}'. [1:4569: }]
08-02-2024 13:46:39.598Z;errorhandler.__handle;  CSSStyleDeclaration: Unexpected token, ignoring upto '{        margin-bottom: 0;'. [1:4583: {]
08-02-2024 13:46:39.599Z;errorhandler.__handle;  CSSStyleDeclaration: Unexpected token, ignoring upto '}'. [1:4616: }]
08-02-2024 13:46:39.600Z;errorhandler.__handle;  CSSStyleDeclaration: Unexpected token, ignoring upto '{        color: transparent;'. [1:4636: {]
08-02-2024 13:46:39.616Z;errorhandler.__handle;  Property: Unknown Property name. [1:4799: mso-hide]
08-02-2024 13:46:39.621Z;errorhandler.__handle;  CSSStyleDeclaration: Unexpected token, ignoring upto '}'. [1:4864: }]
08-02-2024 13:46:39.622Z;errorhandler.__handle;  CSSStyleDeclaration: Unexpected token, ignoring upto '{        text-decoration: none;'. [1:4887: {]
08-02-2024 13:46:39.623Z;errorhandler.__handle;  CSSStyleDeclaration: Unexpected token, ignoring upto '}'. [1:4925: }]
08-02-2024 13:46:39.625Z;errorhandler.__handle;  CSSStyleDeclaration: Unexpected token, ignoring upto '{        border: 0;'. [1:4937: {]
08-02-2024 13:46:39.626Z;errorhandler.__handle;  CSSStyleDeclaration: Unexpected token, ignoring upto '}'. [1:5027: }]
08-02-2024 13:46:39.634Z;errorhandler.__handle;  CSSStyleRule: No selector found: '{        table.body h1 {{          font-size: 28px !important;          margin-bottom: 10px !important;         }}        table.body p,        table.body ul,        table.body ol,        table.body td,        table.body span,        table.body a {{          font-size: 16px !important;         }}        table.body .wrapper,        table.body .article {{          padding: 10px !important;         }}        table.body .content {{          padding: 0 !important;         }}        table.body .container {{          padding: 0 !important;          width: 100% !important;         }}        table.body .main {{          border-left-width: 0 !important;          border-radius: 0 !important;          border-right-width: 0 !important;         }}        table.body .btn table {{          width: 100% !important;         }}        table.body .btn a {{          width: 100% !important;         }}        table.body .img-responsive {{          height: auto !important;          max-width: 100% !important;          width: auto !important;         }}      }'. [1:5217: {]
08-02-2024 13:46:39.661Z;errorhandler.__handle;  SelectorList: Unknown Syntax: ''
08-02-2024 13:46:39.711Z;errorhandler.__handle;  Property: No ":" after name found: table.body h1 {{          font-size: 28px !important;          margin-bottom: 10px !important;         }}        table.body p,        table.body ul,        table.body ol,        table.body td,        table.body span,        table.body a {{          font-size: 16px !important;         }}        table.body .wrapper,        table.body .article {{          padding: 10px !important;         }}        table.body .content {{          padding: 0 !important;         }}        table.body .container {{          padding: 0 !important;          width: 100% !important;         }}        table.body .main {{          border-left-width: 0 !important;          border-radius: 0 !important;          border-right-width: 0 !important;         }}        table.body .btn table {{          width: 100% !important;         }}        table.body .btn a {{          width: 100% !important;         }}        table.body .img-responsive {{          height: auto !important;          max-width: 100% !important;          width: auto !important;         }}       [1:6259:       ]
08-02-2024 13:46:39.719Z;errorhandler.__handle;  Property: No property value found: table.body h1 {{          font-size: 28px !important;          margin-bottom: 10px !important;         }}        table.body p,        table.body ul,        table.body ol,        table.body td,        table.body span,        table.body a {{          font-size: 16px !important;         }}        table.body .wrapper,        table.body .article {{          padding: 10px !important;         }}        table.body .content {{          padding: 0 !important;         }}        table.body .container {{          padding: 0 !important;          width: 100% !important;         }}        table.body .main {{          border-left-width: 0 !important;          border-radius: 0 !important;          border-right-width: 0 !important;         }}        table.body .btn table {{          width: 100% !important;         }}        table.body .btn a {{          width: 100% !important;         }}        table.body .img-responsive {{          height: auto !important;          max-width: 100% !important;          width: auto !important;         }}       [1:6259:       ]
08-02-2024 13:46:39.722Z;errorhandler.__handle;  CSSStyleDeclaration: Syntax Error in Property: table.body h1 {{          font-size: 28px !important;          margin-bottom: 10px !important;         }}        table.body p,        table.body ul,        table.body ol,        table.body td,        table.body span,        table.body a {{          font-size: 16px !important;         }}        table.body .wrapper,        table.body .article {{          padding: 10px !important;         }}        table.body .content {{          padding: 0 !important;         }}        table.body .container {{          padding: 0 !important;          width: 100% !important;         }}        table.body .main {{          border-left-width: 0 !important;          border-radius: 0 !important;          border-right-width: 0 !important;         }}        table.body .btn table {{          width: 100% !important;         }}        table.body .btn a {{          width: 100% !important;         }}        table.body .img-responsive {{          height: auto !important;          max-width: 100% !important;          width: auto !important;         }}      
08-02-2024 13:46:39.726Z;errorhandler.__handle;  CSSStyleRule: No selector found: '{        .ExternalClass {{          width: 100%;         }}        .ExternalClass,        .ExternalClass p,        .ExternalClass span,        .ExternalClass font,        .ExternalClass td,        .ExternalClass div {{          line-height: 100%;         }}        .apple-link a {{          color: inherit !important;          font-family: inherit !important;          font-size: inherit !important;          font-weight: inherit !important;          line-height: inherit !important;          text-decoration: none !important;         }}        #MessageViewBody a {{          color: inherit;          text-decoration: none;          font-size: inherit;          font-family: inherit;          font-weight: inherit;          line-height: inherit;        }}        .btn-primary table td:hover {{          background-color: #34495e !important;         }}        .btn-primary a:hover {{          background-color: #34495e !important;          border-color: #34495e !important;         }}       }'. [1:6420: {]
08-02-2024 13:46:39.784Z;errorhandler.__handle;  SelectorList: Unknown Syntax: ''
08-02-2024 13:46:39.786Z;errorhandler.__handle;  CSSStyleDeclaration: Unexpected token, ignoring upto '.ExternalClass {{          width: 100%;         }}        .ExternalClass,        .ExternalClass p,        .ExternalClass span,        .ExternalClass font,        .ExternalClass td,        .ExternalClass div {{          line-height: 100%;         }}        .apple-link a {{          color: inherit !important;          font-family: inherit !important;          font-size: inherit !important;          font-weight: inherit !important;          line-height: inherit !important;          text-decoration: none !important;         }}        #MessageViewBody a {{          color: inherit;          text-decoration: none;          font-size: inherit;          font-family: inherit;          font-weight: inherit;          line-height: inherit;        }}        .btn-primary table td:hover {{          background-color: #34495e !important;         }}        .btn-primary a:hover {{          background-color: #34495e !important;          border-color: #34495e !important;         }}       '. [1:6429: .]
08-02-2024 13:46:39.793Z;errorhandler.__handle;  Property: Unknown Property name. [1:1: -ms-interpolation-mode]
08-02-2024 13:46:39.794Z;errorhandler.__handle;  Property: Unknown Property name. [1:24: -webkit-font-smoothing]
08-02-2024 13:46:39.796Z;errorhandler.__handle;  Property: Unknown Property name. [1:109: -ms-text-size-adjust]
08-02-2024 13:46:39.797Z;errorhandler.__handle;  Property: Unknown Property name. [1:135: -webkit-text-size-adjust]
08-02-2024 13:46:39.799Z;errorhandler.__handle;  Property: Unknown Property name. [1:1: mso-table-lspace]
08-02-2024 13:46:39.799Z;errorhandler.__handle;  Property: Unknown Property name. [1:20: mso-table-rspace]
08-02-2024 13:46:39.808Z;errorhandler.__handle;  Property: Unknown Property name. [1:74: mso-hide]
08-02-2024 13:46:39.813Z;errorhandler.__handle;  Property: No ":" after name found: align-center [1:1: align-center]
08-02-2024 13:46:39.813Z;errorhandler.__handle;  Property: No property value found: align-center [1:1: align-center]
08-02-2024 13:46:39.814Z;errorhandler.__handle;  CSSStyleDeclaration: Syntax Error in Property: align-center
08-02-2024 13:46:39.815Z;errorhandler.__handle;  Property: Unknown Property name. [1:1: -ms-interpolation-mode]
08-02-2024 13:46:41.400Z;teste.emailSuccess;  Success e-mail sent.
