08-02-2024 16:45:49.350Z;functions.bot_text_art;      ____   
08-02-2024 16:45:49.351Z;functions.bot_text_art;     [____]    
08-02-2024 16:45:49.351Z;functions.bot_text_art;   |=]()()[=|  
08-02-2024 16:45:49.351Z;functions.bot_text_art;     _\==/__    _____    ____     _        _____    ___   _  __
08-02-2024 16:45:49.352Z;functions.bot_text_art;   |__|   |_|  |  _  \  / ___|   | |      |_   _| / ___| | |/ /
08-02-2024 16:45:49.352Z;functions.bot_text_art;   |_|_/\_|_|  | |  | | | |      | |        | |   | |    | ' / 
08-02-2024 16:45:49.352Z;functions.bot_text_art;   | | __ | |  | |  | | | |      | |        | |   | |    |  <  
08-02-2024 16:45:49.353Z;functions.bot_text_art;   |_|[  ]|_|  | |__| | | |____  | |____   _| |_  | |__  | . \ 
08-02-2024 16:45:49.354Z;functions.bot_text_art;   \_|_||_|_/  |_____/   \_____| |______| |_____| \ ___| |_|\_\
08-02-2024 16:45:49.354Z;functions.bot_text_art;     |_||_|                                                     
08-02-2024 16:45:49.354Z;functions.bot_text_art;     | ||_|_   
08-02-2024 16:45:49.354Z;functions.bot_text_art;   |___||___|  
08-02-2024 16:45:49.355Z;functions.bot_text_art;               
08-02-2024 16:45:49.358Z;functions.open_RM;  OPEN PROGRAM RM
08-02-2024 16:45:57.623Z;functions.show_exception_and_exit;  'NoneType' object has no attribute 'click'
Traceback (most recent call last):
  File "c:\Projetos_Remessas\Remessa_Ferias_Rescisao\main.py", line 12, in <module>
    open_RM()
  File "c:\Projetos_Remessas\Remessa_Ferias_Rescisao\SUBPROGRAMS\functions.py", line 76, in open_RM
    click_context.click()
    ^^^^^^^^^^^^^^^^^^^
AttributeError: 'NoneType' object has no attribute 'click'
08-02-2024 16:45:57.743Z;functions.show_exception_and_exit;  PRINT SALVO
08-02-2024 16:45:57.744Z;functions.show_exception_and_exit;  RM FECHADO
08-02-2024 16:45:59.345Z;errorhandler.__handle;  Property: Unknown Property name. [1:203: -ms-interpolation-mode]
08-02-2024 16:45:59.354Z;errorhandler.__handle;  Property: Unknown Property name. [1:353: -webkit-font-smoothing]
08-02-2024 16:45:59.357Z;errorhandler.__handle;  Property: Unknown Property name. [1:483: -ms-text-size-adjust]
08-02-2024 16:45:59.358Z;errorhandler.__handle;  Property: Unknown Property name. [1:518: -webkit-text-size-adjust]
08-02-2024 16:45:59.359Z;errorhandler.__handle;  Property: Unknown Property name. [1:612: mso-table-lspace]
08-02-2024 16:45:59.360Z;errorhandler.__handle;  Property: Unknown Property name. [1:642: mso-table-rspace]
08-02-2024 16:45:59.408Z;errorhandler.__handle;  Property: Unknown Property name. [1:4734: mso-hide]
08-02-2024 16:45:59.434Z;errorhandler.__handle;  Property: Unknown Property name. [1:13: -ms-interpolation-mode]
08-02-2024 16:45:59.436Z;errorhandler.__handle;  Property: Unknown Property name. [1:49: -webkit-font-smoothing]
08-02-2024 16:45:59.437Z;errorhandler.__handle;  Property: Unknown Property name. [1:134: -ms-text-size-adjust]
08-02-2024 16:45:59.438Z;errorhandler.__handle;  Property: Unknown Property name. [1:160: -webkit-text-size-adjust]
08-02-2024 16:45:59.439Z;errorhandler.__handle;  Property: Unknown Property name. [1:26: mso-table-lspace]
08-02-2024 16:45:59.440Z;errorhandler.__handle;  Property: Unknown Property name. [1:45: mso-table-rspace]
08-02-2024 16:45:59.451Z;errorhandler.__handle;  Property: Unknown Property name. [1:92: mso-hide]
08-02-2024 16:45:59.455Z;errorhandler.__handle;  Property: No ":" after name found: align-center [1:1: align-center]
08-02-2024 16:45:59.456Z;errorhandler.__handle;  Property: No property value found: align-center [1:1: align-center]
08-02-2024 16:45:59.456Z;errorhandler.__handle;  CSSStyleDeclaration: Syntax Error in Property: align-center
08-02-2024 16:45:59.457Z;errorhandler.__handle;  Property: Unknown Property name. [1:14: -ms-interpolation-mode]
08-02-2024 16:46:02.312Z;functions.show_exception_and_exit;  EMAIL EXCEÇÃO ENVIADO
08-02-2024 16:46:02.313Z;functions.show_exception_and_exit;  ERRO - <class 'AttributeError'> / 'NoneType' object has no attribute 'click'
