14-06-2024 06:40:42.464Z;functions.bot_text_art;      ____   
14-06-2024 06:40:42.464Z;functions.bot_text_art;     [____]    
14-06-2024 06:40:42.464Z;functions.bot_text_art;   |=]()()[=|  
14-06-2024 06:40:42.464Z;functions.bot_text_art;     _\==/__    _____    ____     _        _____    ___   _  __
14-06-2024 06:40:42.464Z;functions.bot_text_art;   |__|   |_|  |  _  \  / ___|   | |      |_   _| / ___| | |/ /
14-06-2024 06:40:42.464Z;functions.bot_text_art;   |_|_/\_|_|  | |  | | | |      | |        | |   | |    | ' / 
14-06-2024 06:40:42.464Z;functions.bot_text_art;   | | __ | |  | |  | | | |      | |        | |   | |    |  <  
14-06-2024 06:40:42.464Z;functions.bot_text_art;   |_|[  ]|_|  | |__| | | |____  | |____   _| |_  | |__  | . \ 
14-06-2024 06:40:42.480Z;functions.bot_text_art;   \_|_||_|_/  |_____/   \_____| |______| |_____| \ ___| |_|\_\
14-06-2024 06:40:42.480Z;functions.bot_text_art;     |_||_|                                                     
14-06-2024 06:40:42.480Z;functions.bot_text_art;     | ||_|_   
14-06-2024 06:40:42.480Z;functions.bot_text_art;   |___||___|  
14-06-2024 06:40:42.480Z;functions.bot_text_art;               
14-06-2024 06:40:42.480Z;functions.open_RM;  OPEN PROGRAM RM
14-06-2024 06:41:03.305Z;functions.loggin_RM;  ENTRAR USER_NAME
14-06-2024 06:41:06.790Z;functions.loggin_RM;  ENTRAR PASSWORD
14-06-2024 06:41:08.099Z;functions.loggin_RM;  ENTRAR RM
14-06-2024 06:44:11.070Z;functions.loggin_RM;  FILTRO NÃO ENCONTRADO
14-06-2024 06:44:11.070Z;functions.enter_coligada;  AGUARDANDO 1
14-06-2024 06:44:12.258Z;functions.enter_coligada;  CLICK CONTEXTO
14-06-2024 06:44:14.758Z;functions.enter_coligada;  CLICK ALTERAR MODULO DO CONTEXTO
14-06-2024 06:44:18.290Z;functions.enter_coligada;  INSERE O COLIGADA CODE = 1
14-06-2024 06:44:18.393Z;functions.enter_coligada;  APERTA TAB PARA PREENCHER O CAMPO COM A STRING: OCEANICA ENGENHARIA E CONSULTORIA S.A.
14-06-2024 06:44:20.228Z;functions.enter_coligada;  CLICK AVANÇAR NOVAMENTE
14-06-2024 06:44:21.415Z;functions.enter_coligada;  CLICK CONCLUIR
14-06-2024 06:45:20.515Z;functions.enter_coligada;  POP UP COLIGADA DESAPARECER
14-06-2024 06:45:21.415Z;functions.check_movimentacao_bancaria;  CLICK - TOTVS - LINHA RM
14-06-2024 06:45:23.009Z;functions.check_movimentacao_bancaria;  CLICK - BACK OFFICE
14-06-2024 06:45:25.634Z;functions.check_movimentacao_bancaria;  CLICK - GESTAO FINANCEIRA
14-06-2024 06:45:25.634Z;functions.obter_intervalo_data;  VERIFICANDO A HORA ATUAL 6
14-06-2024 06:45:25.665Z;functions.obter_intervalo_data;  Data Inicial FERIAS/RESCISAO antes da remoção: None
14-06-2024 06:45:25.665Z;functions.obter_intervalo_data;  Data Final FERIAS/RESCISAO antes da remoção: None
14-06-2024 06:45:25.665Z;functions.obter_intervalo_data;  Data Inicial FERIAS/RESCISAO após a remoção: None
14-06-2024 06:45:25.665Z;functions.obter_intervalo_data;  Data Final FERIAS/RESCISAO após a remoção: None
14-06-2024 06:45:25.665Z;functions.obter_intervalo_data;  hoje -  2024-06-14 06:45:25.665562
14-06-2024 06:45:25.665Z;functions.check_movimentacao_bancaria;  DATA INICIO 19-06-2024
14-06-2024 06:45:25.665Z;functions.check_movimentacao_bancaria;  DATA FIM 25-06-2024
14-06-2024 06:45:25.665Z;functions.movimentacao_bancaria;  AGUARDANDO 1
14-06-2024 06:45:31.639Z;functions.movimentacao_bancaria;  CLICK NA ABA MOVIMENTAÇÃO BANCARIA
14-06-2024 06:45:33.853Z;functions.waitForImage;  IMAGEM BORDERO image found.
14-06-2024 06:45:35.985Z;functions.movimentacao_bancaria;  IMAGEM BORDERO CLICADA.
14-06-2024 06:45:46.518Z;functions.waitForImage;  LICENCAS EXCEDIDAS image not found.
14-06-2024 06:45:47.196Z;functions.movimentacao_bancaria;  ENCONTROU O FILTRO DA MOVIMENTAÇÃO BANCÁRIA
14-06-2024 06:45:47.258Z;functions.movimentacao_bancaria;  CLICA NA ABA SUPERIOR DO FILTRO
14-06-2024 06:45:51.469Z;functions.movimentacao_bancaria;  SELECIONA O FILTRO HOJE
14-06-2024 06:46:06.536Z;functions.waitForImage;  FILTER CLEAN image not found.
14-06-2024 06:46:21.662Z;functions.waitForImage;  FILTER CLEAN image not found.
14-06-2024 06:46:36.837Z;functions.waitForImage;  FILTER CLEAN image not found.
14-06-2024 06:46:56.993Z;functions.movimentacao_bancaria;  SEM PROCESSAMENTO DE BORDERO
14-06-2024 06:47:17.586Z;functions.waitForImage;  FILTER CLEAN image not found.
14-06-2024 06:47:33.087Z;functions.waitForImage;  FILTER CLEAN image not found.
14-06-2024 06:47:48.649Z;functions.waitForImage;  FILTER CLEAN image not found.
14-06-2024 06:48:24.977Z;functions.remessa_pagamento;  SEM REMESSA DE BORDERO AUTORIZADO
14-06-2024 06:48:25.884Z;functions.enter_contas_a_pagar;  CLICK - TOTVS - LINHA RM
14-06-2024 06:48:27.227Z;functions.enter_contas_a_pagar;  CLICK - BACK OFFICE
14-06-2024 06:48:28.102Z;functions.enter_contas_a_pagar;  CLICK - GESTAO FINANCEIRA
14-06-2024 06:48:33.883Z;functions.enter_contas_a_pagar;  CLICK - CONTAS A PAGAR
14-06-2024 06:48:34.743Z;functions.waitForImage;  LANÇAMENTOS image found.
14-06-2024 06:48:36.860Z;functions.enter_contas_a_pagar;  CLICA EM LANÇAMENTOS
14-06-2024 06:48:52.290Z;functions.waitForImage;  LICENCAS EXCEDIDAS image not found.
14-06-2024 06:48:52.290Z;functions.data_filter;  CLICK - SELECIONA A DATA DE QUARTA FEIRA E DA PROXIMA TERÇA
14-06-2024 06:48:52.290Z;functions.data_filter;  QUARTA-FEIRA: 19-06-2024
14-06-2024 06:48:52.290Z;functions.data_filter;  TERCA-FEIRA: 25-06-2024
14-06-2024 06:49:05.509Z;functions.data_filter;  CLICK - BUTÃO DE SELECAO DE FILTRO
14-06-2024 06:49:09.993Z;functions.data_filter;  INSERE - DATA DE QUARTA-FEIRA: 19-06-2024
14-06-2024 06:49:14.118Z;functions.data_filter;  INSERE - DATA DA PROX TERCA-FEIRA: 25-06-2024
14-06-2024 06:49:15.134Z;functions.data_filter;  CLICK - BUTÃO DE EXECUTAR O FILTRO
14-06-2024 06:49:20.138Z;functions.desmark_filter;  AGUARDANDO 1
14-06-2024 06:49:22.133Z;functions.desmark_filter;  CLICK CHECKBOX LANÇAMENTOS A RECEBER
14-06-2024 06:49:24.165Z;functions.desmark_filter;  CLICK CHECKBOX LANÇAMENTOS BAIXADOS
14-06-2024 06:49:26.290Z;functions.desmark_filter;  CLICK CHECKBOX LANÇAMENTOS CANCELADOS
14-06-2024 06:49:28.749Z;functions.desmark_filter;  CLICK CHECKBOX LANÇAMENTOS FATURADOS
14-06-2024 06:49:31.152Z;functions.desmark_filter;  ATUALIZA O FILTRO
14-06-2024 06:49:31.289Z;functions.waitForImage;  FILTER CLEAN image found.
14-06-2024 06:49:33.393Z;functions.filter_clean;  CLICK NO BOTÃO X DO LIMPA FILTRO
14-06-2024 06:49:48.993Z;functions.waitForImage;  FILTER CLEAN image not found.
14-06-2024 06:50:04.555Z;functions.waitForImage;  FILTER CLEAN image not found.
14-06-2024 06:50:07.352Z;functions.tabela_vazia;  Texto extraido 0/0
14-06-2024 06:50:07.352Z;functions.tabela_vazia;  Count 0
14-06-2024 06:50:07.352Z;functions.tabela_vazia;  Type <class 'int'>
14-06-2024 06:50:09.361Z;functions.tabela_vazia;  SEM REMESSA DE FÉRIAS/RESCISÃO
14-06-2024 06:50:11.362Z;main.<module>;  SEM REMESSA DE FÉRIAS/RESCISÃO
14-06-2024 06:50:13.618Z;errorhandler.__handle;  Property: Unknown Property name. [1:203: -ms-interpolation-mode]
14-06-2024 06:50:13.649Z;errorhandler.__handle;  Property: Unknown Property name. [1:353: -webkit-font-smoothing]
14-06-2024 06:50:13.665Z;errorhandler.__handle;  Property: Unknown Property name. [1:483: -ms-text-size-adjust]
14-06-2024 06:50:13.665Z;errorhandler.__handle;  Property: Unknown Property name. [1:518: -webkit-text-size-adjust]
14-06-2024 06:50:13.665Z;errorhandler.__handle;  Property: Unknown Property name. [1:612: mso-table-lspace]
14-06-2024 06:50:13.665Z;errorhandler.__handle;  Property: Unknown Property name. [1:642: mso-table-rspace]
14-06-2024 06:50:13.899Z;errorhandler.__handle;  Property: Unknown Property name. [1:4734: mso-hide]
14-06-2024 06:50:14.009Z;errorhandler.__handle;  Property: Unknown Property name. [1:13: -ms-interpolation-mode]
14-06-2024 06:50:14.009Z;errorhandler.__handle;  Property: Unknown Property name. [1:49: -webkit-font-smoothing]
14-06-2024 06:50:14.024Z;errorhandler.__handle;  Property: Unknown Property name. [1:134: -ms-text-size-adjust]
14-06-2024 06:50:14.024Z;errorhandler.__handle;  Property: Unknown Property name. [1:160: -webkit-text-size-adjust]
14-06-2024 06:50:14.024Z;errorhandler.__handle;  Property: Unknown Property name. [1:26: mso-table-lspace]
14-06-2024 06:50:14.024Z;errorhandler.__handle;  Property: Unknown Property name. [1:45: mso-table-rspace]
14-06-2024 06:50:14.056Z;errorhandler.__handle;  Property: Unknown Property name. [1:92: mso-hide]
14-06-2024 06:50:14.071Z;errorhandler.__handle;  Property: No ":" after name found: align-center [1:1: align-center]
14-06-2024 06:50:14.071Z;errorhandler.__handle;  Property: No property value found: align-center [1:1: align-center]
14-06-2024 06:50:14.071Z;errorhandler.__handle;  CSSStyleDeclaration: Syntax Error in Property: align-center
14-06-2024 06:50:14.087Z;errorhandler.__handle;  Property: Unknown Property name. [1:14: -ms-interpolation-mode]
14-06-2024 06:50:16.915Z;functions.emailFinalizado;  Finalizado e-mail sent.
14-06-2024 06:50:17.290Z;functions.encerra_prog;  RM ENCERRADO
