14-06-2024 14:00:33.427Z;functions.bot_text_art;      ____   
14-06-2024 14:00:33.427Z;functions.bot_text_art;     [____]    
14-06-2024 14:00:33.427Z;functions.bot_text_art;   |=]()()[=|  
14-06-2024 14:00:33.427Z;functions.bot_text_art;     _\==/__    _____    ____     _        _____    ___   _  __
14-06-2024 14:00:33.427Z;functions.bot_text_art;   |__|   |_|  |  _  \  / ___|   | |      |_   _| / ___| | |/ /
14-06-2024 14:00:33.427Z;functions.bot_text_art;   |_|_/\_|_|  | |  | | | |      | |        | |   | |    | ' / 
14-06-2024 14:00:33.427Z;functions.bot_text_art;   | | __ | |  | |  | | | |      | |        | |   | |    |  <  
14-06-2024 14:00:33.427Z;functions.bot_text_art;   |_|[  ]|_|  | |__| | | |____  | |____   _| |_  | |__  | . \ 
14-06-2024 14:00:33.443Z;functions.bot_text_art;   \_|_||_|_/  |_____/   \_____| |______| |_____| \ ___| |_|\_\
14-06-2024 14:00:33.443Z;functions.bot_text_art;     |_||_|                                                     
14-06-2024 14:00:33.443Z;functions.bot_text_art;     | ||_|_   
14-06-2024 14:00:33.443Z;functions.bot_text_art;   |___||___|  
14-06-2024 14:00:33.443Z;functions.bot_text_art;               
14-06-2024 14:00:33.443Z;functions.open_RM;  OPEN PROGRAM RM
14-06-2024 14:00:53.255Z;functions.loggin_RM;  ENTRAR USER_NAME
14-06-2024 14:00:56.864Z;functions.loggin_RM;  ENTRAR PASSWORD
14-06-2024 14:00:58.115Z;functions.loggin_RM;  ENTRAR RM
14-06-2024 14:04:00.755Z;functions.loggin_RM;  FILTRO NÃO ENCONTRADO
14-06-2024 14:04:00.755Z;functions.enter_coligada;  AGUARDANDO 1
14-06-2024 14:04:01.989Z;functions.enter_coligada;  CLICK CONTEXTO
14-06-2024 14:04:04.958Z;functions.enter_coligada;  CLICK ALTERAR MODULO DO CONTEXTO
14-06-2024 14:04:08.699Z;functions.enter_coligada;  INSERE O COLIGADA CODE = 1
14-06-2024 14:04:08.803Z;functions.enter_coligada;  APERTA TAB PARA PREENCHER O CAMPO COM A STRING: OCEANICA ENGENHARIA E CONSULTORIA S.A.
14-06-2024 14:04:10.802Z;functions.enter_coligada;  CLICK AVANÇAR NOVAMENTE
14-06-2024 14:04:12.052Z;functions.enter_coligada;  CLICK CONCLUIR
14-06-2024 14:05:15.431Z;functions.enter_coligada;  POP UP COLIGADA DESAPARECER
14-06-2024 14:05:16.333Z;functions.check_movimentacao_bancaria;  CLICK - TOTVS - LINHA RM
14-06-2024 14:05:17.958Z;functions.check_movimentacao_bancaria;  CLICK - BACK OFFICE
14-06-2024 14:05:20.583Z;functions.check_movimentacao_bancaria;  CLICK - GESTAO FINANCEIRA
14-06-2024 14:05:20.583Z;functions.obter_intervalo_data;  VERIFICANDO A HORA ATUAL 14
14-06-2024 14:05:20.614Z;functions.obter_intervalo_data;  Data Inicial FERIAS/RESCISAO antes da remoção: None
14-06-2024 14:05:20.614Z;functions.obter_intervalo_data;  Data Final FERIAS/RESCISAO antes da remoção: None
14-06-2024 14:05:20.614Z;functions.obter_intervalo_data;  Data Inicial FERIAS/RESCISAO após a remoção: None
14-06-2024 14:05:20.614Z;functions.obter_intervalo_data;  Data Final FERIAS/RESCISAO após a remoção: None
14-06-2024 14:05:20.614Z;functions.obter_intervalo_data;  hoje -  2024-06-14 14:05:20.614717
14-06-2024 14:05:20.614Z;functions.check_movimentacao_bancaria;  DATA INICIO 19-06-2024
14-06-2024 14:05:20.614Z;functions.check_movimentacao_bancaria;  DATA FIM 25-06-2024
14-06-2024 14:05:20.614Z;functions.movimentacao_bancaria;  AGUARDANDO 1
14-06-2024 14:05:26.864Z;functions.movimentacao_bancaria;  CLICK NA ABA MOVIMENTAÇÃO BANCARIA
14-06-2024 14:05:29.083Z;functions.waitForImage;  IMAGEM BORDERO image found.
14-06-2024 14:05:31.216Z;functions.movimentacao_bancaria;  IMAGEM BORDERO CLICADA.
14-06-2024 14:05:41.664Z;functions.waitForImage;  LICENCAS EXCEDIDAS image not found.
14-06-2024 14:05:42.317Z;functions.movimentacao_bancaria;  ENCONTROU O FILTRO DA MOVIMENTAÇÃO BANCÁRIA
14-06-2024 14:05:42.364Z;functions.movimentacao_bancaria;  CLICA NA ABA SUPERIOR DO FILTRO
14-06-2024 14:05:46.574Z;functions.movimentacao_bancaria;  SELECIONA O FILTRO HOJE
14-06-2024 14:06:01.673Z;functions.waitForImage;  FILTER CLEAN image not found.
14-06-2024 14:06:16.895Z;functions.waitForImage;  FILTER CLEAN image not found.
14-06-2024 14:06:32.083Z;functions.waitForImage;  FILTER CLEAN image not found.
14-06-2024 14:06:35.551Z;functions.movimentacao_bancaria;  CLICK NA PRIMEIRA LINHA DA TABELA MOVIMENTAÇÃO BANCÁRIA
14-06-2024 14:06:36.774Z;functions.movimentacao_bancaria;  12 PASSOS PARA DIREITA NA TABELA >>
14-06-2024 14:06:38.880Z;functions.movimentacao_bancaria;  HOVER FILTER
14-06-2024 14:06:39.434Z;functions.movimentacao_bancaria;  CLICK FILTER
14-06-2024 14:06:43.756Z;functions.movimentacao_bancaria;  CLICK NO FILTRO  STATUS DA REMESSA
14-06-2024 14:06:45.859Z;functions.movimentacao_bancaria;  APERTA TAB PARA ESCREVER O FILTRO
14-06-2024 14:06:47.972Z;functions.movimentacao_bancaria;  ESCREVE PENDENTE NO FILTRO
14-06-2024 14:06:50.075Z;functions.movimentacao_bancaria;  APERTA ENTER PARA SELECIONAR OS PENDENTES
14-06-2024 14:07:10.183Z;functions.movimentacao_bancaria;  SEM PROCESSAMENTO DE BORDERO PENDENTE.
14-06-2024 14:07:15.349Z;functions.waitForImage;  FILTER CLEAN image found.
14-06-2024 14:07:17.467Z;functions.filter_clean;  CLICK NO BOTÃO X DO LIMPA FILTRO
14-06-2024 14:07:32.474Z;functions.waitForImage;  FILTER CLEAN image not found.
14-06-2024 14:07:47.536Z;functions.waitForImage;  FILTER CLEAN image not found.
14-06-2024 14:07:49.208Z;functions.remessa_pagamento;  CLICK NA PRIMEIRA LINHA DA TABELA MOVIMENTAÇÃO BANCÁRIA
14-06-2024 14:07:51.176Z;functions.remessa_pagamento;  HOVER FILTER
14-06-2024 14:07:51.702Z;functions.remessa_pagamento;  CLICK FILTER
14-06-2024 14:07:56.033Z;functions.remessa_pagamento;  CLICK NO FILTRO  STATUS DA REMESSA
14-06-2024 14:07:58.136Z;functions.remessa_pagamento;  APERTA TAB PARA ESCREVER O FILTRO
14-06-2024 14:08:00.254Z;functions.remessa_pagamento;  ESCREVE AUTORIZADO NO FILTRO
14-06-2024 14:08:02.357Z;functions.remessa_pagamento;  APERTA ENTER PARA SELECIONAR OS AUTORIZADO
14-06-2024 14:08:22.473Z;functions.remessa_pagamento;  SEM REMESSA DE BORDERO AUTORIZADO
14-06-2024 14:08:23.364Z;functions.enter_contas_a_pagar;  CLICK - TOTVS - LINHA RM
14-06-2024 14:08:24.895Z;functions.enter_contas_a_pagar;  CLICK - BACK OFFICE
14-06-2024 14:08:27.489Z;functions.enter_contas_a_pagar;  CLICK - GESTAO FINANCEIRA
14-06-2024 14:08:33.926Z;functions.enter_contas_a_pagar;  CLICK - CONTAS A PAGAR
14-06-2024 14:08:34.786Z;functions.waitForImage;  LANÇAMENTOS image found.
14-06-2024 14:08:36.905Z;functions.enter_contas_a_pagar;  CLICA EM LANÇAMENTOS
14-06-2024 14:08:52.395Z;functions.waitForImage;  LICENCAS EXCEDIDAS image not found.
14-06-2024 14:08:52.395Z;functions.data_filter;  CLICK - SELECIONA A DATA DE QUARTA FEIRA E DA PROXIMA TERÇA
14-06-2024 14:08:52.395Z;functions.data_filter;  QUARTA-FEIRA: 19-06-2024
14-06-2024 14:08:52.395Z;functions.data_filter;  TERCA-FEIRA: 25-06-2024
14-06-2024 14:09:05.832Z;functions.data_filter;  CLICK - BUTÃO DE SELECAO DE FILTRO
14-06-2024 14:09:10.317Z;functions.data_filter;  INSERE - DATA DE QUARTA-FEIRA: 19-06-2024
14-06-2024 14:09:14.473Z;functions.data_filter;  INSERE - DATA DA PROX TERCA-FEIRA: 25-06-2024
14-06-2024 14:09:15.488Z;functions.data_filter;  CLICK - BUTÃO DE EXECUTAR O FILTRO
14-06-2024 14:09:20.492Z;functions.desmark_filter;  AGUARDANDO 1
14-06-2024 14:09:22.520Z;functions.desmark_filter;  CLICK CHECKBOX LANÇAMENTOS A RECEBER
14-06-2024 14:09:24.823Z;functions.desmark_filter;  CLICK CHECKBOX LANÇAMENTOS BAIXADOS
14-06-2024 14:09:27.176Z;functions.desmark_filter;  CLICK CHECKBOX LANÇAMENTOS CANCELADOS
14-06-2024 14:09:29.701Z;functions.desmark_filter;  CLICK CHECKBOX LANÇAMENTOS FATURADOS
14-06-2024 14:09:32.384Z;functions.desmark_filter;  ATUALIZA O FILTRO
14-06-2024 14:09:32.520Z;functions.waitForImage;  FILTER CLEAN image found.
14-06-2024 14:09:34.630Z;functions.filter_clean;  CLICK NO BOTÃO X DO LIMPA FILTRO
14-06-2024 14:09:49.755Z;functions.waitForImage;  FILTER CLEAN image not found.
14-06-2024 14:10:04.973Z;functions.waitForImage;  FILTER CLEAN image not found.
14-06-2024 14:10:08.145Z;functions.tabela_vazia;  Texto extraido 0/0
14-06-2024 14:10:08.145Z;functions.tabela_vazia;  Count 0
14-06-2024 14:10:08.161Z;functions.tabela_vazia;  Type <class 'int'>
14-06-2024 14:10:10.161Z;functions.tabela_vazia;  SEM REMESSA DE FÉRIAS/RESCISÃO
14-06-2024 14:10:12.162Z;main.<module>;  SEM REMESSA DE FÉRIAS/RESCISÃO
14-06-2024 14:10:15.600Z;errorhandler.__handle;  Property: Unknown Property name. [1:203: -ms-interpolation-mode]
14-06-2024 14:10:15.631Z;errorhandler.__handle;  Property: Unknown Property name. [1:353: -webkit-font-smoothing]
14-06-2024 14:10:15.647Z;errorhandler.__handle;  Property: Unknown Property name. [1:483: -ms-text-size-adjust]
14-06-2024 14:10:15.647Z;errorhandler.__handle;  Property: Unknown Property name. [1:518: -webkit-text-size-adjust]
14-06-2024 14:10:15.647Z;errorhandler.__handle;  Property: Unknown Property name. [1:612: mso-table-lspace]
14-06-2024 14:10:15.647Z;errorhandler.__handle;  Property: Unknown Property name. [1:642: mso-table-rspace]
14-06-2024 14:10:15.881Z;errorhandler.__handle;  Property: Unknown Property name. [1:4734: mso-hide]
14-06-2024 14:10:15.991Z;errorhandler.__handle;  Property: Unknown Property name. [1:13: -ms-interpolation-mode]
14-06-2024 14:10:15.991Z;errorhandler.__handle;  Property: Unknown Property name. [1:49: -webkit-font-smoothing]
14-06-2024 14:10:15.991Z;errorhandler.__handle;  Property: Unknown Property name. [1:134: -ms-text-size-adjust]
14-06-2024 14:10:16.006Z;errorhandler.__handle;  Property: Unknown Property name. [1:160: -webkit-text-size-adjust]
14-06-2024 14:10:16.006Z;errorhandler.__handle;  Property: Unknown Property name. [1:26: mso-table-lspace]
14-06-2024 14:10:16.006Z;errorhandler.__handle;  Property: Unknown Property name. [1:45: mso-table-rspace]
14-06-2024 14:10:16.038Z;errorhandler.__handle;  Property: Unknown Property name. [1:92: mso-hide]
14-06-2024 14:10:16.053Z;errorhandler.__handle;  Property: No ":" after name found: align-center [1:1: align-center]
14-06-2024 14:10:16.053Z;errorhandler.__handle;  Property: No property value found: align-center [1:1: align-center]
14-06-2024 14:10:16.053Z;errorhandler.__handle;  CSSStyleDeclaration: Syntax Error in Property: align-center
14-06-2024 14:10:16.053Z;errorhandler.__handle;  Property: Unknown Property name. [1:14: -ms-interpolation-mode]
14-06-2024 14:10:19.317Z;functions.emailFinalizado;  Finalizado e-mail sent.
14-06-2024 14:10:19.660Z;functions.encerra_prog;  RM ENCERRADO
