10-08-2024 04:02:41.667Z;functions.bot_text_art;      ____   
10-08-2024 04:02:41.667Z;functions.bot_text_art;     [____]    
10-08-2024 04:02:41.667Z;functions.bot_text_art;   |=]()()[=|  
10-08-2024 04:02:41.667Z;functions.bot_text_art;     _\==/__    _____    ____     _        _____    ___   _  __
10-08-2024 04:02:41.667Z;functions.bot_text_art;   |__|   |_|  |  _  \  / ___|   | |      |_   _| / ___| | |/ /
10-08-2024 04:02:41.667Z;functions.bot_text_art;   |_|_/\_|_|  | |  | | | |      | |        | |   | |    | ' / 
10-08-2024 04:02:41.667Z;functions.bot_text_art;   | | __ | |  | |  | | | |      | |        | |   | |    |  <  
10-08-2024 04:02:41.667Z;functions.bot_text_art;   |_|[  ]|_|  | |__| | | |____  | |____   _| |_  | |__  | . \ 
10-08-2024 04:02:41.667Z;functions.bot_text_art;   \_|_||_|_/  |_____/   \_____| |______| |_____| \ ___| |_|\_\
10-08-2024 04:02:41.667Z;functions.bot_text_art;     |_||_|                                                     
10-08-2024 04:02:41.667Z;functions.bot_text_art;     | ||_|_   
10-08-2024 04:02:41.667Z;functions.bot_text_art;   |___||___|  
10-08-2024 04:02:41.667Z;functions.bot_text_art;               
10-08-2024 04:02:41.667Z;functions.open_RM;  OPEN PROGRAM RM
10-08-2024 04:02:53.386Z;functions.loggin_RM;  ENTRAR USER_NAME
10-08-2024 04:02:56.622Z;functions.loggin_RM;  ENTRAR PASSWORD
10-08-2024 04:02:57.573Z;functions.loggin_RM;  ENTRAR RM
10-08-2024 04:06:07.807Z;functions.enter_coligada;  AGUARDANDO 1
10-08-2024 04:06:08.698Z;functions.enter_coligada;  CLICK CONTEXTO
10-08-2024 04:06:10.542Z;functions.enter_coligada;  CLICK ALTERAR MODULO DO CONTEXTO
10-08-2024 04:06:13.214Z;functions.enter_coligada;  INSERE O COLIGADA CODE = 1
10-08-2024 04:06:13.315Z;functions.enter_coligada;  APERTA TAB PARA PREENCHER O CAMPO COM A STRING: OCEANICA ENGENHARIA E CONSULTORIA S.A.
10-08-2024 04:06:14.573Z;functions.enter_coligada;  CLICK AVANÇAR NOVAMENTE
10-08-2024 04:06:15.510Z;functions.enter_coligada;  CLICK CONCLUIR
10-08-2024 04:06:35.682Z;functions.waitForImage;  TROCA COLIGADA image not found.
10-08-2024 04:06:44.948Z;functions.enter_coligada;  POP UP COLIGADA DESAPARECER
10-08-2024 04:06:45.729Z;functions.check_movimentacao_bancaria;  CLICK - TOTVS - LINHA RM
10-08-2024 04:06:46.948Z;functions.check_movimentacao_bancaria;  CLICK - BACK OFFICE
10-08-2024 04:06:49.385Z;functions.check_movimentacao_bancaria;  CLICK - GESTAO FINANCEIRA
10-08-2024 04:06:49.385Z;functions.obter_intervalo_data;  VERIFICANDO A HORA ATUAL 4
10-08-2024 04:06:49.396Z;functions.obter_intervalo_data;  Data Inicial FERIAS/RESCISAO antes da remoção: None
10-08-2024 04:06:49.397Z;functions.obter_intervalo_data;  Data Final FERIAS/RESCISAO antes da remoção: None
10-08-2024 04:06:49.400Z;functions.obter_intervalo_data;  Data Inicial FERIAS/RESCISAO após a remoção: None
10-08-2024 04:06:49.400Z;functions.obter_intervalo_data;  Data Final FERIAS/RESCISAO após a remoção: None
10-08-2024 04:06:49.400Z;functions.obter_intervalo_data;  hoje -  2024-08-10 04:06:49.400619
10-08-2024 04:06:49.400Z;functions.check_movimentacao_bancaria;  DATA INICIO 14-08-2024
10-08-2024 04:06:49.400Z;functions.check_movimentacao_bancaria;  DATA FIM 20-08-2024
10-08-2024 04:06:49.401Z;functions.movimentacao_bancaria;  AGUARDANDO 1
10-08-2024 04:06:54.010Z;functions.movimentacao_bancaria;  CLICK NA ABA MOVIMENTAÇÃO BANCARIA
10-08-2024 04:06:56.073Z;functions.waitForImage;  IMAGEM BORDERO image found.
10-08-2024 04:06:58.205Z;functions.movimentacao_bancaria;  IMAGEM BORDERO CLICADA.
10-08-2024 04:07:08.338Z;functions.waitForImage;  LICENCAS EXCEDIDAS image not found.
10-08-2024 04:07:08.979Z;functions.movimentacao_bancaria;  ENCONTROU O FILTRO DA MOVIMENTAÇÃO BANCÁRIA
10-08-2024 04:07:09.010Z;functions.movimentacao_bancaria;  CLICA NA ABA SUPERIOR DO FILTRO
10-08-2024 04:07:13.217Z;functions.movimentacao_bancaria;  SELECIONA O FILTRO HOJE
10-08-2024 04:07:28.682Z;functions.waitForImage;  FILTER CLEAN image not found.
10-08-2024 04:07:44.229Z;functions.waitForImage;  FILTER CLEAN image not found.
10-08-2024 04:07:59.698Z;functions.waitForImage;  FILTER CLEAN image not found.
10-08-2024 04:08:18.978Z;functions.movimentacao_bancaria;  SEM PROCESSAMENTO DE BORDERO
10-08-2024 04:08:39.463Z;functions.waitForImage;  FILTER CLEAN image not found.
10-08-2024 04:08:54.963Z;functions.waitForImage;  FILTER CLEAN image not found.
10-08-2024 04:09:10.338Z;functions.waitForImage;  FILTER CLEAN image not found.
10-08-2024 04:09:44.744Z;functions.remessa_pagamento;  SEM REMESSA DE BORDERO AUTORIZADO
10-08-2024 04:09:45.510Z;functions.enter_contas_a_pagar;  CLICK - TOTVS - LINHA RM
10-08-2024 04:09:46.666Z;functions.enter_contas_a_pagar;  CLICK - BACK OFFICE
10-08-2024 04:09:47.416Z;functions.enter_contas_a_pagar;  CLICK - GESTAO FINANCEIRA
10-08-2024 04:09:54.603Z;functions.enter_contas_a_pagar;  CLICK - CONTAS A PAGAR
10-08-2024 04:09:54.681Z;functions.waitForImage;  LANÇAMENTOS image found.
10-08-2024 04:09:56.799Z;functions.enter_contas_a_pagar;  CLICA EM LANÇAMENTOS
10-08-2024 04:10:11.963Z;functions.waitForImage;  LICENCAS EXCEDIDAS image not found.
10-08-2024 04:10:11.963Z;functions.data_filter;  CLICK - SELECIONA A DATA DE QUARTA FEIRA E DA PROXIMA TERÇA
10-08-2024 04:10:11.963Z;functions.data_filter;  QUARTA-FEIRA: 14-08-2024
10-08-2024 04:10:11.963Z;functions.data_filter;  TERCA-FEIRA: 20-08-2024
10-08-2024 04:10:32.121Z;functions.data_filter;  FILTRO - REMESSA FERIAS/RESCISAO
10-08-2024 04:10:32.885Z;functions.data_filter;  CLICK - BUTÃO DE SELECAO DE FILTRO
10-08-2024 04:10:36.947Z;functions.data_filter;  INSERE - DATA DE QUARTA-FEIRA: 14-08-2024
10-08-2024 04:10:40.781Z;functions.data_filter;  INSERE - DATA DA PROX TERCA-FEIRA: 20-08-2024
10-08-2024 04:10:41.635Z;functions.data_filter;  CLICK - BUTÃO DE EXECUTAR O FILTRO
10-08-2024 04:10:46.637Z;functions.desmark_filter;  AGUARDANDO 1
10-08-2024 04:10:48.103Z;functions.desmark_filter;  CLICK CHECKBOX LANÇAMENTOS A RECEBER
10-08-2024 04:10:49.258Z;functions.desmark_filter;  CLICK CHECKBOX LANÇAMENTOS BAIXADOS
10-08-2024 04:10:50.716Z;functions.desmark_filter;  CLICK CHECKBOX LANÇAMENTOS CANCELADOS
10-08-2024 04:10:52.259Z;functions.desmark_filter;  CLICK CHECKBOX LANÇAMENTOS FATURADOS
10-08-2024 04:10:53.822Z;functions.desmark_filter;  ATUALIZA O FILTRO
10-08-2024 04:10:53.900Z;functions.waitForImage;  FILTER CLEAN image found.
10-08-2024 04:10:56.014Z;functions.filter_clean;  CLICK NO BOTÃO X DO LIMPA FILTRO
10-08-2024 04:11:11.369Z;functions.waitForImage;  FILTER CLEAN image not found.
10-08-2024 04:11:26.712Z;functions.waitForImage;  FILTER CLEAN image not found.
10-08-2024 04:11:28.525Z;functions.tabela_vazia;  Texto extraido 0/0
10-08-2024 04:11:28.525Z;functions.tabela_vazia;  Count 0
10-08-2024 04:11:28.525Z;functions.tabela_vazia;  Type <class 'int'>
10-08-2024 04:11:30.534Z;functions.tabela_vazia;  SEM REMESSA DE FÉRIAS/RESCISÃO
10-08-2024 04:11:32.535Z;main.<module>;  SEM REMESSA DE FÉRIAS/RESCISÃO
10-08-2024 04:11:35.144Z;errorhandler.__handle;  Property: Unknown Property name. [1:203: -ms-interpolation-mode]
10-08-2024 04:11:35.144Z;errorhandler.__handle;  Property: Unknown Property name. [1:353: -webkit-font-smoothing]
10-08-2024 04:11:35.144Z;errorhandler.__handle;  Property: Unknown Property name. [1:483: -ms-text-size-adjust]
10-08-2024 04:11:35.144Z;errorhandler.__handle;  Property: Unknown Property name. [1:518: -webkit-text-size-adjust]
10-08-2024 04:11:35.160Z;errorhandler.__handle;  Property: Unknown Property name. [1:612: mso-table-lspace]
10-08-2024 04:11:35.160Z;errorhandler.__handle;  Property: Unknown Property name. [1:642: mso-table-rspace]
10-08-2024 04:11:35.207Z;errorhandler.__handle;  Property: Unknown Property name. [1:4734: mso-hide]
10-08-2024 04:11:35.223Z;errorhandler.__handle;  Property: Unknown Property name. [1:13: -ms-interpolation-mode]
10-08-2024 04:11:35.223Z;errorhandler.__handle;  Property: Unknown Property name. [1:49: -webkit-font-smoothing]
10-08-2024 04:11:35.223Z;errorhandler.__handle;  Property: Unknown Property name. [1:134: -ms-text-size-adjust]
10-08-2024 04:11:35.223Z;errorhandler.__handle;  Property: Unknown Property name. [1:160: -webkit-text-size-adjust]
10-08-2024 04:11:35.223Z;errorhandler.__handle;  Property: Unknown Property name. [1:26: mso-table-lspace]
10-08-2024 04:11:35.223Z;errorhandler.__handle;  Property: Unknown Property name. [1:45: mso-table-rspace]
10-08-2024 04:11:35.238Z;errorhandler.__handle;  Property: Unknown Property name. [1:92: mso-hide]
10-08-2024 04:11:35.238Z;errorhandler.__handle;  Property: No ":" after name found: align-center [1:1: align-center]
10-08-2024 04:11:35.238Z;errorhandler.__handle;  Property: No property value found: align-center [1:1: align-center]
10-08-2024 04:11:35.238Z;errorhandler.__handle;  CSSStyleDeclaration: Syntax Error in Property: align-center
10-08-2024 04:11:35.238Z;errorhandler.__handle;  Property: Unknown Property name. [1:14: -ms-interpolation-mode]
10-08-2024 04:11:37.587Z;functions.emailFinalizado;  Finalizado e-mail sent.
10-08-2024 04:11:37.728Z;functions.encerra_prog;  RM ENCERRADO
