28-05-2024 20:01:03.679Z;functions.bot_text_art;      ____   
28-05-2024 20:01:03.679Z;functions.bot_text_art;     [____]    
28-05-2024 20:01:03.679Z;functions.bot_text_art;   |=]()()[=|  
28-05-2024 20:01:03.679Z;functions.bot_text_art;     _\==/__    _____    ____     _        _____    ___   _  __
28-05-2024 20:01:03.679Z;functions.bot_text_art;   |__|   |_|  |  _  \  / ___|   | |      |_   _| / ___| | |/ /
28-05-2024 20:01:03.679Z;functions.bot_text_art;   |_|_/\_|_|  | |  | | | |      | |        | |   | |    | ' / 
28-05-2024 20:01:03.679Z;functions.bot_text_art;   | | __ | |  | |  | | | |      | |        | |   | |    |  <  
28-05-2024 20:01:03.679Z;functions.bot_text_art;   |_|[  ]|_|  | |__| | | |____  | |____   _| |_  | |__  | . \ 
28-05-2024 20:01:03.679Z;functions.bot_text_art;   \_|_||_|_/  |_____/   \_____| |______| |_____| \ ___| |_|\_\
28-05-2024 20:01:03.679Z;functions.bot_text_art;     |_||_|                                                     
28-05-2024 20:01:03.679Z;functions.bot_text_art;     | ||_|_   
28-05-2024 20:01:03.679Z;functions.bot_text_art;   |___||___|  
28-05-2024 20:01:03.679Z;functions.bot_text_art;               
28-05-2024 20:01:04.619Z;functions.open_RM;  OPEN PROGRAM RM
28-05-2024 20:01:30.185Z;functions.loggin_RM;  ENTRAR USER_NAME
28-05-2024 20:01:34.369Z;functions.loggin_RM;  ENTRAR PASSWORD
28-05-2024 20:01:36.168Z;functions.loggin_RM;  ENTRAR RM
28-05-2024 20:02:30.639Z;functions.enter_coligada;  CLICK CONTEXTO
28-05-2024 20:02:36.043Z;functions.enter_coligada;  CLICK ALTERAR MODULO DO CONTEXTO
28-05-2024 20:02:40.237Z;functions.enter_coligada;  INSERE O COLIGADA CODE = 1
28-05-2024 20:02:40.341Z;functions.enter_coligada;  APERTA TAB PARA PREENCHER O CAMPO COM A STRING: OCEANICA ENGENHARIA E CONSULTORIA S.A.
28-05-2024 20:02:42.857Z;functions.enter_coligada;  CLICK AVANÇAR NOVAMENTE
28-05-2024 20:02:44.403Z;functions.enter_coligada;  CLICK CONCLUIR
28-05-2024 20:03:03.200Z;functions.enter_coligada;  POP UP COLIGADA DESAPARECER
28-05-2024 20:03:04.294Z;functions.check_movimentacao_bancaria;  CLICK - TOTVS - LINHA RM
28-05-2024 20:03:06.217Z;functions.check_movimentacao_bancaria;  CLICK - BACK OFFICE
28-05-2024 20:03:07.293Z;functions.check_movimentacao_bancaria;  CLICK - GESTAO FINANCEIRA
28-05-2024 20:03:13.794Z;functions.movimentacao_bancaria;  CLICK NA ABA MOVIMENTAÇÃO BANCARIA
28-05-2024 20:03:16.186Z;functions.waitForImage;  IMAGEM BORDERO image found.
28-05-2024 20:03:18.312Z;functions.movimentacao_bancaria;  IMAGEM BORDERO CLICADA.
28-05-2024 20:03:28.453Z;functions.waitForImage;  LICENCAS EXCEDIDAS image not found.
28-05-2024 20:03:29.247Z;functions.movimentacao_bancaria;  ENCONTROU O FILTRO DA MOVIMENTAÇÃO BANCÁRIA
28-05-2024 20:03:29.294Z;functions.movimentacao_bancaria;  CLICA NA ABA SUPERIOR DO FILTRO
28-05-2024 20:03:33.509Z;functions.movimentacao_bancaria;  SELECIONA O FILTRO HOJE
28-05-2024 20:03:38.724Z;functions.waitForImage;  FILTER CLEAN image found.
28-05-2024 20:03:40.848Z;functions.filter_clean;  CLICK NO BOTÃO X DO LIMPA FILTRO
28-05-2024 20:03:41.199Z;functions.waitForImage;  FILTER CLEAN image found.
28-05-2024 20:03:43.320Z;functions.filter_clean;  CLICK NO BOTÃO X DO LIMPA FILTRO
28-05-2024 20:03:58.567Z;functions.waitForImage;  FILTER CLEAN image not found.
28-05-2024 20:04:02.700Z;functions.movimentacao_bancaria;  CLICK NA PRIMEIRA LINHA DA TABELA MOVIMENTAÇÃO BANCÁRIA
28-05-2024 20:04:03.926Z;functions.movimentacao_bancaria;  12 PASSOS PARA DIREITA NA TABELA >>
28-05-2024 20:04:06.434Z;functions.movimentacao_bancaria;  HOVER FILTER
28-05-2024 20:04:07.299Z;functions.movimentacao_bancaria;  CLICK FILTER
28-05-2024 20:04:11.629Z;functions.movimentacao_bancaria;  CLICK NO FILTRO  STATUS DA REMESSA
28-05-2024 20:04:13.732Z;functions.movimentacao_bancaria;  APERTA TAB PARA ESCREVER O FILTRO
28-05-2024 20:04:15.845Z;functions.movimentacao_bancaria;  ESCREVE PENDENTE NO FILTRO
28-05-2024 20:04:17.948Z;functions.movimentacao_bancaria;  APERTA ENTER PARA SELECIONAR OS PENDENTES
28-05-2024 20:04:36.340Z;functions.movimentacao_bancaria;  SEM PROCESSAMENTO DE BORDERO PENDENTE.
28-05-2024 20:04:41.655Z;functions.waitForImage;  FILTER CLEAN image found.
28-05-2024 20:04:43.783Z;functions.filter_clean;  CLICK NO BOTÃO X DO LIMPA FILTRO
28-05-2024 20:04:59.076Z;functions.waitForImage;  FILTER CLEAN image not found.
28-05-2024 20:05:14.336Z;functions.waitForImage;  FILTER CLEAN image not found.
28-05-2024 20:05:16.622Z;functions.remessa_pagamento;  CLICK NA PRIMEIRA LINHA DA TABELA MOVIMENTAÇÃO BANCÁRIA
28-05-2024 20:05:19.059Z;functions.remessa_pagamento;  HOVER FILTER
28-05-2024 20:05:19.708Z;functions.remessa_pagamento;  CLICK FILTER
28-05-2024 20:05:24.043Z;functions.remessa_pagamento;  CLICK NO FILTRO  STATUS DA REMESSA
28-05-2024 20:05:26.146Z;functions.remessa_pagamento;  APERTA TAB PARA ESCREVER O FILTRO
28-05-2024 20:05:28.264Z;functions.remessa_pagamento;  ESCREVE AUTORIZADO NO FILTRO
28-05-2024 20:05:30.366Z;functions.remessa_pagamento;  APERTA ENTER PARA SELECIONAR OS AUTORIZADO
28-05-2024 20:05:48.746Z;functions.remessa_pagamento;  SEM REMESSA DE BORDERO AUTORIZADO
28-05-2024 20:05:49.842Z;functions.enter_contas_a_pagar;  CLICK - TOTVS - LINHA RM
28-05-2024 20:05:51.403Z;functions.enter_contas_a_pagar;  CLICK - BACK OFFICE
28-05-2024 20:05:52.528Z;functions.enter_contas_a_pagar;  CLICK - GESTAO FINANCEIRA
28-05-2024 20:05:59.075Z;functions.enter_contas_a_pagar;  CLICK - CONTAS A PAGAR
28-05-2024 20:06:00.247Z;functions.waitForImage;  LANÇAMENTOS image found.
28-05-2024 20:06:02.379Z;functions.enter_contas_a_pagar;  CLICA EM LANÇAMENTOS
28-05-2024 20:06:18.231Z;functions.waitForImage;  LICENCAS EXCEDIDAS image not found.
28-05-2024 20:06:18.231Z;functions.obter_intervalo_data;  VERIFICANDO A HORA ATUAL 20
28-05-2024 20:06:18.247Z;functions.obter_intervalo_data;  Data Inicial FERIAS/RESCISAO antes da remoção: None
28-05-2024 20:06:18.247Z;functions.obter_intervalo_data;  Data Final FERIAS/RESCISAO antes da remoção: None
28-05-2024 20:06:18.247Z;functions.obter_intervalo_data;  Data Inicial FERIAS/RESCISAO após a remoção: None
28-05-2024 20:06:18.247Z;functions.obter_intervalo_data;  Data Final FERIAS/RESCISAO após a remoção: None
28-05-2024 20:06:18.262Z;functions.obter_intervalo_data;  hoje -  2024-05-28 20:06:18.247139
28-05-2024 20:06:18.262Z;functions.data_filter;  DATA INICIO 05-06-2024
28-05-2024 20:06:18.262Z;functions.data_filter;  DATA FIM 11-06-2024
28-05-2024 20:06:18.262Z;functions.data_filter;  CLICK - SELECIONA A DATA DE QUARTA FEIRA E DA PROXIMA TERÇA
28-05-2024 20:06:18.262Z;functions.data_filter;  QUARTA-FEIRA: 05-06-2024
28-05-2024 20:06:18.262Z;functions.data_filter;  TERCA-FEIRA: 11-06-2024
28-05-2024 20:06:32.231Z;functions.data_filter;  CLICK - BUTÃO DE SELECAO DE FILTRO
28-05-2024 20:06:37.043Z;functions.data_filter;  INSERE - DATA DE QUARTA-FEIRA: 05-06-2024
28-05-2024 20:06:41.669Z;functions.data_filter;  INSERE - DATA DA PROX TERCA-FEIRA: 11-06-2024
28-05-2024 20:06:42.934Z;functions.data_filter;  CLICK - BUTÃO DE EXECUTAR O FILTRO
28-05-2024 20:06:50.513Z;functions.desmark_filter;  CLICK CHECKBOX LANÇAMENTOS A RECEBER
28-05-2024 20:06:53.216Z;functions.desmark_filter;  CLICK CHECKBOX LANÇAMENTOS BAIXADOS
28-05-2024 20:06:56.153Z;functions.desmark_filter;  CLICK CHECKBOX LANÇAMENTOS CANCELADOS
28-05-2024 20:06:59.435Z;functions.desmark_filter;  CLICK CHECKBOX LANÇAMENTOS FATURADOS
28-05-2024 20:07:02.684Z;functions.desmark_filter;  ATUALIZA O FILTRO
28-05-2024 20:07:17.892Z;functions.waitForImage;  FILTER CLEAN image not found.
28-05-2024 20:07:32.985Z;functions.waitForImage;  FILTER CLEAN image not found.
28-05-2024 20:07:48.814Z;functions.waitForImage;  FILTER CLEAN image not found.
28-05-2024 20:07:52.356Z;functions.tabela_vazia;  Texto extraido 0/0
28-05-2024 20:07:52.372Z;functions.tabela_vazia;  Count 0
28-05-2024 20:07:52.372Z;functions.tabela_vazia;  Type <class 'int'>
28-05-2024 20:07:54.373Z;functions.tabela_vazia;  SEM REMESSA DE FÉRIAS/RESCISÃO
28-05-2024 20:07:56.374Z;main.<module>;  SEM REMESSA DE FÉRIAS/RESCISÃO
28-05-2024 20:07:59.169Z;errorhandler.__handle;  Property: Unknown Property name. [1:203: -ms-interpolation-mode]
28-05-2024 20:07:59.200Z;errorhandler.__handle;  Property: Unknown Property name. [1:353: -webkit-font-smoothing]
28-05-2024 20:07:59.216Z;errorhandler.__handle;  Property: Unknown Property name. [1:483: -ms-text-size-adjust]
28-05-2024 20:07:59.216Z;errorhandler.__handle;  Property: Unknown Property name. [1:518: -webkit-text-size-adjust]
28-05-2024 20:07:59.216Z;errorhandler.__handle;  Property: Unknown Property name. [1:612: mso-table-lspace]
28-05-2024 20:07:59.231Z;errorhandler.__handle;  Property: Unknown Property name. [1:642: mso-table-rspace]
28-05-2024 20:07:59.466Z;errorhandler.__handle;  Property: Unknown Property name. [1:4734: mso-hide]
28-05-2024 20:07:59.575Z;errorhandler.__handle;  Property: Unknown Property name. [1:13: -ms-interpolation-mode]
28-05-2024 20:07:59.575Z;errorhandler.__handle;  Property: Unknown Property name. [1:49: -webkit-font-smoothing]
28-05-2024 20:07:59.575Z;errorhandler.__handle;  Property: Unknown Property name. [1:134: -ms-text-size-adjust]
28-05-2024 20:07:59.575Z;errorhandler.__handle;  Property: Unknown Property name. [1:160: -webkit-text-size-adjust]
28-05-2024 20:07:59.575Z;errorhandler.__handle;  Property: Unknown Property name. [1:26: mso-table-lspace]
28-05-2024 20:07:59.575Z;errorhandler.__handle;  Property: Unknown Property name. [1:45: mso-table-rspace]
28-05-2024 20:07:59.622Z;errorhandler.__handle;  Property: Unknown Property name. [1:92: mso-hide]
28-05-2024 20:07:59.638Z;errorhandler.__handle;  Property: No ":" after name found: align-center [1:1: align-center]
28-05-2024 20:07:59.638Z;errorhandler.__handle;  Property: No property value found: align-center [1:1: align-center]
28-05-2024 20:07:59.638Z;errorhandler.__handle;  CSSStyleDeclaration: Syntax Error in Property: align-center
28-05-2024 20:07:59.638Z;errorhandler.__handle;  Property: Unknown Property name. [1:14: -ms-interpolation-mode]
28-05-2024 20:08:02.419Z;functions.emailFinalizado;  Finalizado e-mail sent.
28-05-2024 20:08:02.841Z;functions.encerra_prog;  RM ENCERRADO
