16-03-2024 20:00:29.199Z;functions.bot_text_art;      ____   
16-03-2024 20:00:29.199Z;functions.bot_text_art;     [____]    
16-03-2024 20:00:29.199Z;functions.bot_text_art;   |=]()()[=|  
16-03-2024 20:00:29.199Z;functions.bot_text_art;     _\==/__    _____    ____     _        _____    ___   _  __
16-03-2024 20:00:29.199Z;functions.bot_text_art;   |__|   |_|  |  _  \  / ___|   | |      |_   _| / ___| | |/ /
16-03-2024 20:00:29.199Z;functions.bot_text_art;   |_|_/\_|_|  | |  | | | |      | |        | |   | |    | ' / 
16-03-2024 20:00:29.199Z;functions.bot_text_art;   | | __ | |  | |  | | | |      | |        | |   | |    |  <  
16-03-2024 20:00:29.199Z;functions.bot_text_art;   |_|[  ]|_|  | |__| | | |____  | |____   _| |_  | |__  | . \ 
16-03-2024 20:00:29.199Z;functions.bot_text_art;   \_|_||_|_/  |_____/   \_____| |______| |_____| \ ___| |_|\_\
16-03-2024 20:00:29.199Z;functions.bot_text_art;     |_||_|                                                     
16-03-2024 20:00:29.199Z;functions.bot_text_art;     | ||_|_   
16-03-2024 20:00:29.199Z;functions.bot_text_art;   |___||___|  
16-03-2024 20:00:29.199Z;functions.bot_text_art;               
16-03-2024 20:00:29.887Z;functions.open_RM;  OPEN PROGRAM RM
16-03-2024 20:00:56.635Z;functions.loggin_RM;  ENTRAR USER_NAME
16-03-2024 20:00:59.949Z;functions.loggin_RM;  ENTRAR PASSWORD
16-03-2024 20:01:01.245Z;functions.loggin_RM;  ENTRAR RM
16-03-2024 20:02:04.249Z;functions.enter_coligada;  CLICK CONTEXTO
16-03-2024 20:02:09.072Z;functions.enter_coligada;  CLICK COLIGADA 1
16-03-2024 20:02:11.322Z;functions.enter_coligada;  CLICK AVANÇAR
16-03-2024 20:02:13.811Z;functions.enter_coligada;  INSERE O COLIGADA CODE = 1
16-03-2024 20:02:13.922Z;functions.enter_coligada;  APERTA TAB PARA PREENCHER O CAMPO COM A STRING: OCEANICA ENGENHARIA E CONSULTORIA S.A.
16-03-2024 20:02:16.072Z;functions.enter_coligada;  CLICK AVANÇAR NOVAMENTE
16-03-2024 20:02:17.229Z;functions.enter_coligada;  CLICK CONCLUIR
16-03-2024 20:02:41.884Z;functions.enter_coligada;  POP UP COLIGADA DESAPARECER
16-03-2024 20:02:42.729Z;functions.check_movimentacao_bancaria;  CLICK - TOTVS - LINHA RM
16-03-2024 20:02:44.635Z;functions.check_movimentacao_bancaria;  CLICK - BACK OFFICE
16-03-2024 20:02:47.431Z;functions.check_movimentacao_bancaria;  CLICK - GESTAO FINANCEIRA
16-03-2024 20:02:53.361Z;functions.movimentacao_bancaria;  CLICK NA ABA MOVIMENTAÇÃO BANCARIA
16-03-2024 20:02:55.755Z;functions.waitForImage;  IMAGEM BORDERO image found.
16-03-2024 20:02:57.886Z;functions.movimentacao_bancaria;  IMAGEM BORDERO CLICADA.
16-03-2024 20:03:17.993Z;functions.waitForImage;  LICENCAS EXCEDIDAS image not found.
16-03-2024 20:03:18.973Z;functions.movimentacao_bancaria;  ENCONTROU O FILTRO DA MOVIMENTAÇÃO BANCÁRIA
16-03-2024 20:03:19.009Z;functions.movimentacao_bancaria;  CLICA NA ABA SUPERIOR DO FILTRO
16-03-2024 20:03:23.224Z;functions.movimentacao_bancaria;  SELECIONA O FILTRO HOJE
16-03-2024 20:03:28.416Z;functions.waitForImage;  FILTER CLEAN image found.
16-03-2024 20:03:30.544Z;functions.filter_clean;  CLICK NO BOTÃO X DO LIMPA FILTRO
16-03-2024 20:03:30.865Z;functions.waitForImage;  FILTER CLEAN image found.
16-03-2024 20:03:32.994Z;functions.filter_clean;  CLICK NO BOTÃO X DO LIMPA FILTRO
16-03-2024 20:03:48.197Z;functions.waitForImage;  FILTER CLEAN image not found.
16-03-2024 20:03:51.759Z;functions.movimentacao_bancaria;  CLICK NA PRIMEIRA LINHA DA TABELA MOVIMENTAÇÃO BANCÁRIA
16-03-2024 20:03:52.990Z;functions.movimentacao_bancaria;  12 PASSOS PARA DIREITA NA TABELA >>
16-03-2024 20:03:54.963Z;functions.movimentacao_bancaria;  HOVER FILTER
16-03-2024 20:03:55.432Z;functions.movimentacao_bancaria;  CLICK FILTER
16-03-2024 20:03:59.758Z;functions.movimentacao_bancaria;  CLICK NO FILTRO  STATUS DA REMESSA
16-03-2024 20:04:01.862Z;functions.movimentacao_bancaria;  APERTA TAB PARA ESCREVER O FILTRO
16-03-2024 20:04:03.977Z;functions.movimentacao_bancaria;  ESCREVE PENDENTE NO FILTRO
16-03-2024 20:04:06.082Z;functions.movimentacao_bancaria;  APERTA ENTER PARA SELECIONAR OS PENDENTES
16-03-2024 20:04:25.900Z;functions.movimentacao_bancaria;  SEM PROCESSAMENTO DE BORDERO PENDENTE.
16-03-2024 20:04:31.245Z;functions.waitForImage;  FILTER CLEAN image found.
16-03-2024 20:04:33.374Z;functions.filter_clean;  CLICK NO BOTÃO X DO LIMPA FILTRO
16-03-2024 20:04:48.572Z;functions.waitForImage;  FILTER CLEAN image not found.
16-03-2024 20:05:03.962Z;functions.waitForImage;  FILTER CLEAN image not found.
16-03-2024 20:05:05.618Z;functions.remessa_pagamento;  CLICK NA PRIMEIRA LINHA DA TABELA MOVIMENTAÇÃO BANCÁRIA
16-03-2024 20:05:07.619Z;functions.remessa_pagamento;  HOVER FILTER
16-03-2024 20:05:08.114Z;functions.remessa_pagamento;  CLICK FILTER
16-03-2024 20:05:12.446Z;functions.remessa_pagamento;  CLICK NO FILTRO  STATUS DA REMESSA
16-03-2024 20:05:14.549Z;functions.remessa_pagamento;  APERTA TAB PARA ESCREVER O FILTRO
16-03-2024 20:05:16.668Z;functions.remessa_pagamento;  ESCREVE AUTORIZADO NO FILTRO
16-03-2024 20:05:18.772Z;functions.remessa_pagamento;  APERTA ENTER PARA SELECIONAR OS AUTORIZADO
16-03-2024 20:05:38.626Z;functions.remessa_pagamento;  SEM REMESSA DE BORDERO AUTORIZADO
16-03-2024 20:05:39.494Z;functions.enter_contas_a_pagar;  CLICK - TOTVS - LINHA RM
16-03-2024 20:05:41.057Z;functions.enter_contas_a_pagar;  CLICK - BACK OFFICE
16-03-2024 20:05:43.857Z;functions.enter_contas_a_pagar;  CLICK - GESTAO FINANCEIRA
16-03-2024 20:05:49.806Z;functions.enter_contas_a_pagar;  CLICK - CONTAS A PAGAR
16-03-2024 20:05:51.040Z;functions.waitForImage;  LANÇAMENTOS image found.
16-03-2024 20:05:53.169Z;functions.enter_contas_a_pagar;  CLICA EM LANÇAMENTOS
16-03-2024 20:06:08.731Z;functions.waitForImage;  LICENCAS EXCEDIDAS image not found.
16-03-2024 20:06:08.731Z;functions.obter_intervalo_data;  VERIFICANDO A HORA ATUAL 20
16-03-2024 20:06:08.746Z;functions.obter_intervalo_data;  Data Inicial FERIAS/RESCISAO antes da remoção: None
16-03-2024 20:06:08.746Z;functions.obter_intervalo_data;  Data Final FERIAS/RESCISAO antes da remoção: None
16-03-2024 20:06:08.746Z;functions.obter_intervalo_data;  Data Inicial FERIAS/RESCISAO após a remoção: None
16-03-2024 20:06:08.746Z;functions.obter_intervalo_data;  Data Final FERIAS/RESCISAO após a remoção: None
16-03-2024 20:06:08.746Z;functions.obter_intervalo_data;  hoje -  2024-03-16 20:06:08.746808
16-03-2024 20:06:08.746Z;functions.data_filter;  DATA INICIO 20-03-2024
16-03-2024 20:06:08.746Z;functions.data_filter;  DATA FIM 26-03-2024
16-03-2024 20:06:08.746Z;functions.data_filter;  CLICK - SELECIONA A DATA DE QUARTA FEIRA E DA PROXIMA TERÇA
16-03-2024 20:06:08.746Z;functions.data_filter;  QUARTA-FEIRA: 20-03-2024
16-03-2024 20:06:08.746Z;functions.data_filter;  TERCA-FEIRA: 26-03-2024
16-03-2024 20:06:12.857Z;functions.data_filter;  ESCREVE REMESSA BANCÁRIA NO FILTRO
16-03-2024 20:06:13.713Z;functions.data_filter;  CLICK - BUTÃO DE SELECAO DE FILTRO
16-03-2024 20:06:18.290Z;functions.data_filter;  INSERE - DATA DE QUARTA-FEIRA: 20-03-2024
16-03-2024 20:06:22.322Z;functions.data_filter;  INSERE - DATA DA PROX TERCA-FEIRA: 26-03-2024
16-03-2024 20:06:23.244Z;functions.data_filter;  CLICK - BUTÃO DE EXECUTAR O FILTRO
16-03-2024 20:06:29.949Z;functions.desmark_filter;  CLICK CHECKBOX LANÇAMENTOS A RECEBER
16-03-2024 20:06:31.790Z;functions.desmark_filter;  CLICK CHECKBOX LANÇAMENTOS BAIXADOS
16-03-2024 20:06:33.839Z;functions.desmark_filter;  CLICK CHECKBOX LANÇAMENTOS CANCELADOS
16-03-2024 20:06:35.916Z;functions.desmark_filter;  CLICK CHECKBOX LANÇAMENTOS FATURADOS
16-03-2024 20:06:38.181Z;functions.desmark_filter;  ATUALIZA O FILTRO
16-03-2024 20:06:38.479Z;functions.waitForImage;  FILTER CLEAN image found.
16-03-2024 20:06:40.595Z;functions.filter_clean;  CLICK NO BOTÃO X DO LIMPA FILTRO
16-03-2024 20:06:55.878Z;functions.waitForImage;  FILTER CLEAN image not found.
16-03-2024 20:07:11.182Z;functions.waitForImage;  FILTER CLEAN image not found.
16-03-2024 20:07:13.727Z;functions.tabela_vazia;  Texto extraido 1/1
16-03-2024 20:07:13.727Z;functions.tabela_vazia;  Count 1
16-03-2024 20:07:13.727Z;functions.tabela_vazia;  Type <class 'int'>
16-03-2024 20:07:13.727Z;functions.tabela_vazia;  TABELA CONTÉM REGISTROS
16-03-2024 20:07:14.884Z;functions.desbloqueio;  SELECIONA TODAS AS TUPLAS
16-03-2024 20:07:19.992Z;functions.desbloqueio;  CONTROL P PARA SELECIONAR PROCESSO
16-03-2024 20:07:25.214Z;functions.desbloqueio;  7 SETAS PARA BAIXO - MANUTENÇÃO DE LANÇAMENTO
16-03-2024 20:07:27.318Z;functions.desbloqueio;  SETA PARA DIREITA
16-03-2024 20:07:34.744Z;functions.desbloqueio;  9 SETAS PARA BAIXO
16-03-2024 20:07:36.846Z;functions.desbloqueio;  ENTER PARA SELECIONAR DESBLOQUEIO ALTERAÇÃO
16-03-2024 20:08:39.259Z;functions.exec_lancamentos;  CONTROL G
16-03-2024 20:08:43.165Z;functions.exec_lancamentos;  CLICK PARA APARECER CONTA/CAIXA
16-03-2024 20:08:44.458Z;functions.exec_lancamentos;  SELECIONA CONTA/CAIXA
16-03-2024 20:08:45.743Z;functions.exec_lancamentos;  CLICK NO BOTÃO [...]
16-03-2024 20:08:48.642Z;functions.exec_lancamentos;  CLICK NO CAMPO PESQUISA E DIGITA: %3212
16-03-2024 20:08:49.775Z;functions.exec_lancamentos;  CLICK NO BOTÃO DO FILTRO
16-03-2024 20:08:51.008Z;functions.exec_lancamentos;  CLICK NO BOTÃO OK
16-03-2024 20:08:52.088Z;functions.exec_lancamentos;  CLICK NO BOTÃO EXECUTAR
16-03-2024 20:09:07.071Z;functions.waitForImage;  PRESS BUTTON OK image found.
16-03-2024 20:09:09.087Z;functions.process_lancamentos;  O PROCESSAMENTO DE LANÇAMENTO FOI EXECUTADO COM SUCESSO.
16-03-2024 20:09:18.642Z;functions.process_lancamentos;  Lançamento Ref. 929968: Convênio alterado para o convênio default '7' da conta Caixa '02675-5' .
Alteração Global de Lançamentos executada com sucesso

16-03-2024 20:09:30.168Z;functions.proccess_bordero;  SELECIONAR INCLUSÃO DE BORDERO
16-03-2024 20:09:50.708Z;functions.waitForImage;  PRESS BUTON SIM image not found.
16-03-2024 20:09:51.930Z;functions.proccess_bordero;  CLICK EM CONVÊNIO TRÊS PONTINHOS
16-03-2024 20:09:53.979Z;functions.proccess_bordero;  CLICK EM COMBOBOX PARA SELECIONAR O ID DO CONVÊNIO
16-03-2024 20:09:55.352Z;functions.proccess_bordero;  CLICK EM ID DO CONVÊNIO
16-03-2024 20:09:57.458Z;functions.proccess_bordero;  APERTA TAB PARA ESCREVER O ID
16-03-2024 20:09:59.561Z;functions.proccess_bordero;  ESCREVE O ID 9 - FERIAS/RESCISÃO
16-03-2024 20:10:01.664Z;functions.proccess_bordero;  APERTA ENTER PARA SELECIONAR O ID 9 - FERIAS/RESCISÃO
16-03-2024 20:10:03.767Z;functions.proccess_bordero;  APERTA ENTER PARA ESCOLHER O ID 9 - FERIAS/RESCISÃO
16-03-2024 20:10:06.680Z;functions.proccess_bordero;  CLICK EM EXECUTAR NA INCLUSÃO DO BORDÊRO
16-03-2024 20:10:22.916Z;functions.waitForImage;  PRESS BUTTON OK image found.
16-03-2024 20:10:24.918Z;functions.proccess_bordero;  O PROCESSAMENTO DO BORDERO FOI EXECUTADO COM SUCESSO.
16-03-2024 20:10:27.821Z;functions.proccess_bordero;  CLICK EM FECHAR.
16-03-2024 20:10:30.915Z;functions.movimentacao_bancaria;  CLICK NA ABA MOVIMENTAÇÃO BANCARIA
16-03-2024 20:10:33.258Z;functions.waitForImage;  IMAGEM BORDERO image found.
16-03-2024 20:10:35.365Z;functions.movimentacao_bancaria;  IMAGEM BORDERO CLICADA.
16-03-2024 20:10:56.149Z;functions.waitForImage;  LICENCAS EXCEDIDAS image not found.
16-03-2024 20:10:56.827Z;functions.movimentacao_bancaria;  ENCONTROU O FILTRO DA MOVIMENTAÇÃO BANCÁRIA
16-03-2024 20:10:56.874Z;functions.movimentacao_bancaria;  CLICA NA ABA SUPERIOR DO FILTRO
16-03-2024 20:11:01.091Z;functions.movimentacao_bancaria;  SELECIONA O FILTRO HOJE
16-03-2024 20:11:02.262Z;functions.waitForImage;  FILTER CLEAN image found.
16-03-2024 20:11:04.387Z;functions.filter_clean;  CLICK NO BOTÃO X DO LIMPA FILTRO
16-03-2024 20:11:19.586Z;functions.waitForImage;  FILTER CLEAN image not found.
16-03-2024 20:11:34.665Z;functions.waitForImage;  FILTER CLEAN image not found.
16-03-2024 20:11:38.014Z;functions.movimentacao_bancaria;  CLICK NA PRIMEIRA LINHA DA TABELA MOVIMENTAÇÃO BANCÁRIA
16-03-2024 20:11:39.243Z;functions.movimentacao_bancaria;  12 PASSOS PARA DIREITA NA TABELA >>
16-03-2024 20:11:41.181Z;functions.movimentacao_bancaria;  HOVER FILTER
16-03-2024 20:11:41.698Z;functions.movimentacao_bancaria;  CLICK FILTER
16-03-2024 20:11:46.037Z;functions.movimentacao_bancaria;  CLICK NO FILTRO  STATUS DA REMESSA
16-03-2024 20:11:48.140Z;functions.movimentacao_bancaria;  APERTA TAB PARA ESCREVER O FILTRO
16-03-2024 20:11:50.255Z;functions.movimentacao_bancaria;  ESCREVE PENDENTE NO FILTRO
16-03-2024 20:11:52.359Z;functions.movimentacao_bancaria;  APERTA ENTER PARA SELECIONAR OS PENDENTES
16-03-2024 20:11:57.117Z;functions.movimentacao_bancaria;  SELECIONA TODAS AS TUPLAS COM STATUS PENDENTE
16-03-2024 20:11:59.238Z;functions.movimentacao_bancaria;  CLICK EM PROCESSOS
16-03-2024 20:12:01.341Z;functions.movimentacao_bancaria;  APERTA PARA BAIXO
16-03-2024 20:12:03.445Z;functions.movimentacao_bancaria;  APERTA ENTER
16-03-2024 20:12:06.399Z;functions.movimentacao_bancaria;  CLICK EM EXECUTAR BORDERO DE PAGAMENTO
16-03-2024 20:12:17.039Z;functions.waitForImage;  PRESS BUTTON OK image found.
16-03-2024 20:12:17.039Z;functions.movimentacao_bancaria;  O PROCESSAMENTO DE AUTORIZAÇÃO DO BORDERO FOI EXECUTADO COM SUCESSO.
16-03-2024 20:12:17.986Z;functions.movimentacao_bancaria;  CLICK EM FECHAR.
16-03-2024 20:12:23.305Z;functions.waitForImage;  FILTER CLEAN image found.
16-03-2024 20:12:25.425Z;functions.filter_clean;  CLICK NO BOTÃO X DO LIMPA FILTRO
16-03-2024 20:12:40.564Z;functions.waitForImage;  FILTER CLEAN image not found.
16-03-2024 20:12:55.730Z;functions.waitForImage;  FILTER CLEAN image not found.
16-03-2024 20:12:57.368Z;functions.remessa_pagamento;  CLICK NA PRIMEIRA LINHA DA TABELA MOVIMENTAÇÃO BANCÁRIA
16-03-2024 20:12:59.336Z;functions.remessa_pagamento;  HOVER FILTER
16-03-2024 20:12:59.803Z;functions.remessa_pagamento;  CLICK FILTER
16-03-2024 20:13:04.222Z;functions.remessa_pagamento;  CLICK NO FILTRO  STATUS DA REMESSA
16-03-2024 20:13:06.325Z;functions.remessa_pagamento;  APERTA TAB PARA ESCREVER O FILTRO
16-03-2024 20:13:08.443Z;functions.remessa_pagamento;  ESCREVE AUTORIZADO NO FILTRO
16-03-2024 20:13:10.546Z;functions.remessa_pagamento;  APERTA ENTER PARA SELECIONAR OS AUTORIZADO
16-03-2024 20:13:14.528Z;functions.remessa_pagamento;  6 PASSOS PARA ESQUERDA NA TABELA <<
16-03-2024 20:13:16.603Z;functions.check_user_bot;  Texto extraido 1/1
16-03-2024 20:13:16.603Z;functions.check_user_bot;  Count 1
16-03-2024 20:13:16.603Z;functions.check_user_bot;  Type <class 'int'>
16-03-2024 20:13:18.712Z;functions.check_user_bot;  CHECK USER BOT 1
16-03-2024 20:13:20.713Z;functions.check_user_bot;  integracao
16-03-2024 20:13:23.432Z;functions.check_user_bot;  7 PASSOS PARA DIREITA NA TABELA >>
16-03-2024 20:13:27.537Z;functions.check_user_bot;  341 / 3212 / 02675 - FERIAS/RESCISAO
16-03-2024 20:13:27.537Z;functions.check_user_bot;  NOME FERIAS/RECISAO ENCONTRADO
16-03-2024 20:13:29.747Z;functions.check_user_bot;  CLICK EM PROCESSOS
16-03-2024 20:13:31.850Z;functions.check_user_bot;  APERTA PARA BAIXO 0
16-03-2024 20:13:33.953Z;functions.check_user_bot;  APERTA PARA BAIXO 1
16-03-2024 20:13:36.056Z;functions.check_user_bot;  APERTA PARA BAIXO 2
16-03-2024 20:13:38.159Z;functions.check_user_bot;  APERTA ENTER
16-03-2024 20:13:41.118Z;functions.check_user_bot;  CLICK EM REMESSAS DE PAGAMENTO
16-03-2024 20:13:42.223Z;functions.check_user_bot;  APERTA TAB 0
16-03-2024 20:13:43.326Z;functions.check_user_bot;  APERTA TAB 1
16-03-2024 20:13:44.429Z;functions.check_user_bot;  APERTA TAB 2
16-03-2024 20:13:54.855Z;functions.check_user_bot;  CLICK EM AVANÇAR
16-03-2024 20:13:54.855Z;functions.check_user_bot;  CLICK - SELECIONA A DATA DE QUARTA FEIRA E DA PROXIMA TERÇA
16-03-2024 20:13:54.855Z;functions.check_user_bot;  QUARTA-FEIRA: 20-03-2024
16-03-2024 20:13:54.855Z;functions.check_user_bot;  TERCA-FEIRA: 26-03-2024
16-03-2024 20:13:59.825Z;functions.check_user_bot;  DESMARCA CHECKBOX PARA SALVAR ARQUIVO DE REMESSA
16-03-2024 20:14:00.774Z;functions.check_user_bot;  CLICK NOS ... PARA SELECIONAR O DIRETÓRIO E NOME DO ARQUIVO.
16-03-2024 20:14:04.695Z;functions.check_user_bot;  DUPLO CLICK NO DIRETORIO
16-03-2024 20:14:07.146Z;functions.check_user_bot;  APERTA TAB 0
16-03-2024 20:14:07.749Z;functions.check_user_bot;  APERTA TAB 1
16-03-2024 20:14:08.351Z;functions.check_user_bot;  APERTA TAB 2
16-03-2024 20:14:08.954Z;functions.check_user_bot;  APERTA TAB 3
16-03-2024 20:14:09.556Z;functions.check_user_bot;  APERTA TAB 4
16-03-2024 20:14:10.158Z;functions.check_user_bot;  APERTA TAB 5
16-03-2024 20:14:10.158Z;functions.check_user_bot;  A ULTIMA LETRA USADA: C
16-03-2024 20:14:10.158Z;functions.check_user_bot;  A LETRA SERA: D
16-03-2024 20:14:10.287Z;functions.check_user_bot;  F202624D.txt
16-03-2024 20:14:11.164Z;functions.check_user_bot;  CLICK NO BUTÃO SALVAR
16-03-2024 20:14:12.601Z;functions.check_user_bot;  CLICK EM AVANCAR PARA CONCLUIR
16-03-2024 20:14:13.951Z;functions.check_user_bot;  CLICK EM EXECUTAR
16-03-2024 20:14:31.290Z;functions.waitForImage;  PRESS BUTTON OK image found.
16-03-2024 20:14:33.295Z;functions.check_user_bot;  O PROCESSAMENTO DE AUTORIZAÇÃO DO BORDERO FOI EXECUTADO COM SUCESSO.
16-03-2024 20:14:42.798Z;functions.check_user_bot;  ===========================================================================================================
LANÇAMENTOS ENVIADOS PARA REMESSA PAGAMENTO
Coligada: 1
ID Remessa: 10
Convênio: 9
Data: 16/03/2024 20:14:27
Borderô remetidos: 1
===========================================================================================================
Borderô: 1-8597

Lançamentos remetidos no Borderô:
Lancamento 1-929968
----------------------------------------------------------------------------------------------------------


16-03-2024 20:14:46.523Z;errorhandler.__handle;  CSSStyleDeclaration: Unexpected token, ignoring upto '{        border: none;'. [1:174: {]
16-03-2024 20:14:46.523Z;errorhandler.__handle;  Property: Unknown Property name. [1:204: -ms-interpolation-mode]
16-03-2024 20:14:46.523Z;errorhandler.__handle;  CSSStyleDeclaration: Unexpected token, ignoring upto '}'. [1:267: }]
16-03-2024 20:14:46.523Z;errorhandler.__handle;  CSSStyleDeclaration: Unexpected token, ignoring upto '{        background-color: #f6f6f6;'. [1:281: {]
16-03-2024 20:14:46.539Z;errorhandler.__handle;  Property: Unknown Property name. [1:356: -webkit-font-smoothing]
16-03-2024 20:14:46.539Z;errorhandler.__handle;  Property: Unknown Property name. [1:486: -ms-text-size-adjust]
16-03-2024 20:14:46.539Z;errorhandler.__handle;  Property: Unknown Property name. [1:521: -webkit-text-size-adjust]
16-03-2024 20:14:46.554Z;errorhandler.__handle;  CSSStyleDeclaration: Unexpected token, ignoring upto '}'. [1:559: }]
16-03-2024 20:14:46.554Z;errorhandler.__handle;  CSSStyleDeclaration: Unexpected token, ignoring upto '{        border-collapse: separate;'. [1:574: {]
16-03-2024 20:14:46.554Z;errorhandler.__handle;  Property: Unknown Property name. [1:617: mso-table-lspace]
16-03-2024 20:14:46.554Z;errorhandler.__handle;  Property: Unknown Property name. [1:647: mso-table-rspace]
16-03-2024 20:14:46.554Z;errorhandler.__handle;  CSSStyleDeclaration: Unexpected token, ignoring upto '}'. [1:690: }]
16-03-2024 20:14:46.554Z;errorhandler.__handle;  CSSStyleDeclaration: Unexpected token, ignoring upto '{          font-family: sans-serif;'. [1:710: {]
16-03-2024 20:14:46.554Z;errorhandler.__handle;  CSSStyleDeclaration: Unexpected token, ignoring upto '}'. [1:808: }]
16-03-2024 20:14:46.554Z;errorhandler.__handle;  CSSStyleDeclaration: Unexpected token, ignoring upto '{        background-color: #f6f6f6;'. [1:941: {]
16-03-2024 20:14:46.554Z;errorhandler.__handle;  CSSStyleDeclaration: Unexpected token, ignoring upto '}'. [1:1003: }]
16-03-2024 20:14:46.554Z;errorhandler.__handle;  CSSStyleDeclaration: Unexpected token, ignoring upto '{        display: block;'. [1:1178: {]
16-03-2024 20:14:46.570Z;errorhandler.__handle;  CSSStyleDeclaration: Unexpected token, ignoring upto '}'. [1:1342: }]
16-03-2024 20:14:46.570Z;errorhandler.__handle;  CSSStyleDeclaration: Unexpected token, ignoring upto '{        box-sizing: border-box;'. [1:1452: {]
16-03-2024 20:14:46.570Z;errorhandler.__handle;  CSSStyleDeclaration: Unexpected token, ignoring upto '}'. [1:1584: }]
16-03-2024 20:14:46.570Z;errorhandler.__handle;  CSSStyleDeclaration: Unexpected token, ignoring upto '{        background: #ffffff;'. [1:1721: {]
16-03-2024 20:14:46.570Z;errorhandler.__handle;  CSSStyleDeclaration: Unexpected token, ignoring upto '}'. [1:1804: }]
16-03-2024 20:14:46.570Z;errorhandler.__handle;  CSSStyleDeclaration: Unexpected token, ignoring upto '{        box-sizing: border-box;'. [1:1822: {]
16-03-2024 20:14:46.570Z;errorhandler.__handle;  CSSStyleDeclaration: Unexpected token, ignoring upto '}'. [1:1883: }]
16-03-2024 20:14:46.570Z;errorhandler.__handle;  CSSStyleDeclaration: Unexpected token, ignoring upto '{        padding-bottom: 10px;'. [1:1907: {]
16-03-2024 20:14:46.586Z;errorhandler.__handle;  CSSStyleDeclaration: Unexpected token, ignoring upto '}'. [1:1969: }]
16-03-2024 20:14:46.586Z;errorhandler.__handle;  CSSStyleDeclaration: Unexpected token, ignoring upto '{        clear: both;'. [1:1986: {]
16-03-2024 20:14:46.586Z;errorhandler.__handle;  CSSStyleDeclaration: Unexpected token, ignoring upto '}'. [1:2086: }]
16-03-2024 20:14:46.586Z;errorhandler.__handle;  CSSStyleDeclaration: Unexpected token, ignoring upto '{          color: #999999;'. [1:2165: {]
16-03-2024 20:14:46.586Z;errorhandler.__handle;  CSSStyleDeclaration: Unexpected token, ignoring upto '}'. [1:2253: }]
16-03-2024 20:14:46.586Z;errorhandler.__handle;  CSSStyleDeclaration: Unexpected token, ignoring upto '{        color: #000000;'. [1:2404: {]
16-03-2024 20:14:46.586Z;errorhandler.__handle;  CSSStyleDeclaration: Unexpected token, ignoring upto '}'. [1:2563: }]
16-03-2024 20:14:46.601Z;errorhandler.__handle;  CSSStyleDeclaration: Unexpected token, ignoring upto '{        font-size: 35px;'. [1:2575: {]
16-03-2024 20:14:46.601Z;errorhandler.__handle;  CSSStyleDeclaration: Unexpected token, ignoring upto '}'. [1:2694: }]
16-03-2024 20:14:46.601Z;errorhandler.__handle;  CSSStyleDeclaration: Unexpected token, ignoring upto '{        font-family: sans-serif;'. [1:2723: {]
16-03-2024 20:14:46.601Z;errorhandler.__handle;  CSSStyleDeclaration: Unexpected token, ignoring upto '}'. [1:2861: }]
16-03-2024 20:14:46.601Z;errorhandler.__handle;  CSSStyleDeclaration: Unexpected token, ignoring upto '{          list-style-position: inside;'. [1:2905: {]
16-03-2024 20:14:46.601Z;errorhandler.__handle;  CSSStyleDeclaration: Unexpected token, ignoring upto '}'. [1:2978: }]
16-03-2024 20:14:46.601Z;errorhandler.__handle;  CSSStyleDeclaration: Unexpected token, ignoring upto '{        color: #3498db;'. [1:2989: {]
16-03-2024 20:14:46.601Z;errorhandler.__handle;  CSSStyleDeclaration: Unexpected token, ignoring upto '}'. [1:3055: }]
16-03-2024 20:14:46.601Z;errorhandler.__handle;  CSSStyleDeclaration: Unexpected token, ignoring upto '{        box-sizing: border-box;'. [1:3178: {]
16-03-2024 20:14:46.601Z;errorhandler.__handle;  CSSStyleDeclaration: Unexpected token, ignoring upto '}'. [1:3231: }]
16-03-2024 20:14:46.601Z;errorhandler.__handle;  CSSStyleDeclaration: Unexpected token, ignoring upto '{          padding-bottom: 15px;'. [1:3265: {]
16-03-2024 20:14:46.601Z;errorhandler.__handle;  CSSStyleDeclaration: Unexpected token, ignoring upto '}'. [1:3298: }]
16-03-2024 20:14:46.601Z;errorhandler.__handle;  CSSStyleDeclaration: Unexpected token, ignoring upto '{          width: auto;'. [1:3320: {]
16-03-2024 20:14:46.601Z;errorhandler.__handle;  CSSStyleDeclaration: Unexpected token, ignoring upto '}'. [1:3350: }]
16-03-2024 20:14:46.601Z;errorhandler.__handle;  CSSStyleDeclaration: Unexpected token, ignoring upto '{          background-color: #ffffff;'. [1:3375: {]
16-03-2024 20:14:46.601Z;errorhandler.__handle;  CSSStyleDeclaration: Unexpected token, ignoring upto '}'. [1:3477: }]
16-03-2024 20:14:46.601Z;errorhandler.__handle;  CSSStyleDeclaration: Unexpected token, ignoring upto '{          background-color: #ffffff;'. [1:3495: {]
16-03-2024 20:14:46.758Z;errorhandler.__handle;  CSSStyleDeclaration: Unexpected token, ignoring upto '}'. [1:3892: }]
16-03-2024 20:14:46.758Z;errorhandler.__handle;  CSSStyleDeclaration: Unexpected token, ignoring upto '{        background-color: #3498db;'. [1:3923: {]
16-03-2024 20:14:46.758Z;errorhandler.__handle;  CSSStyleDeclaration: Unexpected token, ignoring upto '}'. [1:3965: }]
16-03-2024 20:14:46.773Z;errorhandler.__handle;  CSSStyleDeclaration: Unexpected token, ignoring upto '{        background-color: #3498db;'. [1:3989: {]
16-03-2024 20:14:46.820Z;errorhandler.__handle;  CSSStyleDeclaration: Unexpected token, ignoring upto '}'. [1:4084: }]
16-03-2024 20:14:46.820Z;errorhandler.__handle;  CSSStyleDeclaration: Unexpected token, ignoring upto '{        margin-bottom: 0;'. [1:4234: {]
16-03-2024 20:14:46.820Z;errorhandler.__handle;  CSSStyleDeclaration: Unexpected token, ignoring upto '}'. [1:4267: }]
16-03-2024 20:14:46.820Z;errorhandler.__handle;  CSSStyleDeclaration: Unexpected token, ignoring upto '{        margin-top: 0;'. [1:4283: {]
16-03-2024 20:14:46.820Z;errorhandler.__handle;  CSSStyleDeclaration: Unexpected token, ignoring upto '}'. [1:4313: }]
16-03-2024 20:14:46.820Z;errorhandler.__handle;  CSSStyleDeclaration: Unexpected token, ignoring upto '{        text-align: center;'. [1:4336: {]
16-03-2024 20:14:46.820Z;errorhandler.__handle;  CSSStyleDeclaration: Unexpected token, ignoring upto '}'. [1:4371: }]
16-03-2024 20:14:46.820Z;errorhandler.__handle;  CSSStyleDeclaration: Unexpected token, ignoring upto '{        text-align: right;'. [1:4393: {]
16-03-2024 20:14:46.820Z;errorhandler.__handle;  CSSStyleDeclaration: Unexpected token, ignoring upto '}'. [1:4427: }]
16-03-2024 20:14:46.820Z;errorhandler.__handle;  CSSStyleDeclaration: Unexpected token, ignoring upto '{        text-align: left;'. [1:4448: {]
16-03-2024 20:14:46.820Z;errorhandler.__handle;  CSSStyleDeclaration: Unexpected token, ignoring upto '}'. [1:4481: }]
16-03-2024 20:14:46.820Z;errorhandler.__handle;  CSSStyleDeclaration: Unexpected token, ignoring upto '{        clear: both;'. [1:4497: {]
16-03-2024 20:14:46.820Z;errorhandler.__handle;  CSSStyleDeclaration: Unexpected token, ignoring upto '}'. [1:4525: }]
16-03-2024 20:14:46.820Z;errorhandler.__handle;  CSSStyleDeclaration: Unexpected token, ignoring upto '{        margin-top: 0;'. [1:4539: {]
16-03-2024 20:14:46.820Z;errorhandler.__handle;  CSSStyleDeclaration: Unexpected token, ignoring upto '}'. [1:4569: }]
16-03-2024 20:14:46.820Z;errorhandler.__handle;  CSSStyleDeclaration: Unexpected token, ignoring upto '{        margin-bottom: 0;'. [1:4583: {]
16-03-2024 20:14:46.820Z;errorhandler.__handle;  CSSStyleDeclaration: Unexpected token, ignoring upto '}'. [1:4616: }]
16-03-2024 20:14:46.820Z;errorhandler.__handle;  CSSStyleDeclaration: Unexpected token, ignoring upto '{        color: transparent;'. [1:4636: {]
16-03-2024 20:14:46.836Z;errorhandler.__handle;  Property: Unknown Property name. [1:4799: mso-hide]
16-03-2024 20:14:46.836Z;errorhandler.__handle;  CSSStyleDeclaration: Unexpected token, ignoring upto '}'. [1:4864: }]
16-03-2024 20:14:46.836Z;errorhandler.__handle;  CSSStyleDeclaration: Unexpected token, ignoring upto '{        text-decoration: none;'. [1:4887: {]
16-03-2024 20:14:46.836Z;errorhandler.__handle;  CSSStyleDeclaration: Unexpected token, ignoring upto '}'. [1:4925: }]
16-03-2024 20:14:46.836Z;errorhandler.__handle;  CSSStyleDeclaration: Unexpected token, ignoring upto '{        border: 0;'. [1:4937: {]
16-03-2024 20:14:46.836Z;errorhandler.__handle;  CSSStyleDeclaration: Unexpected token, ignoring upto '}'. [1:5027: }]
16-03-2024 20:14:46.836Z;errorhandler.__handle;  CSSStyleRule: No selector found: '{        table.body h1 {{          font-size: 28px !important;          margin-bottom: 10px !important;         }}        table.body p,        table.body ul,        table.body ol,        table.body td,        table.body span,        table.body a {{          font-size: 16px !important;         }}        table.body .wrapper,        table.body .article {{          padding: 10px !important;         }}        table.body .content {{          padding: 0 !important;         }}        table.body .container {{          padding: 0 !important;          width: 100% !important;         }}        table.body .main {{          border-left-width: 0 !important;          border-radius: 0 !important;          border-right-width: 0 !important;         }}        table.body .btn table {{          width: 100% !important;         }}        table.body .btn a {{          width: 100% !important;         }}        table.body .img-responsive {{          height: auto !important;          max-width: 100% !important;          width: auto !important;         }}      }'. [1:5217: {]
16-03-2024 20:14:46.836Z;errorhandler.__handle;  SelectorList: Unknown Syntax: ''
16-03-2024 20:14:46.836Z;errorhandler.__handle;  Property: No ":" after name found: table.body h1 {{          font-size: 28px !important;          margin-bottom: 10px !important;         }}        table.body p,        table.body ul,        table.body ol,        table.body td,        table.body span,        table.body a {{          font-size: 16px !important;         }}        table.body .wrapper,        table.body .article {{          padding: 10px !important;         }}        table.body .content {{          padding: 0 !important;         }}        table.body .container {{          padding: 0 !important;          width: 100% !important;         }}        table.body .main {{          border-left-width: 0 !important;          border-radius: 0 !important;          border-right-width: 0 !important;         }}        table.body .btn table {{          width: 100% !important;         }}        table.body .btn a {{          width: 100% !important;         }}        table.body .img-responsive {{          height: auto !important;          max-width: 100% !important;          width: auto !important;         }}       [1:6259:       ]
16-03-2024 20:14:46.836Z;errorhandler.__handle;  Property: No property value found: table.body h1 {{          font-size: 28px !important;          margin-bottom: 10px !important;         }}        table.body p,        table.body ul,        table.body ol,        table.body td,        table.body span,        table.body a {{          font-size: 16px !important;         }}        table.body .wrapper,        table.body .article {{          padding: 10px !important;         }}        table.body .content {{          padding: 0 !important;         }}        table.body .container {{          padding: 0 !important;          width: 100% !important;         }}        table.body .main {{          border-left-width: 0 !important;          border-radius: 0 !important;          border-right-width: 0 !important;         }}        table.body .btn table {{          width: 100% !important;         }}        table.body .btn a {{          width: 100% !important;         }}        table.body .img-responsive {{          height: auto !important;          max-width: 100% !important;          width: auto !important;         }}       [1:6259:       ]
16-03-2024 20:14:46.836Z;errorhandler.__handle;  CSSStyleDeclaration: Syntax Error in Property: table.body h1 {{          font-size: 28px !important;          margin-bottom: 10px !important;         }}        table.body p,        table.body ul,        table.body ol,        table.body td,        table.body span,        table.body a {{          font-size: 16px !important;         }}        table.body .wrapper,        table.body .article {{          padding: 10px !important;         }}        table.body .content {{          padding: 0 !important;         }}        table.body .container {{          padding: 0 !important;          width: 100% !important;         }}        table.body .main {{          border-left-width: 0 !important;          border-radius: 0 !important;          border-right-width: 0 !important;         }}        table.body .btn table {{          width: 100% !important;         }}        table.body .btn a {{          width: 100% !important;         }}        table.body .img-responsive {{          height: auto !important;          max-width: 100% !important;          width: auto !important;         }}      
16-03-2024 20:14:46.836Z;errorhandler.__handle;  CSSStyleRule: No selector found: '{        .ExternalClass {{          width: 100%;         }}        .ExternalClass,        .ExternalClass p,        .ExternalClass span,        .ExternalClass font,        .ExternalClass td,        .ExternalClass div {{          line-height: 100%;         }}        .apple-link a {{          color: inherit !important;          font-family: inherit !important;          font-size: inherit !important;          font-weight: inherit !important;          line-height: inherit !important;          text-decoration: none !important;         }}        #MessageViewBody a {{          color: inherit;          text-decoration: none;          font-size: inherit;          font-family: inherit;          font-weight: inherit;          line-height: inherit;        }}        .btn-primary table td:hover {{          background-color: #34495e !important;         }}        .btn-primary a:hover {{          background-color: #34495e !important;          border-color: #34495e !important;         }}       }'. [1:6420: {]
16-03-2024 20:14:46.836Z;errorhandler.__handle;  SelectorList: Unknown Syntax: ''
16-03-2024 20:14:46.836Z;errorhandler.__handle;  CSSStyleDeclaration: Unexpected token, ignoring upto '.ExternalClass {{          width: 100%;         }}        .ExternalClass,        .ExternalClass p,        .ExternalClass span,        .ExternalClass font,        .ExternalClass td,        .ExternalClass div {{          line-height: 100%;         }}        .apple-link a {{          color: inherit !important;          font-family: inherit !important;          font-size: inherit !important;          font-weight: inherit !important;          line-height: inherit !important;          text-decoration: none !important;         }}        #MessageViewBody a {{          color: inherit;          text-decoration: none;          font-size: inherit;          font-family: inherit;          font-weight: inherit;          line-height: inherit;        }}        .btn-primary table td:hover {{          background-color: #34495e !important;         }}        .btn-primary a:hover {{          background-color: #34495e !important;          border-color: #34495e !important;         }}       '. [1:6429: .]
16-03-2024 20:14:46.867Z;errorhandler.__handle;  Property: Unknown Property name. [1:1: -ms-interpolation-mode]
16-03-2024 20:14:46.867Z;errorhandler.__handle;  Property: Unknown Property name. [1:24: -webkit-font-smoothing]
16-03-2024 20:14:46.867Z;errorhandler.__handle;  Property: Unknown Property name. [1:109: -ms-text-size-adjust]
16-03-2024 20:14:46.867Z;errorhandler.__handle;  Property: Unknown Property name. [1:135: -webkit-text-size-adjust]
16-03-2024 20:14:46.867Z;errorhandler.__handle;  Property: Unknown Property name. [1:1: mso-table-lspace]
16-03-2024 20:14:46.867Z;errorhandler.__handle;  Property: Unknown Property name. [1:20: mso-table-rspace]
16-03-2024 20:14:46.898Z;errorhandler.__handle;  Property: Unknown Property name. [1:74: mso-hide]
16-03-2024 20:14:46.914Z;errorhandler.__handle;  Property: No ":" after name found: align-center [1:1: align-center]
16-03-2024 20:14:46.914Z;errorhandler.__handle;  Property: No property value found: align-center [1:1: align-center]
16-03-2024 20:14:46.914Z;errorhandler.__handle;  CSSStyleDeclaration: Syntax Error in Property: align-center
16-03-2024 20:14:46.914Z;errorhandler.__handle;  Property: Unknown Property name. [1:1: -ms-interpolation-mode]
16-03-2024 20:14:49.398Z;functions.emailSuccess;  Success e-mail sent.
16-03-2024 20:14:50.765Z;functions.encerra_prog;  RM ENCERRADO
