05-04-2024 20:00:10.156Z;functions.bot_text_art;      ____   
05-04-2024 20:00:10.156Z;functions.bot_text_art;     [____]    
05-04-2024 20:00:10.156Z;functions.bot_text_art;   |=]()()[=|  
05-04-2024 20:00:10.156Z;functions.bot_text_art;     _\==/__    _____    ____     _        _____    ___   _  __
05-04-2024 20:00:10.156Z;functions.bot_text_art;   |__|   |_|  |  _  \  / ___|   | |      |_   _| / ___| | |/ /
05-04-2024 20:00:10.156Z;functions.bot_text_art;   |_|_/\_|_|  | |  | | | |      | |        | |   | |    | ' / 
05-04-2024 20:00:10.156Z;functions.bot_text_art;   | | __ | |  | |  | | | |      | |        | |   | |    |  <  
05-04-2024 20:00:10.156Z;functions.bot_text_art;   |_|[  ]|_|  | |__| | | |____  | |____   _| |_  | |__  | . \ 
05-04-2024 20:00:10.156Z;functions.bot_text_art;   \_|_||_|_/  |_____/   \_____| |______| |_____| \ ___| |_|\_\
05-04-2024 20:00:10.156Z;functions.bot_text_art;     |_||_|                                                     
05-04-2024 20:00:10.156Z;functions.bot_text_art;     | ||_|_   
05-04-2024 20:00:10.156Z;functions.bot_text_art;   |___||___|  
05-04-2024 20:00:10.156Z;functions.bot_text_art;               
05-04-2024 20:00:10.156Z;functions.open_RM;  OPEN PROGRAM RM
05-04-2024 20:00:19.342Z;functions.loggin_RM;  ENTRAR USER_NAME
05-04-2024 20:00:22.154Z;functions.loggin_RM;  ENTRAR PASSWORD
05-04-2024 20:00:22.811Z;functions.loggin_RM;  ENTRAR RM
05-04-2024 20:00:40.531Z;functions.enter_coligada;  CLICK CONTEXTO
05-04-2024 20:00:44.421Z;functions.enter_coligada;  CLICK ALTERAR MODULO DO CONTEXTO
05-04-2024 20:00:46.655Z;functions.enter_coligada;  INSERE O COLIGADA CODE = 1
05-04-2024 20:00:46.757Z;functions.enter_coligada;  APERTA TAB PARA PREENCHER O CAMPO COM A STRING: OCEANICA ENGENHARIA E CONSULTORIA S.A.
05-04-2024 20:00:47.593Z;functions.enter_coligada;  CLICK AVANÇAR NOVAMENTE
05-04-2024 20:00:48.359Z;functions.enter_coligada;  CLICK CONCLUIR
05-04-2024 20:00:57.218Z;functions.enter_coligada;  POP UP COLIGADA DESAPARECER
05-04-2024 20:00:57.828Z;functions.check_movimentacao_bancaria;  CLICK - TOTVS - LINHA RM
05-04-2024 20:00:58.858Z;functions.check_movimentacao_bancaria;  CLICK - BACK OFFICE
05-04-2024 20:01:01.140Z;functions.check_movimentacao_bancaria;  CLICK - GESTAO FINANCEIRA
05-04-2024 20:01:03.375Z;functions.movimentacao_bancaria;  CLICK NA ABA MOVIMENTAÇÃO BANCARIA
05-04-2024 20:01:05.501Z;functions.waitForImage;  IMAGEM BORDERO image found.
05-04-2024 20:01:07.628Z;functions.movimentacao_bancaria;  IMAGEM BORDERO CLICADA.
05-04-2024 20:01:17.880Z;functions.waitForImage;  LICENCAS EXCEDIDAS image not found.
05-04-2024 20:01:18.421Z;functions.movimentacao_bancaria;  ENCONTROU O FILTRO DA MOVIMENTAÇÃO BANCÁRIA
05-04-2024 20:01:18.437Z;functions.movimentacao_bancaria;  CLICA NA ABA SUPERIOR DO FILTRO
05-04-2024 20:01:22.641Z;functions.movimentacao_bancaria;  SELECIONA O FILTRO HOJE
05-04-2024 20:01:24.607Z;functions.waitForImage;  FILTER CLEAN image found.
05-04-2024 20:01:26.725Z;functions.filter_clean;  CLICK NO BOTÃO X DO LIMPA FILTRO
05-04-2024 20:01:42.151Z;functions.waitForImage;  FILTER CLEAN image not found.
05-04-2024 20:01:57.542Z;functions.waitForImage;  FILTER CLEAN image not found.
05-04-2024 20:02:00.294Z;functions.movimentacao_bancaria;  CLICK NA PRIMEIRA LINHA DA TABELA MOVIMENTAÇÃO BANCÁRIA
05-04-2024 20:02:01.504Z;functions.movimentacao_bancaria;  12 PASSOS PARA DIREITA NA TABELA >>
05-04-2024 20:02:02.734Z;functions.movimentacao_bancaria;  HOVER FILTER
05-04-2024 20:02:02.999Z;functions.movimentacao_bancaria;  CLICK FILTER
05-04-2024 20:02:07.307Z;functions.movimentacao_bancaria;  CLICK NO FILTRO  STATUS DA REMESSA
05-04-2024 20:02:09.409Z;functions.movimentacao_bancaria;  APERTA TAB PARA ESCREVER O FILTRO
05-04-2024 20:02:11.514Z;functions.movimentacao_bancaria;  ESCREVE PENDENTE NO FILTRO
05-04-2024 20:02:13.616Z;functions.movimentacao_bancaria;  APERTA ENTER PARA SELECIONAR OS PENDENTES
05-04-2024 20:02:31.498Z;functions.movimentacao_bancaria;  SEM PROCESSAMENTO DE BORDERO PENDENTE.
05-04-2024 20:02:36.610Z;functions.waitForImage;  FILTER CLEAN image found.
05-04-2024 20:02:38.728Z;functions.filter_clean;  CLICK NO BOTÃO X DO LIMPA FILTRO
05-04-2024 20:02:54.115Z;functions.waitForImage;  FILTER CLEAN image not found.
05-04-2024 20:03:09.499Z;functions.waitForImage;  FILTER CLEAN image not found.
05-04-2024 20:03:10.314Z;functions.remessa_pagamento;  CLICK NA PRIMEIRA LINHA DA TABELA MOVIMENTAÇÃO BANCÁRIA
05-04-2024 20:03:11.563Z;functions.remessa_pagamento;  HOVER FILTER
05-04-2024 20:03:11.840Z;functions.remessa_pagamento;  CLICK FILTER
05-04-2024 20:03:16.152Z;functions.remessa_pagamento;  CLICK NO FILTRO  STATUS DA REMESSA
05-04-2024 20:03:18.253Z;functions.remessa_pagamento;  APERTA TAB PARA ESCREVER O FILTRO
05-04-2024 20:03:20.360Z;functions.remessa_pagamento;  ESCREVE AUTORIZADO NO FILTRO
05-04-2024 20:03:22.461Z;functions.remessa_pagamento;  APERTA ENTER PARA SELECIONAR OS AUTORIZADO
05-04-2024 20:03:40.359Z;functions.remessa_pagamento;  SEM REMESSA DE BORDERO AUTORIZADO
05-04-2024 20:03:40.954Z;functions.enter_contas_a_pagar;  CLICK - TOTVS - LINHA RM
05-04-2024 20:03:41.891Z;functions.enter_contas_a_pagar;  CLICK - BACK OFFICE
05-04-2024 20:03:42.562Z;functions.enter_contas_a_pagar;  CLICK - GESTAO FINANCEIRA
05-04-2024 20:03:47.219Z;functions.enter_contas_a_pagar;  CLICK - CONTAS A PAGAR
05-04-2024 20:03:47.360Z;functions.waitForImage;  LANÇAMENTOS image found.
05-04-2024 20:03:49.486Z;functions.enter_contas_a_pagar;  CLICA EM LANÇAMENTOS
05-04-2024 20:04:04.707Z;functions.waitForImage;  LICENCAS EXCEDIDAS image not found.
05-04-2024 20:04:04.707Z;functions.obter_intervalo_data;  VERIFICANDO A HORA ATUAL 20
05-04-2024 20:04:04.707Z;functions.obter_intervalo_data;  Data Inicial FERIAS/RESCISAO antes da remoção: None
05-04-2024 20:04:04.707Z;functions.obter_intervalo_data;  Data Final FERIAS/RESCISAO antes da remoção: None
05-04-2024 20:04:04.707Z;functions.obter_intervalo_data;  Data Inicial FERIAS/RESCISAO após a remoção: None
05-04-2024 20:04:04.707Z;functions.obter_intervalo_data;  Data Final FERIAS/RESCISAO após a remoção: None
05-04-2024 20:04:04.707Z;functions.obter_intervalo_data;  hoje -  2024-04-05 20:04:04.707178
05-04-2024 20:04:04.707Z;functions.data_filter;  DATA INICIO 10-04-2024
05-04-2024 20:04:04.707Z;functions.data_filter;  DATA FIM 16-04-2024
05-04-2024 20:04:04.707Z;functions.data_filter;  CLICK - SELECIONA A DATA DE QUARTA FEIRA E DA PROXIMA TERÇA
05-04-2024 20:04:04.707Z;functions.data_filter;  QUARTA-FEIRA: 10-04-2024
05-04-2024 20:04:04.707Z;functions.data_filter;  TERCA-FEIRA: 16-04-2024
05-04-2024 20:04:16.922Z;functions.data_filter;  CLICK - BUTÃO DE SELECAO DE FILTRO
05-04-2024 20:04:20.657Z;functions.data_filter;  INSERE - DATA DE QUARTA-FEIRA: 10-04-2024
05-04-2024 20:04:24.109Z;functions.data_filter;  INSERE - DATA DA PROX TERCA-FEIRA: 16-04-2024
05-04-2024 20:04:24.735Z;functions.data_filter;  CLICK - BUTÃO DE EXECUTAR O FILTRO
05-04-2024 20:04:30.485Z;functions.desmark_filter;  CLICK CHECKBOX LANÇAMENTOS A RECEBER
05-04-2024 20:04:31.265Z;functions.desmark_filter;  CLICK CHECKBOX LANÇAMENTOS BAIXADOS
05-04-2024 20:04:32.078Z;functions.desmark_filter;  CLICK CHECKBOX LANÇAMENTOS CANCELADOS
05-04-2024 20:04:32.971Z;functions.desmark_filter;  CLICK CHECKBOX LANÇAMENTOS FATURADOS
05-04-2024 20:04:33.828Z;functions.desmark_filter;  ATUALIZA O FILTRO
05-04-2024 20:04:33.955Z;functions.waitForImage;  FILTER CLEAN image found.
05-04-2024 20:04:36.073Z;functions.filter_clean;  CLICK NO BOTÃO X DO LIMPA FILTRO
05-04-2024 20:04:51.444Z;functions.waitForImage;  FILTER CLEAN image not found.
05-04-2024 20:05:06.828Z;functions.waitForImage;  FILTER CLEAN image not found.
05-04-2024 20:05:07.750Z;functions.tabela_vazia;  Texto extraido 0/0
05-04-2024 20:05:07.750Z;functions.tabela_vazia;  Count 0
05-04-2024 20:05:07.750Z;functions.tabela_vazia;  Type <class 'int'>
05-04-2024 20:05:09.756Z;functions.tabela_vazia;  SEM REMESSA DE FÉRIAS/RESCISÃO
05-04-2024 20:05:11.756Z;main.<module>;  SEM REMESSA DE FÉRIAS/RESCISÃO
05-04-2024 20:05:13.278Z;errorhandler.__handle;  Property: Unknown Property name. [1:203: -ms-interpolation-mode]
05-04-2024 20:05:13.287Z;errorhandler.__handle;  Property: Unknown Property name. [1:353: -webkit-font-smoothing]
05-04-2024 20:05:13.289Z;errorhandler.__handle;  Property: Unknown Property name. [1:483: -ms-text-size-adjust]
05-04-2024 20:05:13.289Z;errorhandler.__handle;  Property: Unknown Property name. [1:518: -webkit-text-size-adjust]
05-04-2024 20:05:13.290Z;errorhandler.__handle;  Property: Unknown Property name. [1:612: mso-table-lspace]
05-04-2024 20:05:13.290Z;errorhandler.__handle;  Property: Unknown Property name. [1:642: mso-table-rspace]
05-04-2024 20:05:13.329Z;errorhandler.__handle;  Property: Unknown Property name. [1:4734: mso-hide]
05-04-2024 20:05:13.360Z;errorhandler.__handle;  Property: Unknown Property name. [1:13: -ms-interpolation-mode]
05-04-2024 20:05:13.360Z;errorhandler.__handle;  Property: Unknown Property name. [1:49: -webkit-font-smoothing]
05-04-2024 20:05:13.360Z;errorhandler.__handle;  Property: Unknown Property name. [1:134: -ms-text-size-adjust]
05-04-2024 20:05:13.360Z;errorhandler.__handle;  Property: Unknown Property name. [1:160: -webkit-text-size-adjust]
05-04-2024 20:05:13.360Z;errorhandler.__handle;  Property: Unknown Property name. [1:26: mso-table-lspace]
05-04-2024 20:05:13.360Z;errorhandler.__handle;  Property: Unknown Property name. [1:45: mso-table-rspace]
05-04-2024 20:05:13.360Z;errorhandler.__handle;  Property: Unknown Property name. [1:92: mso-hide]
05-04-2024 20:05:13.376Z;errorhandler.__handle;  Property: No ":" after name found: align-center [1:1: align-center]
05-04-2024 20:05:13.376Z;errorhandler.__handle;  Property: No property value found: align-center [1:1: align-center]
05-04-2024 20:05:13.376Z;errorhandler.__handle;  CSSStyleDeclaration: Syntax Error in Property: align-center
05-04-2024 20:05:13.376Z;errorhandler.__handle;  Property: Unknown Property name. [1:14: -ms-interpolation-mode]
05-04-2024 20:05:15.744Z;functions.emailFinalizado;  Finalizado e-mail sent.
05-04-2024 20:05:15.824Z;functions.encerra_prog;  RM ENCERRADO
