16-04-2024 14:00:15.693Z;functions.bot_text_art;      ____   
16-04-2024 14:00:15.693Z;functions.bot_text_art;     [____]    
16-04-2024 14:00:15.693Z;functions.bot_text_art;   |=]()()[=|  
16-04-2024 14:00:15.693Z;functions.bot_text_art;     _\==/__    _____    ____     _        _____    ___   _  __
16-04-2024 14:00:15.693Z;functions.bot_text_art;   |__|   |_|  |  _  \  / ___|   | |      |_   _| / ___| | |/ /
16-04-2024 14:00:15.693Z;functions.bot_text_art;   |_|_/\_|_|  | |  | | | |      | |        | |   | |    | ' / 
16-04-2024 14:00:15.693Z;functions.bot_text_art;   | | __ | |  | |  | | | |      | |        | |   | |    |  <  
16-04-2024 14:00:15.693Z;functions.bot_text_art;   |_|[  ]|_|  | |__| | | |____  | |____   _| |_  | |__  | . \ 
16-04-2024 14:00:15.693Z;functions.bot_text_art;   \_|_||_|_/  |_____/   \_____| |______| |_____| \ ___| |_|\_\
16-04-2024 14:00:15.693Z;functions.bot_text_art;     |_||_|                                                     
16-04-2024 14:00:15.693Z;functions.bot_text_art;     | ||_|_   
16-04-2024 14:00:15.693Z;functions.bot_text_art;   |___||___|  
16-04-2024 14:00:15.693Z;functions.bot_text_art;               
16-04-2024 14:00:15.708Z;functions.open_RM;  OPEN PROGRAM RM
16-04-2024 14:03:57.809Z;functions.loggin_RM;  ENTRAR USER_NAME
16-04-2024 14:04:00.794Z;functions.loggin_RM;  ENTRAR PASSWORD
16-04-2024 14:04:01.591Z;functions.loggin_RM;  ENTRAR RM
16-04-2024 14:04:30.612Z;functions.enter_coligada;  CLICK CONTEXTO
16-04-2024 14:04:34.614Z;functions.enter_coligada;  CLICK ALTERAR MODULO DO CONTEXTO
16-04-2024 14:04:36.829Z;functions.enter_coligada;  INSERE O COLIGADA CODE = 1
16-04-2024 14:04:36.931Z;functions.enter_coligada;  APERTA TAB PARA PREENCHER O CAMPO COM A STRING: OCEANICA ENGENHARIA E CONSULTORIA S.A.
16-04-2024 14:04:37.804Z;functions.enter_coligada;  CLICK AVANÇAR NOVAMENTE
16-04-2024 14:04:38.673Z;functions.enter_coligada;  CLICK CONCLUIR
16-04-2024 14:04:47.923Z;functions.enter_coligada;  POP UP COLIGADA DESAPARECER
16-04-2024 14:04:48.548Z;functions.check_movimentacao_bancaria;  CLICK - TOTVS - LINHA RM
16-04-2024 14:04:49.648Z;functions.check_movimentacao_bancaria;  CLICK - BACK OFFICE
16-04-2024 14:04:50.367Z;functions.check_movimentacao_bancaria;  CLICK - GESTAO FINANCEIRA
16-04-2024 14:04:53.080Z;functions.movimentacao_bancaria;  CLICK NA ABA MOVIMENTAÇÃO BANCARIA
16-04-2024 14:04:55.238Z;functions.waitForImage;  IMAGEM BORDERO image found.
16-04-2024 14:04:57.359Z;functions.movimentacao_bancaria;  IMAGEM BORDERO CLICADA.
16-04-2024 14:05:07.976Z;functions.waitForImage;  LICENCAS EXCEDIDAS image not found.
16-04-2024 14:05:08.570Z;functions.movimentacao_bancaria;  ENCONTROU O FILTRO DA MOVIMENTAÇÃO BANCÁRIA
16-04-2024 14:05:08.601Z;functions.movimentacao_bancaria;  CLICA NA ABA SUPERIOR DO FILTRO
16-04-2024 14:05:12.806Z;functions.movimentacao_bancaria;  SELECIONA O FILTRO HOJE
16-04-2024 14:05:14.908Z;functions.waitForImage;  FILTER CLEAN image found.
16-04-2024 14:05:17.026Z;functions.filter_clean;  CLICK NO BOTÃO X DO LIMPA FILTRO
16-04-2024 14:05:32.180Z;functions.waitForImage;  FILTER CLEAN image not found.
16-04-2024 14:05:47.356Z;functions.waitForImage;  FILTER CLEAN image not found.
16-04-2024 14:05:50.252Z;functions.movimentacao_bancaria;  CLICK NA PRIMEIRA LINHA DA TABELA MOVIMENTAÇÃO BANCÁRIA
16-04-2024 14:05:51.465Z;functions.movimentacao_bancaria;  12 PASSOS PARA DIREITA NA TABELA >>
16-04-2024 14:05:52.793Z;functions.movimentacao_bancaria;  HOVER FILTER
16-04-2024 14:05:53.164Z;functions.movimentacao_bancaria;  CLICK FILTER
16-04-2024 14:05:57.473Z;functions.movimentacao_bancaria;  CLICK NO FILTRO  STATUS DA REMESSA
16-04-2024 14:05:59.574Z;functions.movimentacao_bancaria;  APERTA TAB PARA ESCREVER O FILTRO
16-04-2024 14:06:01.679Z;functions.movimentacao_bancaria;  ESCREVE PENDENTE NO FILTRO
16-04-2024 14:06:03.781Z;functions.movimentacao_bancaria;  APERTA ENTER PARA SELECIONAR OS PENDENTES
16-04-2024 14:06:22.017Z;functions.movimentacao_bancaria;  SEM PROCESSAMENTO DE BORDERO PENDENTE.
16-04-2024 14:06:27.127Z;functions.waitForImage;  FILTER CLEAN image found.
16-04-2024 14:06:29.259Z;functions.filter_clean;  CLICK NO BOTÃO X DO LIMPA FILTRO
16-04-2024 14:06:44.387Z;functions.waitForImage;  FILTER CLEAN image not found.
16-04-2024 14:06:59.590Z;functions.waitForImage;  FILTER CLEAN image not found.
16-04-2024 14:07:00.485Z;functions.remessa_pagamento;  CLICK NA PRIMEIRA LINHA DA TABELA MOVIMENTAÇÃO BANCÁRIA
16-04-2024 14:07:01.800Z;functions.remessa_pagamento;  HOVER FILTER
16-04-2024 14:07:02.100Z;functions.remessa_pagamento;  CLICK FILTER
16-04-2024 14:07:06.412Z;functions.remessa_pagamento;  CLICK NO FILTRO  STATUS DA REMESSA
16-04-2024 14:07:08.514Z;functions.remessa_pagamento;  APERTA TAB PARA ESCREVER O FILTRO
16-04-2024 14:07:10.620Z;functions.remessa_pagamento;  ESCREVE AUTORIZADO NO FILTRO
16-04-2024 14:07:12.722Z;functions.remessa_pagamento;  APERTA ENTER PARA SELECIONAR OS AUTORIZADO
16-04-2024 14:07:30.938Z;functions.remessa_pagamento;  SEM REMESSA DE BORDERO AUTORIZADO
16-04-2024 14:07:31.563Z;functions.enter_contas_a_pagar;  CLICK - TOTVS - LINHA RM
16-04-2024 14:07:32.292Z;functions.enter_contas_a_pagar;  CLICK - BACK OFFICE
16-04-2024 14:07:33.002Z;functions.enter_contas_a_pagar;  CLICK - GESTAO FINANCEIRA
16-04-2024 14:07:37.871Z;functions.enter_contas_a_pagar;  CLICK - CONTAS A PAGAR
16-04-2024 14:07:38.013Z;functions.waitForImage;  LANÇAMENTOS image found.
16-04-2024 14:07:40.149Z;functions.enter_contas_a_pagar;  CLICA EM LANÇAMENTOS
16-04-2024 14:07:55.619Z;functions.waitForImage;  LICENCAS EXCEDIDAS image not found.
16-04-2024 14:07:55.619Z;functions.obter_intervalo_data;  VERIFICANDO A HORA ATUAL 14
16-04-2024 14:07:55.619Z;functions.obter_intervalo_data;  Data Inicial FERIAS/RESCISAO antes da remoção: None
16-04-2024 14:07:55.619Z;functions.obter_intervalo_data;  Data Final FERIAS/RESCISAO antes da remoção: None
16-04-2024 14:07:55.619Z;functions.obter_intervalo_data;  Data Inicial FERIAS/RESCISAO após a remoção: None
16-04-2024 14:07:55.619Z;functions.obter_intervalo_data;  Data Final FERIAS/RESCISAO após a remoção: None
16-04-2024 14:07:55.619Z;functions.obter_intervalo_data;  hoje -  2024-04-16 14:07:55.619464
16-04-2024 14:07:55.619Z;functions.data_filter;  DATA INICIO 24-04-2024
16-04-2024 14:07:55.619Z;functions.data_filter;  DATA FIM 30-04-2024
16-04-2024 14:07:55.619Z;functions.data_filter;  CLICK - SELECIONA A DATA DE QUARTA FEIRA E DA PROXIMA TERÇA
16-04-2024 14:07:55.619Z;functions.data_filter;  QUARTA-FEIRA: 24-04-2024
16-04-2024 14:07:55.619Z;functions.data_filter;  TERCA-FEIRA: 30-04-2024
16-04-2024 14:08:07.935Z;functions.data_filter;  CLICK - BUTÃO DE SELECAO DE FILTRO
16-04-2024 14:08:11.745Z;functions.data_filter;  INSERE - DATA DE QUARTA-FEIRA: 24-04-2024
16-04-2024 14:08:15.312Z;functions.data_filter;  INSERE - DATA DA PROX TERCA-FEIRA: 30-04-2024
16-04-2024 14:08:15.969Z;functions.data_filter;  CLICK - BUTÃO DE EXECUTAR O FILTRO
16-04-2024 14:08:21.830Z;functions.desmark_filter;  CLICK CHECKBOX LANÇAMENTOS A RECEBER
16-04-2024 14:08:22.710Z;functions.desmark_filter;  CLICK CHECKBOX LANÇAMENTOS BAIXADOS
16-04-2024 14:08:23.608Z;functions.desmark_filter;  CLICK CHECKBOX LANÇAMENTOS CANCELADOS
16-04-2024 14:08:24.521Z;functions.desmark_filter;  CLICK CHECKBOX LANÇAMENTOS FATURADOS
16-04-2024 14:08:25.488Z;functions.desmark_filter;  ATUALIZA O FILTRO
16-04-2024 14:08:25.623Z;functions.waitForImage;  FILTER CLEAN image found.
16-04-2024 14:08:27.753Z;functions.filter_clean;  CLICK NO BOTÃO X DO LIMPA FILTRO
16-04-2024 14:08:42.826Z;functions.waitForImage;  FILTER CLEAN image not found.
16-04-2024 14:08:57.943Z;functions.waitForImage;  FILTER CLEAN image not found.
16-04-2024 14:08:58.959Z;functions.tabela_vazia;  Texto extraido 0/0
16-04-2024 14:08:58.959Z;functions.tabela_vazia;  Count 0
16-04-2024 14:08:58.959Z;functions.tabela_vazia;  Type <class 'int'>
16-04-2024 14:09:00.972Z;functions.tabela_vazia;  SEM REMESSA DE FÉRIAS/RESCISÃO
16-04-2024 14:09:02.973Z;main.<module>;  SEM REMESSA DE FÉRIAS/RESCISÃO
16-04-2024 14:09:04.830Z;errorhandler.__handle;  Property: Unknown Property name. [1:203: -ms-interpolation-mode]
16-04-2024 14:09:04.838Z;errorhandler.__handle;  Property: Unknown Property name. [1:353: -webkit-font-smoothing]
16-04-2024 14:09:04.841Z;errorhandler.__handle;  Property: Unknown Property name. [1:483: -ms-text-size-adjust]
16-04-2024 14:09:04.841Z;errorhandler.__handle;  Property: Unknown Property name. [1:518: -webkit-text-size-adjust]
16-04-2024 14:09:04.842Z;errorhandler.__handle;  Property: Unknown Property name. [1:612: mso-table-lspace]
16-04-2024 14:09:04.842Z;errorhandler.__handle;  Property: Unknown Property name. [1:642: mso-table-rspace]
16-04-2024 14:09:04.889Z;errorhandler.__handle;  Property: Unknown Property name. [1:4734: mso-hide]
16-04-2024 14:09:04.916Z;errorhandler.__handle;  Property: Unknown Property name. [1:13: -ms-interpolation-mode]
16-04-2024 14:09:04.917Z;errorhandler.__handle;  Property: Unknown Property name. [1:49: -webkit-font-smoothing]
16-04-2024 14:09:04.918Z;errorhandler.__handle;  Property: Unknown Property name. [1:134: -ms-text-size-adjust]
16-04-2024 14:09:04.918Z;errorhandler.__handle;  Property: Unknown Property name. [1:160: -webkit-text-size-adjust]
16-04-2024 14:09:04.919Z;errorhandler.__handle;  Property: Unknown Property name. [1:26: mso-table-lspace]
16-04-2024 14:09:04.919Z;errorhandler.__handle;  Property: Unknown Property name. [1:45: mso-table-rspace]
16-04-2024 14:09:04.921Z;errorhandler.__handle;  Property: Unknown Property name. [1:92: mso-hide]
16-04-2024 14:09:04.921Z;errorhandler.__handle;  Property: No ":" after name found: align-center [1:1: align-center]
16-04-2024 14:09:04.921Z;errorhandler.__handle;  Property: No property value found: align-center [1:1: align-center]
16-04-2024 14:09:04.921Z;errorhandler.__handle;  CSSStyleDeclaration: Syntax Error in Property: align-center
16-04-2024 14:09:04.921Z;errorhandler.__handle;  Property: Unknown Property name. [1:14: -ms-interpolation-mode]
16-04-2024 14:09:08.578Z;functions.emailFinalizado;  Finalizado e-mail sent.
16-04-2024 14:09:08.673Z;functions.encerra_prog;  RM ENCERRADO
