16-04-2024 20:00:19.743Z;functions.bot_text_art;      ____   
16-04-2024 20:00:19.743Z;functions.bot_text_art;     [____]    
16-04-2024 20:00:19.743Z;functions.bot_text_art;   |=]()()[=|  
16-04-2024 20:00:19.743Z;functions.bot_text_art;     _\==/__    _____    ____     _        _____    ___   _  __
16-04-2024 20:00:19.743Z;functions.bot_text_art;   |__|   |_|  |  _  \  / ___|   | |      |_   _| / ___| | |/ /
16-04-2024 20:00:19.743Z;functions.bot_text_art;   |_|_/\_|_|  | |  | | | |      | |        | |   | |    | ' / 
16-04-2024 20:00:19.743Z;functions.bot_text_art;   | | __ | |  | |  | | | |      | |        | |   | |    |  <  
16-04-2024 20:00:19.743Z;functions.bot_text_art;   |_|[  ]|_|  | |__| | | |____  | |____   _| |_  | |__  | . \ 
16-04-2024 20:00:19.743Z;functions.bot_text_art;   \_|_||_|_/  |_____/   \_____| |______| |_____| \ ___| |_|\_\
16-04-2024 20:00:19.743Z;functions.bot_text_art;     |_||_|                                                     
16-04-2024 20:00:19.743Z;functions.bot_text_art;     | ||_|_   
16-04-2024 20:00:19.743Z;functions.bot_text_art;   |___||___|  
16-04-2024 20:00:19.743Z;functions.bot_text_art;               
16-04-2024 20:00:19.743Z;functions.open_RM;  OPEN PROGRAM RM
16-04-2024 20:00:30.133Z;functions.loggin_RM;  ENTRAR USER_NAME
16-04-2024 20:00:32.945Z;functions.loggin_RM;  ENTRAR PASSWORD
16-04-2024 20:00:33.617Z;functions.loggin_RM;  ENTRAR RM
16-04-2024 20:01:11.410Z;functions.enter_coligada;  CLICK CONTEXTO
16-04-2024 20:01:15.294Z;functions.enter_coligada;  CLICK ALTERAR MODULO DO CONTEXTO
16-04-2024 20:01:17.446Z;functions.enter_coligada;  INSERE O COLIGADA CODE = 1
16-04-2024 20:01:17.549Z;functions.enter_coligada;  APERTA TAB PARA PREENCHER O CAMPO COM A STRING: OCEANICA ENGENHARIA E CONSULTORIA S.A.
16-04-2024 20:01:18.602Z;functions.enter_coligada;  CLICK AVANÇAR NOVAMENTE
16-04-2024 20:01:19.508Z;functions.enter_coligada;  CLICK CONCLUIR
16-04-2024 20:01:30.930Z;functions.enter_coligada;  POP UP COLIGADA DESAPARECER
16-04-2024 20:01:31.507Z;functions.check_movimentacao_bancaria;  CLICK - TOTVS - LINHA RM
16-04-2024 20:01:32.508Z;functions.check_movimentacao_bancaria;  CLICK - BACK OFFICE
16-04-2024 20:01:34.789Z;functions.check_movimentacao_bancaria;  CLICK - GESTAO FINANCEIRA
16-04-2024 20:01:41.763Z;functions.movimentacao_bancaria;  CLICK NA ABA MOVIMENTAÇÃO BANCARIA
16-04-2024 20:01:43.905Z;functions.waitForImage;  IMAGEM BORDERO image found.
16-04-2024 20:01:46.029Z;functions.movimentacao_bancaria;  IMAGEM BORDERO CLICADA.
16-04-2024 20:01:56.445Z;functions.waitForImage;  LICENCAS EXCEDIDAS image not found.
16-04-2024 20:01:56.992Z;functions.movimentacao_bancaria;  ENCONTROU O FILTRO DA MOVIMENTAÇÃO BANCÁRIA
16-04-2024 20:01:57.008Z;functions.movimentacao_bancaria;  CLICA NA ABA SUPERIOR DO FILTRO
16-04-2024 20:02:01.212Z;functions.movimentacao_bancaria;  SELECIONA O FILTRO HOJE
16-04-2024 20:02:03.837Z;functions.waitForImage;  FILTER CLEAN image found.
16-04-2024 20:02:05.967Z;functions.filter_clean;  CLICK NO BOTÃO X DO LIMPA FILTRO
16-04-2024 20:02:21.039Z;functions.waitForImage;  FILTER CLEAN image not found.
16-04-2024 20:02:36.192Z;functions.waitForImage;  FILTER CLEAN image not found.
16-04-2024 20:02:38.946Z;functions.movimentacao_bancaria;  CLICK NA PRIMEIRA LINHA DA TABELA MOVIMENTAÇÃO BANCÁRIA
16-04-2024 20:02:40.161Z;functions.movimentacao_bancaria;  12 PASSOS PARA DIREITA NA TABELA >>
16-04-2024 20:02:41.383Z;functions.movimentacao_bancaria;  HOVER FILTER
16-04-2024 20:02:41.736Z;functions.movimentacao_bancaria;  CLICK FILTER
16-04-2024 20:02:46.045Z;functions.movimentacao_bancaria;  CLICK NO FILTRO  STATUS DA REMESSA
16-04-2024 20:02:48.147Z;functions.movimentacao_bancaria;  APERTA TAB PARA ESCREVER O FILTRO
16-04-2024 20:02:50.252Z;functions.movimentacao_bancaria;  ESCREVE PENDENTE NO FILTRO
16-04-2024 20:02:52.354Z;functions.movimentacao_bancaria;  APERTA ENTER PARA SELECIONAR OS PENDENTES
16-04-2024 20:02:55.805Z;functions.movimentacao_bancaria;  SELECIONA TODAS AS TUPLAS COM STATUS PENDENTE
16-04-2024 20:02:57.908Z;functions.movimentacao_bancaria;  CLICK EM PROCESSOS
16-04-2024 20:03:00.009Z;functions.movimentacao_bancaria;  APERTA PARA BAIXO
16-04-2024 20:03:02.111Z;functions.movimentacao_bancaria;  APERTA ENTER
16-04-2024 20:03:04.726Z;functions.movimentacao_bancaria;  CLICK EM EXECUTAR BORDERO DE PAGAMENTO
16-04-2024 20:03:21.055Z;functions.waitForImage;  PRESS BUTTON OK image found.
16-04-2024 20:03:21.055Z;functions.movimentacao_bancaria;  O PROCESSAMENTO DE AUTORIZAÇÃO DO BORDERO FOI EXECUTADO COM SUCESSO.
16-04-2024 20:03:21.663Z;functions.movimentacao_bancaria;  CLICK EM FECHAR.
16-04-2024 20:03:26.790Z;functions.waitForImage;  FILTER CLEAN image found.
16-04-2024 20:03:28.909Z;functions.filter_clean;  CLICK NO BOTÃO X DO LIMPA FILTRO
16-04-2024 20:03:44.069Z;functions.waitForImage;  FILTER CLEAN image not found.
16-04-2024 20:03:59.185Z;functions.waitForImage;  FILTER CLEAN image not found.
16-04-2024 20:04:00.007Z;functions.remessa_pagamento;  CLICK NA PRIMEIRA LINHA DA TABELA MOVIMENTAÇÃO BANCÁRIA
16-04-2024 20:04:01.258Z;functions.remessa_pagamento;  HOVER FILTER
16-04-2024 20:04:01.531Z;functions.remessa_pagamento;  CLICK FILTER
16-04-2024 20:04:05.843Z;functions.remessa_pagamento;  CLICK NO FILTRO  STATUS DA REMESSA
16-04-2024 20:04:07.944Z;functions.remessa_pagamento;  APERTA TAB PARA ESCREVER O FILTRO
16-04-2024 20:04:10.050Z;functions.remessa_pagamento;  ESCREVE AUTORIZADO NO FILTRO
16-04-2024 20:04:12.153Z;functions.remessa_pagamento;  APERTA ENTER PARA SELECIONAR OS AUTORIZADO
16-04-2024 20:04:15.452Z;functions.remessa_pagamento;  6 PASSOS PARA ESQUERDA NA TABELA <<
16-04-2024 20:04:16.287Z;functions.check_user_bot;  Texto extraido 1/1
16-04-2024 20:04:16.287Z;functions.check_user_bot;  Count 1
16-04-2024 20:04:16.287Z;functions.check_user_bot;  Type <class 'int'>
16-04-2024 20:04:18.398Z;functions.check_user_bot;  CHECK USER BOT 1
16-04-2024 20:04:20.398Z;functions.check_user_bot;  integracao
16-04-2024 20:04:23.105Z;functions.check_user_bot;  7 PASSOS PARA DIREITA NA TABELA >>
16-04-2024 20:04:27.207Z;functions.check_user_bot;  341 / 3212 / 02675  PIX
16-04-2024 20:04:27.207Z;functions.check_user_bot;  NOME FERIAS NAO ENCONTRADO.
16-04-2024 20:04:27.914Z;functions.check_user_bot;  7 PASSOS PARA ESQUERDA NA TABELA <<
16-04-2024 20:04:28.015Z;functions.check_user_bot;  COUNT1: 0
16-04-2024 20:04:28.633Z;functions.enter_contas_a_pagar;  CLICK - TOTVS - LINHA RM
16-04-2024 20:04:29.555Z;functions.enter_contas_a_pagar;  CLICK - BACK OFFICE
16-04-2024 20:04:30.238Z;functions.enter_contas_a_pagar;  CLICK - GESTAO FINANCEIRA
16-04-2024 20:04:37.633Z;functions.enter_contas_a_pagar;  CLICK - CONTAS A PAGAR
16-04-2024 20:04:37.792Z;functions.waitForImage;  LANÇAMENTOS image found.
16-04-2024 20:04:39.913Z;functions.enter_contas_a_pagar;  CLICA EM LANÇAMENTOS
16-04-2024 20:04:55.312Z;functions.waitForImage;  LICENCAS EXCEDIDAS image not found.
16-04-2024 20:04:55.312Z;functions.obter_intervalo_data;  VERIFICANDO A HORA ATUAL 20
16-04-2024 20:04:55.312Z;functions.obter_intervalo_data;  Data Inicial FERIAS/RESCISAO antes da remoção: None
16-04-2024 20:04:55.312Z;functions.obter_intervalo_data;  Data Final FERIAS/RESCISAO antes da remoção: None
16-04-2024 20:04:55.312Z;functions.obter_intervalo_data;  Data Inicial FERIAS/RESCISAO após a remoção: None
16-04-2024 20:04:55.312Z;functions.obter_intervalo_data;  Data Final FERIAS/RESCISAO após a remoção: None
16-04-2024 20:04:55.312Z;functions.obter_intervalo_data;  hoje -  2024-04-16 20:04:55.312731
16-04-2024 20:04:55.312Z;functions.data_filter;  DATA INICIO 24-04-2024
16-04-2024 20:04:55.312Z;functions.data_filter;  DATA FIM 30-04-2024
16-04-2024 20:04:55.312Z;functions.data_filter;  CLICK - SELECIONA A DATA DE QUARTA FEIRA E DA PROXIMA TERÇA
16-04-2024 20:04:55.312Z;functions.data_filter;  QUARTA-FEIRA: 24-04-2024
16-04-2024 20:04:55.312Z;functions.data_filter;  TERCA-FEIRA: 30-04-2024
16-04-2024 20:05:07.540Z;functions.data_filter;  CLICK - BUTÃO DE SELECAO DE FILTRO
16-04-2024 20:05:11.265Z;functions.data_filter;  INSERE - DATA DE QUARTA-FEIRA: 24-04-2024
16-04-2024 20:05:14.743Z;functions.data_filter;  INSERE - DATA DA PROX TERCA-FEIRA: 30-04-2024
16-04-2024 20:05:15.352Z;functions.data_filter;  CLICK - BUTÃO DE EXECUTAR O FILTRO
16-04-2024 20:05:21.118Z;functions.desmark_filter;  CLICK CHECKBOX LANÇAMENTOS A RECEBER
16-04-2024 20:05:21.883Z;functions.desmark_filter;  CLICK CHECKBOX LANÇAMENTOS BAIXADOS
16-04-2024 20:05:22.680Z;functions.desmark_filter;  CLICK CHECKBOX LANÇAMENTOS CANCELADOS
16-04-2024 20:05:23.540Z;functions.desmark_filter;  CLICK CHECKBOX LANÇAMENTOS FATURADOS
16-04-2024 20:05:24.384Z;functions.desmark_filter;  ATUALIZA O FILTRO
16-04-2024 20:05:24.525Z;functions.waitForImage;  FILTER CLEAN image found.
16-04-2024 20:05:26.654Z;functions.filter_clean;  CLICK NO BOTÃO X DO LIMPA FILTRO
16-04-2024 20:05:41.669Z;functions.waitForImage;  FILTER CLEAN image not found.
16-04-2024 20:05:56.733Z;functions.waitForImage;  FILTER CLEAN image not found.
16-04-2024 20:05:57.633Z;functions.tabela_vazia;  Texto extraido 0/0
16-04-2024 20:05:57.633Z;functions.tabela_vazia;  Count 0
16-04-2024 20:05:57.633Z;functions.tabela_vazia;  Type <class 'int'>
16-04-2024 20:05:59.645Z;functions.tabela_vazia;  SEM REMESSA DE FÉRIAS/RESCISÃO
16-04-2024 20:06:01.645Z;main.<module>;  SEM REMESSA DE FÉRIAS/RESCISÃO
16-04-2024 20:06:05.695Z;errorhandler.__handle;  Property: Unknown Property name. [1:203: -ms-interpolation-mode]
16-04-2024 20:06:05.695Z;errorhandler.__handle;  Property: Unknown Property name. [1:353: -webkit-font-smoothing]
16-04-2024 20:06:05.695Z;errorhandler.__handle;  Property: Unknown Property name. [1:483: -ms-text-size-adjust]
16-04-2024 20:06:05.695Z;errorhandler.__handle;  Property: Unknown Property name. [1:518: -webkit-text-size-adjust]
16-04-2024 20:06:05.695Z;errorhandler.__handle;  Property: Unknown Property name. [1:612: mso-table-lspace]
16-04-2024 20:06:05.695Z;errorhandler.__handle;  Property: Unknown Property name. [1:642: mso-table-rspace]
16-04-2024 20:06:05.742Z;errorhandler.__handle;  Property: Unknown Property name. [1:4734: mso-hide]
16-04-2024 20:06:05.773Z;errorhandler.__handle;  Property: Unknown Property name. [1:13: -ms-interpolation-mode]
16-04-2024 20:06:05.773Z;errorhandler.__handle;  Property: Unknown Property name. [1:49: -webkit-font-smoothing]
16-04-2024 20:06:05.773Z;errorhandler.__handle;  Property: Unknown Property name. [1:134: -ms-text-size-adjust]
16-04-2024 20:06:05.773Z;errorhandler.__handle;  Property: Unknown Property name. [1:160: -webkit-text-size-adjust]
16-04-2024 20:06:05.773Z;errorhandler.__handle;  Property: Unknown Property name. [1:26: mso-table-lspace]
16-04-2024 20:06:05.773Z;errorhandler.__handle;  Property: Unknown Property name. [1:45: mso-table-rspace]
16-04-2024 20:06:05.788Z;errorhandler.__handle;  Property: Unknown Property name. [1:92: mso-hide]
16-04-2024 20:06:05.788Z;errorhandler.__handle;  Property: No ":" after name found: align-center [1:1: align-center]
16-04-2024 20:06:05.788Z;errorhandler.__handle;  Property: No property value found: align-center [1:1: align-center]
16-04-2024 20:06:05.788Z;errorhandler.__handle;  CSSStyleDeclaration: Syntax Error in Property: align-center
16-04-2024 20:06:05.788Z;errorhandler.__handle;  Property: Unknown Property name. [1:14: -ms-interpolation-mode]
16-04-2024 20:06:08.570Z;functions.emailFinalizado;  Finalizado e-mail sent.
16-04-2024 20:06:08.648Z;functions.encerra_prog;  RM ENCERRADO
