21-07-2024 23:00:51.748Z;functions.bot_text_art;      ____   
21-07-2024 23:00:51.748Z;functions.bot_text_art;     [____]    
21-07-2024 23:00:51.748Z;functions.bot_text_art;   |=]()()[=|  
21-07-2024 23:00:51.748Z;functions.bot_text_art;     _\==/__    _____    ____     _        _____    ___   _  __
21-07-2024 23:00:51.748Z;functions.bot_text_art;   |__|   |_|  |  _  \  / ___|   | |      |_   _| / ___| | |/ /
21-07-2024 23:00:51.748Z;functions.bot_text_art;   |_|_/\_|_|  | |  | | | |      | |        | |   | |    | ' / 
21-07-2024 23:00:51.748Z;functions.bot_text_art;   | | __ | |  | |  | | | |      | |        | |   | |    |  <  
21-07-2024 23:00:51.748Z;functions.bot_text_art;   |_|[  ]|_|  | |__| | | |____  | |____   _| |_  | |__  | . \ 
21-07-2024 23:00:51.748Z;functions.bot_text_art;   \_|_||_|_/  |_____/   \_____| |______| |_____| \ ___| |_|\_\
21-07-2024 23:00:51.748Z;functions.bot_text_art;     |_||_|                                                     
21-07-2024 23:00:51.748Z;functions.bot_text_art;     | ||_|_   
21-07-2024 23:00:51.748Z;functions.bot_text_art;   |___||___|  
21-07-2024 23:00:51.748Z;functions.bot_text_art;               
21-07-2024 23:00:51.764Z;functions.open_RM;  OPEN PROGRAM RM
21-07-2024 23:01:19.403Z;functions.loggin_RM;  ENTRAR USER_NAME
21-07-2024 23:01:23.142Z;functions.loggin_RM;  ENTRAR PASSWORD
21-07-2024 23:01:24.638Z;functions.loggin_RM;  ENTRAR RM
21-07-2024 23:05:03.418Z;functions.enter_coligada;  AGUARDANDO 1
21-07-2024 23:05:04.825Z;functions.enter_coligada;  CLICK CONTEXTO
21-07-2024 23:05:08.075Z;functions.enter_coligada;  CLICK ALTERAR MODULO DO CONTEXTO
21-07-2024 23:05:12.137Z;functions.enter_coligada;  INSERE O COLIGADA CODE = 1
21-07-2024 23:05:12.242Z;functions.enter_coligada;  APERTA TAB PARA PREENCHER O CAMPO COM A STRING: OCEANICA ENGENHARIA E CONSULTORIA S.A.
21-07-2024 23:05:14.544Z;functions.enter_coligada;  CLICK AVANÇAR NOVAMENTE
21-07-2024 23:05:16.137Z;functions.enter_coligada;  CLICK CONCLUIR
21-07-2024 23:05:36.700Z;functions.waitForImage;  TROCA COLIGADA image not found.
21-07-2024 23:05:53.669Z;functions.enter_coligada;  POP UP COLIGADA DESAPARECER
21-07-2024 23:05:54.668Z;functions.check_movimentacao_bancaria;  CLICK - TOTVS - LINHA RM
21-07-2024 23:05:56.981Z;functions.check_movimentacao_bancaria;  CLICK - BACK OFFICE
21-07-2024 23:05:59.828Z;functions.check_movimentacao_bancaria;  CLICK - GESTAO FINANCEIRA
21-07-2024 23:05:59.829Z;functions.obter_intervalo_data;  VERIFICANDO A HORA ATUAL 23
21-07-2024 23:05:59.852Z;functions.obter_intervalo_data;  Data Inicial FERIAS/RESCISAO antes da remoção: None
21-07-2024 23:05:59.852Z;functions.obter_intervalo_data;  Data Final FERIAS/RESCISAO antes da remoção: None
21-07-2024 23:05:59.859Z;functions.obter_intervalo_data;  Data Inicial FERIAS/RESCISAO após a remoção: None
21-07-2024 23:05:59.859Z;functions.obter_intervalo_data;  Data Final FERIAS/RESCISAO após a remoção: None
21-07-2024 23:05:59.859Z;functions.obter_intervalo_data;  hoje -  2024-07-21 23:05:59.859432
21-07-2024 23:05:59.860Z;functions.check_movimentacao_bancaria;  DATA INICIO 24-07-2024
21-07-2024 23:05:59.860Z;functions.check_movimentacao_bancaria;  DATA FIM 30-07-2024
21-07-2024 23:05:59.860Z;functions.movimentacao_bancaria;  AGUARDANDO 1
21-07-2024 23:06:05.356Z;functions.movimentacao_bancaria;  CLICK NA ABA MOVIMENTAÇÃO BANCARIA
21-07-2024 23:06:07.590Z;functions.waitForImage;  IMAGEM BORDERO image found.
21-07-2024 23:06:09.707Z;functions.movimentacao_bancaria;  IMAGEM BORDERO CLICADA.
21-07-2024 23:06:20.356Z;functions.waitForImage;  LICENCAS EXCEDIDAS image not found.
21-07-2024 23:06:21.121Z;functions.movimentacao_bancaria;  ENCONTROU O FILTRO DA MOVIMENTAÇÃO BANCÁRIA
21-07-2024 23:06:21.200Z;functions.movimentacao_bancaria;  CLICA NA ABA SUPERIOR DO FILTRO
21-07-2024 23:06:25.412Z;functions.movimentacao_bancaria;  SELECIONA O FILTRO HOJE
21-07-2024 23:06:30.356Z;functions.waitForImage;  FILTER CLEAN image found.
21-07-2024 23:06:32.490Z;functions.filter_clean;  CLICK NO BOTÃO X DO LIMPA FILTRO
21-07-2024 23:06:32.668Z;functions.waitForImage;  FILTER CLEAN image found.
21-07-2024 23:06:34.801Z;functions.filter_clean;  CLICK NO BOTÃO X DO LIMPA FILTRO
21-07-2024 23:06:50.106Z;functions.waitForImage;  FILTER CLEAN image not found.
21-07-2024 23:06:53.856Z;functions.movimentacao_bancaria;  CLICK NA PRIMEIRA LINHA DA TABELA MOVIMENTAÇÃO BANCÁRIA
21-07-2024 23:06:55.084Z;functions.movimentacao_bancaria;  12 PASSOS PARA DIREITA NA TABELA >>
21-07-2024 23:06:57.340Z;functions.movimentacao_bancaria;  HOVER FILTER
21-07-2024 23:06:57.915Z;functions.movimentacao_bancaria;  CLICK FILTER
21-07-2024 23:07:02.242Z;functions.movimentacao_bancaria;  CLICK NO FILTRO  STATUS DA REMESSA
21-07-2024 23:07:04.346Z;functions.movimentacao_bancaria;  APERTA TAB PARA ESCREVER O FILTRO
21-07-2024 23:07:06.460Z;functions.movimentacao_bancaria;  ESCREVE PENDENTE NO FILTRO
21-07-2024 23:07:08.563Z;functions.movimentacao_bancaria;  APERTA ENTER PARA SELECIONAR OS PENDENTES
21-07-2024 23:07:26.306Z;functions.movimentacao_bancaria;  SEM PROCESSAMENTO DE BORDERO PENDENTE.
21-07-2024 23:07:31.481Z;functions.waitForImage;  FILTER CLEAN image found.
21-07-2024 23:07:33.614Z;functions.filter_clean;  CLICK NO BOTÃO X DO LIMPA FILTRO
21-07-2024 23:07:48.903Z;functions.waitForImage;  FILTER CLEAN image not found.
21-07-2024 23:08:04.309Z;functions.waitForImage;  FILTER CLEAN image not found.
21-07-2024 23:08:06.231Z;functions.remessa_pagamento;  CLICK NA PRIMEIRA LINHA DA TABELA MOVIMENTAÇÃO BANCÁRIA
21-07-2024 23:08:08.887Z;functions.remessa_pagamento;  HOVER FILTER
21-07-2024 23:08:09.452Z;functions.remessa_pagamento;  CLICK FILTER
21-07-2024 23:08:13.786Z;functions.remessa_pagamento;  CLICK NO FILTRO  STATUS DA REMESSA
21-07-2024 23:08:15.890Z;functions.remessa_pagamento;  APERTA TAB PARA ESCREVER O FILTRO
21-07-2024 23:08:18.008Z;functions.remessa_pagamento;  ESCREVE AUTORIZADO NO FILTRO
21-07-2024 23:08:20.111Z;functions.remessa_pagamento;  APERTA ENTER PARA SELECIONAR OS AUTORIZADO
21-07-2024 23:08:37.887Z;functions.remessa_pagamento;  SEM REMESSA DE BORDERO AUTORIZADO
21-07-2024 23:08:38.918Z;functions.enter_contas_a_pagar;  CLICK - TOTVS - LINHA RM
21-07-2024 23:08:41.012Z;functions.enter_contas_a_pagar;  CLICK - BACK OFFICE
21-07-2024 23:08:42.043Z;functions.enter_contas_a_pagar;  CLICK - GESTAO FINANCEIRA
21-07-2024 23:08:47.887Z;functions.enter_contas_a_pagar;  CLICK - CONTAS A PAGAR
21-07-2024 23:08:48.747Z;functions.waitForImage;  LANÇAMENTOS image found.
21-07-2024 23:08:50.895Z;functions.enter_contas_a_pagar;  CLICA EM LANÇAMENTOS
21-07-2024 23:09:06.465Z;functions.waitForImage;  LICENCAS EXCEDIDAS image not found.
21-07-2024 23:09:06.465Z;functions.data_filter;  CLICK - SELECIONA A DATA DE QUARTA FEIRA E DA PROXIMA TERÇA
21-07-2024 23:09:06.465Z;functions.data_filter;  QUARTA-FEIRA: 24-07-2024
21-07-2024 23:09:06.465Z;functions.data_filter;  TERCA-FEIRA: 30-07-2024
21-07-2024 23:09:26.898Z;functions.data_filter;  FILTRO - REMESSA FERIAS/RESCISAO
21-07-2024 23:09:27.918Z;functions.data_filter;  CLICK - BUTÃO DE SELECAO DE FILTRO
21-07-2024 23:09:32.747Z;functions.data_filter;  INSERE - DATA DE QUARTA-FEIRA: 24-07-2024
21-07-2024 23:09:37.090Z;functions.data_filter;  INSERE - DATA DA PROX TERCA-FEIRA: 30-07-2024
21-07-2024 23:09:38.262Z;functions.data_filter;  CLICK - BUTÃO DE EXECUTAR O FILTRO
21-07-2024 23:09:43.267Z;functions.desmark_filter;  AGUARDANDO 1
21-07-2024 23:09:45.512Z;functions.desmark_filter;  CLICK CHECKBOX LANÇAMENTOS A RECEBER
21-07-2024 23:09:47.918Z;functions.desmark_filter;  CLICK CHECKBOX LANÇAMENTOS BAIXADOS
21-07-2024 23:09:50.512Z;functions.desmark_filter;  CLICK CHECKBOX LANÇAMENTOS CANCELADOS
21-07-2024 23:09:53.293Z;functions.desmark_filter;  CLICK CHECKBOX LANÇAMENTOS FATURADOS
21-07-2024 23:09:56.105Z;functions.desmark_filter;  ATUALIZA O FILTRO
21-07-2024 23:09:56.277Z;functions.waitForImage;  FILTER CLEAN image found.
21-07-2024 23:09:58.394Z;functions.filter_clean;  CLICK NO BOTÃO X DO LIMPA FILTRO
21-07-2024 23:10:13.762Z;functions.waitForImage;  FILTER CLEAN image not found.
21-07-2024 23:10:29.074Z;functions.waitForImage;  FILTER CLEAN image not found.
21-07-2024 23:10:32.309Z;functions.tabela_vazia;  Texto extraido 0/0
21-07-2024 23:10:32.309Z;functions.tabela_vazia;  Count 0
21-07-2024 23:10:32.309Z;functions.tabela_vazia;  Type <class 'int'>
21-07-2024 23:10:34.322Z;functions.tabela_vazia;  SEM REMESSA DE FÉRIAS/RESCISÃO
21-07-2024 23:10:36.323Z;main.<module>;  SEM REMESSA DE FÉRIAS/RESCISÃO
21-07-2024 23:10:39.088Z;errorhandler.__handle;  Property: Unknown Property name. [1:203: -ms-interpolation-mode]
21-07-2024 23:10:39.135Z;errorhandler.__handle;  Property: Unknown Property name. [1:353: -webkit-font-smoothing]
21-07-2024 23:10:39.135Z;errorhandler.__handle;  Property: Unknown Property name. [1:483: -ms-text-size-adjust]
21-07-2024 23:10:39.151Z;errorhandler.__handle;  Property: Unknown Property name. [1:518: -webkit-text-size-adjust]
21-07-2024 23:10:39.151Z;errorhandler.__handle;  Property: Unknown Property name. [1:612: mso-table-lspace]
21-07-2024 23:10:39.151Z;errorhandler.__handle;  Property: Unknown Property name. [1:642: mso-table-rspace]
21-07-2024 23:10:39.385Z;errorhandler.__handle;  Property: Unknown Property name. [1:4734: mso-hide]
21-07-2024 23:10:39.479Z;errorhandler.__handle;  Property: Unknown Property name. [1:13: -ms-interpolation-mode]
21-07-2024 23:10:39.495Z;errorhandler.__handle;  Property: Unknown Property name. [1:49: -webkit-font-smoothing]
21-07-2024 23:10:39.495Z;errorhandler.__handle;  Property: Unknown Property name. [1:134: -ms-text-size-adjust]
21-07-2024 23:10:39.495Z;errorhandler.__handle;  Property: Unknown Property name. [1:160: -webkit-text-size-adjust]
21-07-2024 23:10:39.495Z;errorhandler.__handle;  Property: Unknown Property name. [1:26: mso-table-lspace]
21-07-2024 23:10:39.495Z;errorhandler.__handle;  Property: Unknown Property name. [1:45: mso-table-rspace]
21-07-2024 23:10:39.542Z;errorhandler.__handle;  Property: Unknown Property name. [1:92: mso-hide]
21-07-2024 23:10:39.542Z;errorhandler.__handle;  Property: No ":" after name found: align-center [1:1: align-center]
21-07-2024 23:10:39.542Z;errorhandler.__handle;  Property: No property value found: align-center [1:1: align-center]
21-07-2024 23:10:39.542Z;errorhandler.__handle;  CSSStyleDeclaration: Syntax Error in Property: align-center
21-07-2024 23:10:39.557Z;errorhandler.__handle;  Property: Unknown Property name. [1:14: -ms-interpolation-mode]
21-07-2024 23:10:42.199Z;functions.emailFinalizado;  Finalizado e-mail sent.
21-07-2024 23:10:42.684Z;functions.encerra_prog;  RM ENCERRADO
