02-04-2024 23:13:31.843Z;functions.bot_text_art;      ____   
02-04-2024 23:13:31.843Z;functions.bot_text_art;     [____]    
02-04-2024 23:13:31.843Z;functions.bot_text_art;   |=]()()[=|  
02-04-2024 23:13:31.843Z;functions.bot_text_art;     _\==/__    _____    ____     _        _____    ___   _  __
02-04-2024 23:13:31.843Z;functions.bot_text_art;   |__|   |_|  |  _  \  / ___|   | |      |_   _| / ___| | |/ /
02-04-2024 23:13:31.843Z;functions.bot_text_art;   |_|_/\_|_|  | |  | | | |      | |        | |   | |    | ' / 
02-04-2024 23:13:31.843Z;functions.bot_text_art;   | | __ | |  | |  | | | |      | |        | |   | |    |  <  
02-04-2024 23:13:31.843Z;functions.bot_text_art;   |_|[  ]|_|  | |__| | | |____  | |____   _| |_  | |__  | . \ 
02-04-2024 23:13:31.843Z;functions.bot_text_art;   \_|_||_|_/  |_____/   \_____| |______| |_____| \ ___| |_|\_\
02-04-2024 23:13:31.843Z;functions.bot_text_art;     |_||_|                                                     
02-04-2024 23:13:31.843Z;functions.bot_text_art;     | ||_|_   
02-04-2024 23:13:31.843Z;functions.bot_text_art;   |___||___|  
02-04-2024 23:13:31.843Z;functions.bot_text_art;               
02-04-2024 23:13:31.858Z;functions.open_RM;  OPEN PROGRAM RM
02-04-2024 23:13:47.921Z;functions.loggin_RM;  ENTRAR USER_NAME
02-04-2024 23:13:51.438Z;functions.loggin_RM;  ENTRAR PASSWORD
02-04-2024 23:13:52.687Z;functions.loggin_RM;  ENTRAR RM
02-04-2024 23:14:32.093Z;functions.enter_coligada;  CLICK CONTEXTO
02-04-2024 23:14:37.595Z;functions.enter_coligada;  CLICK ALTERAR MODULO DO CONTEXTO
02-04-2024 23:14:40.733Z;functions.enter_coligada;  INSERE O COLIGADA CODE = 1
02-04-2024 23:14:40.843Z;functions.enter_coligada;  APERTA TAB PARA PREENCHER O CAMPO COM A STRING: OCEANICA ENGENHARIA E CONSULTORIA S.A.
02-04-2024 23:14:42.566Z;functions.enter_coligada;  CLICK AVANÇAR NOVAMENTE
02-04-2024 23:14:43.874Z;functions.enter_coligada;  CLICK CONCLUIR
02-04-2024 23:15:08.171Z;functions.enter_coligada;  POP UP COLIGADA DESAPARECER
02-04-2024 23:15:09.030Z;functions.check_movimentacao_bancaria;  CLICK - TOTVS - LINHA RM
02-04-2024 23:15:10.811Z;functions.check_movimentacao_bancaria;  CLICK - BACK OFFICE
02-04-2024 23:15:13.567Z;functions.check_movimentacao_bancaria;  CLICK - GESTAO FINANCEIRA
02-04-2024 23:15:19.780Z;functions.movimentacao_bancaria;  CLICK NA ABA MOVIMENTAÇÃO BANCARIA
02-04-2024 23:15:22.449Z;functions.waitForImage;  IMAGEM BORDERO image found.
02-04-2024 23:15:24.571Z;functions.movimentacao_bancaria;  IMAGEM BORDERO CLICADA.
02-04-2024 23:15:34.655Z;functions.waitForImage;  LICENCAS EXCEDIDAS image not found.
02-04-2024 23:15:35.346Z;functions.movimentacao_bancaria;  ENCONTROU O FILTRO DA MOVIMENTAÇÃO BANCÁRIA
02-04-2024 23:15:35.374Z;functions.movimentacao_bancaria;  CLICA NA ABA SUPERIOR DO FILTRO
02-04-2024 23:15:39.590Z;functions.movimentacao_bancaria;  SELECIONA O FILTRO HOJE
02-04-2024 23:15:43.233Z;functions.waitForImage;  FILTER CLEAN image found.
02-04-2024 23:15:45.352Z;functions.filter_clean;  CLICK NO BOTÃO X DO LIMPA FILTRO
02-04-2024 23:16:01.186Z;functions.waitForImage;  FILTER CLEAN image not found.
02-04-2024 23:16:16.217Z;functions.waitForImage;  FILTER CLEAN image not found.
02-04-2024 23:16:19.655Z;functions.movimentacao_bancaria;  CLICK NA PRIMEIRA LINHA DA TABELA MOVIMENTAÇÃO BANCÁRIA
02-04-2024 23:16:20.882Z;functions.movimentacao_bancaria;  12 PASSOS PARA DIREITA NA TABELA >>
02-04-2024 23:16:22.952Z;functions.movimentacao_bancaria;  HOVER FILTER
02-04-2024 23:16:23.424Z;functions.movimentacao_bancaria;  CLICK FILTER
02-04-2024 23:16:27.751Z;functions.movimentacao_bancaria;  CLICK NO FILTRO  STATUS DA REMESSA
02-04-2024 23:16:29.855Z;functions.movimentacao_bancaria;  APERTA TAB PARA ESCREVER O FILTRO
02-04-2024 23:16:31.970Z;functions.movimentacao_bancaria;  ESCREVE PENDENTE NO FILTRO
02-04-2024 23:16:34.073Z;functions.movimentacao_bancaria;  APERTA ENTER PARA SELECIONAR OS PENDENTES
02-04-2024 23:16:53.921Z;functions.movimentacao_bancaria;  SEM PROCESSAMENTO DE BORDERO PENDENTE.
02-04-2024 23:16:59.296Z;functions.waitForImage;  FILTER CLEAN image found.
02-04-2024 23:17:01.446Z;functions.filter_clean;  CLICK NO BOTÃO X DO LIMPA FILTRO
02-04-2024 23:17:16.452Z;functions.waitForImage;  FILTER CLEAN image not found.
02-04-2024 23:17:31.499Z;functions.waitForImage;  FILTER CLEAN image not found.
02-04-2024 23:17:33.124Z;functions.remessa_pagamento;  CLICK NA PRIMEIRA LINHA DA TABELA MOVIMENTAÇÃO BANCÁRIA
02-04-2024 23:17:35.077Z;functions.remessa_pagamento;  HOVER FILTER
02-04-2024 23:17:35.564Z;functions.remessa_pagamento;  CLICK FILTER
02-04-2024 23:17:39.896Z;functions.remessa_pagamento;  CLICK NO FILTRO  STATUS DA REMESSA
02-04-2024 23:17:41.999Z;functions.remessa_pagamento;  APERTA TAB PARA ESCREVER O FILTRO
02-04-2024 23:17:44.116Z;functions.remessa_pagamento;  ESCREVE AUTORIZADO NO FILTRO
02-04-2024 23:17:46.218Z;functions.remessa_pagamento;  APERTA ENTER PARA SELECIONAR OS AUTORIZADO
02-04-2024 23:18:06.046Z;functions.remessa_pagamento;  SEM REMESSA DE BORDERO AUTORIZADO
02-04-2024 23:18:06.936Z;functions.enter_contas_a_pagar;  CLICK - TOTVS - LINHA RM
02-04-2024 23:18:08.343Z;functions.enter_contas_a_pagar;  CLICK - BACK OFFICE
02-04-2024 23:18:09.311Z;functions.enter_contas_a_pagar;  CLICK - GESTAO FINANCEIRA
02-04-2024 23:18:17.223Z;functions.enter_contas_a_pagar;  CLICK - CONTAS A PAGAR
02-04-2024 23:18:18.574Z;functions.waitForImage;  LANÇAMENTOS image found.
02-04-2024 23:18:20.694Z;functions.enter_contas_a_pagar;  CLICA EM LANÇAMENTOS
02-04-2024 23:18:35.827Z;functions.waitForImage;  LICENCAS EXCEDIDAS image not found.
02-04-2024 23:18:35.827Z;functions.obter_intervalo_data;  VERIFICANDO A HORA ATUAL 23
02-04-2024 23:18:35.842Z;functions.obter_intervalo_data;  Data Inicial FERIAS/RESCISAO antes da remoção: None
02-04-2024 23:18:35.842Z;functions.obter_intervalo_data;  Data Final FERIAS/RESCISAO antes da remoção: None
02-04-2024 23:18:35.842Z;functions.obter_intervalo_data;  Data Inicial FERIAS/RESCISAO após a remoção: None
02-04-2024 23:18:35.842Z;functions.obter_intervalo_data;  Data Final FERIAS/RESCISAO após a remoção: None
02-04-2024 23:18:35.842Z;functions.obter_intervalo_data;  hoje -  2024-04-02 23:18:35.842991
02-04-2024 23:18:35.842Z;functions.data_filter;  DATA INICIO 10-04-2024
02-04-2024 23:18:35.842Z;functions.data_filter;  DATA FIM 16-04-2024
02-04-2024 23:18:35.842Z;functions.data_filter;  CLICK - SELECIONA A DATA DE QUARTA FEIRA E DA PROXIMA TERÇA
02-04-2024 23:18:35.842Z;functions.data_filter;  QUARTA-FEIRA: 10-04-2024
02-04-2024 23:18:35.842Z;functions.data_filter;  TERCA-FEIRA: 16-04-2024
02-04-2024 23:18:49.093Z;functions.data_filter;  CLICK - BUTÃO DE SELECAO DE FILTRO
02-04-2024 23:18:53.546Z;functions.data_filter;  INSERE - DATA DE QUARTA-FEIRA: 10-04-2024
02-04-2024 23:18:57.578Z;functions.data_filter;  INSERE - DATA DA PROX TERCA-FEIRA: 16-04-2024
02-04-2024 23:18:58.499Z;functions.data_filter;  CLICK - BUTÃO DE EXECUTAR O FILTRO
02-04-2024 23:19:05.186Z;functions.desmark_filter;  CLICK CHECKBOX LANÇAMENTOS A RECEBER
02-04-2024 23:19:07.030Z;functions.desmark_filter;  CLICK CHECKBOX LANÇAMENTOS BAIXADOS
02-04-2024 23:19:09.030Z;functions.desmark_filter;  CLICK CHECKBOX LANÇAMENTOS CANCELADOS
02-04-2024 23:19:11.155Z;functions.desmark_filter;  CLICK CHECKBOX LANÇAMENTOS FATURADOS
02-04-2024 23:19:13.405Z;functions.desmark_filter;  ATUALIZA O FILTRO
02-04-2024 23:19:13.842Z;functions.waitForImage;  FILTER CLEAN image found.
02-04-2024 23:19:15.946Z;functions.filter_clean;  CLICK NO BOTÃO X DO LIMPA FILTRO
02-04-2024 23:19:31.764Z;functions.waitForImage;  FILTER CLEAN image not found.
02-04-2024 23:19:47.592Z;functions.waitForImage;  FILTER CLEAN image not found.
02-04-2024 23:19:50.045Z;functions.tabela_vazia;  Texto extraido 1/1
02-04-2024 23:19:50.045Z;functions.tabela_vazia;  Count 1
02-04-2024 23:19:50.045Z;functions.tabela_vazia;  Type <class 'int'>
02-04-2024 23:19:50.045Z;functions.tabela_vazia;  TABELA CONTÉM REGISTROS
02-04-2024 23:19:51.248Z;functions.desbloqueio;  SELECIONA TODAS AS TUPLAS
02-04-2024 23:19:56.357Z;functions.desbloqueio;  CONTROL P PARA SELECIONAR PROCESSO
02-04-2024 23:20:01.577Z;functions.desbloqueio;  7 SETAS PARA BAIXO - MANUTENÇÃO DE LANÇAMENTO
02-04-2024 23:20:03.679Z;functions.desbloqueio;  SETA PARA DIREITA
02-04-2024 23:20:11.103Z;functions.desbloqueio;  9 SETAS PARA BAIXO
02-04-2024 23:20:13.207Z;functions.desbloqueio;  ENTER PARA SELECIONAR DESBLOQUEIO ALTERAÇÃO
02-04-2024 23:21:15.619Z;functions.exec_lancamentos;  CONTROL G
02-04-2024 23:21:20.780Z;functions.exec_lancamentos;  CLICK PARA APARECER CONTA/CAIXA
02-04-2024 23:21:21.968Z;functions.exec_lancamentos;  SELECIONA CONTA/CAIXA
02-04-2024 23:21:23.280Z;functions.exec_lancamentos;  CLICK NO BOTÃO [...]
02-04-2024 23:21:25.770Z;functions.exec_lancamentos;  CLICK NO CAMPO PESQUISA E DIGITA: %3212
02-04-2024 23:21:26.889Z;functions.exec_lancamentos;  CLICK NO BOTÃO DO FILTRO
02-04-2024 23:21:28.905Z;functions.exec_lancamentos;  CLICK NO BOTÃO OK
02-04-2024 23:21:30.249Z;functions.exec_lancamentos;  CLICK NO BOTÃO EXECUTAR
02-04-2024 23:21:44.748Z;functions.waitForImage;  PRESS BUTTON OK image found.
02-04-2024 23:21:46.760Z;functions.process_lancamentos;  O PROCESSAMENTO DE LANÇAMENTO FOI EXECUTADO COM SUCESSO.
02-04-2024 23:21:56.338Z;functions.process_lancamentos;  Lançamento Ref. 936353: Convênio alterado para o convênio default '7' da conta Caixa '02675-5' .
Alteração Global de Lançamentos executada com sucesso

02-04-2024 23:22:08.417Z;functions.proccess_bordero;  SELECIONAR INCLUSÃO DE BORDERO
02-04-2024 23:22:28.583Z;functions.waitForImage;  PRESS BUTON SIM image not found.
02-04-2024 23:22:29.811Z;functions.proccess_bordero;  CLICK EM CONVÊNIO TRÊS PONTINHOS
02-04-2024 23:22:31.748Z;functions.proccess_bordero;  CLICK EM COMBOBOX PARA SELECIONAR O ID DO CONVÊNIO
02-04-2024 23:22:33.248Z;functions.proccess_bordero;  CLICK EM ID DO CONVÊNIO
02-04-2024 23:22:35.355Z;functions.proccess_bordero;  APERTA TAB PARA ESCREVER O ID
02-04-2024 23:22:37.458Z;functions.proccess_bordero;  ESCREVE O ID 9 - FERIAS/RESCISÃO
02-04-2024 23:22:39.561Z;functions.proccess_bordero;  APERTA ENTER PARA SELECIONAR O ID 9 - FERIAS/RESCISÃO
02-04-2024 23:22:41.665Z;functions.proccess_bordero;  APERTA ENTER PARA ESCOLHER O ID 9 - FERIAS/RESCISÃO
02-04-2024 23:22:44.592Z;functions.proccess_bordero;  CLICK EM EXECUTAR NA INCLUSÃO DO BORDÊRO
02-04-2024 23:22:58.589Z;functions.waitForImage;  PRESS BUTTON OK image found.
02-04-2024 23:23:00.590Z;functions.proccess_bordero;  O PROCESSAMENTO DO BORDERO FOI EXECUTADO COM SUCESSO.
02-04-2024 23:23:03.467Z;functions.proccess_bordero;  CLICK EM FECHAR.
02-04-2024 23:23:07.157Z;functions.movimentacao_bancaria;  CLICK NA ABA MOVIMENTAÇÃO BANCARIA
02-04-2024 23:23:09.639Z;functions.waitForImage;  IMAGEM BORDERO image found.
02-04-2024 23:23:11.748Z;functions.movimentacao_bancaria;  IMAGEM BORDERO CLICADA.
02-04-2024 23:23:21.795Z;functions.waitForImage;  LICENCAS EXCEDIDAS image not found.
02-04-2024 23:23:22.468Z;functions.movimentacao_bancaria;  ENCONTROU O FILTRO DA MOVIMENTAÇÃO BANCÁRIA
02-04-2024 23:23:22.498Z;functions.movimentacao_bancaria;  CLICA NA ABA SUPERIOR DO FILTRO
02-04-2024 23:23:26.711Z;functions.movimentacao_bancaria;  SELECIONA O FILTRO HOJE
02-04-2024 23:23:27.904Z;functions.waitForImage;  FILTER CLEAN image found.
02-04-2024 23:23:30.037Z;functions.filter_clean;  CLICK NO BOTÃO X DO LIMPA FILTRO
02-04-2024 23:23:45.077Z;functions.waitForImage;  FILTER CLEAN image not found.
02-04-2024 23:24:00.154Z;functions.waitForImage;  FILTER CLEAN image not found.
02-04-2024 23:24:03.565Z;functions.movimentacao_bancaria;  CLICK NA PRIMEIRA LINHA DA TABELA MOVIMENTAÇÃO BANCÁRIA
02-04-2024 23:24:04.791Z;functions.movimentacao_bancaria;  12 PASSOS PARA DIREITA NA TABELA >>
02-04-2024 23:24:06.764Z;functions.movimentacao_bancaria;  HOVER FILTER
02-04-2024 23:24:07.234Z;functions.movimentacao_bancaria;  CLICK FILTER
02-04-2024 23:24:11.564Z;functions.movimentacao_bancaria;  CLICK NO FILTRO  STATUS DA REMESSA
02-04-2024 23:24:13.667Z;functions.movimentacao_bancaria;  APERTA TAB PARA ESCREVER O FILTRO
02-04-2024 23:24:15.782Z;functions.movimentacao_bancaria;  ESCREVE PENDENTE NO FILTRO
02-04-2024 23:24:17.886Z;functions.movimentacao_bancaria;  APERTA ENTER PARA SELECIONAR OS PENDENTES
02-04-2024 23:24:22.717Z;functions.movimentacao_bancaria;  SELECIONA TODAS AS TUPLAS COM STATUS PENDENTE
02-04-2024 23:24:24.830Z;functions.movimentacao_bancaria;  CLICK EM PROCESSOS
02-04-2024 23:24:26.932Z;functions.movimentacao_bancaria;  APERTA PARA BAIXO
02-04-2024 23:24:29.035Z;functions.movimentacao_bancaria;  APERTA ENTER
02-04-2024 23:24:31.998Z;functions.movimentacao_bancaria;  CLICK EM EXECUTAR BORDERO DE PAGAMENTO
02-04-2024 23:24:40.717Z;functions.waitForImage;  PRESS BUTTON OK image found.
02-04-2024 23:24:40.717Z;functions.movimentacao_bancaria;  O PROCESSAMENTO DE AUTORIZAÇÃO DO BORDERO FOI EXECUTADO COM SUCESSO.
02-04-2024 23:24:41.654Z;functions.movimentacao_bancaria;  CLICK EM FECHAR.
02-04-2024 23:24:47.062Z;functions.waitForImage;  FILTER CLEAN image found.
02-04-2024 23:24:49.196Z;functions.filter_clean;  CLICK NO BOTÃO X DO LIMPA FILTRO
02-04-2024 23:25:04.295Z;functions.waitForImage;  FILTER CLEAN image not found.
02-04-2024 23:25:19.516Z;functions.waitForImage;  FILTER CLEAN image not found.
02-04-2024 23:25:21.280Z;functions.remessa_pagamento;  CLICK NA PRIMEIRA LINHA DA TABELA MOVIMENTAÇÃO BANCÁRIA
02-04-2024 23:25:23.326Z;functions.remessa_pagamento;  HOVER FILTER
02-04-2024 23:25:23.820Z;functions.remessa_pagamento;  CLICK FILTER
02-04-2024 23:25:28.156Z;functions.remessa_pagamento;  CLICK NO FILTRO  STATUS DA REMESSA
02-04-2024 23:25:30.259Z;functions.remessa_pagamento;  APERTA TAB PARA ESCREVER O FILTRO
02-04-2024 23:25:32.381Z;functions.remessa_pagamento;  ESCREVE AUTORIZADO NO FILTRO
02-04-2024 23:25:34.484Z;functions.remessa_pagamento;  APERTA ENTER PARA SELECIONAR OS AUTORIZADO
02-04-2024 23:25:38.428Z;functions.remessa_pagamento;  6 PASSOS PARA ESQUERDA NA TABELA <<
02-04-2024 23:25:40.543Z;functions.check_user_bot;  Texto extraido 1/1
02-04-2024 23:25:40.544Z;functions.check_user_bot;  Count 1
02-04-2024 23:25:40.544Z;functions.check_user_bot;  Type <class 'int'>
02-04-2024 23:25:42.649Z;functions.check_user_bot;  CHECK USER BOT 1
02-04-2024 23:25:44.650Z;functions.check_user_bot;  integracao
02-04-2024 23:25:47.367Z;functions.check_user_bot;  7 PASSOS PARA DIREITA NA TABELA >>
02-04-2024 23:25:51.472Z;functions.check_user_bot;  341 / 3212 / 02675 - FERIAS/RESCISAO
02-04-2024 23:25:51.472Z;functions.check_user_bot;  NOME FERIAS/RECISAO ENCONTRADO
02-04-2024 23:25:53.683Z;functions.check_user_bot;  CLICK EM PROCESSOS
02-04-2024 23:25:55.786Z;functions.check_user_bot;  APERTA PARA BAIXO 0
02-04-2024 23:25:57.890Z;functions.check_user_bot;  APERTA PARA BAIXO 1
02-04-2024 23:25:59.993Z;functions.check_user_bot;  APERTA PARA BAIXO 2
02-04-2024 23:26:02.096Z;functions.check_user_bot;  APERTA ENTER
02-04-2024 23:26:11.748Z;functions.check_user_bot;  CLICK EM REMESSAS DE PAGAMENTO
02-04-2024 23:26:12.854Z;functions.check_user_bot;  APERTA TAB 0
02-04-2024 23:26:13.956Z;functions.check_user_bot;  APERTA TAB 1
02-04-2024 23:26:15.059Z;functions.check_user_bot;  APERTA TAB 2
02-04-2024 23:26:25.685Z;functions.check_user_bot;  CLICK EM AVANÇAR
02-04-2024 23:26:25.685Z;functions.check_user_bot;  CLICK - SELECIONA A DATA DE QUARTA FEIRA E DA PROXIMA TERÇA
02-04-2024 23:26:25.685Z;functions.check_user_bot;  QUARTA-FEIRA: 10-04-2024
02-04-2024 23:26:25.685Z;functions.check_user_bot;  TERCA-FEIRA: 16-04-2024
02-04-2024 23:26:30.654Z;functions.check_user_bot;  DESMARCA CHECKBOX PARA SALVAR ARQUIVO DE REMESSA
02-04-2024 23:26:31.654Z;functions.check_user_bot;  CLICK NOS ... PARA SELECIONAR O DIRETÓRIO E NOME DO ARQUIVO.
02-04-2024 23:26:34.623Z;functions.check_user_bot;  DUPLO CLICK NO DIRETORIO
02-04-2024 23:26:37.063Z;functions.check_user_bot;  APERTA TAB 0
02-04-2024 23:26:37.667Z;functions.check_user_bot;  APERTA TAB 1
02-04-2024 23:26:38.270Z;functions.check_user_bot;  APERTA TAB 2
02-04-2024 23:26:38.873Z;functions.check_user_bot;  APERTA TAB 3
02-04-2024 23:26:39.492Z;functions.check_user_bot;  APERTA TAB 4
02-04-2024 23:26:40.095Z;functions.check_user_bot;  APERTA TAB 5
02-04-2024 23:26:40.095Z;functions.check_user_bot;  A ULTIMA LETRA USADA: A
02-04-2024 23:26:40.095Z;functions.check_user_bot;  A LETRA SERA: B
02-04-2024 23:26:40.227Z;functions.check_user_bot;  F101624B.txt
02-04-2024 23:26:41.092Z;functions.check_user_bot;  CLICK NO BUTÃO SALVAR
02-04-2024 23:26:42.374Z;functions.check_user_bot;  CLICK EM AVANCAR PARA CONCLUIR
02-04-2024 23:26:44.033Z;functions.check_user_bot;  CLICK EM EXECUTAR
02-04-2024 23:27:01.717Z;functions.waitForImage;  PRESS BUTTON OK image found.
02-04-2024 23:27:03.732Z;functions.check_user_bot;  O PROCESSAMENTO DE AUTORIZAÇÃO DO BORDERO FOI EXECUTADO COM SUCESSO.
02-04-2024 23:27:13.274Z;functions.check_user_bot;  ===========================================================================================================
LANÇAMENTOS ENVIADOS PARA REMESSA PAGAMENTO
Coligada: 1
ID Remessa: 10
Convênio: 9
Data: 02/04/2024 23:26:56
Borderô remetidos: 1
===========================================================================================================
Borderô: 1-8789

Lançamentos remetidos no Borderô:
Lancamento 1-936353
----------------------------------------------------------------------------------------------------------


02-04-2024 23:27:15.564Z;errorhandler.__handle;  CSSStyleDeclaration: Unexpected token, ignoring upto '{        border: none;'. [1:174: {]
02-04-2024 23:27:15.564Z;errorhandler.__handle;  Property: Unknown Property name. [1:204: -ms-interpolation-mode]
02-04-2024 23:27:15.568Z;errorhandler.__handle;  CSSStyleDeclaration: Unexpected token, ignoring upto '}'. [1:267: }]
02-04-2024 23:27:15.569Z;errorhandler.__handle;  CSSStyleDeclaration: Unexpected token, ignoring upto '{        background-color: #f6f6f6;'. [1:281: {]
02-04-2024 23:27:15.582Z;errorhandler.__handle;  Property: Unknown Property name. [1:356: -webkit-font-smoothing]
02-04-2024 23:27:15.593Z;errorhandler.__handle;  Property: Unknown Property name. [1:486: -ms-text-size-adjust]
02-04-2024 23:27:15.593Z;errorhandler.__handle;  Property: Unknown Property name. [1:521: -webkit-text-size-adjust]
02-04-2024 23:27:15.593Z;errorhandler.__handle;  CSSStyleDeclaration: Unexpected token, ignoring upto '}'. [1:559: }]
02-04-2024 23:27:15.593Z;errorhandler.__handle;  CSSStyleDeclaration: Unexpected token, ignoring upto '{        border-collapse: separate;'. [1:574: {]
02-04-2024 23:27:15.593Z;errorhandler.__handle;  Property: Unknown Property name. [1:617: mso-table-lspace]
02-04-2024 23:27:15.593Z;errorhandler.__handle;  Property: Unknown Property name. [1:647: mso-table-rspace]
02-04-2024 23:27:15.593Z;errorhandler.__handle;  CSSStyleDeclaration: Unexpected token, ignoring upto '}'. [1:690: }]
02-04-2024 23:27:15.593Z;errorhandler.__handle;  CSSStyleDeclaration: Unexpected token, ignoring upto '{          font-family: sans-serif;'. [1:710: {]
02-04-2024 23:27:15.593Z;errorhandler.__handle;  CSSStyleDeclaration: Unexpected token, ignoring upto '}'. [1:808: }]
02-04-2024 23:27:15.593Z;errorhandler.__handle;  CSSStyleDeclaration: Unexpected token, ignoring upto '{        background-color: #f6f6f6;'. [1:941: {]
02-04-2024 23:27:15.593Z;errorhandler.__handle;  CSSStyleDeclaration: Unexpected token, ignoring upto '}'. [1:1003: }]
02-04-2024 23:27:15.609Z;errorhandler.__handle;  CSSStyleDeclaration: Unexpected token, ignoring upto '{        display: block;'. [1:1178: {]
02-04-2024 23:27:15.609Z;errorhandler.__handle;  CSSStyleDeclaration: Unexpected token, ignoring upto '}'. [1:1342: }]
02-04-2024 23:27:15.609Z;errorhandler.__handle;  CSSStyleDeclaration: Unexpected token, ignoring upto '{        box-sizing: border-box;'. [1:1452: {]
02-04-2024 23:27:15.609Z;errorhandler.__handle;  CSSStyleDeclaration: Unexpected token, ignoring upto '}'. [1:1584: }]
02-04-2024 23:27:15.609Z;errorhandler.__handle;  CSSStyleDeclaration: Unexpected token, ignoring upto '{        background: #ffffff;'. [1:1721: {]
02-04-2024 23:27:15.623Z;errorhandler.__handle;  CSSStyleDeclaration: Unexpected token, ignoring upto '}'. [1:1804: }]
02-04-2024 23:27:15.623Z;errorhandler.__handle;  CSSStyleDeclaration: Unexpected token, ignoring upto '{        box-sizing: border-box;'. [1:1822: {]
02-04-2024 23:27:15.623Z;errorhandler.__handle;  CSSStyleDeclaration: Unexpected token, ignoring upto '}'. [1:1883: }]
02-04-2024 23:27:15.623Z;errorhandler.__handle;  CSSStyleDeclaration: Unexpected token, ignoring upto '{        padding-bottom: 10px;'. [1:1907: {]
02-04-2024 23:27:15.623Z;errorhandler.__handle;  CSSStyleDeclaration: Unexpected token, ignoring upto '}'. [1:1969: }]
02-04-2024 23:27:15.623Z;errorhandler.__handle;  CSSStyleDeclaration: Unexpected token, ignoring upto '{        clear: both;'. [1:1986: {]
02-04-2024 23:27:15.623Z;errorhandler.__handle;  CSSStyleDeclaration: Unexpected token, ignoring upto '}'. [1:2086: }]
02-04-2024 23:27:15.623Z;errorhandler.__handle;  CSSStyleDeclaration: Unexpected token, ignoring upto '{          color: #999999;'. [1:2165: {]
02-04-2024 23:27:15.639Z;errorhandler.__handle;  CSSStyleDeclaration: Unexpected token, ignoring upto '}'. [1:2253: }]
02-04-2024 23:27:15.639Z;errorhandler.__handle;  CSSStyleDeclaration: Unexpected token, ignoring upto '{        color: #000000;'. [1:2404: {]
02-04-2024 23:27:15.639Z;errorhandler.__handle;  CSSStyleDeclaration: Unexpected token, ignoring upto '}'. [1:2563: }]
02-04-2024 23:27:15.639Z;errorhandler.__handle;  CSSStyleDeclaration: Unexpected token, ignoring upto '{        font-size: 35px;'. [1:2575: {]
02-04-2024 23:27:15.639Z;errorhandler.__handle;  CSSStyleDeclaration: Unexpected token, ignoring upto '}'. [1:2694: }]
02-04-2024 23:27:15.654Z;errorhandler.__handle;  CSSStyleDeclaration: Unexpected token, ignoring upto '{        font-family: sans-serif;'. [1:2723: {]
02-04-2024 23:27:15.654Z;errorhandler.__handle;  CSSStyleDeclaration: Unexpected token, ignoring upto '}'. [1:2861: }]
02-04-2024 23:27:15.654Z;errorhandler.__handle;  CSSStyleDeclaration: Unexpected token, ignoring upto '{          list-style-position: inside;'. [1:2905: {]
02-04-2024 23:27:15.654Z;errorhandler.__handle;  CSSStyleDeclaration: Unexpected token, ignoring upto '}'. [1:2978: }]
02-04-2024 23:27:15.654Z;errorhandler.__handle;  CSSStyleDeclaration: Unexpected token, ignoring upto '{        color: #3498db;'. [1:2989: {]
02-04-2024 23:27:15.654Z;errorhandler.__handle;  CSSStyleDeclaration: Unexpected token, ignoring upto '}'. [1:3055: }]
02-04-2024 23:27:15.654Z;errorhandler.__handle;  CSSStyleDeclaration: Unexpected token, ignoring upto '{        box-sizing: border-box;'. [1:3178: {]
02-04-2024 23:27:15.654Z;errorhandler.__handle;  CSSStyleDeclaration: Unexpected token, ignoring upto '}'. [1:3231: }]
02-04-2024 23:27:15.654Z;errorhandler.__handle;  CSSStyleDeclaration: Unexpected token, ignoring upto '{          padding-bottom: 15px;'. [1:3265: {]
02-04-2024 23:27:15.654Z;errorhandler.__handle;  CSSStyleDeclaration: Unexpected token, ignoring upto '}'. [1:3298: }]
02-04-2024 23:27:15.654Z;errorhandler.__handle;  CSSStyleDeclaration: Unexpected token, ignoring upto '{          width: auto;'. [1:3320: {]
02-04-2024 23:27:15.654Z;errorhandler.__handle;  CSSStyleDeclaration: Unexpected token, ignoring upto '}'. [1:3350: }]
02-04-2024 23:27:15.654Z;errorhandler.__handle;  CSSStyleDeclaration: Unexpected token, ignoring upto '{          background-color: #ffffff;'. [1:3375: {]
02-04-2024 23:27:15.670Z;errorhandler.__handle;  CSSStyleDeclaration: Unexpected token, ignoring upto '}'. [1:3477: }]
02-04-2024 23:27:15.670Z;errorhandler.__handle;  CSSStyleDeclaration: Unexpected token, ignoring upto '{          background-color: #ffffff;'. [1:3495: {]
02-04-2024 23:27:15.889Z;errorhandler.__handle;  CSSStyleDeclaration: Unexpected token, ignoring upto '}'. [1:3892: }]
02-04-2024 23:27:15.889Z;errorhandler.__handle;  CSSStyleDeclaration: Unexpected token, ignoring upto '{        background-color: #3498db;'. [1:3923: {]
02-04-2024 23:27:15.889Z;errorhandler.__handle;  CSSStyleDeclaration: Unexpected token, ignoring upto '}'. [1:3965: }]
02-04-2024 23:27:15.889Z;errorhandler.__handle;  CSSStyleDeclaration: Unexpected token, ignoring upto '{        background-color: #3498db;'. [1:3989: {]
02-04-2024 23:27:15.935Z;errorhandler.__handle;  CSSStyleDeclaration: Unexpected token, ignoring upto '}'. [1:4084: }]
02-04-2024 23:27:15.935Z;errorhandler.__handle;  CSSStyleDeclaration: Unexpected token, ignoring upto '{        margin-bottom: 0;'. [1:4234: {]
02-04-2024 23:27:15.935Z;errorhandler.__handle;  CSSStyleDeclaration: Unexpected token, ignoring upto '}'. [1:4267: }]
02-04-2024 23:27:15.935Z;errorhandler.__handle;  CSSStyleDeclaration: Unexpected token, ignoring upto '{        margin-top: 0;'. [1:4283: {]
02-04-2024 23:27:15.935Z;errorhandler.__handle;  CSSStyleDeclaration: Unexpected token, ignoring upto '}'. [1:4313: }]
02-04-2024 23:27:15.935Z;errorhandler.__handle;  CSSStyleDeclaration: Unexpected token, ignoring upto '{        text-align: center;'. [1:4336: {]
02-04-2024 23:27:15.935Z;errorhandler.__handle;  CSSStyleDeclaration: Unexpected token, ignoring upto '}'. [1:4371: }]
02-04-2024 23:27:15.951Z;errorhandler.__handle;  CSSStyleDeclaration: Unexpected token, ignoring upto '{        text-align: right;'. [1:4393: {]
02-04-2024 23:27:15.951Z;errorhandler.__handle;  CSSStyleDeclaration: Unexpected token, ignoring upto '}'. [1:4427: }]
02-04-2024 23:27:15.951Z;errorhandler.__handle;  CSSStyleDeclaration: Unexpected token, ignoring upto '{        text-align: left;'. [1:4448: {]
02-04-2024 23:27:15.951Z;errorhandler.__handle;  CSSStyleDeclaration: Unexpected token, ignoring upto '}'. [1:4481: }]
02-04-2024 23:27:15.951Z;errorhandler.__handle;  CSSStyleDeclaration: Unexpected token, ignoring upto '{        clear: both;'. [1:4497: {]
02-04-2024 23:27:15.951Z;errorhandler.__handle;  CSSStyleDeclaration: Unexpected token, ignoring upto '}'. [1:4525: }]
02-04-2024 23:27:15.951Z;errorhandler.__handle;  CSSStyleDeclaration: Unexpected token, ignoring upto '{        margin-top: 0;'. [1:4539: {]
02-04-2024 23:27:15.951Z;errorhandler.__handle;  CSSStyleDeclaration: Unexpected token, ignoring upto '}'. [1:4569: }]
02-04-2024 23:27:15.951Z;errorhandler.__handle;  CSSStyleDeclaration: Unexpected token, ignoring upto '{        margin-bottom: 0;'. [1:4583: {]
02-04-2024 23:27:15.951Z;errorhandler.__handle;  CSSStyleDeclaration: Unexpected token, ignoring upto '}'. [1:4616: }]
02-04-2024 23:27:15.951Z;errorhandler.__handle;  CSSStyleDeclaration: Unexpected token, ignoring upto '{        color: transparent;'. [1:4636: {]
02-04-2024 23:27:15.967Z;errorhandler.__handle;  Property: Unknown Property name. [1:4799: mso-hide]
02-04-2024 23:27:15.967Z;errorhandler.__handle;  CSSStyleDeclaration: Unexpected token, ignoring upto '}'. [1:4864: }]
02-04-2024 23:27:15.967Z;errorhandler.__handle;  CSSStyleDeclaration: Unexpected token, ignoring upto '{        text-decoration: none;'. [1:4887: {]
02-04-2024 23:27:15.967Z;errorhandler.__handle;  CSSStyleDeclaration: Unexpected token, ignoring upto '}'. [1:4925: }]
02-04-2024 23:27:15.967Z;errorhandler.__handle;  CSSStyleDeclaration: Unexpected token, ignoring upto '{        border: 0;'. [1:4937: {]
02-04-2024 23:27:15.967Z;errorhandler.__handle;  CSSStyleDeclaration: Unexpected token, ignoring upto '}'. [1:5027: }]
02-04-2024 23:27:15.982Z;errorhandler.__handle;  CSSStyleRule: No selector found: '{        table.body h1 {{          font-size: 28px !important;          margin-bottom: 10px !important;         }}        table.body p,        table.body ul,        table.body ol,        table.body td,        table.body span,        table.body a {{          font-size: 16px !important;         }}        table.body .wrapper,        table.body .article {{          padding: 10px !important;         }}        table.body .content {{          padding: 0 !important;         }}        table.body .container {{          padding: 0 !important;          width: 100% !important;         }}        table.body .main {{          border-left-width: 0 !important;          border-radius: 0 !important;          border-right-width: 0 !important;         }}        table.body .btn table {{          width: 100% !important;         }}        table.body .btn a {{          width: 100% !important;         }}        table.body .img-responsive {{          height: auto !important;          max-width: 100% !important;          width: auto !important;         }}      }'. [1:5217: {]
02-04-2024 23:27:15.982Z;errorhandler.__handle;  SelectorList: Unknown Syntax: ''
02-04-2024 23:27:15.982Z;errorhandler.__handle;  Property: No ":" after name found: table.body h1 {{          font-size: 28px !important;          margin-bottom: 10px !important;         }}        table.body p,        table.body ul,        table.body ol,        table.body td,        table.body span,        table.body a {{          font-size: 16px !important;         }}        table.body .wrapper,        table.body .article {{          padding: 10px !important;         }}        table.body .content {{          padding: 0 !important;         }}        table.body .container {{          padding: 0 !important;          width: 100% !important;         }}        table.body .main {{          border-left-width: 0 !important;          border-radius: 0 !important;          border-right-width: 0 !important;         }}        table.body .btn table {{          width: 100% !important;         }}        table.body .btn a {{          width: 100% !important;         }}        table.body .img-responsive {{          height: auto !important;          max-width: 100% !important;          width: auto !important;         }}       [1:6259:       ]
02-04-2024 23:27:15.982Z;errorhandler.__handle;  Property: No property value found: table.body h1 {{          font-size: 28px !important;          margin-bottom: 10px !important;         }}        table.body p,        table.body ul,        table.body ol,        table.body td,        table.body span,        table.body a {{          font-size: 16px !important;         }}        table.body .wrapper,        table.body .article {{          padding: 10px !important;         }}        table.body .content {{          padding: 0 !important;         }}        table.body .container {{          padding: 0 !important;          width: 100% !important;         }}        table.body .main {{          border-left-width: 0 !important;          border-radius: 0 !important;          border-right-width: 0 !important;         }}        table.body .btn table {{          width: 100% !important;         }}        table.body .btn a {{          width: 100% !important;         }}        table.body .img-responsive {{          height: auto !important;          max-width: 100% !important;          width: auto !important;         }}       [1:6259:       ]
02-04-2024 23:27:15.982Z;errorhandler.__handle;  CSSStyleDeclaration: Syntax Error in Property: table.body h1 {{          font-size: 28px !important;          margin-bottom: 10px !important;         }}        table.body p,        table.body ul,        table.body ol,        table.body td,        table.body span,        table.body a {{          font-size: 16px !important;         }}        table.body .wrapper,        table.body .article {{          padding: 10px !important;         }}        table.body .content {{          padding: 0 !important;         }}        table.body .container {{          padding: 0 !important;          width: 100% !important;         }}        table.body .main {{          border-left-width: 0 !important;          border-radius: 0 !important;          border-right-width: 0 !important;         }}        table.body .btn table {{          width: 100% !important;         }}        table.body .btn a {{          width: 100% !important;         }}        table.body .img-responsive {{          height: auto !important;          max-width: 100% !important;          width: auto !important;         }}      
02-04-2024 23:27:15.982Z;errorhandler.__handle;  CSSStyleRule: No selector found: '{        .ExternalClass {{          width: 100%;         }}        .ExternalClass,        .ExternalClass p,        .ExternalClass span,        .ExternalClass font,        .ExternalClass td,        .ExternalClass div {{          line-height: 100%;         }}        .apple-link a {{          color: inherit !important;          font-family: inherit !important;          font-size: inherit !important;          font-weight: inherit !important;          line-height: inherit !important;          text-decoration: none !important;         }}        #MessageViewBody a {{          color: inherit;          text-decoration: none;          font-size: inherit;          font-family: inherit;          font-weight: inherit;          line-height: inherit;        }}        .btn-primary table td:hover {{          background-color: #34495e !important;         }}        .btn-primary a:hover {{          background-color: #34495e !important;          border-color: #34495e !important;         }}       }'. [1:6420: {]
02-04-2024 23:27:15.982Z;errorhandler.__handle;  SelectorList: Unknown Syntax: ''
02-04-2024 23:27:15.982Z;errorhandler.__handle;  CSSStyleDeclaration: Unexpected token, ignoring upto '.ExternalClass {{          width: 100%;         }}        .ExternalClass,        .ExternalClass p,        .ExternalClass span,        .ExternalClass font,        .ExternalClass td,        .ExternalClass div {{          line-height: 100%;         }}        .apple-link a {{          color: inherit !important;          font-family: inherit !important;          font-size: inherit !important;          font-weight: inherit !important;          line-height: inherit !important;          text-decoration: none !important;         }}        #MessageViewBody a {{          color: inherit;          text-decoration: none;          font-size: inherit;          font-family: inherit;          font-weight: inherit;          line-height: inherit;        }}        .btn-primary table td:hover {{          background-color: #34495e !important;         }}        .btn-primary a:hover {{          background-color: #34495e !important;          border-color: #34495e !important;         }}       '. [1:6429: .]
02-04-2024 23:27:15.998Z;errorhandler.__handle;  Property: Unknown Property name. [1:1: -ms-interpolation-mode]
02-04-2024 23:27:16.014Z;errorhandler.__handle;  Property: Unknown Property name. [1:24: -webkit-font-smoothing]
02-04-2024 23:27:16.014Z;errorhandler.__handle;  Property: Unknown Property name. [1:109: -ms-text-size-adjust]
02-04-2024 23:27:16.014Z;errorhandler.__handle;  Property: Unknown Property name. [1:135: -webkit-text-size-adjust]
02-04-2024 23:27:16.014Z;errorhandler.__handle;  Property: Unknown Property name. [1:1: mso-table-lspace]
02-04-2024 23:27:16.014Z;errorhandler.__handle;  Property: Unknown Property name. [1:20: mso-table-rspace]
02-04-2024 23:27:16.045Z;errorhandler.__handle;  Property: Unknown Property name. [1:74: mso-hide]
02-04-2024 23:27:16.061Z;errorhandler.__handle;  Property: No ":" after name found: align-center [1:1: align-center]
02-04-2024 23:27:16.061Z;errorhandler.__handle;  Property: No property value found: align-center [1:1: align-center]
02-04-2024 23:27:16.061Z;errorhandler.__handle;  CSSStyleDeclaration: Syntax Error in Property: align-center
02-04-2024 23:27:16.061Z;errorhandler.__handle;  Property: Unknown Property name. [1:1: -ms-interpolation-mode]
02-04-2024 23:27:18.748Z;functions.emailSuccess;  Success e-mail sent.
02-04-2024 23:27:20.076Z;functions.encerra_prog;  RM ENCERRADO
