16-06-2024 06:00:36.135Z;functions.bot_text_art;      ____   
16-06-2024 06:00:36.135Z;functions.bot_text_art;     [____]    
16-06-2024 06:00:36.135Z;functions.bot_text_art;   |=]()()[=|  
16-06-2024 06:00:36.135Z;functions.bot_text_art;     _\==/__    _____    ____     _        _____    ___   _  __
16-06-2024 06:00:36.135Z;functions.bot_text_art;   |__|   |_|  |  _  \  / ___|   | |      |_   _| / ___| | |/ /
16-06-2024 06:00:36.135Z;functions.bot_text_art;   |_|_/\_|_|  | |  | | | |      | |        | |   | |    | ' / 
16-06-2024 06:00:36.135Z;functions.bot_text_art;   | | __ | |  | |  | | | |      | |        | |   | |    |  <  
16-06-2024 06:00:36.135Z;functions.bot_text_art;   |_|[  ]|_|  | |__| | | |____  | |____   _| |_  | |__  | . \ 
16-06-2024 06:00:36.151Z;functions.bot_text_art;   \_|_||_|_/  |_____/   \_____| |______| |_____| \ ___| |_|\_\
16-06-2024 06:00:36.151Z;functions.bot_text_art;     |_||_|                                                     
16-06-2024 06:00:36.151Z;functions.bot_text_art;     | ||_|_   
16-06-2024 06:00:36.151Z;functions.bot_text_art;   |___||___|  
16-06-2024 06:00:36.151Z;functions.bot_text_art;               
16-06-2024 06:00:36.167Z;functions.open_RM;  OPEN PROGRAM RM
16-06-2024 06:00:55.979Z;functions.loggin_RM;  ENTRAR USER_NAME
16-06-2024 06:00:59.432Z;functions.loggin_RM;  ENTRAR PASSWORD
16-06-2024 06:01:00.729Z;functions.loggin_RM;  ENTRAR RM
16-06-2024 06:04:02.525Z;functions.loggin_RM;  FILTRO NÃO ENCONTRADO
16-06-2024 06:04:02.525Z;functions.enter_coligada;  AGUARDANDO 1
16-06-2024 06:04:03.744Z;functions.enter_coligada;  CLICK CONTEXTO
16-06-2024 06:04:06.275Z;functions.enter_coligada;  CLICK ALTERAR MODULO DO CONTEXTO
16-06-2024 06:04:09.634Z;functions.enter_coligada;  INSERE O COLIGADA CODE = 1
16-06-2024 06:04:09.739Z;functions.enter_coligada;  APERTA TAB PARA PREENCHER O CAMPO COM A STRING: OCEANICA ENGENHARIA E CONSULTORIA S.A.
16-06-2024 06:04:11.806Z;functions.enter_coligada;  CLICK AVANÇAR NOVAMENTE
16-06-2024 06:04:12.993Z;functions.enter_coligada;  CLICK CONCLUIR
16-06-2024 06:05:15.993Z;functions.enter_coligada;  POP UP COLIGADA DESAPARECER
16-06-2024 06:05:16.899Z;functions.check_movimentacao_bancaria;  CLICK - TOTVS - LINHA RM
16-06-2024 06:05:18.525Z;functions.check_movimentacao_bancaria;  CLICK - BACK OFFICE
16-06-2024 06:05:21.150Z;functions.check_movimentacao_bancaria;  CLICK - GESTAO FINANCEIRA
16-06-2024 06:05:21.150Z;functions.obter_intervalo_data;  VERIFICANDO A HORA ATUAL 6
16-06-2024 06:05:21.174Z;functions.obter_intervalo_data;  Data Inicial FERIAS/RESCISAO antes da remoção: None
16-06-2024 06:05:21.174Z;functions.obter_intervalo_data;  Data Final FERIAS/RESCISAO antes da remoção: None
16-06-2024 06:05:21.181Z;functions.obter_intervalo_data;  Data Inicial FERIAS/RESCISAO após a remoção: None
16-06-2024 06:05:21.181Z;functions.obter_intervalo_data;  Data Final FERIAS/RESCISAO após a remoção: None
16-06-2024 06:05:21.181Z;functions.obter_intervalo_data;  hoje -  2024-06-16 06:05:21.181059
16-06-2024 06:05:21.181Z;functions.check_movimentacao_bancaria;  DATA INICIO 19-06-2024
16-06-2024 06:05:21.181Z;functions.check_movimentacao_bancaria;  DATA FIM 25-06-2024
16-06-2024 06:05:21.181Z;functions.movimentacao_bancaria;  AGUARDANDO 1
16-06-2024 06:05:27.122Z;functions.movimentacao_bancaria;  CLICK NA ABA MOVIMENTAÇÃO BANCARIA
16-06-2024 06:05:29.337Z;functions.waitForImage;  IMAGEM BORDERO image found.
16-06-2024 06:05:31.469Z;functions.movimentacao_bancaria;  IMAGEM BORDERO CLICADA.
16-06-2024 06:05:41.978Z;functions.waitForImage;  LICENCAS EXCEDIDAS image not found.
16-06-2024 06:05:43.118Z;functions.movimentacao_bancaria;  ENCONTROU O FILTRO DA MOVIMENTAÇÃO BANCÁRIA
16-06-2024 06:05:43.181Z;functions.movimentacao_bancaria;  CLICA NA ABA SUPERIOR DO FILTRO
16-06-2024 06:05:47.393Z;functions.movimentacao_bancaria;  SELECIONA O FILTRO HOJE
16-06-2024 06:06:02.821Z;functions.waitForImage;  FILTER CLEAN image not found.
16-06-2024 06:06:18.352Z;functions.waitForImage;  FILTER CLEAN image not found.
16-06-2024 06:06:33.821Z;functions.waitForImage;  FILTER CLEAN image not found.
16-06-2024 06:06:54.071Z;functions.movimentacao_bancaria;  SEM PROCESSAMENTO DE BORDERO
16-06-2024 06:07:14.539Z;functions.waitForImage;  FILTER CLEAN image not found.
16-06-2024 06:07:30.040Z;functions.waitForImage;  FILTER CLEAN image not found.
16-06-2024 06:07:45.352Z;functions.waitForImage;  FILTER CLEAN image not found.
16-06-2024 06:08:21.775Z;functions.remessa_pagamento;  SEM REMESSA DE BORDERO AUTORIZADO
16-06-2024 06:08:22.711Z;functions.enter_contas_a_pagar;  CLICK - TOTVS - LINHA RM
16-06-2024 06:08:24.117Z;functions.enter_contas_a_pagar;  CLICK - BACK OFFICE
16-06-2024 06:08:26.742Z;functions.enter_contas_a_pagar;  CLICK - GESTAO FINANCEIRA
16-06-2024 06:08:32.523Z;functions.enter_contas_a_pagar;  CLICK - CONTAS A PAGAR
16-06-2024 06:08:33.383Z;functions.waitForImage;  LANÇAMENTOS image found.
16-06-2024 06:08:35.501Z;functions.enter_contas_a_pagar;  CLICA EM LANÇAMENTOS
16-06-2024 06:08:50.961Z;functions.waitForImage;  LICENCAS EXCEDIDAS image not found.
16-06-2024 06:08:50.961Z;functions.data_filter;  CLICK - SELECIONA A DATA DE QUARTA FEIRA E DA PROXIMA TERÇA
16-06-2024 06:08:50.961Z;functions.data_filter;  QUARTA-FEIRA: 19-06-2024
16-06-2024 06:08:50.961Z;functions.data_filter;  TERCA-FEIRA: 25-06-2024
16-06-2024 06:09:04.023Z;functions.data_filter;  CLICK - BUTÃO DE SELECAO DE FILTRO
16-06-2024 06:09:08.476Z;functions.data_filter;  INSERE - DATA DE QUARTA-FEIRA: 19-06-2024
16-06-2024 06:09:12.820Z;functions.data_filter;  INSERE - DATA DA PROX TERCA-FEIRA: 25-06-2024
16-06-2024 06:09:13.835Z;functions.data_filter;  CLICK - BUTÃO DE EXECUTAR O FILTRO
16-06-2024 06:09:18.840Z;functions.desmark_filter;  AGUARDANDO 1
16-06-2024 06:09:20.898Z;functions.desmark_filter;  CLICK CHECKBOX LANÇAMENTOS A RECEBER
16-06-2024 06:09:23.117Z;functions.desmark_filter;  CLICK CHECKBOX LANÇAMENTOS BAIXADOS
16-06-2024 06:09:25.492Z;functions.desmark_filter;  CLICK CHECKBOX LANÇAMENTOS CANCELADOS
16-06-2024 06:09:28.117Z;functions.desmark_filter;  CLICK CHECKBOX LANÇAMENTOS FATURADOS
16-06-2024 06:09:30.789Z;functions.desmark_filter;  ATUALIZA O FILTRO
16-06-2024 06:09:30.961Z;functions.waitForImage;  FILTER CLEAN image found.
16-06-2024 06:09:33.065Z;functions.filter_clean;  CLICK NO BOTÃO X DO LIMPA FILTRO
16-06-2024 06:09:48.664Z;functions.waitForImage;  FILTER CLEAN image not found.
16-06-2024 06:10:04.195Z;functions.waitForImage;  FILTER CLEAN image not found.
16-06-2024 06:10:07.049Z;functions.tabela_vazia;  Texto extraido 0/0
16-06-2024 06:10:07.050Z;functions.tabela_vazia;  Count 0
16-06-2024 06:10:07.050Z;functions.tabela_vazia;  Type <class 'int'>
16-06-2024 06:10:09.051Z;functions.tabela_vazia;  SEM REMESSA DE FÉRIAS/RESCISÃO
16-06-2024 06:10:11.052Z;main.<module>;  SEM REMESSA DE FÉRIAS/RESCISÃO
16-06-2024 06:10:14.195Z;errorhandler.__handle;  Property: Unknown Property name. [1:203: -ms-interpolation-mode]
16-06-2024 06:10:14.241Z;errorhandler.__handle;  Property: Unknown Property name. [1:353: -webkit-font-smoothing]
16-06-2024 06:10:14.257Z;errorhandler.__handle;  Property: Unknown Property name. [1:483: -ms-text-size-adjust]
16-06-2024 06:10:14.257Z;errorhandler.__handle;  Property: Unknown Property name. [1:518: -webkit-text-size-adjust]
16-06-2024 06:10:14.257Z;errorhandler.__handle;  Property: Unknown Property name. [1:612: mso-table-lspace]
16-06-2024 06:10:14.257Z;errorhandler.__handle;  Property: Unknown Property name. [1:642: mso-table-rspace]
16-06-2024 06:10:14.491Z;errorhandler.__handle;  Property: Unknown Property name. [1:4734: mso-hide]
16-06-2024 06:10:14.601Z;errorhandler.__handle;  Property: Unknown Property name. [1:13: -ms-interpolation-mode]
16-06-2024 06:10:14.601Z;errorhandler.__handle;  Property: Unknown Property name. [1:49: -webkit-font-smoothing]
16-06-2024 06:10:14.601Z;errorhandler.__handle;  Property: Unknown Property name. [1:134: -ms-text-size-adjust]
16-06-2024 06:10:14.601Z;errorhandler.__handle;  Property: Unknown Property name. [1:160: -webkit-text-size-adjust]
16-06-2024 06:10:14.601Z;errorhandler.__handle;  Property: Unknown Property name. [1:26: mso-table-lspace]
16-06-2024 06:10:14.616Z;errorhandler.__handle;  Property: Unknown Property name. [1:45: mso-table-rspace]
16-06-2024 06:10:14.648Z;errorhandler.__handle;  Property: Unknown Property name. [1:92: mso-hide]
16-06-2024 06:10:14.663Z;errorhandler.__handle;  Property: No ":" after name found: align-center [1:1: align-center]
16-06-2024 06:10:14.663Z;errorhandler.__handle;  Property: No property value found: align-center [1:1: align-center]
16-06-2024 06:10:14.663Z;errorhandler.__handle;  CSSStyleDeclaration: Syntax Error in Property: align-center
16-06-2024 06:10:14.663Z;errorhandler.__handle;  Property: Unknown Property name. [1:14: -ms-interpolation-mode]
16-06-2024 06:10:17.929Z;functions.emailFinalizado;  Finalizado e-mail sent.
16-06-2024 06:10:18.195Z;functions.encerra_prog;  RM ENCERRADO
