16-06-2024 14:00:29.738Z;functions.bot_text_art;      ____   
16-06-2024 14:00:29.738Z;functions.bot_text_art;     [____]    
16-06-2024 14:00:29.738Z;functions.bot_text_art;   |=]()()[=|  
16-06-2024 14:00:29.738Z;functions.bot_text_art;     _\==/__    _____    ____     _        _____    ___   _  __
16-06-2024 14:00:29.738Z;functions.bot_text_art;   |__|   |_|  |  _  \  / ___|   | |      |_   _| / ___| | |/ /
16-06-2024 14:00:29.738Z;functions.bot_text_art;   |_|_/\_|_|  | |  | | | |      | |        | |   | |    | ' / 
16-06-2024 14:00:29.738Z;functions.bot_text_art;   | | __ | |  | |  | | | |      | |        | |   | |    |  <  
16-06-2024 14:00:29.738Z;functions.bot_text_art;   |_|[  ]|_|  | |__| | | |____  | |____   _| |_  | |__  | . \ 
16-06-2024 14:00:29.738Z;functions.bot_text_art;   \_|_||_|_/  |_____/   \_____| |______| |_____| \ ___| |_|\_\
16-06-2024 14:00:29.738Z;functions.bot_text_art;     |_||_|                                                     
16-06-2024 14:00:29.738Z;functions.bot_text_art;     | ||_|_   
16-06-2024 14:00:29.738Z;functions.bot_text_art;   |___||___|  
16-06-2024 14:00:29.738Z;functions.bot_text_art;               
16-06-2024 14:00:29.753Z;functions.open_RM;  OPEN PROGRAM RM
16-06-2024 14:00:49.863Z;functions.loggin_RM;  ENTRAR USER_NAME
16-06-2024 14:00:53.381Z;functions.loggin_RM;  ENTRAR PASSWORD
16-06-2024 14:00:54.692Z;functions.loggin_RM;  ENTRAR RM
16-06-2024 14:03:58.381Z;functions.loggin_RM;  FILTRO NÃO ENCONTRADO
16-06-2024 14:03:58.381Z;functions.enter_coligada;  AGUARDANDO 1
16-06-2024 14:03:59.597Z;functions.enter_coligada;  CLICK CONTEXTO
16-06-2024 14:04:01.909Z;functions.enter_coligada;  CLICK ALTERAR MODULO DO CONTEXTO
16-06-2024 14:04:05.175Z;functions.enter_coligada;  INSERE O COLIGADA CODE = 1
16-06-2024 14:04:05.280Z;functions.enter_coligada;  APERTA TAB PARA PREENCHER O CAMPO COM A STRING: OCEANICA ENGENHARIA E CONSULTORIA S.A.
16-06-2024 14:04:07.316Z;functions.enter_coligada;  CLICK AVANÇAR NOVAMENTE
16-06-2024 14:04:08.534Z;functions.enter_coligada;  CLICK CONCLUIR
16-06-2024 14:05:24.675Z;functions.enter_coligada;  POP UP COLIGADA DESAPARECER
16-06-2024 14:05:25.566Z;functions.check_movimentacao_bancaria;  CLICK - TOTVS - LINHA RM
16-06-2024 14:05:27.190Z;functions.check_movimentacao_bancaria;  CLICK - BACK OFFICE
16-06-2024 14:05:29.784Z;functions.check_movimentacao_bancaria;  CLICK - GESTAO FINANCEIRA
16-06-2024 14:05:29.784Z;functions.obter_intervalo_data;  VERIFICANDO A HORA ATUAL 14
16-06-2024 14:05:29.808Z;functions.obter_intervalo_data;  Data Inicial FERIAS/RESCISAO antes da remoção: None
16-06-2024 14:05:29.808Z;functions.obter_intervalo_data;  Data Final FERIAS/RESCISAO antes da remoção: None
16-06-2024 14:05:29.816Z;functions.obter_intervalo_data;  Data Inicial FERIAS/RESCISAO após a remoção: None
16-06-2024 14:05:29.816Z;functions.obter_intervalo_data;  Data Final FERIAS/RESCISAO após a remoção: None
16-06-2024 14:05:29.816Z;functions.obter_intervalo_data;  hoje -  2024-06-16 14:05:29.816282
16-06-2024 14:05:29.816Z;functions.check_movimentacao_bancaria;  DATA INICIO 19-06-2024
16-06-2024 14:05:29.816Z;functions.check_movimentacao_bancaria;  DATA FIM 25-06-2024
16-06-2024 14:05:29.816Z;functions.movimentacao_bancaria;  AGUARDANDO 1
16-06-2024 14:05:35.972Z;functions.movimentacao_bancaria;  CLICK NA ABA MOVIMENTAÇÃO BANCARIA
16-06-2024 14:05:38.175Z;functions.waitForImage;  IMAGEM BORDERO image found.
16-06-2024 14:05:40.293Z;functions.movimentacao_bancaria;  IMAGEM BORDERO CLICADA.
16-06-2024 14:05:50.678Z;functions.waitForImage;  LICENCAS EXCEDIDAS image not found.
16-06-2024 14:05:51.347Z;functions.movimentacao_bancaria;  ENCONTROU O FILTRO DA MOVIMENTAÇÃO BANCÁRIA
16-06-2024 14:05:51.409Z;functions.movimentacao_bancaria;  CLICA NA ABA SUPERIOR DO FILTRO
16-06-2024 14:05:55.620Z;functions.movimentacao_bancaria;  SELECIONA O FILTRO HOJE
16-06-2024 14:06:10.689Z;functions.waitForImage;  FILTER CLEAN image not found.
16-06-2024 14:06:25.908Z;functions.waitForImage;  FILTER CLEAN image not found.
16-06-2024 14:06:41.081Z;functions.waitForImage;  FILTER CLEAN image not found.
16-06-2024 14:07:01.260Z;functions.movimentacao_bancaria;  SEM PROCESSAMENTO DE BORDERO
16-06-2024 14:07:21.566Z;functions.waitForImage;  FILTER CLEAN image not found.
16-06-2024 14:07:36.613Z;functions.waitForImage;  FILTER CLEAN image not found.
16-06-2024 14:07:51.738Z;functions.waitForImage;  FILTER CLEAN image not found.
16-06-2024 14:08:28.144Z;functions.remessa_pagamento;  SEM REMESSA DE BORDERO AUTORIZADO
16-06-2024 14:08:29.066Z;functions.enter_contas_a_pagar;  CLICK - TOTVS - LINHA RM
16-06-2024 14:08:30.440Z;functions.enter_contas_a_pagar;  CLICK - BACK OFFICE
16-06-2024 14:08:31.315Z;functions.enter_contas_a_pagar;  CLICK - GESTAO FINANCEIRA
16-06-2024 14:08:37.222Z;functions.enter_contas_a_pagar;  CLICK - CONTAS A PAGAR
16-06-2024 14:08:38.097Z;functions.waitForImage;  LANÇAMENTOS image found.
16-06-2024 14:08:40.231Z;functions.enter_contas_a_pagar;  CLICA EM LANÇAMENTOS
16-06-2024 14:08:55.703Z;functions.waitForImage;  LICENCAS EXCEDIDAS image not found.
16-06-2024 14:08:55.704Z;functions.data_filter;  CLICK - SELECIONA A DATA DE QUARTA FEIRA E DA PROXIMA TERÇA
16-06-2024 14:08:55.704Z;functions.data_filter;  QUARTA-FEIRA: 19-06-2024
16-06-2024 14:08:55.704Z;functions.data_filter;  TERCA-FEIRA: 25-06-2024
16-06-2024 14:09:08.753Z;functions.data_filter;  CLICK - BUTÃO DE SELECAO DE FILTRO
16-06-2024 14:09:13.175Z;functions.data_filter;  INSERE - DATA DE QUARTA-FEIRA: 19-06-2024
16-06-2024 14:09:17.206Z;functions.data_filter;  INSERE - DATA DA PROX TERCA-FEIRA: 25-06-2024
16-06-2024 14:09:18.253Z;functions.data_filter;  CLICK - BUTÃO DE EXECUTAR O FILTRO
16-06-2024 14:09:23.257Z;functions.desmark_filter;  AGUARDANDO 1
16-06-2024 14:09:25.284Z;functions.desmark_filter;  CLICK CHECKBOX LANÇAMENTOS A RECEBER
16-06-2024 14:09:27.519Z;functions.desmark_filter;  CLICK CHECKBOX LANÇAMENTOS BAIXADOS
16-06-2024 14:09:29.816Z;functions.desmark_filter;  CLICK CHECKBOX LANÇAMENTOS CANCELADOS
16-06-2024 14:09:32.315Z;functions.desmark_filter;  CLICK CHECKBOX LANÇAMENTOS FATURADOS
16-06-2024 14:09:34.784Z;functions.desmark_filter;  ATUALIZA O FILTRO
16-06-2024 14:09:34.972Z;functions.waitForImage;  FILTER CLEAN image found.
16-06-2024 14:09:37.075Z;functions.filter_clean;  CLICK NO BOTÃO X DO LIMPA FILTRO
16-06-2024 14:09:52.363Z;functions.waitForImage;  FILTER CLEAN image not found.
16-06-2024 14:10:07.690Z;functions.waitForImage;  FILTER CLEAN image not found.
16-06-2024 14:10:10.440Z;functions.tabela_vazia;  Texto extraido 0/0
16-06-2024 14:10:10.440Z;functions.tabela_vazia;  Count 0
16-06-2024 14:10:10.440Z;functions.tabela_vazia;  Type <class 'int'>
16-06-2024 14:10:12.455Z;functions.tabela_vazia;  SEM REMESSA DE FÉRIAS/RESCISÃO
16-06-2024 14:10:14.456Z;main.<module>;  SEM REMESSA DE FÉRIAS/RESCISÃO
16-06-2024 14:10:17.238Z;errorhandler.__handle;  Property: Unknown Property name. [1:203: -ms-interpolation-mode]
16-06-2024 14:10:17.284Z;errorhandler.__handle;  Property: Unknown Property name. [1:353: -webkit-font-smoothing]
16-06-2024 14:10:17.300Z;errorhandler.__handle;  Property: Unknown Property name. [1:483: -ms-text-size-adjust]
16-06-2024 14:10:17.300Z;errorhandler.__handle;  Property: Unknown Property name. [1:518: -webkit-text-size-adjust]
16-06-2024 14:10:17.300Z;errorhandler.__handle;  Property: Unknown Property name. [1:612: mso-table-lspace]
16-06-2024 14:10:17.300Z;errorhandler.__handle;  Property: Unknown Property name. [1:642: mso-table-rspace]
16-06-2024 14:10:17.488Z;errorhandler.__handle;  Property: Unknown Property name. [1:4734: mso-hide]
16-06-2024 14:10:17.597Z;errorhandler.__handle;  Property: Unknown Property name. [1:13: -ms-interpolation-mode]
16-06-2024 14:10:17.597Z;errorhandler.__handle;  Property: Unknown Property name. [1:49: -webkit-font-smoothing]
16-06-2024 14:10:17.613Z;errorhandler.__handle;  Property: Unknown Property name. [1:134: -ms-text-size-adjust]
16-06-2024 14:10:17.613Z;errorhandler.__handle;  Property: Unknown Property name. [1:160: -webkit-text-size-adjust]
16-06-2024 14:10:17.613Z;errorhandler.__handle;  Property: Unknown Property name. [1:26: mso-table-lspace]
16-06-2024 14:10:17.613Z;errorhandler.__handle;  Property: Unknown Property name. [1:45: mso-table-rspace]
16-06-2024 14:10:17.644Z;errorhandler.__handle;  Property: Unknown Property name. [1:92: mso-hide]
16-06-2024 14:10:17.659Z;errorhandler.__handle;  Property: No ":" after name found: align-center [1:1: align-center]
16-06-2024 14:10:17.659Z;errorhandler.__handle;  Property: No property value found: align-center [1:1: align-center]
16-06-2024 14:10:17.659Z;errorhandler.__handle;  CSSStyleDeclaration: Syntax Error in Property: align-center
16-06-2024 14:10:17.659Z;errorhandler.__handle;  Property: Unknown Property name. [1:14: -ms-interpolation-mode]
16-06-2024 14:10:20.222Z;functions.emailFinalizado;  Finalizado e-mail sent.
16-06-2024 14:10:20.565Z;functions.encerra_prog;  RM ENCERRADO
