04-07-2024 03:00:40.994Z;functions.bot_text_art;      ____   
04-07-2024 03:00:40.994Z;functions.bot_text_art;     [____]    
04-07-2024 03:00:40.994Z;functions.bot_text_art;   |=]()()[=|  
04-07-2024 03:00:40.994Z;functions.bot_text_art;     _\==/__    _____    ____     _        _____    ___   _  __
04-07-2024 03:00:40.994Z;functions.bot_text_art;   |__|   |_|  |  _  \  / ___|   | |      |_   _| / ___| | |/ /
04-07-2024 03:00:41.010Z;functions.bot_text_art;   |_|_/\_|_|  | |  | | | |      | |        | |   | |    | ' / 
04-07-2024 03:00:41.010Z;functions.bot_text_art;   | | __ | |  | |  | | | |      | |        | |   | |    |  <  
04-07-2024 03:00:41.010Z;functions.bot_text_art;   |_|[  ]|_|  | |__| | | |____  | |____   _| |_  | |__  | . \ 
04-07-2024 03:00:41.010Z;functions.bot_text_art;   \_|_||_|_/  |_____/   \_____| |______| |_____| \ ___| |_|\_\
04-07-2024 03:00:41.010Z;functions.bot_text_art;     |_||_|                                                     
04-07-2024 03:00:41.010Z;functions.bot_text_art;     | ||_|_   
04-07-2024 03:00:41.010Z;functions.bot_text_art;   |___||___|  
04-07-2024 03:00:41.010Z;functions.bot_text_art;               
04-07-2024 03:00:41.026Z;functions.open_RM;  OPEN PROGRAM RM
04-07-2024 03:01:02.675Z;functions.loggin_RM;  ENTRAR USER_NAME
04-07-2024 03:01:06.335Z;functions.loggin_RM;  ENTRAR PASSWORD
04-07-2024 03:01:07.744Z;functions.loggin_RM;  ENTRAR RM
04-07-2024 03:04:09.221Z;functions.loggin_RM;  FILTRO NÃO ENCONTRADO
04-07-2024 03:04:43.357Z;functions.loggin_RM;  FILTRO 2 NÃO ENCONTRADO DE INICIO
04-07-2024 03:07:44.926Z;functions.loggin_RM;  FILTRO NÃO ENCONTRADO
04-07-2024 03:08:18.002Z;functions.loggin_RM;  FILTRO 2 NÃO ENCONTRADO DE INICIO
04-07-2024 03:11:20.612Z;functions.loggin_RM;  FILTRO NÃO ENCONTRADO
04-07-2024 03:11:54.627Z;functions.loggin_RM;  FILTRO 2 NÃO ENCONTRADO DE INICIO
04-07-2024 03:11:54.627Z;functions.enter_coligada;  AGUARDANDO 1
04-07-2024 03:11:55.424Z;functions.enter_coligada;  CLICK CONTEXTO
04-07-2024 03:11:57.142Z;functions.enter_coligada;  CLICK ALTERAR MODULO DO CONTEXTO
04-07-2024 03:11:59.986Z;functions.enter_coligada;  INSERE O COLIGADA CODE = 1
04-07-2024 03:12:00.096Z;functions.enter_coligada;  APERTA TAB PARA PREENCHER O CAMPO COM A STRING: OCEANICA ENGENHARIA E CONSULTORIA S.A.
04-07-2024 03:12:01.393Z;functions.enter_coligada;  CLICK AVANÇAR NOVAMENTE
04-07-2024 03:12:02.330Z;functions.enter_coligada;  CLICK CONCLUIR
04-07-2024 03:12:22.736Z;functions.waitForImage;  TROCA COLIGADA image not found.
04-07-2024 03:12:41.033Z;functions.enter_coligada;  POP UP COLIGADA DESAPARECER
04-07-2024 03:12:42.018Z;functions.check_movimentacao_bancaria;  CLICK - TOTVS - LINHA RM
04-07-2024 03:12:43.799Z;functions.check_movimentacao_bancaria;  CLICK - BACK OFFICE
04-07-2024 03:12:46.549Z;functions.check_movimentacao_bancaria;  CLICK - GESTAO FINANCEIRA
04-07-2024 03:12:46.549Z;functions.obter_intervalo_data;  VERIFICANDO A HORA ATUAL 3
04-07-2024 03:12:46.573Z;functions.obter_intervalo_data;  Data Inicial FERIAS/RESCISAO antes da remoção: None
04-07-2024 03:12:46.573Z;functions.obter_intervalo_data;  Data Final FERIAS/RESCISAO antes da remoção: None
04-07-2024 03:12:46.580Z;functions.obter_intervalo_data;  Data Inicial FERIAS/RESCISAO após a remoção: None
04-07-2024 03:12:46.580Z;functions.obter_intervalo_data;  Data Final FERIAS/RESCISAO após a remoção: None
04-07-2024 03:12:46.580Z;functions.obter_intervalo_data;  hoje -  2024-07-04 03:12:46.580607
04-07-2024 03:12:46.580Z;functions.check_movimentacao_bancaria;  DATA INICIO 10-07-2024
04-07-2024 03:12:46.580Z;functions.check_movimentacao_bancaria;  DATA FIM 16-07-2024
04-07-2024 03:12:46.580Z;functions.movimentacao_bancaria;  AGUARDANDO 1
04-07-2024 03:12:52.455Z;functions.movimentacao_bancaria;  CLICK NA ABA MOVIMENTAÇÃO BANCARIA
04-07-2024 03:12:54.689Z;functions.waitForImage;  IMAGEM BORDERO image found.
04-07-2024 03:12:56.808Z;functions.movimentacao_bancaria;  IMAGEM BORDERO CLICADA.
04-07-2024 03:13:06.924Z;functions.waitForImage;  LICENCAS EXCEDIDAS image not found.
04-07-2024 03:13:07.658Z;functions.movimentacao_bancaria;  ENCONTROU O FILTRO DA MOVIMENTAÇÃO BANCÁRIA
04-07-2024 03:13:07.705Z;functions.movimentacao_bancaria;  CLICA NA ABA SUPERIOR DO FILTRO
04-07-2024 03:13:11.915Z;functions.movimentacao_bancaria;  SELECIONA O FILTRO HOJE
04-07-2024 03:13:27.111Z;functions.waitForImage;  FILTER CLEAN image not found.
04-07-2024 03:13:42.419Z;functions.waitForImage;  FILTER CLEAN image not found.
04-07-2024 03:13:57.689Z;functions.waitForImage;  FILTER CLEAN image not found.
04-07-2024 03:14:15.475Z;functions.movimentacao_bancaria;  SEM PROCESSAMENTO DE BORDERO
04-07-2024 03:14:35.752Z;functions.waitForImage;  FILTER CLEAN image not found.
04-07-2024 03:14:51.033Z;functions.waitForImage;  FILTER CLEAN image not found.
04-07-2024 03:15:06.314Z;functions.waitForImage;  FILTER CLEAN image not found.
04-07-2024 03:15:37.705Z;functions.remessa_pagamento;  SEM REMESSA DE BORDERO AUTORIZADO
04-07-2024 03:15:38.705Z;functions.enter_contas_a_pagar;  CLICK - TOTVS - LINHA RM
04-07-2024 03:15:40.173Z;functions.enter_contas_a_pagar;  CLICK - BACK OFFICE
04-07-2024 03:15:42.892Z;functions.enter_contas_a_pagar;  CLICK - GESTAO FINANCEIRA
04-07-2024 03:15:49.173Z;functions.enter_contas_a_pagar;  CLICK - CONTAS A PAGAR
04-07-2024 03:15:50.096Z;functions.waitForImage;  LANÇAMENTOS image found.
04-07-2024 03:15:52.214Z;functions.enter_contas_a_pagar;  CLICA EM LANÇAMENTOS
04-07-2024 03:16:07.374Z;functions.waitForImage;  LICENCAS EXCEDIDAS image not found.
04-07-2024 03:16:07.375Z;functions.data_filter;  CLICK - SELECIONA A DATA DE QUARTA FEIRA E DA PROXIMA TERÇA
04-07-2024 03:16:07.375Z;functions.data_filter;  QUARTA-FEIRA: 10-07-2024
04-07-2024 03:16:07.375Z;functions.data_filter;  TERCA-FEIRA: 16-07-2024
04-07-2024 03:16:21.204Z;functions.data_filter;  CLICK - BUTÃO DE SELECAO DE FILTRO
04-07-2024 03:16:25.908Z;functions.data_filter;  INSERE - DATA DE QUARTA-FEIRA: 10-07-2024
04-07-2024 03:16:30.252Z;functions.data_filter;  INSERE - DATA DA PROX TERCA-FEIRA: 16-07-2024
04-07-2024 03:16:31.361Z;functions.data_filter;  CLICK - BUTÃO DE EXECUTAR O FILTRO
04-07-2024 03:16:36.365Z;functions.desmark_filter;  AGUARDANDO 1
04-07-2024 03:16:38.798Z;functions.desmark_filter;  CLICK CHECKBOX LANÇAMENTOS A RECEBER
04-07-2024 03:16:41.444Z;functions.desmark_filter;  CLICK CHECKBOX LANÇAMENTOS BAIXADOS
04-07-2024 03:16:44.205Z;functions.desmark_filter;  CLICK CHECKBOX LANÇAMENTOS CANCELADOS
04-07-2024 03:16:47.197Z;functions.desmark_filter;  CLICK CHECKBOX LANÇAMENTOS FATURADOS
04-07-2024 03:16:50.517Z;functions.desmark_filter;  ATUALIZA O FILTRO
04-07-2024 03:16:50.720Z;functions.waitForImage;  FILTER CLEAN image found.
04-07-2024 03:16:52.837Z;functions.filter_clean;  CLICK NO BOTÃO X DO LIMPA FILTRO
04-07-2024 03:17:08.127Z;functions.waitForImage;  FILTER CLEAN image not found.
04-07-2024 03:17:23.283Z;functions.waitForImage;  FILTER CLEAN image not found.
04-07-2024 03:17:26.673Z;functions.tabela_vazia;  Texto extraido 0/0
04-07-2024 03:17:26.673Z;functions.tabela_vazia;  Count 0
04-07-2024 03:17:26.673Z;functions.tabela_vazia;  Type <class 'int'>
04-07-2024 03:17:28.685Z;functions.tabela_vazia;  SEM REMESSA DE FÉRIAS/RESCISÃO
04-07-2024 03:17:30.686Z;main.<module>;  SEM REMESSA DE FÉRIAS/RESCISÃO
04-07-2024 03:17:33.798Z;errorhandler.__handle;  Property: Unknown Property name. [1:203: -ms-interpolation-mode]
04-07-2024 03:17:33.845Z;errorhandler.__handle;  Property: Unknown Property name. [1:353: -webkit-font-smoothing]
04-07-2024 03:17:33.845Z;errorhandler.__handle;  Property: Unknown Property name. [1:483: -ms-text-size-adjust]
04-07-2024 03:17:33.845Z;errorhandler.__handle;  Property: Unknown Property name. [1:518: -webkit-text-size-adjust]
04-07-2024 03:17:33.845Z;errorhandler.__handle;  Property: Unknown Property name. [1:612: mso-table-lspace]
04-07-2024 03:17:33.845Z;errorhandler.__handle;  Property: Unknown Property name. [1:642: mso-table-rspace]
04-07-2024 03:17:34.080Z;errorhandler.__handle;  Property: Unknown Property name. [1:4734: mso-hide]
04-07-2024 03:17:34.189Z;errorhandler.__handle;  Property: Unknown Property name. [1:13: -ms-interpolation-mode]
04-07-2024 03:17:34.189Z;errorhandler.__handle;  Property: Unknown Property name. [1:49: -webkit-font-smoothing]
04-07-2024 03:17:34.205Z;errorhandler.__handle;  Property: Unknown Property name. [1:134: -ms-text-size-adjust]
04-07-2024 03:17:34.205Z;errorhandler.__handle;  Property: Unknown Property name. [1:160: -webkit-text-size-adjust]
04-07-2024 03:17:34.205Z;errorhandler.__handle;  Property: Unknown Property name. [1:26: mso-table-lspace]
04-07-2024 03:17:34.205Z;errorhandler.__handle;  Property: Unknown Property name. [1:45: mso-table-rspace]
04-07-2024 03:17:34.236Z;errorhandler.__handle;  Property: Unknown Property name. [1:92: mso-hide]
04-07-2024 03:17:34.251Z;errorhandler.__handle;  Property: No ":" after name found: align-center [1:1: align-center]
04-07-2024 03:17:34.251Z;errorhandler.__handle;  Property: No property value found: align-center [1:1: align-center]
04-07-2024 03:17:34.251Z;errorhandler.__handle;  CSSStyleDeclaration: Syntax Error in Property: align-center
04-07-2024 03:17:34.251Z;errorhandler.__handle;  Property: Unknown Property name. [1:14: -ms-interpolation-mode]
04-07-2024 03:17:36.782Z;functions.emailFinalizado;  Finalizado e-mail sent.
04-07-2024 03:17:37.079Z;functions.encerra_prog;  RM ENCERRADO
