14-07-2024 03:00:36.470Z;functions.bot_text_art;      ____   
14-07-2024 03:00:36.470Z;functions.bot_text_art;     [____]    
14-07-2024 03:00:36.470Z;functions.bot_text_art;   |=]()()[=|  
14-07-2024 03:00:36.470Z;functions.bot_text_art;     _\==/__    _____    ____     _        _____    ___   _  __
14-07-2024 03:00:36.470Z;functions.bot_text_art;   |__|   |_|  |  _  \  / ___|   | |      |_   _| / ___| | |/ /
14-07-2024 03:00:36.470Z;functions.bot_text_art;   |_|_/\_|_|  | |  | | | |      | |        | |   | |    | ' / 
14-07-2024 03:00:36.470Z;functions.bot_text_art;   | | __ | |  | |  | | | |      | |        | |   | |    |  <  
14-07-2024 03:00:36.470Z;functions.bot_text_art;   |_|[  ]|_|  | |__| | | |____  | |____   _| |_  | |__  | . \ 
14-07-2024 03:00:36.626Z;functions.bot_text_art;   \_|_||_|_/  |_____/   \_____| |______| |_____| \ ___| |_|\_\
14-07-2024 03:00:36.626Z;functions.bot_text_art;     |_||_|                                                     
14-07-2024 03:00:36.626Z;functions.bot_text_art;     | ||_|_   
14-07-2024 03:00:36.627Z;functions.bot_text_art;   |___||___|  
14-07-2024 03:00:36.627Z;functions.bot_text_art;               
14-07-2024 03:00:36.641Z;functions.open_RM;  OPEN PROGRAM RM
14-07-2024 03:00:55.953Z;functions.loggin_RM;  ENTRAR USER_NAME
14-07-2024 03:00:59.676Z;functions.loggin_RM;  ENTRAR PASSWORD
14-07-2024 03:01:01.109Z;functions.loggin_RM;  ENTRAR RM
14-07-2024 03:01:48.151Z;functions.loggin_RM;  FILTRO ENCONTRADO
14-07-2024 03:02:26.078Z;functions.loggin_RM;  FILTRO 2 NÃO ENCONTRADO DE INICIO
14-07-2024 03:05:29.219Z;functions.loggin_RM;  FILTRO NÃO ENCONTRADO
14-07-2024 03:06:14.422Z;functions.loggin_RM;  FILTRO 2 NÃO ENCONTRADO DE INICIO
14-07-2024 03:09:17.140Z;functions.loggin_RM;  FILTRO NÃO ENCONTRADO
14-07-2024 03:09:49.359Z;functions.loggin_RM;  FILTRO 2 NÃO ENCONTRADO DE INICIO
14-07-2024 03:09:49.359Z;functions.enter_coligada;  AGUARDANDO 1
14-07-2024 03:09:50.515Z;functions.enter_coligada;  CLICK CONTEXTO
14-07-2024 03:09:53.110Z;functions.enter_coligada;  CLICK ALTERAR MODULO DO CONTEXTO
14-07-2024 03:09:56.656Z;functions.enter_coligada;  INSERE O COLIGADA CODE = 1
14-07-2024 03:09:56.760Z;functions.enter_coligada;  APERTA TAB PARA PREENCHER O CAMPO COM A STRING: OCEANICA ENGENHARIA E CONSULTORIA S.A.
14-07-2024 03:09:58.859Z;functions.enter_coligada;  CLICK AVANÇAR NOVAMENTE
14-07-2024 03:10:00.203Z;functions.enter_coligada;  CLICK CONCLUIR
14-07-2024 03:10:20.328Z;functions.waitForImage;  TROCA COLIGADA image not found.
14-07-2024 03:11:00.625Z;functions.enter_coligada;  POP UP COLIGADA DESAPARECER
14-07-2024 03:11:01.609Z;functions.check_movimentacao_bancaria;  CLICK - TOTVS - LINHA RM
14-07-2024 03:11:03.672Z;functions.check_movimentacao_bancaria;  CLICK - BACK OFFICE
14-07-2024 03:11:06.453Z;functions.check_movimentacao_bancaria;  CLICK - GESTAO FINANCEIRA
14-07-2024 03:11:06.453Z;functions.obter_intervalo_data;  VERIFICANDO A HORA ATUAL 3
14-07-2024 03:11:06.478Z;functions.obter_intervalo_data;  Data Inicial FERIAS/RESCISAO antes da remoção: None
14-07-2024 03:11:06.479Z;functions.obter_intervalo_data;  Data Final FERIAS/RESCISAO antes da remoção: None
14-07-2024 03:11:06.485Z;functions.obter_intervalo_data;  Data Inicial FERIAS/RESCISAO após a remoção: None
14-07-2024 03:11:06.485Z;functions.obter_intervalo_data;  Data Final FERIAS/RESCISAO após a remoção: None
14-07-2024 03:11:06.485Z;functions.obter_intervalo_data;  hoje -  2024-07-14 03:11:06.485015
14-07-2024 03:11:06.485Z;functions.check_movimentacao_bancaria;  DATA INICIO 17-07-2024
14-07-2024 03:11:06.485Z;functions.check_movimentacao_bancaria;  DATA FIM 23-07-2024
14-07-2024 03:11:06.485Z;functions.movimentacao_bancaria;  AGUARDANDO 1
14-07-2024 03:11:12.453Z;functions.movimentacao_bancaria;  CLICK NA ABA MOVIMENTAÇÃO BANCARIA
14-07-2024 03:11:14.657Z;functions.waitForImage;  IMAGEM BORDERO image found.
14-07-2024 03:11:16.777Z;functions.movimentacao_bancaria;  IMAGEM BORDERO CLICADA.
14-07-2024 03:11:27.328Z;functions.waitForImage;  LICENCAS EXCEDIDAS image not found.
14-07-2024 03:11:28.047Z;functions.movimentacao_bancaria;  ENCONTROU O FILTRO DA MOVIMENTAÇÃO BANCÁRIA
14-07-2024 03:11:28.109Z;functions.movimentacao_bancaria;  CLICA NA ABA SUPERIOR DO FILTRO
14-07-2024 03:11:32.320Z;functions.movimentacao_bancaria;  SELECIONA O FILTRO HOJE
14-07-2024 03:11:47.500Z;functions.waitForImage;  FILTER CLEAN image not found.
14-07-2024 03:12:02.734Z;functions.waitForImage;  FILTER CLEAN image not found.
14-07-2024 03:12:17.781Z;functions.waitForImage;  FILTER CLEAN image not found.
14-07-2024 03:12:35.522Z;functions.movimentacao_bancaria;  SEM PROCESSAMENTO DE BORDERO
14-07-2024 03:12:56.156Z;functions.waitForImage;  FILTER CLEAN image not found.
14-07-2024 03:13:11.437Z;functions.waitForImage;  FILTER CLEAN image not found.
14-07-2024 03:13:26.594Z;functions.waitForImage;  FILTER CLEAN image not found.
14-07-2024 03:13:57.969Z;functions.remessa_pagamento;  SEM REMESSA DE BORDERO AUTORIZADO
14-07-2024 03:13:58.985Z;functions.enter_contas_a_pagar;  CLICK - TOTVS - LINHA RM
14-07-2024 03:14:00.828Z;functions.enter_contas_a_pagar;  CLICK - BACK OFFICE
14-07-2024 03:14:03.578Z;functions.enter_contas_a_pagar;  CLICK - GESTAO FINANCEIRA
14-07-2024 03:14:09.297Z;functions.enter_contas_a_pagar;  CLICK - CONTAS A PAGAR
14-07-2024 03:14:10.156Z;functions.waitForImage;  LANÇAMENTOS image found.
14-07-2024 03:14:12.273Z;functions.enter_contas_a_pagar;  CLICA EM LANÇAMENTOS
14-07-2024 03:14:27.766Z;functions.waitForImage;  LICENCAS EXCEDIDAS image not found.
14-07-2024 03:14:27.766Z;functions.data_filter;  CLICK - SELECIONA A DATA DE QUARTA FEIRA E DA PROXIMA TERÇA
14-07-2024 03:14:27.766Z;functions.data_filter;  QUARTA-FEIRA: 17-07-2024
14-07-2024 03:14:27.766Z;functions.data_filter;  TERCA-FEIRA: 23-07-2024
14-07-2024 03:14:49.203Z;functions.data_filter;  CLICK - BUTÃO DE SELECAO DE FILTRO
14-07-2024 03:14:54.031Z;functions.data_filter;  INSERE - DATA DE QUARTA-FEIRA: 17-07-2024
14-07-2024 03:14:58.406Z;functions.data_filter;  INSERE - DATA DA PROX TERCA-FEIRA: 23-07-2024
14-07-2024 03:14:59.516Z;functions.data_filter;  CLICK - BUTÃO DE EXECUTAR O FILTRO
14-07-2024 03:15:04.520Z;functions.desmark_filter;  AGUARDANDO 1
14-07-2024 03:15:06.768Z;functions.desmark_filter;  CLICK CHECKBOX LANÇAMENTOS A RECEBER
14-07-2024 03:15:09.007Z;functions.desmark_filter;  CLICK CHECKBOX LANÇAMENTOS BAIXADOS
14-07-2024 03:15:11.484Z;functions.desmark_filter;  CLICK CHECKBOX LANÇAMENTOS CANCELADOS
14-07-2024 03:15:14.203Z;functions.desmark_filter;  CLICK CHECKBOX LANÇAMENTOS FATURADOS
14-07-2024 03:15:17.047Z;functions.desmark_filter;  ATUALIZA O FILTRO
14-07-2024 03:15:32.094Z;functions.waitForImage;  FILTER CLEAN image not found.
14-07-2024 03:15:47.250Z;functions.waitForImage;  FILTER CLEAN image not found.
14-07-2024 03:16:02.313Z;functions.waitForImage;  FILTER CLEAN image not found.
14-07-2024 03:16:05.438Z;functions.tabela_vazia;  Texto extraido 0/0
14-07-2024 03:16:05.438Z;functions.tabela_vazia;  Count 0
14-07-2024 03:16:05.438Z;functions.tabela_vazia;  Type <class 'int'>
14-07-2024 03:16:07.449Z;functions.tabela_vazia;  SEM REMESSA DE FÉRIAS/RESCISÃO
14-07-2024 03:16:09.450Z;main.<module>;  SEM REMESSA DE FÉRIAS/RESCISÃO
14-07-2024 03:16:12.140Z;errorhandler.__handle;  Property: Unknown Property name. [1:203: -ms-interpolation-mode]
14-07-2024 03:16:12.188Z;errorhandler.__handle;  Property: Unknown Property name. [1:353: -webkit-font-smoothing]
14-07-2024 03:16:12.188Z;errorhandler.__handle;  Property: Unknown Property name. [1:483: -ms-text-size-adjust]
14-07-2024 03:16:12.188Z;errorhandler.__handle;  Property: Unknown Property name. [1:518: -webkit-text-size-adjust]
14-07-2024 03:16:12.203Z;errorhandler.__handle;  Property: Unknown Property name. [1:612: mso-table-lspace]
14-07-2024 03:16:12.203Z;errorhandler.__handle;  Property: Unknown Property name. [1:642: mso-table-rspace]
14-07-2024 03:16:12.438Z;errorhandler.__handle;  Property: Unknown Property name. [1:4734: mso-hide]
14-07-2024 03:16:12.531Z;errorhandler.__handle;  Property: Unknown Property name. [1:13: -ms-interpolation-mode]
14-07-2024 03:16:12.547Z;errorhandler.__handle;  Property: Unknown Property name. [1:49: -webkit-font-smoothing]
14-07-2024 03:16:12.547Z;errorhandler.__handle;  Property: Unknown Property name. [1:134: -ms-text-size-adjust]
14-07-2024 03:16:12.547Z;errorhandler.__handle;  Property: Unknown Property name. [1:160: -webkit-text-size-adjust]
14-07-2024 03:16:12.547Z;errorhandler.__handle;  Property: Unknown Property name. [1:26: mso-table-lspace]
14-07-2024 03:16:12.547Z;errorhandler.__handle;  Property: Unknown Property name. [1:45: mso-table-rspace]
14-07-2024 03:16:12.594Z;errorhandler.__handle;  Property: Unknown Property name. [1:92: mso-hide]
14-07-2024 03:16:12.594Z;errorhandler.__handle;  Property: No ":" after name found: align-center [1:1: align-center]
14-07-2024 03:16:12.594Z;errorhandler.__handle;  Property: No property value found: align-center [1:1: align-center]
14-07-2024 03:16:12.594Z;errorhandler.__handle;  CSSStyleDeclaration: Syntax Error in Property: align-center
14-07-2024 03:16:12.609Z;errorhandler.__handle;  Property: Unknown Property name. [1:14: -ms-interpolation-mode]
14-07-2024 03:16:15.219Z;functions.emailFinalizado;  Finalizado e-mail sent.
14-07-2024 03:16:15.688Z;functions.encerra_prog;  RM ENCERRADO
