14-08-2024 23:00:53.668Z;functions.bot_text_art;      ____   
14-08-2024 23:00:53.669Z;functions.bot_text_art;     [____]    
14-08-2024 23:00:53.669Z;functions.bot_text_art;   |=]()()[=|  
14-08-2024 23:00:53.669Z;functions.bot_text_art;     _\==/__    _____    ____     _        _____    ___   _  __
14-08-2024 23:00:53.669Z;functions.bot_text_art;   |__|   |_|  |  _  \  / ___|   | |      |_   _| / ___| | |/ /
14-08-2024 23:00:53.669Z;functions.bot_text_art;   |_|_/\_|_|  | |  | | | |      | |        | |   | |    | ' / 
14-08-2024 23:00:53.669Z;functions.bot_text_art;   | | __ | |  | |  | | | |      | |        | |   | |    |  <  
14-08-2024 23:00:53.669Z;functions.bot_text_art;   |_|[  ]|_|  | |__| | | |____  | |____   _| |_  | |__  | . \ 
14-08-2024 23:00:54.003Z;functions.bot_text_art;   \_|_||_|_/  |_____/   \_____| |______| |_____| \ ___| |_|\_\
14-08-2024 23:00:54.003Z;functions.bot_text_art;     |_||_|                                                     
14-08-2024 23:00:54.003Z;functions.bot_text_art;     | ||_|_   
14-08-2024 23:00:54.003Z;functions.bot_text_art;   |___||___|  
14-08-2024 23:00:54.003Z;functions.bot_text_art;               
14-08-2024 23:00:54.003Z;functions.open_RM;  OPEN PROGRAM RM
14-08-2024 23:01:08.627Z;functions.loggin_RM;  ENTRAR USER_NAME
14-08-2024 23:01:11.818Z;functions.loggin_RM;  ENTRAR PASSWORD
14-08-2024 23:01:12.862Z;functions.loggin_RM;  ENTRAR RM
14-08-2024 23:04:32.503Z;functions.enter_coligada;  AGUARDANDO 1
14-08-2024 23:04:33.362Z;functions.enter_coligada;  CLICK CONTEXTO
14-08-2024 23:04:35.081Z;functions.enter_coligada;  CLICK ALTERAR MODULO DO CONTEXTO
14-08-2024 23:04:37.909Z;functions.enter_coligada;  INSERE O COLIGADA CODE = 1
14-08-2024 23:04:38.011Z;functions.enter_coligada;  APERTA TAB PARA PREENCHER O CAMPO COM A STRING: OCEANICA ENGENHARIA E CONSULTORIA S.A.
14-08-2024 23:04:39.299Z;functions.enter_coligada;  CLICK AVANÇAR NOVAMENTE
14-08-2024 23:04:40.299Z;functions.enter_coligada;  CLICK CONCLUIR
14-08-2024 23:05:00.424Z;functions.waitForImage;  TROCA COLIGADA image not found.
14-08-2024 23:05:08.706Z;functions.enter_coligada;  POP UP COLIGADA DESAPARECER
14-08-2024 23:05:09.487Z;functions.check_movimentacao_bancaria;  CLICK - TOTVS - LINHA RM
14-08-2024 23:05:10.799Z;functions.check_movimentacao_bancaria;  CLICK - BACK OFFICE
14-08-2024 23:05:13.268Z;functions.check_movimentacao_bancaria;  CLICK - GESTAO FINANCEIRA
14-08-2024 23:05:13.268Z;functions.obter_intervalo_data;  VERIFICANDO A HORA ATUAL 23
14-08-2024 23:05:13.286Z;functions.obter_intervalo_data;  Data Inicial FERIAS/RESCISAO antes da remoção: None
14-08-2024 23:05:13.287Z;functions.obter_intervalo_data;  Data Final FERIAS/RESCISAO antes da remoção: None
14-08-2024 23:05:13.290Z;functions.obter_intervalo_data;  Data Inicial FERIAS/RESCISAO após a remoção: None
14-08-2024 23:05:13.290Z;functions.obter_intervalo_data;  Data Final FERIAS/RESCISAO após a remoção: None
14-08-2024 23:05:13.290Z;functions.obter_intervalo_data;  hoje -  2024-08-14 23:05:13.290412
14-08-2024 23:05:13.290Z;functions.check_movimentacao_bancaria;  DATA INICIO 21-08-2024
14-08-2024 23:05:13.290Z;functions.check_movimentacao_bancaria;  DATA FIM 27-08-2024
14-08-2024 23:05:13.290Z;functions.movimentacao_bancaria;  AGUARDANDO 1
14-08-2024 23:05:17.956Z;functions.movimentacao_bancaria;  CLICK NA ABA MOVIMENTAÇÃO BANCARIA
14-08-2024 23:05:20.050Z;functions.waitForImage;  IMAGEM BORDERO image found.
14-08-2024 23:05:22.183Z;functions.movimentacao_bancaria;  IMAGEM BORDERO CLICADA.
14-08-2024 23:05:32.362Z;functions.waitForImage;  LICENCAS EXCEDIDAS image not found.
14-08-2024 23:05:33.003Z;functions.movimentacao_bancaria;  ENCONTROU O FILTRO DA MOVIMENTAÇÃO BANCÁRIA
14-08-2024 23:05:33.049Z;functions.movimentacao_bancaria;  CLICA NA ABA SUPERIOR DO FILTRO
14-08-2024 23:05:37.258Z;functions.movimentacao_bancaria;  SELECIONA O FILTRO HOJE
14-08-2024 23:05:39.670Z;functions.waitForImage;  FILTER CLEAN image found.
14-08-2024 23:05:41.776Z;functions.filter_clean;  CLICK NO BOTÃO X DO LIMPA FILTRO
14-08-2024 23:05:57.018Z;functions.waitForImage;  FILTER CLEAN image not found.
14-08-2024 23:06:12.253Z;functions.waitForImage;  FILTER CLEAN image not found.
14-08-2024 23:06:15.393Z;functions.movimentacao_bancaria;  CLICK NA PRIMEIRA LINHA DA TABELA MOVIMENTAÇÃO BANCÁRIA
14-08-2024 23:06:16.610Z;functions.movimentacao_bancaria;  12 PASSOS PARA DIREITA NA TABELA >>
14-08-2024 23:06:18.237Z;functions.movimentacao_bancaria;  HOVER FILTER
14-08-2024 23:06:18.636Z;functions.movimentacao_bancaria;  CLICK FILTER
14-08-2024 23:06:22.947Z;functions.movimentacao_bancaria;  CLICK NO FILTRO  STATUS DA REMESSA
14-08-2024 23:06:25.048Z;functions.movimentacao_bancaria;  APERTA TAB PARA ESCREVER O FILTRO
14-08-2024 23:06:27.154Z;functions.movimentacao_bancaria;  ESCREVE PENDENTE NO FILTRO
14-08-2024 23:06:29.256Z;functions.movimentacao_bancaria;  APERTA ENTER PARA SELECIONAR OS PENDENTES
14-08-2024 23:06:48.457Z;functions.movimentacao_bancaria;  SEM PROCESSAMENTO DE BORDERO PENDENTE.
14-08-2024 23:06:53.534Z;functions.waitForImage;  FILTER CLEAN image found.
14-08-2024 23:06:55.651Z;functions.filter_clean;  CLICK NO BOTÃO X DO LIMPA FILTRO
14-08-2024 23:07:10.721Z;functions.waitForImage;  FILTER CLEAN image not found.
14-08-2024 23:07:25.846Z;functions.waitForImage;  FILTER CLEAN image not found.
14-08-2024 23:07:27.018Z;functions.remessa_pagamento;  CLICK NA PRIMEIRA LINHA DA TABELA MOVIMENTAÇÃO BANCÁRIA
14-08-2024 23:07:28.675Z;functions.remessa_pagamento;  HOVER FILTER
14-08-2024 23:07:29.079Z;functions.remessa_pagamento;  CLICK FILTER
14-08-2024 23:07:33.394Z;functions.remessa_pagamento;  CLICK NO FILTRO  STATUS DA REMESSA
14-08-2024 23:07:35.496Z;functions.remessa_pagamento;  APERTA TAB PARA ESCREVER O FILTRO
14-08-2024 23:07:37.604Z;functions.remessa_pagamento;  ESCREVE AUTORIZADO NO FILTRO
14-08-2024 23:07:39.706Z;functions.remessa_pagamento;  APERTA ENTER PARA SELECIONAR OS AUTORIZADO
14-08-2024 23:07:58.987Z;functions.remessa_pagamento;  SEM REMESSA DE BORDERO AUTORIZADO
14-08-2024 23:07:59.770Z;functions.enter_contas_a_pagar;  CLICK - TOTVS - LINHA RM
14-08-2024 23:08:01.143Z;functions.enter_contas_a_pagar;  CLICK - BACK OFFICE
14-08-2024 23:08:01.925Z;functions.enter_contas_a_pagar;  CLICK - GESTAO FINANCEIRA
14-08-2024 23:08:09.268Z;functions.enter_contas_a_pagar;  CLICK - CONTAS A PAGAR
14-08-2024 23:08:09.347Z;functions.waitForImage;  LANÇAMENTOS image found.
14-08-2024 23:08:11.464Z;functions.enter_contas_a_pagar;  CLICA EM LANÇAMENTOS
14-08-2024 23:08:26.628Z;functions.waitForImage;  LICENCAS EXCEDIDAS image not found.
14-08-2024 23:08:26.628Z;functions.data_filter;  CLICK - SELECIONA A DATA DE QUARTA FEIRA E DA PROXIMA TERÇA
14-08-2024 23:08:26.628Z;functions.data_filter;  QUARTA-FEIRA: 21-08-2024
14-08-2024 23:08:26.628Z;functions.data_filter;  TERCA-FEIRA: 27-08-2024
14-08-2024 23:08:46.605Z;functions.data_filter;  FILTRO - REMESSA FERIAS/RESCISAO
14-08-2024 23:08:47.362Z;functions.data_filter;  CLICK - BUTÃO DE SELECAO DE FILTRO
14-08-2024 23:08:51.456Z;functions.data_filter;  INSERE - DATA DE QUARTA-FEIRA: 21-08-2024
14-08-2024 23:08:55.347Z;functions.data_filter;  INSERE - DATA DA PROX TERCA-FEIRA: 27-08-2024
14-08-2024 23:08:56.206Z;functions.data_filter;  CLICK - BUTÃO DE EXECUTAR O FILTRO
14-08-2024 23:09:01.208Z;functions.desmark_filter;  AGUARDANDO 1
14-08-2024 23:09:02.768Z;functions.desmark_filter;  CLICK CHECKBOX LANÇAMENTOS A RECEBER
14-08-2024 23:09:04.359Z;functions.desmark_filter;  CLICK CHECKBOX LANÇAMENTOS BAIXADOS
14-08-2024 23:09:05.886Z;functions.desmark_filter;  CLICK CHECKBOX LANÇAMENTOS CANCELADOS
14-08-2024 23:09:07.519Z;functions.desmark_filter;  CLICK CHECKBOX LANÇAMENTOS FATURADOS
14-08-2024 23:09:09.043Z;functions.desmark_filter;  ATUALIZA O FILTRO
14-08-2024 23:09:09.112Z;functions.waitForImage;  FILTER CLEAN image found.
14-08-2024 23:09:11.218Z;functions.filter_clean;  CLICK NO BOTÃO X DO LIMPA FILTRO
14-08-2024 23:09:26.409Z;functions.waitForImage;  FILTER CLEAN image not found.
14-08-2024 23:09:41.503Z;functions.waitForImage;  FILTER CLEAN image not found.
14-08-2024 23:09:43.300Z;functions.tabela_vazia;  Texto extraido 0/0
14-08-2024 23:09:43.300Z;functions.tabela_vazia;  Count 0
14-08-2024 23:09:43.300Z;functions.tabela_vazia;  Type <class 'int'>
14-08-2024 23:09:45.305Z;functions.tabela_vazia;  SEM REMESSA DE FÉRIAS/RESCISÃO
14-08-2024 23:09:47.306Z;main.<module>;  SEM REMESSA DE FÉRIAS/RESCISÃO
14-08-2024 23:09:49.040Z;errorhandler.__handle;  Property: Unknown Property name. [1:203: -ms-interpolation-mode]
14-08-2024 23:09:49.056Z;errorhandler.__handle;  Property: Unknown Property name. [1:353: -webkit-font-smoothing]
14-08-2024 23:09:49.056Z;errorhandler.__handle;  Property: Unknown Property name. [1:483: -ms-text-size-adjust]
14-08-2024 23:09:49.056Z;errorhandler.__handle;  Property: Unknown Property name. [1:518: -webkit-text-size-adjust]
14-08-2024 23:09:49.056Z;errorhandler.__handle;  Property: Unknown Property name. [1:612: mso-table-lspace]
14-08-2024 23:09:49.056Z;errorhandler.__handle;  Property: Unknown Property name. [1:642: mso-table-rspace]
14-08-2024 23:09:49.103Z;errorhandler.__handle;  Property: Unknown Property name. [1:4734: mso-hide]
14-08-2024 23:09:49.134Z;errorhandler.__handle;  Property: Unknown Property name. [1:13: -ms-interpolation-mode]
14-08-2024 23:09:49.134Z;errorhandler.__handle;  Property: Unknown Property name. [1:49: -webkit-font-smoothing]
14-08-2024 23:09:49.134Z;errorhandler.__handle;  Property: Unknown Property name. [1:134: -ms-text-size-adjust]
14-08-2024 23:09:49.134Z;errorhandler.__handle;  Property: Unknown Property name. [1:160: -webkit-text-size-adjust]
14-08-2024 23:09:49.134Z;errorhandler.__handle;  Property: Unknown Property name. [1:26: mso-table-lspace]
14-08-2024 23:09:49.134Z;errorhandler.__handle;  Property: Unknown Property name. [1:45: mso-table-rspace]
14-08-2024 23:09:49.134Z;errorhandler.__handle;  Property: Unknown Property name. [1:92: mso-hide]
14-08-2024 23:09:49.150Z;errorhandler.__handle;  Property: No ":" after name found: align-center [1:1: align-center]
14-08-2024 23:09:49.150Z;errorhandler.__handle;  Property: No property value found: align-center [1:1: align-center]
14-08-2024 23:09:49.150Z;errorhandler.__handle;  CSSStyleDeclaration: Syntax Error in Property: align-center
14-08-2024 23:09:49.150Z;errorhandler.__handle;  Property: Unknown Property name. [1:14: -ms-interpolation-mode]
14-08-2024 23:09:51.722Z;functions.emailFinalizado;  Finalizado e-mail sent.
14-08-2024 23:09:51.862Z;functions.encerra_prog;  RM ENCERRADO
