02-05-2024 06:00:19.147Z;functions.bot_text_art;      ____   
02-05-2024 06:00:19.147Z;functions.bot_text_art;     [____]    
02-05-2024 06:00:19.147Z;functions.bot_text_art;   |=]()()[=|  
02-05-2024 06:00:19.147Z;functions.bot_text_art;     _\==/__    _____    ____     _        _____    ___   _  __
02-05-2024 06:00:19.163Z;functions.bot_text_art;   |__|   |_|  |  _  \  / ___|   | |      |_   _| / ___| | |/ /
02-05-2024 06:00:19.163Z;functions.bot_text_art;   |_|_/\_|_|  | |  | | | |      | |        | |   | |    | ' / 
02-05-2024 06:00:19.163Z;functions.bot_text_art;   | | __ | |  | |  | | | |      | |        | |   | |    |  <  
02-05-2024 06:00:19.163Z;functions.bot_text_art;   |_|[  ]|_|  | |__| | | |____  | |____   _| |_  | |__  | . \ 
02-05-2024 06:00:19.163Z;functions.bot_text_art;   \_|_||_|_/  |_____/   \_____| |______| |_____| \ ___| |_|\_\
02-05-2024 06:00:19.163Z;functions.bot_text_art;     |_||_|                                                     
02-05-2024 06:00:19.163Z;functions.bot_text_art;     | ||_|_   
02-05-2024 06:00:19.163Z;functions.bot_text_art;   |___||___|  
02-05-2024 06:00:19.163Z;functions.bot_text_art;               
02-05-2024 06:00:19.397Z;functions.open_RM;  OPEN PROGRAM RM
02-05-2024 06:00:30.366Z;functions.loggin_RM;  ENTRAR USER_NAME
02-05-2024 06:00:33.211Z;functions.loggin_RM;  ENTRAR PASSWORD
02-05-2024 06:00:33.866Z;functions.loggin_RM;  ENTRAR RM
02-05-2024 06:00:59.447Z;functions.enter_coligada;  CLICK CONTEXTO
02-05-2024 06:01:03.292Z;functions.enter_coligada;  CLICK ALTERAR MODULO DO CONTEXTO
02-05-2024 06:01:05.539Z;functions.enter_coligada;  INSERE O COLIGADA CODE = 1
02-05-2024 06:01:05.640Z;functions.enter_coligada;  APERTA TAB PARA PREENCHER O CAMPO COM A STRING: OCEANICA ENGENHARIA E CONSULTORIA S.A.
02-05-2024 06:01:06.710Z;functions.enter_coligada;  CLICK AVANÇAR NOVAMENTE
02-05-2024 06:01:07.520Z;functions.enter_coligada;  CLICK CONCLUIR
02-05-2024 06:01:17.116Z;functions.enter_coligada;  POP UP COLIGADA DESAPARECER
02-05-2024 06:01:17.726Z;functions.check_movimentacao_bancaria;  CLICK - TOTVS - LINHA RM
02-05-2024 06:01:18.773Z;functions.check_movimentacao_bancaria;  CLICK - BACK OFFICE
02-05-2024 06:01:21.070Z;functions.check_movimentacao_bancaria;  CLICK - GESTAO FINANCEIRA
02-05-2024 06:01:23.400Z;functions.movimentacao_bancaria;  CLICK NA ABA MOVIMENTAÇÃO BANCARIA
02-05-2024 06:01:25.511Z;functions.waitForImage;  IMAGEM BORDERO image found.
02-05-2024 06:01:27.631Z;functions.movimentacao_bancaria;  IMAGEM BORDERO CLICADA.
02-05-2024 06:01:37.987Z;functions.waitForImage;  LICENCAS EXCEDIDAS image not found.
02-05-2024 06:01:38.547Z;functions.movimentacao_bancaria;  ENCONTROU O FILTRO DA MOVIMENTAÇÃO BANCÁRIA
02-05-2024 06:01:38.562Z;functions.movimentacao_bancaria;  CLICA NA ABA SUPERIOR DO FILTRO
02-05-2024 06:01:42.766Z;functions.movimentacao_bancaria;  SELECIONA O FILTRO HOJE
02-05-2024 06:01:44.711Z;functions.waitForImage;  FILTER CLEAN image found.
02-05-2024 06:01:46.828Z;functions.filter_clean;  CLICK NO BOTÃO X DO LIMPA FILTRO
02-05-2024 06:02:02.372Z;functions.waitForImage;  FILTER CLEAN image not found.
02-05-2024 06:02:17.926Z;functions.waitForImage;  FILTER CLEAN image not found.
02-05-2024 06:02:20.742Z;functions.movimentacao_bancaria;  CLICK NA PRIMEIRA LINHA DA TABELA MOVIMENTAÇÃO BANCÁRIA
02-05-2024 06:02:21.952Z;functions.movimentacao_bancaria;  12 PASSOS PARA DIREITA NA TABELA >>
02-05-2024 06:02:23.210Z;functions.movimentacao_bancaria;  HOVER FILTER
02-05-2024 06:02:23.537Z;functions.movimentacao_bancaria;  CLICK FILTER
02-05-2024 06:02:27.846Z;functions.movimentacao_bancaria;  CLICK NO FILTRO  STATUS DA REMESSA
02-05-2024 06:02:29.947Z;functions.movimentacao_bancaria;  APERTA TAB PARA ESCREVER O FILTRO
02-05-2024 06:02:32.052Z;functions.movimentacao_bancaria;  ESCREVE PENDENTE NO FILTRO
02-05-2024 06:02:34.154Z;functions.movimentacao_bancaria;  APERTA ENTER PARA SELECIONAR OS PENDENTES
02-05-2024 06:02:52.023Z;functions.movimentacao_bancaria;  SEM PROCESSAMENTO DE BORDERO PENDENTE.
02-05-2024 06:02:57.118Z;functions.waitForImage;  FILTER CLEAN image found.
02-05-2024 06:02:59.238Z;functions.filter_clean;  CLICK NO BOTÃO X DO LIMPA FILTRO
02-05-2024 06:03:14.757Z;functions.waitForImage;  FILTER CLEAN image not found.
02-05-2024 06:03:30.343Z;functions.waitForImage;  FILTER CLEAN image not found.
02-05-2024 06:03:31.139Z;functions.remessa_pagamento;  CLICK NA PRIMEIRA LINHA DA TABELA MOVIMENTAÇÃO BANCÁRIA
02-05-2024 06:03:32.382Z;functions.remessa_pagamento;  HOVER FILTER
02-05-2024 06:03:32.668Z;functions.remessa_pagamento;  CLICK FILTER
02-05-2024 06:03:36.980Z;functions.remessa_pagamento;  CLICK NO FILTRO  STATUS DA REMESSA
02-05-2024 06:03:39.082Z;functions.remessa_pagamento;  APERTA TAB PARA ESCREVER O FILTRO
02-05-2024 06:03:41.189Z;functions.remessa_pagamento;  ESCREVE AUTORIZADO NO FILTRO
02-05-2024 06:03:43.290Z;functions.remessa_pagamento;  APERTA ENTER PARA SELECIONAR OS AUTORIZADO
02-05-2024 06:04:01.257Z;functions.remessa_pagamento;  SEM REMESSA DE BORDERO AUTORIZADO
02-05-2024 06:04:01.851Z;functions.enter_contas_a_pagar;  CLICK - TOTVS - LINHA RM
02-05-2024 06:04:02.804Z;functions.enter_contas_a_pagar;  CLICK - BACK OFFICE
02-05-2024 06:04:03.484Z;functions.enter_contas_a_pagar;  CLICK - GESTAO FINANCEIRA
02-05-2024 06:04:08.321Z;functions.enter_contas_a_pagar;  CLICK - CONTAS A PAGAR
02-05-2024 06:04:08.996Z;functions.waitForImage;  LANÇAMENTOS image found.
02-05-2024 06:04:11.129Z;functions.enter_contas_a_pagar;  CLICA EM LANÇAMENTOS
02-05-2024 06:04:26.417Z;functions.waitForImage;  LICENCAS EXCEDIDAS image not found.
02-05-2024 06:04:26.417Z;functions.obter_intervalo_data;  VERIFICANDO A HORA ATUAL 6
02-05-2024 06:04:26.417Z;functions.obter_intervalo_data;  Data Inicial FERIAS/RESCISAO antes da remoção: None
02-05-2024 06:04:26.417Z;functions.obter_intervalo_data;  Data Final FERIAS/RESCISAO antes da remoção: None
02-05-2024 06:04:26.417Z;functions.obter_intervalo_data;  Data Inicial FERIAS/RESCISAO após a remoção: None
02-05-2024 06:04:26.417Z;functions.obter_intervalo_data;  Data Final FERIAS/RESCISAO após a remoção: None
02-05-2024 06:04:26.417Z;functions.obter_intervalo_data;  hoje -  2024-05-02 06:04:26.417368
02-05-2024 06:04:26.417Z;functions.data_filter;  DATA INICIO 08-05-2024
02-05-2024 06:04:26.417Z;functions.data_filter;  DATA FIM 14-05-2024
02-05-2024 06:04:26.417Z;functions.data_filter;  CLICK - SELECIONA A DATA DE QUARTA FEIRA E DA PROXIMA TERÇA
02-05-2024 06:04:26.417Z;functions.data_filter;  QUARTA-FEIRA: 08-05-2024
02-05-2024 06:04:26.417Z;functions.data_filter;  TERCA-FEIRA: 14-05-2024
02-05-2024 06:04:38.664Z;functions.data_filter;  CLICK - BUTÃO DE SELECAO DE FILTRO
02-05-2024 06:04:42.367Z;functions.data_filter;  INSERE - DATA DE QUARTA-FEIRA: 08-05-2024
02-05-2024 06:04:45.835Z;functions.data_filter;  INSERE - DATA DA PROX TERCA-FEIRA: 14-05-2024
02-05-2024 06:04:46.460Z;functions.data_filter;  CLICK - BUTÃO DE EXECUTAR O FILTRO
02-05-2024 06:04:52.225Z;functions.desmark_filter;  CLICK CHECKBOX LANÇAMENTOS A RECEBER
02-05-2024 06:04:53.039Z;functions.desmark_filter;  CLICK CHECKBOX LANÇAMENTOS BAIXADOS
02-05-2024 06:04:53.867Z;functions.desmark_filter;  CLICK CHECKBOX LANÇAMENTOS CANCELADOS
02-05-2024 06:04:54.727Z;functions.desmark_filter;  CLICK CHECKBOX LANÇAMENTOS FATURADOS
02-05-2024 06:04:55.600Z;functions.desmark_filter;  ATUALIZA O FILTRO
02-05-2024 06:04:55.711Z;functions.waitForImage;  FILTER CLEAN image found.
02-05-2024 06:04:57.843Z;functions.filter_clean;  CLICK NO BOTÃO X DO LIMPA FILTRO
02-05-2024 06:05:13.415Z;functions.waitForImage;  FILTER CLEAN image not found.
02-05-2024 06:05:28.929Z;functions.waitForImage;  FILTER CLEAN image not found.
02-05-2024 06:05:29.866Z;functions.tabela_vazia;  Texto extraido 0/0
02-05-2024 06:05:29.866Z;functions.tabela_vazia;  Count 0
02-05-2024 06:05:29.866Z;functions.tabela_vazia;  Type <class 'int'>
02-05-2024 06:05:31.870Z;functions.tabela_vazia;  SEM REMESSA DE FÉRIAS/RESCISÃO
02-05-2024 06:05:33.871Z;main.<module>;  SEM REMESSA DE FÉRIAS/RESCISÃO
02-05-2024 06:05:36.554Z;errorhandler.__handle;  Property: Unknown Property name. [1:203: -ms-interpolation-mode]
02-05-2024 06:05:36.570Z;errorhandler.__handle;  Property: Unknown Property name. [1:353: -webkit-font-smoothing]
02-05-2024 06:05:36.570Z;errorhandler.__handle;  Property: Unknown Property name. [1:483: -ms-text-size-adjust]
02-05-2024 06:05:36.570Z;errorhandler.__handle;  Property: Unknown Property name. [1:518: -webkit-text-size-adjust]
02-05-2024 06:05:36.570Z;errorhandler.__handle;  Property: Unknown Property name. [1:612: mso-table-lspace]
02-05-2024 06:05:36.570Z;errorhandler.__handle;  Property: Unknown Property name. [1:642: mso-table-rspace]
02-05-2024 06:05:36.617Z;errorhandler.__handle;  Property: Unknown Property name. [1:4734: mso-hide]
02-05-2024 06:05:36.654Z;errorhandler.__handle;  Property: Unknown Property name. [1:13: -ms-interpolation-mode]
02-05-2024 06:05:36.655Z;errorhandler.__handle;  Property: Unknown Property name. [1:49: -webkit-font-smoothing]
02-05-2024 06:05:36.656Z;errorhandler.__handle;  Property: Unknown Property name. [1:134: -ms-text-size-adjust]
02-05-2024 06:05:36.656Z;errorhandler.__handle;  Property: Unknown Property name. [1:160: -webkit-text-size-adjust]
02-05-2024 06:05:36.657Z;errorhandler.__handle;  Property: Unknown Property name. [1:26: mso-table-lspace]
02-05-2024 06:05:36.657Z;errorhandler.__handle;  Property: Unknown Property name. [1:45: mso-table-rspace]
02-05-2024 06:05:36.668Z;errorhandler.__handle;  Property: Unknown Property name. [1:92: mso-hide]
02-05-2024 06:05:36.672Z;errorhandler.__handle;  Property: No ":" after name found: align-center [1:1: align-center]
02-05-2024 06:05:36.672Z;errorhandler.__handle;  Property: No property value found: align-center [1:1: align-center]
02-05-2024 06:05:36.672Z;errorhandler.__handle;  CSSStyleDeclaration: Syntax Error in Property: align-center
02-05-2024 06:05:36.673Z;errorhandler.__handle;  Property: Unknown Property name. [1:14: -ms-interpolation-mode]
02-05-2024 06:05:39.921Z;functions.emailFinalizado;  Finalizado e-mail sent.
02-05-2024 06:05:40.006Z;functions.encerra_prog;  RM ENCERRADO
