02-05-2024 14:00:26.323Z;functions.bot_text_art;      ____   
02-05-2024 14:00:26.323Z;functions.bot_text_art;     [____]    
02-05-2024 14:00:26.323Z;functions.bot_text_art;   |=]()()[=|  
02-05-2024 14:00:26.323Z;functions.bot_text_art;     _\==/__    _____    ____     _        _____    ___   _  __
02-05-2024 14:00:26.323Z;functions.bot_text_art;   |__|   |_|  |  _  \  / ___|   | |      |_   _| / ___| | |/ /
02-05-2024 14:00:26.323Z;functions.bot_text_art;   |_|_/\_|_|  | |  | | | |      | |        | |   | |    | ' / 
02-05-2024 14:00:26.323Z;functions.bot_text_art;   | | __ | |  | |  | | | |      | |        | |   | |    |  <  
02-05-2024 14:00:26.323Z;functions.bot_text_art;   |_|[  ]|_|  | |__| | | |____  | |____   _| |_  | |__  | . \ 
02-05-2024 14:00:26.323Z;functions.bot_text_art;   \_|_||_|_/  |_____/   \_____| |______| |_____| \ ___| |_|\_\
02-05-2024 14:00:26.323Z;functions.bot_text_art;     |_||_|                                                     
02-05-2024 14:00:26.323Z;functions.bot_text_art;     | ||_|_   
02-05-2024 14:00:26.323Z;functions.bot_text_art;   |___||___|  
02-05-2024 14:00:26.323Z;functions.bot_text_art;               
02-05-2024 14:00:26.557Z;functions.open_RM;  OPEN PROGRAM RM
02-05-2024 14:00:37.742Z;functions.loggin_RM;  ENTRAR USER_NAME
02-05-2024 14:00:40.574Z;functions.loggin_RM;  ENTRAR PASSWORD
02-05-2024 14:00:41.261Z;functions.loggin_RM;  ENTRAR RM
02-05-2024 14:01:10.659Z;functions.enter_coligada;  CLICK CONTEXTO
02-05-2024 14:01:14.607Z;functions.enter_coligada;  CLICK ALTERAR MODULO DO CONTEXTO
02-05-2024 14:01:16.909Z;functions.enter_coligada;  INSERE O COLIGADA CODE = 1
02-05-2024 14:01:17.010Z;functions.enter_coligada;  APERTA TAB PARA PREENCHER O CAMPO COM A STRING: OCEANICA ENGENHARIA E CONSULTORIA S.A.
02-05-2024 14:01:18.151Z;functions.enter_coligada;  CLICK AVANÇAR NOVAMENTE
02-05-2024 14:01:18.948Z;functions.enter_coligada;  CLICK CONCLUIR
02-05-2024 14:01:29.011Z;functions.enter_coligada;  POP UP COLIGADA DESAPARECER
02-05-2024 14:01:29.636Z;functions.check_movimentacao_bancaria;  CLICK - TOTVS - LINHA RM
02-05-2024 14:01:30.683Z;functions.check_movimentacao_bancaria;  CLICK - BACK OFFICE
02-05-2024 14:01:32.979Z;functions.check_movimentacao_bancaria;  CLICK - GESTAO FINANCEIRA
02-05-2024 14:01:37.871Z;functions.movimentacao_bancaria;  CLICK NA ABA MOVIMENTAÇÃO BANCARIA
02-05-2024 14:01:39.994Z;functions.waitForImage;  IMAGEM BORDERO image found.
02-05-2024 14:01:42.112Z;functions.movimentacao_bancaria;  IMAGEM BORDERO CLICADA.
02-05-2024 14:01:52.529Z;functions.waitForImage;  LICENCAS EXCEDIDAS image not found.
02-05-2024 14:01:53.089Z;functions.movimentacao_bancaria;  ENCONTROU O FILTRO DA MOVIMENTAÇÃO BANCÁRIA
02-05-2024 14:01:53.105Z;functions.movimentacao_bancaria;  CLICA NA ABA SUPERIOR DO FILTRO
02-05-2024 14:01:57.309Z;functions.movimentacao_bancaria;  SELECIONA O FILTRO HOJE
02-05-2024 14:01:59.233Z;functions.waitForImage;  FILTER CLEAN image found.
02-05-2024 14:02:01.353Z;functions.filter_clean;  CLICK NO BOTÃO X DO LIMPA FILTRO
02-05-2024 14:02:16.434Z;functions.waitForImage;  FILTER CLEAN image not found.
02-05-2024 14:02:31.478Z;functions.waitForImage;  FILTER CLEAN image not found.
02-05-2024 14:02:34.277Z;functions.movimentacao_bancaria;  CLICK NA PRIMEIRA LINHA DA TABELA MOVIMENTAÇÃO BANCÁRIA
02-05-2024 14:02:35.489Z;functions.movimentacao_bancaria;  12 PASSOS PARA DIREITA NA TABELA >>
02-05-2024 14:02:36.745Z;functions.movimentacao_bancaria;  HOVER FILTER
02-05-2024 14:02:37.109Z;functions.movimentacao_bancaria;  CLICK FILTER
02-05-2024 14:02:41.418Z;functions.movimentacao_bancaria;  CLICK NO FILTRO  STATUS DA REMESSA
02-05-2024 14:02:43.520Z;functions.movimentacao_bancaria;  APERTA TAB PARA ESCREVER O FILTRO
02-05-2024 14:02:45.625Z;functions.movimentacao_bancaria;  ESCREVE PENDENTE NO FILTRO
02-05-2024 14:02:47.726Z;functions.movimentacao_bancaria;  APERTA ENTER PARA SELECIONAR OS PENDENTES
02-05-2024 14:03:05.715Z;functions.movimentacao_bancaria;  SEM PROCESSAMENTO DE BORDERO PENDENTE.
02-05-2024 14:03:10.808Z;functions.waitForImage;  FILTER CLEAN image found.
02-05-2024 14:03:12.930Z;functions.filter_clean;  CLICK NO BOTÃO X DO LIMPA FILTRO
02-05-2024 14:03:27.962Z;functions.waitForImage;  FILTER CLEAN image not found.
02-05-2024 14:03:43.050Z;functions.waitForImage;  FILTER CLEAN image not found.
02-05-2024 14:03:43.855Z;functions.remessa_pagamento;  CLICK NA PRIMEIRA LINHA DA TABELA MOVIMENTAÇÃO BANCÁRIA
02-05-2024 14:03:45.111Z;functions.remessa_pagamento;  HOVER FILTER
02-05-2024 14:03:45.399Z;functions.remessa_pagamento;  CLICK FILTER
02-05-2024 14:03:49.711Z;functions.remessa_pagamento;  CLICK NO FILTRO  STATUS DA REMESSA
02-05-2024 14:03:51.812Z;functions.remessa_pagamento;  APERTA TAB PARA ESCREVER O FILTRO
02-05-2024 14:03:53.919Z;functions.remessa_pagamento;  ESCREVE AUTORIZADO NO FILTRO
02-05-2024 14:03:56.020Z;functions.remessa_pagamento;  APERTA ENTER PARA SELECIONAR OS AUTORIZADO
02-05-2024 14:04:13.980Z;functions.remessa_pagamento;  SEM REMESSA DE BORDERO AUTORIZADO
02-05-2024 14:04:14.589Z;functions.enter_contas_a_pagar;  CLICK - TOTVS - LINHA RM
02-05-2024 14:04:15.558Z;functions.enter_contas_a_pagar;  CLICK - BACK OFFICE
02-05-2024 14:04:16.245Z;functions.enter_contas_a_pagar;  CLICK - GESTAO FINANCEIRA
02-05-2024 14:04:21.487Z;functions.enter_contas_a_pagar;  CLICK - CONTAS A PAGAR
02-05-2024 14:04:21.576Z;functions.waitForImage;  LANÇAMENTOS image found.
02-05-2024 14:04:23.703Z;functions.enter_contas_a_pagar;  CLICA EM LANÇAMENTOS
02-05-2024 14:04:39.004Z;functions.waitForImage;  LICENCAS EXCEDIDAS image not found.
02-05-2024 14:04:39.004Z;functions.obter_intervalo_data;  VERIFICANDO A HORA ATUAL 14
02-05-2024 14:04:39.004Z;functions.obter_intervalo_data;  Data Inicial FERIAS/RESCISAO antes da remoção: None
02-05-2024 14:04:39.004Z;functions.obter_intervalo_data;  Data Final FERIAS/RESCISAO antes da remoção: None
02-05-2024 14:04:39.019Z;functions.obter_intervalo_data;  Data Inicial FERIAS/RESCISAO após a remoção: None
02-05-2024 14:04:39.019Z;functions.obter_intervalo_data;  Data Final FERIAS/RESCISAO após a remoção: None
02-05-2024 14:04:39.019Z;functions.obter_intervalo_data;  hoje -  2024-05-02 14:04:39.019802
02-05-2024 14:04:39.019Z;functions.data_filter;  DATA INICIO 08-05-2024
02-05-2024 14:04:39.019Z;functions.data_filter;  DATA FIM 14-05-2024
02-05-2024 14:04:39.019Z;functions.data_filter;  CLICK - SELECIONA A DATA DE QUARTA FEIRA E DA PROXIMA TERÇA
02-05-2024 14:04:39.019Z;functions.data_filter;  QUARTA-FEIRA: 08-05-2024
02-05-2024 14:04:39.019Z;functions.data_filter;  TERCA-FEIRA: 14-05-2024
02-05-2024 14:04:51.235Z;functions.data_filter;  CLICK - BUTÃO DE SELECAO DE FILTRO
02-05-2024 14:04:54.964Z;functions.data_filter;  INSERE - DATA DE QUARTA-FEIRA: 08-05-2024
02-05-2024 14:04:58.465Z;functions.data_filter;  INSERE - DATA DA PROX TERCA-FEIRA: 14-05-2024
02-05-2024 14:04:59.089Z;functions.data_filter;  CLICK - BUTÃO DE EXECUTAR O FILTRO
02-05-2024 14:05:04.887Z;functions.desmark_filter;  CLICK CHECKBOX LANÇAMENTOS A RECEBER
02-05-2024 14:05:05.714Z;functions.desmark_filter;  CLICK CHECKBOX LANÇAMENTOS BAIXADOS
02-05-2024 14:05:06.542Z;functions.desmark_filter;  CLICK CHECKBOX LANÇAMENTOS CANCELADOS
02-05-2024 14:05:07.417Z;functions.desmark_filter;  CLICK CHECKBOX LANÇAMENTOS FATURADOS
02-05-2024 14:05:08.307Z;functions.desmark_filter;  ATUALIZA O FILTRO
02-05-2024 14:05:08.434Z;functions.waitForImage;  FILTER CLEAN image found.
02-05-2024 14:05:10.549Z;functions.filter_clean;  CLICK NO BOTÃO X DO LIMPA FILTRO
02-05-2024 14:05:25.639Z;functions.waitForImage;  FILTER CLEAN image not found.
02-05-2024 14:05:41.202Z;functions.waitForImage;  FILTER CLEAN image not found.
02-05-2024 14:05:42.136Z;functions.tabela_vazia;  Texto extraido 0/0
02-05-2024 14:05:42.136Z;functions.tabela_vazia;  Count 0
02-05-2024 14:05:42.136Z;functions.tabela_vazia;  Type <class 'int'>
02-05-2024 14:05:44.139Z;functions.tabela_vazia;  SEM REMESSA DE FÉRIAS/RESCISÃO
02-05-2024 14:05:46.140Z;main.<module>;  SEM REMESSA DE FÉRIAS/RESCISÃO
02-05-2024 14:05:48.448Z;errorhandler.__handle;  Property: Unknown Property name. [1:203: -ms-interpolation-mode]
02-05-2024 14:05:48.448Z;errorhandler.__handle;  Property: Unknown Property name. [1:353: -webkit-font-smoothing]
02-05-2024 14:05:48.448Z;errorhandler.__handle;  Property: Unknown Property name. [1:483: -ms-text-size-adjust]
02-05-2024 14:05:48.448Z;errorhandler.__handle;  Property: Unknown Property name. [1:518: -webkit-text-size-adjust]
02-05-2024 14:05:48.464Z;errorhandler.__handle;  Property: Unknown Property name. [1:612: mso-table-lspace]
02-05-2024 14:05:48.464Z;errorhandler.__handle;  Property: Unknown Property name. [1:642: mso-table-rspace]
02-05-2024 14:05:48.511Z;errorhandler.__handle;  Property: Unknown Property name. [1:4734: mso-hide]
02-05-2024 14:05:48.526Z;errorhandler.__handle;  Property: Unknown Property name. [1:13: -ms-interpolation-mode]
02-05-2024 14:05:48.526Z;errorhandler.__handle;  Property: Unknown Property name. [1:49: -webkit-font-smoothing]
02-05-2024 14:05:48.526Z;errorhandler.__handle;  Property: Unknown Property name. [1:134: -ms-text-size-adjust]
02-05-2024 14:05:48.526Z;errorhandler.__handle;  Property: Unknown Property name. [1:160: -webkit-text-size-adjust]
02-05-2024 14:05:48.526Z;errorhandler.__handle;  Property: Unknown Property name. [1:26: mso-table-lspace]
02-05-2024 14:05:48.526Z;errorhandler.__handle;  Property: Unknown Property name. [1:45: mso-table-rspace]
02-05-2024 14:05:48.542Z;errorhandler.__handle;  Property: Unknown Property name. [1:92: mso-hide]
02-05-2024 14:05:48.542Z;errorhandler.__handle;  Property: No ":" after name found: align-center [1:1: align-center]
02-05-2024 14:05:48.542Z;errorhandler.__handle;  Property: No property value found: align-center [1:1: align-center]
02-05-2024 14:05:48.542Z;errorhandler.__handle;  CSSStyleDeclaration: Syntax Error in Property: align-center
02-05-2024 14:05:48.542Z;errorhandler.__handle;  Property: Unknown Property name. [1:14: -ms-interpolation-mode]
02-05-2024 14:05:50.854Z;functions.emailFinalizado;  Finalizado e-mail sent.
02-05-2024 14:05:50.928Z;functions.encerra_prog;  RM ENCERRADO
