02-05-2024 20:00:17.072Z;functions.bot_text_art;      ____   
02-05-2024 20:00:17.072Z;functions.bot_text_art;     [____]    
02-05-2024 20:00:17.072Z;functions.bot_text_art;   |=]()()[=|  
02-05-2024 20:00:17.072Z;functions.bot_text_art;     _\==/__    _____    ____     _        _____    ___   _  __
02-05-2024 20:00:17.072Z;functions.bot_text_art;   |__|   |_|  |  _  \  / ___|   | |      |_   _| / ___| | |/ /
02-05-2024 20:00:17.072Z;functions.bot_text_art;   |_|_/\_|_|  | |  | | | |      | |        | |   | |    | ' / 
02-05-2024 20:00:17.072Z;functions.bot_text_art;   | | __ | |  | |  | | | |      | |        | |   | |    |  <  
02-05-2024 20:00:17.072Z;functions.bot_text_art;   |_|[  ]|_|  | |__| | | |____  | |____   _| |_  | |__  | . \ 
02-05-2024 20:00:17.072Z;functions.bot_text_art;   \_|_||_|_/  |_____/   \_____| |______| |_____| \ ___| |_|\_\
02-05-2024 20:00:17.072Z;functions.bot_text_art;     |_||_|                                                     
02-05-2024 20:00:17.072Z;functions.bot_text_art;     | ||_|_   
02-05-2024 20:00:17.072Z;functions.bot_text_art;   |___||___|  
02-05-2024 20:00:17.072Z;functions.bot_text_art;               
02-05-2024 20:00:17.088Z;functions.open_RM;  OPEN PROGRAM RM
02-05-2024 20:00:26.104Z;functions.loggin_RM;  ENTRAR USER_NAME
02-05-2024 20:00:28.916Z;functions.loggin_RM;  ENTRAR PASSWORD
02-05-2024 20:00:29.572Z;functions.loggin_RM;  ENTRAR RM
02-05-2024 20:00:51.354Z;functions.enter_coligada;  CLICK CONTEXTO
02-05-2024 20:00:55.232Z;functions.enter_coligada;  CLICK ALTERAR MODULO DO CONTEXTO
02-05-2024 20:00:57.484Z;functions.enter_coligada;  INSERE O COLIGADA CODE = 1
02-05-2024 20:00:57.585Z;functions.enter_coligada;  APERTA TAB PARA PREENCHER O CAMPO COM A STRING: OCEANICA ENGENHARIA E CONSULTORIA S.A.
02-05-2024 20:00:58.479Z;functions.enter_coligada;  CLICK AVANÇAR NOVAMENTE
02-05-2024 20:00:59.308Z;functions.enter_coligada;  CLICK CONCLUIR
02-05-2024 20:01:09.759Z;functions.enter_coligada;  POP UP COLIGADA DESAPARECER
02-05-2024 20:01:10.371Z;functions.check_movimentacao_bancaria;  CLICK - TOTVS - LINHA RM
02-05-2024 20:01:11.400Z;functions.check_movimentacao_bancaria;  CLICK - BACK OFFICE
02-05-2024 20:01:13.682Z;functions.check_movimentacao_bancaria;  CLICK - GESTAO FINANCEIRA
02-05-2024 20:01:18.667Z;functions.movimentacao_bancaria;  CLICK NA ABA MOVIMENTAÇÃO BANCARIA
02-05-2024 20:01:20.776Z;functions.waitForImage;  IMAGEM BORDERO image found.
02-05-2024 20:01:22.897Z;functions.movimentacao_bancaria;  IMAGEM BORDERO CLICADA.
02-05-2024 20:01:33.265Z;functions.waitForImage;  LICENCAS EXCEDIDAS image not found.
02-05-2024 20:01:33.831Z;functions.movimentacao_bancaria;  ENCONTROU O FILTRO DA MOVIMENTAÇÃO BANCÁRIA
02-05-2024 20:01:33.862Z;functions.movimentacao_bancaria;  CLICA NA ABA SUPERIOR DO FILTRO
02-05-2024 20:01:38.067Z;functions.movimentacao_bancaria;  SELECIONA O FILTRO HOJE
02-05-2024 20:01:39.953Z;functions.waitForImage;  FILTER CLEAN image found.
02-05-2024 20:01:42.086Z;functions.filter_clean;  CLICK NO BOTÃO X DO LIMPA FILTRO
02-05-2024 20:01:57.110Z;functions.waitForImage;  FILTER CLEAN image not found.
02-05-2024 20:02:12.220Z;functions.waitForImage;  FILTER CLEAN image not found.
02-05-2024 20:02:14.963Z;functions.movimentacao_bancaria;  CLICK NA PRIMEIRA LINHA DA TABELA MOVIMENTAÇÃO BANCÁRIA
02-05-2024 20:02:16.174Z;functions.movimentacao_bancaria;  12 PASSOS PARA DIREITA NA TABELA >>
02-05-2024 20:02:17.416Z;functions.movimentacao_bancaria;  HOVER FILTER
02-05-2024 20:02:17.763Z;functions.movimentacao_bancaria;  CLICK FILTER
02-05-2024 20:02:22.072Z;functions.movimentacao_bancaria;  CLICK NO FILTRO  STATUS DA REMESSA
02-05-2024 20:02:24.173Z;functions.movimentacao_bancaria;  APERTA TAB PARA ESCREVER O FILTRO
02-05-2024 20:02:26.278Z;functions.movimentacao_bancaria;  ESCREVE PENDENTE NO FILTRO
02-05-2024 20:02:28.380Z;functions.movimentacao_bancaria;  APERTA ENTER PARA SELECIONAR OS PENDENTES
02-05-2024 20:02:46.307Z;functions.movimentacao_bancaria;  SEM PROCESSAMENTO DE BORDERO PENDENTE.
02-05-2024 20:02:51.417Z;functions.waitForImage;  FILTER CLEAN image found.
02-05-2024 20:02:53.536Z;functions.filter_clean;  CLICK NO BOTÃO X DO LIMPA FILTRO
02-05-2024 20:03:08.639Z;functions.waitForImage;  FILTER CLEAN image not found.
02-05-2024 20:03:23.684Z;functions.waitForImage;  FILTER CLEAN image not found.
02-05-2024 20:03:24.479Z;functions.remessa_pagamento;  CLICK NA PRIMEIRA LINHA DA TABELA MOVIMENTAÇÃO BANCÁRIA
02-05-2024 20:03:25.728Z;functions.remessa_pagamento;  HOVER FILTER
02-05-2024 20:03:26.017Z;functions.remessa_pagamento;  CLICK FILTER
02-05-2024 20:03:30.329Z;functions.remessa_pagamento;  CLICK NO FILTRO  STATUS DA REMESSA
02-05-2024 20:03:32.430Z;functions.remessa_pagamento;  APERTA TAB PARA ESCREVER O FILTRO
02-05-2024 20:03:34.536Z;functions.remessa_pagamento;  ESCREVE AUTORIZADO NO FILTRO
02-05-2024 20:03:36.637Z;functions.remessa_pagamento;  APERTA ENTER PARA SELECIONAR OS AUTORIZADO
02-05-2024 20:03:54.593Z;functions.remessa_pagamento;  SEM REMESSA DE BORDERO AUTORIZADO
02-05-2024 20:03:55.202Z;functions.enter_contas_a_pagar;  CLICK - TOTVS - LINHA RM
02-05-2024 20:03:56.150Z;functions.enter_contas_a_pagar;  CLICK - BACK OFFICE
02-05-2024 20:03:56.822Z;functions.enter_contas_a_pagar;  CLICK - GESTAO FINANCEIRA
02-05-2024 20:04:01.948Z;functions.enter_contas_a_pagar;  CLICK - CONTAS A PAGAR
02-05-2024 20:04:02.084Z;functions.waitForImage;  LANÇAMENTOS image found.
02-05-2024 20:04:04.204Z;functions.enter_contas_a_pagar;  CLICA EM LANÇAMENTOS
02-05-2024 20:04:19.497Z;functions.waitForImage;  LICENCAS EXCEDIDAS image not found.
02-05-2024 20:04:19.497Z;functions.obter_intervalo_data;  VERIFICANDO A HORA ATUAL 20
02-05-2024 20:04:19.497Z;functions.obter_intervalo_data;  Data Inicial FERIAS/RESCISAO antes da remoção: None
02-05-2024 20:04:19.497Z;functions.obter_intervalo_data;  Data Final FERIAS/RESCISAO antes da remoção: None
02-05-2024 20:04:19.497Z;functions.obter_intervalo_data;  Data Inicial FERIAS/RESCISAO após a remoção: None
02-05-2024 20:04:19.497Z;functions.obter_intervalo_data;  Data Final FERIAS/RESCISAO após a remoção: None
02-05-2024 20:04:19.497Z;functions.obter_intervalo_data;  hoje -  2024-05-02 20:04:19.497921
02-05-2024 20:04:19.497Z;functions.data_filter;  DATA INICIO 08-05-2024
02-05-2024 20:04:19.497Z;functions.data_filter;  DATA FIM 14-05-2024
02-05-2024 20:04:19.497Z;functions.data_filter;  CLICK - SELECIONA A DATA DE QUARTA FEIRA E DA PROXIMA TERÇA
02-05-2024 20:04:19.497Z;functions.data_filter;  QUARTA-FEIRA: 08-05-2024
02-05-2024 20:04:19.497Z;functions.data_filter;  TERCA-FEIRA: 14-05-2024
02-05-2024 20:04:31.760Z;functions.data_filter;  CLICK - BUTÃO DE SELECAO DE FILTRO
02-05-2024 20:04:35.492Z;functions.data_filter;  INSERE - DATA DE QUARTA-FEIRA: 08-05-2024
02-05-2024 20:04:38.948Z;functions.data_filter;  INSERE - DATA DA PROX TERCA-FEIRA: 14-05-2024
02-05-2024 20:04:39.572Z;functions.data_filter;  CLICK - BUTÃO DE EXECUTAR O FILTRO
02-05-2024 20:04:45.325Z;functions.desmark_filter;  CLICK CHECKBOX LANÇAMENTOS A RECEBER
02-05-2024 20:04:46.119Z;functions.desmark_filter;  CLICK CHECKBOX LANÇAMENTOS BAIXADOS
02-05-2024 20:04:46.932Z;functions.desmark_filter;  CLICK CHECKBOX LANÇAMENTOS CANCELADOS
02-05-2024 20:04:47.792Z;functions.desmark_filter;  CLICK CHECKBOX LANÇAMENTOS FATURADOS
02-05-2024 20:04:48.713Z;functions.desmark_filter;  ATUALIZA O FILTRO
02-05-2024 20:04:48.830Z;functions.waitForImage;  FILTER CLEAN image found.
02-05-2024 20:04:50.962Z;functions.filter_clean;  CLICK NO BOTÃO X DO LIMPA FILTRO
02-05-2024 20:05:06.003Z;functions.waitForImage;  FILTER CLEAN image not found.
02-05-2024 20:05:21.576Z;functions.waitForImage;  FILTER CLEAN image not found.
02-05-2024 20:05:22.511Z;functions.tabela_vazia;  Texto extraido 0/0
02-05-2024 20:05:22.511Z;functions.tabela_vazia;  Count 0
02-05-2024 20:05:22.511Z;functions.tabela_vazia;  Type <class 'int'>
02-05-2024 20:05:24.515Z;functions.tabela_vazia;  SEM REMESSA DE FÉRIAS/RESCISÃO
02-05-2024 20:05:26.516Z;main.<module>;  SEM REMESSA DE FÉRIAS/RESCISÃO
02-05-2024 20:05:28.448Z;errorhandler.__handle;  Property: Unknown Property name. [1:203: -ms-interpolation-mode]
02-05-2024 20:05:28.464Z;errorhandler.__handle;  Property: Unknown Property name. [1:353: -webkit-font-smoothing]
02-05-2024 20:05:28.464Z;errorhandler.__handle;  Property: Unknown Property name. [1:483: -ms-text-size-adjust]
02-05-2024 20:05:28.464Z;errorhandler.__handle;  Property: Unknown Property name. [1:518: -webkit-text-size-adjust]
02-05-2024 20:05:28.464Z;errorhandler.__handle;  Property: Unknown Property name. [1:612: mso-table-lspace]
02-05-2024 20:05:28.464Z;errorhandler.__handle;  Property: Unknown Property name. [1:642: mso-table-rspace]
02-05-2024 20:05:28.511Z;errorhandler.__handle;  Property: Unknown Property name. [1:4734: mso-hide]
02-05-2024 20:05:28.542Z;errorhandler.__handle;  Property: Unknown Property name. [1:13: -ms-interpolation-mode]
02-05-2024 20:05:28.542Z;errorhandler.__handle;  Property: Unknown Property name. [1:49: -webkit-font-smoothing]
02-05-2024 20:05:28.542Z;errorhandler.__handle;  Property: Unknown Property name. [1:134: -ms-text-size-adjust]
02-05-2024 20:05:28.542Z;errorhandler.__handle;  Property: Unknown Property name. [1:160: -webkit-text-size-adjust]
02-05-2024 20:05:28.542Z;errorhandler.__handle;  Property: Unknown Property name. [1:26: mso-table-lspace]
02-05-2024 20:05:28.542Z;errorhandler.__handle;  Property: Unknown Property name. [1:45: mso-table-rspace]
02-05-2024 20:05:28.558Z;errorhandler.__handle;  Property: Unknown Property name. [1:92: mso-hide]
02-05-2024 20:05:28.558Z;errorhandler.__handle;  Property: No ":" after name found: align-center [1:1: align-center]
02-05-2024 20:05:28.558Z;errorhandler.__handle;  Property: No property value found: align-center [1:1: align-center]
02-05-2024 20:05:28.558Z;errorhandler.__handle;  CSSStyleDeclaration: Syntax Error in Property: align-center
02-05-2024 20:05:28.558Z;errorhandler.__handle;  Property: Unknown Property name. [1:14: -ms-interpolation-mode]
02-05-2024 20:05:31.353Z;functions.emailFinalizado;  Finalizado e-mail sent.
02-05-2024 20:05:31.432Z;functions.encerra_prog;  RM ENCERRADO
