29-04-2024 06:00:20.345Z;functions.bot_text_art;      ____   
29-04-2024 06:00:20.345Z;functions.bot_text_art;     [____]    
29-04-2024 06:00:20.345Z;functions.bot_text_art;   |=]()()[=|  
29-04-2024 06:00:20.345Z;functions.bot_text_art;     _\==/__    _____    ____     _        _____    ___   _  __
29-04-2024 06:00:20.345Z;functions.bot_text_art;   |__|   |_|  |  _  \  / ___|   | |      |_   _| / ___| | |/ /
29-04-2024 06:00:20.345Z;functions.bot_text_art;   |_|_/\_|_|  | |  | | | |      | |        | |   | |    | ' / 
29-04-2024 06:00:20.345Z;functions.bot_text_art;   | | __ | |  | |  | | | |      | |        | |   | |    |  <  
29-04-2024 06:00:20.345Z;functions.bot_text_art;   |_|[  ]|_|  | |__| | | |____  | |____   _| |_  | |__  | . \ 
29-04-2024 06:00:20.345Z;functions.bot_text_art;   \_|_||_|_/  |_____/   \_____| |______| |_____| \ ___| |_|\_\
29-04-2024 06:00:20.345Z;functions.bot_text_art;     |_||_|                                                     
29-04-2024 06:00:20.345Z;functions.bot_text_art;     | ||_|_   
29-04-2024 06:00:20.345Z;functions.bot_text_art;   |___||___|  
29-04-2024 06:00:20.345Z;functions.bot_text_art;               
29-04-2024 06:00:20.345Z;functions.open_RM;  OPEN PROGRAM RM
29-04-2024 06:00:29.188Z;functions.loggin_RM;  ENTRAR USER_NAME
29-04-2024 06:00:32.017Z;functions.loggin_RM;  ENTRAR PASSWORD
29-04-2024 06:00:32.689Z;functions.loggin_RM;  ENTRAR RM
29-04-2024 06:00:52.829Z;functions.enter_coligada;  CLICK CONTEXTO
29-04-2024 06:00:56.704Z;functions.enter_coligada;  CLICK ALTERAR MODULO DO CONTEXTO
29-04-2024 06:00:59.022Z;functions.enter_coligada;  INSERE O COLIGADA CODE = 1
29-04-2024 06:00:59.123Z;functions.enter_coligada;  APERTA TAB PARA PREENCHER O CAMPO COM A STRING: OCEANICA ENGENHARIA E CONSULTORIA S.A.
29-04-2024 06:00:59.969Z;functions.enter_coligada;  CLICK AVANÇAR NOVAMENTE
29-04-2024 06:01:00.766Z;functions.enter_coligada;  CLICK CONCLUIR
29-04-2024 06:01:09.783Z;functions.enter_coligada;  POP UP COLIGADA DESAPARECER
29-04-2024 06:01:10.392Z;functions.check_movimentacao_bancaria;  CLICK - TOTVS - LINHA RM
29-04-2024 06:01:11.427Z;functions.check_movimentacao_bancaria;  CLICK - BACK OFFICE
29-04-2024 06:01:13.735Z;functions.check_movimentacao_bancaria;  CLICK - GESTAO FINANCEIRA
29-04-2024 06:01:16.017Z;functions.movimentacao_bancaria;  CLICK NA ABA MOVIMENTAÇÃO BANCARIA
29-04-2024 06:01:18.128Z;functions.waitForImage;  IMAGEM BORDERO image found.
29-04-2024 06:01:20.250Z;functions.movimentacao_bancaria;  IMAGEM BORDERO CLICADA.
29-04-2024 06:01:30.629Z;functions.waitForImage;  LICENCAS EXCEDIDAS image not found.
29-04-2024 06:01:31.173Z;functions.movimentacao_bancaria;  ENCONTROU O FILTRO DA MOVIMENTAÇÃO BANCÁRIA
29-04-2024 06:01:31.204Z;functions.movimentacao_bancaria;  CLICA NA ABA SUPERIOR DO FILTRO
29-04-2024 06:01:35.409Z;functions.movimentacao_bancaria;  SELECIONA O FILTRO HOJE
29-04-2024 06:01:37.344Z;functions.waitForImage;  FILTER CLEAN image found.
29-04-2024 06:01:39.463Z;functions.filter_clean;  CLICK NO BOTÃO X DO LIMPA FILTRO
29-04-2024 06:01:55.013Z;functions.waitForImage;  FILTER CLEAN image not found.
29-04-2024 06:02:10.555Z;functions.waitForImage;  FILTER CLEAN image not found.
29-04-2024 06:02:28.563Z;functions.movimentacao_bancaria;  SEM PROCESSAMENTO DE BORDERO
29-04-2024 06:02:48.564Z;functions.waitForImage;  FILTER CLEAN image not found.
29-04-2024 06:03:04.085Z;functions.waitForImage;  FILTER CLEAN image not found.
29-04-2024 06:03:19.633Z;functions.waitForImage;  FILTER CLEAN image not found.
29-04-2024 06:03:51.470Z;functions.remessa_pagamento;  SEM REMESSA DE BORDERO AUTORIZADO
29-04-2024 06:03:52.079Z;functions.enter_contas_a_pagar;  CLICK - TOTVS - LINHA RM
29-04-2024 06:03:53.016Z;functions.enter_contas_a_pagar;  CLICK - BACK OFFICE
29-04-2024 06:03:53.704Z;functions.enter_contas_a_pagar;  CLICK - GESTAO FINANCEIRA
29-04-2024 06:03:58.752Z;functions.enter_contas_a_pagar;  CLICK - CONTAS A PAGAR
29-04-2024 06:03:58.887Z;functions.waitForImage;  LANÇAMENTOS image found.
29-04-2024 06:04:01.008Z;functions.enter_contas_a_pagar;  CLICA EM LANÇAMENTOS
29-04-2024 06:04:16.280Z;functions.waitForImage;  LICENCAS EXCEDIDAS image not found.
29-04-2024 06:04:16.280Z;functions.obter_intervalo_data;  VERIFICANDO A HORA ATUAL 6
29-04-2024 06:04:16.280Z;functions.obter_intervalo_data;  Data Inicial FERIAS/RESCISAO antes da remoção: None
29-04-2024 06:04:16.280Z;functions.obter_intervalo_data;  Data Final FERIAS/RESCISAO antes da remoção: None
29-04-2024 06:04:16.280Z;functions.obter_intervalo_data;  Data Inicial FERIAS/RESCISAO após a remoção: None
29-04-2024 06:04:16.280Z;functions.obter_intervalo_data;  Data Final FERIAS/RESCISAO após a remoção: None
29-04-2024 06:04:16.280Z;functions.obter_intervalo_data;  hoje -  2024-04-29 06:04:16.280768
29-04-2024 06:04:16.280Z;functions.data_filter;  DATA INICIO 01-05-2024
29-04-2024 06:04:16.280Z;functions.data_filter;  DATA FIM 07-05-2024
29-04-2024 06:04:16.280Z;functions.data_filter;  CLICK - SELECIONA A DATA DE QUARTA FEIRA E DA PROXIMA TERÇA
29-04-2024 06:04:16.280Z;functions.data_filter;  QUARTA-FEIRA: 01-05-2024
29-04-2024 06:04:16.280Z;functions.data_filter;  TERCA-FEIRA: 07-05-2024
29-04-2024 06:04:28.517Z;functions.data_filter;  CLICK - BUTÃO DE SELECAO DE FILTRO
29-04-2024 06:04:32.236Z;functions.data_filter;  INSERE - DATA DE QUARTA-FEIRA: 01-05-2024
29-04-2024 06:04:35.695Z;functions.data_filter;  INSERE - DATA DA PROX TERCA-FEIRA: 07-05-2024
29-04-2024 06:04:36.314Z;functions.data_filter;  CLICK - BUTÃO DE EXECUTAR O FILTRO
29-04-2024 06:04:42.095Z;functions.desmark_filter;  CLICK CHECKBOX LANÇAMENTOS A RECEBER
29-04-2024 06:04:42.891Z;functions.desmark_filter;  CLICK CHECKBOX LANÇAMENTOS BAIXADOS
29-04-2024 06:04:43.721Z;functions.desmark_filter;  CLICK CHECKBOX LANÇAMENTOS CANCELADOS
29-04-2024 06:04:44.564Z;functions.desmark_filter;  CLICK CHECKBOX LANÇAMENTOS FATURADOS
29-04-2024 06:04:45.502Z;functions.desmark_filter;  ATUALIZA O FILTRO
29-04-2024 06:04:45.609Z;functions.waitForImage;  FILTER CLEAN image found.
29-04-2024 06:04:47.727Z;functions.filter_clean;  CLICK NO BOTÃO X DO LIMPA FILTRO
29-04-2024 06:05:03.250Z;functions.waitForImage;  FILTER CLEAN image not found.
29-04-2024 06:05:18.748Z;functions.waitForImage;  FILTER CLEAN image not found.
29-04-2024 06:05:19.659Z;functions.tabela_vazia;  Texto extraido 0/0
29-04-2024 06:05:19.659Z;functions.tabela_vazia;  Count 0
29-04-2024 06:05:19.659Z;functions.tabela_vazia;  Type <class 'int'>
29-04-2024 06:05:21.669Z;functions.tabela_vazia;  SEM REMESSA DE FÉRIAS/RESCISÃO
29-04-2024 06:05:23.669Z;main.<module>;  SEM REMESSA DE FÉRIAS/RESCISÃO
29-04-2024 06:05:25.829Z;errorhandler.__handle;  Property: Unknown Property name. [1:203: -ms-interpolation-mode]
29-04-2024 06:05:25.829Z;errorhandler.__handle;  Property: Unknown Property name. [1:353: -webkit-font-smoothing]
29-04-2024 06:05:25.829Z;errorhandler.__handle;  Property: Unknown Property name. [1:483: -ms-text-size-adjust]
29-04-2024 06:05:25.845Z;errorhandler.__handle;  Property: Unknown Property name. [1:518: -webkit-text-size-adjust]
29-04-2024 06:05:25.845Z;errorhandler.__handle;  Property: Unknown Property name. [1:612: mso-table-lspace]
29-04-2024 06:05:25.845Z;errorhandler.__handle;  Property: Unknown Property name. [1:642: mso-table-rspace]
29-04-2024 06:05:25.892Z;errorhandler.__handle;  Property: Unknown Property name. [1:4734: mso-hide]
29-04-2024 06:05:25.908Z;errorhandler.__handle;  Property: Unknown Property name. [1:13: -ms-interpolation-mode]
29-04-2024 06:05:25.908Z;errorhandler.__handle;  Property: Unknown Property name. [1:49: -webkit-font-smoothing]
29-04-2024 06:05:25.908Z;errorhandler.__handle;  Property: Unknown Property name. [1:134: -ms-text-size-adjust]
29-04-2024 06:05:25.908Z;errorhandler.__handle;  Property: Unknown Property name. [1:160: -webkit-text-size-adjust]
29-04-2024 06:05:25.923Z;errorhandler.__handle;  Property: Unknown Property name. [1:26: mso-table-lspace]
29-04-2024 06:05:25.923Z;errorhandler.__handle;  Property: Unknown Property name. [1:45: mso-table-rspace]
29-04-2024 06:05:25.923Z;errorhandler.__handle;  Property: Unknown Property name. [1:92: mso-hide]
29-04-2024 06:05:25.923Z;errorhandler.__handle;  Property: No ":" after name found: align-center [1:1: align-center]
29-04-2024 06:05:25.923Z;errorhandler.__handle;  Property: No property value found: align-center [1:1: align-center]
29-04-2024 06:05:25.923Z;errorhandler.__handle;  CSSStyleDeclaration: Syntax Error in Property: align-center
29-04-2024 06:05:25.939Z;errorhandler.__handle;  Property: Unknown Property name. [1:14: -ms-interpolation-mode]
29-04-2024 06:05:28.460Z;functions.emailFinalizado;  Finalizado e-mail sent.
29-04-2024 06:05:28.531Z;functions.encerra_prog;  RM ENCERRADO
