09-03-2024 20:00:31.320Z;functions.bot_text_art;      ____   
09-03-2024 20:00:31.320Z;functions.bot_text_art;     [____]    
09-03-2024 20:00:31.320Z;functions.bot_text_art;   |=]()()[=|  
09-03-2024 20:00:31.320Z;functions.bot_text_art;     _\==/__    _____    ____     _        _____    ___   _  __
09-03-2024 20:00:31.320Z;functions.bot_text_art;   |__|   |_|  |  _  \  / ___|   | |      |_   _| / ___| | |/ /
09-03-2024 20:00:31.320Z;functions.bot_text_art;   |_|_/\_|_|  | |  | | | |      | |        | |   | |    | ' / 
09-03-2024 20:00:31.320Z;functions.bot_text_art;   | | __ | |  | |  | | | |      | |        | |   | |    |  <  
09-03-2024 20:00:31.320Z;functions.bot_text_art;   |_|[  ]|_|  | |__| | | |____  | |____   _| |_  | |__  | . \ 
09-03-2024 20:00:31.336Z;functions.bot_text_art;   \_|_||_|_/  |_____/   \_____| |______| |_____| \ ___| |_|\_\
09-03-2024 20:00:31.336Z;functions.bot_text_art;     |_||_|                                                     
09-03-2024 20:00:31.336Z;functions.bot_text_art;     | ||_|_   
09-03-2024 20:00:31.336Z;functions.bot_text_art;   |___||___|  
09-03-2024 20:00:31.336Z;functions.bot_text_art;               
09-03-2024 20:00:31.336Z;functions.open_RM;  OPEN PROGRAM RM
09-03-2024 20:00:46.428Z;functions.loggin_RM;  ENTRAR USER_NAME
09-03-2024 20:00:49.851Z;functions.loggin_RM;  ENTRAR PASSWORD
09-03-2024 20:00:51.037Z;functions.loggin_RM;  ENTRAR RM
09-03-2024 20:01:23.272Z;functions.enter_coligada;  CLICK CONTEXTO
09-03-2024 20:01:28.569Z;functions.enter_coligada;  CLICK COLIGADA 1
09-03-2024 20:01:30.825Z;functions.enter_coligada;  CLICK AVANÇAR
09-03-2024 20:01:33.211Z;functions.enter_coligada;  INSERE O COLIGADA CODE = 1
09-03-2024 20:01:33.326Z;functions.enter_coligada;  APERTA TAB PARA PREENCHER O CAMPO COM A STRING: OCEANICA ENGENHARIA E CONSULTORIA S.A.
09-03-2024 20:01:34.617Z;functions.enter_coligada;  CLICK AVANÇAR NOVAMENTE
09-03-2024 20:01:35.787Z;functions.enter_coligada;  CLICK CONCLUIR
09-03-2024 20:01:59.929Z;functions.enter_coligada;  POP UP COLIGADA DESAPARECER
09-03-2024 20:02:00.773Z;functions.check_movimentacao_bancaria;  CLICK - TOTVS - LINHA RM
09-03-2024 20:02:02.600Z;functions.check_movimentacao_bancaria;  CLICK - BACK OFFICE
09-03-2024 20:02:05.351Z;functions.check_movimentacao_bancaria;  CLICK - GESTAO FINANCEIRA
09-03-2024 20:02:11.304Z;functions.movimentacao_bancaria;  CLICK NA ABA MOVIMENTAÇÃO BANCARIA
09-03-2024 20:02:13.714Z;functions.waitForImage;  IMAGEM BORDERO image found.
09-03-2024 20:02:15.839Z;functions.movimentacao_bancaria;  IMAGEM BORDERO CLICADA.
09-03-2024 20:02:36.006Z;functions.waitForImage;  LICENCAS EXCEDIDAS image not found.
09-03-2024 20:02:36.679Z;functions.movimentacao_bancaria;  ENCONTROU O FILTRO DA MOVIMENTAÇÃO BANCÁRIA
09-03-2024 20:02:36.711Z;functions.movimentacao_bancaria;  CLICA NA ABA SUPERIOR DO FILTRO
09-03-2024 20:02:41.045Z;functions.movimentacao_bancaria;  SELECIONA O FILTRO HOJE
09-03-2024 20:02:44.435Z;functions.waitForImage;  FILTER CLEAN image found.
09-03-2024 20:02:46.569Z;functions.filter_clean;  CLICK NO BOTÃO X DO LIMPA FILTRO
09-03-2024 20:02:46.898Z;functions.waitForImage;  FILTER CLEAN image found.
09-03-2024 20:02:49.023Z;functions.filter_clean;  CLICK NO BOTÃO X DO LIMPA FILTRO
09-03-2024 20:03:04.452Z;functions.waitForImage;  FILTER CLEAN image not found.
09-03-2024 20:03:07.840Z;functions.movimentacao_bancaria;  CLICK NA PRIMEIRA LINHA DA TABELA MOVIMENTAÇÃO BANCÁRIA
09-03-2024 20:03:09.067Z;functions.movimentacao_bancaria;  12 PASSOS PARA DIREITA NA TABELA >>
09-03-2024 20:03:10.993Z;functions.movimentacao_bancaria;  HOVER FILTER
09-03-2024 20:03:11.481Z;functions.movimentacao_bancaria;  CLICK FILTER
09-03-2024 20:03:15.808Z;functions.movimentacao_bancaria;  CLICK NO FILTRO  STATUS DA REMESSA
09-03-2024 20:03:17.914Z;functions.movimentacao_bancaria;  APERTA TAB PARA ESCREVER O FILTRO
09-03-2024 20:03:20.028Z;functions.movimentacao_bancaria;  ESCREVE PENDENTE NO FILTRO
09-03-2024 20:03:22.131Z;functions.movimentacao_bancaria;  APERTA ENTER PARA SELECIONAR OS PENDENTES
09-03-2024 20:03:41.746Z;functions.movimentacao_bancaria;  SEM PROCESSAMENTO DE BORDERO PENDENTE.
09-03-2024 20:03:47.070Z;functions.waitForImage;  FILTER CLEAN image found.
09-03-2024 20:03:49.198Z;functions.filter_clean;  CLICK NO BOTÃO X DO LIMPA FILTRO
09-03-2024 20:04:04.617Z;functions.waitForImage;  FILTER CLEAN image not found.
09-03-2024 20:04:19.977Z;functions.waitForImage;  FILTER CLEAN image not found.
09-03-2024 20:04:21.586Z;functions.remessa_pagamento;  CLICK NA PRIMEIRA LINHA DA TABELA MOVIMENTAÇÃO BANCÁRIA
09-03-2024 20:04:23.492Z;functions.remessa_pagamento;  HOVER FILTER
09-03-2024 20:04:23.965Z;functions.remessa_pagamento;  CLICK FILTER
09-03-2024 20:04:28.297Z;functions.remessa_pagamento;  CLICK NO FILTRO  STATUS DA REMESSA
09-03-2024 20:04:30.400Z;functions.remessa_pagamento;  APERTA TAB PARA ESCREVER O FILTRO
09-03-2024 20:04:32.519Z;functions.remessa_pagamento;  ESCREVE AUTORIZADO NO FILTRO
09-03-2024 20:04:34.622Z;functions.remessa_pagamento;  APERTA ENTER PARA SELECIONAR OS AUTORIZADO
09-03-2024 20:04:54.273Z;functions.remessa_pagamento;  SEM REMESSA DE BORDERO AUTORIZADO
09-03-2024 20:04:55.101Z;functions.enter_contas_a_pagar;  CLICK - TOTVS - LINHA RM
09-03-2024 20:04:56.539Z;functions.enter_contas_a_pagar;  CLICK - BACK OFFICE
09-03-2024 20:04:59.289Z;functions.enter_contas_a_pagar;  CLICK - GESTAO FINANCEIRA
09-03-2024 20:05:05.476Z;functions.enter_contas_a_pagar;  CLICK - CONTAS A PAGAR
09-03-2024 20:05:06.674Z;functions.waitForImage;  LANÇAMENTOS image found.
09-03-2024 20:05:08.801Z;functions.enter_contas_a_pagar;  CLICA EM LANÇAMENTOS
09-03-2024 20:05:24.133Z;functions.waitForImage;  LICENCAS EXCEDIDAS image not found.
09-03-2024 20:05:24.133Z;functions.obter_intervalo_data;  Data Inicial FERIAS/RESCISAO antes da remoção: None
09-03-2024 20:05:24.133Z;functions.obter_intervalo_data;  Data Final FERIAS/RESCISAO antes da remoção: None
09-03-2024 20:05:24.133Z;functions.obter_intervalo_data;  Data Inicial FERIAS/RESCISAO após a remoção: None
09-03-2024 20:05:24.133Z;functions.obter_intervalo_data;  Data Final FERIAS/RESCISAO após a remoção: None
09-03-2024 20:05:24.133Z;functions.obter_intervalo_data;  hoje -  2024-03-09 20:05:24.133069
09-03-2024 20:05:24.133Z;functions.data_filter;  DATA INICIO 13-03-2024
09-03-2024 20:05:24.133Z;functions.data_filter;  DATA FIM 19-03-2024
09-03-2024 20:05:24.133Z;functions.data_filter;  CLICK - SELECIONA A DATA DE QUARTA FEIRA E DA PROXIMA TERÇA
09-03-2024 20:05:24.148Z;functions.data_filter;  QUARTA-FEIRA: 13-03-2024
09-03-2024 20:05:24.148Z;functions.data_filter;  TERCA-FEIRA: 19-03-2024
09-03-2024 20:05:28.273Z;functions.data_filter;  ESCREVE REMESSA BANCÁRIA NO FILTRO
09-03-2024 20:05:29.085Z;functions.data_filter;  CLICK - BUTÃO DE SELECAO DE FILTRO
09-03-2024 20:05:33.648Z;functions.data_filter;  INSERE - DATA DE QUARTA-FEIRA: 13-03-2024
09-03-2024 20:05:37.618Z;functions.data_filter;  INSERE - DATA DA PROX TERCA-FEIRA: 19-03-2024
09-03-2024 20:05:38.507Z;functions.data_filter;  CLICK - BUTÃO DE EXECUTAR O FILTRO
09-03-2024 20:05:45.118Z;functions.desmark_filter;  CLICK CHECKBOX LANÇAMENTOS A RECEBER
09-03-2024 20:05:46.884Z;functions.desmark_filter;  CLICK CHECKBOX LANÇAMENTOS BAIXADOS
09-03-2024 20:05:48.711Z;functions.desmark_filter;  CLICK CHECKBOX LANÇAMENTOS CANCELADOS
09-03-2024 20:05:50.758Z;functions.desmark_filter;  CLICK CHECKBOX LANÇAMENTOS FATURADOS
09-03-2024 20:05:52.961Z;functions.desmark_filter;  ATUALIZA O FILTRO
09-03-2024 20:05:53.349Z;functions.waitForImage;  FILTER CLEAN image found.
09-03-2024 20:05:55.455Z;functions.filter_clean;  CLICK NO BOTÃO X DO LIMPA FILTRO
09-03-2024 20:06:10.855Z;functions.waitForImage;  FILTER CLEAN image not found.
09-03-2024 20:06:26.274Z;functions.waitForImage;  FILTER CLEAN image not found.
09-03-2024 20:06:28.680Z;functions.tabela_vazia;  Texto extraido 0/0
09-03-2024 20:06:28.680Z;functions.tabela_vazia;  Count 0
09-03-2024 20:06:28.680Z;functions.tabela_vazia;  Type <class 'int'>
09-03-2024 20:06:30.689Z;functions.tabela_vazia;  SEM REMESSA DE FÉRIAS/RESCISÃO
09-03-2024 20:06:32.690Z;main.<module>;  SEM REMESSA DE FÉRIAS/RESCISÃO
09-03-2024 20:06:36.086Z;errorhandler.__handle;  Property: Unknown Property name. [1:203: -ms-interpolation-mode]
09-03-2024 20:06:36.130Z;errorhandler.__handle;  Property: Unknown Property name. [1:353: -webkit-font-smoothing]
09-03-2024 20:06:36.147Z;errorhandler.__handle;  Property: Unknown Property name. [1:483: -ms-text-size-adjust]
09-03-2024 20:06:36.148Z;errorhandler.__handle;  Property: Unknown Property name. [1:518: -webkit-text-size-adjust]
09-03-2024 20:06:36.148Z;errorhandler.__handle;  Property: Unknown Property name. [1:612: mso-table-lspace]
09-03-2024 20:06:36.148Z;errorhandler.__handle;  Property: Unknown Property name. [1:642: mso-table-rspace]
09-03-2024 20:06:36.383Z;errorhandler.__handle;  Property: Unknown Property name. [1:4734: mso-hide]
09-03-2024 20:06:36.461Z;errorhandler.__handle;  Property: Unknown Property name. [1:13: -ms-interpolation-mode]
09-03-2024 20:06:36.477Z;errorhandler.__handle;  Property: Unknown Property name. [1:49: -webkit-font-smoothing]
09-03-2024 20:06:36.477Z;errorhandler.__handle;  Property: Unknown Property name. [1:134: -ms-text-size-adjust]
09-03-2024 20:06:36.477Z;errorhandler.__handle;  Property: Unknown Property name. [1:160: -webkit-text-size-adjust]
09-03-2024 20:06:36.477Z;errorhandler.__handle;  Property: Unknown Property name. [1:26: mso-table-lspace]
09-03-2024 20:06:36.477Z;errorhandler.__handle;  Property: Unknown Property name. [1:45: mso-table-rspace]
09-03-2024 20:06:36.524Z;errorhandler.__handle;  Property: Unknown Property name. [1:92: mso-hide]
09-03-2024 20:06:36.524Z;errorhandler.__handle;  Property: No ":" after name found: align-center [1:1: align-center]
09-03-2024 20:06:36.524Z;errorhandler.__handle;  Property: No property value found: align-center [1:1: align-center]
09-03-2024 20:06:36.524Z;errorhandler.__handle;  CSSStyleDeclaration: Syntax Error in Property: align-center
09-03-2024 20:06:36.539Z;errorhandler.__handle;  Property: Unknown Property name. [1:14: -ms-interpolation-mode]
09-03-2024 20:06:38.945Z;functions.emailFinalizado;  Finalizado e-mail sent.
09-03-2024 20:06:39.317Z;functions.encerra_prog;  RM ENCERRADO
