26-04-2024 06:00:17.560Z;functions.bot_text_art;      ____   
26-04-2024 06:00:17.560Z;functions.bot_text_art;     [____]    
26-04-2024 06:00:17.560Z;functions.bot_text_art;   |=]()()[=|  
26-04-2024 06:00:17.560Z;functions.bot_text_art;     _\==/__    _____    ____     _        _____    ___   _  __
26-04-2024 06:00:17.560Z;functions.bot_text_art;   |__|   |_|  |  _  \  / ___|   | |      |_   _| / ___| | |/ /
26-04-2024 06:00:17.560Z;functions.bot_text_art;   |_|_/\_|_|  | |  | | | |      | |        | |   | |    | ' / 
26-04-2024 06:00:17.560Z;functions.bot_text_art;   | | __ | |  | |  | | | |      | |        | |   | |    |  <  
26-04-2024 06:00:17.560Z;functions.bot_text_art;   |_|[  ]|_|  | |__| | | |____  | |____   _| |_  | |__  | . \ 
26-04-2024 06:00:17.560Z;functions.bot_text_art;   \_|_||_|_/  |_____/   \_____| |______| |_____| \ ___| |_|\_\
26-04-2024 06:00:17.560Z;functions.bot_text_art;     |_||_|                                                     
26-04-2024 06:00:17.560Z;functions.bot_text_art;     | ||_|_   
26-04-2024 06:00:17.560Z;functions.bot_text_art;   |___||___|  
26-04-2024 06:00:17.560Z;functions.bot_text_art;               
26-04-2024 06:00:17.560Z;functions.open_RM;  OPEN PROGRAM RM
26-04-2024 06:00:26.881Z;functions.loggin_RM;  ENTRAR USER_NAME
26-04-2024 06:00:29.724Z;functions.loggin_RM;  ENTRAR PASSWORD
26-04-2024 06:00:30.381Z;functions.loggin_RM;  ENTRAR RM
26-04-2024 06:05:34.199Z;functions.show_exception_and_exit;  'NoneType' object has no attribute 'click'
Traceback (most recent call last):
  File "C:\Projetos_Remessas\Remessa_Ferias_Rescisao\main.py", line 15, in <module>
    enter_coligada()
  File "C:\Projetos_Remessas\Remessa_Ferias_Rescisao\SUBPROGRAMS\functions.py", line 103, in enter_coligada
    click_context.click()
    ^^^^^^^^^^^^^^^^^^^
AttributeError: 'NoneType' object has no attribute 'click'
26-04-2024 06:05:34.511Z;functions.show_exception_and_exit;  PRINT SALVO
26-04-2024 06:05:34.575Z;functions.show_exception_and_exit;  RM FECHADO
26-04-2024 06:05:36.723Z;errorhandler.__handle;  Property: Unknown Property name. [1:203: -ms-interpolation-mode]
26-04-2024 06:05:36.739Z;errorhandler.__handle;  Property: Unknown Property name. [1:353: -webkit-font-smoothing]
26-04-2024 06:05:36.739Z;errorhandler.__handle;  Property: Unknown Property name. [1:483: -ms-text-size-adjust]
26-04-2024 06:05:36.739Z;errorhandler.__handle;  Property: Unknown Property name. [1:518: -webkit-text-size-adjust]
26-04-2024 06:05:36.739Z;errorhandler.__handle;  Property: Unknown Property name. [1:612: mso-table-lspace]
26-04-2024 06:05:36.739Z;errorhandler.__handle;  Property: Unknown Property name. [1:642: mso-table-rspace]
26-04-2024 06:05:36.786Z;errorhandler.__handle;  Property: Unknown Property name. [1:4734: mso-hide]
26-04-2024 06:05:36.817Z;errorhandler.__handle;  Property: Unknown Property name. [1:13: -ms-interpolation-mode]
26-04-2024 06:05:36.817Z;errorhandler.__handle;  Property: Unknown Property name. [1:49: -webkit-font-smoothing]
26-04-2024 06:05:36.817Z;errorhandler.__handle;  Property: Unknown Property name. [1:134: -ms-text-size-adjust]
26-04-2024 06:05:36.817Z;errorhandler.__handle;  Property: Unknown Property name. [1:160: -webkit-text-size-adjust]
26-04-2024 06:05:36.817Z;errorhandler.__handle;  Property: Unknown Property name. [1:26: mso-table-lspace]
26-04-2024 06:05:36.817Z;errorhandler.__handle;  Property: Unknown Property name. [1:45: mso-table-rspace]
26-04-2024 06:05:36.817Z;errorhandler.__handle;  Property: Unknown Property name. [1:92: mso-hide]
26-04-2024 06:05:36.833Z;errorhandler.__handle;  Property: No ":" after name found: align-center [1:1: align-center]
26-04-2024 06:05:36.833Z;errorhandler.__handle;  Property: No property value found: align-center [1:1: align-center]
26-04-2024 06:05:36.833Z;errorhandler.__handle;  CSSStyleDeclaration: Syntax Error in Property: align-center
26-04-2024 06:05:36.833Z;errorhandler.__handle;  Property: Unknown Property name. [1:14: -ms-interpolation-mode]
26-04-2024 06:05:40.211Z;functions.show_exception_and_exit;  EMAIL EXCEÇÃO ENVIADO
26-04-2024 06:05:40.211Z;functions.show_exception_and_exit;  ERRO - <class 'AttributeError'> / 'NoneType' object has no attribute 'click'
