26-04-2024 14:00:20.158Z;functions.bot_text_art;      ____   
26-04-2024 14:00:20.158Z;functions.bot_text_art;     [____]    
26-04-2024 14:00:20.158Z;functions.bot_text_art;   |=]()()[=|  
26-04-2024 14:00:20.158Z;functions.bot_text_art;     _\==/__    _____    ____     _        _____    ___   _  __
26-04-2024 14:00:20.158Z;functions.bot_text_art;   |__|   |_|  |  _  \  / ___|   | |      |_   _| / ___| | |/ /
26-04-2024 14:00:20.158Z;functions.bot_text_art;   |_|_/\_|_|  | |  | | | |      | |        | |   | |    | ' / 
26-04-2024 14:00:20.158Z;functions.bot_text_art;   | | __ | |  | |  | | | |      | |        | |   | |    |  <  
26-04-2024 14:00:20.158Z;functions.bot_text_art;   |_|[  ]|_|  | |__| | | |____  | |____   _| |_  | |__  | . \ 
26-04-2024 14:00:20.158Z;functions.bot_text_art;   \_|_||_|_/  |_____/   \_____| |______| |_____| \ ___| |_|\_\
26-04-2024 14:00:20.158Z;functions.bot_text_art;     |_||_|                                                     
26-04-2024 14:00:20.158Z;functions.bot_text_art;     | ||_|_   
26-04-2024 14:00:20.158Z;functions.bot_text_art;   |___||___|  
26-04-2024 14:00:20.158Z;functions.bot_text_art;               
26-04-2024 14:00:20.158Z;functions.open_RM;  OPEN PROGRAM RM
26-04-2024 14:00:34.361Z;functions.loggin_RM;  ENTRAR USER_NAME
26-04-2024 14:00:37.205Z;functions.loggin_RM;  ENTRAR PASSWORD
26-04-2024 14:00:37.862Z;functions.loggin_RM;  ENTRAR RM
26-04-2024 14:01:19.784Z;functions.enter_coligada;  CLICK CONTEXTO
26-04-2024 14:01:23.908Z;functions.enter_coligada;  CLICK ALTERAR MODULO DO CONTEXTO
26-04-2024 14:01:27.205Z;functions.enter_coligada;  INSERE O COLIGADA CODE = 1
26-04-2024 14:01:27.306Z;functions.enter_coligada;  APERTA TAB PARA PREENCHER O CAMPO COM A STRING: OCEANICA ENGENHARIA E CONSULTORIA S.A.
26-04-2024 14:01:29.190Z;functions.enter_coligada;  CLICK AVANÇAR NOVAMENTE
26-04-2024 14:01:30.596Z;functions.enter_coligada;  CLICK CONCLUIR
26-04-2024 14:01:47.049Z;functions.enter_coligada;  POP UP COLIGADA DESAPARECER
26-04-2024 14:01:47.658Z;functions.check_movimentacao_bancaria;  CLICK - TOTVS - LINHA RM
26-04-2024 14:01:48.721Z;functions.check_movimentacao_bancaria;  CLICK - BACK OFFICE
26-04-2024 14:01:51.033Z;functions.check_movimentacao_bancaria;  CLICK - GESTAO FINANCEIRA
26-04-2024 14:02:02.659Z;functions.movimentacao_bancaria;  CLICK NA ABA MOVIMENTAÇÃO BANCARIA
26-04-2024 14:02:04.812Z;functions.waitForImage;  IMAGEM BORDERO image found.
26-04-2024 14:02:06.916Z;functions.movimentacao_bancaria;  IMAGEM BORDERO CLICADA.
26-04-2024 14:02:17.174Z;functions.waitForImage;  LICENCAS EXCEDIDAS image not found.
26-04-2024 14:02:17.721Z;functions.movimentacao_bancaria;  ENCONTROU O FILTRO DA MOVIMENTAÇÃO BANCÁRIA
26-04-2024 14:02:17.753Z;functions.movimentacao_bancaria;  CLICA NA ABA SUPERIOR DO FILTRO
26-04-2024 14:02:21.957Z;functions.movimentacao_bancaria;  SELECIONA O FILTRO HOJE
26-04-2024 14:02:25.221Z;functions.waitForImage;  FILTER CLEAN image found.
26-04-2024 14:02:27.354Z;functions.filter_clean;  CLICK NO BOTÃO X DO LIMPA FILTRO
26-04-2024 14:02:42.471Z;functions.waitForImage;  FILTER CLEAN image not found.
26-04-2024 14:02:57.596Z;functions.waitForImage;  FILTER CLEAN image not found.
26-04-2024 14:03:00.408Z;functions.movimentacao_bancaria;  CLICK NA PRIMEIRA LINHA DA TABELA MOVIMENTAÇÃO BANCÁRIA
26-04-2024 14:03:01.622Z;functions.movimentacao_bancaria;  12 PASSOS PARA DIREITA NA TABELA >>
26-04-2024 14:03:02.877Z;functions.movimentacao_bancaria;  HOVER FILTER
26-04-2024 14:03:03.202Z;functions.movimentacao_bancaria;  CLICK FILTER
26-04-2024 14:03:07.511Z;functions.movimentacao_bancaria;  CLICK NO FILTRO  STATUS DA REMESSA
26-04-2024 14:03:09.613Z;functions.movimentacao_bancaria;  APERTA TAB PARA ESCREVER O FILTRO
26-04-2024 14:03:11.717Z;functions.movimentacao_bancaria;  ESCREVE PENDENTE NO FILTRO
26-04-2024 14:03:13.819Z;functions.movimentacao_bancaria;  APERTA ENTER PARA SELECIONAR OS PENDENTES
26-04-2024 14:03:31.813Z;functions.movimentacao_bancaria;  SEM PROCESSAMENTO DE BORDERO PENDENTE.
26-04-2024 14:03:36.940Z;functions.waitForImage;  FILTER CLEAN image found.
26-04-2024 14:03:39.072Z;functions.filter_clean;  CLICK NO BOTÃO X DO LIMPA FILTRO
26-04-2024 14:03:54.190Z;functions.waitForImage;  FILTER CLEAN image not found.
26-04-2024 14:04:09.315Z;functions.waitForImage;  FILTER CLEAN image not found.
26-04-2024 14:04:10.129Z;functions.remessa_pagamento;  CLICK NA PRIMEIRA LINHA DA TABELA MOVIMENTAÇÃO BANCÁRIA
26-04-2024 14:04:11.377Z;functions.remessa_pagamento;  HOVER FILTER
26-04-2024 14:04:11.666Z;functions.remessa_pagamento;  CLICK FILTER
26-04-2024 14:04:15.980Z;functions.remessa_pagamento;  CLICK NO FILTRO  STATUS DA REMESSA
26-04-2024 14:04:18.082Z;functions.remessa_pagamento;  APERTA TAB PARA ESCREVER O FILTRO
26-04-2024 14:04:20.188Z;functions.remessa_pagamento;  ESCREVE AUTORIZADO NO FILTRO
26-04-2024 14:04:22.289Z;functions.remessa_pagamento;  APERTA ENTER PARA SELECIONAR OS AUTORIZADO
26-04-2024 14:04:40.253Z;functions.remessa_pagamento;  SEM REMESSA DE BORDERO AUTORIZADO
26-04-2024 14:04:40.877Z;functions.enter_contas_a_pagar;  CLICK - TOTVS - LINHA RM
26-04-2024 14:04:41.846Z;functions.enter_contas_a_pagar;  CLICK - BACK OFFICE
26-04-2024 14:04:42.534Z;functions.enter_contas_a_pagar;  CLICK - GESTAO FINANCEIRA
26-04-2024 14:04:54.127Z;functions.enter_contas_a_pagar;  CLICK - CONTAS A PAGAR
26-04-2024 14:04:54.252Z;functions.waitForImage;  LANÇAMENTOS image found.
26-04-2024 14:04:56.385Z;functions.enter_contas_a_pagar;  CLICA EM LANÇAMENTOS
26-04-2024 14:05:11.518Z;functions.waitForImage;  LICENCAS EXCEDIDAS image not found.
26-04-2024 14:05:11.518Z;functions.obter_intervalo_data;  VERIFICANDO A HORA ATUAL 14
26-04-2024 14:05:11.533Z;functions.obter_intervalo_data;  Data Inicial FERIAS/RESCISAO antes da remoção: None
26-04-2024 14:05:11.533Z;functions.obter_intervalo_data;  Data Final FERIAS/RESCISAO antes da remoção: None
26-04-2024 14:05:11.533Z;functions.obter_intervalo_data;  Data Inicial FERIAS/RESCISAO após a remoção: None
26-04-2024 14:05:11.533Z;functions.obter_intervalo_data;  Data Final FERIAS/RESCISAO após a remoção: None
26-04-2024 14:05:11.533Z;functions.obter_intervalo_data;  hoje -  2024-04-26 14:05:11.533902
26-04-2024 14:05:11.533Z;functions.data_filter;  DATA INICIO 01-05-2024
26-04-2024 14:05:11.533Z;functions.data_filter;  DATA FIM 07-05-2024
26-04-2024 14:05:11.533Z;functions.data_filter;  CLICK - SELECIONA A DATA DE QUARTA FEIRA E DA PROXIMA TERÇA
26-04-2024 14:05:11.533Z;functions.data_filter;  QUARTA-FEIRA: 01-05-2024
26-04-2024 14:05:11.533Z;functions.data_filter;  TERCA-FEIRA: 07-05-2024
26-04-2024 14:05:23.753Z;functions.data_filter;  CLICK - BUTÃO DE SELECAO DE FILTRO
26-04-2024 14:05:27.487Z;functions.data_filter;  INSERE - DATA DE QUARTA-FEIRA: 01-05-2024
26-04-2024 14:05:30.987Z;functions.data_filter;  INSERE - DATA DA PROX TERCA-FEIRA: 07-05-2024
26-04-2024 14:05:31.627Z;functions.data_filter;  CLICK - BUTÃO DE EXECUTAR O FILTRO
26-04-2024 14:05:37.409Z;functions.desmark_filter;  CLICK CHECKBOX LANÇAMENTOS A RECEBER
26-04-2024 14:05:38.221Z;functions.desmark_filter;  CLICK CHECKBOX LANÇAMENTOS BAIXADOS
26-04-2024 14:05:39.065Z;functions.desmark_filter;  CLICK CHECKBOX LANÇAMENTOS CANCELADOS
26-04-2024 14:05:39.939Z;functions.desmark_filter;  CLICK CHECKBOX LANÇAMENTOS FATURADOS
26-04-2024 14:05:40.825Z;functions.desmark_filter;  ATUALIZA O FILTRO
26-04-2024 14:05:40.940Z;functions.waitForImage;  FILTER CLEAN image found.
26-04-2024 14:05:43.072Z;functions.filter_clean;  CLICK NO BOTÃO X DO LIMPA FILTRO
26-04-2024 14:05:58.190Z;functions.waitForImage;  FILTER CLEAN image not found.
26-04-2024 14:06:13.315Z;functions.waitForImage;  FILTER CLEAN image not found.
26-04-2024 14:06:14.237Z;functions.tabela_vazia;  Texto extraido 0/0
26-04-2024 14:06:14.237Z;functions.tabela_vazia;  Count 0
26-04-2024 14:06:14.237Z;functions.tabela_vazia;  Type <class 'int'>
26-04-2024 14:06:16.244Z;functions.tabela_vazia;  SEM REMESSA DE FÉRIAS/RESCISÃO
26-04-2024 14:06:18.244Z;main.<module>;  SEM REMESSA DE FÉRIAS/RESCISÃO
26-04-2024 14:06:19.860Z;errorhandler.__handle;  Property: Unknown Property name. [1:203: -ms-interpolation-mode]
26-04-2024 14:06:19.868Z;errorhandler.__handle;  Property: Unknown Property name. [1:353: -webkit-font-smoothing]
26-04-2024 14:06:19.871Z;errorhandler.__handle;  Property: Unknown Property name. [1:483: -ms-text-size-adjust]
26-04-2024 14:06:19.871Z;errorhandler.__handle;  Property: Unknown Property name. [1:518: -webkit-text-size-adjust]
26-04-2024 14:06:19.872Z;errorhandler.__handle;  Property: Unknown Property name. [1:612: mso-table-lspace]
26-04-2024 14:06:19.872Z;errorhandler.__handle;  Property: Unknown Property name. [1:642: mso-table-rspace]
26-04-2024 14:06:19.923Z;errorhandler.__handle;  Property: Unknown Property name. [1:4734: mso-hide]
26-04-2024 14:06:19.949Z;errorhandler.__handle;  Property: Unknown Property name. [1:13: -ms-interpolation-mode]
26-04-2024 14:06:19.950Z;errorhandler.__handle;  Property: Unknown Property name. [1:49: -webkit-font-smoothing]
26-04-2024 14:06:19.951Z;errorhandler.__handle;  Property: Unknown Property name. [1:134: -ms-text-size-adjust]
26-04-2024 14:06:19.951Z;errorhandler.__handle;  Property: Unknown Property name. [1:160: -webkit-text-size-adjust]
26-04-2024 14:06:19.952Z;errorhandler.__handle;  Property: Unknown Property name. [1:26: mso-table-lspace]
26-04-2024 14:06:19.952Z;errorhandler.__handle;  Property: Unknown Property name. [1:45: mso-table-rspace]
26-04-2024 14:06:19.962Z;errorhandler.__handle;  Property: Unknown Property name. [1:92: mso-hide]
26-04-2024 14:06:19.965Z;errorhandler.__handle;  Property: No ":" after name found: align-center [1:1: align-center]
26-04-2024 14:06:19.965Z;errorhandler.__handle;  Property: No property value found: align-center [1:1: align-center]
26-04-2024 14:06:19.966Z;errorhandler.__handle;  CSSStyleDeclaration: Syntax Error in Property: align-center
26-04-2024 14:06:19.966Z;errorhandler.__handle;  Property: Unknown Property name. [1:14: -ms-interpolation-mode]
26-04-2024 14:06:22.757Z;functions.emailFinalizado;  Finalizado e-mail sent.
26-04-2024 14:06:22.838Z;functions.encerra_prog;  RM ENCERRADO
