26-04-2024 20:00:19.398Z;functions.bot_text_art;      ____   
26-04-2024 20:00:19.398Z;functions.bot_text_art;     [____]    
26-04-2024 20:00:19.398Z;functions.bot_text_art;   |=]()()[=|  
26-04-2024 20:00:19.398Z;functions.bot_text_art;     _\==/__    _____    ____     _        _____    ___   _  __
26-04-2024 20:00:19.398Z;functions.bot_text_art;   |__|   |_|  |  _  \  / ___|   | |      |_   _| / ___| | |/ /
26-04-2024 20:00:19.398Z;functions.bot_text_art;   |_|_/\_|_|  | |  | | | |      | |        | |   | |    | ' / 
26-04-2024 20:00:19.398Z;functions.bot_text_art;   | | __ | |  | |  | | | |      | |        | |   | |    |  <  
26-04-2024 20:00:19.398Z;functions.bot_text_art;   |_|[  ]|_|  | |__| | | |____  | |____   _| |_  | |__  | . \ 
26-04-2024 20:00:19.398Z;functions.bot_text_art;   \_|_||_|_/  |_____/   \_____| |______| |_____| \ ___| |_|\_\
26-04-2024 20:00:19.398Z;functions.bot_text_art;     |_||_|                                                     
26-04-2024 20:00:19.398Z;functions.bot_text_art;     | ||_|_   
26-04-2024 20:00:19.398Z;functions.bot_text_art;   |___||___|  
26-04-2024 20:00:19.398Z;functions.bot_text_art;               
26-04-2024 20:00:19.398Z;functions.open_RM;  OPEN PROGRAM RM
26-04-2024 20:00:33.562Z;functions.loggin_RM;  ENTRAR USER_NAME
26-04-2024 20:00:36.368Z;functions.loggin_RM;  ENTRAR PASSWORD
26-04-2024 20:00:37.022Z;functions.loggin_RM;  ENTRAR RM
26-04-2024 20:01:23.226Z;functions.enter_coligada;  CLICK CONTEXTO
26-04-2024 20:01:27.291Z;functions.enter_coligada;  CLICK ALTERAR MODULO DO CONTEXTO
26-04-2024 20:01:30.600Z;functions.enter_coligada;  INSERE O COLIGADA CODE = 1
26-04-2024 20:01:30.702Z;functions.enter_coligada;  APERTA TAB PARA PREENCHER O CAMPO COM A STRING: OCEANICA ENGENHARIA E CONSULTORIA S.A.
26-04-2024 20:01:32.633Z;functions.enter_coligada;  CLICK AVANÇAR NOVAMENTE
26-04-2024 20:01:34.023Z;functions.enter_coligada;  CLICK CONCLUIR
26-04-2024 20:01:52.398Z;functions.enter_coligada;  POP UP COLIGADA DESAPARECER
26-04-2024 20:01:52.977Z;functions.check_movimentacao_bancaria;  CLICK - TOTVS - LINHA RM
26-04-2024 20:01:53.993Z;functions.check_movimentacao_bancaria;  CLICK - BACK OFFICE
26-04-2024 20:01:54.679Z;functions.check_movimentacao_bancaria;  CLICK - GESTAO FINANCEIRA
26-04-2024 20:02:04.117Z;functions.movimentacao_bancaria;  CLICK NA ABA MOVIMENTAÇÃO BANCARIA
26-04-2024 20:02:06.228Z;functions.waitForImage;  IMAGEM BORDERO image found.
26-04-2024 20:02:08.362Z;functions.movimentacao_bancaria;  IMAGEM BORDERO CLICADA.
26-04-2024 20:02:18.735Z;functions.waitForImage;  LICENCAS EXCEDIDAS image not found.
26-04-2024 20:02:19.282Z;functions.movimentacao_bancaria;  ENCONTROU O FILTRO DA MOVIMENTAÇÃO BANCÁRIA
26-04-2024 20:02:19.297Z;functions.movimentacao_bancaria;  CLICA NA ABA SUPERIOR DO FILTRO
26-04-2024 20:02:23.502Z;functions.movimentacao_bancaria;  SELECIONA O FILTRO HOJE
26-04-2024 20:02:26.598Z;functions.waitForImage;  FILTER CLEAN image found.
26-04-2024 20:02:28.717Z;functions.filter_clean;  CLICK NO BOTÃO X DO LIMPA FILTRO
26-04-2024 20:02:43.726Z;functions.waitForImage;  FILTER CLEAN image not found.
26-04-2024 20:02:58.730Z;functions.waitForImage;  FILTER CLEAN image not found.
26-04-2024 20:03:01.511Z;functions.movimentacao_bancaria;  CLICK NA PRIMEIRA LINHA DA TABELA MOVIMENTAÇÃO BANCÁRIA
26-04-2024 20:03:02.723Z;functions.movimentacao_bancaria;  12 PASSOS PARA DIREITA NA TABELA >>
26-04-2024 20:03:04.007Z;functions.movimentacao_bancaria;  HOVER FILTER
26-04-2024 20:03:04.350Z;functions.movimentacao_bancaria;  CLICK FILTER
26-04-2024 20:03:08.659Z;functions.movimentacao_bancaria;  CLICK NO FILTRO  STATUS DA REMESSA
26-04-2024 20:03:10.761Z;functions.movimentacao_bancaria;  APERTA TAB PARA ESCREVER O FILTRO
26-04-2024 20:03:12.865Z;functions.movimentacao_bancaria;  ESCREVE PENDENTE NO FILTRO
26-04-2024 20:03:14.967Z;functions.movimentacao_bancaria;  APERTA ENTER PARA SELECIONAR OS PENDENTES
26-04-2024 20:03:32.936Z;functions.movimentacao_bancaria;  SEM PROCESSAMENTO DE BORDERO PENDENTE.
26-04-2024 20:03:38.033Z;functions.waitForImage;  FILTER CLEAN image found.
26-04-2024 20:03:40.152Z;functions.filter_clean;  CLICK NO BOTÃO X DO LIMPA FILTRO
26-04-2024 20:03:55.155Z;functions.waitForImage;  FILTER CLEAN image not found.
26-04-2024 20:04:10.732Z;functions.waitForImage;  FILTER CLEAN image not found.
26-04-2024 20:04:11.544Z;functions.remessa_pagamento;  CLICK NA PRIMEIRA LINHA DA TABELA MOVIMENTAÇÃO BANCÁRIA
26-04-2024 20:04:12.789Z;functions.remessa_pagamento;  HOVER FILTER
26-04-2024 20:04:13.069Z;functions.remessa_pagamento;  CLICK FILTER
26-04-2024 20:04:17.382Z;functions.remessa_pagamento;  CLICK NO FILTRO  STATUS DA REMESSA
26-04-2024 20:04:19.483Z;functions.remessa_pagamento;  APERTA TAB PARA ESCREVER O FILTRO
26-04-2024 20:04:21.590Z;functions.remessa_pagamento;  ESCREVE AUTORIZADO NO FILTRO
26-04-2024 20:04:23.691Z;functions.remessa_pagamento;  APERTA ENTER PARA SELECIONAR OS AUTORIZADO
26-04-2024 20:04:41.585Z;functions.remessa_pagamento;  SEM REMESSA DE BORDERO AUTORIZADO
26-04-2024 20:04:42.184Z;functions.enter_contas_a_pagar;  CLICK - TOTVS - LINHA RM
26-04-2024 20:04:43.154Z;functions.enter_contas_a_pagar;  CLICK - BACK OFFICE
26-04-2024 20:04:43.820Z;functions.enter_contas_a_pagar;  CLICK - GESTAO FINANCEIRA
26-04-2024 20:04:55.630Z;functions.enter_contas_a_pagar;  CLICK - CONTAS A PAGAR
26-04-2024 20:04:56.320Z;functions.waitForImage;  LANÇAMENTOS image found.
26-04-2024 20:04:58.436Z;functions.enter_contas_a_pagar;  CLICA EM LANÇAMENTOS
26-04-2024 20:05:13.740Z;functions.waitForImage;  LICENCAS EXCEDIDAS image not found.
26-04-2024 20:05:13.740Z;functions.obter_intervalo_data;  VERIFICANDO A HORA ATUAL 20
26-04-2024 20:05:13.740Z;functions.obter_intervalo_data;  Data Inicial FERIAS/RESCISAO antes da remoção: None
26-04-2024 20:05:13.740Z;functions.obter_intervalo_data;  Data Final FERIAS/RESCISAO antes da remoção: None
26-04-2024 20:05:13.740Z;functions.obter_intervalo_data;  Data Inicial FERIAS/RESCISAO após a remoção: None
26-04-2024 20:05:13.740Z;functions.obter_intervalo_data;  Data Final FERIAS/RESCISAO após a remoção: None
26-04-2024 20:05:13.740Z;functions.obter_intervalo_data;  hoje -  2024-04-26 20:05:13.740928
26-04-2024 20:05:13.740Z;functions.data_filter;  DATA INICIO 01-05-2024
26-04-2024 20:05:13.740Z;functions.data_filter;  DATA FIM 07-05-2024
26-04-2024 20:05:13.740Z;functions.data_filter;  CLICK - SELECIONA A DATA DE QUARTA FEIRA E DA PROXIMA TERÇA
26-04-2024 20:05:13.740Z;functions.data_filter;  QUARTA-FEIRA: 01-05-2024
26-04-2024 20:05:13.740Z;functions.data_filter;  TERCA-FEIRA: 07-05-2024
26-04-2024 20:05:25.914Z;functions.data_filter;  CLICK - BUTÃO DE SELECAO DE FILTRO
26-04-2024 20:05:29.609Z;functions.data_filter;  INSERE - DATA DE QUARTA-FEIRA: 01-05-2024
26-04-2024 20:05:33.044Z;functions.data_filter;  INSERE - DATA DA PROX TERCA-FEIRA: 07-05-2024
26-04-2024 20:05:33.649Z;functions.data_filter;  CLICK - BUTÃO DE EXECUTAR O FILTRO
26-04-2024 20:05:39.457Z;functions.desmark_filter;  CLICK CHECKBOX LANÇAMENTOS A RECEBER
26-04-2024 20:05:40.477Z;functions.desmark_filter;  CLICK CHECKBOX LANÇAMENTOS BAIXADOS
26-04-2024 20:05:41.288Z;functions.desmark_filter;  CLICK CHECKBOX LANÇAMENTOS CANCELADOS
26-04-2024 20:05:42.148Z;functions.desmark_filter;  CLICK CHECKBOX LANÇAMENTOS FATURADOS
26-04-2024 20:05:43.055Z;functions.desmark_filter;  ATUALIZA O FILTRO
26-04-2024 20:05:43.171Z;functions.waitForImage;  FILTER CLEAN image found.
26-04-2024 20:05:45.290Z;functions.filter_clean;  CLICK NO BOTÃO X DO LIMPA FILTRO
26-04-2024 20:06:00.293Z;functions.waitForImage;  FILTER CLEAN image not found.
26-04-2024 20:06:15.825Z;functions.waitForImage;  FILTER CLEAN image not found.
26-04-2024 20:06:16.741Z;functions.tabela_vazia;  Texto extraido 0/0
26-04-2024 20:06:16.741Z;functions.tabela_vazia;  Count 0
26-04-2024 20:06:16.741Z;functions.tabela_vazia;  Type <class 'int'>
26-04-2024 20:06:18.751Z;functions.tabela_vazia;  SEM REMESSA DE FÉRIAS/RESCISÃO
26-04-2024 20:06:20.752Z;main.<module>;  SEM REMESSA DE FÉRIAS/RESCISÃO
26-04-2024 20:06:22.445Z;errorhandler.__handle;  Property: Unknown Property name. [1:203: -ms-interpolation-mode]
26-04-2024 20:06:22.445Z;errorhandler.__handle;  Property: Unknown Property name. [1:353: -webkit-font-smoothing]
26-04-2024 20:06:22.445Z;errorhandler.__handle;  Property: Unknown Property name. [1:483: -ms-text-size-adjust]
26-04-2024 20:06:22.445Z;errorhandler.__handle;  Property: Unknown Property name. [1:518: -webkit-text-size-adjust]
26-04-2024 20:06:22.445Z;errorhandler.__handle;  Property: Unknown Property name. [1:612: mso-table-lspace]
26-04-2024 20:06:22.445Z;errorhandler.__handle;  Property: Unknown Property name. [1:642: mso-table-rspace]
26-04-2024 20:06:22.492Z;errorhandler.__handle;  Property: Unknown Property name. [1:4734: mso-hide]
26-04-2024 20:06:22.523Z;errorhandler.__handle;  Property: Unknown Property name. [1:13: -ms-interpolation-mode]
26-04-2024 20:06:22.523Z;errorhandler.__handle;  Property: Unknown Property name. [1:49: -webkit-font-smoothing]
26-04-2024 20:06:22.523Z;errorhandler.__handle;  Property: Unknown Property name. [1:134: -ms-text-size-adjust]
26-04-2024 20:06:22.523Z;errorhandler.__handle;  Property: Unknown Property name. [1:160: -webkit-text-size-adjust]
26-04-2024 20:06:22.523Z;errorhandler.__handle;  Property: Unknown Property name. [1:26: mso-table-lspace]
26-04-2024 20:06:22.523Z;errorhandler.__handle;  Property: Unknown Property name. [1:45: mso-table-rspace]
26-04-2024 20:06:22.539Z;errorhandler.__handle;  Property: Unknown Property name. [1:92: mso-hide]
26-04-2024 20:06:22.539Z;errorhandler.__handle;  Property: No ":" after name found: align-center [1:1: align-center]
26-04-2024 20:06:22.539Z;errorhandler.__handle;  Property: No property value found: align-center [1:1: align-center]
26-04-2024 20:06:22.539Z;errorhandler.__handle;  CSSStyleDeclaration: Syntax Error in Property: align-center
26-04-2024 20:06:22.539Z;errorhandler.__handle;  Property: Unknown Property name. [1:14: -ms-interpolation-mode]
26-04-2024 20:06:25.304Z;functions.emailFinalizado;  Finalizado e-mail sent.
26-04-2024 20:06:25.381Z;functions.encerra_prog;  RM ENCERRADO
