03-05-2024 20:00:19.215Z;functions.bot_text_art;      ____   
03-05-2024 20:00:19.215Z;functions.bot_text_art;     [____]    
03-05-2024 20:00:19.215Z;functions.bot_text_art;   |=]()()[=|  
03-05-2024 20:00:19.215Z;functions.bot_text_art;     _\==/__    _____    ____     _        _____    ___   _  __
03-05-2024 20:00:19.215Z;functions.bot_text_art;   |__|   |_|  |  _  \  / ___|   | |      |_   _| / ___| | |/ /
03-05-2024 20:00:19.215Z;functions.bot_text_art;   |_|_/\_|_|  | |  | | | |      | |        | |   | |    | ' / 
03-05-2024 20:00:19.215Z;functions.bot_text_art;   | | __ | |  | |  | | | |      | |        | |   | |    |  <  
03-05-2024 20:00:19.215Z;functions.bot_text_art;   |_|[  ]|_|  | |__| | | |____  | |____   _| |_  | |__  | . \ 
03-05-2024 20:00:19.215Z;functions.bot_text_art;   \_|_||_|_/  |_____/   \_____| |______| |_____| \ ___| |_|\_\
03-05-2024 20:00:19.215Z;functions.bot_text_art;     |_||_|                                                     
03-05-2024 20:00:19.215Z;functions.bot_text_art;     | ||_|_   
03-05-2024 20:00:19.215Z;functions.bot_text_art;   |___||___|  
03-05-2024 20:00:19.215Z;functions.bot_text_art;               
03-05-2024 20:00:19.215Z;functions.open_RM;  OPEN PROGRAM RM
03-05-2024 20:00:28.090Z;functions.loggin_RM;  ENTRAR USER_NAME
03-05-2024 20:00:30.918Z;functions.loggin_RM;  ENTRAR PASSWORD
03-05-2024 20:00:31.589Z;functions.loggin_RM;  ENTRAR RM
03-05-2024 20:00:51.010Z;functions.enter_coligada;  CLICK CONTEXTO
03-05-2024 20:00:54.917Z;functions.enter_coligada;  CLICK ALTERAR MODULO DO CONTEXTO
03-05-2024 20:00:57.216Z;functions.enter_coligada;  INSERE O COLIGADA CODE = 1
03-05-2024 20:00:57.318Z;functions.enter_coligada;  APERTA TAB PARA PREENCHER O CAMPO COM A STRING: OCEANICA ENGENHARIA E CONSULTORIA S.A.
03-05-2024 20:00:58.173Z;functions.enter_coligada;  CLICK AVANÇAR NOVAMENTE
03-05-2024 20:00:58.983Z;functions.enter_coligada;  CLICK CONCLUIR
03-05-2024 20:01:09.214Z;functions.enter_coligada;  POP UP COLIGADA DESAPARECER
03-05-2024 20:01:09.824Z;functions.check_movimentacao_bancaria;  CLICK - TOTVS - LINHA RM
03-05-2024 20:01:10.886Z;functions.check_movimentacao_bancaria;  CLICK - BACK OFFICE
03-05-2024 20:01:13.198Z;functions.check_movimentacao_bancaria;  CLICK - GESTAO FINANCEIRA
03-05-2024 20:01:18.434Z;functions.movimentacao_bancaria;  CLICK NA ABA MOVIMENTAÇÃO BANCARIA
03-05-2024 20:01:20.542Z;functions.waitForImage;  IMAGEM BORDERO image found.
03-05-2024 20:01:22.671Z;functions.movimentacao_bancaria;  IMAGEM BORDERO CLICADA.
03-05-2024 20:01:33.179Z;functions.waitForImage;  LICENCAS EXCEDIDAS image not found.
03-05-2024 20:01:33.729Z;functions.movimentacao_bancaria;  ENCONTROU O FILTRO DA MOVIMENTAÇÃO BANCÁRIA
03-05-2024 20:01:33.745Z;functions.movimentacao_bancaria;  CLICA NA ABA SUPERIOR DO FILTRO
03-05-2024 20:01:37.949Z;functions.movimentacao_bancaria;  SELECIONA O FILTRO HOJE
03-05-2024 20:01:39.882Z;functions.waitForImage;  FILTER CLEAN image found.
03-05-2024 20:01:42.008Z;functions.filter_clean;  CLICK NO BOTÃO X DO LIMPA FILTRO
03-05-2024 20:01:57.111Z;functions.waitForImage;  FILTER CLEAN image not found.
03-05-2024 20:02:12.249Z;functions.waitForImage;  FILTER CLEAN image not found.
03-05-2024 20:02:15.028Z;functions.movimentacao_bancaria;  CLICK NA PRIMEIRA LINHA DA TABELA MOVIMENTAÇÃO BANCÁRIA
03-05-2024 20:02:16.246Z;functions.movimentacao_bancaria;  12 PASSOS PARA DIREITA NA TABELA >>
03-05-2024 20:02:17.495Z;functions.movimentacao_bancaria;  HOVER FILTER
03-05-2024 20:02:17.840Z;functions.movimentacao_bancaria;  CLICK FILTER
03-05-2024 20:02:22.149Z;functions.movimentacao_bancaria;  CLICK NO FILTRO  STATUS DA REMESSA
03-05-2024 20:02:24.251Z;functions.movimentacao_bancaria;  APERTA TAB PARA ESCREVER O FILTRO
03-05-2024 20:02:26.356Z;functions.movimentacao_bancaria;  ESCREVE PENDENTE NO FILTRO
03-05-2024 20:02:28.457Z;functions.movimentacao_bancaria;  APERTA ENTER PARA SELECIONAR OS PENDENTES
03-05-2024 20:02:46.417Z;functions.movimentacao_bancaria;  SEM PROCESSAMENTO DE BORDERO PENDENTE.
03-05-2024 20:02:51.511Z;functions.waitForImage;  FILTER CLEAN image found.
03-05-2024 20:02:53.635Z;functions.filter_clean;  CLICK NO BOTÃO X DO LIMPA FILTRO
03-05-2024 20:03:08.725Z;functions.waitForImage;  FILTER CLEAN image not found.
03-05-2024 20:03:23.864Z;functions.waitForImage;  FILTER CLEAN image not found.
03-05-2024 20:03:24.667Z;functions.remessa_pagamento;  CLICK NA PRIMEIRA LINHA DA TABELA MOVIMENTAÇÃO BANCÁRIA
03-05-2024 20:03:25.917Z;functions.remessa_pagamento;  HOVER FILTER
03-05-2024 20:03:26.201Z;functions.remessa_pagamento;  CLICK FILTER
03-05-2024 20:03:30.513Z;functions.remessa_pagamento;  CLICK NO FILTRO  STATUS DA REMESSA
03-05-2024 20:03:32.614Z;functions.remessa_pagamento;  APERTA TAB PARA ESCREVER O FILTRO
03-05-2024 20:03:34.721Z;functions.remessa_pagamento;  ESCREVE AUTORIZADO NO FILTRO
03-05-2024 20:03:36.822Z;functions.remessa_pagamento;  APERTA ENTER PARA SELECIONAR OS AUTORIZADO
03-05-2024 20:03:54.761Z;functions.remessa_pagamento;  SEM REMESSA DE BORDERO AUTORIZADO
03-05-2024 20:03:55.371Z;functions.enter_contas_a_pagar;  CLICK - TOTVS - LINHA RM
03-05-2024 20:03:56.311Z;functions.enter_contas_a_pagar;  CLICK - BACK OFFICE
03-05-2024 20:03:57.011Z;functions.enter_contas_a_pagar;  CLICK - GESTAO FINANCEIRA
03-05-2024 20:04:01.777Z;functions.enter_contas_a_pagar;  CLICK - CONTAS A PAGAR
03-05-2024 20:04:01.929Z;functions.waitForImage;  LANÇAMENTOS image found.
03-05-2024 20:04:04.049Z;functions.enter_contas_a_pagar;  CLICA EM LANÇAMENTOS
03-05-2024 20:04:19.465Z;functions.waitForImage;  LICENCAS EXCEDIDAS image not found.
03-05-2024 20:04:19.465Z;functions.obter_intervalo_data;  VERIFICANDO A HORA ATUAL 20
03-05-2024 20:04:19.480Z;functions.obter_intervalo_data;  Data Inicial FERIAS/RESCISAO antes da remoção: None
03-05-2024 20:04:19.480Z;functions.obter_intervalo_data;  Data Final FERIAS/RESCISAO antes da remoção: None
03-05-2024 20:04:19.480Z;functions.obter_intervalo_data;  Data Inicial FERIAS/RESCISAO após a remoção: None
03-05-2024 20:04:19.480Z;functions.obter_intervalo_data;  Data Final FERIAS/RESCISAO após a remoção: None
03-05-2024 20:04:19.480Z;functions.obter_intervalo_data;  hoje -  2024-05-03 20:04:19.480881
03-05-2024 20:04:19.480Z;functions.data_filter;  DATA INICIO 08-05-2024
03-05-2024 20:04:19.480Z;functions.data_filter;  DATA FIM 14-05-2024
03-05-2024 20:04:19.480Z;functions.data_filter;  CLICK - SELECIONA A DATA DE QUARTA FEIRA E DA PROXIMA TERÇA
03-05-2024 20:04:19.480Z;functions.data_filter;  QUARTA-FEIRA: 08-05-2024
03-05-2024 20:04:19.480Z;functions.data_filter;  TERCA-FEIRA: 14-05-2024
03-05-2024 20:04:31.683Z;functions.data_filter;  CLICK - BUTÃO DE SELECAO DE FILTRO
03-05-2024 20:04:35.417Z;functions.data_filter;  INSERE - DATA DE QUARTA-FEIRA: 08-05-2024
03-05-2024 20:04:38.886Z;functions.data_filter;  INSERE - DATA DA PROX TERCA-FEIRA: 14-05-2024
03-05-2024 20:04:39.496Z;functions.data_filter;  CLICK - BUTÃO DE EXECUTAR O FILTRO
03-05-2024 20:04:45.292Z;functions.desmark_filter;  CLICK CHECKBOX LANÇAMENTOS A RECEBER
03-05-2024 20:04:46.089Z;functions.desmark_filter;  CLICK CHECKBOX LANÇAMENTOS BAIXADOS
03-05-2024 20:04:46.902Z;functions.desmark_filter;  CLICK CHECKBOX LANÇAMENTOS CANCELADOS
03-05-2024 20:04:48.016Z;functions.desmark_filter;  CLICK CHECKBOX LANÇAMENTOS FATURADOS
03-05-2024 20:04:48.886Z;functions.desmark_filter;  ATUALIZA O FILTRO
03-05-2024 20:04:49.039Z;functions.waitForImage;  FILTER CLEAN image found.
03-05-2024 20:04:51.158Z;functions.filter_clean;  CLICK NO BOTÃO X DO LIMPA FILTRO
03-05-2024 20:05:06.327Z;functions.waitForImage;  FILTER CLEAN image not found.
03-05-2024 20:05:21.377Z;functions.waitForImage;  FILTER CLEAN image not found.
03-05-2024 20:05:22.298Z;functions.tabela_vazia;  Texto extraido 0/0
03-05-2024 20:05:22.298Z;functions.tabela_vazia;  Count 0
03-05-2024 20:05:22.298Z;functions.tabela_vazia;  Type <class 'int'>
03-05-2024 20:05:24.305Z;functions.tabela_vazia;  SEM REMESSA DE FÉRIAS/RESCISÃO
03-05-2024 20:05:26.306Z;main.<module>;  SEM REMESSA DE FÉRIAS/RESCISÃO
03-05-2024 20:05:27.902Z;errorhandler.__handle;  Property: Unknown Property name. [1:203: -ms-interpolation-mode]
03-05-2024 20:05:27.902Z;errorhandler.__handle;  Property: Unknown Property name. [1:353: -webkit-font-smoothing]
03-05-2024 20:05:27.902Z;errorhandler.__handle;  Property: Unknown Property name. [1:483: -ms-text-size-adjust]
03-05-2024 20:05:27.902Z;errorhandler.__handle;  Property: Unknown Property name. [1:518: -webkit-text-size-adjust]
03-05-2024 20:05:27.902Z;errorhandler.__handle;  Property: Unknown Property name. [1:612: mso-table-lspace]
03-05-2024 20:05:27.902Z;errorhandler.__handle;  Property: Unknown Property name. [1:642: mso-table-rspace]
03-05-2024 20:05:27.965Z;errorhandler.__handle;  Property: Unknown Property name. [1:4734: mso-hide]
03-05-2024 20:05:27.996Z;errorhandler.__handle;  Property: Unknown Property name. [1:13: -ms-interpolation-mode]
03-05-2024 20:05:27.996Z;errorhandler.__handle;  Property: Unknown Property name. [1:49: -webkit-font-smoothing]
03-05-2024 20:05:27.996Z;errorhandler.__handle;  Property: Unknown Property name. [1:134: -ms-text-size-adjust]
03-05-2024 20:05:27.996Z;errorhandler.__handle;  Property: Unknown Property name. [1:160: -webkit-text-size-adjust]
03-05-2024 20:05:27.996Z;errorhandler.__handle;  Property: Unknown Property name. [1:26: mso-table-lspace]
03-05-2024 20:05:27.996Z;errorhandler.__handle;  Property: Unknown Property name. [1:45: mso-table-rspace]
03-05-2024 20:05:28.011Z;errorhandler.__handle;  Property: Unknown Property name. [1:92: mso-hide]
03-05-2024 20:05:28.011Z;errorhandler.__handle;  Property: No ":" after name found: align-center [1:1: align-center]
03-05-2024 20:05:28.011Z;errorhandler.__handle;  Property: No property value found: align-center [1:1: align-center]
03-05-2024 20:05:28.011Z;errorhandler.__handle;  CSSStyleDeclaration: Syntax Error in Property: align-center
03-05-2024 20:05:28.011Z;errorhandler.__handle;  Property: Unknown Property name. [1:14: -ms-interpolation-mode]
03-05-2024 20:05:29.940Z;functions.emailFinalizado;  Finalizado e-mail sent.
03-05-2024 20:05:30.022Z;functions.encerra_prog;  RM ENCERRADO
