28-04-2024 20:00:12.328Z;functions.bot_text_art;      ____   
28-04-2024 20:00:12.328Z;functions.bot_text_art;     [____]    
28-04-2024 20:00:12.328Z;functions.bot_text_art;   |=]()()[=|  
28-04-2024 20:00:12.328Z;functions.bot_text_art;     _\==/__    _____    ____     _        _____    ___   _  __
28-04-2024 20:00:12.328Z;functions.bot_text_art;   |__|   |_|  |  _  \  / ___|   | |      |_   _| / ___| | |/ /
28-04-2024 20:00:12.328Z;functions.bot_text_art;   |_|_/\_|_|  | |  | | | |      | |        | |   | |    | ' / 
28-04-2024 20:00:12.328Z;functions.bot_text_art;   | | __ | |  | |  | | | |      | |        | |   | |    |  <  
28-04-2024 20:00:12.328Z;functions.bot_text_art;   |_|[  ]|_|  | |__| | | |____  | |____   _| |_  | |__  | . \ 
28-04-2024 20:00:12.328Z;functions.bot_text_art;   \_|_||_|_/  |_____/   \_____| |______| |_____| \ ___| |_|\_\
28-04-2024 20:00:12.328Z;functions.bot_text_art;     |_||_|                                                     
28-04-2024 20:00:12.328Z;functions.bot_text_art;     | ||_|_   
28-04-2024 20:00:12.328Z;functions.bot_text_art;   |___||___|  
28-04-2024 20:00:12.328Z;functions.bot_text_art;               
28-04-2024 20:00:12.562Z;functions.open_RM;  OPEN PROGRAM RM
28-04-2024 20:00:23.593Z;functions.loggin_RM;  ENTRAR USER_NAME
28-04-2024 20:00:26.421Z;functions.loggin_RM;  ENTRAR PASSWORD
28-04-2024 20:00:27.077Z;functions.loggin_RM;  ENTRAR RM
28-04-2024 20:00:52.205Z;functions.enter_coligada;  CLICK CONTEXTO
28-04-2024 20:00:56.093Z;functions.enter_coligada;  CLICK ALTERAR MODULO DO CONTEXTO
28-04-2024 20:00:58.355Z;functions.enter_coligada;  INSERE O COLIGADA CODE = 1
28-04-2024 20:00:58.456Z;functions.enter_coligada;  APERTA TAB PARA PREENCHER O CAMPO COM A STRING: OCEANICA ENGENHARIA E CONSULTORIA S.A.
28-04-2024 20:00:59.501Z;functions.enter_coligada;  CLICK AVANÇAR NOVAMENTE
28-04-2024 20:01:00.298Z;functions.enter_coligada;  CLICK CONCLUIR
28-04-2024 20:01:09.407Z;functions.enter_coligada;  POP UP COLIGADA DESAPARECER
28-04-2024 20:01:10.031Z;functions.check_movimentacao_bancaria;  CLICK - TOTVS - LINHA RM
28-04-2024 20:01:11.063Z;functions.check_movimentacao_bancaria;  CLICK - BACK OFFICE
28-04-2024 20:01:13.365Z;functions.check_movimentacao_bancaria;  CLICK - GESTAO FINANCEIRA
28-04-2024 20:01:15.733Z;functions.movimentacao_bancaria;  CLICK NA ABA MOVIMENTAÇÃO BANCARIA
28-04-2024 20:01:17.844Z;functions.waitForImage;  IMAGEM BORDERO image found.
28-04-2024 20:01:19.964Z;functions.movimentacao_bancaria;  IMAGEM BORDERO CLICADA.
28-04-2024 20:01:30.358Z;functions.waitForImage;  LICENCAS EXCEDIDAS image not found.
28-04-2024 20:01:30.901Z;functions.movimentacao_bancaria;  ENCONTROU O FILTRO DA MOVIMENTAÇÃO BANCÁRIA
28-04-2024 20:01:30.937Z;functions.movimentacao_bancaria;  CLICA NA ABA SUPERIOR DO FILTRO
28-04-2024 20:01:35.145Z;functions.movimentacao_bancaria;  SELECIONA O FILTRO HOJE
28-04-2024 20:01:37.088Z;functions.waitForImage;  FILTER CLEAN image found.
28-04-2024 20:01:39.208Z;functions.filter_clean;  CLICK NO BOTÃO X DO LIMPA FILTRO
28-04-2024 20:01:54.782Z;functions.waitForImage;  FILTER CLEAN image not found.
28-04-2024 20:02:10.361Z;functions.waitForImage;  FILTER CLEAN image not found.
28-04-2024 20:02:13.140Z;functions.movimentacao_bancaria;  CLICK NA PRIMEIRA LINHA DA TABELA MOVIMENTAÇÃO BANCÁRIA
28-04-2024 20:02:14.353Z;functions.movimentacao_bancaria;  12 PASSOS PARA DIREITA NA TABELA >>
28-04-2024 20:02:15.593Z;functions.movimentacao_bancaria;  HOVER FILTER
28-04-2024 20:02:15.935Z;functions.movimentacao_bancaria;  CLICK FILTER
28-04-2024 20:02:20.245Z;functions.movimentacao_bancaria;  CLICK NO FILTRO  STATUS DA REMESSA
28-04-2024 20:02:22.346Z;functions.movimentacao_bancaria;  APERTA TAB PARA ESCREVER O FILTRO
28-04-2024 20:02:24.451Z;functions.movimentacao_bancaria;  ESCREVE PENDENTE NO FILTRO
28-04-2024 20:02:26.553Z;functions.movimentacao_bancaria;  APERTA ENTER PARA SELECIONAR OS PENDENTES
28-04-2024 20:02:44.422Z;functions.movimentacao_bancaria;  SEM PROCESSAMENTO DE BORDERO PENDENTE.
28-04-2024 20:02:49.501Z;functions.waitForImage;  FILTER CLEAN image found.
28-04-2024 20:02:51.634Z;functions.filter_clean;  CLICK NO BOTÃO X DO LIMPA FILTRO
28-04-2024 20:03:07.185Z;functions.waitForImage;  FILTER CLEAN image not found.
28-04-2024 20:03:22.738Z;functions.waitForImage;  FILTER CLEAN image not found.
28-04-2024 20:03:23.531Z;functions.remessa_pagamento;  CLICK NA PRIMEIRA LINHA DA TABELA MOVIMENTAÇÃO BANCÁRIA
28-04-2024 20:03:24.766Z;functions.remessa_pagamento;  HOVER FILTER
28-04-2024 20:03:25.038Z;functions.remessa_pagamento;  CLICK FILTER
28-04-2024 20:03:29.350Z;functions.remessa_pagamento;  CLICK NO FILTRO  STATUS DA REMESSA
28-04-2024 20:03:31.451Z;functions.remessa_pagamento;  APERTA TAB PARA ESCREVER O FILTRO
28-04-2024 20:03:33.557Z;functions.remessa_pagamento;  ESCREVE AUTORIZADO NO FILTRO
28-04-2024 20:03:35.659Z;functions.remessa_pagamento;  APERTA ENTER PARA SELECIONAR OS AUTORIZADO
28-04-2024 20:03:53.548Z;functions.remessa_pagamento;  SEM REMESSA DE BORDERO AUTORIZADO
28-04-2024 20:03:54.140Z;functions.enter_contas_a_pagar;  CLICK - TOTVS - LINHA RM
28-04-2024 20:03:55.086Z;functions.enter_contas_a_pagar;  CLICK - BACK OFFICE
28-04-2024 20:03:55.782Z;functions.enter_contas_a_pagar;  CLICK - GESTAO FINANCEIRA
28-04-2024 20:04:00.407Z;functions.enter_contas_a_pagar;  CLICK - CONTAS A PAGAR
28-04-2024 20:04:00.501Z;functions.waitForImage;  LANÇAMENTOS image found.
28-04-2024 20:04:02.618Z;functions.enter_contas_a_pagar;  CLICA EM LANÇAMENTOS
28-04-2024 20:04:17.939Z;functions.waitForImage;  LICENCAS EXCEDIDAS image not found.
28-04-2024 20:04:17.939Z;functions.obter_intervalo_data;  VERIFICANDO A HORA ATUAL 20
28-04-2024 20:04:17.939Z;functions.obter_intervalo_data;  Data Inicial FERIAS/RESCISAO antes da remoção: None
28-04-2024 20:04:17.939Z;functions.obter_intervalo_data;  Data Final FERIAS/RESCISAO antes da remoção: None
28-04-2024 20:04:17.939Z;functions.obter_intervalo_data;  Data Inicial FERIAS/RESCISAO após a remoção: None
28-04-2024 20:04:17.939Z;functions.obter_intervalo_data;  Data Final FERIAS/RESCISAO após a remoção: None
28-04-2024 20:04:17.939Z;functions.obter_intervalo_data;  hoje -  2024-04-28 20:04:17.939385
28-04-2024 20:04:17.939Z;functions.data_filter;  DATA INICIO 01-05-2024
28-04-2024 20:04:17.939Z;functions.data_filter;  DATA FIM 07-05-2024
28-04-2024 20:04:17.939Z;functions.data_filter;  CLICK - SELECIONA A DATA DE QUARTA FEIRA E DA PROXIMA TERÇA
28-04-2024 20:04:17.939Z;functions.data_filter;  QUARTA-FEIRA: 01-05-2024
28-04-2024 20:04:17.939Z;functions.data_filter;  TERCA-FEIRA: 07-05-2024
28-04-2024 20:04:30.140Z;functions.data_filter;  CLICK - BUTÃO DE SELECAO DE FILTRO
28-04-2024 20:04:33.855Z;functions.data_filter;  INSERE - DATA DE QUARTA-FEIRA: 01-05-2024
28-04-2024 20:04:37.328Z;functions.data_filter;  INSERE - DATA DA PROX TERCA-FEIRA: 07-05-2024
28-04-2024 20:04:37.954Z;functions.data_filter;  CLICK - BUTÃO DE EXECUTAR O FILTRO
28-04-2024 20:04:43.722Z;functions.desmark_filter;  CLICK CHECKBOX LANÇAMENTOS A RECEBER
28-04-2024 20:04:44.501Z;functions.desmark_filter;  CLICK CHECKBOX LANÇAMENTOS BAIXADOS
28-04-2024 20:04:45.338Z;functions.desmark_filter;  CLICK CHECKBOX LANÇAMENTOS CANCELADOS
28-04-2024 20:04:46.178Z;functions.desmark_filter;  CLICK CHECKBOX LANÇAMENTOS FATURADOS
28-04-2024 20:04:47.048Z;functions.desmark_filter;  ATUALIZA O FILTRO
28-04-2024 20:04:47.152Z;functions.waitForImage;  FILTER CLEAN image found.
28-04-2024 20:04:49.283Z;functions.filter_clean;  CLICK NO BOTÃO X DO LIMPA FILTRO
28-04-2024 20:05:04.848Z;functions.waitForImage;  FILTER CLEAN image not found.
28-04-2024 20:05:20.390Z;functions.waitForImage;  FILTER CLEAN image not found.
28-04-2024 20:05:21.297Z;functions.tabela_vazia;  Texto extraido 0/0
28-04-2024 20:05:21.297Z;functions.tabela_vazia;  Count 0
28-04-2024 20:05:21.297Z;functions.tabela_vazia;  Type <class 'int'>
28-04-2024 20:05:23.307Z;functions.tabela_vazia;  SEM REMESSA DE FÉRIAS/RESCISÃO
28-04-2024 20:05:25.308Z;main.<module>;  SEM REMESSA DE FÉRIAS/RESCISÃO
28-04-2024 20:05:27.064Z;errorhandler.__handle;  Property: Unknown Property name. [1:203: -ms-interpolation-mode]
28-04-2024 20:05:27.079Z;errorhandler.__handle;  Property: Unknown Property name. [1:353: -webkit-font-smoothing]
28-04-2024 20:05:27.079Z;errorhandler.__handle;  Property: Unknown Property name. [1:483: -ms-text-size-adjust]
28-04-2024 20:05:27.079Z;errorhandler.__handle;  Property: Unknown Property name. [1:518: -webkit-text-size-adjust]
28-04-2024 20:05:27.079Z;errorhandler.__handle;  Property: Unknown Property name. [1:612: mso-table-lspace]
28-04-2024 20:05:27.079Z;errorhandler.__handle;  Property: Unknown Property name. [1:642: mso-table-rspace]
28-04-2024 20:05:27.126Z;errorhandler.__handle;  Property: Unknown Property name. [1:4734: mso-hide]
28-04-2024 20:05:27.157Z;errorhandler.__handle;  Property: Unknown Property name. [1:13: -ms-interpolation-mode]
28-04-2024 20:05:27.157Z;errorhandler.__handle;  Property: Unknown Property name. [1:49: -webkit-font-smoothing]
28-04-2024 20:05:27.157Z;errorhandler.__handle;  Property: Unknown Property name. [1:134: -ms-text-size-adjust]
28-04-2024 20:05:27.157Z;errorhandler.__handle;  Property: Unknown Property name. [1:160: -webkit-text-size-adjust]
28-04-2024 20:05:27.157Z;errorhandler.__handle;  Property: Unknown Property name. [1:26: mso-table-lspace]
28-04-2024 20:05:27.157Z;errorhandler.__handle;  Property: Unknown Property name. [1:45: mso-table-rspace]
28-04-2024 20:05:27.173Z;errorhandler.__handle;  Property: Unknown Property name. [1:92: mso-hide]
28-04-2024 20:05:27.173Z;errorhandler.__handle;  Property: No ":" after name found: align-center [1:1: align-center]
28-04-2024 20:05:27.173Z;errorhandler.__handle;  Property: No property value found: align-center [1:1: align-center]
28-04-2024 20:05:27.173Z;errorhandler.__handle;  CSSStyleDeclaration: Syntax Error in Property: align-center
28-04-2024 20:05:27.173Z;errorhandler.__handle;  Property: Unknown Property name. [1:14: -ms-interpolation-mode]
28-04-2024 20:05:29.522Z;functions.emailFinalizado;  Finalizado e-mail sent.
28-04-2024 20:05:29.614Z;functions.encerra_prog;  RM ENCERRADO
