26-02-2024 20:00:58.030Z;functions.bot_text_art;      ____   
26-02-2024 20:00:58.046Z;functions.bot_text_art;     [____]    
26-02-2024 20:00:58.046Z;functions.bot_text_art;   |=]()()[=|  
26-02-2024 20:00:58.046Z;functions.bot_text_art;     _\==/__    _____    ____     _        _____    ___   _  __
26-02-2024 20:00:58.046Z;functions.bot_text_art;   |__|   |_|  |  _  \  / ___|   | |      |_   _| / ___| | |/ /
26-02-2024 20:00:58.046Z;functions.bot_text_art;   |_|_/\_|_|  | |  | | | |      | |        | |   | |    | ' / 
26-02-2024 20:00:58.046Z;functions.bot_text_art;   | | __ | |  | |  | | | |      | |        | |   | |    |  <  
26-02-2024 20:00:58.046Z;functions.bot_text_art;   |_|[  ]|_|  | |__| | | |____  | |____   _| |_  | |__  | . \ 
26-02-2024 20:00:58.046Z;functions.bot_text_art;   \_|_||_|_/  |_____/   \_____| |______| |_____| \ ___| |_|\_\
26-02-2024 20:00:58.046Z;functions.bot_text_art;     |_||_|                                                     
26-02-2024 20:00:58.046Z;functions.bot_text_art;     | ||_|_   
26-02-2024 20:00:58.046Z;functions.bot_text_art;   |___||___|  
26-02-2024 20:00:58.046Z;functions.bot_text_art;               
26-02-2024 20:00:58.046Z;functions.open_RM;  OPEN PROGRAM RM
26-02-2024 20:01:13.921Z;functions.show_exception_and_exit;  Failed to set focus.
Traceback (most recent call last):
  File "C:\Projetos_Remessas\Remessa_Ferias_Rescisao\main.py", line 13, in <module>
    loggin_RM()
  File "C:\Projetos_Remessas\Remessa_Ferias_Rescisao\SUBPROGRAMS\functions.py", line 78, in loggin_RM
    user_rm.send_hotkey(f'{user}')
  File "C:\Projetos_Remessas\Remessa_Ferias_Rescisao\venv\Lib\site-packages\clicknium\core\service\invokerservice.py", line 157, in wrapper
    raise exception;
    ^^^^^^^^^^^^^^^
clicknium.common.models.exceptions.WindowError: Failed to set focus.
26-02-2024 20:01:14.421Z;functions.show_exception_and_exit;  PRINT SALVO
26-02-2024 20:01:14.421Z;functions.show_exception_and_exit;  RM FECHADO
26-02-2024 20:01:16.985Z;errorhandler.__handle;  Property: Unknown Property name. [1:203: -ms-interpolation-mode]
26-02-2024 20:01:16.985Z;errorhandler.__handle;  Property: Unknown Property name. [1:353: -webkit-font-smoothing]
26-02-2024 20:01:16.985Z;errorhandler.__handle;  Property: Unknown Property name. [1:483: -ms-text-size-adjust]
26-02-2024 20:01:16.985Z;errorhandler.__handle;  Property: Unknown Property name. [1:518: -webkit-text-size-adjust]
26-02-2024 20:01:16.985Z;errorhandler.__handle;  Property: Unknown Property name. [1:612: mso-table-lspace]
26-02-2024 20:01:16.985Z;errorhandler.__handle;  Property: Unknown Property name. [1:642: mso-table-rspace]
26-02-2024 20:01:17.032Z;errorhandler.__handle;  Property: Unknown Property name. [1:4734: mso-hide]
26-02-2024 20:01:17.063Z;errorhandler.__handle;  Property: Unknown Property name. [1:13: -ms-interpolation-mode]
26-02-2024 20:01:17.063Z;errorhandler.__handle;  Property: Unknown Property name. [1:49: -webkit-font-smoothing]
26-02-2024 20:01:17.063Z;errorhandler.__handle;  Property: Unknown Property name. [1:134: -ms-text-size-adjust]
26-02-2024 20:01:17.063Z;errorhandler.__handle;  Property: Unknown Property name. [1:160: -webkit-text-size-adjust]
26-02-2024 20:01:17.063Z;errorhandler.__handle;  Property: Unknown Property name. [1:26: mso-table-lspace]
26-02-2024 20:01:17.063Z;errorhandler.__handle;  Property: Unknown Property name. [1:45: mso-table-rspace]
26-02-2024 20:01:17.078Z;errorhandler.__handle;  Property: Unknown Property name. [1:92: mso-hide]
26-02-2024 20:01:17.078Z;errorhandler.__handle;  Property: No ":" after name found: align-center [1:1: align-center]
26-02-2024 20:01:17.078Z;errorhandler.__handle;  Property: No property value found: align-center [1:1: align-center]
26-02-2024 20:01:17.078Z;errorhandler.__handle;  CSSStyleDeclaration: Syntax Error in Property: align-center
26-02-2024 20:01:17.078Z;errorhandler.__handle;  Property: Unknown Property name. [1:14: -ms-interpolation-mode]
26-02-2024 20:01:28.640Z;functions.show_exception_and_exit;  EMAIL EXCEÇÃO ENVIADO
26-02-2024 20:01:28.640Z;functions.show_exception_and_exit;  ERRO - <class 'clicknium.common.models.exceptions.WindowError'> / Failed to set focus.
