26-07-2024 23:32:06.395Z;functions.bot_text_art;      ____   
26-07-2024 23:32:06.395Z;functions.bot_text_art;     [____]    
26-07-2024 23:32:06.395Z;functions.bot_text_art;   |=]()()[=|  
26-07-2024 23:32:06.395Z;functions.bot_text_art;     _\==/__    _____    ____     _        _____    ___   _  __
26-07-2024 23:32:06.395Z;functions.bot_text_art;   |__|   |_|  |  _  \  / ___|   | |      |_   _| / ___| | |/ /
26-07-2024 23:32:06.395Z;functions.bot_text_art;   |_|_/\_|_|  | |  | | | |      | |        | |   | |    | ' / 
26-07-2024 23:32:06.395Z;functions.bot_text_art;   | | __ | |  | |  | | | |      | |        | |   | |    |  <  
26-07-2024 23:32:06.395Z;functions.bot_text_art;   |_|[  ]|_|  | |__| | | |____  | |____   _| |_  | |__  | . \ 
26-07-2024 23:32:06.395Z;functions.bot_text_art;   \_|_||_|_/  |_____/   \_____| |______| |_____| \ ___| |_|\_\
26-07-2024 23:32:06.395Z;functions.bot_text_art;     |_||_|                                                     
26-07-2024 23:32:06.395Z;functions.bot_text_art;     | ||_|_   
26-07-2024 23:32:06.395Z;functions.bot_text_art;   |___||___|  
26-07-2024 23:32:06.395Z;functions.bot_text_art;               
26-07-2024 23:32:06.411Z;functions.open_RM;  OPEN PROGRAM RM
26-07-2024 23:32:27.755Z;functions.loggin_RM;  ENTRAR USER_NAME
26-07-2024 23:32:31.430Z;functions.loggin_RM;  ENTRAR PASSWORD
26-07-2024 23:32:32.989Z;functions.loggin_RM;  ENTRAR RM
26-07-2024 23:35:57.505Z;functions.enter_coligada;  AGUARDANDO 1
26-07-2024 23:35:58.676Z;functions.enter_coligada;  CLICK CONTEXTO
26-07-2024 23:36:01.239Z;functions.enter_coligada;  CLICK ALTERAR MODULO DO CONTEXTO
26-07-2024 23:36:05.282Z;functions.enter_coligada;  INSERE O COLIGADA CODE = 1
26-07-2024 23:36:05.385Z;functions.enter_coligada;  APERTA TAB PARA PREENCHER O CAMPO COM A STRING: OCEANICA ENGENHARIA E CONSULTORIA S.A.
26-07-2024 23:36:07.551Z;functions.enter_coligada;  CLICK AVANÇAR NOVAMENTE
26-07-2024 23:36:08.895Z;functions.enter_coligada;  CLICK CONCLUIR
26-07-2024 23:36:29.270Z;functions.waitForImage;  TROCA COLIGADA image not found.
26-07-2024 23:36:48.217Z;functions.enter_coligada;  POP UP COLIGADA DESAPARECER
26-07-2024 23:36:49.207Z;functions.check_movimentacao_bancaria;  CLICK - TOTVS - LINHA RM
26-07-2024 23:36:50.989Z;functions.check_movimentacao_bancaria;  CLICK - BACK OFFICE
26-07-2024 23:36:53.707Z;functions.check_movimentacao_bancaria;  CLICK - GESTAO FINANCEIRA
26-07-2024 23:36:53.707Z;functions.obter_intervalo_data;  VERIFICANDO A HORA ATUAL 23
26-07-2024 23:36:53.738Z;functions.obter_intervalo_data;  Data Inicial FERIAS/RESCISAO antes da remoção: None
26-07-2024 23:36:53.738Z;functions.obter_intervalo_data;  Data Final FERIAS/RESCISAO antes da remoção: None
26-07-2024 23:36:53.738Z;functions.obter_intervalo_data;  Data Inicial FERIAS/RESCISAO após a remoção: None
26-07-2024 23:36:53.738Z;functions.obter_intervalo_data;  Data Final FERIAS/RESCISAO após a remoção: None
26-07-2024 23:36:53.738Z;functions.obter_intervalo_data;  hoje -  2024-07-26 23:36:53.738865
26-07-2024 23:36:53.738Z;functions.check_movimentacao_bancaria;  DATA INICIO 31-07-2024
26-07-2024 23:36:53.738Z;functions.check_movimentacao_bancaria;  DATA FIM 06-08-2024
26-07-2024 23:36:53.738Z;functions.movimentacao_bancaria;  AGUARDANDO 1
26-07-2024 23:36:59.521Z;functions.movimentacao_bancaria;  CLICK NA ABA MOVIMENTAÇÃO BANCARIA
26-07-2024 23:37:01.770Z;functions.waitForImage;  IMAGEM BORDERO image found.
26-07-2024 23:37:03.902Z;functions.movimentacao_bancaria;  IMAGEM BORDERO CLICADA.
26-07-2024 23:37:14.299Z;functions.waitForImage;  LICENCAS EXCEDIDAS image not found.
26-07-2024 23:37:15.020Z;functions.movimentacao_bancaria;  ENCONTROU O FILTRO DA MOVIMENTAÇÃO BANCÁRIA
26-07-2024 23:37:15.051Z;functions.movimentacao_bancaria;  CLICA NA ABA SUPERIOR DO FILTRO
26-07-2024 23:37:19.262Z;functions.movimentacao_bancaria;  SELECIONA O FILTRO HOJE
26-07-2024 23:37:23.645Z;functions.waitForImage;  FILTER CLEAN image found.
26-07-2024 23:37:25.779Z;functions.filter_clean;  CLICK NO BOTÃO X DO LIMPA FILTRO
26-07-2024 23:37:25.989Z;functions.waitForImage;  FILTER CLEAN image found.
26-07-2024 23:37:28.121Z;functions.filter_clean;  CLICK NO BOTÃO X DO LIMPA FILTRO
26-07-2024 23:37:43.426Z;functions.waitForImage;  FILTER CLEAN image not found.
26-07-2024 23:37:47.082Z;functions.movimentacao_bancaria;  CLICK NA PRIMEIRA LINHA DA TABELA MOVIMENTAÇÃO BANCÁRIA
26-07-2024 23:37:48.306Z;functions.movimentacao_bancaria;  12 PASSOS PARA DIREITA NA TABELA >>
26-07-2024 23:37:50.613Z;functions.movimentacao_bancaria;  HOVER FILTER
26-07-2024 23:37:51.210Z;functions.movimentacao_bancaria;  CLICK FILTER
26-07-2024 23:37:55.536Z;functions.movimentacao_bancaria;  CLICK NO FILTRO  STATUS DA REMESSA
26-07-2024 23:37:57.639Z;functions.movimentacao_bancaria;  APERTA TAB PARA ESCREVER O FILTRO
26-07-2024 23:37:59.754Z;functions.movimentacao_bancaria;  ESCREVE PENDENTE NO FILTRO
26-07-2024 23:38:01.857Z;functions.movimentacao_bancaria;  APERTA ENTER PARA SELECIONAR OS PENDENTES
26-07-2024 23:38:19.453Z;functions.movimentacao_bancaria;  SEM PROCESSAMENTO DE BORDERO PENDENTE.
26-07-2024 23:38:24.676Z;functions.waitForImage;  FILTER CLEAN image found.
26-07-2024 23:38:26.810Z;functions.filter_clean;  CLICK NO BOTÃO X DO LIMPA FILTRO
26-07-2024 23:38:42.129Z;functions.waitForImage;  FILTER CLEAN image not found.
26-07-2024 23:38:57.457Z;functions.waitForImage;  FILTER CLEAN image not found.
26-07-2024 23:38:59.366Z;functions.remessa_pagamento;  CLICK NA PRIMEIRA LINHA DA TABELA MOVIMENTAÇÃO BANCÁRIA
26-07-2024 23:39:01.582Z;functions.remessa_pagamento;  HOVER FILTER
26-07-2024 23:39:02.179Z;functions.remessa_pagamento;  CLICK FILTER
26-07-2024 23:39:06.512Z;functions.remessa_pagamento;  CLICK NO FILTRO  STATUS DA REMESSA
26-07-2024 23:39:08.615Z;functions.remessa_pagamento;  APERTA TAB PARA ESCREVER O FILTRO
26-07-2024 23:39:10.734Z;functions.remessa_pagamento;  ESCREVE AUTORIZADO NO FILTRO
26-07-2024 23:39:12.838Z;functions.remessa_pagamento;  APERTA ENTER PARA SELECIONAR OS AUTORIZADO
26-07-2024 23:39:16.904Z;functions.remessa_pagamento;  6 PASSOS PARA ESQUERDA NA TABELA <<
26-07-2024 23:39:20.019Z;functions.check_user_bot;  Texto extraido 1/1
26-07-2024 23:39:20.019Z;functions.check_user_bot;  Count 1
26-07-2024 23:39:20.019Z;functions.check_user_bot;  Type <class 'int'>
26-07-2024 23:39:22.138Z;functions.check_user_bot;  CHECK USER BOT 1
26-07-2024 23:39:24.139Z;functions.check_user_bot;  dclick
26-07-2024 23:39:26.855Z;functions.check_user_bot;  7 PASSOS PARA DIREITA NA TABELA >>
26-07-2024 23:39:30.960Z;functions.check_user_bot;  341 / 3212 / 02675 SISPAG FORNECEDOR
26-07-2024 23:39:30.960Z;functions.check_user_bot;  NOME FERIAS NAO ENCONTRADO.
26-07-2024 23:39:31.675Z;functions.check_user_bot;  7 PASSOS PARA ESQUERDA NA TABELA <<
26-07-2024 23:39:31.778Z;functions.check_user_bot;  COUNT1: 0
26-07-2024 23:39:31.778Z;functions.check_user_bot;  NÃO FOI ENCONTRADO O USUÁRIO INTEGRAÇÃO E O NOME DO ARQUIVO SISPAG
26-07-2024 23:39:32.801Z;functions.enter_contas_a_pagar;  CLICK - TOTVS - LINHA RM
26-07-2024 23:39:34.271Z;functions.enter_contas_a_pagar;  CLICK - BACK OFFICE
26-07-2024 23:39:35.238Z;functions.enter_contas_a_pagar;  CLICK - GESTAO FINANCEIRA
26-07-2024 23:39:41.145Z;functions.enter_contas_a_pagar;  CLICK - CONTAS A PAGAR
26-07-2024 23:39:42.082Z;functions.waitForImage;  LANÇAMENTOS image found.
26-07-2024 23:39:44.217Z;functions.enter_contas_a_pagar;  CLICA EM LANÇAMENTOS
26-07-2024 23:39:59.660Z;functions.waitForImage;  LICENCAS EXCEDIDAS image not found.
26-07-2024 23:39:59.660Z;functions.data_filter;  CLICK - SELECIONA A DATA DE QUARTA FEIRA E DA PROXIMA TERÇA
26-07-2024 23:39:59.660Z;functions.data_filter;  QUARTA-FEIRA: 31-07-2024
26-07-2024 23:39:59.660Z;functions.data_filter;  TERCA-FEIRA: 06-08-2024
26-07-2024 23:40:20.144Z;functions.data_filter;  FILTRO - REMESSA FERIAS/RESCISAO
26-07-2024 23:40:21.113Z;functions.data_filter;  CLICK - BUTÃO DE SELECAO DE FILTRO
26-07-2024 23:40:26.067Z;functions.data_filter;  INSERE - DATA DE QUARTA-FEIRA: 31-07-2024
26-07-2024 23:40:30.441Z;functions.data_filter;  INSERE - DATA DA PROX TERCA-FEIRA: 06-08-2024
26-07-2024 23:40:31.613Z;functions.data_filter;  CLICK - BUTÃO DE EXECUTAR O FILTRO
26-07-2024 23:40:36.618Z;functions.desmark_filter;  AGUARDANDO 1
26-07-2024 23:40:39.051Z;functions.desmark_filter;  CLICK CHECKBOX LANÇAMENTOS A RECEBER
26-07-2024 23:40:41.739Z;functions.desmark_filter;  CLICK CHECKBOX LANÇAMENTOS BAIXADOS
26-07-2024 23:40:44.676Z;functions.desmark_filter;  CLICK CHECKBOX LANÇAMENTOS CANCELADOS
26-07-2024 23:40:47.895Z;functions.desmark_filter;  CLICK CHECKBOX LANÇAMENTOS FATURADOS
26-07-2024 23:40:51.145Z;functions.desmark_filter;  ATUALIZA O FILTRO
26-07-2024 23:40:51.363Z;functions.waitForImage;  FILTER CLEAN image found.
26-07-2024 23:40:53.474Z;functions.filter_clean;  CLICK NO BOTÃO X DO LIMPA FILTRO
26-07-2024 23:41:08.769Z;functions.waitForImage;  FILTER CLEAN image not found.
26-07-2024 23:41:24.082Z;functions.waitForImage;  FILTER CLEAN image not found.
26-07-2024 23:41:27.785Z;functions.tabela_vazia;  Texto extraido 1/1
26-07-2024 23:41:27.785Z;functions.tabela_vazia;  Count 1
26-07-2024 23:41:27.785Z;functions.tabela_vazia;  Type <class 'int'>
26-07-2024 23:41:27.785Z;functions.tabela_vazia;  TABELA CONTÉM REGISTROS
26-07-2024 23:41:29.176Z;functions.desbloqueio;  SELECIONA TODAS AS TUPLAS
26-07-2024 23:41:34.283Z;functions.desbloqueio;  CONTROL P PARA SELECIONAR PROCESSO
26-07-2024 23:41:39.500Z;functions.desbloqueio;  7 SETAS PARA BAIXO - MANUTENÇÃO DE LANÇAMENTO
26-07-2024 23:41:41.602Z;functions.desbloqueio;  SETA PARA DIREITA
26-07-2024 23:41:48.422Z;functions.desbloqueio;  8 SETAS PARA BAIXO
26-07-2024 23:41:50.525Z;functions.desbloqueio;  ENTER PARA SELECIONAR DESBLOQUEIO ALTERAÇÃO
26-07-2024 23:42:52.937Z;functions.exec_lancamentos;  CONTROL G
26-07-2024 23:42:56.644Z;functions.exec_lancamentos;  CLICK PARA APARECER CONTA/CAIXA
26-07-2024 23:42:58.019Z;functions.exec_lancamentos;  SELECIONA CONTA/CAIXA
26-07-2024 23:42:59.395Z;functions.exec_lancamentos;  CLICK NO BOTÃO [...]
26-07-2024 23:43:02.198Z;functions.exec_lancamentos;  CLICK NO CAMPO PESQUISA E DIGITA: %3212
26-07-2024 23:43:03.426Z;functions.exec_lancamentos;  CLICK NO BOTÃO DO FILTRO
26-07-2024 23:43:04.863Z;functions.exec_lancamentos;  CLICK NO BOTÃO OK
26-07-2024 23:43:06.113Z;functions.exec_lancamentos;  CLICK NO BOTÃO EXECUTAR
26-07-2024 23:43:06.113Z;functions.process_lancamentos;  AGUARDANDO 1
26-07-2024 23:43:21.332Z;functions.waitForImage;  PRESS BUTTON OK image found.
26-07-2024 23:43:21.332Z;functions.process_lancamentos;  O PROCESSAMENTO DE LANÇAMENTO FOI EXECUTADO COM SUCESSO.
26-07-2024 23:43:27.168Z;functions.process_lancamentos;  Lançamento Ref. 985045: Convênio alterado para o convênio default '7' da conta Caixa '02675-5' .
Alteração Global de Lançamentos executada com sucesso

26-07-2024 23:43:39.054Z;functions.proccess_bordero;  SELECIONAR INCLUSÃO DE BORDERO
26-07-2024 23:43:59.429Z;functions.waitForImage;  PRESS BUTON SIM image not found.
26-07-2024 23:44:00.988Z;functions.proccess_bordero;  CLICK EM CONVÊNIO TRÊS PONTINHOS
26-07-2024 23:44:02.957Z;functions.proccess_bordero;  CLICK EM COMBOBOX PARA SELECIONAR O ID DO CONVÊNIO
26-07-2024 23:44:04.460Z;functions.proccess_bordero;  CLICK EM ID DO CONVÊNIO
26-07-2024 23:44:06.563Z;functions.proccess_bordero;  APERTA TAB PARA ESCREVER O ID
26-07-2024 23:44:08.666Z;functions.proccess_bordero;  ESCREVE O ID 9 - FERIAS/RESCISÃO
26-07-2024 23:44:10.770Z;functions.proccess_bordero;  APERTA ENTER PARA SELECIONAR O ID 9 - FERIAS/RESCISÃO
26-07-2024 23:44:12.873Z;functions.proccess_bordero;  APERTA ENTER PARA ESCOLHER O ID 9 - FERIAS/RESCISÃO
26-07-2024 23:44:15.988Z;functions.proccess_bordero;  CLICK EM EXECUTAR NA INCLUSÃO DO BORDÊRO
26-07-2024 23:44:34.237Z;functions.waitForImage;  PRESS BUTTON OK image found.
26-07-2024 23:44:36.238Z;functions.proccess_bordero;  O PROCESSAMENTO DO BORDERO FOI EXECUTADO COM SUCESSO.
26-07-2024 23:44:39.271Z;functions.proccess_bordero;  CLICK EM FECHAR.
26-07-2024 23:44:41.272Z;functions.movimentacao_bancaria;  AGUARDANDO 1
26-07-2024 23:44:42.582Z;functions.movimentacao_bancaria;  CLICK NA ABA MOVIMENTAÇÃO BANCARIA
26-07-2024 23:44:44.816Z;functions.waitForImage;  IMAGEM BORDERO image found.
26-07-2024 23:44:46.924Z;functions.movimentacao_bancaria;  IMAGEM BORDERO CLICADA.
26-07-2024 23:44:57.285Z;functions.waitForImage;  LICENCAS EXCEDIDAS image not found.
26-07-2024 23:44:57.988Z;functions.movimentacao_bancaria;  ENCONTROU O FILTRO DA MOVIMENTAÇÃO BANCÁRIA
26-07-2024 23:44:58.051Z;functions.movimentacao_bancaria;  CLICA NA ABA SUPERIOR DO FILTRO
26-07-2024 23:45:02.264Z;functions.movimentacao_bancaria;  SELECIONA O FILTRO HOJE
26-07-2024 23:45:03.879Z;functions.waitForImage;  FILTER CLEAN image found.
26-07-2024 23:45:05.997Z;functions.filter_clean;  CLICK NO BOTÃO X DO LIMPA FILTRO
26-07-2024 23:45:21.301Z;functions.waitForImage;  FILTER CLEAN image not found.
26-07-2024 23:45:36.644Z;functions.waitForImage;  FILTER CLEAN image not found.
26-07-2024 23:45:40.301Z;functions.movimentacao_bancaria;  CLICK NA PRIMEIRA LINHA DA TABELA MOVIMENTAÇÃO BANCÁRIA
26-07-2024 23:45:41.529Z;functions.movimentacao_bancaria;  12 PASSOS PARA DIREITA NA TABELA >>
26-07-2024 23:45:43.707Z;functions.movimentacao_bancaria;  HOVER FILTER
26-07-2024 23:45:44.282Z;functions.movimentacao_bancaria;  CLICK FILTER
26-07-2024 23:45:48.614Z;functions.movimentacao_bancaria;  CLICK NO FILTRO  STATUS DA REMESSA
26-07-2024 23:45:50.717Z;functions.movimentacao_bancaria;  APERTA TAB PARA ESCREVER O FILTRO
26-07-2024 23:45:52.827Z;functions.movimentacao_bancaria;  ESCREVE PENDENTE NO FILTRO
26-07-2024 23:45:54.929Z;functions.movimentacao_bancaria;  APERTA ENTER PARA SELECIONAR OS PENDENTES
26-07-2024 23:46:00.035Z;functions.movimentacao_bancaria;  SELECIONA TODAS AS TUPLAS COM STATUS PENDENTE
26-07-2024 23:46:02.141Z;functions.movimentacao_bancaria;  CLICK EM PROCESSOS
26-07-2024 23:46:04.244Z;functions.movimentacao_bancaria;  APERTA PARA BAIXO
26-07-2024 23:46:06.346Z;functions.movimentacao_bancaria;  APERTA ENTER
26-07-2024 23:46:09.492Z;functions.movimentacao_bancaria;  CLICK EM EXECUTAR BORDERO DE PAGAMENTO
26-07-2024 23:46:09.492Z;functions.movimentacao_bancaria;  AGUARDANDO 1
26-07-2024 23:46:22.207Z;functions.waitForImage;  PRESS BUTTON OK image found.
26-07-2024 23:46:22.207Z;functions.movimentacao_bancaria;  O PROCESSAMENTO DE AUTORIZAÇÃO DO BORDERO FOI EXECUTADO COM SUCESSO.
26-07-2024 23:46:23.269Z;functions.movimentacao_bancaria;  CLICK EM FECHAR.
26-07-2024 23:46:28.488Z;functions.waitForImage;  FILTER CLEAN image found.
26-07-2024 23:46:30.623Z;functions.filter_clean;  CLICK NO BOTÃO X DO LIMPA FILTRO
26-07-2024 23:46:45.941Z;functions.waitForImage;  FILTER CLEAN image not found.
26-07-2024 23:47:01.238Z;functions.waitForImage;  FILTER CLEAN image not found.
26-07-2024 23:47:21.684Z;functions.remessa_pagamento;  12 PASSOS PARA ESQUERDA NA TABELA >>
26-07-2024 23:47:23.941Z;functions.remessa_pagamento;  HOVER FILTER
26-07-2024 23:47:24.524Z;functions.remessa_pagamento;  CLICK FILTER
26-07-2024 23:47:28.856Z;functions.remessa_pagamento;  CLICA NO FILTRO  STATUS DA REMESSA
26-07-2024 23:47:30.959Z;functions.remessa_pagamento;  APERTA TAB PARA ESCREVER O FILTRO
26-07-2024 23:47:33.078Z;functions.remessa_pagamento;  ESCREVE AUTORIZADO NO FILTRO
26-07-2024 23:47:35.181Z;functions.remessa_pagamento;  APERTA ENTER PARA SELECIONAR OS AUTORIZADOS
26-07-2024 23:47:42.262Z;functions.remessa_pagamento;  6 PASSOS PARA ESQUERDA NA TABELA <<
26-07-2024 23:47:45.300Z;functions.check_user_bot;  Texto extraido 1/2
26-07-2024 23:47:45.300Z;functions.check_user_bot;  Count 2
26-07-2024 23:47:45.300Z;functions.check_user_bot;  Type <class 'int'>
26-07-2024 23:47:47.410Z;functions.check_user_bot;  CHECK USER BOT 1
26-07-2024 23:47:49.411Z;functions.check_user_bot;  dclick
26-07-2024 23:47:52.124Z;functions.check_user_bot;  7 PASSOS PARA DIREITA NA TABELA >>
26-07-2024 23:47:56.229Z;functions.check_user_bot;  341 / 3212 / 02675 SISPAG FORNECEDOR
26-07-2024 23:47:56.229Z;functions.check_user_bot;  NOME FERIAS NAO ENCONTRADO.
26-07-2024 23:47:56.943Z;functions.check_user_bot;  7 PASSOS PARA ESQUERDA NA TABELA <<
26-07-2024 23:47:57.046Z;functions.check_user_bot;  COUNT1: 0
26-07-2024 23:47:59.150Z;functions.check_user_bot;  CHECK USER BOT 1
26-07-2024 23:48:01.151Z;functions.check_user_bot;  dclick
26-07-2024 23:48:03.865Z;functions.check_user_bot;  7 PASSOS PARA DIREITA NA TABELA >>
26-07-2024 23:48:07.969Z;functions.check_user_bot;  341 / 3212 / 02675 - FERIAS/RESCISAO
26-07-2024 23:48:07.969Z;functions.check_user_bot;  NOME FERIAS/RECISAO ENCONTRADO
26-07-2024 23:48:10.178Z;functions.check_user_bot;  CLICK EM PROCESSOS
26-07-2024 23:48:12.281Z;functions.check_user_bot;  APERTA PARA BAIXO 0
26-07-2024 23:48:14.384Z;functions.check_user_bot;  APERTA PARA BAIXO 1
26-07-2024 23:48:16.487Z;functions.check_user_bot;  APERTA PARA BAIXO 2
26-07-2024 23:48:18.589Z;functions.check_user_bot;  APERTA ENTER
26-07-2024 23:48:21.738Z;functions.check_user_bot;  CLICK EM REMESSAS DE PAGAMENTO
26-07-2024 23:48:22.843Z;functions.check_user_bot;  APERTA TAB 0
26-07-2024 23:48:23.947Z;functions.check_user_bot;  APERTA TAB 1
26-07-2024 23:48:25.050Z;functions.check_user_bot;  APERTA TAB 2
26-07-2024 23:48:35.613Z;functions.check_user_bot;  CLICK EM AVANÇAR
26-07-2024 23:48:35.613Z;functions.check_user_bot;  CLICK - SELECIONA A DATA DE QUARTA FEIRA E DA PROXIMA TERÇA
26-07-2024 23:48:35.613Z;functions.check_user_bot;  QUARTA-FEIRA: 31-07-2024
26-07-2024 23:48:35.613Z;functions.check_user_bot;  TERCA-FEIRA: 06-08-2024
26-07-2024 23:48:40.644Z;functions.check_user_bot;  DESMARCA CHECKBOX PARA SALVAR ARQUIVO DE REMESSA
26-07-2024 23:48:41.738Z;functions.check_user_bot;  CLICK NOS ... PARA SELECIONAR O DIRETÓRIO E NOME DO ARQUIVO.
26-07-2024 23:48:46.050Z;functions.check_user_bot;  DUPLO CLICK NO DIRETORIO
26-07-2024 23:48:48.490Z;functions.check_user_bot;  APERTA TAB 0
26-07-2024 23:48:49.092Z;functions.check_user_bot;  APERTA TAB 1
26-07-2024 23:48:49.696Z;functions.check_user_bot;  APERTA TAB 2
26-07-2024 23:48:50.298Z;functions.check_user_bot;  APERTA TAB 3
26-07-2024 23:48:50.901Z;functions.check_user_bot;  APERTA TAB 4
26-07-2024 23:48:51.503Z;functions.check_user_bot;  APERTA TAB 5
26-07-2024 23:48:51.503Z;functions.check_user_bot;  LETRA "A" SERÁ UTILIZADA
26-07-2024 23:48:51.635Z;functions.check_user_bot;  F310624A.txt
26-07-2024 23:48:52.612Z;functions.check_user_bot;  CLICK NO BUTÃO SALVAR
26-07-2024 23:48:54.332Z;functions.check_user_bot;  CLICK EM AVANCAR PARA CONCLUIR
26-07-2024 23:48:55.800Z;functions.check_user_bot;  CLICK EM EXECUTAR
26-07-2024 23:49:15.191Z;functions.waitForImage;  PRESS BUTTON OK image found.
26-07-2024 23:49:17.204Z;functions.check_user_bot;  O PROCESSAMENTO DE AUTORIZAÇÃO DO BORDERO FOI EXECUTADO COM SUCESSO.
26-07-2024 23:49:27.011Z;functions.check_user_bot;  ===========================================================================================================
LANÇAMENTOS ENVIADOS PARA REMESSA PAGAMENTO
Coligada: 1
ID Remessa: 10
Convênio: 9
Data: 26/07/2024 23:49:12
Borderô remetidos: 1
===========================================================================================================
Borderô: 1-10409

Lançamentos remetidos no Borderô:
Lancamento 1-985045
----------------------------------------------------------------------------------------------------------


26-07-2024 23:49:29.926Z;errorhandler.__handle;  CSSStyleDeclaration: Unexpected token, ignoring upto '{        border: none;'. [1:174: {]
26-07-2024 23:49:29.926Z;errorhandler.__handle;  Property: Unknown Property name. [1:204: -ms-interpolation-mode]
26-07-2024 23:49:29.941Z;errorhandler.__handle;  CSSStyleDeclaration: Unexpected token, ignoring upto '}'. [1:267: }]
26-07-2024 23:49:29.941Z;errorhandler.__handle;  CSSStyleDeclaration: Unexpected token, ignoring upto '{        background-color: #f6f6f6;'. [1:281: {]
26-07-2024 23:49:29.941Z;errorhandler.__handle;  Property: Unknown Property name. [1:356: -webkit-font-smoothing]
26-07-2024 23:49:29.957Z;errorhandler.__handle;  Property: Unknown Property name. [1:486: -ms-text-size-adjust]
26-07-2024 23:49:29.957Z;errorhandler.__handle;  Property: Unknown Property name. [1:521: -webkit-text-size-adjust]
26-07-2024 23:49:29.957Z;errorhandler.__handle;  CSSStyleDeclaration: Unexpected token, ignoring upto '}'. [1:559: }]
26-07-2024 23:49:29.957Z;errorhandler.__handle;  CSSStyleDeclaration: Unexpected token, ignoring upto '{        border-collapse: separate;'. [1:574: {]
26-07-2024 23:49:29.957Z;errorhandler.__handle;  Property: Unknown Property name. [1:617: mso-table-lspace]
26-07-2024 23:49:29.972Z;errorhandler.__handle;  Property: Unknown Property name. [1:647: mso-table-rspace]
26-07-2024 23:49:29.972Z;errorhandler.__handle;  CSSStyleDeclaration: Unexpected token, ignoring upto '}'. [1:690: }]
26-07-2024 23:49:29.972Z;errorhandler.__handle;  CSSStyleDeclaration: Unexpected token, ignoring upto '{          font-family: sans-serif;'. [1:710: {]
26-07-2024 23:49:29.972Z;errorhandler.__handle;  CSSStyleDeclaration: Unexpected token, ignoring upto '}'. [1:808: }]
26-07-2024 23:49:29.972Z;errorhandler.__handle;  CSSStyleDeclaration: Unexpected token, ignoring upto '{        background-color: #f6f6f6;'. [1:941: {]
26-07-2024 23:49:29.972Z;errorhandler.__handle;  CSSStyleDeclaration: Unexpected token, ignoring upto '}'. [1:1003: }]
26-07-2024 23:49:29.972Z;errorhandler.__handle;  CSSStyleDeclaration: Unexpected token, ignoring upto '{        display: block;'. [1:1178: {]
26-07-2024 23:49:29.972Z;errorhandler.__handle;  CSSStyleDeclaration: Unexpected token, ignoring upto '}'. [1:1342: }]
26-07-2024 23:49:29.988Z;errorhandler.__handle;  CSSStyleDeclaration: Unexpected token, ignoring upto '{        box-sizing: border-box;'. [1:1452: {]
26-07-2024 23:49:29.988Z;errorhandler.__handle;  CSSStyleDeclaration: Unexpected token, ignoring upto '}'. [1:1584: }]
26-07-2024 23:49:29.988Z;errorhandler.__handle;  CSSStyleDeclaration: Unexpected token, ignoring upto '{        background: #ffffff;'. [1:1721: {]
26-07-2024 23:49:29.988Z;errorhandler.__handle;  CSSStyleDeclaration: Unexpected token, ignoring upto '}'. [1:1804: }]
26-07-2024 23:49:29.988Z;errorhandler.__handle;  CSSStyleDeclaration: Unexpected token, ignoring upto '{        box-sizing: border-box;'. [1:1822: {]
26-07-2024 23:49:29.988Z;errorhandler.__handle;  CSSStyleDeclaration: Unexpected token, ignoring upto '}'. [1:1883: }]
26-07-2024 23:49:29.988Z;errorhandler.__handle;  CSSStyleDeclaration: Unexpected token, ignoring upto '{        padding-bottom: 10px;'. [1:1907: {]
26-07-2024 23:49:30.004Z;errorhandler.__handle;  CSSStyleDeclaration: Unexpected token, ignoring upto '}'. [1:1969: }]
26-07-2024 23:49:30.004Z;errorhandler.__handle;  CSSStyleDeclaration: Unexpected token, ignoring upto '{        clear: both;'. [1:1986: {]
26-07-2024 23:49:30.004Z;errorhandler.__handle;  CSSStyleDeclaration: Unexpected token, ignoring upto '}'. [1:2086: }]
26-07-2024 23:49:30.004Z;errorhandler.__handle;  CSSStyleDeclaration: Unexpected token, ignoring upto '{          color: #999999;'. [1:2165: {]
26-07-2024 23:49:30.004Z;errorhandler.__handle;  CSSStyleDeclaration: Unexpected token, ignoring upto '}'. [1:2253: }]
26-07-2024 23:49:30.004Z;errorhandler.__handle;  CSSStyleDeclaration: Unexpected token, ignoring upto '{        color: #000000;'. [1:2404: {]
26-07-2024 23:49:30.019Z;errorhandler.__handle;  CSSStyleDeclaration: Unexpected token, ignoring upto '}'. [1:2563: }]
26-07-2024 23:49:30.019Z;errorhandler.__handle;  CSSStyleDeclaration: Unexpected token, ignoring upto '{        font-size: 35px;'. [1:2575: {]
26-07-2024 23:49:30.019Z;errorhandler.__handle;  CSSStyleDeclaration: Unexpected token, ignoring upto '}'. [1:2694: }]
26-07-2024 23:49:30.019Z;errorhandler.__handle;  CSSStyleDeclaration: Unexpected token, ignoring upto '{        font-family: sans-serif;'. [1:2723: {]
26-07-2024 23:49:30.019Z;errorhandler.__handle;  CSSStyleDeclaration: Unexpected token, ignoring upto '}'. [1:2861: }]
26-07-2024 23:49:30.019Z;errorhandler.__handle;  CSSStyleDeclaration: Unexpected token, ignoring upto '{          list-style-position: inside;'. [1:2905: {]
26-07-2024 23:49:30.019Z;errorhandler.__handle;  CSSStyleDeclaration: Unexpected token, ignoring upto '}'. [1:2978: }]
26-07-2024 23:49:30.019Z;errorhandler.__handle;  CSSStyleDeclaration: Unexpected token, ignoring upto '{        color: #3498db;'. [1:2989: {]
26-07-2024 23:49:30.019Z;errorhandler.__handle;  CSSStyleDeclaration: Unexpected token, ignoring upto '}'. [1:3055: }]
26-07-2024 23:49:30.019Z;errorhandler.__handle;  CSSStyleDeclaration: Unexpected token, ignoring upto '{        box-sizing: border-box;'. [1:3178: {]
26-07-2024 23:49:30.035Z;errorhandler.__handle;  CSSStyleDeclaration: Unexpected token, ignoring upto '}'. [1:3231: }]
26-07-2024 23:49:30.035Z;errorhandler.__handle;  CSSStyleDeclaration: Unexpected token, ignoring upto '{          padding-bottom: 15px;'. [1:3265: {]
26-07-2024 23:49:30.035Z;errorhandler.__handle;  CSSStyleDeclaration: Unexpected token, ignoring upto '}'. [1:3298: }]
26-07-2024 23:49:30.035Z;errorhandler.__handle;  CSSStyleDeclaration: Unexpected token, ignoring upto '{          width: auto;'. [1:3320: {]
26-07-2024 23:49:30.035Z;errorhandler.__handle;  CSSStyleDeclaration: Unexpected token, ignoring upto '}'. [1:3350: }]
26-07-2024 23:49:30.035Z;errorhandler.__handle;  CSSStyleDeclaration: Unexpected token, ignoring upto '{          background-color: #ffffff;'. [1:3375: {]
26-07-2024 23:49:30.035Z;errorhandler.__handle;  CSSStyleDeclaration: Unexpected token, ignoring upto '}'. [1:3477: }]
26-07-2024 23:49:30.035Z;errorhandler.__handle;  CSSStyleDeclaration: Unexpected token, ignoring upto '{          background-color: #ffffff;'. [1:3495: {]
26-07-2024 23:49:30.238Z;errorhandler.__handle;  CSSStyleDeclaration: Unexpected token, ignoring upto '}'. [1:3892: }]
26-07-2024 23:49:30.238Z;errorhandler.__handle;  CSSStyleDeclaration: Unexpected token, ignoring upto '{        background-color: #3498db;'. [1:3923: {]
26-07-2024 23:49:30.238Z;errorhandler.__handle;  CSSStyleDeclaration: Unexpected token, ignoring upto '}'. [1:3965: }]
26-07-2024 23:49:30.238Z;errorhandler.__handle;  CSSStyleDeclaration: Unexpected token, ignoring upto '{        background-color: #3498db;'. [1:3989: {]
26-07-2024 23:49:30.285Z;errorhandler.__handle;  CSSStyleDeclaration: Unexpected token, ignoring upto '}'. [1:4084: }]
26-07-2024 23:49:30.301Z;errorhandler.__handle;  CSSStyleDeclaration: Unexpected token, ignoring upto '{        margin-bottom: 0;'. [1:4234: {]
26-07-2024 23:49:30.301Z;errorhandler.__handle;  CSSStyleDeclaration: Unexpected token, ignoring upto '}'. [1:4267: }]
26-07-2024 23:49:30.301Z;errorhandler.__handle;  CSSStyleDeclaration: Unexpected token, ignoring upto '{        margin-top: 0;'. [1:4283: {]
26-07-2024 23:49:30.301Z;errorhandler.__handle;  CSSStyleDeclaration: Unexpected token, ignoring upto '}'. [1:4313: }]
26-07-2024 23:49:30.301Z;errorhandler.__handle;  CSSStyleDeclaration: Unexpected token, ignoring upto '{        text-align: center;'. [1:4336: {]
26-07-2024 23:49:30.301Z;errorhandler.__handle;  CSSStyleDeclaration: Unexpected token, ignoring upto '}'. [1:4371: }]
26-07-2024 23:49:30.301Z;errorhandler.__handle;  CSSStyleDeclaration: Unexpected token, ignoring upto '{        text-align: right;'. [1:4393: {]
26-07-2024 23:49:30.301Z;errorhandler.__handle;  CSSStyleDeclaration: Unexpected token, ignoring upto '}'. [1:4427: }]
26-07-2024 23:49:30.301Z;errorhandler.__handle;  CSSStyleDeclaration: Unexpected token, ignoring upto '{        text-align: left;'. [1:4448: {]
26-07-2024 23:49:30.301Z;errorhandler.__handle;  CSSStyleDeclaration: Unexpected token, ignoring upto '}'. [1:4481: }]
26-07-2024 23:49:30.301Z;errorhandler.__handle;  CSSStyleDeclaration: Unexpected token, ignoring upto '{        clear: both;'. [1:4497: {]
26-07-2024 23:49:30.301Z;errorhandler.__handle;  CSSStyleDeclaration: Unexpected token, ignoring upto '}'. [1:4525: }]
26-07-2024 23:49:30.301Z;errorhandler.__handle;  CSSStyleDeclaration: Unexpected token, ignoring upto '{        margin-top: 0;'. [1:4539: {]
26-07-2024 23:49:30.301Z;errorhandler.__handle;  CSSStyleDeclaration: Unexpected token, ignoring upto '}'. [1:4569: }]
26-07-2024 23:49:30.301Z;errorhandler.__handle;  CSSStyleDeclaration: Unexpected token, ignoring upto '{        margin-bottom: 0;'. [1:4583: {]
26-07-2024 23:49:30.301Z;errorhandler.__handle;  CSSStyleDeclaration: Unexpected token, ignoring upto '}'. [1:4616: }]
26-07-2024 23:49:30.301Z;errorhandler.__handle;  CSSStyleDeclaration: Unexpected token, ignoring upto '{        color: transparent;'. [1:4636: {]
26-07-2024 23:49:30.316Z;errorhandler.__handle;  Property: Unknown Property name. [1:4799: mso-hide]
26-07-2024 23:49:30.316Z;errorhandler.__handle;  CSSStyleDeclaration: Unexpected token, ignoring upto '}'. [1:4864: }]
26-07-2024 23:49:30.316Z;errorhandler.__handle;  CSSStyleDeclaration: Unexpected token, ignoring upto '{        text-decoration: none;'. [1:4887: {]
26-07-2024 23:49:30.316Z;errorhandler.__handle;  CSSStyleDeclaration: Unexpected token, ignoring upto '}'. [1:4925: }]
26-07-2024 23:49:30.316Z;errorhandler.__handle;  CSSStyleDeclaration: Unexpected token, ignoring upto '{        border: 0;'. [1:4937: {]
26-07-2024 23:49:30.316Z;errorhandler.__handle;  CSSStyleDeclaration: Unexpected token, ignoring upto '}'. [1:5027: }]
26-07-2024 23:49:30.332Z;errorhandler.__handle;  CSSStyleRule: No selector found: '{        table.body h1 {{          font-size: 28px !important;          margin-bottom: 10px !important;         }}        table.body p,        table.body ul,        table.body ol,        table.body td,        table.body span,        table.body a {{          font-size: 16px !important;         }}        table.body .wrapper,        table.body .article {{          padding: 10px !important;         }}        table.body .content {{          padding: 0 !important;         }}        table.body .container {{          padding: 0 !important;          width: 100% !important;         }}        table.body .main {{          border-left-width: 0 !important;          border-radius: 0 !important;          border-right-width: 0 !important;         }}        table.body .btn table {{          width: 100% !important;         }}        table.body .btn a {{          width: 100% !important;         }}        table.body .img-responsive {{          height: auto !important;          max-width: 100% !important;          width: auto !important;         }}      }'. [1:5217: {]
26-07-2024 23:49:30.332Z;errorhandler.__handle;  SelectorList: Unknown Syntax: ''
26-07-2024 23:49:30.332Z;errorhandler.__handle;  Property: No ":" after name found: table.body h1 {{          font-size: 28px !important;          margin-bottom: 10px !important;         }}        table.body p,        table.body ul,        table.body ol,        table.body td,        table.body span,        table.body a {{          font-size: 16px !important;         }}        table.body .wrapper,        table.body .article {{          padding: 10px !important;         }}        table.body .content {{          padding: 0 !important;         }}        table.body .container {{          padding: 0 !important;          width: 100% !important;         }}        table.body .main {{          border-left-width: 0 !important;          border-radius: 0 !important;          border-right-width: 0 !important;         }}        table.body .btn table {{          width: 100% !important;         }}        table.body .btn a {{          width: 100% !important;         }}        table.body .img-responsive {{          height: auto !important;          max-width: 100% !important;          width: auto !important;         }}       [1:6259:       ]
26-07-2024 23:49:30.332Z;errorhandler.__handle;  Property: No property value found: table.body h1 {{          font-size: 28px !important;          margin-bottom: 10px !important;         }}        table.body p,        table.body ul,        table.body ol,        table.body td,        table.body span,        table.body a {{          font-size: 16px !important;         }}        table.body .wrapper,        table.body .article {{          padding: 10px !important;         }}        table.body .content {{          padding: 0 !important;         }}        table.body .container {{          padding: 0 !important;          width: 100% !important;         }}        table.body .main {{          border-left-width: 0 !important;          border-radius: 0 !important;          border-right-width: 0 !important;         }}        table.body .btn table {{          width: 100% !important;         }}        table.body .btn a {{          width: 100% !important;         }}        table.body .img-responsive {{          height: auto !important;          max-width: 100% !important;          width: auto !important;         }}       [1:6259:       ]
26-07-2024 23:49:30.332Z;errorhandler.__handle;  CSSStyleDeclaration: Syntax Error in Property: table.body h1 {{          font-size: 28px !important;          margin-bottom: 10px !important;         }}        table.body p,        table.body ul,        table.body ol,        table.body td,        table.body span,        table.body a {{          font-size: 16px !important;         }}        table.body .wrapper,        table.body .article {{          padding: 10px !important;         }}        table.body .content {{          padding: 0 !important;         }}        table.body .container {{          padding: 0 !important;          width: 100% !important;         }}        table.body .main {{          border-left-width: 0 !important;          border-radius: 0 !important;          border-right-width: 0 !important;         }}        table.body .btn table {{          width: 100% !important;         }}        table.body .btn a {{          width: 100% !important;         }}        table.body .img-responsive {{          height: auto !important;          max-width: 100% !important;          width: auto !important;         }}      
26-07-2024 23:49:30.332Z;errorhandler.__handle;  CSSStyleRule: No selector found: '{        .ExternalClass {{          width: 100%;         }}        .ExternalClass,        .ExternalClass p,        .ExternalClass span,        .ExternalClass font,        .ExternalClass td,        .ExternalClass div {{          line-height: 100%;         }}        .apple-link a {{          color: inherit !important;          font-family: inherit !important;          font-size: inherit !important;          font-weight: inherit !important;          line-height: inherit !important;          text-decoration: none !important;         }}        #MessageViewBody a {{          color: inherit;          text-decoration: none;          font-size: inherit;          font-family: inherit;          font-weight: inherit;          line-height: inherit;        }}        .btn-primary table td:hover {{          background-color: #34495e !important;         }}        .btn-primary a:hover {{          background-color: #34495e !important;          border-color: #34495e !important;         }}       }'. [1:6420: {]
26-07-2024 23:49:30.332Z;errorhandler.__handle;  SelectorList: Unknown Syntax: ''
26-07-2024 23:49:30.332Z;errorhandler.__handle;  CSSStyleDeclaration: Unexpected token, ignoring upto '.ExternalClass {{          width: 100%;         }}        .ExternalClass,        .ExternalClass p,        .ExternalClass span,        .ExternalClass font,        .ExternalClass td,        .ExternalClass div {{          line-height: 100%;         }}        .apple-link a {{          color: inherit !important;          font-family: inherit !important;          font-size: inherit !important;          font-weight: inherit !important;          line-height: inherit !important;          text-decoration: none !important;         }}        #MessageViewBody a {{          color: inherit;          text-decoration: none;          font-size: inherit;          font-family: inherit;          font-weight: inherit;          line-height: inherit;        }}        .btn-primary table td:hover {{          background-color: #34495e !important;         }}        .btn-primary a:hover {{          background-color: #34495e !important;          border-color: #34495e !important;         }}       '. [1:6429: .]
26-07-2024 23:49:30.347Z;errorhandler.__handle;  Property: Unknown Property name. [1:1: -ms-interpolation-mode]
26-07-2024 23:49:30.347Z;errorhandler.__handle;  Property: Unknown Property name. [1:24: -webkit-font-smoothing]
26-07-2024 23:49:30.363Z;errorhandler.__handle;  Property: Unknown Property name. [1:109: -ms-text-size-adjust]
26-07-2024 23:49:30.363Z;errorhandler.__handle;  Property: Unknown Property name. [1:135: -webkit-text-size-adjust]
26-07-2024 23:49:30.363Z;errorhandler.__handle;  Property: Unknown Property name. [1:1: mso-table-lspace]
26-07-2024 23:49:30.363Z;errorhandler.__handle;  Property: Unknown Property name. [1:20: mso-table-rspace]
26-07-2024 23:49:30.394Z;errorhandler.__handle;  Property: Unknown Property name. [1:74: mso-hide]
26-07-2024 23:49:30.394Z;errorhandler.__handle;  Property: No ":" after name found: align-center [1:1: align-center]
26-07-2024 23:49:30.394Z;errorhandler.__handle;  Property: No property value found: align-center [1:1: align-center]
26-07-2024 23:49:30.394Z;errorhandler.__handle;  CSSStyleDeclaration: Syntax Error in Property: align-center
26-07-2024 23:49:30.394Z;errorhandler.__handle;  Property: Unknown Property name. [1:1: -ms-interpolation-mode]
26-07-2024 23:49:33.476Z;functions.emailSuccess;  Success e-mail sent.
26-07-2024 23:49:34.520Z;main.<module>;  BOT FÉRIAS/RESCISÃO FINALIZADO
26-07-2024 23:49:35.659Z;errorhandler.__handle;  Property: Unknown Property name. [1:203: -ms-interpolation-mode]
26-07-2024 23:49:35.691Z;errorhandler.__handle;  Property: Unknown Property name. [1:353: -webkit-font-smoothing]
26-07-2024 23:49:35.691Z;errorhandler.__handle;  Property: Unknown Property name. [1:483: -ms-text-size-adjust]
26-07-2024 23:49:35.706Z;errorhandler.__handle;  Property: Unknown Property name. [1:518: -webkit-text-size-adjust]
26-07-2024 23:49:35.706Z;errorhandler.__handle;  Property: Unknown Property name. [1:612: mso-table-lspace]
26-07-2024 23:49:35.706Z;errorhandler.__handle;  Property: Unknown Property name. [1:642: mso-table-rspace]
26-07-2024 23:49:35.847Z;errorhandler.__handle;  Property: Unknown Property name. [1:4734: mso-hide]
26-07-2024 23:49:35.956Z;errorhandler.__handle;  Property: Unknown Property name. [1:13: -ms-interpolation-mode]
26-07-2024 23:49:35.956Z;errorhandler.__handle;  Property: Unknown Property name. [1:49: -webkit-font-smoothing]
26-07-2024 23:49:35.956Z;errorhandler.__handle;  Property: Unknown Property name. [1:134: -ms-text-size-adjust]
26-07-2024 23:49:35.956Z;errorhandler.__handle;  Property: Unknown Property name. [1:160: -webkit-text-size-adjust]
26-07-2024 23:49:35.956Z;errorhandler.__handle;  Property: Unknown Property name. [1:26: mso-table-lspace]
26-07-2024 23:49:35.956Z;errorhandler.__handle;  Property: Unknown Property name. [1:45: mso-table-rspace]
26-07-2024 23:49:35.988Z;errorhandler.__handle;  Property: Unknown Property name. [1:92: mso-hide]
26-07-2024 23:49:36.003Z;errorhandler.__handle;  Property: Unknown Property name. [1:14: -ms-interpolation-mode]
26-07-2024 23:49:38.597Z;functions.emailFinalizado;  Finalizado e-mail sent.
26-07-2024 23:49:38.925Z;functions.encerra_prog;  RM ENCERRADO
