23-07-2024 03:01:14.335Z;functions.bot_text_art;      ____   
23-07-2024 03:01:14.335Z;functions.bot_text_art;     [____]    
23-07-2024 03:01:14.335Z;functions.bot_text_art;   |=]()()[=|  
23-07-2024 03:01:14.335Z;functions.bot_text_art;     _\==/__    _____    ____     _        _____    ___   _  __
23-07-2024 03:01:14.335Z;functions.bot_text_art;   |__|   |_|  |  _  \  / ___|   | |      |_   _| / ___| | |/ /
23-07-2024 03:01:14.335Z;functions.bot_text_art;   |_|_/\_|_|  | |  | | | |      | |        | |   | |    | ' / 
23-07-2024 03:01:14.335Z;functions.bot_text_art;   | | __ | |  | |  | | | |      | |        | |   | |    |  <  
23-07-2024 03:01:14.335Z;functions.bot_text_art;   |_|[  ]|_|  | |__| | | |____  | |____   _| |_  | |__  | . \ 
23-07-2024 03:01:14.335Z;functions.bot_text_art;   \_|_||_|_/  |_____/   \_____| |______| |_____| \ ___| |_|\_\
23-07-2024 03:01:14.335Z;functions.bot_text_art;     |_||_|                                                     
23-07-2024 03:01:14.335Z;functions.bot_text_art;     | ||_|_   
23-07-2024 03:01:14.335Z;functions.bot_text_art;   |___||___|  
23-07-2024 03:01:14.335Z;functions.bot_text_art;               
23-07-2024 03:01:14.351Z;functions.open_RM;  OPEN PROGRAM RM
23-07-2024 03:01:44.374Z;functions.loggin_RM;  ENTRAR USER_NAME
23-07-2024 03:01:48.539Z;functions.loggin_RM;  ENTRAR PASSWORD
23-07-2024 03:01:50.069Z;functions.loggin_RM;  ENTRAR RM
23-07-2024 03:05:13.866Z;functions.enter_coligada;  AGUARDANDO 1
23-07-2024 03:05:15.131Z;functions.enter_coligada;  CLICK CONTEXTO
23-07-2024 03:05:18.038Z;functions.enter_coligada;  CLICK ALTERAR MODULO DO CONTEXTO
23-07-2024 03:05:22.753Z;functions.enter_coligada;  INSERE O COLIGADA CODE = 1
23-07-2024 03:05:22.858Z;functions.enter_coligada;  APERTA TAB PARA PREENCHER O CAMPO COM A STRING: OCEANICA ENGENHARIA E CONSULTORIA S.A.
23-07-2024 03:05:25.448Z;functions.enter_coligada;  CLICK AVANÇAR NOVAMENTE
23-07-2024 03:05:26.850Z;functions.enter_coligada;  CLICK CONCLUIR
23-07-2024 03:05:47.037Z;functions.waitForImage;  TROCA COLIGADA image not found.
23-07-2024 03:06:05.631Z;functions.enter_coligada;  POP UP COLIGADA DESAPARECER
23-07-2024 03:06:06.631Z;functions.check_movimentacao_bancaria;  CLICK - TOTVS - LINHA RM
23-07-2024 03:06:09.100Z;functions.check_movimentacao_bancaria;  CLICK - BACK OFFICE
23-07-2024 03:06:11.982Z;functions.check_movimentacao_bancaria;  CLICK - GESTAO FINANCEIRA
23-07-2024 03:06:11.983Z;functions.obter_intervalo_data;  VERIFICANDO A HORA ATUAL 3
23-07-2024 03:06:12.010Z;functions.obter_intervalo_data;  Data Inicial FERIAS/RESCISAO antes da remoção: None
23-07-2024 03:06:12.010Z;functions.obter_intervalo_data;  Data Final FERIAS/RESCISAO antes da remoção: None
23-07-2024 03:06:12.010Z;functions.obter_intervalo_data;  Data Inicial FERIAS/RESCISAO após a remoção: None
23-07-2024 03:06:12.010Z;functions.obter_intervalo_data;  Data Final FERIAS/RESCISAO após a remoção: None
23-07-2024 03:06:12.010Z;functions.obter_intervalo_data;  hoje -  2024-07-23 03:06:12.010488
23-07-2024 03:06:12.010Z;functions.check_movimentacao_bancaria;  DATA INICIO 24-07-2024
23-07-2024 03:06:12.010Z;functions.check_movimentacao_bancaria;  DATA FIM 30-07-2024
23-07-2024 03:06:12.010Z;functions.movimentacao_bancaria;  AGUARDANDO 1
23-07-2024 03:06:18.006Z;functions.movimentacao_bancaria;  CLICK NA ABA MOVIMENTAÇÃO BANCARIA
23-07-2024 03:06:20.225Z;functions.waitForImage;  IMAGEM BORDERO image found.
23-07-2024 03:06:22.358Z;functions.movimentacao_bancaria;  IMAGEM BORDERO CLICADA.
23-07-2024 03:06:33.022Z;functions.waitForImage;  LICENCAS EXCEDIDAS image not found.
23-07-2024 03:06:33.788Z;functions.movimentacao_bancaria;  ENCONTROU O FILTRO DA MOVIMENTAÇÃO BANCÁRIA
23-07-2024 03:06:33.850Z;functions.movimentacao_bancaria;  CLICA NA ABA SUPERIOR DO FILTRO
23-07-2024 03:06:38.060Z;functions.movimentacao_bancaria;  SELECIONA O FILTRO HOJE
23-07-2024 03:06:53.366Z;functions.waitForImage;  FILTER CLEAN image not found.
23-07-2024 03:07:08.663Z;functions.waitForImage;  FILTER CLEAN image not found.
23-07-2024 03:07:23.975Z;functions.waitForImage;  FILTER CLEAN image not found.
23-07-2024 03:07:41.991Z;functions.movimentacao_bancaria;  SEM PROCESSAMENTO DE BORDERO
23-07-2024 03:08:02.287Z;functions.waitForImage;  FILTER CLEAN image not found.
23-07-2024 03:08:17.600Z;functions.waitForImage;  FILTER CLEAN image not found.
23-07-2024 03:08:32.912Z;functions.waitForImage;  FILTER CLEAN image not found.
23-07-2024 03:09:04.947Z;functions.remessa_pagamento;  SEM REMESSA DE BORDERO AUTORIZADO
23-07-2024 03:09:06.006Z;functions.enter_contas_a_pagar;  CLICK - TOTVS - LINHA RM
23-07-2024 03:09:07.193Z;functions.enter_contas_a_pagar;  CLICK - BACK OFFICE
23-07-2024 03:09:10.068Z;functions.enter_contas_a_pagar;  CLICK - GESTAO FINANCEIRA
23-07-2024 03:09:16.162Z;functions.enter_contas_a_pagar;  CLICK - CONTAS A PAGAR
23-07-2024 03:09:16.350Z;functions.waitForImage;  LANÇAMENTOS image found.
23-07-2024 03:09:18.484Z;functions.enter_contas_a_pagar;  CLICA EM LANÇAMENTOS
23-07-2024 03:09:34.116Z;functions.waitForImage;  LICENCAS EXCEDIDAS image not found.
23-07-2024 03:09:34.116Z;functions.data_filter;  CLICK - SELECIONA A DATA DE QUARTA FEIRA E DA PROXIMA TERÇA
23-07-2024 03:09:34.116Z;functions.data_filter;  QUARTA-FEIRA: 24-07-2024
23-07-2024 03:09:34.116Z;functions.data_filter;  TERCA-FEIRA: 30-07-2024
23-07-2024 03:09:54.570Z;functions.data_filter;  FILTRO - REMESSA FERIAS/RESCISAO
23-07-2024 03:09:55.600Z;functions.data_filter;  CLICK - BUTÃO DE SELECAO DE FILTRO
23-07-2024 03:10:00.522Z;functions.data_filter;  INSERE - DATA DE QUARTA-FEIRA: 24-07-2024
23-07-2024 03:10:05.053Z;functions.data_filter;  INSERE - DATA DA PROX TERCA-FEIRA: 30-07-2024
23-07-2024 03:10:06.256Z;functions.data_filter;  CLICK - BUTÃO DE EXECUTAR O FILTRO
23-07-2024 03:10:11.261Z;functions.desmark_filter;  AGUARDANDO 1
23-07-2024 03:10:13.600Z;functions.desmark_filter;  CLICK CHECKBOX LANÇAMENTOS A RECEBER
23-07-2024 03:10:16.147Z;functions.desmark_filter;  CLICK CHECKBOX LANÇAMENTOS BAIXADOS
23-07-2024 03:10:18.818Z;functions.desmark_filter;  CLICK CHECKBOX LANÇAMENTOS CANCELADOS
23-07-2024 03:10:21.757Z;functions.desmark_filter;  CLICK CHECKBOX LANÇAMENTOS FATURADOS
23-07-2024 03:10:24.743Z;functions.desmark_filter;  ATUALIZA O FILTRO
23-07-2024 03:10:24.912Z;functions.waitForImage;  FILTER CLEAN image found.
23-07-2024 03:10:27.027Z;functions.filter_clean;  CLICK NO BOTÃO X DO LIMPA FILTRO
23-07-2024 03:10:42.318Z;functions.waitForImage;  FILTER CLEAN image not found.
23-07-2024 03:10:57.631Z;functions.waitForImage;  FILTER CLEAN image not found.
23-07-2024 03:11:00.974Z;functions.tabela_vazia;  Texto extraido 0/0
23-07-2024 03:11:00.974Z;functions.tabela_vazia;  Count 0
23-07-2024 03:11:00.974Z;functions.tabela_vazia;  Type <class 'int'>
23-07-2024 03:11:02.981Z;functions.tabela_vazia;  SEM REMESSA DE FÉRIAS/RESCISÃO
23-07-2024 03:11:04.982Z;main.<module>;  SEM REMESSA DE FÉRIAS/RESCISÃO
23-07-2024 03:11:08.771Z;errorhandler.__handle;  Property: Unknown Property name. [1:203: -ms-interpolation-mode]
23-07-2024 03:11:08.803Z;errorhandler.__handle;  Property: Unknown Property name. [1:353: -webkit-font-smoothing]
23-07-2024 03:11:08.818Z;errorhandler.__handle;  Property: Unknown Property name. [1:483: -ms-text-size-adjust]
23-07-2024 03:11:08.818Z;errorhandler.__handle;  Property: Unknown Property name. [1:518: -webkit-text-size-adjust]
23-07-2024 03:11:08.818Z;errorhandler.__handle;  Property: Unknown Property name. [1:612: mso-table-lspace]
23-07-2024 03:11:08.818Z;errorhandler.__handle;  Property: Unknown Property name. [1:642: mso-table-rspace]
23-07-2024 03:11:09.053Z;errorhandler.__handle;  Property: Unknown Property name. [1:4734: mso-hide]
23-07-2024 03:11:09.146Z;errorhandler.__handle;  Property: Unknown Property name. [1:13: -ms-interpolation-mode]
23-07-2024 03:11:09.146Z;errorhandler.__handle;  Property: Unknown Property name. [1:49: -webkit-font-smoothing]
23-07-2024 03:11:09.146Z;errorhandler.__handle;  Property: Unknown Property name. [1:134: -ms-text-size-adjust]
23-07-2024 03:11:09.162Z;errorhandler.__handle;  Property: Unknown Property name. [1:160: -webkit-text-size-adjust]
23-07-2024 03:11:09.162Z;errorhandler.__handle;  Property: Unknown Property name. [1:26: mso-table-lspace]
23-07-2024 03:11:09.162Z;errorhandler.__handle;  Property: Unknown Property name. [1:45: mso-table-rspace]
23-07-2024 03:11:09.193Z;errorhandler.__handle;  Property: Unknown Property name. [1:92: mso-hide]
23-07-2024 03:11:09.209Z;errorhandler.__handle;  Property: No ":" after name found: align-center [1:1: align-center]
23-07-2024 03:11:09.209Z;errorhandler.__handle;  Property: No property value found: align-center [1:1: align-center]
23-07-2024 03:11:09.209Z;errorhandler.__handle;  CSSStyleDeclaration: Syntax Error in Property: align-center
23-07-2024 03:11:09.209Z;errorhandler.__handle;  Property: Unknown Property name. [1:14: -ms-interpolation-mode]
23-07-2024 03:11:11.943Z;functions.emailFinalizado;  Finalizado e-mail sent.
23-07-2024 03:11:12.428Z;functions.encerra_prog;  RM ENCERRADO
