05-07-2024 03:00:46.670Z;functions.bot_text_art;      ____   
05-07-2024 03:00:46.670Z;functions.bot_text_art;     [____]    
05-07-2024 03:00:46.670Z;functions.bot_text_art;   |=]()()[=|  
05-07-2024 03:00:46.670Z;functions.bot_text_art;     _\==/__    _____    ____     _        _____    ___   _  __
05-07-2024 03:00:46.670Z;functions.bot_text_art;   |__|   |_|  |  _  \  / ___|   | |      |_   _| / ___| | |/ /
05-07-2024 03:00:46.670Z;functions.bot_text_art;   |_|_/\_|_|  | |  | | | |      | |        | |   | |    | ' / 
05-07-2024 03:00:46.670Z;functions.bot_text_art;   | | __ | |  | |  | | | |      | |        | |   | |    |  <  
05-07-2024 03:00:46.670Z;functions.bot_text_art;   |_|[  ]|_|  | |__| | | |____  | |____   _| |_  | |__  | . \ 
05-07-2024 03:00:46.670Z;functions.bot_text_art;   \_|_||_|_/  |_____/   \_____| |______| |_____| \ ___| |_|\_\
05-07-2024 03:00:46.670Z;functions.bot_text_art;     |_||_|                                                     
05-07-2024 03:00:46.670Z;functions.bot_text_art;     | ||_|_   
05-07-2024 03:00:46.670Z;functions.bot_text_art;   |___||___|  
05-07-2024 03:00:46.670Z;functions.bot_text_art;               
05-07-2024 03:00:46.685Z;functions.open_RM;  OPEN PROGRAM RM
05-07-2024 03:01:08.670Z;functions.loggin_RM;  ENTRAR USER_NAME
05-07-2024 03:01:12.499Z;functions.loggin_RM;  ENTRAR PASSWORD
05-07-2024 03:01:13.988Z;functions.loggin_RM;  ENTRAR RM
05-07-2024 03:04:15.956Z;functions.loggin_RM;  FILTRO NÃO ENCONTRADO
05-07-2024 03:04:48.590Z;functions.loggin_RM;  FILTRO 2 NÃO ENCONTRADO DE INICIO
05-07-2024 03:07:50.001Z;functions.loggin_RM;  FILTRO NÃO ENCONTRADO
05-07-2024 03:08:23.555Z;functions.loggin_RM;  FILTRO 2 NÃO ENCONTRADO DE INICIO
05-07-2024 03:11:27.075Z;functions.loggin_RM;  FILTRO NÃO ENCONTRADO
05-07-2024 03:12:00.231Z;functions.loggin_RM;  FILTRO 2 NÃO ENCONTRADO DE INICIO
05-07-2024 03:12:00.231Z;functions.enter_coligada;  AGUARDANDO 1
05-07-2024 03:12:01.434Z;functions.enter_coligada;  CLICK CONTEXTO
05-07-2024 03:12:03.997Z;functions.enter_coligada;  CLICK ALTERAR MODULO DO CONTEXTO
05-07-2024 03:12:08.075Z;functions.enter_coligada;  INSERE O COLIGADA CODE = 1
05-07-2024 03:12:08.181Z;functions.enter_coligada;  APERTA TAB PARA PREENCHER O CAMPO COM A STRING: OCEANICA ENGENHARIA E CONSULTORIA S.A.
05-07-2024 03:12:10.090Z;functions.enter_coligada;  CLICK AVANÇAR NOVAMENTE
05-07-2024 03:12:11.215Z;functions.enter_coligada;  CLICK CONCLUIR
05-07-2024 03:12:31.794Z;functions.waitForImage;  TROCA COLIGADA image not found.
05-07-2024 03:12:50.044Z;functions.enter_coligada;  POP UP COLIGADA DESAPARECER
05-07-2024 03:12:51.028Z;functions.check_movimentacao_bancaria;  CLICK - TOTVS - LINHA RM
05-07-2024 03:12:52.809Z;functions.check_movimentacao_bancaria;  CLICK - BACK OFFICE
05-07-2024 03:12:53.778Z;functions.check_movimentacao_bancaria;  CLICK - GESTAO FINANCEIRA
05-07-2024 03:12:53.778Z;functions.obter_intervalo_data;  VERIFICANDO A HORA ATUAL 3
05-07-2024 03:12:53.802Z;functions.obter_intervalo_data;  Data Inicial FERIAS/RESCISAO antes da remoção: None
05-07-2024 03:12:53.803Z;functions.obter_intervalo_data;  Data Final FERIAS/RESCISAO antes da remoção: None
05-07-2024 03:12:53.809Z;functions.obter_intervalo_data;  Data Inicial FERIAS/RESCISAO após a remoção: None
05-07-2024 03:12:53.809Z;functions.obter_intervalo_data;  Data Final FERIAS/RESCISAO após a remoção: None
05-07-2024 03:12:53.809Z;functions.obter_intervalo_data;  hoje -  2024-07-05 03:12:53.809849
05-07-2024 03:12:53.809Z;functions.check_movimentacao_bancaria;  DATA INICIO 10-07-2024
05-07-2024 03:12:53.809Z;functions.check_movimentacao_bancaria;  DATA FIM 16-07-2024
05-07-2024 03:12:53.809Z;functions.movimentacao_bancaria;  AGUARDANDO 1
05-07-2024 03:12:59.559Z;functions.movimentacao_bancaria;  CLICK NA ABA MOVIMENTAÇÃO BANCARIA
05-07-2024 03:13:01.794Z;functions.waitForImage;  IMAGEM BORDERO image found.
05-07-2024 03:13:03.912Z;functions.movimentacao_bancaria;  IMAGEM BORDERO CLICADA.
05-07-2024 03:13:14.090Z;functions.waitForImage;  LICENCAS EXCEDIDAS image not found.
05-07-2024 03:13:14.809Z;functions.movimentacao_bancaria;  ENCONTROU O FILTRO DA MOVIMENTAÇÃO BANCÁRIA
05-07-2024 03:13:14.872Z;functions.movimentacao_bancaria;  CLICA NA ABA SUPERIOR DO FILTRO
05-07-2024 03:13:19.084Z;functions.movimentacao_bancaria;  SELECIONA O FILTRO HOJE
05-07-2024 03:13:34.262Z;functions.waitForImage;  FILTER CLEAN image not found.
05-07-2024 03:13:49.419Z;functions.waitForImage;  FILTER CLEAN image not found.
05-07-2024 03:14:04.700Z;functions.waitForImage;  FILTER CLEAN image not found.
05-07-2024 03:14:22.419Z;functions.movimentacao_bancaria;  SEM PROCESSAMENTO DE BORDERO
05-07-2024 03:14:42.700Z;functions.waitForImage;  FILTER CLEAN image not found.
05-07-2024 03:14:57.981Z;functions.waitForImage;  FILTER CLEAN image not found.
05-07-2024 03:15:13.294Z;functions.waitForImage;  FILTER CLEAN image not found.
05-07-2024 03:15:44.671Z;functions.remessa_pagamento;  SEM REMESSA DE BORDERO AUTORIZADO
05-07-2024 03:15:45.684Z;functions.enter_contas_a_pagar;  CLICK - TOTVS - LINHA RM
05-07-2024 03:15:47.215Z;functions.enter_contas_a_pagar;  CLICK - BACK OFFICE
05-07-2024 03:15:49.965Z;functions.enter_contas_a_pagar;  CLICK - GESTAO FINANCEIRA
05-07-2024 03:15:55.935Z;functions.enter_contas_a_pagar;  CLICK - CONTAS A PAGAR
05-07-2024 03:15:56.857Z;functions.waitForImage;  LANÇAMENTOS image found.
05-07-2024 03:15:58.973Z;functions.enter_contas_a_pagar;  CLICA EM LANÇAMENTOS
05-07-2024 03:16:14.184Z;functions.waitForImage;  LICENCAS EXCEDIDAS image not found.
05-07-2024 03:16:14.184Z;functions.data_filter;  CLICK - SELECIONA A DATA DE QUARTA FEIRA E DA PROXIMA TERÇA
05-07-2024 03:16:14.184Z;functions.data_filter;  QUARTA-FEIRA: 10-07-2024
05-07-2024 03:16:14.184Z;functions.data_filter;  TERCA-FEIRA: 16-07-2024
05-07-2024 03:16:28.184Z;functions.data_filter;  CLICK - BUTÃO DE SELECAO DE FILTRO
05-07-2024 03:16:32.919Z;functions.data_filter;  INSERE - DATA DE QUARTA-FEIRA: 10-07-2024
05-07-2024 03:16:37.262Z;functions.data_filter;  INSERE - DATA DA PROX TERCA-FEIRA: 16-07-2024
05-07-2024 03:16:38.403Z;functions.data_filter;  CLICK - BUTÃO DE EXECUTAR O FILTRO
05-07-2024 03:16:43.408Z;functions.desmark_filter;  AGUARDANDO 1
05-07-2024 03:16:45.840Z;functions.desmark_filter;  CLICK CHECKBOX LANÇAMENTOS A RECEBER
05-07-2024 03:16:48.366Z;functions.desmark_filter;  CLICK CHECKBOX LANÇAMENTOS BAIXADOS
05-07-2024 03:16:51.250Z;functions.desmark_filter;  CLICK CHECKBOX LANÇAMENTOS CANCELADOS
05-07-2024 03:16:54.434Z;functions.desmark_filter;  CLICK CHECKBOX LANÇAMENTOS FATURADOS
05-07-2024 03:16:57.675Z;functions.desmark_filter;  ATUALIZA O FILTRO
05-07-2024 03:16:57.872Z;functions.waitForImage;  FILTER CLEAN image found.
05-07-2024 03:16:59.979Z;functions.filter_clean;  CLICK NO BOTÃO X DO LIMPA FILTRO
05-07-2024 03:17:15.262Z;functions.waitForImage;  FILTER CLEAN image not found.
05-07-2024 03:17:30.575Z;functions.waitForImage;  FILTER CLEAN image not found.
05-07-2024 03:17:33.997Z;functions.tabela_vazia;  Texto extraido 0/0
05-07-2024 03:17:33.997Z;functions.tabela_vazia;  Count 0
05-07-2024 03:17:33.997Z;functions.tabela_vazia;  Type <class 'int'>
05-07-2024 03:17:35.999Z;functions.tabela_vazia;  SEM REMESSA DE FÉRIAS/RESCISÃO
05-07-2024 03:17:38.000Z;main.<module>;  SEM REMESSA DE FÉRIAS/RESCISÃO
05-07-2024 03:17:40.625Z;errorhandler.__handle;  Property: Unknown Property name. [1:203: -ms-interpolation-mode]
05-07-2024 03:17:40.656Z;errorhandler.__handle;  Property: Unknown Property name. [1:353: -webkit-font-smoothing]
05-07-2024 03:17:40.672Z;errorhandler.__handle;  Property: Unknown Property name. [1:483: -ms-text-size-adjust]
05-07-2024 03:17:40.672Z;errorhandler.__handle;  Property: Unknown Property name. [1:518: -webkit-text-size-adjust]
05-07-2024 03:17:40.672Z;errorhandler.__handle;  Property: Unknown Property name. [1:612: mso-table-lspace]
05-07-2024 03:17:40.672Z;errorhandler.__handle;  Property: Unknown Property name. [1:642: mso-table-rspace]
05-07-2024 03:17:40.906Z;errorhandler.__handle;  Property: Unknown Property name. [1:4734: mso-hide]
05-07-2024 03:17:41.023Z;errorhandler.__handle;  Property: Unknown Property name. [1:13: -ms-interpolation-mode]
05-07-2024 03:17:41.026Z;errorhandler.__handle;  Property: Unknown Property name. [1:49: -webkit-font-smoothing]
05-07-2024 03:17:41.030Z;errorhandler.__handle;  Property: Unknown Property name. [1:134: -ms-text-size-adjust]
05-07-2024 03:17:41.031Z;errorhandler.__handle;  Property: Unknown Property name. [1:160: -webkit-text-size-adjust]
05-07-2024 03:17:41.034Z;errorhandler.__handle;  Property: Unknown Property name. [1:26: mso-table-lspace]
05-07-2024 03:17:41.035Z;errorhandler.__handle;  Property: Unknown Property name. [1:45: mso-table-rspace]
05-07-2024 03:17:41.074Z;errorhandler.__handle;  Property: Unknown Property name. [1:92: mso-hide]
05-07-2024 03:17:41.087Z;errorhandler.__handle;  Property: No ":" after name found: align-center [1:1: align-center]
05-07-2024 03:17:41.088Z;errorhandler.__handle;  Property: No property value found: align-center [1:1: align-center]
05-07-2024 03:17:41.088Z;errorhandler.__handle;  CSSStyleDeclaration: Syntax Error in Property: align-center
05-07-2024 03:17:41.091Z;errorhandler.__handle;  Property: Unknown Property name. [1:14: -ms-interpolation-mode]
05-07-2024 03:17:43.622Z;functions.emailFinalizado;  Finalizado e-mail sent.
05-07-2024 03:17:43.888Z;functions.encerra_prog;  RM ENCERRADO
