19-07-2024 03:01:09.835Z;functions.bot_text_art;      ____   
19-07-2024 03:01:09.835Z;functions.bot_text_art;     [____]    
19-07-2024 03:01:09.836Z;functions.bot_text_art;   |=]()()[=|  
19-07-2024 03:01:09.836Z;functions.bot_text_art;     _\==/__    _____    ____     _        _____    ___   _  __
19-07-2024 03:01:09.837Z;functions.bot_text_art;   |__|   |_|  |  _  \  / ___|   | |      |_   _| / ___| | |/ /
19-07-2024 03:01:09.837Z;functions.bot_text_art;   |_|_/\_|_|  | |  | | | |      | |        | |   | |    | ' / 
19-07-2024 03:01:09.838Z;functions.bot_text_art;   | | __ | |  | |  | | | |      | |        | |   | |    |  <  
19-07-2024 03:01:09.838Z;functions.bot_text_art;   |_|[  ]|_|  | |__| | | |____  | |____   _| |_  | |__  | . \ 
19-07-2024 03:01:09.838Z;functions.bot_text_art;   \_|_||_|_/  |_____/   \_____| |______| |_____| \ ___| |_|\_\
19-07-2024 03:01:09.838Z;functions.bot_text_art;     |_||_|                                                     
19-07-2024 03:01:09.838Z;functions.bot_text_art;     | ||_|_   
19-07-2024 03:01:09.838Z;functions.bot_text_art;   |___||___|  
19-07-2024 03:01:09.838Z;functions.bot_text_art;               
19-07-2024 03:01:09.848Z;functions.open_RM;  OPEN PROGRAM RM
19-07-2024 03:06:30.089Z;functions.show_exception_and_exit;  'NoneType' object has no attribute 'double_click'
Traceback (most recent call last):
  File "C:\Projetos_Remessas\Remessa_Ferias_Rescisao\main.py", line 14, in <module>
    loggin_RM()
  File "C:\Projetos_Remessas\Remessa_Ferias_Rescisao\SUBPROGRAMS\functions.py", line 86, in loggin_RM
    user_rm.double_click()
    ^^^^^^^^^^^^^^^^^^^^
AttributeError: 'NoneType' object has no attribute 'double_click'
19-07-2024 03:06:30.566Z;functions.show_exception_and_exit;  PRINT SALVO
19-07-2024 03:06:31.023Z;functions.show_exception_and_exit;  RM FECHADO
19-07-2024 03:06:33.755Z;errorhandler.__handle;  Property: Unknown Property name. [1:203: -ms-interpolation-mode]
19-07-2024 03:06:33.786Z;errorhandler.__handle;  Property: Unknown Property name. [1:353: -webkit-font-smoothing]
19-07-2024 03:06:33.802Z;errorhandler.__handle;  Property: Unknown Property name. [1:483: -ms-text-size-adjust]
19-07-2024 03:06:33.802Z;errorhandler.__handle;  Property: Unknown Property name. [1:518: -webkit-text-size-adjust]
19-07-2024 03:06:33.802Z;errorhandler.__handle;  Property: Unknown Property name. [1:612: mso-table-lspace]
19-07-2024 03:06:33.802Z;errorhandler.__handle;  Property: Unknown Property name. [1:642: mso-table-rspace]
19-07-2024 03:06:34.021Z;errorhandler.__handle;  Property: Unknown Property name. [1:4734: mso-hide]
19-07-2024 03:06:34.098Z;errorhandler.__handle;  Property: Unknown Property name. [1:13: -ms-interpolation-mode]
19-07-2024 03:06:34.098Z;errorhandler.__handle;  Property: Unknown Property name. [1:49: -webkit-font-smoothing]
19-07-2024 03:06:34.098Z;errorhandler.__handle;  Property: Unknown Property name. [1:134: -ms-text-size-adjust]
19-07-2024 03:06:34.098Z;errorhandler.__handle;  Property: Unknown Property name. [1:160: -webkit-text-size-adjust]
19-07-2024 03:06:34.098Z;errorhandler.__handle;  Property: Unknown Property name. [1:26: mso-table-lspace]
19-07-2024 03:06:34.098Z;errorhandler.__handle;  Property: Unknown Property name. [1:45: mso-table-rspace]
19-07-2024 03:06:34.130Z;errorhandler.__handle;  Property: Unknown Property name. [1:92: mso-hide]
19-07-2024 03:06:34.130Z;errorhandler.__handle;  Property: No ":" after name found: align-center [1:1: align-center]
19-07-2024 03:06:34.130Z;errorhandler.__handle;  Property: No property value found: align-center [1:1: align-center]
19-07-2024 03:06:34.130Z;errorhandler.__handle;  CSSStyleDeclaration: Syntax Error in Property: align-center
19-07-2024 03:06:34.130Z;errorhandler.__handle;  Property: Unknown Property name. [1:14: -ms-interpolation-mode]
19-07-2024 03:06:38.240Z;functions.show_exception_and_exit;  EMAIL EXCEÇÃO ENVIADO
19-07-2024 03:06:38.240Z;functions.show_exception_and_exit;  ERRO - <class 'AttributeError'> / 'NoneType' object has no attribute 'double_click'
