19-07-2024 15:00:41.234Z;functions.bot_text_art;      ____   
19-07-2024 15:00:41.234Z;functions.bot_text_art;     [____]    
19-07-2024 15:00:41.234Z;functions.bot_text_art;   |=]()()[=|  
19-07-2024 15:00:41.234Z;functions.bot_text_art;     _\==/__    _____    ____     _        _____    ___   _  __
19-07-2024 15:00:41.234Z;functions.bot_text_art;   |__|   |_|  |  _  \  / ___|   | |      |_   _| / ___| | |/ /
19-07-2024 15:00:41.234Z;functions.bot_text_art;   |_|_/\_|_|  | |  | | | |      | |        | |   | |    | ' / 
19-07-2024 15:00:41.234Z;functions.bot_text_art;   | | __ | |  | |  | | | |      | |        | |   | |    |  <  
19-07-2024 15:00:41.234Z;functions.bot_text_art;   |_|[  ]|_|  | |__| | | |____  | |____   _| |_  | |__  | . \ 
19-07-2024 15:00:41.234Z;functions.bot_text_art;   \_|_||_|_/  |_____/   \_____| |______| |_____| \ ___| |_|\_\
19-07-2024 15:00:41.234Z;functions.bot_text_art;     |_||_|                                                     
19-07-2024 15:00:41.234Z;functions.bot_text_art;     | ||_|_   
19-07-2024 15:00:41.234Z;functions.bot_text_art;   |___||___|  
19-07-2024 15:00:41.234Z;functions.bot_text_art;               
19-07-2024 15:00:41.258Z;functions.open_RM;  OPEN PROGRAM RM
19-07-2024 15:01:01.062Z;functions.loggin_RM;  ENTRAR USER_NAME
19-07-2024 15:01:04.893Z;functions.loggin_RM;  ENTRAR PASSWORD
19-07-2024 15:01:06.358Z;functions.loggin_RM;  ENTRAR RM
19-07-2024 15:04:19.593Z;functions.enter_coligada;  AGUARDANDO 1
19-07-2024 15:06:52.885Z;functions.enter_coligada;  apertou up
19-07-2024 15:06:52.885Z;functions.enter_coligada;  AGUARDANDO 2
19-07-2024 15:09:26.570Z;functions.enter_coligada;  apertou up
19-07-2024 15:09:26.570Z;functions.enter_coligada;  AGUARDANDO 3
19-07-2024 15:11:58.586Z;functions.enter_coligada;  apertou up
19-07-2024 15:11:58.586Z;functions.enter_coligada;  AGUARDANDO 4
19-07-2024 15:14:29.227Z;functions.enter_coligada;  apertou up
19-07-2024 15:14:29.227Z;functions.enter_coligada;  AGUARDANDO 5
19-07-2024 15:17:00.681Z;functions.enter_coligada;  apertou up
19-07-2024 15:17:00.681Z;functions.enter_coligada;  AGUARDANDO 6
19-07-2024 15:19:34.915Z;functions.enter_coligada;  apertou up
19-07-2024 15:19:34.915Z;functions.enter_coligada;  AGUARDANDO 7
19-07-2024 15:22:08.334Z;functions.enter_coligada;  apertou up
19-07-2024 15:22:24.514Z;functions.show_exception_and_exit;  'NoneType' object has no attribute 'click'
Traceback (most recent call last):
  File "C:\Projetos_Remessas\Remessa_Ferias_Rescisao\main.py", line 15, in <module>
    enter_coligada()
  File "C:\Projetos_Remessas\Remessa_Ferias_Rescisao\SUBPROGRAMS\functions.py", line 206, in enter_coligada
    click_alterar_contexto.click()
    ^^^^^^^^^^^^^^^^^^^^^^^^^^^^
AttributeError: 'NoneType' object has no attribute 'click'
19-07-2024 15:22:24.856Z;functions.show_exception_and_exit;  PRINT SALVO
19-07-2024 15:22:25.325Z;functions.show_exception_and_exit;  RM FECHADO
19-07-2024 15:22:28.544Z;errorhandler.__handle;  Property: Unknown Property name. [1:203: -ms-interpolation-mode]
19-07-2024 15:22:28.591Z;errorhandler.__handle;  Property: Unknown Property name. [1:353: -webkit-font-smoothing]
19-07-2024 15:22:28.607Z;errorhandler.__handle;  Property: Unknown Property name. [1:483: -ms-text-size-adjust]
19-07-2024 15:22:28.607Z;errorhandler.__handle;  Property: Unknown Property name. [1:518: -webkit-text-size-adjust]
19-07-2024 15:22:28.607Z;errorhandler.__handle;  Property: Unknown Property name. [1:612: mso-table-lspace]
19-07-2024 15:22:28.607Z;errorhandler.__handle;  Property: Unknown Property name. [1:642: mso-table-rspace]
19-07-2024 15:22:28.842Z;errorhandler.__handle;  Property: Unknown Property name. [1:4734: mso-hide]
19-07-2024 15:22:28.951Z;errorhandler.__handle;  Property: Unknown Property name. [1:13: -ms-interpolation-mode]
19-07-2024 15:22:28.951Z;errorhandler.__handle;  Property: Unknown Property name. [1:49: -webkit-font-smoothing]
19-07-2024 15:22:28.951Z;errorhandler.__handle;  Property: Unknown Property name. [1:134: -ms-text-size-adjust]
19-07-2024 15:22:28.951Z;errorhandler.__handle;  Property: Unknown Property name. [1:160: -webkit-text-size-adjust]
19-07-2024 15:22:28.967Z;errorhandler.__handle;  Property: Unknown Property name. [1:26: mso-table-lspace]
19-07-2024 15:22:28.967Z;errorhandler.__handle;  Property: Unknown Property name. [1:45: mso-table-rspace]
19-07-2024 15:22:28.998Z;errorhandler.__handle;  Property: Unknown Property name. [1:92: mso-hide]
19-07-2024 15:22:29.020Z;errorhandler.__handle;  Property: No ":" after name found: align-center [1:1: align-center]
19-07-2024 15:22:29.020Z;errorhandler.__handle;  Property: No property value found: align-center [1:1: align-center]
19-07-2024 15:22:29.021Z;errorhandler.__handle;  CSSStyleDeclaration: Syntax Error in Property: align-center
19-07-2024 15:22:29.024Z;errorhandler.__handle;  Property: Unknown Property name. [1:14: -ms-interpolation-mode]
19-07-2024 15:22:32.592Z;functions.show_exception_and_exit;  EMAIL EXCEÇÃO ENVIADO
19-07-2024 15:22:32.592Z;functions.show_exception_and_exit;  ERRO - <class 'AttributeError'> / 'NoneType' object has no attribute 'click'
