19-07-2024 23:01:24.700Z;functions.bot_text_art;      ____   
19-07-2024 23:01:24.701Z;functions.bot_text_art;     [____]    
19-07-2024 23:01:24.701Z;functions.bot_text_art;   |=]()()[=|  
19-07-2024 23:01:24.701Z;functions.bot_text_art;     _\==/__    _____    ____     _        _____    ___   _  __
19-07-2024 23:01:24.701Z;functions.bot_text_art;   |__|   |_|  |  _  \  / ___|   | |      |_   _| / ___| | |/ /
19-07-2024 23:01:24.702Z;functions.bot_text_art;   |_|_/\_|_|  | |  | | | |      | |        | |   | |    | ' / 
19-07-2024 23:01:24.702Z;functions.bot_text_art;   | | __ | |  | |  | | | |      | |        | |   | |    |  <  
19-07-2024 23:01:24.702Z;functions.bot_text_art;   |_|[  ]|_|  | |__| | | |____  | |____   _| |_  | |__  | . \ 
19-07-2024 23:01:24.706Z;functions.bot_text_art;   \_|_||_|_/  |_____/   \_____| |______| |_____| \ ___| |_|\_\
19-07-2024 23:01:24.706Z;functions.bot_text_art;     |_||_|                                                     
19-07-2024 23:01:24.706Z;functions.bot_text_art;     | ||_|_   
19-07-2024 23:01:24.706Z;functions.bot_text_art;   |___||___|  
19-07-2024 23:01:24.707Z;functions.bot_text_art;               
19-07-2024 23:01:24.710Z;functions.open_RM;  OPEN PROGRAM RM
19-07-2024 23:01:47.208Z;functions.loggin_RM;  ENTRAR USER_NAME
19-07-2024 23:01:51.006Z;functions.loggin_RM;  ENTRAR PASSWORD
19-07-2024 23:01:52.536Z;functions.loggin_RM;  ENTRAR RM
19-07-2024 23:05:18.676Z;functions.enter_coligada;  AGUARDANDO 1
19-07-2024 23:05:19.910Z;functions.enter_coligada;  CLICK CONTEXTO
19-07-2024 23:05:23.035Z;functions.enter_coligada;  CLICK ALTERAR MODULO DO CONTEXTO
19-07-2024 23:05:27.394Z;functions.enter_coligada;  INSERE O COLIGADA CODE = 1
19-07-2024 23:05:27.500Z;functions.enter_coligada;  APERTA TAB PARA PREENCHER O CAMPO COM A STRING: OCEANICA ENGENHARIA E CONSULTORIA S.A.
19-07-2024 23:05:29.910Z;functions.enter_coligada;  CLICK AVANÇAR NOVAMENTE
19-07-2024 23:05:31.253Z;functions.enter_coligada;  CLICK CONCLUIR
19-07-2024 23:05:51.410Z;functions.waitForImage;  TROCA COLIGADA image not found.
19-07-2024 23:06:10.083Z;functions.enter_coligada;  POP UP COLIGADA DESAPARECER
19-07-2024 23:06:11.098Z;functions.check_movimentacao_bancaria;  CLICK - TOTVS - LINHA RM
19-07-2024 23:06:13.347Z;functions.check_movimentacao_bancaria;  CLICK - BACK OFFICE
19-07-2024 23:06:16.194Z;functions.check_movimentacao_bancaria;  CLICK - GESTAO FINANCEIRA
19-07-2024 23:06:16.194Z;functions.obter_intervalo_data;  VERIFICANDO A HORA ATUAL 23
19-07-2024 23:06:16.221Z;functions.obter_intervalo_data;  Data Inicial FERIAS/RESCISAO antes da remoção: None
19-07-2024 23:06:16.221Z;functions.obter_intervalo_data;  Data Final FERIAS/RESCISAO antes da remoção: None
19-07-2024 23:06:16.229Z;functions.obter_intervalo_data;  Data Inicial FERIAS/RESCISAO após a remoção: None
19-07-2024 23:06:16.229Z;functions.obter_intervalo_data;  Data Final FERIAS/RESCISAO após a remoção: None
19-07-2024 23:06:16.229Z;functions.obter_intervalo_data;  hoje -  2024-07-19 23:06:16.229071
19-07-2024 23:06:16.229Z;functions.check_movimentacao_bancaria;  DATA INICIO 24-07-2024
19-07-2024 23:06:16.229Z;functions.check_movimentacao_bancaria;  DATA FIM 30-07-2024
19-07-2024 23:06:16.229Z;functions.movimentacao_bancaria;  AGUARDANDO 1
19-07-2024 23:06:21.878Z;functions.movimentacao_bancaria;  CLICK NA ABA MOVIMENTAÇÃO BANCARIA
19-07-2024 23:06:24.092Z;functions.waitForImage;  IMAGEM BORDERO image found.
19-07-2024 23:06:26.202Z;functions.movimentacao_bancaria;  IMAGEM BORDERO CLICADA.
19-07-2024 23:06:36.675Z;functions.waitForImage;  LICENCAS EXCEDIDAS image not found.
19-07-2024 23:06:37.425Z;functions.movimentacao_bancaria;  ENCONTROU O FILTRO DA MOVIMENTAÇÃO BANCÁRIA
19-07-2024 23:06:37.473Z;functions.movimentacao_bancaria;  CLICA NA ABA SUPERIOR DO FILTRO
19-07-2024 23:06:41.682Z;functions.movimentacao_bancaria;  SELECIONA O FILTRO HOJE
19-07-2024 23:06:47.316Z;functions.waitForImage;  FILTER CLEAN image found.
19-07-2024 23:06:49.450Z;functions.filter_clean;  CLICK NO BOTÃO X DO LIMPA FILTRO
19-07-2024 23:06:49.613Z;functions.waitForImage;  FILTER CLEAN image found.
19-07-2024 23:06:51.730Z;functions.filter_clean;  CLICK NO BOTÃO X DO LIMPA FILTRO
19-07-2024 23:07:07.034Z;functions.waitForImage;  FILTER CLEAN image not found.
19-07-2024 23:07:10.816Z;functions.movimentacao_bancaria;  CLICK NA PRIMEIRA LINHA DA TABELA MOVIMENTAÇÃO BANCÁRIA
19-07-2024 23:07:12.044Z;functions.movimentacao_bancaria;  12 PASSOS PARA DIREITA NA TABELA >>
19-07-2024 23:07:14.253Z;functions.movimentacao_bancaria;  HOVER FILTER
19-07-2024 23:07:14.802Z;functions.movimentacao_bancaria;  CLICK FILTER
19-07-2024 23:07:19.128Z;functions.movimentacao_bancaria;  CLICK NO FILTRO  STATUS DA REMESSA
19-07-2024 23:07:21.231Z;functions.movimentacao_bancaria;  APERTA TAB PARA ESCREVER O FILTRO
19-07-2024 23:07:23.345Z;functions.movimentacao_bancaria;  ESCREVE PENDENTE NO FILTRO
19-07-2024 23:07:25.449Z;functions.movimentacao_bancaria;  APERTA ENTER PARA SELECIONAR OS PENDENTES
19-07-2024 23:07:43.160Z;functions.movimentacao_bancaria;  SEM PROCESSAMENTO DE BORDERO PENDENTE.
19-07-2024 23:07:48.347Z;functions.waitForImage;  FILTER CLEAN image found.
19-07-2024 23:07:50.483Z;functions.filter_clean;  CLICK NO BOTÃO X DO LIMPA FILTRO
19-07-2024 23:08:05.784Z;functions.waitForImage;  FILTER CLEAN image not found.
19-07-2024 23:08:21.141Z;functions.waitForImage;  FILTER CLEAN image not found.
19-07-2024 23:08:23.128Z;functions.remessa_pagamento;  CLICK NA PRIMEIRA LINHA DA TABELA MOVIMENTAÇÃO BANCÁRIA
19-07-2024 23:08:25.362Z;functions.remessa_pagamento;  HOVER FILTER
19-07-2024 23:08:25.933Z;functions.remessa_pagamento;  CLICK FILTER
19-07-2024 23:08:30.265Z;functions.remessa_pagamento;  CLICK NO FILTRO  STATUS DA REMESSA
19-07-2024 23:08:32.368Z;functions.remessa_pagamento;  APERTA TAB PARA ESCREVER O FILTRO
19-07-2024 23:08:34.502Z;functions.remessa_pagamento;  ESCREVE AUTORIZADO NO FILTRO
19-07-2024 23:08:36.606Z;functions.remessa_pagamento;  APERTA ENTER PARA SELECIONAR OS AUTORIZADO
19-07-2024 23:08:40.747Z;functions.remessa_pagamento;  6 PASSOS PARA ESQUERDA NA TABELA <<
19-07-2024 23:08:43.660Z;functions.check_user_bot;  Texto extraido 2/2
19-07-2024 23:08:43.660Z;functions.check_user_bot;  Count 2
19-07-2024 23:08:43.660Z;functions.check_user_bot;  Type <class 'int'>
19-07-2024 23:08:45.777Z;functions.check_user_bot;  CHECK USER BOT 1
19-07-2024 23:08:47.778Z;functions.check_user_bot;  smramos
19-07-2024 23:08:47.778Z;functions.check_user_bot;  O USUÁRIO NÃO É INTEGRAÇÃO PARA ESSA REMESSA PARA PARA DE BAIXO
19-07-2024 23:08:47.884Z;functions.check_user_bot;  COUNT1: 0
19-07-2024 23:08:49.988Z;functions.check_user_bot;  CHECK USER BOT 1
19-07-2024 23:08:51.989Z;functions.check_user_bot;  smramos
19-07-2024 23:08:51.989Z;functions.check_user_bot;  O USUÁRIO NÃO É INTEGRAÇÃO PARA ESSA REMESSA PARA PARA DE BAIXO
19-07-2024 23:08:52.093Z;functions.check_user_bot;  COUNT1: 1
19-07-2024 23:08:52.093Z;functions.check_user_bot;  NÃO FOI ENCONTRADO O USUÁRIO INTEGRAÇÃO E O NOME DO ARQUIVO SISPAG
19-07-2024 23:08:53.128Z;functions.enter_contas_a_pagar;  CLICK - TOTVS - LINHA RM
19-07-2024 23:08:55.159Z;functions.enter_contas_a_pagar;  CLICK - BACK OFFICE
19-07-2024 23:08:56.191Z;functions.enter_contas_a_pagar;  CLICK - GESTAO FINANCEIRA
19-07-2024 23:09:02.003Z;functions.enter_contas_a_pagar;  CLICK - CONTAS A PAGAR
19-07-2024 23:09:02.878Z;functions.waitForImage;  LANÇAMENTOS image found.
19-07-2024 23:09:05.012Z;functions.enter_contas_a_pagar;  CLICA EM LANÇAMENTOS
19-07-2024 23:09:20.565Z;functions.waitForImage;  LICENCAS EXCEDIDAS image not found.
19-07-2024 23:09:20.565Z;functions.data_filter;  CLICK - SELECIONA A DATA DE QUARTA FEIRA E DA PROXIMA TERÇA
19-07-2024 23:09:20.565Z;functions.data_filter;  QUARTA-FEIRA: 24-07-2024
19-07-2024 23:09:20.565Z;functions.data_filter;  TERCA-FEIRA: 30-07-2024
19-07-2024 23:09:41.260Z;functions.data_filter;  FILTRO - REMESSA FERIAS/RESCISAO
19-07-2024 23:09:42.253Z;functions.data_filter;  CLICK - BUTÃO DE SELECAO DE FILTRO
19-07-2024 23:09:47.049Z;functions.data_filter;  INSERE - DATA DE QUARTA-FEIRA: 24-07-2024
19-07-2024 23:09:51.384Z;functions.data_filter;  INSERE - DATA DA PROX TERCA-FEIRA: 30-07-2024
19-07-2024 23:09:52.784Z;functions.data_filter;  CLICK - BUTÃO DE EXECUTAR O FILTRO
19-07-2024 23:09:57.788Z;functions.desmark_filter;  AGUARDANDO 1
19-07-2024 23:10:00.034Z;functions.desmark_filter;  CLICK CHECKBOX LANÇAMENTOS A RECEBER
19-07-2024 23:10:02.600Z;functions.desmark_filter;  CLICK CHECKBOX LANÇAMENTOS BAIXADOS
19-07-2024 23:10:05.254Z;functions.desmark_filter;  CLICK CHECKBOX LANÇAMENTOS CANCELADOS
19-07-2024 23:10:08.127Z;functions.desmark_filter;  CLICK CHECKBOX LANÇAMENTOS FATURADOS
19-07-2024 23:10:11.129Z;functions.desmark_filter;  ATUALIZA O FILTRO
19-07-2024 23:10:11.323Z;functions.waitForImage;  FILTER CLEAN image found.
19-07-2024 23:10:13.427Z;functions.filter_clean;  CLICK NO BOTÃO X DO LIMPA FILTRO
19-07-2024 23:10:28.721Z;functions.waitForImage;  FILTER CLEAN image not found.
19-07-2024 23:10:44.065Z;functions.waitForImage;  FILTER CLEAN image not found.
19-07-2024 23:10:46.987Z;functions.tabela_vazia;  Texto extraido 0/0
19-07-2024 23:10:46.987Z;functions.tabela_vazia;  Count 0
19-07-2024 23:10:46.987Z;functions.tabela_vazia;  Type <class 'int'>
19-07-2024 23:10:48.990Z;functions.tabela_vazia;  SEM REMESSA DE FÉRIAS/RESCISÃO
19-07-2024 23:10:50.991Z;main.<module>;  SEM REMESSA DE FÉRIAS/RESCISÃO
19-07-2024 23:10:54.144Z;errorhandler.__handle;  Property: Unknown Property name. [1:203: -ms-interpolation-mode]
19-07-2024 23:10:54.191Z;errorhandler.__handle;  Property: Unknown Property name. [1:353: -webkit-font-smoothing]
19-07-2024 23:10:54.206Z;errorhandler.__handle;  Property: Unknown Property name. [1:483: -ms-text-size-adjust]
19-07-2024 23:10:54.206Z;errorhandler.__handle;  Property: Unknown Property name. [1:518: -webkit-text-size-adjust]
19-07-2024 23:10:54.206Z;errorhandler.__handle;  Property: Unknown Property name. [1:612: mso-table-lspace]
19-07-2024 23:10:54.206Z;errorhandler.__handle;  Property: Unknown Property name. [1:642: mso-table-rspace]
19-07-2024 23:10:54.441Z;errorhandler.__handle;  Property: Unknown Property name. [1:4734: mso-hide]
19-07-2024 23:10:54.551Z;errorhandler.__handle;  Property: Unknown Property name. [1:13: -ms-interpolation-mode]
19-07-2024 23:10:54.551Z;errorhandler.__handle;  Property: Unknown Property name. [1:49: -webkit-font-smoothing]
19-07-2024 23:10:54.551Z;errorhandler.__handle;  Property: Unknown Property name. [1:134: -ms-text-size-adjust]
19-07-2024 23:10:54.551Z;errorhandler.__handle;  Property: Unknown Property name. [1:160: -webkit-text-size-adjust]
19-07-2024 23:10:54.566Z;errorhandler.__handle;  Property: Unknown Property name. [1:26: mso-table-lspace]
19-07-2024 23:10:54.566Z;errorhandler.__handle;  Property: Unknown Property name. [1:45: mso-table-rspace]
19-07-2024 23:10:54.597Z;errorhandler.__handle;  Property: Unknown Property name. [1:92: mso-hide]
19-07-2024 23:10:54.613Z;errorhandler.__handle;  Property: No ":" after name found: align-center [1:1: align-center]
19-07-2024 23:10:54.613Z;errorhandler.__handle;  Property: No property value found: align-center [1:1: align-center]
19-07-2024 23:10:54.613Z;errorhandler.__handle;  CSSStyleDeclaration: Syntax Error in Property: align-center
19-07-2024 23:10:54.613Z;errorhandler.__handle;  Property: Unknown Property name. [1:14: -ms-interpolation-mode]
19-07-2024 23:10:57.285Z;functions.emailFinalizado;  Finalizado e-mail sent.
19-07-2024 23:10:57.784Z;functions.encerra_prog;  RM ENCERRADO
