02-03-2024 20:01:23.635Z;functions.bot_text_art;      ____   
02-03-2024 20:01:23.635Z;functions.bot_text_art;     [____]    
02-03-2024 20:01:23.635Z;functions.bot_text_art;   |=]()()[=|  
02-03-2024 20:01:23.635Z;functions.bot_text_art;     _\==/__    _____    ____     _        _____    ___   _  __
02-03-2024 20:01:23.635Z;functions.bot_text_art;   |__|   |_|  |  _  \  / ___|   | |      |_   _| / ___| | |/ /
02-03-2024 20:01:23.635Z;functions.bot_text_art;   |_|_/\_|_|  | |  | | | |      | |        | |   | |    | ' / 
02-03-2024 20:01:23.635Z;functions.bot_text_art;   | | __ | |  | |  | | | |      | |        | |   | |    |  <  
02-03-2024 20:01:23.635Z;functions.bot_text_art;   |_|[  ]|_|  | |__| | | |____  | |____   _| |_  | |__  | . \ 
02-03-2024 20:01:23.635Z;functions.bot_text_art;   \_|_||_|_/  |_____/   \_____| |______| |_____| \ ___| |_|\_\
02-03-2024 20:01:23.635Z;functions.bot_text_art;     |_||_|                                                     
02-03-2024 20:01:23.635Z;functions.bot_text_art;     | ||_|_   
02-03-2024 20:01:23.635Z;functions.bot_text_art;   |___||___|  
02-03-2024 20:01:23.635Z;functions.bot_text_art;               
02-03-2024 20:01:23.635Z;functions.open_RM;  OPEN PROGRAM RM
02-03-2024 20:01:37.339Z;functions.loggin_RM;  ENTRAR USER_NAME
02-03-2024 20:01:38.727Z;functions.loggin_RM;  ENTRAR PASSWORD
02-03-2024 20:01:39.855Z;functions.loggin_RM;  ENTRAR RM
02-03-2024 20:02:11.791Z;functions.enter_coligada;  CLICK CONTEXTO
02-03-2024 20:02:17.069Z;functions.enter_coligada;  CLICK COLIGADA 1
02-03-2024 20:02:19.431Z;functions.enter_coligada;  CLICK AVANÇAR
02-03-2024 20:02:21.782Z;functions.enter_coligada;  INSERE O COLIGADA CODE = 1
02-03-2024 20:02:21.889Z;functions.enter_coligada;  APERTA TAB PARA PREENCHER O CAMPO COM A STRING: OCEANICA ENGENHARIA E CONSULTORIA S.A.
02-03-2024 20:02:24.032Z;functions.enter_coligada;  CLICK AVANÇAR NOVAMENTE
02-03-2024 20:02:25.165Z;functions.enter_coligada;  CLICK CONCLUIR
02-03-2024 20:02:49.245Z;functions.enter_coligada;  POP UP COLIGADA DESAPARECER
02-03-2024 20:02:50.078Z;functions.check_movimentacao_bancaria;  CLICK - TOTVS - LINHA RM
02-03-2024 20:02:51.806Z;functions.check_movimentacao_bancaria;  CLICK - BACK OFFICE
02-03-2024 20:02:54.556Z;functions.check_movimentacao_bancaria;  CLICK - GESTAO FINANCEIRA
02-03-2024 20:03:00.560Z;functions.movimentacao_bancaria;  CLICK NA ABA MOVIMENTAÇÃO BANCARIA
02-03-2024 20:03:03.149Z;functions.waitForImage;  IMAGEM BORDERO image found.
02-03-2024 20:03:05.275Z;functions.movimentacao_bancaria;  IMAGEM BORDERO CLICADA.
02-03-2024 20:03:25.510Z;functions.waitForImage;  LICENCAS EXCEDIDAS image not found.
02-03-2024 20:03:26.182Z;functions.movimentacao_bancaria;  ENCONTROU O FILTRO DA MOVIMENTAÇÃO BANCÁRIA
02-03-2024 20:03:26.229Z;functions.movimentacao_bancaria;  CLICA NA ABA SUPERIOR DO FILTRO
02-03-2024 20:03:30.441Z;functions.movimentacao_bancaria;  SELECIONA O FILTRO HOJE
02-03-2024 20:03:34.919Z;functions.waitForImage;  FILTER CLEAN image found.
02-03-2024 20:03:37.041Z;functions.filter_clean;  CLICK NO BOTÃO X DO LIMPA FILTRO
02-03-2024 20:03:37.365Z;functions.waitForImage;  FILTER CLEAN image found.
02-03-2024 20:03:39.497Z;functions.filter_clean;  CLICK NO BOTÃO X DO LIMPA FILTRO
02-03-2024 20:03:49.824Z;functions.waitForImage;  FILTER CLEAN image not found.
02-03-2024 20:04:09.698Z;functions.movimentacao_bancaria;  SEM PROCESSAMENTO DE BORDERO
02-03-2024 20:04:24.943Z;functions.waitForImage;  FILTER CLEAN image not found.
02-03-2024 20:04:35.214Z;functions.waitForImage;  FILTER CLEAN image not found.
02-03-2024 20:04:45.510Z;functions.waitForImage;  FILTER CLEAN image not found.
02-03-2024 20:05:20.932Z;functions.remessa_pagamento;  SEM REMESSA DE BORDERO AUTORIZADO
02-03-2024 20:05:21.775Z;functions.enter_contas_a_pagar;  CLICK - TOTVS - LINHA RM
02-03-2024 20:05:23.144Z;functions.enter_contas_a_pagar;  CLICK - BACK OFFICE
02-03-2024 20:05:24.036Z;functions.enter_contas_a_pagar;  CLICK - GESTAO FINANCEIRA
02-03-2024 20:05:29.775Z;functions.enter_contas_a_pagar;  CLICK - CONTAS A PAGAR
02-03-2024 20:05:30.988Z;functions.waitForImage;  LANÇAMENTOS image found.
02-03-2024 20:05:33.116Z;functions.enter_contas_a_pagar;  CLICA EM LANÇAMENTOS
02-03-2024 20:05:48.717Z;functions.waitForImage;  LICENCAS EXCEDIDAS image not found.
02-03-2024 20:05:48.733Z;functions.obter_intervalo_data;  Data Inicial FERIAS/RESCISAO antes da remoção: None
02-03-2024 20:05:48.733Z;functions.obter_intervalo_data;  Data Final FERIAS/RESCISAO antes da remoção: None
02-03-2024 20:05:48.748Z;functions.obter_intervalo_data;  Data Inicial FERIAS/RESCISAO após a remoção: None
02-03-2024 20:05:48.748Z;functions.obter_intervalo_data;  Data Final FERIAS/RESCISAO após a remoção: None
02-03-2024 20:05:48.748Z;functions.obter_intervalo_data;  hoje -  2024-03-02 20:05:48.748748
02-03-2024 20:05:48.748Z;functions.data_filter;  DATA INICIO 06-03-2024
02-03-2024 20:05:48.748Z;functions.data_filter;  DATA FIM 12-03-2024
02-03-2024 20:05:48.748Z;functions.data_filter;  CLICK - SELECIONA A DATA DE QUARTA FEIRA E DA PROXIMA TERÇA
02-03-2024 20:05:48.748Z;functions.data_filter;  QUARTA-FEIRA: 06-03-2024
02-03-2024 20:05:48.748Z;functions.data_filter;  TERCA-FEIRA: 12-03-2024
02-03-2024 20:05:52.838Z;functions.data_filter;  ESCREVE REMESSA BANCÁRIA NO FILTRO
02-03-2024 20:05:53.657Z;functions.data_filter;  CLICK - BUTÃO DE SELECAO DE FILTRO
02-03-2024 20:05:56.275Z;functions.data_filter;  INSERE - DATA DE QUARTA-FEIRA: 06-03-2024
02-03-2024 20:05:58.339Z;functions.data_filter;  INSERE - DATA DA PROX TERCA-FEIRA: 12-03-2024
02-03-2024 20:05:59.213Z;functions.data_filter;  CLICK - BUTÃO DE EXECUTAR O FILTRO
02-03-2024 20:06:05.823Z;functions.desmark_filter;  CLICK CHECKBOX LANÇAMENTOS A RECEBER
02-03-2024 20:06:07.572Z;functions.desmark_filter;  CLICK CHECKBOX LANÇAMENTOS BAIXADOS
02-03-2024 20:06:09.463Z;functions.desmark_filter;  CLICK CHECKBOX LANÇAMENTOS CANCELADOS
02-03-2024 20:06:11.541Z;functions.desmark_filter;  CLICK CHECKBOX LANÇAMENTOS FATURADOS
02-03-2024 20:06:13.666Z;functions.desmark_filter;  ATUALIZA O FILTRO
02-03-2024 20:06:13.998Z;functions.waitForImage;  FILTER CLEAN image found.
02-03-2024 20:06:16.105Z;functions.filter_clean;  CLICK NO BOTÃO X DO LIMPA FILTRO
02-03-2024 20:06:26.354Z;functions.waitForImage;  FILTER CLEAN image not found.
02-03-2024 20:06:36.666Z;functions.waitForImage;  FILTER CLEAN image not found.
02-03-2024 20:06:38.994Z;functions.tabela_vazia;  Texto extraido 1/2
02-03-2024 20:06:38.994Z;functions.tabela_vazia;  Count 2
02-03-2024 20:06:38.994Z;functions.tabela_vazia;  Type <class 'int'>
02-03-2024 20:06:38.994Z;functions.tabela_vazia;  TABELA CONTÉM REGISTROS
02-03-2024 20:06:40.360Z;functions.desbloqueio;  SELECIONA TODAS AS TUPLAS
02-03-2024 20:06:45.466Z;functions.desbloqueio;  CONTROL P PARA SELECIONAR PROCESSO
02-03-2024 20:06:50.686Z;functions.desbloqueio;  7 SETAS PARA BAIXO - MANUTENÇÃO DE LANÇAMENTO
02-03-2024 20:06:52.789Z;functions.desbloqueio;  SETA PARA DIREITA
02-03-2024 20:07:00.216Z;functions.desbloqueio;  9 SETAS PARA BAIXO
02-03-2024 20:07:02.318Z;functions.desbloqueio;  ENTER PARA SELECIONAR DESBLOQUEIO ALTERAÇÃO
02-03-2024 20:08:04.729Z;functions.exec_lancamentos;  CONTROL G
02-03-2024 20:08:08.541Z;functions.exec_lancamentos;  CLICK PARA APARECER CONTA/CAIXA
02-03-2024 20:08:09.687Z;functions.exec_lancamentos;  SELECIONA CONTA/CAIXA
02-03-2024 20:08:10.901Z;functions.exec_lancamentos;  CLICK NO BOTÃO [...]
02-03-2024 20:08:13.720Z;functions.exec_lancamentos;  CLICK NO CAMPO PESQUISA E DIGITA: %3212
02-03-2024 20:08:14.744Z;functions.exec_lancamentos;  CLICK NO BOTÃO DO FILTRO
02-03-2024 20:08:15.901Z;functions.exec_lancamentos;  CLICK NO BOTÃO OK
02-03-2024 20:08:16.942Z;functions.exec_lancamentos;  CLICK NO BOTÃO EXECUTAR
02-03-2024 20:08:32.089Z;functions.waitForImage;  PRESS BUTTON OK image found.
02-03-2024 20:08:34.091Z;functions.process_lancamentos;  O PROCESSAMENTO DE LANÇAMENTO FOI EXECUTADO COM SUCESSO.
02-03-2024 20:08:43.533Z;functions.process_lancamentos;  Lançamento Ref. 924241: Convênio alterado para o convênio default '7' da conta Caixa '02675-5' .
Lançamento Ref. 924258: Convênio alterado para o convênio default '7' da conta Caixa '02675-5' .
Alteração Global de Lançamentos executada com sucesso

02-03-2024 20:08:55.479Z;functions.proccess_bordero;  SELECIONAR INCLUSÃO DE BORDERO
02-03-2024 20:09:01.276Z;functions.proccess_bordero;  CLICK EM CONVÊNIO TRÊS PONTINHOS
02-03-2024 20:09:03.213Z;functions.proccess_bordero;  CLICK EM COMBOBOX PARA SELECIONAR O ID DO CONVÊNIO
02-03-2024 20:09:04.541Z;functions.proccess_bordero;  CLICK EM ID DO CONVÊNIO
02-03-2024 20:09:06.647Z;functions.proccess_bordero;  APERTA TAB PARA ESCREVER O ID
02-03-2024 20:09:08.750Z;functions.proccess_bordero;  ESCREVE O ID 9 - FERIAS/RESCISÃO
02-03-2024 20:09:10.853Z;functions.proccess_bordero;  APERTA ENTER PARA SELECIONAR O ID 9 - FERIAS/RESCISÃO
02-03-2024 20:09:12.956Z;functions.proccess_bordero;  APERTA ENTER PARA ESCOLHER O ID 9 - FERIAS/RESCISÃO
02-03-2024 20:09:15.839Z;functions.proccess_bordero;  CLICK EM EXECUTAR NA INCLUSÃO DO BORDÊRO
02-03-2024 20:09:33.938Z;functions.waitForImage;  PRESS BUTTON OK image found.
02-03-2024 20:09:35.949Z;functions.proccess_bordero;  O PROCESSAMENTO DO BORDERO FOI EXECUTADO COM SUCESSO.
02-03-2024 20:09:38.776Z;functions.proccess_bordero;  CLICK EM FECHAR.
02-03-2024 20:09:41.971Z;functions.movimentacao_bancaria;  CLICK NA ABA MOVIMENTAÇÃO BANCARIA
02-03-2024 20:09:44.354Z;functions.waitForImage;  IMAGEM BORDERO image found.
02-03-2024 20:09:46.472Z;functions.movimentacao_bancaria;  IMAGEM BORDERO CLICADA.
02-03-2024 20:10:06.529Z;functions.waitForImage;  LICENCAS EXCEDIDAS image not found.
02-03-2024 20:10:07.197Z;functions.movimentacao_bancaria;  ENCONTROU O FILTRO DA MOVIMENTAÇÃO BANCÁRIA
02-03-2024 20:10:07.229Z;functions.movimentacao_bancaria;  CLICA NA ABA SUPERIOR DO FILTRO
02-03-2024 20:10:11.440Z;functions.movimentacao_bancaria;  SELECIONA O FILTRO HOJE
02-03-2024 20:10:12.615Z;functions.waitForImage;  FILTER CLEAN image found.
02-03-2024 20:10:14.748Z;functions.filter_clean;  CLICK NO BOTÃO X DO LIMPA FILTRO
02-03-2024 20:10:24.943Z;functions.waitForImage;  FILTER CLEAN image not found.
02-03-2024 20:10:35.169Z;functions.waitForImage;  FILTER CLEAN image not found.
02-03-2024 20:10:38.478Z;functions.movimentacao_bancaria;  CLICK NA PRIMEIRA LINHA DA TABELA MOVIMENTAÇÃO BANCÁRIA
02-03-2024 20:10:39.707Z;functions.movimentacao_bancaria;  12 PASSOS PARA DIREITA NA TABELA >>
02-03-2024 20:10:41.636Z;functions.movimentacao_bancaria;  HOVER FILTER
02-03-2024 20:10:42.103Z;functions.movimentacao_bancaria;  CLICK FILTER
02-03-2024 20:10:46.517Z;functions.movimentacao_bancaria;  CLICK NO FILTRO  STATUS DA REMESSA
02-03-2024 20:10:48.620Z;functions.movimentacao_bancaria;  APERTA TAB PARA ESCREVER O FILTRO
02-03-2024 20:10:50.735Z;functions.movimentacao_bancaria;  ESCREVE PENDENTE NO FILTRO
02-03-2024 20:10:52.838Z;functions.movimentacao_bancaria;  APERTA ENTER PARA SELECIONAR OS PENDENTES
02-03-2024 20:10:57.510Z;functions.movimentacao_bancaria;  SELECIONA TODAS AS TUPLAS COM STATUS PENDENTE
02-03-2024 20:10:59.625Z;functions.movimentacao_bancaria;  CLICK EM PROCESSOS
02-03-2024 20:11:01.729Z;functions.movimentacao_bancaria;  APERTA PARA BAIXO
02-03-2024 20:11:03.831Z;functions.movimentacao_bancaria;  APERTA ENTER
02-03-2024 20:11:06.713Z;functions.movimentacao_bancaria;  CLICK EM EXECUTAR BORDERO DE PAGAMENTO
02-03-2024 20:11:17.167Z;functions.waitForImage;  PRESS BUTTON OK image found.
02-03-2024 20:11:17.167Z;functions.movimentacao_bancaria;  O PROCESSAMENTO DE AUTORIZAÇÃO DO BORDERO FOI EXECUTADO COM SUCESSO.
02-03-2024 20:11:18.011Z;functions.movimentacao_bancaria;  CLICK EM FECHAR.
02-03-2024 20:11:23.338Z;functions.waitForImage;  FILTER CLEAN image found.
02-03-2024 20:11:25.458Z;functions.filter_clean;  CLICK NO BOTÃO X DO LIMPA FILTRO
02-03-2024 20:11:35.682Z;functions.waitForImage;  FILTER CLEAN image not found.
02-03-2024 20:11:45.864Z;functions.waitForImage;  FILTER CLEAN image not found.
02-03-2024 20:11:47.463Z;functions.remessa_pagamento;  CLICK NA PRIMEIRA LINHA DA TABELA MOVIMENTAÇÃO BANCÁRIA
02-03-2024 20:11:49.353Z;functions.remessa_pagamento;  HOVER FILTER
02-03-2024 20:11:49.801Z;functions.remessa_pagamento;  CLICK FILTER
02-03-2024 20:11:54.134Z;functions.remessa_pagamento;  CLICK NO FILTRO  STATUS DA REMESSA
02-03-2024 20:11:56.237Z;functions.remessa_pagamento;  APERTA TAB PARA ESCREVER O FILTRO
02-03-2024 20:11:58.358Z;functions.remessa_pagamento;  ESCREVE AUTORIZADO NO FILTRO
02-03-2024 20:12:00.461Z;functions.remessa_pagamento;  APERTA ENTER PARA SELECIONAR OS AUTORIZADO
02-03-2024 20:12:04.330Z;functions.remessa_pagamento;  6 PASSOS PARA ESQUERDA NA TABELA <<
02-03-2024 20:12:06.463Z;functions.check_user_bot;  Texto extraido 1/1
02-03-2024 20:12:06.463Z;functions.check_user_bot;  Count 1
02-03-2024 20:12:06.463Z;functions.check_user_bot;  Type <class 'int'>
02-03-2024 20:12:08.568Z;functions.check_user_bot;  CHECK USER BOT 1
02-03-2024 20:12:10.570Z;functions.check_user_bot;  integracao
02-03-2024 20:12:13.286Z;functions.check_user_bot;  7 PASSOS PARA DIREITA NA TABELA >>
02-03-2024 20:12:17.396Z;functions.check_user_bot;  341 / 3212 / 02675 - FERIAS/RESCISAO
02-03-2024 20:12:17.396Z;functions.check_user_bot;  NOME FERIAS/RECISAO ENCONTRADO
02-03-2024 20:12:19.605Z;functions.check_user_bot;  CLICK EM PROCESSOS
02-03-2024 20:12:21.708Z;functions.check_user_bot;  APERTA PARA BAIXO 0
02-03-2024 20:12:23.812Z;functions.check_user_bot;  APERTA PARA BAIXO 1
02-03-2024 20:12:25.915Z;functions.check_user_bot;  APERTA PARA BAIXO 2
02-03-2024 20:12:28.017Z;functions.check_user_bot;  APERTA ENTER
02-03-2024 20:12:30.916Z;functions.check_user_bot;  CLICK EM REMESSAS DE PAGAMENTO
02-03-2024 20:12:32.023Z;functions.check_user_bot;  APERTA TAB 0
02-03-2024 20:12:33.127Z;functions.check_user_bot;  APERTA TAB 1
02-03-2024 20:12:34.229Z;functions.check_user_bot;  APERTA TAB 2
02-03-2024 20:12:44.525Z;functions.check_user_bot;  CLICK EM AVANÇAR
02-03-2024 20:12:44.525Z;functions.obter_intervalo_data;  Data Inicial FERIAS/RESCISAO antes da remoção: None
02-03-2024 20:12:44.525Z;functions.obter_intervalo_data;  Data Final FERIAS/RESCISAO antes da remoção: None
02-03-2024 20:12:44.536Z;functions.obter_intervalo_data;  Data Inicial FERIAS/RESCISAO após a remoção: None
02-03-2024 20:12:44.537Z;functions.obter_intervalo_data;  Data Final FERIAS/RESCISAO após a remoção: None
02-03-2024 20:12:44.538Z;functions.obter_intervalo_data;  hoje -  2024-03-02 20:12:44.537634
02-03-2024 20:12:44.538Z;functions.check_user_bot;  DATA INICIO 06-03-2024
02-03-2024 20:12:44.538Z;functions.check_user_bot;  DATA FIM 12-03-2024
02-03-2024 20:12:44.539Z;functions.check_user_bot;  CLICK - SELECIONA A DATA DE QUARTA FEIRA E DA PROXIMA TERÇA
02-03-2024 20:12:44.539Z;functions.check_user_bot;  QUARTA-FEIRA: 06-03-2024
02-03-2024 20:12:44.539Z;functions.check_user_bot;  TERCA-FEIRA: 12-03-2024
02-03-2024 20:12:49.447Z;functions.check_user_bot;  DESMARCA CHECKBOX PARA SALVAR ARQUIVO DE REMESSA
02-03-2024 20:12:50.385Z;functions.check_user_bot;  CLICK NOS ... PARA SELECIONAR O DIRETÓRIO E NOME DO ARQUIVO.
02-03-2024 20:12:53.620Z;functions.check_user_bot;  DUPLO CLICK NO DIRETORIO
02-03-2024 20:12:56.148Z;functions.check_user_bot;  APERTA TAB 0
02-03-2024 20:12:56.751Z;functions.check_user_bot;  APERTA TAB 1
02-03-2024 20:12:57.354Z;functions.check_user_bot;  APERTA TAB 2
02-03-2024 20:12:57.957Z;functions.check_user_bot;  APERTA TAB 3
02-03-2024 20:12:58.560Z;functions.check_user_bot;  APERTA TAB 4
02-03-2024 20:12:59.162Z;functions.check_user_bot;  APERTA TAB 5
02-03-2024 20:12:59.163Z;functions.check_user_bot;  LETRA "A" SERÁ UTILIZADA
02-03-2024 20:12:59.297Z;functions.check_user_bot;  F061224A.txt
02-03-2024 20:13:00.143Z;functions.check_user_bot;  CLICK NO BUTÃO SALVAR
02-03-2024 20:13:01.478Z;functions.check_user_bot;  CLICK EM AVANCAR PARA CONCLUIR
02-03-2024 20:13:02.766Z;functions.check_user_bot;  CLICK EM EXECUTAR
02-03-2024 20:13:18.167Z;functions.waitForImage;  PRESS BUTTON OK image found.
02-03-2024 20:13:20.174Z;functions.check_user_bot;  O PROCESSAMENTO DE AUTORIZAÇÃO DO BORDERO FOI EXECUTADO COM SUCESSO.
02-03-2024 20:13:29.878Z;functions.check_user_bot;  ===========================================================================================================
LANÇAMENTOS ENVIADOS PARA REMESSA PAGAMENTO
Coligada: 1
ID Remessa: 10
Convênio: 9
Data: 02/03/2024 20:13:13
Borderô remetidos: 1
===========================================================================================================
Borderô: 1-8383

Lançamentos remetidos no Borderô:
Lancamento 1-924241
Lancamento 1-924258
----------------------------------------------------------------------------------------------------------


02-03-2024 20:13:34.025Z;errorhandler.__handle;  CSSStyleDeclaration: Unexpected token, ignoring upto '{        border: none;'. [1:174: {]
02-03-2024 20:13:34.025Z;errorhandler.__handle;  Property: Unknown Property name. [1:204: -ms-interpolation-mode]
02-03-2024 20:13:34.041Z;errorhandler.__handle;  CSSStyleDeclaration: Unexpected token, ignoring upto '}'. [1:267: }]
02-03-2024 20:13:34.041Z;errorhandler.__handle;  CSSStyleDeclaration: Unexpected token, ignoring upto '{        background-color: #f6f6f6;'. [1:281: {]
02-03-2024 20:13:34.057Z;errorhandler.__handle;  Property: Unknown Property name. [1:356: -webkit-font-smoothing]
02-03-2024 20:13:34.057Z;errorhandler.__handle;  Property: Unknown Property name. [1:486: -ms-text-size-adjust]
02-03-2024 20:13:34.057Z;errorhandler.__handle;  Property: Unknown Property name. [1:521: -webkit-text-size-adjust]
02-03-2024 20:13:34.057Z;errorhandler.__handle;  CSSStyleDeclaration: Unexpected token, ignoring upto '}'. [1:559: }]
02-03-2024 20:13:34.072Z;errorhandler.__handle;  CSSStyleDeclaration: Unexpected token, ignoring upto '{        border-collapse: separate;'. [1:574: {]
02-03-2024 20:13:34.072Z;errorhandler.__handle;  Property: Unknown Property name. [1:617: mso-table-lspace]
02-03-2024 20:13:34.072Z;errorhandler.__handle;  Property: Unknown Property name. [1:647: mso-table-rspace]
02-03-2024 20:13:34.072Z;errorhandler.__handle;  CSSStyleDeclaration: Unexpected token, ignoring upto '}'. [1:690: }]
02-03-2024 20:13:34.072Z;errorhandler.__handle;  CSSStyleDeclaration: Unexpected token, ignoring upto '{          font-family: sans-serif;'. [1:710: {]
02-03-2024 20:13:34.072Z;errorhandler.__handle;  CSSStyleDeclaration: Unexpected token, ignoring upto '}'. [1:808: }]
02-03-2024 20:13:34.072Z;errorhandler.__handle;  CSSStyleDeclaration: Unexpected token, ignoring upto '{        background-color: #f6f6f6;'. [1:941: {]
02-03-2024 20:13:34.072Z;errorhandler.__handle;  CSSStyleDeclaration: Unexpected token, ignoring upto '}'. [1:1003: }]
02-03-2024 20:13:34.072Z;errorhandler.__handle;  CSSStyleDeclaration: Unexpected token, ignoring upto '{        display: block;'. [1:1178: {]
02-03-2024 20:13:34.088Z;errorhandler.__handle;  CSSStyleDeclaration: Unexpected token, ignoring upto '}'. [1:1342: }]
02-03-2024 20:13:34.088Z;errorhandler.__handle;  CSSStyleDeclaration: Unexpected token, ignoring upto '{        box-sizing: border-box;'. [1:1452: {]
02-03-2024 20:13:34.088Z;errorhandler.__handle;  CSSStyleDeclaration: Unexpected token, ignoring upto '}'. [1:1584: }]
02-03-2024 20:13:34.088Z;errorhandler.__handle;  CSSStyleDeclaration: Unexpected token, ignoring upto '{        background: #ffffff;'. [1:1721: {]
02-03-2024 20:13:34.088Z;errorhandler.__handle;  CSSStyleDeclaration: Unexpected token, ignoring upto '}'. [1:1804: }]
02-03-2024 20:13:34.088Z;errorhandler.__handle;  CSSStyleDeclaration: Unexpected token, ignoring upto '{        box-sizing: border-box;'. [1:1822: {]
02-03-2024 20:13:34.088Z;errorhandler.__handle;  CSSStyleDeclaration: Unexpected token, ignoring upto '}'. [1:1883: }]
02-03-2024 20:13:34.103Z;errorhandler.__handle;  CSSStyleDeclaration: Unexpected token, ignoring upto '{        padding-bottom: 10px;'. [1:1907: {]
02-03-2024 20:13:34.103Z;errorhandler.__handle;  CSSStyleDeclaration: Unexpected token, ignoring upto '}'. [1:1969: }]
02-03-2024 20:13:34.103Z;errorhandler.__handle;  CSSStyleDeclaration: Unexpected token, ignoring upto '{        clear: both;'. [1:1986: {]
02-03-2024 20:13:34.103Z;errorhandler.__handle;  CSSStyleDeclaration: Unexpected token, ignoring upto '}'. [1:2086: }]
02-03-2024 20:13:34.103Z;errorhandler.__handle;  CSSStyleDeclaration: Unexpected token, ignoring upto '{          color: #999999;'. [1:2165: {]
02-03-2024 20:13:34.103Z;errorhandler.__handle;  CSSStyleDeclaration: Unexpected token, ignoring upto '}'. [1:2253: }]
02-03-2024 20:13:34.103Z;errorhandler.__handle;  CSSStyleDeclaration: Unexpected token, ignoring upto '{        color: #000000;'. [1:2404: {]
02-03-2024 20:13:34.121Z;errorhandler.__handle;  CSSStyleDeclaration: Unexpected token, ignoring upto '}'. [1:2563: }]
02-03-2024 20:13:34.122Z;errorhandler.__handle;  CSSStyleDeclaration: Unexpected token, ignoring upto '{        font-size: 35px;'. [1:2575: {]
02-03-2024 20:13:34.126Z;errorhandler.__handle;  CSSStyleDeclaration: Unexpected token, ignoring upto '}'. [1:2694: }]
02-03-2024 20:13:34.127Z;errorhandler.__handle;  CSSStyleDeclaration: Unexpected token, ignoring upto '{        font-family: sans-serif;'. [1:2723: {]
02-03-2024 20:13:34.130Z;errorhandler.__handle;  CSSStyleDeclaration: Unexpected token, ignoring upto '}'. [1:2861: }]
02-03-2024 20:13:34.131Z;errorhandler.__handle;  CSSStyleDeclaration: Unexpected token, ignoring upto '{          list-style-position: inside;'. [1:2905: {]
02-03-2024 20:13:34.132Z;errorhandler.__handle;  CSSStyleDeclaration: Unexpected token, ignoring upto '}'. [1:2978: }]
02-03-2024 20:13:34.134Z;errorhandler.__handle;  CSSStyleDeclaration: Unexpected token, ignoring upto '{        color: #3498db;'. [1:2989: {]
02-03-2024 20:13:34.136Z;errorhandler.__handle;  CSSStyleDeclaration: Unexpected token, ignoring upto '}'. [1:3055: }]
02-03-2024 20:13:34.137Z;errorhandler.__handle;  CSSStyleDeclaration: Unexpected token, ignoring upto '{        box-sizing: border-box;'. [1:3178: {]
02-03-2024 20:13:34.138Z;errorhandler.__handle;  CSSStyleDeclaration: Unexpected token, ignoring upto '}'. [1:3231: }]
02-03-2024 20:13:34.140Z;errorhandler.__handle;  CSSStyleDeclaration: Unexpected token, ignoring upto '{          padding-bottom: 15px;'. [1:3265: {]
02-03-2024 20:13:34.140Z;errorhandler.__handle;  CSSStyleDeclaration: Unexpected token, ignoring upto '}'. [1:3298: }]
02-03-2024 20:13:34.141Z;errorhandler.__handle;  CSSStyleDeclaration: Unexpected token, ignoring upto '{          width: auto;'. [1:3320: {]
02-03-2024 20:13:34.141Z;errorhandler.__handle;  CSSStyleDeclaration: Unexpected token, ignoring upto '}'. [1:3350: }]
02-03-2024 20:13:34.143Z;errorhandler.__handle;  CSSStyleDeclaration: Unexpected token, ignoring upto '{          background-color: #ffffff;'. [1:3375: {]
02-03-2024 20:13:34.144Z;errorhandler.__handle;  CSSStyleDeclaration: Unexpected token, ignoring upto '}'. [1:3477: }]
02-03-2024 20:13:34.146Z;errorhandler.__handle;  CSSStyleDeclaration: Unexpected token, ignoring upto '{          background-color: #ffffff;'. [1:3495: {]
02-03-2024 20:13:34.354Z;errorhandler.__handle;  CSSStyleDeclaration: Unexpected token, ignoring upto '}'. [1:3892: }]
02-03-2024 20:13:34.354Z;errorhandler.__handle;  CSSStyleDeclaration: Unexpected token, ignoring upto '{        background-color: #3498db;'. [1:3923: {]
02-03-2024 20:13:34.354Z;errorhandler.__handle;  CSSStyleDeclaration: Unexpected token, ignoring upto '}'. [1:3965: }]
02-03-2024 20:13:34.354Z;errorhandler.__handle;  CSSStyleDeclaration: Unexpected token, ignoring upto '{        background-color: #3498db;'. [1:3989: {]
02-03-2024 20:13:34.416Z;errorhandler.__handle;  CSSStyleDeclaration: Unexpected token, ignoring upto '}'. [1:4084: }]
02-03-2024 20:13:34.416Z;errorhandler.__handle;  CSSStyleDeclaration: Unexpected token, ignoring upto '{        margin-bottom: 0;'. [1:4234: {]
02-03-2024 20:13:34.416Z;errorhandler.__handle;  CSSStyleDeclaration: Unexpected token, ignoring upto '}'. [1:4267: }]
02-03-2024 20:13:34.416Z;errorhandler.__handle;  CSSStyleDeclaration: Unexpected token, ignoring upto '{        margin-top: 0;'. [1:4283: {]
02-03-2024 20:13:34.416Z;errorhandler.__handle;  CSSStyleDeclaration: Unexpected token, ignoring upto '}'. [1:4313: }]
02-03-2024 20:13:34.416Z;errorhandler.__handle;  CSSStyleDeclaration: Unexpected token, ignoring upto '{        text-align: center;'. [1:4336: {]
02-03-2024 20:13:34.416Z;errorhandler.__handle;  CSSStyleDeclaration: Unexpected token, ignoring upto '}'. [1:4371: }]
02-03-2024 20:13:34.416Z;errorhandler.__handle;  CSSStyleDeclaration: Unexpected token, ignoring upto '{        text-align: right;'. [1:4393: {]
02-03-2024 20:13:34.416Z;errorhandler.__handle;  CSSStyleDeclaration: Unexpected token, ignoring upto '}'. [1:4427: }]
02-03-2024 20:13:34.416Z;errorhandler.__handle;  CSSStyleDeclaration: Unexpected token, ignoring upto '{        text-align: left;'. [1:4448: {]
02-03-2024 20:13:34.416Z;errorhandler.__handle;  CSSStyleDeclaration: Unexpected token, ignoring upto '}'. [1:4481: }]
02-03-2024 20:13:34.416Z;errorhandler.__handle;  CSSStyleDeclaration: Unexpected token, ignoring upto '{        clear: both;'. [1:4497: {]
02-03-2024 20:13:34.416Z;errorhandler.__handle;  CSSStyleDeclaration: Unexpected token, ignoring upto '}'. [1:4525: }]
02-03-2024 20:13:34.416Z;errorhandler.__handle;  CSSStyleDeclaration: Unexpected token, ignoring upto '{        margin-top: 0;'. [1:4539: {]
02-03-2024 20:13:34.416Z;errorhandler.__handle;  CSSStyleDeclaration: Unexpected token, ignoring upto '}'. [1:4569: }]
02-03-2024 20:13:34.416Z;errorhandler.__handle;  CSSStyleDeclaration: Unexpected token, ignoring upto '{        margin-bottom: 0;'. [1:4583: {]
02-03-2024 20:13:34.416Z;errorhandler.__handle;  CSSStyleDeclaration: Unexpected token, ignoring upto '}'. [1:4616: }]
02-03-2024 20:13:34.416Z;errorhandler.__handle;  CSSStyleDeclaration: Unexpected token, ignoring upto '{        color: transparent;'. [1:4636: {]
02-03-2024 20:13:34.432Z;errorhandler.__handle;  Property: Unknown Property name. [1:4799: mso-hide]
02-03-2024 20:13:34.432Z;errorhandler.__handle;  CSSStyleDeclaration: Unexpected token, ignoring upto '}'. [1:4864: }]
02-03-2024 20:13:34.432Z;errorhandler.__handle;  CSSStyleDeclaration: Unexpected token, ignoring upto '{        text-decoration: none;'. [1:4887: {]
02-03-2024 20:13:34.432Z;errorhandler.__handle;  CSSStyleDeclaration: Unexpected token, ignoring upto '}'. [1:4925: }]
02-03-2024 20:13:34.432Z;errorhandler.__handle;  CSSStyleDeclaration: Unexpected token, ignoring upto '{        border: 0;'. [1:4937: {]
02-03-2024 20:13:34.432Z;errorhandler.__handle;  CSSStyleDeclaration: Unexpected token, ignoring upto '}'. [1:5027: }]
02-03-2024 20:13:34.447Z;errorhandler.__handle;  CSSStyleRule: No selector found: '{        table.body h1 {{          font-size: 28px !important;          margin-bottom: 10px !important;         }}        table.body p,        table.body ul,        table.body ol,        table.body td,        table.body span,        table.body a {{          font-size: 16px !important;         }}        table.body .wrapper,        table.body .article {{          padding: 10px !important;         }}        table.body .content {{          padding: 0 !important;         }}        table.body .container {{          padding: 0 !important;          width: 100% !important;         }}        table.body .main {{          border-left-width: 0 !important;          border-radius: 0 !important;          border-right-width: 0 !important;         }}        table.body .btn table {{          width: 100% !important;         }}        table.body .btn a {{          width: 100% !important;         }}        table.body .img-responsive {{          height: auto !important;          max-width: 100% !important;          width: auto !important;         }}      }'. [1:5217: {]
02-03-2024 20:13:34.447Z;errorhandler.__handle;  SelectorList: Unknown Syntax: ''
02-03-2024 20:13:34.447Z;errorhandler.__handle;  Property: No ":" after name found: table.body h1 {{          font-size: 28px !important;          margin-bottom: 10px !important;         }}        table.body p,        table.body ul,        table.body ol,        table.body td,        table.body span,        table.body a {{          font-size: 16px !important;         }}        table.body .wrapper,        table.body .article {{          padding: 10px !important;         }}        table.body .content {{          padding: 0 !important;         }}        table.body .container {{          padding: 0 !important;          width: 100% !important;         }}        table.body .main {{          border-left-width: 0 !important;          border-radius: 0 !important;          border-right-width: 0 !important;         }}        table.body .btn table {{          width: 100% !important;         }}        table.body .btn a {{          width: 100% !important;         }}        table.body .img-responsive {{          height: auto !important;          max-width: 100% !important;          width: auto !important;         }}       [1:6259:       ]
02-03-2024 20:13:34.447Z;errorhandler.__handle;  Property: No property value found: table.body h1 {{          font-size: 28px !important;          margin-bottom: 10px !important;         }}        table.body p,        table.body ul,        table.body ol,        table.body td,        table.body span,        table.body a {{          font-size: 16px !important;         }}        table.body .wrapper,        table.body .article {{          padding: 10px !important;         }}        table.body .content {{          padding: 0 !important;         }}        table.body .container {{          padding: 0 !important;          width: 100% !important;         }}        table.body .main {{          border-left-width: 0 !important;          border-radius: 0 !important;          border-right-width: 0 !important;         }}        table.body .btn table {{          width: 100% !important;         }}        table.body .btn a {{          width: 100% !important;         }}        table.body .img-responsive {{          height: auto !important;          max-width: 100% !important;          width: auto !important;         }}       [1:6259:       ]
02-03-2024 20:13:34.447Z;errorhandler.__handle;  CSSStyleDeclaration: Syntax Error in Property: table.body h1 {{          font-size: 28px !important;          margin-bottom: 10px !important;         }}        table.body p,        table.body ul,        table.body ol,        table.body td,        table.body span,        table.body a {{          font-size: 16px !important;         }}        table.body .wrapper,        table.body .article {{          padding: 10px !important;         }}        table.body .content {{          padding: 0 !important;         }}        table.body .container {{          padding: 0 !important;          width: 100% !important;         }}        table.body .main {{          border-left-width: 0 !important;          border-radius: 0 !important;          border-right-width: 0 !important;         }}        table.body .btn table {{          width: 100% !important;         }}        table.body .btn a {{          width: 100% !important;         }}        table.body .img-responsive {{          height: auto !important;          max-width: 100% !important;          width: auto !important;         }}      
02-03-2024 20:13:34.447Z;errorhandler.__handle;  CSSStyleRule: No selector found: '{        .ExternalClass {{          width: 100%;         }}        .ExternalClass,        .ExternalClass p,        .ExternalClass span,        .ExternalClass font,        .ExternalClass td,        .ExternalClass div {{          line-height: 100%;         }}        .apple-link a {{          color: inherit !important;          font-family: inherit !important;          font-size: inherit !important;          font-weight: inherit !important;          line-height: inherit !important;          text-decoration: none !important;         }}        #MessageViewBody a {{          color: inherit;          text-decoration: none;          font-size: inherit;          font-family: inherit;          font-weight: inherit;          line-height: inherit;        }}        .btn-primary table td:hover {{          background-color: #34495e !important;         }}        .btn-primary a:hover {{          background-color: #34495e !important;          border-color: #34495e !important;         }}       }'. [1:6420: {]
02-03-2024 20:13:34.447Z;errorhandler.__handle;  SelectorList: Unknown Syntax: ''
02-03-2024 20:13:34.447Z;errorhandler.__handle;  CSSStyleDeclaration: Unexpected token, ignoring upto '.ExternalClass {{          width: 100%;         }}        .ExternalClass,        .ExternalClass p,        .ExternalClass span,        .ExternalClass font,        .ExternalClass td,        .ExternalClass div {{          line-height: 100%;         }}        .apple-link a {{          color: inherit !important;          font-family: inherit !important;          font-size: inherit !important;          font-weight: inherit !important;          line-height: inherit !important;          text-decoration: none !important;         }}        #MessageViewBody a {{          color: inherit;          text-decoration: none;          font-size: inherit;          font-family: inherit;          font-weight: inherit;          line-height: inherit;        }}        .btn-primary table td:hover {{          background-color: #34495e !important;         }}        .btn-primary a:hover {{          background-color: #34495e !important;          border-color: #34495e !important;         }}       '. [1:6429: .]
02-03-2024 20:13:34.463Z;errorhandler.__handle;  Property: Unknown Property name. [1:1: -ms-interpolation-mode]
02-03-2024 20:13:34.478Z;errorhandler.__handle;  Property: Unknown Property name. [1:24: -webkit-font-smoothing]
02-03-2024 20:13:34.478Z;errorhandler.__handle;  Property: Unknown Property name. [1:109: -ms-text-size-adjust]
02-03-2024 20:13:34.478Z;errorhandler.__handle;  Property: Unknown Property name. [1:135: -webkit-text-size-adjust]
02-03-2024 20:13:34.478Z;errorhandler.__handle;  Property: Unknown Property name. [1:1: mso-table-lspace]
02-03-2024 20:13:34.478Z;errorhandler.__handle;  Property: Unknown Property name. [1:20: mso-table-rspace]
02-03-2024 20:13:34.510Z;errorhandler.__handle;  Property: Unknown Property name. [1:74: mso-hide]
02-03-2024 20:13:34.510Z;errorhandler.__handle;  Property: No ":" after name found: align-center [1:1: align-center]
02-03-2024 20:13:34.510Z;errorhandler.__handle;  Property: No property value found: align-center [1:1: align-center]
02-03-2024 20:13:34.510Z;errorhandler.__handle;  CSSStyleDeclaration: Syntax Error in Property: align-center
02-03-2024 20:13:34.525Z;errorhandler.__handle;  Property: Unknown Property name. [1:1: -ms-interpolation-mode]
02-03-2024 20:13:37.025Z;functions.emailSuccess;  Success e-mail sent.
02-03-2024 20:13:37.885Z;functions.encerra_prog;  RM ENCERRADO
