01-02-2024 11:32:29.330Z;functions.bot_text_art;      ____   
01-02-2024 11:32:29.330Z;functions.bot_text_art;     [____]    
01-02-2024 11:32:29.330Z;functions.bot_text_art;   |=]()()[=|  
01-02-2024 11:32:29.330Z;functions.bot_text_art;     _\==/__    _____    ____     _        _____    ___   _  __
01-02-2024 11:32:29.330Z;functions.bot_text_art;   |__|   |_|  |  _  \  / ___|   | |      |_   _| / ___| | |/ /
01-02-2024 11:32:29.330Z;functions.bot_text_art;   |_|_/\_|_|  | |  | | | |      | |        | |   | |    | ' / 
01-02-2024 11:32:29.330Z;functions.bot_text_art;   | | __ | |  | |  | | | |      | |        | |   | |    |  <  
01-02-2024 11:32:29.330Z;functions.bot_text_art;   |_|[  ]|_|  | |__| | | |____  | |____   _| |_  | |__  | . \ 
01-02-2024 11:32:29.330Z;functions.bot_text_art;   \_|_||_|_/  |_____/   \_____| |______| |_____| \ ___| |_|\_\
01-02-2024 11:32:29.330Z;functions.bot_text_art;     |_||_|                                                     
01-02-2024 11:32:29.330Z;functions.bot_text_art;     | ||_|_   
01-02-2024 11:32:29.330Z;functions.bot_text_art;   |___||___|  
01-02-2024 11:32:29.330Z;functions.bot_text_art;               
01-02-2024 11:32:29.330Z;functions.open_RM;  OPEN PROGRAM RM
01-02-2024 11:32:36.250Z;functions.loggin_RM;  ENTRAR USER_NAME
01-02-2024 11:32:37.126Z;functions.loggin_RM;  ENTRAR PASSWORD
01-02-2024 11:32:37.847Z;functions.loggin_RM;  ENTRAR RM
01-02-2024 11:33:08.799Z;functions.enter_coligada;  CLICK CONTEXTO
01-02-2024 11:33:12.768Z;functions.enter_coligada;  CLICK COLIGADA 1
01-02-2024 11:33:14.143Z;functions.enter_coligada;  CLICK AVANÇAR
01-02-2024 11:33:15.829Z;functions.enter_coligada;  INSERE O COLIGADA CODE = 1
01-02-2024 11:33:15.931Z;functions.enter_coligada;  APERTA TAB PARA PREENCHER O CAMPO COM A STRING: OCEANICA ENGENHARIA E CONSULTORIA S.A.
01-02-2024 11:33:16.862Z;functions.enter_coligada;  CLICK AVANÇAR NOVAMENTE
01-02-2024 11:33:17.704Z;functions.enter_coligada;  CLICK CONCLUIR
01-02-2024 11:33:28.896Z;functions.enter_coligada;  POP UP COLIGADA DESAPARECER
01-02-2024 11:33:29.518Z;functions.enter_contas_a_pagar;  CLICK - TOTVS - LINHA RM
01-02-2024 11:33:30.643Z;functions.enter_contas_a_pagar;  CLICK - BACK OFFICE
01-02-2024 11:33:31.363Z;functions.enter_contas_a_pagar;  CLICK - GESTAO FINANCEIRA
01-02-2024 11:33:36.644Z;functions.enter_contas_a_pagar;  CLICK - CONTAS A PAGAR
01-02-2024 11:33:36.810Z;functions.waitForImage;  LANÇAMENTOS image found.
01-02-2024 11:33:38.931Z;functions.enter_contas_a_pagar;  CLICA EM LANÇAMENTOS
01-02-2024 11:33:53.968Z;functions.waitForImage;  LICENCAS EXCEDIDAS image not found.
01-02-2024 11:33:53.969Z;functions.data_filter;  DATA INICIO 07-02-2024
01-02-2024 11:33:53.969Z;functions.data_filter;  DATA FIM 13-02-2024
01-02-2024 11:33:53.969Z;functions.data_filter;  CLICK - SELECIONA A DATA DE QUARTA FEIRA E DA PROXIMA TERÇA
01-02-2024 11:33:53.969Z;functions.data_filter;  QUARTA-FEIRA: 07-02-2024
01-02-2024 11:33:53.969Z;functions.data_filter;  TERCA-FEIRA: 13-02-2024
01-02-2024 11:33:57.909Z;functions.data_filter;  ESCREVE REMESSA BANCÁRIA NO FILTRO
01-02-2024 11:33:58.520Z;functions.data_filter;  CLICK - BUTÃO DE SELECAO DE FILTRO
01-02-2024 11:34:00.390Z;functions.data_filter;  INSERE - DATA DE QUARTA-FEIRA: 07-02-2024
01-02-2024 11:34:01.904Z;functions.data_filter;  INSERE - DATA DA PROX TERCA-FEIRA: 13-02-2024
01-02-2024 11:34:02.548Z;functions.data_filter;  CLICK - BUTÃO DE EXECUTAR O FILTRO
01-02-2024 11:34:15.394Z;functions.desmark_filter;  CLICK CHECKBOX LANÇAMENTOS A RECEBER
01-02-2024 11:34:16.237Z;functions.desmark_filter;  CLICK CHECKBOX LANÇAMENTOS BAIXADOS
01-02-2024 11:34:17.100Z;functions.desmark_filter;  CLICK CHECKBOX LANÇAMENTOS CANCELADOS
01-02-2024 11:34:18.001Z;functions.desmark_filter;  CLICK CHECKBOX LANÇAMENTOS FATURADOS
01-02-2024 11:34:18.898Z;functions.desmark_filter;  ATUALIZA O FILTRO
01-02-2024 11:34:49.126Z;functions.waitForImage;  FILTER CLEAN image not found.
01-02-2024 11:34:49.126Z;functions.tabela_vazia;  VERIFICANDO SE A TABELA ESTÁ VAZIA
01-02-2024 11:35:21.852Z;functions.tabela_vazia;  ATENÇÃO: 

Este processo exige que seja selecionado ao menos um registro para sua execução.
Como não foi feita nenhuma seleção, você deseja executá-lo para TODOS os 21 registros?
01-02-2024 11:35:23.955Z;functions.tabela_vazia;  TABELA CONTÉM REGISTROS
01-02-2024 11:35:24.707Z;functions.desbloqueio;  SELECIONA TODAS AS TUPLAS
01-02-2024 11:35:29.809Z;functions.desbloqueio;  CONTROL P PARA SELECIONAR PROCESSO
01-02-2024 11:35:32.517Z;functions.desbloqueio;  7 SETAS PARA BAIXO - MANUTENÇÃO DE LANÇAMENTO
01-02-2024 11:35:34.618Z;functions.desbloqueio;  SETA PARA DIREITA
01-02-2024 11:35:37.529Z;functions.desbloqueio;  9 SETAS PARA BAIXO
01-02-2024 11:35:39.630Z;functions.desbloqueio;  ENTER PARA SELECIONAR DESBLOQUEIO ALTERAÇÃO
01-02-2024 11:35:51.707Z;functions.desbloqueio;  SELECIONA PROCESSO DA EXECUCAO DOS PROGRESSOS ABA INFERIOR
01-02-2024 11:35:52.756Z;functions.desbloqueio;  MSG AQUI: Ocorreram falhas durante o processo de Desbloquear Alteração de lançamentos.
Mais detalhes no Log do Processo.
01-02-2024 11:35:54.762Z;functions.desbloqueio;  DESBLOQUEIO COM ERROR
01-02-2024 11:35:57.393Z;functions.desbloqueio;  EVIDENCIAR ABA INFERIOR
01-02-2024 11:35:59.495Z;functions.desbloqueio;  FECHANDO ABA INFERIOR
01-02-2024 11:36:01.495Z;functions.desbloqueio;  O PROGRAMA SERÁ ENCERRADO, FAVOR VERIFICAR O DESBLOQUEIO DE REMESSAS FÉRIAS/RECISÃO
01-02-2024 11:36:04.135Z;errorhandler.__handle;  CSSStyleDeclaration: Unexpected token, ignoring upto '{        border: none;'. [1:174: {]
01-02-2024 11:36:04.135Z;errorhandler.__handle;  Property: Unknown Property name. [1:204: -ms-interpolation-mode]
01-02-2024 11:36:04.136Z;errorhandler.__handle;  CSSStyleDeclaration: Unexpected token, ignoring upto '}'. [1:267: }]
01-02-2024 11:36:04.137Z;errorhandler.__handle;  CSSStyleDeclaration: Unexpected token, ignoring upto '{        background-color: #f6f6f6;'. [1:281: {]
01-02-2024 11:36:04.140Z;errorhandler.__handle;  Property: Unknown Property name. [1:356: -webkit-font-smoothing]
01-02-2024 11:36:04.144Z;errorhandler.__handle;  Property: Unknown Property name. [1:486: -ms-text-size-adjust]
01-02-2024 11:36:04.144Z;errorhandler.__handle;  Property: Unknown Property name. [1:521: -webkit-text-size-adjust]
01-02-2024 11:36:04.144Z;errorhandler.__handle;  CSSStyleDeclaration: Unexpected token, ignoring upto '}'. [1:559: }]
01-02-2024 11:36:04.145Z;errorhandler.__handle;  CSSStyleDeclaration: Unexpected token, ignoring upto '{        border-collapse: separate;'. [1:574: {]
01-02-2024 11:36:04.145Z;errorhandler.__handle;  Property: Unknown Property name. [1:617: mso-table-lspace]
01-02-2024 11:36:04.145Z;errorhandler.__handle;  Property: Unknown Property name. [1:647: mso-table-rspace]
01-02-2024 11:36:04.146Z;errorhandler.__handle;  CSSStyleDeclaration: Unexpected token, ignoring upto '}'. [1:690: }]
01-02-2024 11:36:04.146Z;errorhandler.__handle;  CSSStyleDeclaration: Unexpected token, ignoring upto '{          font-family: sans-serif;'. [1:710: {]
01-02-2024 11:36:04.147Z;errorhandler.__handle;  CSSStyleDeclaration: Unexpected token, ignoring upto '}'. [1:808: }]
01-02-2024 11:36:04.148Z;errorhandler.__handle;  CSSStyleDeclaration: Unexpected token, ignoring upto '{        background-color: #f6f6f6;'. [1:941: {]
01-02-2024 11:36:04.148Z;errorhandler.__handle;  CSSStyleDeclaration: Unexpected token, ignoring upto '}'. [1:1003: }]
01-02-2024 11:36:04.148Z;errorhandler.__handle;  CSSStyleDeclaration: Unexpected token, ignoring upto '{        display: block;'. [1:1178: {]
01-02-2024 11:36:04.149Z;errorhandler.__handle;  CSSStyleDeclaration: Unexpected token, ignoring upto '}'. [1:1342: }]
01-02-2024 11:36:04.149Z;errorhandler.__handle;  CSSStyleDeclaration: Unexpected token, ignoring upto '{        box-sizing: border-box;'. [1:1452: {]
01-02-2024 11:36:04.151Z;errorhandler.__handle;  CSSStyleDeclaration: Unexpected token, ignoring upto '}'. [1:1584: }]
01-02-2024 11:36:04.151Z;errorhandler.__handle;  CSSStyleDeclaration: Unexpected token, ignoring upto '{        background: #ffffff;'. [1:1721: {]
01-02-2024 11:36:04.152Z;errorhandler.__handle;  CSSStyleDeclaration: Unexpected token, ignoring upto '}'. [1:1804: }]
01-02-2024 11:36:04.152Z;errorhandler.__handle;  CSSStyleDeclaration: Unexpected token, ignoring upto '{        box-sizing: border-box;'. [1:1822: {]
01-02-2024 11:36:04.153Z;errorhandler.__handle;  CSSStyleDeclaration: Unexpected token, ignoring upto '}'. [1:1883: }]
01-02-2024 11:36:04.153Z;errorhandler.__handle;  CSSStyleDeclaration: Unexpected token, ignoring upto '{        padding-bottom: 10px;'. [1:1907: {]
01-02-2024 11:36:04.153Z;errorhandler.__handle;  CSSStyleDeclaration: Unexpected token, ignoring upto '}'. [1:1969: }]
01-02-2024 11:36:04.153Z;errorhandler.__handle;  CSSStyleDeclaration: Unexpected token, ignoring upto '{        clear: both;'. [1:1986: {]
01-02-2024 11:36:04.153Z;errorhandler.__handle;  CSSStyleDeclaration: Unexpected token, ignoring upto '}'. [1:2086: }]
01-02-2024 11:36:04.153Z;errorhandler.__handle;  CSSStyleDeclaration: Unexpected token, ignoring upto '{          color: #999999;'. [1:2165: {]
01-02-2024 11:36:04.153Z;errorhandler.__handle;  CSSStyleDeclaration: Unexpected token, ignoring upto '}'. [1:2253: }]
01-02-2024 11:36:04.153Z;errorhandler.__handle;  CSSStyleDeclaration: Unexpected token, ignoring upto '{        color: #000000;'. [1:2404: {]
01-02-2024 11:36:04.153Z;errorhandler.__handle;  CSSStyleDeclaration: Unexpected token, ignoring upto '}'. [1:2563: }]
01-02-2024 11:36:04.153Z;errorhandler.__handle;  CSSStyleDeclaration: Unexpected token, ignoring upto '{        font-size: 35px;'. [1:2575: {]
01-02-2024 11:36:04.153Z;errorhandler.__handle;  CSSStyleDeclaration: Unexpected token, ignoring upto '}'. [1:2694: }]
01-02-2024 11:36:04.153Z;errorhandler.__handle;  CSSStyleDeclaration: Unexpected token, ignoring upto '{        font-family: sans-serif;'. [1:2723: {]
01-02-2024 11:36:04.153Z;errorhandler.__handle;  CSSStyleDeclaration: Unexpected token, ignoring upto '}'. [1:2861: }]
01-02-2024 11:36:04.153Z;errorhandler.__handle;  CSSStyleDeclaration: Unexpected token, ignoring upto '{          list-style-position: inside;'. [1:2905: {]
01-02-2024 11:36:04.153Z;errorhandler.__handle;  CSSStyleDeclaration: Unexpected token, ignoring upto '}'. [1:2978: }]
01-02-2024 11:36:04.153Z;errorhandler.__handle;  CSSStyleDeclaration: Unexpected token, ignoring upto '{        color: #3498db;'. [1:2989: {]
01-02-2024 11:36:04.153Z;errorhandler.__handle;  CSSStyleDeclaration: Unexpected token, ignoring upto '}'. [1:3055: }]
01-02-2024 11:36:04.153Z;errorhandler.__handle;  CSSStyleDeclaration: Unexpected token, ignoring upto '{        box-sizing: border-box;'. [1:3178: {]
01-02-2024 11:36:04.153Z;errorhandler.__handle;  CSSStyleDeclaration: Unexpected token, ignoring upto '}'. [1:3231: }]
01-02-2024 11:36:04.153Z;errorhandler.__handle;  CSSStyleDeclaration: Unexpected token, ignoring upto '{          padding-bottom: 15px;'. [1:3265: {]
01-02-2024 11:36:04.153Z;errorhandler.__handle;  CSSStyleDeclaration: Unexpected token, ignoring upto '}'. [1:3298: }]
01-02-2024 11:36:04.153Z;errorhandler.__handle;  CSSStyleDeclaration: Unexpected token, ignoring upto '{          width: auto;'. [1:3320: {]
01-02-2024 11:36:04.153Z;errorhandler.__handle;  CSSStyleDeclaration: Unexpected token, ignoring upto '}'. [1:3350: }]
01-02-2024 11:36:04.153Z;errorhandler.__handle;  CSSStyleDeclaration: Unexpected token, ignoring upto '{          background-color: #ffffff;'. [1:3375: {]
01-02-2024 11:36:04.153Z;errorhandler.__handle;  CSSStyleDeclaration: Unexpected token, ignoring upto '}'. [1:3477: }]
01-02-2024 11:36:04.153Z;errorhandler.__handle;  CSSStyleDeclaration: Unexpected token, ignoring upto '{          background-color: #ffffff;'. [1:3495: {]
01-02-2024 11:36:04.189Z;errorhandler.__handle;  CSSStyleDeclaration: Unexpected token, ignoring upto '}'. [1:3892: }]
01-02-2024 11:36:04.189Z;errorhandler.__handle;  CSSStyleDeclaration: Unexpected token, ignoring upto '{        background-color: #3498db;'. [1:3923: {]
01-02-2024 11:36:04.189Z;errorhandler.__handle;  CSSStyleDeclaration: Unexpected token, ignoring upto '}'. [1:3965: }]
01-02-2024 11:36:04.189Z;errorhandler.__handle;  CSSStyleDeclaration: Unexpected token, ignoring upto '{        background-color: #3498db;'. [1:3989: {]
01-02-2024 11:36:04.210Z;errorhandler.__handle;  CSSStyleDeclaration: Unexpected token, ignoring upto '}'. [1:4084: }]
01-02-2024 11:36:04.210Z;errorhandler.__handle;  CSSStyleDeclaration: Unexpected token, ignoring upto '{        margin-bottom: 0;'. [1:4234: {]
01-02-2024 11:36:04.210Z;errorhandler.__handle;  CSSStyleDeclaration: Unexpected token, ignoring upto '}'. [1:4267: }]
01-02-2024 11:36:04.210Z;errorhandler.__handle;  CSSStyleDeclaration: Unexpected token, ignoring upto '{        margin-top: 0;'. [1:4283: {]
01-02-2024 11:36:04.210Z;errorhandler.__handle;  CSSStyleDeclaration: Unexpected token, ignoring upto '}'. [1:4313: }]
01-02-2024 11:36:04.211Z;errorhandler.__handle;  CSSStyleDeclaration: Unexpected token, ignoring upto '{        text-align: center;'. [1:4336: {]
01-02-2024 11:36:04.211Z;errorhandler.__handle;  CSSStyleDeclaration: Unexpected token, ignoring upto '}'. [1:4371: }]
01-02-2024 11:36:04.211Z;errorhandler.__handle;  CSSStyleDeclaration: Unexpected token, ignoring upto '{        text-align: right;'. [1:4393: {]
01-02-2024 11:36:04.211Z;errorhandler.__handle;  CSSStyleDeclaration: Unexpected token, ignoring upto '}'. [1:4427: }]
01-02-2024 11:36:04.211Z;errorhandler.__handle;  CSSStyleDeclaration: Unexpected token, ignoring upto '{        text-align: left;'. [1:4448: {]
01-02-2024 11:36:04.211Z;errorhandler.__handle;  CSSStyleDeclaration: Unexpected token, ignoring upto '}'. [1:4481: }]
01-02-2024 11:36:04.211Z;errorhandler.__handle;  CSSStyleDeclaration: Unexpected token, ignoring upto '{        clear: both;'. [1:4497: {]
01-02-2024 11:36:04.212Z;errorhandler.__handle;  CSSStyleDeclaration: Unexpected token, ignoring upto '}'. [1:4525: }]
01-02-2024 11:36:04.212Z;errorhandler.__handle;  CSSStyleDeclaration: Unexpected token, ignoring upto '{        margin-top: 0;'. [1:4539: {]
01-02-2024 11:36:04.212Z;errorhandler.__handle;  CSSStyleDeclaration: Unexpected token, ignoring upto '}'. [1:4569: }]
01-02-2024 11:36:04.212Z;errorhandler.__handle;  CSSStyleDeclaration: Unexpected token, ignoring upto '{        margin-bottom: 0;'. [1:4583: {]
01-02-2024 11:36:04.212Z;errorhandler.__handle;  CSSStyleDeclaration: Unexpected token, ignoring upto '}'. [1:4616: }]
01-02-2024 11:36:04.212Z;errorhandler.__handle;  CSSStyleDeclaration: Unexpected token, ignoring upto '{        color: transparent;'. [1:4636: {]
01-02-2024 11:36:04.214Z;errorhandler.__handle;  Property: Unknown Property name. [1:4799: mso-hide]
01-02-2024 11:36:04.214Z;errorhandler.__handle;  CSSStyleDeclaration: Unexpected token, ignoring upto '}'. [1:4864: }]
01-02-2024 11:36:04.215Z;errorhandler.__handle;  CSSStyleDeclaration: Unexpected token, ignoring upto '{        text-decoration: none;'. [1:4887: {]
01-02-2024 11:36:04.215Z;errorhandler.__handle;  CSSStyleDeclaration: Unexpected token, ignoring upto '}'. [1:4925: }]
01-02-2024 11:36:04.215Z;errorhandler.__handle;  CSSStyleDeclaration: Unexpected token, ignoring upto '{        border: 0;'. [1:4937: {]
01-02-2024 11:36:04.215Z;errorhandler.__handle;  CSSStyleDeclaration: Unexpected token, ignoring upto '}'. [1:5027: }]
01-02-2024 11:36:04.217Z;errorhandler.__handle;  CSSStyleRule: No selector found: '{        table.body h1 {{          font-size: 28px !important;          margin-bottom: 10px !important;         }}        table.body p,        table.body ul,        table.body ol,        table.body td,        table.body span,        table.body a {{          font-size: 16px !important;         }}        table.body .wrapper,        table.body .article {{          padding: 10px !important;         }}        table.body .content {{          padding: 0 !important;         }}        table.body .container {{          padding: 0 !important;          width: 100% !important;         }}        table.body .main {{          border-left-width: 0 !important;          border-radius: 0 !important;          border-right-width: 0 !important;         }}        table.body .btn table {{          width: 100% !important;         }}        table.body .btn a {{          width: 100% !important;         }}        table.body .img-responsive {{          height: auto !important;          max-width: 100% !important;          width: auto !important;         }}      }'. [1:5217: {]
01-02-2024 11:36:04.217Z;errorhandler.__handle;  SelectorList: Unknown Syntax: ''
01-02-2024 11:36:04.218Z;errorhandler.__handle;  Property: No ":" after name found: table.body h1 {{          font-size: 28px !important;          margin-bottom: 10px !important;         }}        table.body p,        table.body ul,        table.body ol,        table.body td,        table.body span,        table.body a {{          font-size: 16px !important;         }}        table.body .wrapper,        table.body .article {{          padding: 10px !important;         }}        table.body .content {{          padding: 0 !important;         }}        table.body .container {{          padding: 0 !important;          width: 100% !important;         }}        table.body .main {{          border-left-width: 0 !important;          border-radius: 0 !important;          border-right-width: 0 !important;         }}        table.body .btn table {{          width: 100% !important;         }}        table.body .btn a {{          width: 100% !important;         }}        table.body .img-responsive {{          height: auto !important;          max-width: 100% !important;          width: auto !important;         }}       [1:6259:       ]
01-02-2024 11:36:04.218Z;errorhandler.__handle;  Property: No property value found: table.body h1 {{          font-size: 28px !important;          margin-bottom: 10px !important;         }}        table.body p,        table.body ul,        table.body ol,        table.body td,        table.body span,        table.body a {{          font-size: 16px !important;         }}        table.body .wrapper,        table.body .article {{          padding: 10px !important;         }}        table.body .content {{          padding: 0 !important;         }}        table.body .container {{          padding: 0 !important;          width: 100% !important;         }}        table.body .main {{          border-left-width: 0 !important;          border-radius: 0 !important;          border-right-width: 0 !important;         }}        table.body .btn table {{          width: 100% !important;         }}        table.body .btn a {{          width: 100% !important;         }}        table.body .img-responsive {{          height: auto !important;          max-width: 100% !important;          width: auto !important;         }}       [1:6259:       ]
01-02-2024 11:36:04.218Z;errorhandler.__handle;  CSSStyleDeclaration: Syntax Error in Property: table.body h1 {{          font-size: 28px !important;          margin-bottom: 10px !important;         }}        table.body p,        table.body ul,        table.body ol,        table.body td,        table.body span,        table.body a {{          font-size: 16px !important;         }}        table.body .wrapper,        table.body .article {{          padding: 10px !important;         }}        table.body .content {{          padding: 0 !important;         }}        table.body .container {{          padding: 0 !important;          width: 100% !important;         }}        table.body .main {{          border-left-width: 0 !important;          border-radius: 0 !important;          border-right-width: 0 !important;         }}        table.body .btn table {{          width: 100% !important;         }}        table.body .btn a {{          width: 100% !important;         }}        table.body .img-responsive {{          height: auto !important;          max-width: 100% !important;          width: auto !important;         }}      
01-02-2024 11:36:04.219Z;errorhandler.__handle;  CSSStyleRule: No selector found: '{        .ExternalClass {{          width: 100%;         }}        .ExternalClass,        .ExternalClass p,        .ExternalClass span,        .ExternalClass font,        .ExternalClass td,        .ExternalClass div {{          line-height: 100%;         }}        .apple-link a {{          color: inherit !important;          font-family: inherit !important;          font-size: inherit !important;          font-weight: inherit !important;          line-height: inherit !important;          text-decoration: none !important;         }}        #MessageViewBody a {{          color: inherit;          text-decoration: none;          font-size: inherit;          font-family: inherit;          font-weight: inherit;          line-height: inherit;        }}        .btn-primary table td:hover {{          background-color: #34495e !important;         }}        .btn-primary a:hover {{          background-color: #34495e !important;          border-color: #34495e !important;         }}       }'. [1:6420: {]
01-02-2024 11:36:04.219Z;errorhandler.__handle;  SelectorList: Unknown Syntax: ''
01-02-2024 11:36:04.219Z;errorhandler.__handle;  CSSStyleDeclaration: Unexpected token, ignoring upto '.ExternalClass {{          width: 100%;         }}        .ExternalClass,        .ExternalClass p,        .ExternalClass span,        .ExternalClass font,        .ExternalClass td,        .ExternalClass div {{          line-height: 100%;         }}        .apple-link a {{          color: inherit !important;          font-family: inherit !important;          font-size: inherit !important;          font-weight: inherit !important;          line-height: inherit !important;          text-decoration: none !important;         }}        #MessageViewBody a {{          color: inherit;          text-decoration: none;          font-size: inherit;          font-family: inherit;          font-weight: inherit;          line-height: inherit;        }}        .btn-primary table td:hover {{          background-color: #34495e !important;         }}        .btn-primary a:hover {{          background-color: #34495e !important;          border-color: #34495e !important;         }}       '. [1:6429: .]
01-02-2024 11:36:04.223Z;errorhandler.__handle;  Property: Unknown Property name. [1:1: -ms-interpolation-mode]
01-02-2024 11:36:04.224Z;errorhandler.__handle;  Property: Unknown Property name. [1:24: -webkit-font-smoothing]
01-02-2024 11:36:04.225Z;errorhandler.__handle;  Property: Unknown Property name. [1:109: -ms-text-size-adjust]
01-02-2024 11:36:04.225Z;errorhandler.__handle;  Property: Unknown Property name. [1:135: -webkit-text-size-adjust]
01-02-2024 11:36:04.226Z;errorhandler.__handle;  Property: Unknown Property name. [1:1: mso-table-lspace]
01-02-2024 11:36:04.226Z;errorhandler.__handle;  Property: Unknown Property name. [1:20: mso-table-rspace]
01-02-2024 11:36:04.233Z;errorhandler.__handle;  Property: Unknown Property name. [1:74: mso-hide]
01-02-2024 11:36:04.236Z;errorhandler.__handle;  Property: No ":" after name found: align-center [1:1: align-center]
01-02-2024 11:36:04.236Z;errorhandler.__handle;  Property: No property value found: align-center [1:1: align-center]
01-02-2024 11:36:04.236Z;errorhandler.__handle;  CSSStyleDeclaration: Syntax Error in Property: align-center
01-02-2024 11:36:04.236Z;errorhandler.__handle;  Property: Unknown Property name. [1:1: -ms-interpolation-mode]
01-02-2024 11:36:06.327Z;functions.emailErro;  Success e-mail sent.
