01-02-2024 12:26:25.693Z;functions.bot_text_art;      ____   
01-02-2024 12:26:25.693Z;functions.bot_text_art;     [____]    
01-02-2024 12:26:25.693Z;functions.bot_text_art;   |=]()()[=|  
01-02-2024 12:26:25.693Z;functions.bot_text_art;     _\==/__    _____    ____     _        _____    ___   _  __
01-02-2024 12:26:25.693Z;functions.bot_text_art;   |__|   |_|  |  _  \  / ___|   | |      |_   _| / ___| | |/ /
01-02-2024 12:26:25.693Z;functions.bot_text_art;   |_|_/\_|_|  | |  | | | |      | |        | |   | |    | ' / 
01-02-2024 12:26:25.694Z;functions.bot_text_art;   | | __ | |  | |  | | | |      | |        | |   | |    |  <  
01-02-2024 12:26:25.694Z;functions.bot_text_art;   |_|[  ]|_|  | |__| | | |____  | |____   _| |_  | |__  | . \ 
01-02-2024 12:26:25.694Z;functions.bot_text_art;   \_|_||_|_/  |_____/   \_____| |______| |_____| \ ___| |_|\_\
01-02-2024 12:26:25.695Z;functions.bot_text_art;     |_||_|                                                     
01-02-2024 12:26:25.695Z;functions.bot_text_art;     | ||_|_   
01-02-2024 12:26:25.695Z;functions.bot_text_art;   |___||___|  
01-02-2024 12:26:25.695Z;functions.bot_text_art;               
01-02-2024 12:26:25.698Z;functions.open_RM;  OPEN PROGRAM RM
01-02-2024 12:26:33.658Z;functions.show_exception_and_exit;  Failed to set focus.
Traceback (most recent call last):
  File "C:\Projetos_Remessas\Remessa_Ferias_Rescisao\main.py", line 12, in <module>
    loggin_RM()
  File "C:\Projetos_Remessas\Remessa_Ferias_Rescisao\SUBPROGRAMS\functions.py", line 64, in loggin_RM
    user_rm.send_hotkey(f'{user}')
  File "C:\Projetos_Remessas\Remessa_Ferias_Rescisao\venv\Lib\site-packages\clicknium\core\service\invokerservice.py", line 157, in wrapper
    raise exception;
    ^^^^^^^^^^^^^^^
clicknium.common.models.exceptions.WindowError: Failed to set focus.
01-02-2024 12:26:34.853Z;errorhandler.__handle;  Property: Unknown Property name. [1:203: -ms-interpolation-mode]
01-02-2024 12:26:34.853Z;errorhandler.__handle;  Property: Unknown Property name. [1:353: -webkit-font-smoothing]
01-02-2024 12:26:34.853Z;errorhandler.__handle;  Property: Unknown Property name. [1:483: -ms-text-size-adjust]
01-02-2024 12:26:34.853Z;errorhandler.__handle;  Property: Unknown Property name. [1:518: -webkit-text-size-adjust]
01-02-2024 12:26:34.853Z;errorhandler.__handle;  Property: Unknown Property name. [1:612: mso-table-lspace]
01-02-2024 12:26:34.853Z;errorhandler.__handle;  Property: Unknown Property name. [1:642: mso-table-rspace]
01-02-2024 12:26:34.913Z;errorhandler.__handle;  Property: Unknown Property name. [1:4734: mso-hide]
01-02-2024 12:26:34.940Z;errorhandler.__handle;  Property: Unknown Property name. [1:13: -ms-interpolation-mode]
01-02-2024 12:26:34.941Z;errorhandler.__handle;  Property: Unknown Property name. [1:49: -webkit-font-smoothing]
01-02-2024 12:26:34.942Z;errorhandler.__handle;  Property: Unknown Property name. [1:134: -ms-text-size-adjust]
01-02-2024 12:26:34.942Z;errorhandler.__handle;  Property: Unknown Property name. [1:160: -webkit-text-size-adjust]
01-02-2024 12:26:34.943Z;errorhandler.__handle;  Property: Unknown Property name. [1:26: mso-table-lspace]
01-02-2024 12:26:34.943Z;errorhandler.__handle;  Property: Unknown Property name. [1:45: mso-table-rspace]
01-02-2024 12:26:34.954Z;errorhandler.__handle;  Property: Unknown Property name. [1:92: mso-hide]
01-02-2024 12:26:34.958Z;errorhandler.__handle;  Property: No ":" after name found: align-center [1:1: align-center]
01-02-2024 12:26:34.958Z;errorhandler.__handle;  Property: No property value found: align-center [1:1: align-center]
01-02-2024 12:26:34.958Z;errorhandler.__handle;  CSSStyleDeclaration: Syntax Error in Property: align-center
01-02-2024 12:26:34.959Z;errorhandler.__handle;  Property: Unknown Property name. [1:14: -ms-interpolation-mode]
