19-03-2024 08:38:31.997Z;functions.bot_text_art;      ____   
19-03-2024 08:38:31.997Z;functions.bot_text_art;     [____]    
19-03-2024 08:38:31.997Z;functions.bot_text_art;   |=]()()[=|  
19-03-2024 08:38:32.013Z;functions.bot_text_art;     _\==/__    _____    ____     _        _____    ___   _  __
19-03-2024 08:38:32.013Z;functions.bot_text_art;   |__|   |_|  |  _  \  / ___|   | |      |_   _| / ___| | |/ /
19-03-2024 08:38:32.013Z;functions.bot_text_art;   |_|_/\_|_|  | |  | | | |      | |        | |   | |    | ' / 
19-03-2024 08:38:32.013Z;functions.bot_text_art;   | | __ | |  | |  | | | |      | |        | |   | |    |  <  
19-03-2024 08:38:32.013Z;functions.bot_text_art;   |_|[  ]|_|  | |__| | | |____  | |____   _| |_  | |__  | . \ 
19-03-2024 08:38:32.013Z;functions.bot_text_art;   \_|_||_|_/  |_____/   \_____| |______| |_____| \ ___| |_|\_\
19-03-2024 08:38:32.013Z;functions.bot_text_art;     |_||_|                                                     
19-03-2024 08:38:32.013Z;functions.bot_text_art;     | ||_|_   
19-03-2024 08:38:32.013Z;functions.bot_text_art;   |___||___|  
19-03-2024 08:38:32.013Z;functions.bot_text_art;               
19-03-2024 08:38:32.746Z;functions.open_RM;  OPEN PROGRAM RM
19-03-2024 08:39:10.888Z;functions.loggin_RM;  ENTRAR USER_NAME
19-03-2024 08:39:14.342Z;functions.loggin_RM;  ENTRAR PASSWORD
19-03-2024 08:39:15.591Z;functions.loggin_RM;  ENTRAR RM
19-03-2024 08:42:05.935Z;functions.enter_coligada;  CLICK CONTEXTO
19-03-2024 08:42:12.340Z;functions.enter_coligada;  CLICK ALTERAR MODULO DO CONTEXTO
19-03-2024 08:42:22.849Z;functions.enter_coligada;  INSERE O COLIGADA CODE = 1
19-03-2024 08:42:22.971Z;functions.enter_coligada;  APERTA TAB PARA PREENCHER O CAMPO COM A STRING: OCEANICA ENGENHARIA E CONSULTORIA S.A.
19-03-2024 08:42:30.575Z;functions.enter_coligada;  CLICK AVANÇAR NOVAMENTE
19-03-2024 08:42:36.482Z;functions.enter_coligada;  CLICK CONCLUIR
19-03-2024 08:42:58.138Z;functions.enter_coligada;  POP UP COLIGADA DESAPARECER
19-03-2024 08:43:03.638Z;functions.check_movimentacao_bancaria;  CLICK - TOTVS - LINHA RM
19-03-2024 08:43:07.763Z;functions.check_movimentacao_bancaria;  CLICK - BACK OFFICE
19-03-2024 08:43:10.575Z;functions.check_movimentacao_bancaria;  CLICK - GESTAO FINANCEIRA
19-03-2024 08:43:23.967Z;functions.movimentacao_bancaria;  CLICK NA ABA MOVIMENTAÇÃO BANCARIA
19-03-2024 08:43:26.362Z;functions.waitForImage;  IMAGEM BORDERO image found.
19-03-2024 08:43:28.485Z;functions.movimentacao_bancaria;  IMAGEM BORDERO CLICADA.
19-03-2024 08:43:33.872Z;functions.waitForImage;  LICENCAS EXCEDIDAS image found.
19-03-2024 08:43:33.872Z;functions.movimentacao_bancaria;  LICENCAS EXCEDIDAS
19-03-2024 08:43:33.872Z;functions.movimentacao_bancaria;  TENTANDO NOVAMENTE - 1
19-03-2024 08:43:55.340Z;functions.waitForImage;  IMAGEM BORDERO image found.
19-03-2024 08:43:57.472Z;functions.movimentacao_bancaria;  IMAGEM BORDERO CLICADA.
19-03-2024 08:44:00.344Z;functions.waitForImage;  LICENCAS EXCEDIDAS image found.
19-03-2024 08:44:00.344Z;functions.movimentacao_bancaria;  LICENCAS EXCEDIDAS
19-03-2024 08:44:00.360Z;functions.movimentacao_bancaria;  TENTANDO NOVAMENTE - 2
19-03-2024 08:44:21.810Z;functions.waitForImage;  IMAGEM BORDERO image found.
19-03-2024 08:44:23.936Z;functions.movimentacao_bancaria;  IMAGEM BORDERO CLICADA.
19-03-2024 08:44:26.826Z;functions.waitForImage;  LICENCAS EXCEDIDAS image found.
19-03-2024 08:44:26.826Z;functions.movimentacao_bancaria;  LICENCAS EXCEDIDAS
19-03-2024 08:44:26.826Z;functions.movimentacao_bancaria;  TENTANDO NOVAMENTE - 3
19-03-2024 08:44:48.301Z;functions.waitForImage;  IMAGEM BORDERO image found.
19-03-2024 08:44:50.422Z;functions.movimentacao_bancaria;  IMAGEM BORDERO CLICADA.
19-03-2024 08:44:52.484Z;functions.waitForImage;  LICENCAS EXCEDIDAS image found.
19-03-2024 08:44:52.484Z;functions.movimentacao_bancaria;  LICENCAS EXCEDIDAS
19-03-2024 08:44:52.484Z;functions.movimentacao_bancaria;  TENTANDO NOVAMENTE - 4
19-03-2024 08:45:13.950Z;functions.waitForImage;  IMAGEM BORDERO image found.
19-03-2024 08:45:16.080Z;functions.movimentacao_bancaria;  IMAGEM BORDERO CLICADA.
19-03-2024 08:45:18.138Z;functions.waitForImage;  LICENCAS EXCEDIDAS image found.
19-03-2024 08:45:18.138Z;functions.movimentacao_bancaria;  LICENCAS EXCEDIDAS
19-03-2024 08:45:18.138Z;functions.movimentacao_bancaria;  TENTANDO NOVAMENTE - 5
19-03-2024 08:45:39.592Z;functions.waitForImage;  IMAGEM BORDERO image found.
19-03-2024 08:45:41.722Z;functions.movimentacao_bancaria;  IMAGEM BORDERO CLICADA.
19-03-2024 08:45:43.748Z;functions.waitForImage;  LICENCAS EXCEDIDAS image found.
19-03-2024 08:45:43.748Z;functions.movimentacao_bancaria;  LICENCAS EXCEDIDAS
19-03-2024 08:45:43.748Z;functions.movimentacao_bancaria;  TENTANDO NOVAMENTE - 6
19-03-2024 08:46:05.260Z;functions.waitForImage;  IMAGEM BORDERO image found.
19-03-2024 08:46:07.382Z;functions.movimentacao_bancaria;  IMAGEM BORDERO CLICADA.
19-03-2024 08:46:09.407Z;functions.waitForImage;  LICENCAS EXCEDIDAS image found.
19-03-2024 08:46:09.422Z;functions.movimentacao_bancaria;  LICENCAS EXCEDIDAS
19-03-2024 08:46:09.422Z;functions.movimentacao_bancaria;  TENTANDO NOVAMENTE - 7
19-03-2024 08:46:30.903Z;functions.waitForImage;  IMAGEM BORDERO image found.
19-03-2024 08:46:33.035Z;functions.movimentacao_bancaria;  IMAGEM BORDERO CLICADA.
19-03-2024 08:46:35.069Z;functions.waitForImage;  LICENCAS EXCEDIDAS image found.
19-03-2024 08:46:35.069Z;functions.movimentacao_bancaria;  LICENCAS EXCEDIDAS
19-03-2024 08:46:35.069Z;functions.movimentacao_bancaria;  TENTANDO NOVAMENTE - 8
19-03-2024 08:46:56.544Z;functions.waitForImage;  IMAGEM BORDERO image found.
19-03-2024 08:46:58.678Z;functions.movimentacao_bancaria;  IMAGEM BORDERO CLICADA.
19-03-2024 08:47:00.748Z;functions.waitForImage;  LICENCAS EXCEDIDAS image found.
19-03-2024 08:47:00.748Z;functions.movimentacao_bancaria;  LICENCAS EXCEDIDAS
19-03-2024 08:47:00.748Z;functions.movimentacao_bancaria;  TENTANDO NOVAMENTE - 9
19-03-2024 08:47:22.201Z;functions.waitForImage;  IMAGEM BORDERO image found.
19-03-2024 08:47:24.335Z;functions.movimentacao_bancaria;  IMAGEM BORDERO CLICADA.
19-03-2024 08:47:26.373Z;functions.waitForImage;  LICENCAS EXCEDIDAS image found.
19-03-2024 08:47:26.373Z;functions.movimentacao_bancaria;  LICENCAS EXCEDIDAS
19-03-2024 08:47:26.373Z;functions.movimentacao_bancaria;  TENTANDO NOVAMENTE - 10
19-03-2024 08:47:47.857Z;functions.waitForImage;  IMAGEM BORDERO image found.
19-03-2024 08:47:49.976Z;functions.movimentacao_bancaria;  IMAGEM BORDERO CLICADA.
19-03-2024 08:47:52.028Z;functions.waitForImage;  LICENCAS EXCEDIDAS image found.
19-03-2024 08:47:52.028Z;functions.movimentacao_bancaria;  LICENCAS EXCEDIDAS
19-03-2024 08:47:52.028Z;functions.movimentacao_bancaria;  TENTANDO NOVAMENTE - 11
19-03-2024 08:48:13.471Z;functions.waitForImage;  IMAGEM BORDERO image found.
19-03-2024 08:48:15.599Z;functions.movimentacao_bancaria;  IMAGEM BORDERO CLICADA.
19-03-2024 08:48:17.592Z;functions.waitForImage;  LICENCAS EXCEDIDAS image found.
19-03-2024 08:48:17.592Z;functions.movimentacao_bancaria;  LICENCAS EXCEDIDAS
19-03-2024 08:48:17.592Z;functions.movimentacao_bancaria;  TENTANDO NOVAMENTE - 12
19-03-2024 08:48:39.067Z;functions.waitForImage;  IMAGEM BORDERO image found.
19-03-2024 08:48:41.190Z;functions.movimentacao_bancaria;  IMAGEM BORDERO CLICADA.
19-03-2024 08:48:43.275Z;functions.waitForImage;  LICENCAS EXCEDIDAS image found.
19-03-2024 08:48:43.275Z;functions.movimentacao_bancaria;  LICENCAS EXCEDIDAS
19-03-2024 08:48:43.275Z;functions.movimentacao_bancaria;  TENTANDO NOVAMENTE - 13
19-03-2024 08:49:04.732Z;functions.waitForImage;  IMAGEM BORDERO image found.
19-03-2024 08:49:06.860Z;functions.movimentacao_bancaria;  IMAGEM BORDERO CLICADA.
19-03-2024 08:49:08.904Z;functions.waitForImage;  LICENCAS EXCEDIDAS image found.
19-03-2024 08:49:08.904Z;functions.movimentacao_bancaria;  LICENCAS EXCEDIDAS
19-03-2024 08:49:08.904Z;functions.movimentacao_bancaria;  TENTANDO NOVAMENTE - 14
19-03-2024 08:49:30.372Z;functions.waitForImage;  IMAGEM BORDERO image found.
19-03-2024 08:49:32.501Z;functions.movimentacao_bancaria;  IMAGEM BORDERO CLICADA.
19-03-2024 08:49:34.576Z;functions.waitForImage;  LICENCAS EXCEDIDAS image found.
19-03-2024 08:49:34.576Z;functions.movimentacao_bancaria;  LICENCAS EXCEDIDAS
19-03-2024 08:49:34.576Z;functions.movimentacao_bancaria;  TENTANDO NOVAMENTE - 15
19-03-2024 08:49:56.027Z;functions.waitForImage;  IMAGEM BORDERO image found.
19-03-2024 08:49:58.155Z;functions.movimentacao_bancaria;  IMAGEM BORDERO CLICADA.
19-03-2024 08:50:00.260Z;functions.waitForImage;  LICENCAS EXCEDIDAS image found.
19-03-2024 08:50:00.260Z;functions.movimentacao_bancaria;  LICENCAS EXCEDIDAS
19-03-2024 08:50:00.260Z;functions.movimentacao_bancaria;  TENTANDO NOVAMENTE - 16
19-03-2024 08:50:21.717Z;functions.waitForImage;  IMAGEM BORDERO image found.
19-03-2024 08:50:23.843Z;functions.movimentacao_bancaria;  IMAGEM BORDERO CLICADA.
19-03-2024 08:50:25.873Z;functions.waitForImage;  LICENCAS EXCEDIDAS image found.
19-03-2024 08:50:25.873Z;functions.movimentacao_bancaria;  LICENCAS EXCEDIDAS
19-03-2024 08:50:25.873Z;functions.movimentacao_bancaria;  TENTANDO NOVAMENTE - 17
19-03-2024 08:50:47.346Z;functions.waitForImage;  IMAGEM BORDERO image found.
19-03-2024 08:50:49.475Z;functions.movimentacao_bancaria;  IMAGEM BORDERO CLICADA.
19-03-2024 08:50:51.501Z;functions.waitForImage;  LICENCAS EXCEDIDAS image found.
19-03-2024 08:50:51.517Z;functions.movimentacao_bancaria;  LICENCAS EXCEDIDAS
19-03-2024 08:50:51.517Z;functions.movimentacao_bancaria;  TENTANDO NOVAMENTE - 18
19-03-2024 08:51:12.966Z;functions.waitForImage;  IMAGEM BORDERO image found.
19-03-2024 08:51:15.096Z;functions.movimentacao_bancaria;  IMAGEM BORDERO CLICADA.
19-03-2024 08:51:17.983Z;functions.waitForImage;  LICENCAS EXCEDIDAS image found.
19-03-2024 08:51:17.983Z;functions.movimentacao_bancaria;  LICENCAS EXCEDIDAS
19-03-2024 08:51:17.983Z;functions.movimentacao_bancaria;  TENTANDO NOVAMENTE - 19
19-03-2024 08:51:39.451Z;functions.waitForImage;  IMAGEM BORDERO image found.
19-03-2024 08:51:41.583Z;functions.movimentacao_bancaria;  IMAGEM BORDERO CLICADA.
19-03-2024 08:51:43.654Z;functions.waitForImage;  LICENCAS EXCEDIDAS image found.
19-03-2024 08:51:43.654Z;functions.movimentacao_bancaria;  LICENCAS EXCEDIDAS
19-03-2024 08:51:43.654Z;functions.movimentacao_bancaria;  TENTANDO NOVAMENTE - 20
19-03-2024 08:52:05.109Z;functions.waitForImage;  IMAGEM BORDERO image found.
19-03-2024 08:52:07.236Z;functions.movimentacao_bancaria;  IMAGEM BORDERO CLICADA.
19-03-2024 08:52:09.282Z;functions.waitForImage;  LICENCAS EXCEDIDAS image found.
19-03-2024 08:52:09.282Z;functions.movimentacao_bancaria;  LICENCAS EXCEDIDAS
19-03-2024 08:52:09.282Z;functions.movimentacao_bancaria;  TENTANDO NOVAMENTE - 21
19-03-2024 08:52:30.732Z;functions.waitForImage;  IMAGEM BORDERO image found.
19-03-2024 08:52:32.865Z;functions.movimentacao_bancaria;  IMAGEM BORDERO CLICADA.
19-03-2024 08:52:35.732Z;functions.waitForImage;  LICENCAS EXCEDIDAS image found.
19-03-2024 08:52:35.732Z;functions.movimentacao_bancaria;  LICENCAS EXCEDIDAS
19-03-2024 08:52:35.732Z;functions.movimentacao_bancaria;  TENTANDO NOVAMENTE - 22
19-03-2024 08:52:57.191Z;functions.waitForImage;  IMAGEM BORDERO image found.
19-03-2024 08:52:59.318Z;functions.movimentacao_bancaria;  IMAGEM BORDERO CLICADA.
19-03-2024 08:53:01.383Z;functions.waitForImage;  LICENCAS EXCEDIDAS image found.
19-03-2024 08:53:01.383Z;functions.movimentacao_bancaria;  LICENCAS EXCEDIDAS
19-03-2024 08:53:01.383Z;functions.movimentacao_bancaria;  TENTANDO NOVAMENTE - 23
19-03-2024 08:53:22.826Z;functions.waitForImage;  IMAGEM BORDERO image found.
19-03-2024 08:53:24.960Z;functions.movimentacao_bancaria;  IMAGEM BORDERO CLICADA.
19-03-2024 08:53:27.764Z;functions.waitForImage;  LICENCAS EXCEDIDAS image found.
19-03-2024 08:53:27.764Z;functions.movimentacao_bancaria;  LICENCAS EXCEDIDAS
19-03-2024 08:53:27.764Z;functions.movimentacao_bancaria;  TENTANDO NOVAMENTE - 24
19-03-2024 08:53:49.236Z;functions.waitForImage;  IMAGEM BORDERO image found.
19-03-2024 08:53:51.360Z;functions.movimentacao_bancaria;  IMAGEM BORDERO CLICADA.
19-03-2024 08:53:54.175Z;functions.waitForImage;  LICENCAS EXCEDIDAS image found.
19-03-2024 08:53:54.175Z;functions.movimentacao_bancaria;  LICENCAS EXCEDIDAS
19-03-2024 08:53:54.175Z;functions.movimentacao_bancaria;  TENTANDO NOVAMENTE - 25
19-03-2024 08:54:15.654Z;functions.waitForImage;  IMAGEM BORDERO image found.
19-03-2024 08:54:17.781Z;functions.movimentacao_bancaria;  IMAGEM BORDERO CLICADA.
19-03-2024 08:54:38.577Z;functions.waitForImage;  LICENCAS EXCEDIDAS image not found.
19-03-2024 08:54:39.280Z;functions.movimentacao_bancaria;  ENCONTROU O FILTRO DA MOVIMENTAÇÃO BANCÁRIA
19-03-2024 08:54:39.342Z;functions.movimentacao_bancaria;  CLICA NA ABA SUPERIOR DO FILTRO
19-03-2024 08:54:43.554Z;functions.movimentacao_bancaria;  SELECIONA O FILTRO HOJE
19-03-2024 08:54:50.576Z;functions.waitForImage;  FILTER CLEAN image found.
19-03-2024 08:54:52.701Z;functions.filter_clean;  CLICK NO BOTÃO X DO LIMPA FILTRO
19-03-2024 08:54:53.042Z;functions.waitForImage;  FILTER CLEAN image found.
19-03-2024 08:54:55.166Z;functions.filter_clean;  CLICK NO BOTÃO X DO LIMPA FILTRO
19-03-2024 08:55:10.356Z;functions.waitForImage;  FILTER CLEAN image not found.
19-03-2024 08:55:30.451Z;functions.movimentacao_bancaria;  SEM PROCESSAMENTO DE BORDERO
19-03-2024 08:55:50.638Z;functions.waitForImage;  FILTER CLEAN image not found.
19-03-2024 08:56:05.765Z;functions.waitForImage;  FILTER CLEAN image not found.
19-03-2024 08:56:20.906Z;functions.waitForImage;  FILTER CLEAN image not found.
19-03-2024 08:56:56.702Z;functions.remessa_pagamento;  SEM REMESSA DE BORDERO AUTORIZADO
19-03-2024 08:56:57.576Z;functions.enter_contas_a_pagar;  CLICK - TOTVS - LINHA RM
19-03-2024 08:56:59.185Z;functions.enter_contas_a_pagar;  CLICK - BACK OFFICE
19-03-2024 08:57:01.997Z;functions.enter_contas_a_pagar;  CLICK - GESTAO FINANCEIRA
19-03-2024 08:57:10.247Z;functions.enter_contas_a_pagar;  CLICK - CONTAS A PAGAR
19-03-2024 08:57:11.428Z;functions.waitForImage;  LANÇAMENTOS image found.
19-03-2024 08:57:13.551Z;functions.enter_contas_a_pagar;  CLICA EM LANÇAMENTOS
19-03-2024 08:57:28.625Z;functions.waitForImage;  LICENCAS EXCEDIDAS image not found.
19-03-2024 08:57:28.640Z;functions.obter_intervalo_data;  VERIFICANDO A HORA ATUAL 8
19-03-2024 08:57:28.656Z;functions.obter_intervalo_data;  Data Inicial FERIAS/RESCISAO antes da remoção: None
19-03-2024 08:57:28.656Z;functions.obter_intervalo_data;  Data Final FERIAS/RESCISAO antes da remoção: None
19-03-2024 08:57:28.656Z;functions.obter_intervalo_data;  Data Inicial FERIAS/RESCISAO após a remoção: None
19-03-2024 08:57:28.656Z;functions.obter_intervalo_data;  Data Final FERIAS/RESCISAO após a remoção: None
19-03-2024 08:57:28.656Z;functions.obter_intervalo_data;  hoje -  2024-03-19 08:57:28.656298
19-03-2024 08:57:28.656Z;functions.data_filter;  DATA INICIO 20-03-2024
19-03-2024 08:57:28.656Z;functions.data_filter;  DATA FIM 26-03-2024
19-03-2024 08:57:28.656Z;functions.data_filter;  CLICK - SELECIONA A DATA DE QUARTA FEIRA E DA PROXIMA TERÇA
19-03-2024 08:57:28.656Z;functions.data_filter;  QUARTA-FEIRA: 20-03-2024
19-03-2024 08:57:28.656Z;functions.data_filter;  TERCA-FEIRA: 26-03-2024
19-03-2024 08:57:33.012Z;functions.data_filter;  ESCREVE REMESSA BANCÁRIA NO FILTRO
19-03-2024 08:57:33.856Z;functions.data_filter;  CLICK - BUTÃO DE SELECAO DE FILTRO
19-03-2024 08:57:38.388Z;functions.data_filter;  INSERE - DATA DE QUARTA-FEIRA: 20-03-2024
19-03-2024 08:57:42.450Z;functions.data_filter;  INSERE - DATA DA PROX TERCA-FEIRA: 26-03-2024
19-03-2024 08:57:43.387Z;functions.data_filter;  CLICK - BUTÃO DE EXECUTAR O FILTRO
19-03-2024 08:57:50.091Z;functions.desmark_filter;  CLICK CHECKBOX LANÇAMENTOS A RECEBER
19-03-2024 08:57:51.904Z;functions.desmark_filter;  CLICK CHECKBOX LANÇAMENTOS BAIXADOS
19-03-2024 08:57:53.919Z;functions.desmark_filter;  CLICK CHECKBOX LANÇAMENTOS CANCELADOS
19-03-2024 08:57:56.091Z;functions.desmark_filter;  CLICK CHECKBOX LANÇAMENTOS FATURADOS
19-03-2024 08:57:58.340Z;functions.desmark_filter;  ATUALIZA O FILTRO
19-03-2024 08:57:58.700Z;functions.waitForImage;  FILTER CLEAN image found.
19-03-2024 08:58:00.886Z;functions.filter_clean;  CLICK NO BOTÃO X DO LIMPA FILTRO
19-03-2024 08:58:16.502Z;functions.waitForImage;  FILTER CLEAN image not found.
19-03-2024 08:58:31.622Z;functions.waitForImage;  FILTER CLEAN image not found.
19-03-2024 08:58:34.074Z;functions.tabela_vazia;  Texto extraido 0/0
19-03-2024 08:58:34.074Z;functions.tabela_vazia;  Count 0
19-03-2024 08:58:34.074Z;functions.tabela_vazia;  Type <class 'int'>
19-03-2024 08:58:36.084Z;functions.tabela_vazia;  SEM REMESSA DE FÉRIAS/RESCISÃO
19-03-2024 08:58:38.085Z;main.<module>;  SEM REMESSA DE FÉRIAS/RESCISÃO
19-03-2024 08:58:40.918Z;errorhandler.__handle;  Property: Unknown Property name. [1:203: -ms-interpolation-mode]
19-03-2024 08:58:40.965Z;errorhandler.__handle;  Property: Unknown Property name. [1:353: -webkit-font-smoothing]
19-03-2024 08:58:40.981Z;errorhandler.__handle;  Property: Unknown Property name. [1:483: -ms-text-size-adjust]
19-03-2024 08:58:40.981Z;errorhandler.__handle;  Property: Unknown Property name. [1:518: -webkit-text-size-adjust]
19-03-2024 08:58:40.981Z;errorhandler.__handle;  Property: Unknown Property name. [1:612: mso-table-lspace]
19-03-2024 08:58:40.981Z;errorhandler.__handle;  Property: Unknown Property name. [1:642: mso-table-rspace]
19-03-2024 08:58:41.215Z;errorhandler.__handle;  Property: Unknown Property name. [1:4734: mso-hide]
19-03-2024 08:58:41.325Z;errorhandler.__handle;  Property: Unknown Property name. [1:13: -ms-interpolation-mode]
19-03-2024 08:58:41.325Z;errorhandler.__handle;  Property: Unknown Property name. [1:49: -webkit-font-smoothing]
19-03-2024 08:58:41.325Z;errorhandler.__handle;  Property: Unknown Property name. [1:134: -ms-text-size-adjust]
19-03-2024 08:58:41.325Z;errorhandler.__handle;  Property: Unknown Property name. [1:160: -webkit-text-size-adjust]
19-03-2024 08:58:41.340Z;errorhandler.__handle;  Property: Unknown Property name. [1:26: mso-table-lspace]
19-03-2024 08:58:41.340Z;errorhandler.__handle;  Property: Unknown Property name. [1:45: mso-table-rspace]
19-03-2024 08:58:41.371Z;errorhandler.__handle;  Property: Unknown Property name. [1:92: mso-hide]
19-03-2024 08:58:41.387Z;errorhandler.__handle;  Property: No ":" after name found: align-center [1:1: align-center]
19-03-2024 08:58:41.387Z;errorhandler.__handle;  Property: No property value found: align-center [1:1: align-center]
19-03-2024 08:58:41.387Z;errorhandler.__handle;  CSSStyleDeclaration: Syntax Error in Property: align-center
19-03-2024 08:58:41.387Z;errorhandler.__handle;  Property: Unknown Property name. [1:14: -ms-interpolation-mode]
19-03-2024 08:58:43.856Z;functions.emailFinalizado;  Finalizado e-mail sent.
19-03-2024 08:58:44.216Z;functions.encerra_prog;  RM ENCERRADO
