19-03-2024 21:22:28.670Z;functions.bot_text_art;      ____   
19-03-2024 21:22:28.670Z;functions.bot_text_art;     [____]    
19-03-2024 21:22:28.670Z;functions.bot_text_art;   |=]()()[=|  
19-03-2024 21:22:28.670Z;functions.bot_text_art;     _\==/__    _____    ____     _        _____    ___   _  __
19-03-2024 21:22:28.670Z;functions.bot_text_art;   |__|   |_|  |  _  \  / ___|   | |      |_   _| / ___| | |/ /
19-03-2024 21:22:28.670Z;functions.bot_text_art;   |_|_/\_|_|  | |  | | | |      | |        | |   | |    | ' / 
19-03-2024 21:22:28.670Z;functions.bot_text_art;   | | __ | |  | |  | | | |      | |        | |   | |    |  <  
19-03-2024 21:22:28.670Z;functions.bot_text_art;   |_|[  ]|_|  | |__| | | |____  | |____   _| |_  | |__  | . \ 
19-03-2024 21:22:28.670Z;functions.bot_text_art;   \_|_||_|_/  |_____/   \_____| |______| |_____| \ ___| |_|\_\
19-03-2024 21:22:28.670Z;functions.bot_text_art;     |_||_|                                                     
19-03-2024 21:22:28.670Z;functions.bot_text_art;     | ||_|_   
19-03-2024 21:22:28.670Z;functions.bot_text_art;   |___||___|  
19-03-2024 21:22:28.670Z;functions.bot_text_art;               
19-03-2024 21:22:28.686Z;functions.open_RM;  OPEN PROGRAM RM
19-03-2024 21:23:14.516Z;functions.loggin_RM;  ENTRAR USER_NAME
19-03-2024 21:23:18.031Z;functions.loggin_RM;  ENTRAR PASSWORD
19-03-2024 21:23:19.327Z;functions.loggin_RM;  ENTRAR RM
19-03-2024 21:24:29.453Z;functions.enter_coligada;  CLICK CONTEXTO
19-03-2024 21:24:35.001Z;functions.enter_coligada;  CLICK ALTERAR MODULO DO CONTEXTO
19-03-2024 21:24:40.021Z;functions.enter_coligada;  INSERE O COLIGADA CODE = 1
19-03-2024 21:24:40.135Z;functions.enter_coligada;  APERTA TAB PARA PREENCHER O CAMPO COM A STRING: OCEANICA ENGENHARIA E CONSULTORIA S.A.
19-03-2024 21:24:42.421Z;functions.enter_coligada;  CLICK AVANÇAR NOVAMENTE
19-03-2024 21:24:44.187Z;functions.enter_coligada;  CLICK CONCLUIR
19-03-2024 21:25:05.953Z;functions.enter_coligada;  POP UP COLIGADA DESAPARECER
19-03-2024 21:25:09.468Z;functions.check_movimentacao_bancaria;  CLICK - TOTVS - LINHA RM
19-03-2024 21:25:13.700Z;functions.check_movimentacao_bancaria;  CLICK - BACK OFFICE
19-03-2024 21:25:16.594Z;functions.check_movimentacao_bancaria;  CLICK - GESTAO FINANCEIRA
19-03-2024 21:25:27.155Z;functions.movimentacao_bancaria;  CLICK NA ABA MOVIMENTAÇÃO BANCARIA
19-03-2024 21:25:29.682Z;functions.waitForImage;  IMAGEM BORDERO image found.
19-03-2024 21:25:31.801Z;functions.movimentacao_bancaria;  IMAGEM BORDERO CLICADA.
19-03-2024 21:25:52.563Z;functions.waitForImage;  LICENCAS EXCEDIDAS image not found.
19-03-2024 21:25:53.264Z;functions.movimentacao_bancaria;  ENCONTROU O FILTRO DA MOVIMENTAÇÃO BANCÁRIA
19-03-2024 21:25:53.311Z;functions.movimentacao_bancaria;  CLICA NA ABA SUPERIOR DO FILTRO
19-03-2024 21:25:57.532Z;functions.movimentacao_bancaria;  SELECIONA O FILTRO HOJE
19-03-2024 21:26:12.603Z;functions.waitForImage;  FILTER CLEAN image not found.
19-03-2024 21:26:28.373Z;functions.waitForImage;  FILTER CLEAN image not found.
19-03-2024 21:26:44.124Z;functions.waitForImage;  FILTER CLEAN image not found.
19-03-2024 21:26:47.781Z;functions.movimentacao_bancaria;  CLICK NA PRIMEIRA LINHA DA TABELA MOVIMENTAÇÃO BANCÁRIA
19-03-2024 21:26:49.027Z;functions.movimentacao_bancaria;  12 PASSOS PARA DIREITA NA TABELA >>
19-03-2024 21:26:51.046Z;functions.movimentacao_bancaria;  HOVER FILTER
19-03-2024 21:26:51.561Z;functions.movimentacao_bancaria;  CLICK FILTER
19-03-2024 21:26:55.897Z;functions.movimentacao_bancaria;  CLICK NO FILTRO  STATUS DA REMESSA
19-03-2024 21:26:58.001Z;functions.movimentacao_bancaria;  APERTA TAB PARA ESCREVER O FILTRO
19-03-2024 21:27:00.133Z;functions.movimentacao_bancaria;  ESCREVE PENDENTE NO FILTRO
19-03-2024 21:27:02.237Z;functions.movimentacao_bancaria;  APERTA ENTER PARA SELECIONAR OS PENDENTES
19-03-2024 21:27:22.186Z;functions.movimentacao_bancaria;  SEM PROCESSAMENTO DE BORDERO PENDENTE.
19-03-2024 21:27:27.547Z;functions.waitForImage;  FILTER CLEAN image found.
19-03-2024 21:27:29.681Z;functions.filter_clean;  CLICK NO BOTÃO X DO LIMPA FILTRO
19-03-2024 21:27:45.529Z;functions.waitForImage;  FILTER CLEAN image not found.
19-03-2024 21:28:01.379Z;functions.waitForImage;  FILTER CLEAN image not found.
19-03-2024 21:28:03.170Z;functions.remessa_pagamento;  CLICK NA PRIMEIRA LINHA DA TABELA MOVIMENTAÇÃO BANCÁRIA
19-03-2024 21:28:05.248Z;functions.remessa_pagamento;  HOVER FILTER
19-03-2024 21:28:05.729Z;functions.remessa_pagamento;  CLICK FILTER
19-03-2024 21:28:10.065Z;functions.remessa_pagamento;  CLICK NO FILTRO  STATUS DA REMESSA
19-03-2024 21:28:12.168Z;functions.remessa_pagamento;  APERTA TAB PARA ESCREVER O FILTRO
19-03-2024 21:28:14.288Z;functions.remessa_pagamento;  ESCREVE AUTORIZADO NO FILTRO
19-03-2024 21:28:16.391Z;functions.remessa_pagamento;  APERTA ENTER PARA SELECIONAR OS AUTORIZADO
19-03-2024 21:28:36.511Z;functions.remessa_pagamento;  SEM REMESSA DE BORDERO AUTORIZADO
19-03-2024 21:28:37.375Z;functions.enter_contas_a_pagar;  CLICK - TOTVS - LINHA RM
19-03-2024 21:28:39.155Z;functions.enter_contas_a_pagar;  CLICK - BACK OFFICE
19-03-2024 21:28:42.000Z;functions.enter_contas_a_pagar;  CLICK - GESTAO FINANCEIRA
19-03-2024 21:29:11.656Z;functions.enter_contas_a_pagar;  CLICK - CONTAS A PAGAR
19-03-2024 21:29:12.884Z;functions.waitForImage;  LANÇAMENTOS image found.
19-03-2024 21:29:14.993Z;functions.enter_contas_a_pagar;  CLICA EM LANÇAMENTOS
19-03-2024 21:29:30.030Z;functions.waitForImage;  LICENCAS EXCEDIDAS image not found.
19-03-2024 21:29:30.046Z;functions.obter_intervalo_data;  VERIFICANDO A HORA ATUAL 21
19-03-2024 21:29:30.046Z;functions.obter_intervalo_data;  Data Inicial FERIAS/RESCISAO antes da remoção: None
19-03-2024 21:29:30.046Z;functions.obter_intervalo_data;  Data Final FERIAS/RESCISAO antes da remoção: None
19-03-2024 21:29:30.046Z;functions.obter_intervalo_data;  Data Inicial FERIAS/RESCISAO após a remoção: None
19-03-2024 21:29:30.046Z;functions.obter_intervalo_data;  Data Final FERIAS/RESCISAO após a remoção: None
19-03-2024 21:29:30.046Z;functions.obter_intervalo_data;  hoje -  2024-03-19 21:29:30.046508
19-03-2024 21:29:30.046Z;functions.data_filter;  DATA INICIO 27-03-2024
19-03-2024 21:29:30.046Z;functions.data_filter;  DATA FIM 02-04-2024
19-03-2024 21:29:30.046Z;functions.data_filter;  CLICK - SELECIONA A DATA DE QUARTA FEIRA E DA PROXIMA TERÇA
19-03-2024 21:29:30.046Z;functions.data_filter;  QUARTA-FEIRA: 27-03-2024
19-03-2024 21:29:30.046Z;functions.data_filter;  TERCA-FEIRA: 02-04-2024
19-03-2024 21:29:34.218Z;functions.data_filter;  ESCREVE REMESSA BANCÁRIA NO FILTRO
19-03-2024 21:29:35.093Z;functions.data_filter;  CLICK - BUTÃO DE SELECAO DE FILTRO
19-03-2024 21:29:39.750Z;functions.data_filter;  INSERE - DATA DE QUARTA-FEIRA: 27-03-2024
19-03-2024 21:29:43.920Z;functions.data_filter;  INSERE - DATA DA PROX TERCA-FEIRA: 02-04-2024
19-03-2024 21:29:44.704Z;functions.data_filter;  CLICK - BUTÃO DE EXECUTAR O FILTRO
19-03-2024 21:29:55.892Z;functions.desmark_filter;  CLICK CHECKBOX LANÇAMENTOS A RECEBER
19-03-2024 21:29:57.780Z;functions.desmark_filter;  CLICK CHECKBOX LANÇAMENTOS BAIXADOS
19-03-2024 21:29:59.842Z;functions.desmark_filter;  CLICK CHECKBOX LANÇAMENTOS CANCELADOS
19-03-2024 21:30:02.061Z;functions.desmark_filter;  CLICK CHECKBOX LANÇAMENTOS FATURADOS
19-03-2024 21:30:04.326Z;functions.desmark_filter;  ATUALIZA O FILTRO
19-03-2024 21:30:04.781Z;functions.waitForImage;  FILTER CLEAN image found.
19-03-2024 21:30:06.897Z;functions.filter_clean;  CLICK NO BOTÃO X DO LIMPA FILTRO
19-03-2024 21:30:22.392Z;functions.waitForImage;  FILTER CLEAN image not found.
19-03-2024 21:30:37.768Z;functions.waitForImage;  FILTER CLEAN image not found.
19-03-2024 21:30:40.264Z;functions.tabela_vazia;  Texto extraido 0/0
19-03-2024 21:30:40.264Z;functions.tabela_vazia;  Count 0
19-03-2024 21:30:40.264Z;functions.tabela_vazia;  Type <class 'int'>
19-03-2024 21:30:42.274Z;functions.tabela_vazia;  SEM REMESSA DE FÉRIAS/RESCISÃO
19-03-2024 21:30:44.275Z;main.<module>;  SEM REMESSA DE FÉRIAS/RESCISÃO
19-03-2024 21:30:47.546Z;errorhandler.__handle;  Property: Unknown Property name. [1:203: -ms-interpolation-mode]
19-03-2024 21:30:47.577Z;errorhandler.__handle;  Property: Unknown Property name. [1:353: -webkit-font-smoothing]
19-03-2024 21:30:47.593Z;errorhandler.__handle;  Property: Unknown Property name. [1:483: -ms-text-size-adjust]
19-03-2024 21:30:47.593Z;errorhandler.__handle;  Property: Unknown Property name. [1:518: -webkit-text-size-adjust]
19-03-2024 21:30:47.593Z;errorhandler.__handle;  Property: Unknown Property name. [1:612: mso-table-lspace]
19-03-2024 21:30:47.609Z;errorhandler.__handle;  Property: Unknown Property name. [1:642: mso-table-rspace]
19-03-2024 21:30:47.828Z;errorhandler.__handle;  Property: Unknown Property name. [1:4734: mso-hide]
19-03-2024 21:30:47.937Z;errorhandler.__handle;  Property: Unknown Property name. [1:13: -ms-interpolation-mode]
19-03-2024 21:30:47.937Z;errorhandler.__handle;  Property: Unknown Property name. [1:49: -webkit-font-smoothing]
19-03-2024 21:30:47.953Z;errorhandler.__handle;  Property: Unknown Property name. [1:134: -ms-text-size-adjust]
19-03-2024 21:30:47.953Z;errorhandler.__handle;  Property: Unknown Property name. [1:160: -webkit-text-size-adjust]
19-03-2024 21:30:47.953Z;errorhandler.__handle;  Property: Unknown Property name. [1:26: mso-table-lspace]
19-03-2024 21:30:47.953Z;errorhandler.__handle;  Property: Unknown Property name. [1:45: mso-table-rspace]
19-03-2024 21:30:47.984Z;errorhandler.__handle;  Property: Unknown Property name. [1:92: mso-hide]
19-03-2024 21:30:48.000Z;errorhandler.__handle;  Property: No ":" after name found: align-center [1:1: align-center]
19-03-2024 21:30:48.000Z;errorhandler.__handle;  Property: No property value found: align-center [1:1: align-center]
19-03-2024 21:30:48.000Z;errorhandler.__handle;  CSSStyleDeclaration: Syntax Error in Property: align-center
19-03-2024 21:30:48.015Z;errorhandler.__handle;  Property: Unknown Property name. [1:14: -ms-interpolation-mode]
19-03-2024 21:30:50.593Z;functions.emailFinalizado;  Finalizado e-mail sent.
19-03-2024 21:30:51.043Z;functions.encerra_prog;  RM ENCERRADO
