18-04-2024 06:00:17.546Z;functions.bot_text_art;      ____   
18-04-2024 06:00:17.546Z;functions.bot_text_art;     [____]    
18-04-2024 06:00:17.546Z;functions.bot_text_art;   |=]()()[=|  
18-04-2024 06:00:17.546Z;functions.bot_text_art;     _\==/__    _____    ____     _        _____    ___   _  __
18-04-2024 06:00:17.546Z;functions.bot_text_art;   |__|   |_|  |  _  \  / ___|   | |      |_   _| / ___| | |/ /
18-04-2024 06:00:17.546Z;functions.bot_text_art;   |_|_/\_|_|  | |  | | | |      | |        | |   | |    | ' / 
18-04-2024 06:00:17.546Z;functions.bot_text_art;   | | __ | |  | |  | | | |      | |        | |   | |    |  <  
18-04-2024 06:00:17.546Z;functions.bot_text_art;   |_|[  ]|_|  | |__| | | |____  | |____   _| |_  | |__  | . \ 
18-04-2024 06:00:17.546Z;functions.bot_text_art;   \_|_||_|_/  |_____/   \_____| |______| |_____| \ ___| |_|\_\
18-04-2024 06:00:17.546Z;functions.bot_text_art;     |_||_|                                                     
18-04-2024 06:00:17.546Z;functions.bot_text_art;     | ||_|_   
18-04-2024 06:00:17.546Z;functions.bot_text_art;   |___||___|  
18-04-2024 06:00:17.546Z;functions.bot_text_art;               
18-04-2024 06:00:17.562Z;functions.open_RM;  OPEN PROGRAM RM
18-04-2024 06:02:55.438Z;functions.loggin_RM;  ENTRAR USER_NAME
18-04-2024 06:02:58.231Z;functions.loggin_RM;  ENTRAR PASSWORD
18-04-2024 06:02:58.889Z;functions.loggin_RM;  ENTRAR RM
18-04-2024 06:03:18.527Z;functions.enter_coligada;  CLICK CONTEXTO
18-04-2024 06:03:22.501Z;functions.enter_coligada;  CLICK ALTERAR MODULO DO CONTEXTO
18-04-2024 06:03:24.460Z;functions.enter_coligada;  INSERE O COLIGADA CODE = 1
18-04-2024 06:03:24.562Z;functions.enter_coligada;  APERTA TAB PARA PREENCHER O CAMPO COM A STRING: OCEANICA ENGENHARIA E CONSULTORIA S.A.
18-04-2024 06:03:25.397Z;functions.enter_coligada;  CLICK AVANÇAR NOVAMENTE
18-04-2024 06:03:26.156Z;functions.enter_coligada;  CLICK CONCLUIR
18-04-2024 06:03:35.094Z;functions.enter_coligada;  POP UP COLIGADA DESAPARECER
18-04-2024 06:03:35.672Z;functions.check_movimentacao_bancaria;  CLICK - TOTVS - LINHA RM
18-04-2024 06:03:36.702Z;functions.check_movimentacao_bancaria;  CLICK - BACK OFFICE
18-04-2024 06:03:39.000Z;functions.check_movimentacao_bancaria;  CLICK - GESTAO FINANCEIRA
18-04-2024 06:03:41.218Z;functions.movimentacao_bancaria;  CLICK NA ABA MOVIMENTAÇÃO BANCARIA
18-04-2024 06:03:43.345Z;functions.waitForImage;  IMAGEM BORDERO image found.
18-04-2024 06:03:45.472Z;functions.movimentacao_bancaria;  IMAGEM BORDERO CLICADA.
18-04-2024 06:03:55.765Z;functions.waitForImage;  LICENCAS EXCEDIDAS image not found.
18-04-2024 06:03:56.312Z;functions.movimentacao_bancaria;  ENCONTROU O FILTRO DA MOVIMENTAÇÃO BANCÁRIA
18-04-2024 06:03:56.328Z;functions.movimentacao_bancaria;  CLICA NA ABA SUPERIOR DO FILTRO
18-04-2024 06:04:00.532Z;functions.movimentacao_bancaria;  SELECIONA O FILTRO HOJE
18-04-2024 06:04:02.516Z;functions.waitForImage;  FILTER CLEAN image found.
18-04-2024 06:04:04.641Z;functions.filter_clean;  CLICK NO BOTÃO X DO LIMPA FILTRO
18-04-2024 06:04:20.107Z;functions.waitForImage;  FILTER CLEAN image not found.
18-04-2024 06:04:35.571Z;functions.waitForImage;  FILTER CLEAN image not found.
18-04-2024 06:04:38.314Z;functions.movimentacao_bancaria;  CLICK NA PRIMEIRA LINHA DA TABELA MOVIMENTAÇÃO BANCÁRIA
18-04-2024 06:04:39.525Z;functions.movimentacao_bancaria;  12 PASSOS PARA DIREITA NA TABELA >>
18-04-2024 06:04:40.767Z;functions.movimentacao_bancaria;  HOVER FILTER
18-04-2024 06:04:41.090Z;functions.movimentacao_bancaria;  CLICK FILTER
18-04-2024 06:04:45.399Z;functions.movimentacao_bancaria;  CLICK NO FILTRO  STATUS DA REMESSA
18-04-2024 06:04:47.500Z;functions.movimentacao_bancaria;  APERTA TAB PARA ESCREVER O FILTRO
18-04-2024 06:04:49.605Z;functions.movimentacao_bancaria;  ESCREVE PENDENTE NO FILTRO
18-04-2024 06:04:51.706Z;functions.movimentacao_bancaria;  APERTA ENTER PARA SELECIONAR OS PENDENTES
18-04-2024 06:05:09.550Z;functions.movimentacao_bancaria;  SEM PROCESSAMENTO DE BORDERO PENDENTE.
18-04-2024 06:05:14.659Z;functions.waitForImage;  FILTER CLEAN image found.
18-04-2024 06:05:16.783Z;functions.filter_clean;  CLICK NO BOTÃO X DO LIMPA FILTRO
18-04-2024 06:05:32.277Z;functions.waitForImage;  FILTER CLEAN image not found.
18-04-2024 06:05:47.723Z;functions.waitForImage;  FILTER CLEAN image not found.
18-04-2024 06:05:48.769Z;functions.remessa_pagamento;  CLICK NA PRIMEIRA LINHA DA TABELA MOVIMENTAÇÃO BANCÁRIA
18-04-2024 06:05:49.988Z;functions.remessa_pagamento;  HOVER FILTER
18-04-2024 06:05:50.265Z;functions.remessa_pagamento;  CLICK FILTER
18-04-2024 06:05:54.577Z;functions.remessa_pagamento;  CLICK NO FILTRO  STATUS DA REMESSA
18-04-2024 06:05:56.678Z;functions.remessa_pagamento;  APERTA TAB PARA ESCREVER O FILTRO
18-04-2024 06:05:58.784Z;functions.remessa_pagamento;  ESCREVE AUTORIZADO NO FILTRO
18-04-2024 06:06:00.886Z;functions.remessa_pagamento;  APERTA ENTER PARA SELECIONAR OS AUTORIZADO
18-04-2024 06:06:18.771Z;functions.remessa_pagamento;  SEM REMESSA DE BORDERO AUTORIZADO
18-04-2024 06:06:19.349Z;functions.enter_contas_a_pagar;  CLICK - TOTVS - LINHA RM
18-04-2024 06:06:20.273Z;functions.enter_contas_a_pagar;  CLICK - BACK OFFICE
18-04-2024 06:06:20.942Z;functions.enter_contas_a_pagar;  CLICK - GESTAO FINANCEIRA
18-04-2024 06:06:26.115Z;functions.enter_contas_a_pagar;  CLICK - CONTAS A PAGAR
18-04-2024 06:06:26.219Z;functions.waitForImage;  LANÇAMENTOS image found.
18-04-2024 06:06:28.350Z;functions.enter_contas_a_pagar;  CLICA EM LANÇAMENTOS
18-04-2024 06:06:43.605Z;functions.waitForImage;  LICENCAS EXCEDIDAS image not found.
18-04-2024 06:06:43.606Z;functions.obter_intervalo_data;  VERIFICANDO A HORA ATUAL 6
18-04-2024 06:06:43.608Z;functions.obter_intervalo_data;  Data Inicial FERIAS/RESCISAO antes da remoção: None
18-04-2024 06:06:43.608Z;functions.obter_intervalo_data;  Data Final FERIAS/RESCISAO antes da remoção: None
18-04-2024 06:06:43.608Z;functions.obter_intervalo_data;  Data Inicial FERIAS/RESCISAO após a remoção: None
18-04-2024 06:06:43.608Z;functions.obter_intervalo_data;  Data Final FERIAS/RESCISAO após a remoção: None
18-04-2024 06:06:43.609Z;functions.obter_intervalo_data;  hoje -  2024-04-18 06:06:43.609657
18-04-2024 06:06:43.609Z;functions.data_filter;  DATA INICIO 24-04-2024
18-04-2024 06:06:43.609Z;functions.data_filter;  DATA FIM 30-04-2024
18-04-2024 06:06:43.609Z;functions.data_filter;  CLICK - SELECIONA A DATA DE QUARTA FEIRA E DA PROXIMA TERÇA
18-04-2024 06:06:43.609Z;functions.data_filter;  QUARTA-FEIRA: 24-04-2024
18-04-2024 06:06:43.609Z;functions.data_filter;  TERCA-FEIRA: 30-04-2024
18-04-2024 06:06:55.788Z;functions.data_filter;  CLICK - BUTÃO DE SELECAO DE FILTRO
18-04-2024 06:06:59.517Z;functions.data_filter;  INSERE - DATA DE QUARTA-FEIRA: 24-04-2024
18-04-2024 06:07:02.960Z;functions.data_filter;  INSERE - DATA DA PROX TERCA-FEIRA: 30-04-2024
18-04-2024 06:07:03.569Z;functions.data_filter;  CLICK - BUTÃO DE EXECUTAR O FILTRO
18-04-2024 06:07:09.335Z;functions.desmark_filter;  CLICK CHECKBOX LANÇAMENTOS A RECEBER
18-04-2024 06:07:10.116Z;functions.desmark_filter;  CLICK CHECKBOX LANÇAMENTOS BAIXADOS
18-04-2024 06:07:10.945Z;functions.desmark_filter;  CLICK CHECKBOX LANÇAMENTOS CANCELADOS
18-04-2024 06:07:11.805Z;functions.desmark_filter;  CLICK CHECKBOX LANÇAMENTOS FATURADOS
18-04-2024 06:07:12.664Z;functions.desmark_filter;  ATUALIZA O FILTRO
18-04-2024 06:07:12.804Z;functions.waitForImage;  FILTER CLEAN image found.
18-04-2024 06:07:14.922Z;functions.filter_clean;  CLICK NO BOTÃO X DO LIMPA FILTRO
18-04-2024 06:07:30.365Z;functions.waitForImage;  FILTER CLEAN image not found.
18-04-2024 06:07:45.884Z;functions.waitForImage;  FILTER CLEAN image not found.
18-04-2024 06:07:46.790Z;functions.tabela_vazia;  Texto extraido 0/0
18-04-2024 06:07:46.790Z;functions.tabela_vazia;  Count 0
18-04-2024 06:07:46.790Z;functions.tabela_vazia;  Type <class 'int'>
18-04-2024 06:07:48.803Z;functions.tabela_vazia;  SEM REMESSA DE FÉRIAS/RESCISÃO
18-04-2024 06:07:50.804Z;main.<module>;  SEM REMESSA DE FÉRIAS/RESCISÃO
18-04-2024 06:07:52.977Z;errorhandler.__handle;  Property: Unknown Property name. [1:203: -ms-interpolation-mode]
18-04-2024 06:07:52.977Z;errorhandler.__handle;  Property: Unknown Property name. [1:353: -webkit-font-smoothing]
18-04-2024 06:07:52.977Z;errorhandler.__handle;  Property: Unknown Property name. [1:483: -ms-text-size-adjust]
18-04-2024 06:07:52.993Z;errorhandler.__handle;  Property: Unknown Property name. [1:518: -webkit-text-size-adjust]
18-04-2024 06:07:52.993Z;errorhandler.__handle;  Property: Unknown Property name. [1:612: mso-table-lspace]
18-04-2024 06:07:52.993Z;errorhandler.__handle;  Property: Unknown Property name. [1:642: mso-table-rspace]
18-04-2024 06:07:53.040Z;errorhandler.__handle;  Property: Unknown Property name. [1:4734: mso-hide]
18-04-2024 06:07:53.055Z;errorhandler.__handle;  Property: Unknown Property name. [1:13: -ms-interpolation-mode]
18-04-2024 06:07:53.055Z;errorhandler.__handle;  Property: Unknown Property name. [1:49: -webkit-font-smoothing]
18-04-2024 06:07:53.055Z;errorhandler.__handle;  Property: Unknown Property name. [1:134: -ms-text-size-adjust]
18-04-2024 06:07:53.055Z;errorhandler.__handle;  Property: Unknown Property name. [1:160: -webkit-text-size-adjust]
18-04-2024 06:07:53.055Z;errorhandler.__handle;  Property: Unknown Property name. [1:26: mso-table-lspace]
18-04-2024 06:07:53.055Z;errorhandler.__handle;  Property: Unknown Property name. [1:45: mso-table-rspace]
18-04-2024 06:07:53.071Z;errorhandler.__handle;  Property: Unknown Property name. [1:92: mso-hide]
18-04-2024 06:07:53.071Z;errorhandler.__handle;  Property: No ":" after name found: align-center [1:1: align-center]
18-04-2024 06:07:53.071Z;errorhandler.__handle;  Property: No property value found: align-center [1:1: align-center]
18-04-2024 06:07:53.071Z;errorhandler.__handle;  CSSStyleDeclaration: Syntax Error in Property: align-center
18-04-2024 06:07:53.071Z;errorhandler.__handle;  Property: Unknown Property name. [1:14: -ms-interpolation-mode]
18-04-2024 06:07:55.414Z;functions.emailFinalizado;  Finalizado e-mail sent.
18-04-2024 06:07:55.498Z;functions.encerra_prog;  RM ENCERRADO
