30-05-2024 20:00:40.204Z;functions.bot_text_art;      ____   
30-05-2024 20:00:40.204Z;functions.bot_text_art;     [____]    
30-05-2024 20:00:40.204Z;functions.bot_text_art;   |=]()()[=|  
30-05-2024 20:00:40.204Z;functions.bot_text_art;     _\==/__    _____    ____     _        _____    ___   _  __
30-05-2024 20:00:40.204Z;functions.bot_text_art;   |__|   |_|  |  _  \  / ___|   | |      |_   _| / ___| | |/ /
30-05-2024 20:00:40.204Z;functions.bot_text_art;   |_|_/\_|_|  | |  | | | |      | |        | |   | |    | ' / 
30-05-2024 20:00:40.204Z;functions.bot_text_art;   | | __ | |  | |  | | | |      | |        | |   | |    |  <  
30-05-2024 20:00:40.204Z;functions.bot_text_art;   |_|[  ]|_|  | |__| | | |____  | |____   _| |_  | |__  | . \ 
30-05-2024 20:00:40.220Z;functions.bot_text_art;   \_|_||_|_/  |_____/   \_____| |______| |_____| \ ___| |_|\_\
30-05-2024 20:00:40.220Z;functions.bot_text_art;     |_||_|                                                     
30-05-2024 20:00:40.220Z;functions.bot_text_art;     | ||_|_   
30-05-2024 20:00:40.220Z;functions.bot_text_art;   |___||___|  
30-05-2024 20:00:40.220Z;functions.bot_text_art;               
30-05-2024 20:00:40.626Z;functions.open_RM;  OPEN PROGRAM RM
30-05-2024 20:01:04.001Z;functions.loggin_RM;  ENTRAR USER_NAME
30-05-2024 20:01:08.174Z;functions.loggin_RM;  ENTRAR PASSWORD
30-05-2024 20:01:10.079Z;functions.loggin_RM;  ENTRAR RM
30-05-2024 20:02:05.937Z;functions.enter_coligada;  CLICK CONTEXTO
30-05-2024 20:02:11.360Z;functions.enter_coligada;  CLICK ALTERAR MODULO DO CONTEXTO
30-05-2024 20:02:15.658Z;functions.enter_coligada;  INSERE O COLIGADA CODE = 1
30-05-2024 20:02:15.802Z;functions.enter_coligada;  APERTA TAB PARA PREENCHER O CAMPO COM A STRING: OCEANICA ENGENHARIA E CONSULTORIA S.A.
30-05-2024 20:02:18.078Z;functions.enter_coligada;  CLICK AVANÇAR NOVAMENTE
30-05-2024 20:02:19.609Z;functions.enter_coligada;  CLICK CONCLUIR
30-05-2024 20:02:37.329Z;functions.enter_coligada;  POP UP COLIGADA DESAPARECER
30-05-2024 20:02:38.456Z;functions.check_movimentacao_bancaria;  CLICK - TOTVS - LINHA RM
30-05-2024 20:02:40.406Z;functions.check_movimentacao_bancaria;  CLICK - BACK OFFICE
30-05-2024 20:02:41.500Z;functions.check_movimentacao_bancaria;  CLICK - GESTAO FINANCEIRA
30-05-2024 20:02:47.642Z;functions.movimentacao_bancaria;  CLICK NA ABA MOVIMENTAÇÃO BANCARIA
30-05-2024 20:02:50.067Z;functions.waitForImage;  IMAGEM BORDERO image found.
30-05-2024 20:02:52.187Z;functions.movimentacao_bancaria;  IMAGEM BORDERO CLICADA.
30-05-2024 20:03:02.949Z;functions.waitForImage;  LICENCAS EXCEDIDAS image not found.
30-05-2024 20:03:03.765Z;functions.movimentacao_bancaria;  ENCONTROU O FILTRO DA MOVIMENTAÇÃO BANCÁRIA
30-05-2024 20:03:03.828Z;functions.movimentacao_bancaria;  CLICA NA ABA SUPERIOR DO FILTRO
30-05-2024 20:03:08.041Z;functions.movimentacao_bancaria;  SELECIONA O FILTRO HOJE
30-05-2024 20:03:13.230Z;functions.waitForImage;  FILTER CLEAN image found.
30-05-2024 20:03:15.359Z;functions.filter_clean;  CLICK NO BOTÃO X DO LIMPA FILTRO
30-05-2024 20:03:15.688Z;functions.waitForImage;  FILTER CLEAN image found.
30-05-2024 20:03:17.808Z;functions.filter_clean;  CLICK NO BOTÃO X DO LIMPA FILTRO
30-05-2024 20:03:33.067Z;functions.waitForImage;  FILTER CLEAN image not found.
30-05-2024 20:03:37.234Z;functions.movimentacao_bancaria;  CLICK NA PRIMEIRA LINHA DA TABELA MOVIMENTAÇÃO BANCÁRIA
30-05-2024 20:03:38.461Z;functions.movimentacao_bancaria;  12 PASSOS PARA DIREITA NA TABELA >>
30-05-2024 20:03:41.110Z;functions.movimentacao_bancaria;  HOVER FILTER
30-05-2024 20:03:41.980Z;functions.movimentacao_bancaria;  CLICK FILTER
30-05-2024 20:03:46.308Z;functions.movimentacao_bancaria;  CLICK NO FILTRO  STATUS DA REMESSA
30-05-2024 20:03:48.411Z;functions.movimentacao_bancaria;  APERTA TAB PARA ESCREVER O FILTRO
30-05-2024 20:03:50.525Z;functions.movimentacao_bancaria;  ESCREVE PENDENTE NO FILTRO
30-05-2024 20:03:52.629Z;functions.movimentacao_bancaria;  APERTA ENTER PARA SELECIONAR OS PENDENTES
30-05-2024 20:04:11.210Z;functions.movimentacao_bancaria;  SEM PROCESSAMENTO DE BORDERO PENDENTE.
30-05-2024 20:04:16.533Z;functions.waitForImage;  FILTER CLEAN image found.
30-05-2024 20:04:18.667Z;functions.filter_clean;  CLICK NO BOTÃO X DO LIMPA FILTRO
30-05-2024 20:04:33.876Z;functions.waitForImage;  FILTER CLEAN image not found.
30-05-2024 20:04:49.119Z;functions.waitForImage;  FILTER CLEAN image not found.
30-05-2024 20:04:51.500Z;functions.remessa_pagamento;  CLICK NA PRIMEIRA LINHA DA TABELA MOVIMENTAÇÃO BANCÁRIA
30-05-2024 20:04:54.110Z;functions.remessa_pagamento;  HOVER FILTER
30-05-2024 20:04:54.780Z;functions.remessa_pagamento;  CLICK FILTER
30-05-2024 20:04:59.111Z;functions.remessa_pagamento;  CLICK NO FILTRO  STATUS DA REMESSA
30-05-2024 20:05:01.214Z;functions.remessa_pagamento;  APERTA TAB PARA ESCREVER O FILTRO
30-05-2024 20:05:03.330Z;functions.remessa_pagamento;  ESCREVE AUTORIZADO NO FILTRO
30-05-2024 20:05:05.434Z;functions.remessa_pagamento;  APERTA ENTER PARA SELECIONAR OS AUTORIZADO
30-05-2024 20:05:24.157Z;functions.remessa_pagamento;  SEM REMESSA DE BORDERO AUTORIZADO
30-05-2024 20:05:25.299Z;functions.enter_contas_a_pagar;  CLICK - TOTVS - LINHA RM
30-05-2024 20:05:26.875Z;functions.enter_contas_a_pagar;  CLICK - BACK OFFICE
30-05-2024 20:05:27.970Z;functions.enter_contas_a_pagar;  CLICK - GESTAO FINANCEIRA
30-05-2024 20:05:34.093Z;functions.enter_contas_a_pagar;  CLICK - CONTAS A PAGAR
30-05-2024 20:05:35.259Z;functions.waitForImage;  LANÇAMENTOS image found.
30-05-2024 20:05:37.387Z;functions.enter_contas_a_pagar;  CLICA EM LANÇAMENTOS
30-05-2024 20:05:52.790Z;functions.waitForImage;  LICENCAS EXCEDIDAS image not found.
30-05-2024 20:05:52.790Z;functions.obter_intervalo_data;  VERIFICANDO A HORA ATUAL 20
30-05-2024 20:05:52.805Z;functions.obter_intervalo_data;  Data Inicial FERIAS/RESCISAO antes da remoção: None
30-05-2024 20:05:52.805Z;functions.obter_intervalo_data;  Data Final FERIAS/RESCISAO antes da remoção: None
30-05-2024 20:05:52.821Z;functions.obter_intervalo_data;  Data Inicial FERIAS/RESCISAO após a remoção: None
30-05-2024 20:05:52.821Z;functions.obter_intervalo_data;  Data Final FERIAS/RESCISAO após a remoção: None
30-05-2024 20:05:52.821Z;functions.obter_intervalo_data;  hoje -  2024-05-30 20:05:52.821403
30-05-2024 20:05:52.821Z;functions.data_filter;  DATA INICIO 05-06-2024
30-05-2024 20:05:52.821Z;functions.data_filter;  DATA FIM 11-06-2024
30-05-2024 20:05:52.821Z;functions.data_filter;  CLICK - SELECIONA A DATA DE QUARTA FEIRA E DA PROXIMA TERÇA
30-05-2024 20:05:52.821Z;functions.data_filter;  QUARTA-FEIRA: 05-06-2024
30-05-2024 20:05:52.821Z;functions.data_filter;  TERCA-FEIRA: 11-06-2024
30-05-2024 20:06:07.000Z;functions.data_filter;  CLICK - BUTÃO DE SELECAO DE FILTRO
30-05-2024 20:06:11.953Z;functions.data_filter;  INSERE - DATA DE QUARTA-FEIRA: 05-06-2024
30-05-2024 20:06:16.736Z;functions.data_filter;  INSERE - DATA DA PROX TERCA-FEIRA: 11-06-2024
30-05-2024 20:06:18.062Z;functions.data_filter;  CLICK - BUTÃO DE EXECUTAR O FILTRO
30-05-2024 20:06:25.735Z;functions.desmark_filter;  CLICK CHECKBOX LANÇAMENTOS A RECEBER
30-05-2024 20:06:28.594Z;functions.desmark_filter;  CLICK CHECKBOX LANÇAMENTOS BAIXADOS
30-05-2024 20:06:31.656Z;functions.desmark_filter;  CLICK CHECKBOX LANÇAMENTOS CANCELADOS
30-05-2024 20:06:34.892Z;functions.desmark_filter;  CLICK CHECKBOX LANÇAMENTOS FATURADOS
30-05-2024 20:06:38.188Z;functions.desmark_filter;  ATUALIZA O FILTRO
30-05-2024 20:06:38.515Z;functions.waitForImage;  FILTER CLEAN image found.
30-05-2024 20:06:40.622Z;functions.filter_clean;  CLICK NO BOTÃO X DO LIMPA FILTRO
30-05-2024 20:06:55.704Z;functions.waitForImage;  FILTER CLEAN image not found.
30-05-2024 20:07:10.852Z;functions.waitForImage;  FILTER CLEAN image not found.
30-05-2024 20:07:14.344Z;functions.tabela_vazia;  Texto extraido 0/0
30-05-2024 20:07:14.344Z;functions.tabela_vazia;  Count 0
30-05-2024 20:07:14.344Z;functions.tabela_vazia;  Type <class 'int'>
30-05-2024 20:07:16.350Z;functions.tabela_vazia;  SEM REMESSA DE FÉRIAS/RESCISÃO
30-05-2024 20:07:18.351Z;main.<module>;  SEM REMESSA DE FÉRIAS/RESCISÃO
30-05-2024 20:07:21.204Z;errorhandler.__handle;  Property: Unknown Property name. [1:203: -ms-interpolation-mode]
30-05-2024 20:07:21.251Z;errorhandler.__handle;  Property: Unknown Property name. [1:353: -webkit-font-smoothing]
30-05-2024 20:07:21.251Z;errorhandler.__handle;  Property: Unknown Property name. [1:483: -ms-text-size-adjust]
30-05-2024 20:07:21.251Z;errorhandler.__handle;  Property: Unknown Property name. [1:518: -webkit-text-size-adjust]
30-05-2024 20:07:21.266Z;errorhandler.__handle;  Property: Unknown Property name. [1:612: mso-table-lspace]
30-05-2024 20:07:21.266Z;errorhandler.__handle;  Property: Unknown Property name. [1:642: mso-table-rspace]
30-05-2024 20:07:21.500Z;errorhandler.__handle;  Property: Unknown Property name. [1:4734: mso-hide]
30-05-2024 20:07:21.610Z;errorhandler.__handle;  Property: Unknown Property name. [1:13: -ms-interpolation-mode]
30-05-2024 20:07:21.625Z;errorhandler.__handle;  Property: Unknown Property name. [1:49: -webkit-font-smoothing]
30-05-2024 20:07:21.625Z;errorhandler.__handle;  Property: Unknown Property name. [1:134: -ms-text-size-adjust]
30-05-2024 20:07:21.625Z;errorhandler.__handle;  Property: Unknown Property name. [1:160: -webkit-text-size-adjust]
30-05-2024 20:07:21.625Z;errorhandler.__handle;  Property: Unknown Property name. [1:26: mso-table-lspace]
30-05-2024 20:07:21.625Z;errorhandler.__handle;  Property: Unknown Property name. [1:45: mso-table-rspace]
30-05-2024 20:07:21.672Z;errorhandler.__handle;  Property: Unknown Property name. [1:92: mso-hide]
30-05-2024 20:07:21.688Z;errorhandler.__handle;  Property: No ":" after name found: align-center [1:1: align-center]
30-05-2024 20:07:21.688Z;errorhandler.__handle;  Property: No property value found: align-center [1:1: align-center]
30-05-2024 20:07:21.688Z;errorhandler.__handle;  CSSStyleDeclaration: Syntax Error in Property: align-center
30-05-2024 20:07:21.688Z;errorhandler.__handle;  Property: Unknown Property name. [1:14: -ms-interpolation-mode]
30-05-2024 20:07:24.282Z;functions.emailFinalizado;  Finalizado e-mail sent.
30-05-2024 20:07:24.814Z;functions.encerra_prog;  RM ENCERRADO
