23-03-2024 14:00:36.276Z;functions.bot_text_art;      ____   
23-03-2024 14:00:36.276Z;functions.bot_text_art;     [____]    
23-03-2024 14:00:36.276Z;functions.bot_text_art;   |=]()()[=|  
23-03-2024 14:00:36.276Z;functions.bot_text_art;     _\==/__    _____    ____     _        _____    ___   _  __
23-03-2024 14:00:36.276Z;functions.bot_text_art;   |__|   |_|  |  _  \  / ___|   | |      |_   _| / ___| | |/ /
23-03-2024 14:00:36.276Z;functions.bot_text_art;   |_|_/\_|_|  | |  | | | |      | |        | |   | |    | ' / 
23-03-2024 14:00:36.276Z;functions.bot_text_art;   | | __ | |  | |  | | | |      | |        | |   | |    |  <  
23-03-2024 14:00:36.276Z;functions.bot_text_art;   |_|[  ]|_|  | |__| | | |____  | |____   _| |_  | |__  | . \ 
23-03-2024 14:00:36.276Z;functions.bot_text_art;   \_|_||_|_/  |_____/   \_____| |______| |_____| \ ___| |_|\_\
23-03-2024 14:00:36.276Z;functions.bot_text_art;     |_||_|                                                     
23-03-2024 14:00:36.276Z;functions.bot_text_art;     | ||_|_   
23-03-2024 14:00:36.276Z;functions.bot_text_art;   |___||___|  
23-03-2024 14:00:36.276Z;functions.bot_text_art;               
23-03-2024 14:00:36.292Z;functions.open_RM;  OPEN PROGRAM RM
23-03-2024 14:00:50.386Z;functions.loggin_RM;  ENTRAR USER_NAME
23-03-2024 14:00:53.825Z;functions.loggin_RM;  ENTRAR PASSWORD
23-03-2024 14:00:54.965Z;functions.loggin_RM;  ENTRAR RM
23-03-2024 14:01:26.105Z;functions.enter_coligada;  CLICK CONTEXTO
23-03-2024 14:01:31.214Z;functions.enter_coligada;  CLICK ALTERAR MODULO DO CONTEXTO
23-03-2024 14:01:34.850Z;functions.enter_coligada;  INSERE O COLIGADA CODE = 1
23-03-2024 14:01:34.966Z;functions.enter_coligada;  APERTA TAB PARA PREENCHER O CAMPO COM A STRING: OCEANICA ENGENHARIA E CONSULTORIA S.A.
23-03-2024 14:01:36.464Z;functions.enter_coligada;  CLICK AVANÇAR NOVAMENTE
23-03-2024 14:01:37.604Z;functions.enter_coligada;  CLICK CONCLUIR
23-03-2024 14:02:02.246Z;functions.enter_coligada;  POP UP COLIGADA DESAPARECER
23-03-2024 14:02:03.074Z;functions.check_movimentacao_bancaria;  CLICK - TOTVS - LINHA RM
23-03-2024 14:02:04.698Z;functions.check_movimentacao_bancaria;  CLICK - BACK OFFICE
23-03-2024 14:02:07.386Z;functions.check_movimentacao_bancaria;  CLICK - GESTAO FINANCEIRA
23-03-2024 14:02:13.284Z;functions.movimentacao_bancaria;  CLICK NA ABA MOVIMENTAÇÃO BANCARIA
23-03-2024 14:02:15.689Z;functions.waitForImage;  IMAGEM BORDERO image found.
23-03-2024 14:02:17.813Z;functions.movimentacao_bancaria;  IMAGEM BORDERO CLICADA.
23-03-2024 14:02:38.278Z;functions.waitForImage;  LICENCAS EXCEDIDAS image not found.
23-03-2024 14:02:38.965Z;functions.movimentacao_bancaria;  ENCONTROU O FILTRO DA MOVIMENTAÇÃO BANCÁRIA
23-03-2024 14:02:38.996Z;functions.movimentacao_bancaria;  CLICA NA ABA SUPERIOR DO FILTRO
23-03-2024 14:02:43.312Z;functions.movimentacao_bancaria;  SELECIONA O FILTRO HOJE
23-03-2024 14:02:46.780Z;functions.waitForImage;  FILTER CLEAN image found.
23-03-2024 14:02:48.903Z;functions.filter_clean;  CLICK NO BOTÃO X DO LIMPA FILTRO
23-03-2024 14:02:49.214Z;functions.waitForImage;  FILTER CLEAN image found.
23-03-2024 14:02:51.341Z;functions.filter_clean;  CLICK NO BOTÃO X DO LIMPA FILTRO
23-03-2024 14:03:06.566Z;functions.waitForImage;  FILTER CLEAN image not found.
23-03-2024 14:03:09.916Z;functions.movimentacao_bancaria;  CLICK NA PRIMEIRA LINHA DA TABELA MOVIMENTAÇÃO BANCÁRIA
23-03-2024 14:03:11.143Z;functions.movimentacao_bancaria;  12 PASSOS PARA DIREITA NA TABELA >>
23-03-2024 14:03:13.057Z;functions.movimentacao_bancaria;  HOVER FILTER
23-03-2024 14:03:13.523Z;functions.movimentacao_bancaria;  CLICK FILTER
23-03-2024 14:03:17.848Z;functions.movimentacao_bancaria;  CLICK NO FILTRO  STATUS DA REMESSA
23-03-2024 14:03:19.951Z;functions.movimentacao_bancaria;  APERTA TAB PARA ESCREVER O FILTRO
23-03-2024 14:03:22.065Z;functions.movimentacao_bancaria;  ESCREVE PENDENTE NO FILTRO
23-03-2024 14:03:24.168Z;functions.movimentacao_bancaria;  APERTA ENTER PARA SELECIONAR OS PENDENTES
23-03-2024 14:03:43.667Z;functions.movimentacao_bancaria;  SEM PROCESSAMENTO DE BORDERO PENDENTE.
23-03-2024 14:03:48.997Z;functions.waitForImage;  FILTER CLEAN image found.
23-03-2024 14:03:51.117Z;functions.filter_clean;  CLICK NO BOTÃO X DO LIMPA FILTRO
23-03-2024 14:04:06.261Z;functions.waitForImage;  FILTER CLEAN image not found.
23-03-2024 14:04:21.401Z;functions.waitForImage;  FILTER CLEAN image not found.
23-03-2024 14:04:22.949Z;functions.remessa_pagamento;  CLICK NA PRIMEIRA LINHA DA TABELA MOVIMENTAÇÃO BANCÁRIA
23-03-2024 14:04:24.745Z;functions.remessa_pagamento;  HOVER FILTER
23-03-2024 14:04:25.193Z;functions.remessa_pagamento;  CLICK FILTER
23-03-2024 14:04:29.543Z;functions.remessa_pagamento;  CLICK NO FILTRO  STATUS DA REMESSA
23-03-2024 14:04:31.646Z;functions.remessa_pagamento;  APERTA TAB PARA ESCREVER O FILTRO
23-03-2024 14:04:33.765Z;functions.remessa_pagamento;  ESCREVE AUTORIZADO NO FILTRO
23-03-2024 14:04:35.869Z;functions.remessa_pagamento;  APERTA ENTER PARA SELECIONAR OS AUTORIZADO
23-03-2024 14:04:55.386Z;functions.remessa_pagamento;  SEM REMESSA DE BORDERO AUTORIZADO
23-03-2024 14:04:56.213Z;functions.enter_contas_a_pagar;  CLICK - TOTVS - LINHA RM
23-03-2024 14:04:57.589Z;functions.enter_contas_a_pagar;  CLICK - BACK OFFICE
23-03-2024 14:04:58.496Z;functions.enter_contas_a_pagar;  CLICK - GESTAO FINANCEIRA
23-03-2024 14:05:04.324Z;functions.enter_contas_a_pagar;  CLICK - CONTAS A PAGAR
23-03-2024 14:05:05.510Z;functions.waitForImage;  LANÇAMENTOS image found.
23-03-2024 14:05:07.644Z;functions.enter_contas_a_pagar;  CLICA EM LANÇAMENTOS
23-03-2024 14:05:23.092Z;functions.waitForImage;  LICENCAS EXCEDIDAS image not found.
23-03-2024 14:05:23.092Z;functions.obter_intervalo_data;  VERIFICANDO A HORA ATUAL 14
23-03-2024 14:05:23.108Z;functions.obter_intervalo_data;  Data Inicial FERIAS/RESCISAO antes da remoção: None
23-03-2024 14:05:23.108Z;functions.obter_intervalo_data;  Data Final FERIAS/RESCISAO antes da remoção: None
23-03-2024 14:05:23.108Z;functions.obter_intervalo_data;  Data Inicial FERIAS/RESCISAO após a remoção: None
23-03-2024 14:05:23.108Z;functions.obter_intervalo_data;  Data Final FERIAS/RESCISAO após a remoção: None
23-03-2024 14:05:23.108Z;functions.obter_intervalo_data;  hoje -  2024-03-23 14:05:23.108791
23-03-2024 14:05:23.108Z;functions.data_filter;  DATA INICIO 27-03-2024
23-03-2024 14:05:23.108Z;functions.data_filter;  DATA FIM 02-04-2024
23-03-2024 14:05:23.108Z;functions.data_filter;  CLICK - SELECIONA A DATA DE QUARTA FEIRA E DA PROXIMA TERÇA
23-03-2024 14:05:23.108Z;functions.data_filter;  QUARTA-FEIRA: 27-03-2024
23-03-2024 14:05:23.108Z;functions.data_filter;  TERCA-FEIRA: 02-04-2024
23-03-2024 14:05:36.153Z;functions.data_filter;  CLICK - BUTÃO DE SELECAO DE FILTRO
23-03-2024 14:05:40.667Z;functions.data_filter;  INSERE - DATA DE QUARTA-FEIRA: 27-03-2024
23-03-2024 14:05:44.542Z;functions.data_filter;  INSERE - DATA DA PROX TERCA-FEIRA: 02-04-2024
23-03-2024 14:05:45.418Z;functions.data_filter;  CLICK - BUTÃO DE EXECUTAR O FILTRO
23-03-2024 14:05:52.011Z;functions.desmark_filter;  CLICK CHECKBOX LANÇAMENTOS A RECEBER
23-03-2024 14:05:53.745Z;functions.desmark_filter;  CLICK CHECKBOX LANÇAMENTOS BAIXADOS
23-03-2024 14:05:55.604Z;functions.desmark_filter;  CLICK CHECKBOX LANÇAMENTOS CANCELADOS
23-03-2024 14:05:57.620Z;functions.desmark_filter;  CLICK CHECKBOX LANÇAMENTOS FATURADOS
23-03-2024 14:05:59.776Z;functions.desmark_filter;  ATUALIZA O FILTRO
23-03-2024 14:06:00.108Z;functions.waitForImage;  FILTER CLEAN image found.
23-03-2024 14:06:02.218Z;functions.filter_clean;  CLICK NO BOTÃO X DO LIMPA FILTRO
23-03-2024 14:06:17.354Z;functions.waitForImage;  FILTER CLEAN image not found.
23-03-2024 14:06:32.526Z;functions.waitForImage;  FILTER CLEAN image not found.
23-03-2024 14:06:34.854Z;functions.tabela_vazia;  Texto extraido 1/1
23-03-2024 14:06:34.854Z;functions.tabela_vazia;  Count 1
23-03-2024 14:06:34.854Z;functions.tabela_vazia;  Type <class 'int'>
23-03-2024 14:06:34.854Z;functions.tabela_vazia;  TABELA CONTÉM REGISTROS
23-03-2024 14:06:35.979Z;functions.desbloqueio;  SELECIONA TODAS AS TUPLAS
23-03-2024 14:06:41.086Z;functions.desbloqueio;  CONTROL P PARA SELECIONAR PROCESSO
23-03-2024 14:06:46.307Z;functions.desbloqueio;  7 SETAS PARA BAIXO - MANUTENÇÃO DE LANÇAMENTO
23-03-2024 14:06:48.411Z;functions.desbloqueio;  SETA PARA DIREITA
23-03-2024 14:06:55.838Z;functions.desbloqueio;  9 SETAS PARA BAIXO
23-03-2024 14:06:57.940Z;functions.desbloqueio;  ENTER PARA SELECIONAR DESBLOQUEIO ALTERAÇÃO
23-03-2024 14:08:00.352Z;functions.exec_lancamentos;  CONTROL G
23-03-2024 14:08:03.871Z;functions.exec_lancamentos;  CLICK PARA APARECER CONTA/CAIXA
23-03-2024 14:08:04.998Z;functions.exec_lancamentos;  SELECIONA CONTA/CAIXA
23-03-2024 14:08:06.186Z;functions.exec_lancamentos;  CLICK NO BOTÃO [...]
23-03-2024 14:08:08.310Z;functions.exec_lancamentos;  CLICK NO CAMPO PESQUISA E DIGITA: %3212
23-03-2024 14:08:09.276Z;functions.exec_lancamentos;  CLICK NO BOTÃO DO FILTRO
23-03-2024 14:08:10.401Z;functions.exec_lancamentos;  CLICK NO BOTÃO OK
23-03-2024 14:08:11.465Z;functions.exec_lancamentos;  CLICK NO BOTÃO EXECUTAR
23-03-2024 14:08:30.635Z;functions.waitForImage;  PRESS BUTTON OK image found.
23-03-2024 14:08:32.637Z;functions.process_lancamentos;  O PROCESSAMENTO DE LANÇAMENTO FOI EXECUTADO COM SUCESSO.
23-03-2024 14:08:42.049Z;functions.process_lancamentos;  Lançamento Ref. 932750: Convênio alterado para o convênio default '7' da conta Caixa '02675-5' .
Alteração Global de Lançamentos executada com sucesso

23-03-2024 14:08:53.401Z;functions.proccess_bordero;  SELECIONAR INCLUSÃO DE BORDERO
23-03-2024 14:09:14.079Z;functions.waitForImage;  PRESS BUTON SIM image not found.
23-03-2024 14:09:15.187Z;functions.proccess_bordero;  CLICK EM CONVÊNIO TRÊS PONTINHOS
23-03-2024 14:09:16.918Z;functions.proccess_bordero;  CLICK EM COMBOBOX PARA SELECIONAR O ID DO CONVÊNIO
23-03-2024 14:09:18.137Z;functions.proccess_bordero;  CLICK EM ID DO CONVÊNIO
23-03-2024 14:09:20.244Z;functions.proccess_bordero;  APERTA TAB PARA ESCREVER O ID
23-03-2024 14:09:22.346Z;functions.proccess_bordero;  ESCREVE O ID 9 - FERIAS/RESCISÃO
23-03-2024 14:09:24.449Z;functions.proccess_bordero;  APERTA ENTER PARA SELECIONAR O ID 9 - FERIAS/RESCISÃO
23-03-2024 14:09:26.551Z;functions.proccess_bordero;  APERTA ENTER PARA ESCOLHER O ID 9 - FERIAS/RESCISÃO
23-03-2024 14:09:29.416Z;functions.proccess_bordero;  CLICK EM EXECUTAR NA INCLUSÃO DO BORDÊRO
23-03-2024 14:09:41.036Z;functions.waitForImage;  PRESS BUTTON OK image found.
23-03-2024 14:09:43.042Z;functions.proccess_bordero;  O PROCESSAMENTO DO BORDERO FOI EXECUTADO COM SUCESSO.
23-03-2024 14:09:45.846Z;functions.proccess_bordero;  CLICK EM FECHAR.
23-03-2024 14:09:48.807Z;functions.movimentacao_bancaria;  CLICK NA ABA MOVIMENTAÇÃO BANCARIA
23-03-2024 14:09:51.144Z;functions.waitForImage;  IMAGEM BORDERO image found.
23-03-2024 14:09:53.249Z;functions.movimentacao_bancaria;  IMAGEM BORDERO CLICADA.
23-03-2024 14:10:13.480Z;functions.waitForImage;  LICENCAS EXCEDIDAS image not found.
23-03-2024 14:10:14.135Z;functions.movimentacao_bancaria;  ENCONTROU O FILTRO DA MOVIMENTAÇÃO BANCÁRIA
23-03-2024 14:10:14.184Z;functions.movimentacao_bancaria;  CLICA NA ABA SUPERIOR DO FILTRO
23-03-2024 14:10:18.395Z;functions.movimentacao_bancaria;  SELECIONA O FILTRO HOJE
23-03-2024 14:10:20.386Z;functions.waitForImage;  FILTER CLEAN image found.
23-03-2024 14:10:22.508Z;functions.filter_clean;  CLICK NO BOTÃO X DO LIMPA FILTRO
23-03-2024 14:10:37.550Z;functions.waitForImage;  FILTER CLEAN image not found.
23-03-2024 14:10:52.568Z;functions.waitForImage;  FILTER CLEAN image not found.
23-03-2024 14:10:55.854Z;functions.movimentacao_bancaria;  CLICK NA PRIMEIRA LINHA DA TABELA MOVIMENTAÇÃO BANCÁRIA
23-03-2024 14:10:57.082Z;functions.movimentacao_bancaria;  12 PASSOS PARA DIREITA NA TABELA >>
23-03-2024 14:10:58.980Z;functions.movimentacao_bancaria;  HOVER FILTER
23-03-2024 14:10:59.436Z;functions.movimentacao_bancaria;  CLICK FILTER
23-03-2024 14:11:03.768Z;functions.movimentacao_bancaria;  CLICK NO FILTRO  STATUS DA REMESSA
23-03-2024 14:11:05.871Z;functions.movimentacao_bancaria;  APERTA TAB PARA ESCREVER O FILTRO
23-03-2024 14:11:07.987Z;functions.movimentacao_bancaria;  ESCREVE PENDENTE NO FILTRO
23-03-2024 14:11:10.090Z;functions.movimentacao_bancaria;  APERTA ENTER PARA SELECIONAR OS PENDENTES
23-03-2024 14:11:14.760Z;functions.movimentacao_bancaria;  SELECIONA TODAS AS TUPLAS COM STATUS PENDENTE
23-03-2024 14:11:16.868Z;functions.movimentacao_bancaria;  CLICK EM PROCESSOS
23-03-2024 14:11:18.972Z;functions.movimentacao_bancaria;  APERTA PARA BAIXO
23-03-2024 14:11:21.075Z;functions.movimentacao_bancaria;  APERTA ENTER
23-03-2024 14:11:23.995Z;functions.movimentacao_bancaria;  CLICK EM EXECUTAR BORDERO DE PAGAMENTO
23-03-2024 14:11:36.370Z;functions.waitForImage;  PRESS BUTTON OK image found.
23-03-2024 14:11:36.370Z;functions.movimentacao_bancaria;  O PROCESSAMENTO DE AUTORIZAÇÃO DO BORDERO FOI EXECUTADO COM SUCESSO.
23-03-2024 14:11:37.214Z;functions.movimentacao_bancaria;  CLICK EM FECHAR.
23-03-2024 14:11:42.530Z;functions.waitForImage;  FILTER CLEAN image found.
23-03-2024 14:11:44.651Z;functions.filter_clean;  CLICK NO BOTÃO X DO LIMPA FILTRO
23-03-2024 14:11:59.709Z;functions.waitForImage;  FILTER CLEAN image not found.
23-03-2024 14:12:14.822Z;functions.waitForImage;  FILTER CLEAN image not found.
23-03-2024 14:12:16.402Z;functions.remessa_pagamento;  CLICK NA PRIMEIRA LINHA DA TABELA MOVIMENTAÇÃO BANCÁRIA
23-03-2024 14:12:18.277Z;functions.remessa_pagamento;  HOVER FILTER
23-03-2024 14:12:18.737Z;functions.remessa_pagamento;  CLICK FILTER
23-03-2024 14:12:23.071Z;functions.remessa_pagamento;  CLICK NO FILTRO  STATUS DA REMESSA
23-03-2024 14:12:25.174Z;functions.remessa_pagamento;  APERTA TAB PARA ESCREVER O FILTRO
23-03-2024 14:12:27.291Z;functions.remessa_pagamento;  ESCREVE AUTORIZADO NO FILTRO
23-03-2024 14:12:29.394Z;functions.remessa_pagamento;  APERTA ENTER PARA SELECIONAR OS AUTORIZADO
23-03-2024 14:12:33.278Z;functions.remessa_pagamento;  6 PASSOS PARA ESQUERDA NA TABELA <<
23-03-2024 14:12:35.340Z;functions.check_user_bot;  Texto extraido 1/1
23-03-2024 14:12:35.340Z;functions.check_user_bot;  Count 1
23-03-2024 14:12:35.340Z;functions.check_user_bot;  Type <class 'int'>
23-03-2024 14:12:37.453Z;functions.check_user_bot;  CHECK USER BOT 1
23-03-2024 14:12:39.454Z;functions.check_user_bot;  integracao
23-03-2024 14:12:42.169Z;functions.check_user_bot;  7 PASSOS PARA DIREITA NA TABELA >>
23-03-2024 14:12:46.274Z;functions.check_user_bot;  341 / 3212 / 02675 - FERIAS/RESCISAO
23-03-2024 14:12:46.274Z;functions.check_user_bot;  NOME FERIAS/RECISAO ENCONTRADO
23-03-2024 14:12:48.483Z;functions.check_user_bot;  CLICK EM PROCESSOS
23-03-2024 14:12:50.586Z;functions.check_user_bot;  APERTA PARA BAIXO 0
23-03-2024 14:12:52.689Z;functions.check_user_bot;  APERTA PARA BAIXO 1
23-03-2024 14:12:54.792Z;functions.check_user_bot;  APERTA PARA BAIXO 2
23-03-2024 14:12:56.894Z;functions.check_user_bot;  APERTA ENTER
23-03-2024 14:12:59.776Z;functions.check_user_bot;  CLICK EM REMESSAS DE PAGAMENTO
23-03-2024 14:13:00.882Z;functions.check_user_bot;  APERTA TAB 0
23-03-2024 14:13:01.985Z;functions.check_user_bot;  APERTA TAB 1
23-03-2024 14:13:03.087Z;functions.check_user_bot;  APERTA TAB 2
23-03-2024 14:13:13.419Z;functions.check_user_bot;  CLICK EM AVANÇAR
23-03-2024 14:13:13.420Z;functions.check_user_bot;  CLICK - SELECIONA A DATA DE QUARTA FEIRA E DA PROXIMA TERÇA
23-03-2024 14:13:13.420Z;functions.check_user_bot;  QUARTA-FEIRA: 27-03-2024
23-03-2024 14:13:13.421Z;functions.check_user_bot;  TERCA-FEIRA: 02-04-2024
23-03-2024 14:13:18.312Z;functions.check_user_bot;  DESMARCA CHECKBOX PARA SALVAR ARQUIVO DE REMESSA
23-03-2024 14:13:19.229Z;functions.check_user_bot;  CLICK NOS ... PARA SELECIONAR O DIRETÓRIO E NOME DO ARQUIVO.
23-03-2024 14:13:22.697Z;functions.check_user_bot;  DUPLO CLICK NO DIRETORIO
23-03-2024 14:13:25.176Z;functions.check_user_bot;  APERTA TAB 0
23-03-2024 14:13:25.780Z;functions.check_user_bot;  APERTA TAB 1
23-03-2024 14:13:26.383Z;functions.check_user_bot;  APERTA TAB 2
23-03-2024 14:13:26.985Z;functions.check_user_bot;  APERTA TAB 3
23-03-2024 14:13:27.588Z;functions.check_user_bot;  APERTA TAB 4
23-03-2024 14:13:28.191Z;functions.check_user_bot;  APERTA TAB 5
23-03-2024 14:13:28.191Z;functions.check_user_bot;  A ULTIMA LETRA USADA: A
23-03-2024 14:13:28.191Z;functions.check_user_bot;  A LETRA SERA: B
23-03-2024 14:13:28.339Z;functions.check_user_bot;  F270224B.txt
23-03-2024 14:13:29.160Z;functions.check_user_bot;  CLICK NO BUTÃO SALVAR
23-03-2024 14:13:30.573Z;functions.check_user_bot;  CLICK EM AVANCAR PARA CONCLUIR
23-03-2024 14:13:31.838Z;functions.check_user_bot;  CLICK EM EXECUTAR
23-03-2024 14:13:59.179Z;functions.waitForImage;  PRESS BUTTON OK image found.
23-03-2024 14:14:01.181Z;functions.check_user_bot;  O PROCESSAMENTO DE AUTORIZAÇÃO DO BORDERO FOI EXECUTADO COM SUCESSO.
23-03-2024 14:14:10.579Z;functions.check_user_bot;  ===========================================================================================================
LANÇAMENTOS ENVIADOS PARA REMESSA PAGAMENTO
Coligada: 1
ID Remessa: 10
Convênio: 9
Data: 23/03/2024 14:13:55
Borderô remetidos: 1
===========================================================================================================
Borderô: 1-8675

Lançamentos remetidos no Borderô:
Lancamento 1-932750
----------------------------------------------------------------------------------------------------------


23-03-2024 14:14:14.277Z;errorhandler.__handle;  CSSStyleDeclaration: Unexpected token, ignoring upto '{        border: none;'. [1:174: {]
23-03-2024 14:14:14.277Z;errorhandler.__handle;  Property: Unknown Property name. [1:204: -ms-interpolation-mode]
23-03-2024 14:14:14.277Z;errorhandler.__handle;  CSSStyleDeclaration: Unexpected token, ignoring upto '}'. [1:267: }]
23-03-2024 14:14:14.277Z;errorhandler.__handle;  CSSStyleDeclaration: Unexpected token, ignoring upto '{        background-color: #f6f6f6;'. [1:281: {]
23-03-2024 14:14:14.292Z;errorhandler.__handle;  Property: Unknown Property name. [1:356: -webkit-font-smoothing]
23-03-2024 14:14:14.308Z;errorhandler.__handle;  Property: Unknown Property name. [1:486: -ms-text-size-adjust]
23-03-2024 14:14:14.308Z;errorhandler.__handle;  Property: Unknown Property name. [1:521: -webkit-text-size-adjust]
23-03-2024 14:14:14.308Z;errorhandler.__handle;  CSSStyleDeclaration: Unexpected token, ignoring upto '}'. [1:559: }]
23-03-2024 14:14:14.308Z;errorhandler.__handle;  CSSStyleDeclaration: Unexpected token, ignoring upto '{        border-collapse: separate;'. [1:574: {]
23-03-2024 14:14:14.308Z;errorhandler.__handle;  Property: Unknown Property name. [1:617: mso-table-lspace]
23-03-2024 14:14:14.308Z;errorhandler.__handle;  Property: Unknown Property name. [1:647: mso-table-rspace]
23-03-2024 14:14:14.308Z;errorhandler.__handle;  CSSStyleDeclaration: Unexpected token, ignoring upto '}'. [1:690: }]
23-03-2024 14:14:14.308Z;errorhandler.__handle;  CSSStyleDeclaration: Unexpected token, ignoring upto '{          font-family: sans-serif;'. [1:710: {]
23-03-2024 14:14:14.308Z;errorhandler.__handle;  CSSStyleDeclaration: Unexpected token, ignoring upto '}'. [1:808: }]
23-03-2024 14:14:14.323Z;errorhandler.__handle;  CSSStyleDeclaration: Unexpected token, ignoring upto '{        background-color: #f6f6f6;'. [1:941: {]
23-03-2024 14:14:14.323Z;errorhandler.__handle;  CSSStyleDeclaration: Unexpected token, ignoring upto '}'. [1:1003: }]
23-03-2024 14:14:14.323Z;errorhandler.__handle;  CSSStyleDeclaration: Unexpected token, ignoring upto '{        display: block;'. [1:1178: {]
23-03-2024 14:14:14.323Z;errorhandler.__handle;  CSSStyleDeclaration: Unexpected token, ignoring upto '}'. [1:1342: }]
23-03-2024 14:14:14.323Z;errorhandler.__handle;  CSSStyleDeclaration: Unexpected token, ignoring upto '{        box-sizing: border-box;'. [1:1452: {]
23-03-2024 14:14:14.323Z;errorhandler.__handle;  CSSStyleDeclaration: Unexpected token, ignoring upto '}'. [1:1584: }]
23-03-2024 14:14:14.323Z;errorhandler.__handle;  CSSStyleDeclaration: Unexpected token, ignoring upto '{        background: #ffffff;'. [1:1721: {]
23-03-2024 14:14:14.339Z;errorhandler.__handle;  CSSStyleDeclaration: Unexpected token, ignoring upto '}'. [1:1804: }]
23-03-2024 14:14:14.339Z;errorhandler.__handle;  CSSStyleDeclaration: Unexpected token, ignoring upto '{        box-sizing: border-box;'. [1:1822: {]
23-03-2024 14:14:14.339Z;errorhandler.__handle;  CSSStyleDeclaration: Unexpected token, ignoring upto '}'. [1:1883: }]
23-03-2024 14:14:14.339Z;errorhandler.__handle;  CSSStyleDeclaration: Unexpected token, ignoring upto '{        padding-bottom: 10px;'. [1:1907: {]
23-03-2024 14:14:14.339Z;errorhandler.__handle;  CSSStyleDeclaration: Unexpected token, ignoring upto '}'. [1:1969: }]
23-03-2024 14:14:14.339Z;errorhandler.__handle;  CSSStyleDeclaration: Unexpected token, ignoring upto '{        clear: both;'. [1:1986: {]
23-03-2024 14:14:14.339Z;errorhandler.__handle;  CSSStyleDeclaration: Unexpected token, ignoring upto '}'. [1:2086: }]
23-03-2024 14:14:14.339Z;errorhandler.__handle;  CSSStyleDeclaration: Unexpected token, ignoring upto '{          color: #999999;'. [1:2165: {]
23-03-2024 14:14:14.355Z;errorhandler.__handle;  CSSStyleDeclaration: Unexpected token, ignoring upto '}'. [1:2253: }]
23-03-2024 14:14:14.355Z;errorhandler.__handle;  CSSStyleDeclaration: Unexpected token, ignoring upto '{        color: #000000;'. [1:2404: {]
23-03-2024 14:14:14.355Z;errorhandler.__handle;  CSSStyleDeclaration: Unexpected token, ignoring upto '}'. [1:2563: }]
23-03-2024 14:14:14.355Z;errorhandler.__handle;  CSSStyleDeclaration: Unexpected token, ignoring upto '{        font-size: 35px;'. [1:2575: {]
23-03-2024 14:14:14.355Z;errorhandler.__handle;  CSSStyleDeclaration: Unexpected token, ignoring upto '}'. [1:2694: }]
23-03-2024 14:14:14.355Z;errorhandler.__handle;  CSSStyleDeclaration: Unexpected token, ignoring upto '{        font-family: sans-serif;'. [1:2723: {]
23-03-2024 14:14:14.355Z;errorhandler.__handle;  CSSStyleDeclaration: Unexpected token, ignoring upto '}'. [1:2861: }]
23-03-2024 14:14:14.370Z;errorhandler.__handle;  CSSStyleDeclaration: Unexpected token, ignoring upto '{          list-style-position: inside;'. [1:2905: {]
23-03-2024 14:14:14.370Z;errorhandler.__handle;  CSSStyleDeclaration: Unexpected token, ignoring upto '}'. [1:2978: }]
23-03-2024 14:14:14.370Z;errorhandler.__handle;  CSSStyleDeclaration: Unexpected token, ignoring upto '{        color: #3498db;'. [1:2989: {]
23-03-2024 14:14:14.370Z;errorhandler.__handle;  CSSStyleDeclaration: Unexpected token, ignoring upto '}'. [1:3055: }]
23-03-2024 14:14:14.370Z;errorhandler.__handle;  CSSStyleDeclaration: Unexpected token, ignoring upto '{        box-sizing: border-box;'. [1:3178: {]
23-03-2024 14:14:14.370Z;errorhandler.__handle;  CSSStyleDeclaration: Unexpected token, ignoring upto '}'. [1:3231: }]
23-03-2024 14:14:14.370Z;errorhandler.__handle;  CSSStyleDeclaration: Unexpected token, ignoring upto '{          padding-bottom: 15px;'. [1:3265: {]
23-03-2024 14:14:14.370Z;errorhandler.__handle;  CSSStyleDeclaration: Unexpected token, ignoring upto '}'. [1:3298: }]
23-03-2024 14:14:14.370Z;errorhandler.__handle;  CSSStyleDeclaration: Unexpected token, ignoring upto '{          width: auto;'. [1:3320: {]
23-03-2024 14:14:14.370Z;errorhandler.__handle;  CSSStyleDeclaration: Unexpected token, ignoring upto '}'. [1:3350: }]
23-03-2024 14:14:14.370Z;errorhandler.__handle;  CSSStyleDeclaration: Unexpected token, ignoring upto '{          background-color: #ffffff;'. [1:3375: {]
23-03-2024 14:14:14.370Z;errorhandler.__handle;  CSSStyleDeclaration: Unexpected token, ignoring upto '}'. [1:3477: }]
23-03-2024 14:14:14.386Z;errorhandler.__handle;  CSSStyleDeclaration: Unexpected token, ignoring upto '{          background-color: #ffffff;'. [1:3495: {]
23-03-2024 14:14:14.589Z;errorhandler.__handle;  CSSStyleDeclaration: Unexpected token, ignoring upto '}'. [1:3892: }]
23-03-2024 14:14:14.589Z;errorhandler.__handle;  CSSStyleDeclaration: Unexpected token, ignoring upto '{        background-color: #3498db;'. [1:3923: {]
23-03-2024 14:14:14.589Z;errorhandler.__handle;  CSSStyleDeclaration: Unexpected token, ignoring upto '}'. [1:3965: }]
23-03-2024 14:14:14.589Z;errorhandler.__handle;  CSSStyleDeclaration: Unexpected token, ignoring upto '{        background-color: #3498db;'. [1:3989: {]
23-03-2024 14:14:14.636Z;errorhandler.__handle;  CSSStyleDeclaration: Unexpected token, ignoring upto '}'. [1:4084: }]
23-03-2024 14:14:14.636Z;errorhandler.__handle;  CSSStyleDeclaration: Unexpected token, ignoring upto '{        margin-bottom: 0;'. [1:4234: {]
23-03-2024 14:14:14.636Z;errorhandler.__handle;  CSSStyleDeclaration: Unexpected token, ignoring upto '}'. [1:4267: }]
23-03-2024 14:14:14.636Z;errorhandler.__handle;  CSSStyleDeclaration: Unexpected token, ignoring upto '{        margin-top: 0;'. [1:4283: {]
23-03-2024 14:14:14.636Z;errorhandler.__handle;  CSSStyleDeclaration: Unexpected token, ignoring upto '}'. [1:4313: }]
23-03-2024 14:14:14.636Z;errorhandler.__handle;  CSSStyleDeclaration: Unexpected token, ignoring upto '{        text-align: center;'. [1:4336: {]
23-03-2024 14:14:14.636Z;errorhandler.__handle;  CSSStyleDeclaration: Unexpected token, ignoring upto '}'. [1:4371: }]
23-03-2024 14:14:14.652Z;errorhandler.__handle;  CSSStyleDeclaration: Unexpected token, ignoring upto '{        text-align: right;'. [1:4393: {]
23-03-2024 14:14:14.652Z;errorhandler.__handle;  CSSStyleDeclaration: Unexpected token, ignoring upto '}'. [1:4427: }]
23-03-2024 14:14:14.652Z;errorhandler.__handle;  CSSStyleDeclaration: Unexpected token, ignoring upto '{        text-align: left;'. [1:4448: {]
23-03-2024 14:14:14.652Z;errorhandler.__handle;  CSSStyleDeclaration: Unexpected token, ignoring upto '}'. [1:4481: }]
23-03-2024 14:14:14.652Z;errorhandler.__handle;  CSSStyleDeclaration: Unexpected token, ignoring upto '{        clear: both;'. [1:4497: {]
23-03-2024 14:14:14.652Z;errorhandler.__handle;  CSSStyleDeclaration: Unexpected token, ignoring upto '}'. [1:4525: }]
23-03-2024 14:14:14.652Z;errorhandler.__handle;  CSSStyleDeclaration: Unexpected token, ignoring upto '{        margin-top: 0;'. [1:4539: {]
23-03-2024 14:14:14.652Z;errorhandler.__handle;  CSSStyleDeclaration: Unexpected token, ignoring upto '}'. [1:4569: }]
23-03-2024 14:14:14.652Z;errorhandler.__handle;  CSSStyleDeclaration: Unexpected token, ignoring upto '{        margin-bottom: 0;'. [1:4583: {]
23-03-2024 14:14:14.652Z;errorhandler.__handle;  CSSStyleDeclaration: Unexpected token, ignoring upto '}'. [1:4616: }]
23-03-2024 14:14:14.652Z;errorhandler.__handle;  CSSStyleDeclaration: Unexpected token, ignoring upto '{        color: transparent;'. [1:4636: {]
23-03-2024 14:14:14.652Z;errorhandler.__handle;  Property: Unknown Property name. [1:4799: mso-hide]
23-03-2024 14:14:14.652Z;errorhandler.__handle;  CSSStyleDeclaration: Unexpected token, ignoring upto '}'. [1:4864: }]
23-03-2024 14:14:14.667Z;errorhandler.__handle;  CSSStyleDeclaration: Unexpected token, ignoring upto '{        text-decoration: none;'. [1:4887: {]
23-03-2024 14:14:14.667Z;errorhandler.__handle;  CSSStyleDeclaration: Unexpected token, ignoring upto '}'. [1:4925: }]
23-03-2024 14:14:14.667Z;errorhandler.__handle;  CSSStyleDeclaration: Unexpected token, ignoring upto '{        border: 0;'. [1:4937: {]
23-03-2024 14:14:14.667Z;errorhandler.__handle;  CSSStyleDeclaration: Unexpected token, ignoring upto '}'. [1:5027: }]
23-03-2024 14:14:14.667Z;errorhandler.__handle;  CSSStyleRule: No selector found: '{        table.body h1 {{          font-size: 28px !important;          margin-bottom: 10px !important;         }}        table.body p,        table.body ul,        table.body ol,        table.body td,        table.body span,        table.body a {{          font-size: 16px !important;         }}        table.body .wrapper,        table.body .article {{          padding: 10px !important;         }}        table.body .content {{          padding: 0 !important;         }}        table.body .container {{          padding: 0 !important;          width: 100% !important;         }}        table.body .main {{          border-left-width: 0 !important;          border-radius: 0 !important;          border-right-width: 0 !important;         }}        table.body .btn table {{          width: 100% !important;         }}        table.body .btn a {{          width: 100% !important;         }}        table.body .img-responsive {{          height: auto !important;          max-width: 100% !important;          width: auto !important;         }}      }'. [1:5217: {]
23-03-2024 14:14:14.667Z;errorhandler.__handle;  SelectorList: Unknown Syntax: ''
23-03-2024 14:14:14.667Z;errorhandler.__handle;  Property: No ":" after name found: table.body h1 {{          font-size: 28px !important;          margin-bottom: 10px !important;         }}        table.body p,        table.body ul,        table.body ol,        table.body td,        table.body span,        table.body a {{          font-size: 16px !important;         }}        table.body .wrapper,        table.body .article {{          padding: 10px !important;         }}        table.body .content {{          padding: 0 !important;         }}        table.body .container {{          padding: 0 !important;          width: 100% !important;         }}        table.body .main {{          border-left-width: 0 !important;          border-radius: 0 !important;          border-right-width: 0 !important;         }}        table.body .btn table {{          width: 100% !important;         }}        table.body .btn a {{          width: 100% !important;         }}        table.body .img-responsive {{          height: auto !important;          max-width: 100% !important;          width: auto !important;         }}       [1:6259:       ]
23-03-2024 14:14:14.667Z;errorhandler.__handle;  Property: No property value found: table.body h1 {{          font-size: 28px !important;          margin-bottom: 10px !important;         }}        table.body p,        table.body ul,        table.body ol,        table.body td,        table.body span,        table.body a {{          font-size: 16px !important;         }}        table.body .wrapper,        table.body .article {{          padding: 10px !important;         }}        table.body .content {{          padding: 0 !important;         }}        table.body .container {{          padding: 0 !important;          width: 100% !important;         }}        table.body .main {{          border-left-width: 0 !important;          border-radius: 0 !important;          border-right-width: 0 !important;         }}        table.body .btn table {{          width: 100% !important;         }}        table.body .btn a {{          width: 100% !important;         }}        table.body .img-responsive {{          height: auto !important;          max-width: 100% !important;          width: auto !important;         }}       [1:6259:       ]
23-03-2024 14:14:14.667Z;errorhandler.__handle;  CSSStyleDeclaration: Syntax Error in Property: table.body h1 {{          font-size: 28px !important;          margin-bottom: 10px !important;         }}        table.body p,        table.body ul,        table.body ol,        table.body td,        table.body span,        table.body a {{          font-size: 16px !important;         }}        table.body .wrapper,        table.body .article {{          padding: 10px !important;         }}        table.body .content {{          padding: 0 !important;         }}        table.body .container {{          padding: 0 !important;          width: 100% !important;         }}        table.body .main {{          border-left-width: 0 !important;          border-radius: 0 !important;          border-right-width: 0 !important;         }}        table.body .btn table {{          width: 100% !important;         }}        table.body .btn a {{          width: 100% !important;         }}        table.body .img-responsive {{          height: auto !important;          max-width: 100% !important;          width: auto !important;         }}      
23-03-2024 14:14:14.683Z;errorhandler.__handle;  CSSStyleRule: No selector found: '{        .ExternalClass {{          width: 100%;         }}        .ExternalClass,        .ExternalClass p,        .ExternalClass span,        .ExternalClass font,        .ExternalClass td,        .ExternalClass div {{          line-height: 100%;         }}        .apple-link a {{          color: inherit !important;          font-family: inherit !important;          font-size: inherit !important;          font-weight: inherit !important;          line-height: inherit !important;          text-decoration: none !important;         }}        #MessageViewBody a {{          color: inherit;          text-decoration: none;          font-size: inherit;          font-family: inherit;          font-weight: inherit;          line-height: inherit;        }}        .btn-primary table td:hover {{          background-color: #34495e !important;         }}        .btn-primary a:hover {{          background-color: #34495e !important;          border-color: #34495e !important;         }}       }'. [1:6420: {]
23-03-2024 14:14:14.683Z;errorhandler.__handle;  SelectorList: Unknown Syntax: ''
23-03-2024 14:14:14.683Z;errorhandler.__handle;  CSSStyleDeclaration: Unexpected token, ignoring upto '.ExternalClass {{          width: 100%;         }}        .ExternalClass,        .ExternalClass p,        .ExternalClass span,        .ExternalClass font,        .ExternalClass td,        .ExternalClass div {{          line-height: 100%;         }}        .apple-link a {{          color: inherit !important;          font-family: inherit !important;          font-size: inherit !important;          font-weight: inherit !important;          line-height: inherit !important;          text-decoration: none !important;         }}        #MessageViewBody a {{          color: inherit;          text-decoration: none;          font-size: inherit;          font-family: inherit;          font-weight: inherit;          line-height: inherit;        }}        .btn-primary table td:hover {{          background-color: #34495e !important;         }}        .btn-primary a:hover {{          background-color: #34495e !important;          border-color: #34495e !important;         }}       '. [1:6429: .]
23-03-2024 14:14:14.698Z;errorhandler.__handle;  Property: Unknown Property name. [1:1: -ms-interpolation-mode]
23-03-2024 14:14:14.698Z;errorhandler.__handle;  Property: Unknown Property name. [1:24: -webkit-font-smoothing]
23-03-2024 14:14:14.698Z;errorhandler.__handle;  Property: Unknown Property name. [1:109: -ms-text-size-adjust]
23-03-2024 14:14:14.714Z;errorhandler.__handle;  Property: Unknown Property name. [1:135: -webkit-text-size-adjust]
23-03-2024 14:14:14.714Z;errorhandler.__handle;  Property: Unknown Property name. [1:1: mso-table-lspace]
23-03-2024 14:14:14.714Z;errorhandler.__handle;  Property: Unknown Property name. [1:20: mso-table-rspace]
23-03-2024 14:14:14.745Z;errorhandler.__handle;  Property: Unknown Property name. [1:74: mso-hide]
23-03-2024 14:14:14.745Z;errorhandler.__handle;  Property: No ":" after name found: align-center [1:1: align-center]
23-03-2024 14:14:14.745Z;errorhandler.__handle;  Property: No property value found: align-center [1:1: align-center]
23-03-2024 14:14:14.745Z;errorhandler.__handle;  CSSStyleDeclaration: Syntax Error in Property: align-center
23-03-2024 14:14:14.745Z;errorhandler.__handle;  Property: Unknown Property name. [1:1: -ms-interpolation-mode]
23-03-2024 14:14:17.869Z;functions.emailSuccess;  Success e-mail sent.
23-03-2024 14:14:19.216Z;functions.encerra_prog;  RM ENCERRADO
