17-03-2024 20:00:32.820Z;functions.bot_text_art;      ____   
17-03-2024 20:00:32.820Z;functions.bot_text_art;     [____]    
17-03-2024 20:00:32.820Z;functions.bot_text_art;   |=]()()[=|  
17-03-2024 20:00:32.820Z;functions.bot_text_art;     _\==/__    _____    ____     _        _____    ___   _  __
17-03-2024 20:00:32.820Z;functions.bot_text_art;   |__|   |_|  |  _  \  / ___|   | |      |_   _| / ___| | |/ /
17-03-2024 20:00:32.820Z;functions.bot_text_art;   |_|_/\_|_|  | |  | | | |      | |        | |   | |    | ' / 
17-03-2024 20:00:32.820Z;functions.bot_text_art;   | | __ | |  | |  | | | |      | |        | |   | |    |  <  
17-03-2024 20:00:32.820Z;functions.bot_text_art;   |_|[  ]|_|  | |__| | | |____  | |____   _| |_  | |__  | . \ 
17-03-2024 20:00:32.820Z;functions.bot_text_art;   \_|_||_|_/  |_____/   \_____| |______| |_____| \ ___| |_|\_\
17-03-2024 20:00:32.820Z;functions.bot_text_art;     |_||_|                                                     
17-03-2024 20:00:32.820Z;functions.bot_text_art;     | ||_|_   
17-03-2024 20:00:32.820Z;functions.bot_text_art;   |___||___|  
17-03-2024 20:00:32.820Z;functions.bot_text_art;               
17-03-2024 20:00:33.383Z;functions.open_RM;  OPEN PROGRAM RM
17-03-2024 20:00:55.570Z;functions.loggin_RM;  ENTRAR USER_NAME
17-03-2024 20:00:58.868Z;functions.loggin_RM;  ENTRAR PASSWORD
17-03-2024 20:01:00.148Z;functions.loggin_RM;  ENTRAR RM
17-03-2024 20:01:53.835Z;functions.enter_coligada;  CLICK CONTEXTO
17-03-2024 20:01:59.080Z;functions.enter_coligada;  CLICK COLIGADA 1
17-03-2024 20:02:01.382Z;functions.enter_coligada;  CLICK AVANÇAR
17-03-2024 20:02:03.996Z;functions.enter_coligada;  INSERE O COLIGADA CODE = 1
17-03-2024 20:02:04.117Z;functions.enter_coligada;  APERTA TAB PARA PREENCHER O CAMPO COM A STRING: OCEANICA ENGENHARIA E CONSULTORIA S.A.
17-03-2024 20:02:06.100Z;functions.enter_coligada;  CLICK AVANÇAR NOVAMENTE
17-03-2024 20:02:07.367Z;functions.enter_coligada;  CLICK CONCLUIR
17-03-2024 20:02:31.868Z;functions.enter_coligada;  POP UP COLIGADA DESAPARECER
17-03-2024 20:02:32.741Z;functions.check_movimentacao_bancaria;  CLICK - TOTVS - LINHA RM
17-03-2024 20:02:34.569Z;functions.check_movimentacao_bancaria;  CLICK - BACK OFFICE
17-03-2024 20:02:37.273Z;functions.check_movimentacao_bancaria;  CLICK - GESTAO FINANCEIRA
17-03-2024 20:02:43.557Z;functions.movimentacao_bancaria;  CLICK NA ABA MOVIMENTAÇÃO BANCARIA
17-03-2024 20:02:45.983Z;functions.waitForImage;  IMAGEM BORDERO image found.
17-03-2024 20:02:48.103Z;functions.movimentacao_bancaria;  IMAGEM BORDERO CLICADA.
17-03-2024 20:03:08.522Z;functions.waitForImage;  LICENCAS EXCEDIDAS image not found.
17-03-2024 20:03:09.207Z;functions.movimentacao_bancaria;  ENCONTROU O FILTRO DA MOVIMENTAÇÃO BANCÁRIA
17-03-2024 20:03:09.257Z;functions.movimentacao_bancaria;  CLICA NA ABA SUPERIOR DO FILTRO
17-03-2024 20:03:13.481Z;functions.movimentacao_bancaria;  SELECIONA O FILTRO HOJE
17-03-2024 20:03:17.075Z;functions.waitForImage;  FILTER CLEAN image found.
17-03-2024 20:03:19.210Z;functions.filter_clean;  CLICK NO BOTÃO X DO LIMPA FILTRO
17-03-2024 20:03:19.560Z;functions.waitForImage;  FILTER CLEAN image found.
17-03-2024 20:03:21.687Z;functions.filter_clean;  CLICK NO BOTÃO X DO LIMPA FILTRO
17-03-2024 20:03:36.847Z;functions.waitForImage;  FILTER CLEAN image not found.
17-03-2024 20:03:56.913Z;functions.movimentacao_bancaria;  SEM PROCESSAMENTO DE BORDERO
17-03-2024 20:04:17.027Z;functions.waitForImage;  FILTER CLEAN image not found.
17-03-2024 20:04:32.366Z;functions.waitForImage;  FILTER CLEAN image not found.
17-03-2024 20:04:47.624Z;functions.waitForImage;  FILTER CLEAN image not found.
17-03-2024 20:05:23.570Z;functions.remessa_pagamento;  SEM REMESSA DE BORDERO AUTORIZADO
17-03-2024 20:05:24.445Z;functions.enter_contas_a_pagar;  CLICK - TOTVS - LINHA RM
17-03-2024 20:05:26.232Z;functions.enter_contas_a_pagar;  CLICK - BACK OFFICE
17-03-2024 20:05:29.008Z;functions.enter_contas_a_pagar;  CLICK - GESTAO FINANCEIRA
17-03-2024 20:05:35.116Z;functions.enter_contas_a_pagar;  CLICK - CONTAS A PAGAR
17-03-2024 20:05:36.290Z;functions.waitForImage;  LANÇAMENTOS image found.
17-03-2024 20:05:38.423Z;functions.enter_contas_a_pagar;  CLICA EM LANÇAMENTOS
17-03-2024 20:05:53.904Z;functions.waitForImage;  LICENCAS EXCEDIDAS image not found.
17-03-2024 20:05:53.904Z;functions.obter_intervalo_data;  VERIFICANDO A HORA ATUAL 20
17-03-2024 20:05:53.920Z;functions.obter_intervalo_data;  Data Inicial FERIAS/RESCISAO antes da remoção: None
17-03-2024 20:05:53.920Z;functions.obter_intervalo_data;  Data Final FERIAS/RESCISAO antes da remoção: None
17-03-2024 20:05:53.920Z;functions.obter_intervalo_data;  Data Inicial FERIAS/RESCISAO após a remoção: None
17-03-2024 20:05:53.920Z;functions.obter_intervalo_data;  Data Final FERIAS/RESCISAO após a remoção: None
17-03-2024 20:05:53.920Z;functions.obter_intervalo_data;  hoje -  2024-03-17 20:05:53.920095
17-03-2024 20:05:53.920Z;functions.data_filter;  DATA INICIO 20-03-2024
17-03-2024 20:05:53.920Z;functions.data_filter;  DATA FIM 26-03-2024
17-03-2024 20:05:53.920Z;functions.data_filter;  CLICK - SELECIONA A DATA DE QUARTA FEIRA E DA PROXIMA TERÇA
17-03-2024 20:05:53.920Z;functions.data_filter;  QUARTA-FEIRA: 20-03-2024
17-03-2024 20:05:53.920Z;functions.data_filter;  TERCA-FEIRA: 26-03-2024
17-03-2024 20:05:58.086Z;functions.data_filter;  ESCREVE REMESSA BANCÁRIA NO FILTRO
17-03-2024 20:05:58.945Z;functions.data_filter;  CLICK - BUTÃO DE SELECAO DE FILTRO
17-03-2024 20:06:03.540Z;functions.data_filter;  INSERE - DATA DE QUARTA-FEIRA: 20-03-2024
17-03-2024 20:06:07.540Z;functions.data_filter;  INSERE - DATA DA PROX TERCA-FEIRA: 26-03-2024
17-03-2024 20:06:08.460Z;functions.data_filter;  CLICK - BUTÃO DE EXECUTAR O FILTRO
17-03-2024 20:06:15.148Z;functions.desmark_filter;  CLICK CHECKBOX LANÇAMENTOS A RECEBER
17-03-2024 20:06:16.992Z;functions.desmark_filter;  CLICK CHECKBOX LANÇAMENTOS BAIXADOS
17-03-2024 20:06:18.992Z;functions.desmark_filter;  CLICK CHECKBOX LANÇAMENTOS CANCELADOS
17-03-2024 20:06:21.163Z;functions.desmark_filter;  CLICK CHECKBOX LANÇAMENTOS FATURADOS
17-03-2024 20:06:23.415Z;functions.desmark_filter;  ATUALIZA O FILTRO
17-03-2024 20:06:23.760Z;functions.waitForImage;  FILTER CLEAN image found.
17-03-2024 20:06:25.870Z;functions.filter_clean;  CLICK NO BOTÃO X DO LIMPA FILTRO
17-03-2024 20:06:40.937Z;functions.waitForImage;  FILTER CLEAN image not found.
17-03-2024 20:06:56.304Z;functions.waitForImage;  FILTER CLEAN image not found.
17-03-2024 20:06:58.759Z;functions.tabela_vazia;  Texto extraido 0/0
17-03-2024 20:06:58.759Z;functions.tabela_vazia;  Count 0
17-03-2024 20:06:58.759Z;functions.tabela_vazia;  Type <class 'int'>
17-03-2024 20:07:00.763Z;functions.tabela_vazia;  SEM REMESSA DE FÉRIAS/RESCISÃO
17-03-2024 20:07:02.764Z;main.<module>;  SEM REMESSA DE FÉRIAS/RESCISÃO
17-03-2024 20:07:07.694Z;errorhandler.__handle;  Property: Unknown Property name. [1:203: -ms-interpolation-mode]
17-03-2024 20:07:07.748Z;errorhandler.__handle;  Property: Unknown Property name. [1:353: -webkit-font-smoothing]
17-03-2024 20:07:07.761Z;errorhandler.__handle;  Property: Unknown Property name. [1:483: -ms-text-size-adjust]
17-03-2024 20:07:07.761Z;errorhandler.__handle;  Property: Unknown Property name. [1:518: -webkit-text-size-adjust]
17-03-2024 20:07:07.761Z;errorhandler.__handle;  Property: Unknown Property name. [1:612: mso-table-lspace]
17-03-2024 20:07:07.761Z;errorhandler.__handle;  Property: Unknown Property name. [1:642: mso-table-rspace]
17-03-2024 20:07:08.039Z;errorhandler.__handle;  Property: Unknown Property name. [1:4734: mso-hide]
17-03-2024 20:07:08.148Z;errorhandler.__handle;  Property: Unknown Property name. [1:13: -ms-interpolation-mode]
17-03-2024 20:07:08.148Z;errorhandler.__handle;  Property: Unknown Property name. [1:49: -webkit-font-smoothing]
17-03-2024 20:07:08.148Z;errorhandler.__handle;  Property: Unknown Property name. [1:134: -ms-text-size-adjust]
17-03-2024 20:07:08.148Z;errorhandler.__handle;  Property: Unknown Property name. [1:160: -webkit-text-size-adjust]
17-03-2024 20:07:08.148Z;errorhandler.__handle;  Property: Unknown Property name. [1:26: mso-table-lspace]
17-03-2024 20:07:08.164Z;errorhandler.__handle;  Property: Unknown Property name. [1:45: mso-table-rspace]
17-03-2024 20:07:08.217Z;errorhandler.__handle;  Property: Unknown Property name. [1:92: mso-hide]
17-03-2024 20:07:08.233Z;errorhandler.__handle;  Property: No ":" after name found: align-center [1:1: align-center]
17-03-2024 20:07:08.233Z;errorhandler.__handle;  Property: No property value found: align-center [1:1: align-center]
17-03-2024 20:07:08.234Z;errorhandler.__handle;  CSSStyleDeclaration: Syntax Error in Property: align-center
17-03-2024 20:07:08.237Z;errorhandler.__handle;  Property: Unknown Property name. [1:14: -ms-interpolation-mode]
17-03-2024 20:07:11.061Z;functions.emailFinalizado;  Finalizado e-mail sent.
17-03-2024 20:07:11.457Z;functions.encerra_prog;  RM ENCERRADO
