31-03-2024 06:00:29.142Z;functions.bot_text_art;      ____   
31-03-2024 06:00:29.142Z;functions.bot_text_art;     [____]    
31-03-2024 06:00:29.142Z;functions.bot_text_art;   |=]()()[=|  
31-03-2024 06:00:29.142Z;functions.bot_text_art;     _\==/__    _____    ____     _        _____    ___   _  __
31-03-2024 06:00:29.142Z;functions.bot_text_art;   |__|   |_|  |  _  \  / ___|   | |      |_   _| / ___| | |/ /
31-03-2024 06:00:29.142Z;functions.bot_text_art;   |_|_/\_|_|  | |  | | | |      | |        | |   | |    | ' / 
31-03-2024 06:00:29.142Z;functions.bot_text_art;   | | __ | |  | |  | | | |      | |        | |   | |    |  <  
31-03-2024 06:00:29.142Z;functions.bot_text_art;   |_|[  ]|_|  | |__| | | |____  | |____   _| |_  | |__  | . \ 
31-03-2024 06:00:29.142Z;functions.bot_text_art;   \_|_||_|_/  |_____/   \_____| |______| |_____| \ ___| |_|\_\
31-03-2024 06:00:29.142Z;functions.bot_text_art;     |_||_|                                                     
31-03-2024 06:00:29.142Z;functions.bot_text_art;     | ||_|_   
31-03-2024 06:00:29.142Z;functions.bot_text_art;   |___||___|  
31-03-2024 06:00:29.142Z;functions.bot_text_art;               
31-03-2024 06:00:29.764Z;functions.open_RM;  OPEN PROGRAM RM
31-03-2024 06:00:49.877Z;functions.loggin_RM;  ENTRAR USER_NAME
31-03-2024 06:00:53.310Z;functions.loggin_RM;  ENTRAR PASSWORD
31-03-2024 06:00:54.533Z;functions.loggin_RM;  ENTRAR RM
31-03-2024 06:01:48.595Z;functions.enter_coligada;  CLICK CONTEXTO
31-03-2024 06:01:53.831Z;functions.enter_coligada;  CLICK ALTERAR MODULO DO CONTEXTO
31-03-2024 06:01:57.393Z;functions.enter_coligada;  INSERE O COLIGADA CODE = 1
31-03-2024 06:01:57.498Z;functions.enter_coligada;  APERTA TAB PARA PREENCHER O CAMPO COM A STRING: OCEANICA ENGENHARIA E CONSULTORIA S.A.
31-03-2024 06:01:59.360Z;functions.enter_coligada;  CLICK AVANÇAR NOVAMENTE
31-03-2024 06:02:00.565Z;functions.enter_coligada;  CLICK CONCLUIR
31-03-2024 06:02:22.095Z;functions.enter_coligada;  POP UP COLIGADA DESAPARECER
31-03-2024 06:02:22.940Z;functions.check_movimentacao_bancaria;  CLICK - TOTVS - LINHA RM
31-03-2024 06:02:24.643Z;functions.check_movimentacao_bancaria;  CLICK - BACK OFFICE
31-03-2024 06:02:27.392Z;functions.check_movimentacao_bancaria;  CLICK - GESTAO FINANCEIRA
31-03-2024 06:02:33.376Z;functions.movimentacao_bancaria;  CLICK NA ABA MOVIMENTAÇÃO BANCARIA
31-03-2024 06:02:35.829Z;functions.waitForImage;  IMAGEM BORDERO image found.
31-03-2024 06:02:37.976Z;functions.movimentacao_bancaria;  IMAGEM BORDERO CLICADA.
31-03-2024 06:02:48.674Z;functions.waitForImage;  LICENCAS EXCEDIDAS image not found.
31-03-2024 06:02:49.353Z;functions.movimentacao_bancaria;  ENCONTROU O FILTRO DA MOVIMENTAÇÃO BANCÁRIA
31-03-2024 06:02:49.384Z;functions.movimentacao_bancaria;  CLICA NA ABA SUPERIOR DO FILTRO
31-03-2024 06:02:53.595Z;functions.movimentacao_bancaria;  SELECIONA O FILTRO HOJE
31-03-2024 06:03:09.111Z;functions.waitForImage;  FILTER CLEAN image not found.
31-03-2024 06:03:24.463Z;functions.waitForImage;  FILTER CLEAN image not found.
31-03-2024 06:03:40.244Z;functions.waitForImage;  FILTER CLEAN image not found.
31-03-2024 06:04:00.095Z;functions.movimentacao_bancaria;  SEM PROCESSAMENTO DE BORDERO
31-03-2024 06:04:20.475Z;functions.waitForImage;  FILTER CLEAN image not found.
31-03-2024 06:04:35.971Z;functions.waitForImage;  FILTER CLEAN image not found.
31-03-2024 06:04:51.412Z;functions.waitForImage;  FILTER CLEAN image not found.
31-03-2024 06:05:26.955Z;functions.remessa_pagamento;  SEM REMESSA DE BORDERO AUTORIZADO
31-03-2024 06:05:27.830Z;functions.enter_contas_a_pagar;  CLICK - TOTVS - LINHA RM
31-03-2024 06:05:29.190Z;functions.enter_contas_a_pagar;  CLICK - BACK OFFICE
31-03-2024 06:05:30.110Z;functions.enter_contas_a_pagar;  CLICK - GESTAO FINANCEIRA
31-03-2024 06:05:36.627Z;functions.enter_contas_a_pagar;  CLICK - CONTAS A PAGAR
31-03-2024 06:05:36.924Z;functions.waitForImage;  LANÇAMENTOS image found.
31-03-2024 06:05:39.054Z;functions.enter_contas_a_pagar;  CLICA EM LANÇAMENTOS
31-03-2024 06:05:54.345Z;functions.waitForImage;  LICENCAS EXCEDIDAS image not found.
31-03-2024 06:05:54.345Z;functions.obter_intervalo_data;  VERIFICANDO A HORA ATUAL 6
31-03-2024 06:05:54.360Z;functions.obter_intervalo_data;  Data Inicial FERIAS/RESCISAO antes da remoção: None
31-03-2024 06:05:54.360Z;functions.obter_intervalo_data;  Data Final FERIAS/RESCISAO antes da remoção: None
31-03-2024 06:05:54.360Z;functions.obter_intervalo_data;  Data Inicial FERIAS/RESCISAO após a remoção: None
31-03-2024 06:05:54.360Z;functions.obter_intervalo_data;  Data Final FERIAS/RESCISAO após a remoção: None
31-03-2024 06:05:54.360Z;functions.obter_intervalo_data;  hoje -  2024-03-31 06:05:54.360685
31-03-2024 06:05:54.360Z;functions.data_filter;  DATA INICIO 03-04-2024
31-03-2024 06:05:54.360Z;functions.data_filter;  DATA FIM 09-04-2024
31-03-2024 06:05:54.360Z;functions.data_filter;  CLICK - SELECIONA A DATA DE QUARTA FEIRA E DA PROXIMA TERÇA
31-03-2024 06:05:54.360Z;functions.data_filter;  QUARTA-FEIRA: 03-04-2024
31-03-2024 06:05:54.360Z;functions.data_filter;  TERCA-FEIRA: 09-04-2024
31-03-2024 06:06:07.994Z;functions.data_filter;  CLICK - BUTÃO DE SELECAO DE FILTRO
31-03-2024 06:06:12.485Z;functions.data_filter;  INSERE - DATA DE QUARTA-FEIRA: 03-04-2024
31-03-2024 06:06:16.423Z;functions.data_filter;  INSERE - DATA DA PROX TERCA-FEIRA: 09-04-2024
31-03-2024 06:06:17.329Z;functions.data_filter;  CLICK - BUTÃO DE EXECUTAR O FILTRO
31-03-2024 06:06:24.033Z;functions.desmark_filter;  CLICK CHECKBOX LANÇAMENTOS A RECEBER
31-03-2024 06:06:25.861Z;functions.desmark_filter;  CLICK CHECKBOX LANÇAMENTOS BAIXADOS
31-03-2024 06:06:27.753Z;functions.desmark_filter;  CLICK CHECKBOX LANÇAMENTOS CANCELADOS
31-03-2024 06:06:29.830Z;functions.desmark_filter;  CLICK CHECKBOX LANÇAMENTOS FATURADOS
31-03-2024 06:06:32.081Z;functions.desmark_filter;  ATUALIZA O FILTRO
31-03-2024 06:06:32.417Z;functions.waitForImage;  FILTER CLEAN image found.
31-03-2024 06:06:34.529Z;functions.filter_clean;  CLICK NO BOTÃO X DO LIMPA FILTRO
31-03-2024 06:06:50.166Z;functions.waitForImage;  FILTER CLEAN image not found.
31-03-2024 06:07:05.619Z;functions.waitForImage;  FILTER CLEAN image not found.
31-03-2024 06:07:07.908Z;functions.tabela_vazia;  Texto extraido 0/0
31-03-2024 06:07:07.908Z;functions.tabela_vazia;  Count 0
31-03-2024 06:07:07.908Z;functions.tabela_vazia;  Type <class 'int'>
31-03-2024 06:07:09.917Z;functions.tabela_vazia;  SEM REMESSA DE FÉRIAS/RESCISÃO
31-03-2024 06:07:11.918Z;main.<module>;  SEM REMESSA DE FÉRIAS/RESCISÃO
31-03-2024 06:07:15.346Z;errorhandler.__handle;  Property: Unknown Property name. [1:203: -ms-interpolation-mode]
31-03-2024 06:07:15.393Z;errorhandler.__handle;  Property: Unknown Property name. [1:353: -webkit-font-smoothing]
31-03-2024 06:07:15.409Z;errorhandler.__handle;  Property: Unknown Property name. [1:483: -ms-text-size-adjust]
31-03-2024 06:07:15.409Z;errorhandler.__handle;  Property: Unknown Property name. [1:518: -webkit-text-size-adjust]
31-03-2024 06:07:15.409Z;errorhandler.__handle;  Property: Unknown Property name. [1:612: mso-table-lspace]
31-03-2024 06:07:15.409Z;errorhandler.__handle;  Property: Unknown Property name. [1:642: mso-table-rspace]
31-03-2024 06:07:15.643Z;errorhandler.__handle;  Property: Unknown Property name. [1:4734: mso-hide]
31-03-2024 06:07:15.772Z;errorhandler.__handle;  Property: Unknown Property name. [1:13: -ms-interpolation-mode]
31-03-2024 06:07:15.775Z;errorhandler.__handle;  Property: Unknown Property name. [1:49: -webkit-font-smoothing]
31-03-2024 06:07:15.778Z;errorhandler.__handle;  Property: Unknown Property name. [1:134: -ms-text-size-adjust]
31-03-2024 06:07:15.780Z;errorhandler.__handle;  Property: Unknown Property name. [1:160: -webkit-text-size-adjust]
31-03-2024 06:07:15.782Z;errorhandler.__handle;  Property: Unknown Property name. [1:26: mso-table-lspace]
31-03-2024 06:07:15.783Z;errorhandler.__handle;  Property: Unknown Property name. [1:45: mso-table-rspace]
31-03-2024 06:07:15.814Z;errorhandler.__handle;  Property: Unknown Property name. [1:92: mso-hide]
31-03-2024 06:07:15.830Z;errorhandler.__handle;  Property: No ":" after name found: align-center [1:1: align-center]
31-03-2024 06:07:15.830Z;errorhandler.__handle;  Property: No property value found: align-center [1:1: align-center]
31-03-2024 06:07:15.830Z;errorhandler.__handle;  CSSStyleDeclaration: Syntax Error in Property: align-center
31-03-2024 06:07:15.845Z;errorhandler.__handle;  Property: Unknown Property name. [1:14: -ms-interpolation-mode]
31-03-2024 06:07:18.315Z;functions.emailFinalizado;  Finalizado e-mail sent.
31-03-2024 06:07:18.659Z;functions.encerra_prog;  RM ENCERRADO
