31-03-2024 14:00:31.167Z;functions.bot_text_art;      ____   
31-03-2024 14:00:31.167Z;functions.bot_text_art;     [____]    
31-03-2024 14:00:31.167Z;functions.bot_text_art;   |=]()()[=|  
31-03-2024 14:00:31.167Z;functions.bot_text_art;     _\==/__    _____    ____     _        _____    ___   _  __
31-03-2024 14:00:31.167Z;functions.bot_text_art;   |__|   |_|  |  _  \  / ___|   | |      |_   _| / ___| | |/ /
31-03-2024 14:00:31.167Z;functions.bot_text_art;   |_|_/\_|_|  | |  | | | |      | |        | |   | |    | ' / 
31-03-2024 14:00:31.167Z;functions.bot_text_art;   | | __ | |  | |  | | | |      | |        | |   | |    |  <  
31-03-2024 14:00:31.167Z;functions.bot_text_art;   |_|[  ]|_|  | |__| | | |____  | |____   _| |_  | |__  | . \ 
31-03-2024 14:00:31.167Z;functions.bot_text_art;   \_|_||_|_/  |_____/   \_____| |______| |_____| \ ___| |_|\_\
31-03-2024 14:00:31.167Z;functions.bot_text_art;     |_||_|                                                     
31-03-2024 14:00:31.167Z;functions.bot_text_art;     | ||_|_   
31-03-2024 14:00:31.167Z;functions.bot_text_art;   |___||___|  
31-03-2024 14:00:31.167Z;functions.bot_text_art;               
31-03-2024 14:00:31.870Z;functions.open_RM;  OPEN PROGRAM RM
31-03-2024 14:00:52.323Z;functions.loggin_RM;  ENTRAR USER_NAME
31-03-2024 14:00:55.809Z;functions.loggin_RM;  ENTRAR PASSWORD
31-03-2024 14:00:57.041Z;functions.loggin_RM;  ENTRAR RM
31-03-2024 14:01:50.822Z;functions.enter_coligada;  CLICK CONTEXTO
31-03-2024 14:01:55.948Z;functions.enter_coligada;  CLICK ALTERAR MODULO DO CONTEXTO
31-03-2024 14:01:59.387Z;functions.enter_coligada;  INSERE O COLIGADA CODE = 1
31-03-2024 14:01:59.530Z;functions.enter_coligada;  APERTA TAB PARA PREENCHER O CAMPO COM A STRING: OCEANICA ENGENHARIA E CONSULTORIA S.A.
31-03-2024 14:02:01.362Z;functions.enter_coligada;  CLICK AVANÇAR NOVAMENTE
31-03-2024 14:02:02.541Z;functions.enter_coligada;  CLICK CONCLUIR
31-03-2024 14:02:23.338Z;functions.enter_coligada;  POP UP COLIGADA DESAPARECER
31-03-2024 14:02:24.166Z;functions.check_movimentacao_bancaria;  CLICK - TOTVS - LINHA RM
31-03-2024 14:02:25.886Z;functions.check_movimentacao_bancaria;  CLICK - BACK OFFICE
31-03-2024 14:02:28.572Z;functions.check_movimentacao_bancaria;  CLICK - GESTAO FINANCEIRA
31-03-2024 14:02:34.953Z;functions.movimentacao_bancaria;  CLICK NA ABA MOVIMENTAÇÃO BANCARIA
31-03-2024 14:02:37.373Z;functions.waitForImage;  IMAGEM BORDERO image found.
31-03-2024 14:02:39.503Z;functions.movimentacao_bancaria;  IMAGEM BORDERO CLICADA.
31-03-2024 14:02:49.785Z;functions.waitForImage;  LICENCAS EXCEDIDAS image not found.
31-03-2024 14:02:50.464Z;functions.movimentacao_bancaria;  ENCONTROU O FILTRO DA MOVIMENTAÇÃO BANCÁRIA
31-03-2024 14:02:50.495Z;functions.movimentacao_bancaria;  CLICA NA ABA SUPERIOR DO FILTRO
31-03-2024 14:02:54.708Z;functions.movimentacao_bancaria;  SELECIONA O FILTRO HOJE
31-03-2024 14:02:59.184Z;functions.waitForImage;  FILTER CLEAN image found.
31-03-2024 14:03:01.312Z;functions.filter_clean;  CLICK NO BOTÃO X DO LIMPA FILTRO
31-03-2024 14:03:01.689Z;functions.waitForImage;  FILTER CLEAN image found.
31-03-2024 14:03:03.814Z;functions.filter_clean;  CLICK NO BOTÃO X DO LIMPA FILTRO
31-03-2024 14:03:19.488Z;functions.waitForImage;  FILTER CLEAN image not found.
31-03-2024 14:03:22.963Z;functions.movimentacao_bancaria;  CLICK NA PRIMEIRA LINHA DA TABELA MOVIMENTAÇÃO BANCÁRIA
31-03-2024 14:03:24.190Z;functions.movimentacao_bancaria;  12 PASSOS PARA DIREITA NA TABELA >>
31-03-2024 14:03:26.135Z;functions.movimentacao_bancaria;  HOVER FILTER
31-03-2024 14:03:26.599Z;functions.movimentacao_bancaria;  CLICK FILTER
31-03-2024 14:03:30.924Z;functions.movimentacao_bancaria;  CLICK NO FILTRO  STATUS DA REMESSA
31-03-2024 14:03:33.027Z;functions.movimentacao_bancaria;  APERTA TAB PARA ESCREVER O FILTRO
31-03-2024 14:03:35.140Z;functions.movimentacao_bancaria;  ESCREVE PENDENTE NO FILTRO
31-03-2024 14:03:37.242Z;functions.movimentacao_bancaria;  APERTA ENTER PARA SELECIONAR OS PENDENTES
31-03-2024 14:03:56.980Z;functions.movimentacao_bancaria;  SEM PROCESSAMENTO DE BORDERO PENDENTE.
31-03-2024 14:04:02.309Z;functions.waitForImage;  FILTER CLEAN image found.
31-03-2024 14:04:04.432Z;functions.filter_clean;  CLICK NO BOTÃO X DO LIMPA FILTRO
31-03-2024 14:04:19.822Z;functions.waitForImage;  FILTER CLEAN image not found.
31-03-2024 14:04:35.158Z;functions.waitForImage;  FILTER CLEAN image not found.
31-03-2024 14:04:36.776Z;functions.remessa_pagamento;  CLICK NA PRIMEIRA LINHA DA TABELA MOVIMENTAÇÃO BANCÁRIA
31-03-2024 14:04:38.713Z;functions.remessa_pagamento;  HOVER FILTER
31-03-2024 14:04:39.169Z;functions.remessa_pagamento;  CLICK FILTER
31-03-2024 14:04:43.505Z;functions.remessa_pagamento;  CLICK NO FILTRO  STATUS DA REMESSA
31-03-2024 14:04:45.608Z;functions.remessa_pagamento;  APERTA TAB PARA ESCREVER O FILTRO
31-03-2024 14:04:47.725Z;functions.remessa_pagamento;  ESCREVE AUTORIZADO NO FILTRO
31-03-2024 14:04:49.827Z;functions.remessa_pagamento;  APERTA ENTER PARA SELECIONAR OS AUTORIZADO
31-03-2024 14:05:09.478Z;functions.remessa_pagamento;  SEM REMESSA DE BORDERO AUTORIZADO
31-03-2024 14:05:10.278Z;functions.enter_contas_a_pagar;  CLICK - TOTVS - LINHA RM
31-03-2024 14:05:11.651Z;functions.enter_contas_a_pagar;  CLICK - BACK OFFICE
31-03-2024 14:05:12.572Z;functions.enter_contas_a_pagar;  CLICK - GESTAO FINANCEIRA
31-03-2024 14:05:18.665Z;functions.enter_contas_a_pagar;  CLICK - CONTAS A PAGAR
31-03-2024 14:05:19.029Z;functions.waitForImage;  LANÇAMENTOS image found.
31-03-2024 14:05:21.162Z;functions.enter_contas_a_pagar;  CLICA EM LANÇAMENTOS
31-03-2024 14:05:36.589Z;functions.waitForImage;  LICENCAS EXCEDIDAS image not found.
31-03-2024 14:05:36.589Z;functions.obter_intervalo_data;  VERIFICANDO A HORA ATUAL 14
31-03-2024 14:05:36.604Z;functions.obter_intervalo_data;  Data Inicial FERIAS/RESCISAO antes da remoção: None
31-03-2024 14:05:36.604Z;functions.obter_intervalo_data;  Data Final FERIAS/RESCISAO antes da remoção: None
31-03-2024 14:05:36.604Z;functions.obter_intervalo_data;  Data Inicial FERIAS/RESCISAO após a remoção: None
31-03-2024 14:05:36.604Z;functions.obter_intervalo_data;  Data Final FERIAS/RESCISAO após a remoção: None
31-03-2024 14:05:36.604Z;functions.obter_intervalo_data;  hoje -  2024-03-31 14:05:36.604818
31-03-2024 14:05:36.604Z;functions.data_filter;  DATA INICIO 03-04-2024
31-03-2024 14:05:36.604Z;functions.data_filter;  DATA FIM 09-04-2024
31-03-2024 14:05:36.604Z;functions.data_filter;  CLICK - SELECIONA A DATA DE QUARTA FEIRA E DA PROXIMA TERÇA
31-03-2024 14:05:36.604Z;functions.data_filter;  QUARTA-FEIRA: 03-04-2024
31-03-2024 14:05:36.604Z;functions.data_filter;  TERCA-FEIRA: 09-04-2024
31-03-2024 14:05:49.822Z;functions.data_filter;  CLICK - BUTÃO DE SELECAO DE FILTRO
31-03-2024 14:05:54.200Z;functions.data_filter;  INSERE - DATA DE QUARTA-FEIRA: 03-04-2024
31-03-2024 14:05:58.182Z;functions.data_filter;  INSERE - DATA DA PROX TERCA-FEIRA: 09-04-2024
31-03-2024 14:05:59.088Z;functions.data_filter;  CLICK - BUTÃO DE EXECUTAR O FILTRO
31-03-2024 14:06:05.777Z;functions.desmark_filter;  CLICK CHECKBOX LANÇAMENTOS A RECEBER
31-03-2024 14:06:07.543Z;functions.desmark_filter;  CLICK CHECKBOX LANÇAMENTOS BAIXADOS
31-03-2024 14:06:09.467Z;functions.desmark_filter;  CLICK CHECKBOX LANÇAMENTOS CANCELADOS
31-03-2024 14:06:11.635Z;functions.desmark_filter;  CLICK CHECKBOX LANÇAMENTOS FATURADOS
31-03-2024 14:06:13.823Z;functions.desmark_filter;  ATUALIZA O FILTRO
31-03-2024 14:06:14.221Z;functions.waitForImage;  FILTER CLEAN image found.
31-03-2024 14:06:16.335Z;functions.filter_clean;  CLICK NO BOTÃO X DO LIMPA FILTRO
31-03-2024 14:06:31.945Z;functions.waitForImage;  FILTER CLEAN image not found.
31-03-2024 14:06:47.572Z;functions.waitForImage;  FILTER CLEAN image not found.
31-03-2024 14:06:49.963Z;functions.tabela_vazia;  Texto extraido 0/0
31-03-2024 14:06:49.963Z;functions.tabela_vazia;  Count 0
31-03-2024 14:06:49.963Z;functions.tabela_vazia;  Type <class 'int'>
31-03-2024 14:06:51.968Z;functions.tabela_vazia;  SEM REMESSA DE FÉRIAS/RESCISÃO
31-03-2024 14:06:53.969Z;main.<module>;  SEM REMESSA DE FÉRIAS/RESCISÃO
31-03-2024 14:06:57.166Z;errorhandler.__handle;  Property: Unknown Property name. [1:203: -ms-interpolation-mode]
31-03-2024 14:06:57.213Z;errorhandler.__handle;  Property: Unknown Property name. [1:353: -webkit-font-smoothing]
31-03-2024 14:06:57.213Z;errorhandler.__handle;  Property: Unknown Property name. [1:483: -ms-text-size-adjust]
31-03-2024 14:06:57.213Z;errorhandler.__handle;  Property: Unknown Property name. [1:518: -webkit-text-size-adjust]
31-03-2024 14:06:57.228Z;errorhandler.__handle;  Property: Unknown Property name. [1:612: mso-table-lspace]
31-03-2024 14:06:57.228Z;errorhandler.__handle;  Property: Unknown Property name. [1:642: mso-table-rspace]
31-03-2024 14:06:57.463Z;errorhandler.__handle;  Property: Unknown Property name. [1:4734: mso-hide]
31-03-2024 14:06:57.572Z;errorhandler.__handle;  Property: Unknown Property name. [1:13: -ms-interpolation-mode]
31-03-2024 14:06:57.572Z;errorhandler.__handle;  Property: Unknown Property name. [1:49: -webkit-font-smoothing]
31-03-2024 14:06:57.588Z;errorhandler.__handle;  Property: Unknown Property name. [1:134: -ms-text-size-adjust]
31-03-2024 14:06:57.588Z;errorhandler.__handle;  Property: Unknown Property name. [1:160: -webkit-text-size-adjust]
31-03-2024 14:06:57.588Z;errorhandler.__handle;  Property: Unknown Property name. [1:26: mso-table-lspace]
31-03-2024 14:06:57.588Z;errorhandler.__handle;  Property: Unknown Property name. [1:45: mso-table-rspace]
31-03-2024 14:06:57.635Z;errorhandler.__handle;  Property: Unknown Property name. [1:92: mso-hide]
31-03-2024 14:06:57.635Z;errorhandler.__handle;  Property: No ":" after name found: align-center [1:1: align-center]
31-03-2024 14:06:57.635Z;errorhandler.__handle;  Property: No property value found: align-center [1:1: align-center]
31-03-2024 14:06:57.635Z;errorhandler.__handle;  CSSStyleDeclaration: Syntax Error in Property: align-center
31-03-2024 14:06:57.650Z;errorhandler.__handle;  Property: Unknown Property name. [1:14: -ms-interpolation-mode]
31-03-2024 14:07:00.119Z;functions.emailFinalizado;  Finalizado e-mail sent.
31-03-2024 14:07:00.458Z;functions.encerra_prog;  RM ENCERRADO
