31-03-2024 20:00:25.674Z;functions.bot_text_art;      ____   
31-03-2024 20:00:25.674Z;functions.bot_text_art;     [____]    
31-03-2024 20:00:25.674Z;functions.bot_text_art;   |=]()()[=|  
31-03-2024 20:00:25.674Z;functions.bot_text_art;     _\==/__    _____    ____     _        _____    ___   _  __
31-03-2024 20:00:25.674Z;functions.bot_text_art;   |__|   |_|  |  _  \  / ___|   | |      |_   _| / ___| | |/ /
31-03-2024 20:00:25.674Z;functions.bot_text_art;   |_|_/\_|_|  | |  | | | |      | |        | |   | |    | ' / 
31-03-2024 20:00:25.674Z;functions.bot_text_art;   | | __ | |  | |  | | | |      | |        | |   | |    |  <  
31-03-2024 20:00:25.674Z;functions.bot_text_art;   |_|[  ]|_|  | |__| | | |____  | |____   _| |_  | |__  | . \ 
31-03-2024 20:00:25.689Z;functions.bot_text_art;   \_|_||_|_/  |_____/   \_____| |______| |_____| \ ___| |_|\_\
31-03-2024 20:00:25.689Z;functions.bot_text_art;     |_||_|                                                     
31-03-2024 20:00:25.689Z;functions.bot_text_art;     | ||_|_   
31-03-2024 20:00:25.689Z;functions.bot_text_art;   |___||___|  
31-03-2024 20:00:25.689Z;functions.bot_text_art;               
31-03-2024 20:00:25.689Z;functions.open_RM;  OPEN PROGRAM RM
31-03-2024 20:00:39.518Z;functions.loggin_RM;  ENTRAR USER_NAME
31-03-2024 20:00:42.917Z;functions.loggin_RM;  ENTRAR PASSWORD
31-03-2024 20:00:44.063Z;functions.loggin_RM;  ENTRAR RM
31-03-2024 20:01:14.721Z;functions.enter_coligada;  CLICK CONTEXTO
31-03-2024 20:01:19.369Z;functions.enter_coligada;  CLICK ALTERAR MODULO DO CONTEXTO
31-03-2024 20:01:22.917Z;functions.enter_coligada;  INSERE O COLIGADA CODE = 1
31-03-2024 20:01:23.060Z;functions.enter_coligada;  APERTA TAB PARA PREENCHER O CAMPO COM A STRING: OCEANICA ENGENHARIA E CONSULTORIA S.A.
31-03-2024 20:01:24.252Z;functions.enter_coligada;  CLICK AVANÇAR NOVAMENTE
31-03-2024 20:01:25.392Z;functions.enter_coligada;  CLICK CONCLUIR
31-03-2024 20:01:46.284Z;functions.enter_coligada;  POP UP COLIGADA DESAPARECER
31-03-2024 20:01:47.127Z;functions.check_movimentacao_bancaria;  CLICK - TOTVS - LINHA RM
31-03-2024 20:01:48.814Z;functions.check_movimentacao_bancaria;  CLICK - BACK OFFICE
31-03-2024 20:01:51.612Z;functions.check_movimentacao_bancaria;  CLICK - GESTAO FINANCEIRA
31-03-2024 20:01:57.673Z;functions.movimentacao_bancaria;  CLICK NA ABA MOVIMENTAÇÃO BANCARIA
31-03-2024 20:02:00.082Z;functions.waitForImage;  IMAGEM BORDERO image found.
31-03-2024 20:02:02.211Z;functions.movimentacao_bancaria;  IMAGEM BORDERO CLICADA.
31-03-2024 20:02:12.237Z;functions.waitForImage;  LICENCAS EXCEDIDAS image not found.
31-03-2024 20:02:12.952Z;functions.movimentacao_bancaria;  ENCONTROU O FILTRO DA MOVIMENTAÇÃO BANCÁRIA
31-03-2024 20:02:12.984Z;functions.movimentacao_bancaria;  CLICA NA ABA SUPERIOR DO FILTRO
31-03-2024 20:02:17.199Z;functions.movimentacao_bancaria;  SELECIONA O FILTRO HOJE
31-03-2024 20:02:20.705Z;functions.waitForImage;  FILTER CLEAN image found.
31-03-2024 20:02:22.839Z;functions.filter_clean;  CLICK NO BOTÃO X DO LIMPA FILTRO
31-03-2024 20:02:23.161Z;functions.waitForImage;  FILTER CLEAN image found.
31-03-2024 20:02:25.289Z;functions.filter_clean;  CLICK NO BOTÃO X DO LIMPA FILTRO
31-03-2024 20:02:40.501Z;functions.waitForImage;  FILTER CLEAN image not found.
31-03-2024 20:02:43.955Z;functions.movimentacao_bancaria;  CLICK NA PRIMEIRA LINHA DA TABELA MOVIMENTAÇÃO BANCÁRIA
31-03-2024 20:02:45.187Z;functions.movimentacao_bancaria;  12 PASSOS PARA DIREITA NA TABELA >>
31-03-2024 20:02:47.134Z;functions.movimentacao_bancaria;  HOVER FILTER
31-03-2024 20:02:47.633Z;functions.movimentacao_bancaria;  CLICK FILTER
31-03-2024 20:02:51.975Z;functions.movimentacao_bancaria;  CLICK NO FILTRO  STATUS DA REMESSA
31-03-2024 20:02:54.078Z;functions.movimentacao_bancaria;  APERTA TAB PARA ESCREVER O FILTRO
31-03-2024 20:02:56.192Z;functions.movimentacao_bancaria;  ESCREVE PENDENTE NO FILTRO
31-03-2024 20:02:58.295Z;functions.movimentacao_bancaria;  APERTA ENTER PARA SELECIONAR OS PENDENTES
31-03-2024 20:03:18.095Z;functions.movimentacao_bancaria;  SEM PROCESSAMENTO DE BORDERO PENDENTE.
31-03-2024 20:03:23.409Z;functions.waitForImage;  FILTER CLEAN image found.
31-03-2024 20:03:25.536Z;functions.filter_clean;  CLICK NO BOTÃO X DO LIMPA FILTRO
31-03-2024 20:03:40.704Z;functions.waitForImage;  FILTER CLEAN image not found.
31-03-2024 20:03:55.911Z;functions.waitForImage;  FILTER CLEAN image not found.
31-03-2024 20:03:57.549Z;functions.remessa_pagamento;  CLICK NA PRIMEIRA LINHA DA TABELA MOVIMENTAÇÃO BANCÁRIA
31-03-2024 20:03:59.487Z;functions.remessa_pagamento;  HOVER FILTER
31-03-2024 20:04:00.022Z;functions.remessa_pagamento;  CLICK FILTER
31-03-2024 20:04:04.354Z;functions.remessa_pagamento;  CLICK NO FILTRO  STATUS DA REMESSA
31-03-2024 20:04:06.457Z;functions.remessa_pagamento;  APERTA TAB PARA ESCREVER O FILTRO
31-03-2024 20:04:08.593Z;functions.remessa_pagamento;  ESCREVE AUTORIZADO NO FILTRO
31-03-2024 20:04:10.697Z;functions.remessa_pagamento;  APERTA ENTER PARA SELECIONAR OS AUTORIZADO
31-03-2024 20:04:30.500Z;functions.remessa_pagamento;  SEM REMESSA DE BORDERO AUTORIZADO
31-03-2024 20:04:31.360Z;functions.enter_contas_a_pagar;  CLICK - TOTVS - LINHA RM
31-03-2024 20:04:32.736Z;functions.enter_contas_a_pagar;  CLICK - BACK OFFICE
31-03-2024 20:04:33.642Z;functions.enter_contas_a_pagar;  CLICK - GESTAO FINANCEIRA
31-03-2024 20:04:39.610Z;functions.enter_contas_a_pagar;  CLICK - CONTAS A PAGAR
31-03-2024 20:04:40.798Z;functions.waitForImage;  LANÇAMENTOS image found.
31-03-2024 20:04:42.925Z;functions.enter_contas_a_pagar;  CLICA EM LANÇAMENTOS
31-03-2024 20:04:58.490Z;functions.waitForImage;  LICENCAS EXCEDIDAS image not found.
31-03-2024 20:04:58.490Z;functions.obter_intervalo_data;  VERIFICANDO A HORA ATUAL 20
31-03-2024 20:04:58.490Z;functions.obter_intervalo_data;  Data Inicial FERIAS/RESCISAO antes da remoção: None
31-03-2024 20:04:58.490Z;functions.obter_intervalo_data;  Data Final FERIAS/RESCISAO antes da remoção: None
31-03-2024 20:04:58.505Z;functions.obter_intervalo_data;  Data Inicial FERIAS/RESCISAO após a remoção: None
31-03-2024 20:04:58.505Z;functions.obter_intervalo_data;  Data Final FERIAS/RESCISAO após a remoção: None
31-03-2024 20:04:58.505Z;functions.obter_intervalo_data;  hoje -  2024-03-31 20:04:58.505679
31-03-2024 20:04:58.505Z;functions.data_filter;  DATA INICIO 03-04-2024
31-03-2024 20:04:58.505Z;functions.data_filter;  DATA FIM 09-04-2024
31-03-2024 20:04:58.505Z;functions.data_filter;  CLICK - SELECIONA A DATA DE QUARTA FEIRA E DA PROXIMA TERÇA
31-03-2024 20:04:58.505Z;functions.data_filter;  QUARTA-FEIRA: 03-04-2024
31-03-2024 20:04:58.505Z;functions.data_filter;  TERCA-FEIRA: 09-04-2024
31-03-2024 20:05:11.626Z;functions.data_filter;  CLICK - BUTÃO DE SELECAO DE FILTRO
31-03-2024 20:05:16.313Z;functions.data_filter;  INSERE - DATA DE QUARTA-FEIRA: 03-04-2024
31-03-2024 20:05:20.360Z;functions.data_filter;  INSERE - DATA DA PROX TERCA-FEIRA: 09-04-2024
31-03-2024 20:05:21.284Z;functions.data_filter;  CLICK - BUTÃO DE EXECUTAR O FILTRO
31-03-2024 20:05:27.985Z;functions.desmark_filter;  CLICK CHECKBOX LANÇAMENTOS A RECEBER
31-03-2024 20:05:29.751Z;functions.desmark_filter;  CLICK CHECKBOX LANÇAMENTOS BAIXADOS
31-03-2024 20:05:31.722Z;functions.desmark_filter;  CLICK CHECKBOX LANÇAMENTOS CANCELADOS
31-03-2024 20:05:33.846Z;functions.desmark_filter;  CLICK CHECKBOX LANÇAMENTOS FATURADOS
31-03-2024 20:05:36.079Z;functions.desmark_filter;  ATUALIZA O FILTRO
31-03-2024 20:05:36.354Z;functions.waitForImage;  FILTER CLEAN image found.
31-03-2024 20:05:38.485Z;functions.filter_clean;  CLICK NO BOTÃO X DO LIMPA FILTRO
31-03-2024 20:05:53.626Z;functions.waitForImage;  FILTER CLEAN image not found.
31-03-2024 20:06:08.845Z;functions.waitForImage;  FILTER CLEAN image not found.
31-03-2024 20:06:11.222Z;functions.tabela_vazia;  Texto extraido 0/0
31-03-2024 20:06:11.222Z;functions.tabela_vazia;  Count 0
31-03-2024 20:06:11.222Z;functions.tabela_vazia;  Type <class 'int'>
31-03-2024 20:06:13.225Z;functions.tabela_vazia;  SEM REMESSA DE FÉRIAS/RESCISÃO
31-03-2024 20:06:15.226Z;main.<module>;  SEM REMESSA DE FÉRIAS/RESCISÃO
31-03-2024 20:06:18.188Z;errorhandler.__handle;  Property: Unknown Property name. [1:203: -ms-interpolation-mode]
31-03-2024 20:06:18.219Z;errorhandler.__handle;  Property: Unknown Property name. [1:353: -webkit-font-smoothing]
31-03-2024 20:06:18.235Z;errorhandler.__handle;  Property: Unknown Property name. [1:483: -ms-text-size-adjust]
31-03-2024 20:06:18.235Z;errorhandler.__handle;  Property: Unknown Property name. [1:518: -webkit-text-size-adjust]
31-03-2024 20:06:18.235Z;errorhandler.__handle;  Property: Unknown Property name. [1:612: mso-table-lspace]
31-03-2024 20:06:18.235Z;errorhandler.__handle;  Property: Unknown Property name. [1:642: mso-table-rspace]
31-03-2024 20:06:18.422Z;errorhandler.__handle;  Property: Unknown Property name. [1:4734: mso-hide]
31-03-2024 20:06:18.500Z;errorhandler.__handle;  Property: Unknown Property name. [1:13: -ms-interpolation-mode]
31-03-2024 20:06:18.500Z;errorhandler.__handle;  Property: Unknown Property name. [1:49: -webkit-font-smoothing]
31-03-2024 20:06:18.500Z;errorhandler.__handle;  Property: Unknown Property name. [1:134: -ms-text-size-adjust]
31-03-2024 20:06:18.500Z;errorhandler.__handle;  Property: Unknown Property name. [1:160: -webkit-text-size-adjust]
31-03-2024 20:06:18.500Z;errorhandler.__handle;  Property: Unknown Property name. [1:26: mso-table-lspace]
31-03-2024 20:06:18.516Z;errorhandler.__handle;  Property: Unknown Property name. [1:45: mso-table-rspace]
31-03-2024 20:06:18.532Z;errorhandler.__handle;  Property: Unknown Property name. [1:92: mso-hide]
31-03-2024 20:06:18.553Z;errorhandler.__handle;  Property: No ":" after name found: align-center [1:1: align-center]
31-03-2024 20:06:18.554Z;errorhandler.__handle;  Property: No property value found: align-center [1:1: align-center]
31-03-2024 20:06:18.554Z;errorhandler.__handle;  CSSStyleDeclaration: Syntax Error in Property: align-center
31-03-2024 20:06:18.557Z;errorhandler.__handle;  Property: Unknown Property name. [1:14: -ms-interpolation-mode]
31-03-2024 20:06:20.986Z;functions.emailFinalizado;  Finalizado e-mail sent.
31-03-2024 20:06:21.365Z;functions.encerra_prog;  RM ENCERRADO
