01-04-2024 06:00:29.218Z;functions.bot_text_art;      ____   
01-04-2024 06:00:29.218Z;functions.bot_text_art;     [____]    
01-04-2024 06:00:29.218Z;functions.bot_text_art;   |=]()()[=|  
01-04-2024 06:00:29.218Z;functions.bot_text_art;     _\==/__    _____    ____     _        _____    ___   _  __
01-04-2024 06:00:29.218Z;functions.bot_text_art;   |__|   |_|  |  _  \  / ___|   | |      |_   _| / ___| | |/ /
01-04-2024 06:00:29.218Z;functions.bot_text_art;   |_|_/\_|_|  | |  | | | |      | |        | |   | |    | ' / 
01-04-2024 06:00:29.218Z;functions.bot_text_art;   | | __ | |  | |  | | | |      | |        | |   | |    |  <  
01-04-2024 06:00:29.218Z;functions.bot_text_art;   |_|[  ]|_|  | |__| | | |____  | |____   _| |_  | |__  | . \ 
01-04-2024 06:00:29.218Z;functions.bot_text_art;   \_|_||_|_/  |_____/   \_____| |______| |_____| \ ___| |_|\_\
01-04-2024 06:00:29.218Z;functions.bot_text_art;     |_||_|                                                     
01-04-2024 06:00:29.218Z;functions.bot_text_art;     | ||_|_   
01-04-2024 06:00:29.218Z;functions.bot_text_art;   |___||___|  
01-04-2024 06:00:29.218Z;functions.bot_text_art;               
01-04-2024 06:00:29.874Z;functions.open_RM;  OPEN PROGRAM RM
01-04-2024 06:00:48.964Z;functions.loggin_RM;  ENTRAR USER_NAME
01-04-2024 06:00:52.435Z;functions.loggin_RM;  ENTRAR PASSWORD
01-04-2024 06:00:53.608Z;functions.loggin_RM;  ENTRAR RM
01-04-2024 06:01:48.671Z;functions.enter_coligada;  CLICK CONTEXTO
01-04-2024 06:01:53.889Z;functions.enter_coligada;  CLICK ALTERAR MODULO DO CONTEXTO
01-04-2024 06:01:57.624Z;functions.enter_coligada;  INSERE O COLIGADA CODE = 1
01-04-2024 06:01:57.731Z;functions.enter_coligada;  APERTA TAB PARA PREENCHER O CAMPO COM A STRING: OCEANICA ENGENHARIA E CONSULTORIA S.A.
01-04-2024 06:01:59.702Z;functions.enter_coligada;  CLICK AVANÇAR NOVAMENTE
01-04-2024 06:02:00.905Z;functions.enter_coligada;  CLICK CONCLUIR
01-04-2024 06:02:22.545Z;functions.enter_coligada;  POP UP COLIGADA DESAPARECER
01-04-2024 06:02:23.389Z;functions.check_movimentacao_bancaria;  CLICK - TOTVS - LINHA RM
01-04-2024 06:02:25.154Z;functions.check_movimentacao_bancaria;  CLICK - BACK OFFICE
01-04-2024 06:02:27.920Z;functions.check_movimentacao_bancaria;  CLICK - GESTAO FINANCEIRA
01-04-2024 06:02:34.322Z;functions.movimentacao_bancaria;  CLICK NA ABA MOVIMENTAÇÃO BANCARIA
01-04-2024 06:02:36.794Z;functions.waitForImage;  IMAGEM BORDERO image found.
01-04-2024 06:02:38.930Z;functions.movimentacao_bancaria;  IMAGEM BORDERO CLICADA.
01-04-2024 06:02:49.281Z;functions.waitForImage;  LICENCAS EXCEDIDAS image not found.
01-04-2024 06:02:49.954Z;functions.movimentacao_bancaria;  ENCONTROU O FILTRO DA MOVIMENTAÇÃO BANCÁRIA
01-04-2024 06:02:49.986Z;functions.movimentacao_bancaria;  CLICA NA ABA SUPERIOR DO FILTRO
01-04-2024 06:02:54.196Z;functions.movimentacao_bancaria;  SELECIONA O FILTRO HOJE
01-04-2024 06:02:58.780Z;functions.waitForImage;  FILTER CLEAN image found.
01-04-2024 06:03:00.907Z;functions.filter_clean;  CLICK NO BOTÃO X DO LIMPA FILTRO
01-04-2024 06:03:01.282Z;functions.waitForImage;  FILTER CLEAN image found.
01-04-2024 06:03:03.401Z;functions.filter_clean;  CLICK NO BOTÃO X DO LIMPA FILTRO
01-04-2024 06:03:18.458Z;functions.waitForImage;  FILTER CLEAN image not found.
01-04-2024 06:03:38.500Z;functions.movimentacao_bancaria;  SEM PROCESSAMENTO DE BORDERO
01-04-2024 06:03:59.139Z;functions.waitForImage;  FILTER CLEAN image not found.
01-04-2024 06:04:14.736Z;functions.waitForImage;  FILTER CLEAN image not found.
01-04-2024 06:04:30.263Z;functions.waitForImage;  FILTER CLEAN image not found.
01-04-2024 06:05:06.123Z;functions.remessa_pagamento;  SEM REMESSA DE BORDERO AUTORIZADO
01-04-2024 06:05:06.988Z;functions.enter_contas_a_pagar;  CLICK - TOTVS - LINHA RM
01-04-2024 06:05:08.427Z;functions.enter_contas_a_pagar;  CLICK - BACK OFFICE
01-04-2024 06:05:09.357Z;functions.enter_contas_a_pagar;  CLICK - GESTAO FINANCEIRA
01-04-2024 06:05:15.216Z;functions.enter_contas_a_pagar;  CLICK - CONTAS A PAGAR
01-04-2024 06:05:16.398Z;functions.waitForImage;  LANÇAMENTOS image found.
01-04-2024 06:05:18.525Z;functions.enter_contas_a_pagar;  CLICA EM LANÇAMENTOS
01-04-2024 06:05:34.295Z;functions.waitForImage;  LICENCAS EXCEDIDAS image not found.
01-04-2024 06:05:34.295Z;functions.obter_intervalo_data;  VERIFICANDO A HORA ATUAL 6
01-04-2024 06:05:34.311Z;functions.obter_intervalo_data;  Data Inicial FERIAS/RESCISAO antes da remoção: None
01-04-2024 06:05:34.311Z;functions.obter_intervalo_data;  Data Final FERIAS/RESCISAO antes da remoção: None
01-04-2024 06:05:34.311Z;functions.obter_intervalo_data;  Data Inicial FERIAS/RESCISAO após a remoção: None
01-04-2024 06:05:34.311Z;functions.obter_intervalo_data;  Data Final FERIAS/RESCISAO após a remoção: None
01-04-2024 06:05:34.311Z;functions.obter_intervalo_data;  hoje -  2024-04-01 06:05:34.311054
01-04-2024 06:05:34.311Z;functions.data_filter;  DATA INICIO 03-04-2024
01-04-2024 06:05:34.311Z;functions.data_filter;  DATA FIM 09-04-2024
01-04-2024 06:05:34.311Z;functions.data_filter;  CLICK - SELECIONA A DATA DE QUARTA FEIRA E DA PROXIMA TERÇA
01-04-2024 06:05:34.311Z;functions.data_filter;  QUARTA-FEIRA: 03-04-2024
01-04-2024 06:05:34.311Z;functions.data_filter;  TERCA-FEIRA: 09-04-2024
01-04-2024 06:05:47.842Z;functions.data_filter;  CLICK - BUTÃO DE SELECAO DE FILTRO
01-04-2024 06:05:52.343Z;functions.data_filter;  INSERE - DATA DE QUARTA-FEIRA: 03-04-2024
01-04-2024 06:05:56.389Z;functions.data_filter;  INSERE - DATA DA PROX TERCA-FEIRA: 09-04-2024
01-04-2024 06:05:57.310Z;functions.data_filter;  CLICK - BUTÃO DE EXECUTAR O FILTRO
01-04-2024 06:06:03.998Z;functions.desmark_filter;  CLICK CHECKBOX LANÇAMENTOS A RECEBER
01-04-2024 06:06:05.764Z;functions.desmark_filter;  CLICK CHECKBOX LANÇAMENTOS BAIXADOS
01-04-2024 06:06:07.747Z;functions.desmark_filter;  CLICK CHECKBOX LANÇAMENTOS CANCELADOS
01-04-2024 06:06:09.779Z;functions.desmark_filter;  CLICK CHECKBOX LANÇAMENTOS FATURADOS
01-04-2024 06:06:11.826Z;functions.desmark_filter;  ATUALIZA O FILTRO
01-04-2024 06:06:12.185Z;functions.waitForImage;  FILTER CLEAN image found.
01-04-2024 06:06:14.315Z;functions.filter_clean;  CLICK NO BOTÃO X DO LIMPA FILTRO
01-04-2024 06:06:29.713Z;functions.waitForImage;  FILTER CLEAN image not found.
01-04-2024 06:06:45.326Z;functions.waitForImage;  FILTER CLEAN image not found.
01-04-2024 06:06:47.732Z;functions.tabela_vazia;  Texto extraido 0/0
01-04-2024 06:06:47.732Z;functions.tabela_vazia;  Count 0
01-04-2024 06:06:47.732Z;functions.tabela_vazia;  Type <class 'int'>
01-04-2024 06:06:49.742Z;functions.tabela_vazia;  SEM REMESSA DE FÉRIAS/RESCISÃO
01-04-2024 06:06:51.743Z;main.<module>;  SEM REMESSA DE FÉRIAS/RESCISÃO
01-04-2024 06:06:54.904Z;errorhandler.__handle;  Property: Unknown Property name. [1:203: -ms-interpolation-mode]
01-04-2024 06:06:54.936Z;errorhandler.__handle;  Property: Unknown Property name. [1:353: -webkit-font-smoothing]
01-04-2024 06:06:54.964Z;errorhandler.__handle;  Property: Unknown Property name. [1:483: -ms-text-size-adjust]
01-04-2024 06:06:54.965Z;errorhandler.__handle;  Property: Unknown Property name. [1:518: -webkit-text-size-adjust]
01-04-2024 06:06:54.968Z;errorhandler.__handle;  Property: Unknown Property name. [1:612: mso-table-lspace]
01-04-2024 06:06:54.969Z;errorhandler.__handle;  Property: Unknown Property name. [1:642: mso-table-rspace]
01-04-2024 06:06:55.217Z;errorhandler.__handle;  Property: Unknown Property name. [1:4734: mso-hide]
01-04-2024 06:06:55.311Z;errorhandler.__handle;  Property: Unknown Property name. [1:13: -ms-interpolation-mode]
01-04-2024 06:06:55.311Z;errorhandler.__handle;  Property: Unknown Property name. [1:49: -webkit-font-smoothing]
01-04-2024 06:06:55.311Z;errorhandler.__handle;  Property: Unknown Property name. [1:134: -ms-text-size-adjust]
01-04-2024 06:06:55.311Z;errorhandler.__handle;  Property: Unknown Property name. [1:160: -webkit-text-size-adjust]
01-04-2024 06:06:55.311Z;errorhandler.__handle;  Property: Unknown Property name. [1:26: mso-table-lspace]
01-04-2024 06:06:55.311Z;errorhandler.__handle;  Property: Unknown Property name. [1:45: mso-table-rspace]
01-04-2024 06:06:55.358Z;errorhandler.__handle;  Property: Unknown Property name. [1:92: mso-hide]
01-04-2024 06:06:55.358Z;errorhandler.__handle;  Property: No ":" after name found: align-center [1:1: align-center]
01-04-2024 06:06:55.358Z;errorhandler.__handle;  Property: No property value found: align-center [1:1: align-center]
01-04-2024 06:06:55.358Z;errorhandler.__handle;  CSSStyleDeclaration: Syntax Error in Property: align-center
01-04-2024 06:06:55.373Z;errorhandler.__handle;  Property: Unknown Property name. [1:14: -ms-interpolation-mode]
01-04-2024 06:06:57.661Z;functions.emailFinalizado;  Finalizado e-mail sent.
01-04-2024 06:06:58.051Z;functions.encerra_prog;  RM ENCERRADO
