01-04-2024 20:00:26.771Z;functions.bot_text_art;      ____   
01-04-2024 20:00:26.771Z;functions.bot_text_art;     [____]    
01-04-2024 20:00:26.772Z;functions.bot_text_art;   |=]()()[=|  
01-04-2024 20:00:26.772Z;functions.bot_text_art;     _\==/__    _____    ____     _        _____    ___   _  __
01-04-2024 20:00:26.772Z;functions.bot_text_art;   |__|   |_|  |  _  \  / ___|   | |      |_   _| / ___| | |/ /
01-04-2024 20:00:26.772Z;functions.bot_text_art;   |_|_/\_|_|  | |  | | | |      | |        | |   | |    | ' / 
01-04-2024 20:00:26.773Z;functions.bot_text_art;   | | __ | |  | |  | | | |      | |        | |   | |    |  <  
01-04-2024 20:00:26.773Z;functions.bot_text_art;   |_|[  ]|_|  | |__| | | |____  | |____   _| |_  | |__  | . \ 
01-04-2024 20:00:26.775Z;functions.bot_text_art;   \_|_||_|_/  |_____/   \_____| |______| |_____| \ ___| |_|\_\
01-04-2024 20:00:26.775Z;functions.bot_text_art;     |_||_|                                                     
01-04-2024 20:00:26.775Z;functions.bot_text_art;     | ||_|_   
01-04-2024 20:00:26.776Z;functions.bot_text_art;   |___||___|  
01-04-2024 20:00:26.776Z;functions.bot_text_art;               
01-04-2024 20:00:26.786Z;functions.open_RM;  OPEN PROGRAM RM
01-04-2024 20:00:41.061Z;functions.loggin_RM;  ENTRAR USER_NAME
01-04-2024 20:00:44.463Z;functions.loggin_RM;  ENTRAR PASSWORD
01-04-2024 20:00:45.639Z;functions.loggin_RM;  ENTRAR RM
01-04-2024 20:01:17.009Z;functions.enter_coligada;  CLICK CONTEXTO
01-04-2024 20:01:22.124Z;functions.enter_coligada;  CLICK ALTERAR MODULO DO CONTEXTO
01-04-2024 20:01:26.047Z;functions.enter_coligada;  INSERE O COLIGADA CODE = 1
01-04-2024 20:01:26.153Z;functions.enter_coligada;  APERTA TAB PARA PREENCHER O CAMPO COM A STRING: OCEANICA ENGENHARIA E CONSULTORIA S.A.
01-04-2024 20:01:27.468Z;functions.enter_coligada;  CLICK AVANÇAR NOVAMENTE
01-04-2024 20:01:28.703Z;functions.enter_coligada;  CLICK CONCLUIR
01-04-2024 20:01:54.733Z;functions.enter_coligada;  POP UP COLIGADA DESAPARECER
01-04-2024 20:01:55.562Z;functions.check_movimentacao_bancaria;  CLICK - TOTVS - LINHA RM
01-04-2024 20:01:57.328Z;functions.check_movimentacao_bancaria;  CLICK - BACK OFFICE
01-04-2024 20:02:00.139Z;functions.check_movimentacao_bancaria;  CLICK - GESTAO FINANCEIRA
01-04-2024 20:02:05.970Z;functions.movimentacao_bancaria;  CLICK NA ABA MOVIMENTAÇÃO BANCARIA
01-04-2024 20:02:08.363Z;functions.waitForImage;  IMAGEM BORDERO image found.
01-04-2024 20:02:10.492Z;functions.movimentacao_bancaria;  IMAGEM BORDERO CLICADA.
01-04-2024 20:02:21.106Z;functions.waitForImage;  LICENCAS EXCEDIDAS image not found.
01-04-2024 20:02:21.771Z;functions.movimentacao_bancaria;  ENCONTROU O FILTRO DA MOVIMENTAÇÃO BANCÁRIA
01-04-2024 20:02:21.811Z;functions.movimentacao_bancaria;  CLICA NA ABA SUPERIOR DO FILTRO
01-04-2024 20:02:26.024Z;functions.movimentacao_bancaria;  SELECIONA O FILTRO HOJE
01-04-2024 20:02:30.381Z;functions.waitForImage;  FILTER CLEAN image found.
01-04-2024 20:02:32.504Z;functions.filter_clean;  CLICK NO BOTÃO X DO LIMPA FILTRO
01-04-2024 20:02:32.827Z;functions.waitForImage;  FILTER CLEAN image found.
01-04-2024 20:02:34.959Z;functions.filter_clean;  CLICK NO BOTÃO X DO LIMPA FILTRO
01-04-2024 20:02:50.288Z;functions.waitForImage;  FILTER CLEAN image not found.
01-04-2024 20:02:53.783Z;functions.movimentacao_bancaria;  CLICK NA PRIMEIRA LINHA DA TABELA MOVIMENTAÇÃO BANCÁRIA
01-04-2024 20:02:55.009Z;functions.movimentacao_bancaria;  12 PASSOS PARA DIREITA NA TABELA >>
01-04-2024 20:02:56.983Z;functions.movimentacao_bancaria;  HOVER FILTER
01-04-2024 20:02:57.471Z;functions.movimentacao_bancaria;  CLICK FILTER
01-04-2024 20:03:01.803Z;functions.movimentacao_bancaria;  CLICK NO FILTRO  STATUS DA REMESSA
01-04-2024 20:03:03.906Z;functions.movimentacao_bancaria;  APERTA TAB PARA ESCREVER O FILTRO
01-04-2024 20:03:06.020Z;functions.movimentacao_bancaria;  ESCREVE PENDENTE NO FILTRO
01-04-2024 20:03:08.123Z;functions.movimentacao_bancaria;  APERTA ENTER PARA SELECIONAR OS PENDENTES
01-04-2024 20:03:27.983Z;functions.movimentacao_bancaria;  SEM PROCESSAMENTO DE BORDERO PENDENTE.
01-04-2024 20:03:33.313Z;functions.waitForImage;  FILTER CLEAN image found.
01-04-2024 20:03:35.440Z;functions.filter_clean;  CLICK NO BOTÃO X DO LIMPA FILTRO
01-04-2024 20:03:50.879Z;functions.waitForImage;  FILTER CLEAN image not found.
01-04-2024 20:04:06.186Z;functions.waitForImage;  FILTER CLEAN image not found.
01-04-2024 20:04:07.859Z;functions.remessa_pagamento;  CLICK NA PRIMEIRA LINHA DA TABELA MOVIMENTAÇÃO BANCÁRIA
01-04-2024 20:04:09.842Z;functions.remessa_pagamento;  HOVER FILTER
01-04-2024 20:04:10.309Z;functions.remessa_pagamento;  CLICK FILTER
01-04-2024 20:04:14.649Z;functions.remessa_pagamento;  CLICK NO FILTRO  STATUS DA REMESSA
01-04-2024 20:04:16.751Z;functions.remessa_pagamento;  APERTA TAB PARA ESCREVER O FILTRO
01-04-2024 20:04:18.882Z;functions.remessa_pagamento;  ESCREVE AUTORIZADO NO FILTRO
01-04-2024 20:04:20.986Z;functions.remessa_pagamento;  APERTA ENTER PARA SELECIONAR OS AUTORIZADO
01-04-2024 20:04:40.793Z;functions.remessa_pagamento;  SEM REMESSA DE BORDERO AUTORIZADO
01-04-2024 20:04:41.685Z;functions.enter_contas_a_pagar;  CLICK - TOTVS - LINHA RM
01-04-2024 20:04:43.077Z;functions.enter_contas_a_pagar;  CLICK - BACK OFFICE
01-04-2024 20:04:45.832Z;functions.enter_contas_a_pagar;  CLICK - GESTAO FINANCEIRA
01-04-2024 20:04:52.186Z;functions.enter_contas_a_pagar;  CLICK - CONTAS A PAGAR
01-04-2024 20:04:53.354Z;functions.waitForImage;  LANÇAMENTOS image found.
01-04-2024 20:04:55.481Z;functions.enter_contas_a_pagar;  CLICA EM LANÇAMENTOS
01-04-2024 20:05:11.027Z;functions.waitForImage;  LICENCAS EXCEDIDAS image not found.
01-04-2024 20:05:11.028Z;functions.obter_intervalo_data;  VERIFICANDO A HORA ATUAL 20
01-04-2024 20:05:11.033Z;functions.obter_intervalo_data;  Data Inicial FERIAS/RESCISAO antes da remoção: None
01-04-2024 20:05:11.033Z;functions.obter_intervalo_data;  Data Final FERIAS/RESCISAO antes da remoção: None
01-04-2024 20:05:11.036Z;functions.obter_intervalo_data;  Data Inicial FERIAS/RESCISAO após a remoção: None
01-04-2024 20:05:11.036Z;functions.obter_intervalo_data;  Data Final FERIAS/RESCISAO após a remoção: None
01-04-2024 20:05:11.036Z;functions.obter_intervalo_data;  hoje -  2024-04-01 20:05:11.036467
01-04-2024 20:05:11.037Z;functions.data_filter;  DATA INICIO 03-04-2024
01-04-2024 20:05:11.038Z;functions.data_filter;  DATA FIM 09-04-2024
01-04-2024 20:05:11.038Z;functions.data_filter;  CLICK - SELECIONA A DATA DE QUARTA FEIRA E DA PROXIMA TERÇA
01-04-2024 20:05:11.039Z;functions.data_filter;  QUARTA-FEIRA: 03-04-2024
01-04-2024 20:05:11.039Z;functions.data_filter;  TERCA-FEIRA: 09-04-2024
01-04-2024 20:05:24.186Z;functions.data_filter;  CLICK - BUTÃO DE SELECAO DE FILTRO
01-04-2024 20:05:28.904Z;functions.data_filter;  INSERE - DATA DE QUARTA-FEIRA: 03-04-2024
01-04-2024 20:05:32.953Z;functions.data_filter;  INSERE - DATA DA PROX TERCA-FEIRA: 09-04-2024
01-04-2024 20:05:33.874Z;functions.data_filter;  CLICK - BUTÃO DE EXECUTAR O FILTRO
01-04-2024 20:05:40.609Z;functions.desmark_filter;  CLICK CHECKBOX LANÇAMENTOS A RECEBER
01-04-2024 20:05:42.483Z;functions.desmark_filter;  CLICK CHECKBOX LANÇAMENTOS BAIXADOS
01-04-2024 20:05:44.515Z;functions.desmark_filter;  CLICK CHECKBOX LANÇAMENTOS CANCELADOS
01-04-2024 20:05:46.706Z;functions.desmark_filter;  CLICK CHECKBOX LANÇAMENTOS FATURADOS
01-04-2024 20:05:48.998Z;functions.desmark_filter;  ATUALIZA O FILTRO
01-04-2024 20:05:49.376Z;functions.waitForImage;  FILTER CLEAN image found.
01-04-2024 20:05:51.481Z;functions.filter_clean;  CLICK NO BOTÃO X DO LIMPA FILTRO
01-04-2024 20:06:06.775Z;functions.waitForImage;  FILTER CLEAN image not found.
01-04-2024 20:06:21.826Z;functions.waitForImage;  FILTER CLEAN image not found.
01-04-2024 20:06:24.327Z;functions.tabela_vazia;  Texto extraido 0/0
01-04-2024 20:06:24.327Z;functions.tabela_vazia;  Count 0
01-04-2024 20:06:24.327Z;functions.tabela_vazia;  Type <class 'int'>
01-04-2024 20:06:26.337Z;functions.tabela_vazia;  SEM REMESSA DE FÉRIAS/RESCISÃO
01-04-2024 20:06:28.338Z;main.<module>;  SEM REMESSA DE FÉRIAS/RESCISÃO
01-04-2024 20:06:30.976Z;errorhandler.__handle;  Property: Unknown Property name. [1:203: -ms-interpolation-mode]
01-04-2024 20:06:31.040Z;errorhandler.__handle;  Property: Unknown Property name. [1:353: -webkit-font-smoothing]
01-04-2024 20:06:31.054Z;errorhandler.__handle;  Property: Unknown Property name. [1:483: -ms-text-size-adjust]
01-04-2024 20:06:31.055Z;errorhandler.__handle;  Property: Unknown Property name. [1:518: -webkit-text-size-adjust]
01-04-2024 20:06:31.058Z;errorhandler.__handle;  Property: Unknown Property name. [1:612: mso-table-lspace]
01-04-2024 20:06:31.059Z;errorhandler.__handle;  Property: Unknown Property name. [1:642: mso-table-rspace]
01-04-2024 20:06:31.308Z;errorhandler.__handle;  Property: Unknown Property name. [1:4734: mso-hide]
01-04-2024 20:06:31.417Z;errorhandler.__handle;  Property: Unknown Property name. [1:13: -ms-interpolation-mode]
01-04-2024 20:06:31.417Z;errorhandler.__handle;  Property: Unknown Property name. [1:49: -webkit-font-smoothing]
01-04-2024 20:06:31.417Z;errorhandler.__handle;  Property: Unknown Property name. [1:134: -ms-text-size-adjust]
01-04-2024 20:06:31.417Z;errorhandler.__handle;  Property: Unknown Property name. [1:160: -webkit-text-size-adjust]
01-04-2024 20:06:31.433Z;errorhandler.__handle;  Property: Unknown Property name. [1:26: mso-table-lspace]
01-04-2024 20:06:31.433Z;errorhandler.__handle;  Property: Unknown Property name. [1:45: mso-table-rspace]
01-04-2024 20:06:31.464Z;errorhandler.__handle;  Property: Unknown Property name. [1:92: mso-hide]
01-04-2024 20:06:31.480Z;errorhandler.__handle;  Property: No ":" after name found: align-center [1:1: align-center]
01-04-2024 20:06:31.480Z;errorhandler.__handle;  Property: No property value found: align-center [1:1: align-center]
01-04-2024 20:06:31.480Z;errorhandler.__handle;  CSSStyleDeclaration: Syntax Error in Property: align-center
01-04-2024 20:06:31.480Z;errorhandler.__handle;  Property: Unknown Property name. [1:14: -ms-interpolation-mode]
01-04-2024 20:06:33.904Z;functions.emailFinalizado;  Finalizado e-mail sent.
01-04-2024 20:06:34.251Z;functions.encerra_prog;  RM ENCERRADO
