15-07-2024 03:37:28.682Z;functions.bot_text_art;      ____   
15-07-2024 03:37:28.682Z;functions.bot_text_art;     [____]    
15-07-2024 03:37:28.698Z;functions.bot_text_art;   |=]()()[=|  
15-07-2024 03:37:28.698Z;functions.bot_text_art;     _\==/__    _____    ____     _        _____    ___   _  __
15-07-2024 03:37:28.698Z;functions.bot_text_art;   |__|   |_|  |  _  \  / ___|   | |      |_   _| / ___| | |/ /
15-07-2024 03:37:28.698Z;functions.bot_text_art;   |_|_/\_|_|  | |  | | | |      | |        | |   | |    | ' / 
15-07-2024 03:37:28.698Z;functions.bot_text_art;   | | __ | |  | |  | | | |      | |        | |   | |    |  <  
15-07-2024 03:37:28.698Z;functions.bot_text_art;   |_|[  ]|_|  | |__| | | |____  | |____   _| |_  | |__  | . \ 
15-07-2024 03:37:28.698Z;functions.bot_text_art;   \_|_||_|_/  |_____/   \_____| |______| |_____| \ ___| |_|\_\
15-07-2024 03:37:28.698Z;functions.bot_text_art;     |_||_|                                                     
15-07-2024 03:37:28.698Z;functions.bot_text_art;     | ||_|_   
15-07-2024 03:37:28.698Z;functions.bot_text_art;   |___||___|  
15-07-2024 03:37:28.698Z;functions.bot_text_art;               
15-07-2024 03:37:28.713Z;functions.open_RM;  OPEN PROGRAM RM
15-07-2024 03:37:49.073Z;functions.loggin_RM;  ENTRAR USER_NAME
15-07-2024 03:37:52.747Z;functions.loggin_RM;  ENTRAR PASSWORD
15-07-2024 03:37:54.182Z;functions.loggin_RM;  ENTRAR RM
15-07-2024 03:41:09.060Z;functions.enter_coligada;  AGUARDANDO 1
15-07-2024 03:41:10.213Z;functions.enter_coligada;  CLICK CONTEXTO
15-07-2024 03:41:13.244Z;functions.enter_coligada;  CLICK ALTERAR MODULO DO CONTEXTO
15-07-2024 03:41:17.540Z;functions.enter_coligada;  INSERE O COLIGADA CODE = 1
15-07-2024 03:41:17.646Z;functions.enter_coligada;  APERTA TAB PARA PREENCHER O CAMPO COM A STRING: OCEANICA ENGENHARIA E CONSULTORIA S.A.
15-07-2024 03:41:19.713Z;functions.enter_coligada;  CLICK AVANÇAR NOVAMENTE
15-07-2024 03:41:20.994Z;functions.enter_coligada;  CLICK CONCLUIR
15-07-2024 03:41:41.010Z;functions.waitForImage;  TROCA COLIGADA image not found.
15-07-2024 03:41:58.853Z;functions.enter_coligada;  POP UP COLIGADA DESAPARECER
15-07-2024 03:41:59.838Z;functions.check_movimentacao_bancaria;  CLICK - TOTVS - LINHA RM
15-07-2024 03:42:01.931Z;functions.check_movimentacao_bancaria;  CLICK - BACK OFFICE
15-07-2024 03:42:04.682Z;functions.check_movimentacao_bancaria;  CLICK - GESTAO FINANCEIRA
15-07-2024 03:42:04.682Z;functions.obter_intervalo_data;  VERIFICANDO A HORA ATUAL 3
15-07-2024 03:42:04.708Z;functions.obter_intervalo_data;  Data Inicial FERIAS/RESCISAO antes da remoção: None
15-07-2024 03:42:04.708Z;functions.obter_intervalo_data;  Data Final FERIAS/RESCISAO antes da remoção: None
15-07-2024 03:42:04.719Z;functions.obter_intervalo_data;  Data Inicial FERIAS/RESCISAO após a remoção: None
15-07-2024 03:42:04.719Z;functions.obter_intervalo_data;  Data Final FERIAS/RESCISAO após a remoção: None
15-07-2024 03:42:04.719Z;functions.obter_intervalo_data;  hoje -  2024-07-15 03:42:04.719486
15-07-2024 03:42:04.720Z;functions.check_movimentacao_bancaria;  DATA INICIO 17-07-2024
15-07-2024 03:42:04.720Z;functions.check_movimentacao_bancaria;  DATA FIM 23-07-2024
15-07-2024 03:42:04.720Z;functions.movimentacao_bancaria;  AGUARDANDO 1
15-07-2024 03:42:10.431Z;functions.movimentacao_bancaria;  CLICK NA ABA MOVIMENTAÇÃO BANCARIA
15-07-2024 03:42:12.650Z;functions.waitForImage;  IMAGEM BORDERO image found.
15-07-2024 03:42:14.783Z;functions.movimentacao_bancaria;  IMAGEM BORDERO CLICADA.
15-07-2024 03:42:25.171Z;functions.waitForImage;  LICENCAS EXCEDIDAS image not found.
15-07-2024 03:42:25.869Z;functions.movimentacao_bancaria;  ENCONTROU O FILTRO DA MOVIMENTAÇÃO BANCÁRIA
15-07-2024 03:42:25.931Z;functions.movimentacao_bancaria;  CLICA NA ABA SUPERIOR DO FILTRO
15-07-2024 03:42:30.142Z;functions.movimentacao_bancaria;  SELECIONA O FILTRO HOJE
15-07-2024 03:42:45.144Z;functions.waitForImage;  FILTER CLEAN image not found.
15-07-2024 03:43:00.178Z;functions.waitForImage;  FILTER CLEAN image not found.
15-07-2024 03:43:15.179Z;functions.waitForImage;  FILTER CLEAN image not found.
15-07-2024 03:43:32.869Z;functions.movimentacao_bancaria;  SEM PROCESSAMENTO DE BORDERO
15-07-2024 03:43:52.931Z;functions.waitForImage;  FILTER CLEAN image not found.
15-07-2024 03:44:08.072Z;functions.waitForImage;  FILTER CLEAN image not found.
15-07-2024 03:44:23.712Z;functions.waitForImage;  FILTER CLEAN image not found.
15-07-2024 03:44:54.947Z;functions.remessa_pagamento;  SEM REMESSA DE BORDERO AUTORIZADO
15-07-2024 03:44:55.962Z;functions.enter_contas_a_pagar;  CLICK - TOTVS - LINHA RM
15-07-2024 03:44:57.775Z;functions.enter_contas_a_pagar;  CLICK - BACK OFFICE
15-07-2024 03:45:00.494Z;functions.enter_contas_a_pagar;  CLICK - GESTAO FINANCEIRA
15-07-2024 03:45:06.369Z;functions.enter_contas_a_pagar;  CLICK - CONTAS A PAGAR
15-07-2024 03:45:07.228Z;functions.waitForImage;  LANÇAMENTOS image found.
15-07-2024 03:45:09.346Z;functions.enter_contas_a_pagar;  CLICA EM LANÇAMENTOS
15-07-2024 03:45:24.915Z;functions.waitForImage;  LICENCAS EXCEDIDAS image not found.
15-07-2024 03:45:24.915Z;functions.data_filter;  CLICK - SELECIONA A DATA DE QUARTA FEIRA E DA PROXIMA TERÇA
15-07-2024 03:45:24.916Z;functions.data_filter;  QUARTA-FEIRA: 17-07-2024
15-07-2024 03:45:24.916Z;functions.data_filter;  TERCA-FEIRA: 23-07-2024
15-07-2024 03:45:46.337Z;functions.data_filter;  CLICK - BUTÃO DE SELECAO DE FILTRO
15-07-2024 03:45:51.103Z;functions.data_filter;  INSERE - DATA DE QUARTA-FEIRA: 17-07-2024
15-07-2024 03:45:55.416Z;functions.data_filter;  INSERE - DATA DA PROX TERCA-FEIRA: 23-07-2024
15-07-2024 03:45:56.525Z;functions.data_filter;  CLICK - BUTÃO DE EXECUTAR O FILTRO
15-07-2024 03:46:01.530Z;functions.desmark_filter;  AGUARDANDO 1
15-07-2024 03:46:03.681Z;functions.desmark_filter;  CLICK CHECKBOX LANÇAMENTOS A RECEBER
15-07-2024 03:46:05.931Z;functions.desmark_filter;  CLICK CHECKBOX LANÇAMENTOS BAIXADOS
15-07-2024 03:46:08.431Z;functions.desmark_filter;  CLICK CHECKBOX LANÇAMENTOS CANCELADOS
15-07-2024 03:46:11.087Z;functions.desmark_filter;  CLICK CHECKBOX LANÇAMENTOS FATURADOS
15-07-2024 03:46:13.900Z;functions.desmark_filter;  ATUALIZA O FILTRO
15-07-2024 03:46:14.103Z;functions.waitForImage;  FILTER CLEAN image found.
15-07-2024 03:46:16.209Z;functions.filter_clean;  CLICK NO BOTÃO X DO LIMPA FILTRO
15-07-2024 03:46:31.259Z;functions.waitForImage;  FILTER CLEAN image not found.
15-07-2024 03:46:46.353Z;functions.waitForImage;  FILTER CLEAN image not found.
15-07-2024 03:46:49.432Z;functions.tabela_vazia;  Texto extraido 0/0
15-07-2024 03:46:49.432Z;functions.tabela_vazia;  Count 0
15-07-2024 03:46:49.432Z;functions.tabela_vazia;  Type <class 'int'>
15-07-2024 03:46:51.437Z;functions.tabela_vazia;  SEM REMESSA DE FÉRIAS/RESCISÃO
15-07-2024 03:46:53.438Z;main.<module>;  SEM REMESSA DE FÉRIAS/RESCISÃO
15-07-2024 03:46:55.947Z;errorhandler.__handle;  Property: Unknown Property name. [1:203: -ms-interpolation-mode]
15-07-2024 03:46:55.994Z;errorhandler.__handle;  Property: Unknown Property name. [1:353: -webkit-font-smoothing]
15-07-2024 03:46:56.009Z;errorhandler.__handle;  Property: Unknown Property name. [1:483: -ms-text-size-adjust]
15-07-2024 03:46:56.009Z;errorhandler.__handle;  Property: Unknown Property name. [1:518: -webkit-text-size-adjust]
15-07-2024 03:46:56.009Z;errorhandler.__handle;  Property: Unknown Property name. [1:612: mso-table-lspace]
15-07-2024 03:46:56.009Z;errorhandler.__handle;  Property: Unknown Property name. [1:642: mso-table-rspace]
15-07-2024 03:46:56.244Z;errorhandler.__handle;  Property: Unknown Property name. [1:4734: mso-hide]
15-07-2024 03:46:56.337Z;errorhandler.__handle;  Property: Unknown Property name. [1:13: -ms-interpolation-mode]
15-07-2024 03:46:56.337Z;errorhandler.__handle;  Property: Unknown Property name. [1:49: -webkit-font-smoothing]
15-07-2024 03:46:56.353Z;errorhandler.__handle;  Property: Unknown Property name. [1:134: -ms-text-size-adjust]
15-07-2024 03:46:56.353Z;errorhandler.__handle;  Property: Unknown Property name. [1:160: -webkit-text-size-adjust]
15-07-2024 03:46:56.353Z;errorhandler.__handle;  Property: Unknown Property name. [1:26: mso-table-lspace]
15-07-2024 03:46:56.353Z;errorhandler.__handle;  Property: Unknown Property name. [1:45: mso-table-rspace]
15-07-2024 03:46:56.384Z;errorhandler.__handle;  Property: Unknown Property name. [1:92: mso-hide]
15-07-2024 03:46:56.400Z;errorhandler.__handle;  Property: No ":" after name found: align-center [1:1: align-center]
15-07-2024 03:46:56.400Z;errorhandler.__handle;  Property: No property value found: align-center [1:1: align-center]
15-07-2024 03:46:56.400Z;errorhandler.__handle;  CSSStyleDeclaration: Syntax Error in Property: align-center
15-07-2024 03:46:56.400Z;errorhandler.__handle;  Property: Unknown Property name. [1:14: -ms-interpolation-mode]
15-07-2024 03:46:59.009Z;functions.emailFinalizado;  Finalizado e-mail sent.
15-07-2024 03:46:59.525Z;functions.encerra_prog;  RM ENCERRADO
