11-07-2024 03:01:22.552Z;functions.bot_text_art;      ____   
11-07-2024 03:01:22.552Z;functions.bot_text_art;     [____]    
11-07-2024 03:01:22.552Z;functions.bot_text_art;   |=]()()[=|  
11-07-2024 03:01:22.552Z;functions.bot_text_art;     _\==/__    _____    ____     _        _____    ___   _  __
11-07-2024 03:01:22.552Z;functions.bot_text_art;   |__|   |_|  |  _  \  / ___|   | |      |_   _| / ___| | |/ /
11-07-2024 03:01:22.552Z;functions.bot_text_art;   |_|_/\_|_|  | |  | | | |      | |        | |   | |    | ' / 
11-07-2024 03:01:22.552Z;functions.bot_text_art;   | | __ | |  | |  | | | |      | |        | |   | |    |  <  
11-07-2024 03:01:22.552Z;functions.bot_text_art;   |_|[  ]|_|  | |__| | | |____  | |____   _| |_  | |__  | . \ 
11-07-2024 03:01:22.552Z;functions.bot_text_art;   \_|_||_|_/  |_____/   \_____| |______| |_____| \ ___| |_|\_\
11-07-2024 03:01:22.552Z;functions.bot_text_art;     |_||_|                                                     
11-07-2024 03:01:22.552Z;functions.bot_text_art;     | ||_|_   
11-07-2024 03:01:22.552Z;functions.bot_text_art;   |___||___|  
11-07-2024 03:01:22.552Z;functions.bot_text_art;               
11-07-2024 03:01:22.568Z;functions.open_RM;  OPEN PROGRAM RM
11-07-2024 03:01:42.881Z;functions.loggin_RM;  ENTRAR USER_NAME
11-07-2024 03:01:46.554Z;functions.loggin_RM;  ENTRAR PASSWORD
11-07-2024 03:01:47.946Z;functions.loggin_RM;  ENTRAR RM
11-07-2024 03:04:50.992Z;functions.loggin_RM;  FILTRO NÃO ENCONTRADO
11-07-2024 03:05:24.193Z;functions.loggin_RM;  FILTRO 2 NÃO ENCONTRADO DE INICIO
11-07-2024 03:08:27.616Z;functions.loggin_RM;  FILTRO NÃO ENCONTRADO
11-07-2024 03:09:00.774Z;functions.loggin_RM;  FILTRO 2 NÃO ENCONTRADO DE INICIO
11-07-2024 03:12:02.021Z;functions.loggin_RM;  FILTRO NÃO ENCONTRADO
11-07-2024 03:12:35.036Z;functions.loggin_RM;  FILTRO 2 NÃO ENCONTRADO DE INICIO
11-07-2024 03:12:35.036Z;functions.enter_coligada;  AGUARDANDO 1
11-07-2024 03:15:09.861Z;functions.enter_coligada;  apertou up
11-07-2024 03:15:09.861Z;functions.enter_coligada;  AGUARDANDO 2
11-07-2024 03:17:41.654Z;functions.enter_coligada;  apertou up
11-07-2024 03:17:41.654Z;functions.enter_coligada;  AGUARDANDO 3
11-07-2024 03:20:12.969Z;functions.enter_coligada;  apertou up
11-07-2024 03:20:12.969Z;functions.enter_coligada;  AGUARDANDO 4
11-07-2024 03:22:44.153Z;functions.enter_coligada;  apertou up
11-07-2024 03:22:44.153Z;functions.enter_coligada;  AGUARDANDO 5
11-07-2024 03:25:15.784Z;functions.enter_coligada;  apertou up
11-07-2024 03:25:15.784Z;functions.enter_coligada;  AGUARDANDO 6
11-07-2024 03:27:46.794Z;functions.enter_coligada;  apertou up
11-07-2024 03:27:46.794Z;functions.enter_coligada;  AGUARDANDO 7
11-07-2024 03:30:18.013Z;functions.enter_coligada;  apertou up
11-07-2024 03:30:35.348Z;functions.show_exception_and_exit;  'NoneType' object has no attribute 'click'
Traceback (most recent call last):
  File "C:\Projetos_Remessas\Remessa_Ferias_Rescisao\main.py", line 15, in <module>
    enter_coligada()
  File "C:\Projetos_Remessas\Remessa_Ferias_Rescisao\SUBPROGRAMS\functions.py", line 170, in enter_coligada
    click_alterar_contexto.click()
    ^^^^^^^^^^^^^^^^^^^^^^^^^^^^
AttributeError: 'NoneType' object has no attribute 'click'
11-07-2024 03:30:35.613Z;functions.show_exception_and_exit;  PRINT SALVO
11-07-2024 03:30:35.973Z;functions.show_exception_and_exit;  RM FECHADO
11-07-2024 03:30:38.535Z;errorhandler.__handle;  Property: Unknown Property name. [1:203: -ms-interpolation-mode]
11-07-2024 03:30:38.582Z;errorhandler.__handle;  Property: Unknown Property name. [1:353: -webkit-font-smoothing]
11-07-2024 03:30:38.582Z;errorhandler.__handle;  Property: Unknown Property name. [1:483: -ms-text-size-adjust]
11-07-2024 03:30:38.582Z;errorhandler.__handle;  Property: Unknown Property name. [1:518: -webkit-text-size-adjust]
11-07-2024 03:30:38.582Z;errorhandler.__handle;  Property: Unknown Property name. [1:612: mso-table-lspace]
11-07-2024 03:30:38.582Z;errorhandler.__handle;  Property: Unknown Property name. [1:642: mso-table-rspace]
11-07-2024 03:30:38.816Z;errorhandler.__handle;  Property: Unknown Property name. [1:4734: mso-hide]
11-07-2024 03:30:38.926Z;errorhandler.__handle;  Property: Unknown Property name. [1:13: -ms-interpolation-mode]
11-07-2024 03:30:38.926Z;errorhandler.__handle;  Property: Unknown Property name. [1:49: -webkit-font-smoothing]
11-07-2024 03:30:38.926Z;errorhandler.__handle;  Property: Unknown Property name. [1:134: -ms-text-size-adjust]
11-07-2024 03:30:38.926Z;errorhandler.__handle;  Property: Unknown Property name. [1:160: -webkit-text-size-adjust]
11-07-2024 03:30:38.941Z;errorhandler.__handle;  Property: Unknown Property name. [1:26: mso-table-lspace]
11-07-2024 03:30:38.941Z;errorhandler.__handle;  Property: Unknown Property name. [1:45: mso-table-rspace]
11-07-2024 03:30:38.973Z;errorhandler.__handle;  Property: Unknown Property name. [1:92: mso-hide]
11-07-2024 03:30:38.988Z;errorhandler.__handle;  Property: No ":" after name found: align-center [1:1: align-center]
11-07-2024 03:30:38.988Z;errorhandler.__handle;  Property: No property value found: align-center [1:1: align-center]
11-07-2024 03:30:38.988Z;errorhandler.__handle;  CSSStyleDeclaration: Syntax Error in Property: align-center
11-07-2024 03:30:38.988Z;errorhandler.__handle;  Property: Unknown Property name. [1:14: -ms-interpolation-mode]
11-07-2024 03:30:42.191Z;functions.show_exception_and_exit;  EMAIL EXCEÇÃO ENVIADO
11-07-2024 03:30:42.191Z;functions.show_exception_and_exit;  ERRO - <class 'AttributeError'> / 'NoneType' object has no attribute 'click'
