19-05-2024 06:00:23.507Z;functions.bot_text_art;      ____   
19-05-2024 06:00:23.507Z;functions.bot_text_art;     [____]    
19-05-2024 06:00:23.507Z;functions.bot_text_art;   |=]()()[=|  
19-05-2024 06:00:23.507Z;functions.bot_text_art;     _\==/__    _____    ____     _        _____    ___   _  __
19-05-2024 06:00:23.507Z;functions.bot_text_art;   |__|   |_|  |  _  \  / ___|   | |      |_   _| / ___| | |/ /
19-05-2024 06:00:23.507Z;functions.bot_text_art;   |_|_/\_|_|  | |  | | | |      | |        | |   | |    | ' / 
19-05-2024 06:00:23.507Z;functions.bot_text_art;   | | __ | |  | |  | | | |      | |        | |   | |    |  <  
19-05-2024 06:00:23.507Z;functions.bot_text_art;   |_|[  ]|_|  | |__| | | |____  | |____   _| |_  | |__  | . \ 
19-05-2024 06:00:23.507Z;functions.bot_text_art;   \_|_||_|_/  |_____/   \_____| |______| |_____| \ ___| |_|\_\
19-05-2024 06:00:23.507Z;functions.bot_text_art;     |_||_|                                                     
19-05-2024 06:00:23.507Z;functions.bot_text_art;     | ||_|_   
19-05-2024 06:00:23.507Z;functions.bot_text_art;   |___||___|  
19-05-2024 06:00:23.507Z;functions.bot_text_art;               
19-05-2024 06:00:23.773Z;functions.open_RM;  OPEN PROGRAM RM
19-05-2024 06:00:37.897Z;functions.loggin_RM;  ENTRAR USER_NAME
19-05-2024 06:00:40.772Z;functions.loggin_RM;  ENTRAR PASSWORD
19-05-2024 06:00:41.475Z;functions.loggin_RM;  ENTRAR RM
19-05-2024 06:01:11.180Z;functions.enter_coligada;  CLICK CONTEXTO
19-05-2024 06:01:15.073Z;functions.enter_coligada;  CLICK ALTERAR MODULO DO CONTEXTO
19-05-2024 06:01:17.515Z;functions.enter_coligada;  INSERE O COLIGADA CODE = 1
19-05-2024 06:01:17.616Z;functions.enter_coligada;  APERTA TAB PARA PREENCHER O CAMPO COM A STRING: OCEANICA ENGENHARIA E CONSULTORIA S.A.
19-05-2024 06:01:18.955Z;functions.enter_coligada;  CLICK AVANÇAR NOVAMENTE
19-05-2024 06:01:19.819Z;functions.enter_coligada;  CLICK CONCLUIR
19-05-2024 06:01:28.412Z;functions.enter_coligada;  POP UP COLIGADA DESAPARECER
19-05-2024 06:01:29.022Z;functions.check_movimentacao_bancaria;  CLICK - TOTVS - LINHA RM
19-05-2024 06:01:30.057Z;functions.check_movimentacao_bancaria;  CLICK - BACK OFFICE
19-05-2024 06:01:30.756Z;functions.check_movimentacao_bancaria;  CLICK - GESTAO FINANCEIRA
19-05-2024 06:01:33.538Z;functions.movimentacao_bancaria;  CLICK NA ABA MOVIMENTAÇÃO BANCARIA
19-05-2024 06:01:35.664Z;functions.waitForImage;  IMAGEM BORDERO image found.
19-05-2024 06:01:37.786Z;functions.movimentacao_bancaria;  IMAGEM BORDERO CLICADA.
19-05-2024 06:01:48.258Z;functions.waitForImage;  LICENCAS EXCEDIDAS image not found.
19-05-2024 06:01:48.820Z;functions.movimentacao_bancaria;  ENCONTROU O FILTRO DA MOVIMENTAÇÃO BANCÁRIA
19-05-2024 06:01:48.852Z;functions.movimentacao_bancaria;  CLICA NA ABA SUPERIOR DO FILTRO
19-05-2024 06:01:53.057Z;functions.movimentacao_bancaria;  SELECIONA O FILTRO HOJE
19-05-2024 06:01:55.623Z;functions.waitForImage;  FILTER CLEAN image found.
19-05-2024 06:01:57.753Z;functions.filter_clean;  CLICK NO BOTÃO X DO LIMPA FILTRO
19-05-2024 06:02:12.977Z;functions.waitForImage;  FILTER CLEAN image not found.
19-05-2024 06:02:28.227Z;functions.waitForImage;  FILTER CLEAN image not found.
19-05-2024 06:02:46.272Z;functions.movimentacao_bancaria;  SEM PROCESSAMENTO DE BORDERO
19-05-2024 06:03:06.430Z;functions.waitForImage;  FILTER CLEAN image not found.
19-05-2024 06:03:21.592Z;functions.waitForImage;  FILTER CLEAN image not found.
19-05-2024 06:03:36.825Z;functions.waitForImage;  FILTER CLEAN image not found.
19-05-2024 06:04:08.772Z;functions.remessa_pagamento;  SEM REMESSA DE BORDERO AUTORIZADO
19-05-2024 06:04:09.397Z;functions.enter_contas_a_pagar;  CLICK - TOTVS - LINHA RM
19-05-2024 06:04:10.334Z;functions.enter_contas_a_pagar;  CLICK - BACK OFFICE
19-05-2024 06:04:11.044Z;functions.enter_contas_a_pagar;  CLICK - GESTAO FINANCEIRA
19-05-2024 06:04:16.021Z;functions.enter_contas_a_pagar;  CLICK - CONTAS A PAGAR
19-05-2024 06:04:16.111Z;functions.waitForImage;  LANÇAMENTOS image found.
19-05-2024 06:04:18.241Z;functions.enter_contas_a_pagar;  CLICA EM LANÇAMENTOS
19-05-2024 06:04:33.804Z;functions.waitForImage;  LICENCAS EXCEDIDAS image not found.
19-05-2024 06:04:33.804Z;functions.obter_intervalo_data;  VERIFICANDO A HORA ATUAL 6
19-05-2024 06:04:33.819Z;functions.obter_intervalo_data;  Data Inicial FERIAS/RESCISAO antes da remoção: None
19-05-2024 06:04:33.819Z;functions.obter_intervalo_data;  Data Final FERIAS/RESCISAO antes da remoção: None
19-05-2024 06:04:33.819Z;functions.obter_intervalo_data;  Data Inicial FERIAS/RESCISAO após a remoção: None
19-05-2024 06:04:33.819Z;functions.obter_intervalo_data;  Data Final FERIAS/RESCISAO após a remoção: None
19-05-2024 06:04:33.819Z;functions.obter_intervalo_data;  hoje -  2024-05-19 06:04:33.819631
19-05-2024 06:04:33.819Z;functions.data_filter;  DATA INICIO 22-05-2024
19-05-2024 06:04:33.819Z;functions.data_filter;  DATA FIM 28-05-2024
19-05-2024 06:04:33.819Z;functions.data_filter;  CLICK - SELECIONA A DATA DE QUARTA FEIRA E DA PROXIMA TERÇA
19-05-2024 06:04:33.819Z;functions.data_filter;  QUARTA-FEIRA: 22-05-2024
19-05-2024 06:04:33.819Z;functions.data_filter;  TERCA-FEIRA: 28-05-2024
19-05-2024 06:04:46.054Z;functions.data_filter;  CLICK - BUTÃO DE SELECAO DE FILTRO
19-05-2024 06:04:49.772Z;functions.data_filter;  INSERE - DATA DE QUARTA-FEIRA: 22-05-2024
19-05-2024 06:04:53.273Z;functions.data_filter;  INSERE - DATA DA PROX TERCA-FEIRA: 28-05-2024
19-05-2024 06:04:53.898Z;functions.data_filter;  CLICK - BUTÃO DE EXECUTAR O FILTRO
19-05-2024 06:04:59.694Z;functions.desmark_filter;  CLICK CHECKBOX LANÇAMENTOS A RECEBER
19-05-2024 06:05:00.491Z;functions.desmark_filter;  CLICK CHECKBOX LANÇAMENTOS BAIXADOS
19-05-2024 06:05:01.320Z;functions.desmark_filter;  CLICK CHECKBOX LANÇAMENTOS CANCELADOS
19-05-2024 06:05:02.210Z;functions.desmark_filter;  CLICK CHECKBOX LANÇAMENTOS FATURADOS
19-05-2024 06:05:03.116Z;functions.desmark_filter;  ATUALIZA O FILTRO
19-05-2024 06:05:03.241Z;functions.waitForImage;  FILTER CLEAN image found.
19-05-2024 06:05:05.370Z;functions.filter_clean;  CLICK NO BOTÃO X DO LIMPA FILTRO
19-05-2024 06:05:20.578Z;functions.waitForImage;  FILTER CLEAN image not found.
19-05-2024 06:05:35.776Z;functions.waitForImage;  FILTER CLEAN image not found.
19-05-2024 06:05:36.694Z;functions.tabela_vazia;  Texto extraido 0/0
19-05-2024 06:05:36.694Z;functions.tabela_vazia;  Count 0
19-05-2024 06:05:36.694Z;functions.tabela_vazia;  Type <class 'int'>
19-05-2024 06:05:38.708Z;functions.tabela_vazia;  SEM REMESSA DE FÉRIAS/RESCISÃO
19-05-2024 06:05:40.709Z;main.<module>;  SEM REMESSA DE FÉRIAS/RESCISÃO
19-05-2024 06:05:42.663Z;errorhandler.__handle;  Property: Unknown Property name. [1:203: -ms-interpolation-mode]
19-05-2024 06:05:42.678Z;errorhandler.__handle;  Property: Unknown Property name. [1:353: -webkit-font-smoothing]
19-05-2024 06:05:42.678Z;errorhandler.__handle;  Property: Unknown Property name. [1:483: -ms-text-size-adjust]
19-05-2024 06:05:42.678Z;errorhandler.__handle;  Property: Unknown Property name. [1:518: -webkit-text-size-adjust]
19-05-2024 06:05:42.678Z;errorhandler.__handle;  Property: Unknown Property name. [1:612: mso-table-lspace]
19-05-2024 06:05:42.678Z;errorhandler.__handle;  Property: Unknown Property name. [1:642: mso-table-rspace]
19-05-2024 06:05:42.725Z;errorhandler.__handle;  Property: Unknown Property name. [1:4734: mso-hide]
19-05-2024 06:05:42.756Z;errorhandler.__handle;  Property: Unknown Property name. [1:13: -ms-interpolation-mode]
19-05-2024 06:05:42.756Z;errorhandler.__handle;  Property: Unknown Property name. [1:49: -webkit-font-smoothing]
19-05-2024 06:05:42.756Z;errorhandler.__handle;  Property: Unknown Property name. [1:134: -ms-text-size-adjust]
19-05-2024 06:05:42.756Z;errorhandler.__handle;  Property: Unknown Property name. [1:160: -webkit-text-size-adjust]
19-05-2024 06:05:42.756Z;errorhandler.__handle;  Property: Unknown Property name. [1:26: mso-table-lspace]
19-05-2024 06:05:42.756Z;errorhandler.__handle;  Property: Unknown Property name. [1:45: mso-table-rspace]
19-05-2024 06:05:42.772Z;errorhandler.__handle;  Property: Unknown Property name. [1:92: mso-hide]
19-05-2024 06:05:42.772Z;errorhandler.__handle;  Property: No ":" after name found: align-center [1:1: align-center]
19-05-2024 06:05:42.772Z;errorhandler.__handle;  Property: No property value found: align-center [1:1: align-center]
19-05-2024 06:05:42.772Z;errorhandler.__handle;  CSSStyleDeclaration: Syntax Error in Property: align-center
19-05-2024 06:05:42.772Z;errorhandler.__handle;  Property: Unknown Property name. [1:14: -ms-interpolation-mode]
19-05-2024 06:05:45.241Z;functions.emailFinalizado;  Finalizado e-mail sent.
19-05-2024 06:05:45.320Z;functions.encerra_prog;  RM ENCERRADO
