15-06-2024 14:00:27.857Z;functions.bot_text_art;      ____   
15-06-2024 14:00:27.857Z;functions.bot_text_art;     [____]    
15-06-2024 14:00:27.857Z;functions.bot_text_art;   |=]()()[=|  
15-06-2024 14:00:27.857Z;functions.bot_text_art;     _\==/__    _____    ____     _        _____    ___   _  __
15-06-2024 14:00:27.857Z;functions.bot_text_art;   |__|   |_|  |  _  \  / ___|   | |      |_   _| / ___| | |/ /
15-06-2024 14:00:27.857Z;functions.bot_text_art;   |_|_/\_|_|  | |  | | | |      | |        | |   | |    | ' / 
15-06-2024 14:00:27.873Z;functions.bot_text_art;   | | __ | |  | |  | | | |      | |        | |   | |    |  <  
15-06-2024 14:00:27.873Z;functions.bot_text_art;   |_|[  ]|_|  | |__| | | |____  | |____   _| |_  | |__  | . \ 
15-06-2024 14:00:27.873Z;functions.bot_text_art;   \_|_||_|_/  |_____/   \_____| |______| |_____| \ ___| |_|\_\
15-06-2024 14:00:27.873Z;functions.bot_text_art;     |_||_|                                                     
15-06-2024 14:00:27.873Z;functions.bot_text_art;     | ||_|_   
15-06-2024 14:00:27.873Z;functions.bot_text_art;   |___||___|  
15-06-2024 14:00:27.873Z;functions.bot_text_art;               
15-06-2024 14:00:27.920Z;functions.open_RM;  OPEN PROGRAM RM
15-06-2024 14:00:47.904Z;functions.loggin_RM;  ENTRAR USER_NAME
15-06-2024 14:00:51.358Z;functions.loggin_RM;  ENTRAR PASSWORD
15-06-2024 14:00:52.660Z;functions.loggin_RM;  ENTRAR RM
15-06-2024 14:03:56.296Z;functions.loggin_RM;  FILTRO NÃO ENCONTRADO
15-06-2024 14:03:56.296Z;functions.enter_coligada;  AGUARDANDO 1
15-06-2024 14:03:57.576Z;functions.enter_coligada;  CLICK CONTEXTO
15-06-2024 14:04:00.170Z;functions.enter_coligada;  CLICK ALTERAR MODULO DO CONTEXTO
15-06-2024 14:04:03.686Z;functions.enter_coligada;  INSERE O COLIGADA CODE = 1
15-06-2024 14:04:03.791Z;functions.enter_coligada;  APERTA TAB PARA PREENCHER O CAMPO COM A STRING: OCEANICA ENGENHARIA E CONSULTORIA S.A.
15-06-2024 14:04:06.013Z;functions.enter_coligada;  CLICK AVANÇAR NOVAMENTE
15-06-2024 14:04:07.201Z;functions.enter_coligada;  CLICK CONCLUIR
15-06-2024 14:05:14.810Z;functions.enter_coligada;  POP UP COLIGADA DESAPARECER
15-06-2024 14:05:15.701Z;functions.check_movimentacao_bancaria;  CLICK - TOTVS - LINHA RM
15-06-2024 14:05:17.326Z;functions.check_movimentacao_bancaria;  CLICK - BACK OFFICE
15-06-2024 14:05:19.951Z;functions.check_movimentacao_bancaria;  CLICK - GESTAO FINANCEIRA
15-06-2024 14:05:19.951Z;functions.obter_intervalo_data;  VERIFICANDO A HORA ATUAL 14
15-06-2024 14:05:19.975Z;functions.obter_intervalo_data;  Data Inicial FERIAS/RESCISAO antes da remoção: None
15-06-2024 14:05:19.975Z;functions.obter_intervalo_data;  Data Final FERIAS/RESCISAO antes da remoção: None
15-06-2024 14:05:19.982Z;functions.obter_intervalo_data;  Data Inicial FERIAS/RESCISAO após a remoção: None
15-06-2024 14:05:19.982Z;functions.obter_intervalo_data;  Data Final FERIAS/RESCISAO após a remoção: None
15-06-2024 14:05:19.982Z;functions.obter_intervalo_data;  hoje -  2024-06-15 14:05:19.982697
15-06-2024 14:05:19.982Z;functions.check_movimentacao_bancaria;  DATA INICIO 19-06-2024
15-06-2024 14:05:19.982Z;functions.check_movimentacao_bancaria;  DATA FIM 25-06-2024
15-06-2024 14:05:19.982Z;functions.movimentacao_bancaria;  AGUARDANDO 1
15-06-2024 14:05:26.107Z;functions.movimentacao_bancaria;  CLICK NA ABA MOVIMENTAÇÃO BANCARIA
15-06-2024 14:05:28.341Z;functions.waitForImage;  IMAGEM BORDERO image found.
15-06-2024 14:05:30.458Z;functions.movimentacao_bancaria;  IMAGEM BORDERO CLICADA.
15-06-2024 14:05:40.900Z;functions.waitForImage;  LICENCAS EXCEDIDAS image not found.
15-06-2024 14:05:41.591Z;functions.movimentacao_bancaria;  ENCONTROU O FILTRO DA MOVIMENTAÇÃO BANCÁRIA
15-06-2024 14:05:41.638Z;functions.movimentacao_bancaria;  CLICA NA ABA SUPERIOR DO FILTRO
15-06-2024 14:05:45.849Z;functions.movimentacao_bancaria;  SELECIONA O FILTRO HOJE
15-06-2024 14:06:01.042Z;functions.waitForImage;  FILTER CLEAN image not found.
15-06-2024 14:06:16.279Z;functions.waitForImage;  FILTER CLEAN image not found.
15-06-2024 14:06:31.591Z;functions.waitForImage;  FILTER CLEAN image not found.
15-06-2024 14:06:51.841Z;functions.movimentacao_bancaria;  SEM PROCESSAMENTO DE BORDERO
15-06-2024 14:07:12.122Z;functions.waitForImage;  FILTER CLEAN image not found.
15-06-2024 14:07:27.372Z;functions.waitForImage;  FILTER CLEAN image not found.
15-06-2024 14:07:42.622Z;functions.waitForImage;  FILTER CLEAN image not found.
15-06-2024 14:08:18.936Z;functions.remessa_pagamento;  SEM REMESSA DE BORDERO AUTORIZADO
15-06-2024 14:08:19.825Z;functions.enter_contas_a_pagar;  CLICK - TOTVS - LINHA RM
15-06-2024 14:08:21.169Z;functions.enter_contas_a_pagar;  CLICK - BACK OFFICE
15-06-2024 14:08:23.763Z;functions.enter_contas_a_pagar;  CLICK - GESTAO FINANCEIRA
15-06-2024 14:08:29.794Z;functions.enter_contas_a_pagar;  CLICK - CONTAS A PAGAR
15-06-2024 14:08:30.653Z;functions.waitForImage;  LANÇAMENTOS image found.
15-06-2024 14:08:32.772Z;functions.enter_contas_a_pagar;  CLICA EM LANÇAMENTOS
15-06-2024 14:08:48.263Z;functions.waitForImage;  LICENCAS EXCEDIDAS image not found.
15-06-2024 14:08:48.263Z;functions.data_filter;  CLICK - SELECIONA A DATA DE QUARTA FEIRA E DA PROXIMA TERÇA
15-06-2024 14:08:48.263Z;functions.data_filter;  QUARTA-FEIRA: 19-06-2024
15-06-2024 14:08:48.263Z;functions.data_filter;  TERCA-FEIRA: 25-06-2024
15-06-2024 14:09:01.232Z;functions.data_filter;  CLICK - BUTÃO DE SELECAO DE FILTRO
15-06-2024 14:09:05.622Z;functions.data_filter;  INSERE - DATA DE QUARTA-FEIRA: 19-06-2024
15-06-2024 14:09:09.685Z;functions.data_filter;  INSERE - DATA DA PROX TERCA-FEIRA: 25-06-2024
15-06-2024 14:09:10.703Z;functions.data_filter;  CLICK - BUTÃO DE EXECUTAR O FILTRO
15-06-2024 14:09:15.703Z;functions.desmark_filter;  AGUARDANDO 1
15-06-2024 14:09:17.700Z;functions.desmark_filter;  CLICK CHECKBOX LANÇAMENTOS A RECEBER
15-06-2024 14:09:19.811Z;functions.desmark_filter;  CLICK CHECKBOX LANÇAMENTOS BAIXADOS
15-06-2024 14:09:22.044Z;functions.desmark_filter;  CLICK CHECKBOX LANÇAMENTOS CANCELADOS
15-06-2024 14:09:24.572Z;functions.desmark_filter;  CLICK CHECKBOX LANÇAMENTOS FATURADOS
15-06-2024 14:09:27.107Z;functions.desmark_filter;  ATUALIZA O FILTRO
15-06-2024 14:09:27.278Z;functions.waitForImage;  FILTER CLEAN image found.
15-06-2024 14:09:29.395Z;functions.filter_clean;  CLICK NO BOTÃO X DO LIMPA FILTRO
15-06-2024 14:09:44.622Z;functions.waitForImage;  FILTER CLEAN image not found.
15-06-2024 14:09:59.903Z;functions.waitForImage;  FILTER CLEAN image not found.
15-06-2024 14:10:02.606Z;functions.tabela_vazia;  Texto extraido 0/0
15-06-2024 14:10:02.606Z;functions.tabela_vazia;  Count 0
15-06-2024 14:10:02.606Z;functions.tabela_vazia;  Type <class 'int'>
15-06-2024 14:10:04.611Z;functions.tabela_vazia;  SEM REMESSA DE FÉRIAS/RESCISÃO
15-06-2024 14:10:06.612Z;main.<module>;  SEM REMESSA DE FÉRIAS/RESCISÃO
15-06-2024 14:10:09.097Z;errorhandler.__handle;  Property: Unknown Property name. [1:203: -ms-interpolation-mode]
15-06-2024 14:10:09.128Z;errorhandler.__handle;  Property: Unknown Property name. [1:353: -webkit-font-smoothing]
15-06-2024 14:10:09.144Z;errorhandler.__handle;  Property: Unknown Property name. [1:483: -ms-text-size-adjust]
15-06-2024 14:10:09.144Z;errorhandler.__handle;  Property: Unknown Property name. [1:518: -webkit-text-size-adjust]
15-06-2024 14:10:09.144Z;errorhandler.__handle;  Property: Unknown Property name. [1:612: mso-table-lspace]
15-06-2024 14:10:09.144Z;errorhandler.__handle;  Property: Unknown Property name. [1:642: mso-table-rspace]
15-06-2024 14:10:09.394Z;errorhandler.__handle;  Property: Unknown Property name. [1:4734: mso-hide]
15-06-2024 14:10:09.487Z;errorhandler.__handle;  Property: Unknown Property name. [1:13: -ms-interpolation-mode]
15-06-2024 14:10:09.503Z;errorhandler.__handle;  Property: Unknown Property name. [1:49: -webkit-font-smoothing]
15-06-2024 14:10:09.503Z;errorhandler.__handle;  Property: Unknown Property name. [1:134: -ms-text-size-adjust]
15-06-2024 14:10:09.503Z;errorhandler.__handle;  Property: Unknown Property name. [1:160: -webkit-text-size-adjust]
15-06-2024 14:10:09.503Z;errorhandler.__handle;  Property: Unknown Property name. [1:26: mso-table-lspace]
15-06-2024 14:10:09.503Z;errorhandler.__handle;  Property: Unknown Property name. [1:45: mso-table-rspace]
15-06-2024 14:10:09.550Z;errorhandler.__handle;  Property: Unknown Property name. [1:92: mso-hide]
15-06-2024 14:10:09.550Z;errorhandler.__handle;  Property: No ":" after name found: align-center [1:1: align-center]
15-06-2024 14:10:09.550Z;errorhandler.__handle;  Property: No property value found: align-center [1:1: align-center]
15-06-2024 14:10:09.550Z;errorhandler.__handle;  CSSStyleDeclaration: Syntax Error in Property: align-center
15-06-2024 14:10:09.566Z;errorhandler.__handle;  Property: Unknown Property name. [1:14: -ms-interpolation-mode]
15-06-2024 14:10:12.060Z;functions.emailFinalizado;  Finalizado e-mail sent.
15-06-2024 14:10:12.388Z;functions.encerra_prog;  RM ENCERRADO
