18-06-2024 17:46:40.474Z;functions.bot_text_art;      ____   
18-06-2024 17:46:40.474Z;functions.bot_text_art;     [____]    
18-06-2024 17:46:40.474Z;functions.bot_text_art;   |=]()()[=|  
18-06-2024 17:46:40.474Z;functions.bot_text_art;     _\==/__    _____    ____     _        _____    ___   _  __
18-06-2024 17:46:40.474Z;functions.bot_text_art;   |__|   |_|  |  _  \  / ___|   | |      |_   _| / ___| | |/ /
18-06-2024 17:46:40.474Z;functions.bot_text_art;   |_|_/\_|_|  | |  | | | |      | |        | |   | |    | ' / 
18-06-2024 17:46:40.474Z;functions.bot_text_art;   | | __ | |  | |  | | | |      | |        | |   | |    |  <  
18-06-2024 17:46:40.474Z;functions.bot_text_art;   |_|[  ]|_|  | |__| | | |____  | |____   _| |_  | |__  | . \ 
18-06-2024 17:46:40.474Z;functions.bot_text_art;   \_|_||_|_/  |_____/   \_____| |______| |_____| \ ___| |_|\_\
18-06-2024 17:46:40.474Z;functions.bot_text_art;     |_||_|                                                     
18-06-2024 17:46:40.474Z;functions.bot_text_art;     | ||_|_   
18-06-2024 17:46:40.474Z;functions.bot_text_art;   |___||___|  
18-06-2024 17:46:40.474Z;functions.bot_text_art;               
18-06-2024 17:46:40.490Z;functions.open_RM;  OPEN PROGRAM RM
18-06-2024 17:47:06.802Z;functions.loggin_RM;  ENTRAR USER_NAME
18-06-2024 17:47:10.504Z;functions.loggin_RM;  ENTRAR PASSWORD
18-06-2024 17:47:11.887Z;functions.loggin_RM;  ENTRAR RM
18-06-2024 17:50:14.507Z;functions.loggin_RM;  FILTRO NÃO ENCONTRADO
18-06-2024 17:50:14.507Z;functions.enter_coligada;  AGUARDANDO 1
18-06-2024 17:50:15.849Z;functions.enter_coligada;  CLICK CONTEXTO
18-06-2024 17:50:18.817Z;functions.enter_coligada;  CLICK ALTERAR MODULO DO CONTEXTO
18-06-2024 17:50:23.833Z;functions.enter_coligada;  INSERE O COLIGADA CODE = 1
18-06-2024 17:50:23.940Z;functions.enter_coligada;  APERTA TAB PARA PREENCHER O CAMPO COM A STRING: OCEANICA ENGENHARIA E CONSULTORIA S.A.
18-06-2024 17:50:27.130Z;functions.enter_coligada;  CLICK AVANÇAR NOVAMENTE
18-06-2024 17:50:29.067Z;functions.enter_coligada;  CLICK CONCLUIR
18-06-2024 17:50:49.427Z;functions.waitForImage;  TROCA COLIGADA image not found.
18-06-2024 17:51:47.568Z;functions.enter_coligada;  POP UP COLIGADA DESAPARECER
18-06-2024 17:51:48.567Z;functions.check_movimentacao_bancaria;  CLICK - TOTVS - LINHA RM
18-06-2024 17:51:50.317Z;functions.check_movimentacao_bancaria;  CLICK - BACK OFFICE
18-06-2024 17:51:53.004Z;functions.check_movimentacao_bancaria;  CLICK - GESTAO FINANCEIRA
18-06-2024 17:51:53.004Z;functions.obter_intervalo_data;  VERIFICANDO A HORA ATUAL 17
18-06-2024 17:51:53.036Z;functions.obter_intervalo_data;  Data Inicial FERIAS/RESCISAO antes da remoção: None
18-06-2024 17:51:53.036Z;functions.obter_intervalo_data;  Data Final FERIAS/RESCISAO antes da remoção: None
18-06-2024 17:51:53.036Z;functions.obter_intervalo_data;  Data Inicial FERIAS/RESCISAO após a remoção: None
18-06-2024 17:51:53.036Z;functions.obter_intervalo_data;  Data Final FERIAS/RESCISAO após a remoção: None
18-06-2024 17:51:53.036Z;functions.obter_intervalo_data;  hoje -  2024-06-18 17:51:53.036419
18-06-2024 17:51:53.036Z;functions.check_movimentacao_bancaria;  DATA INICIO 26-06-2024
18-06-2024 17:51:53.036Z;functions.check_movimentacao_bancaria;  DATA FIM 02-07-2024
18-06-2024 17:51:53.036Z;functions.movimentacao_bancaria;  AGUARDANDO 1
18-06-2024 17:52:05.599Z;functions.movimentacao_bancaria;  CLICK NA ABA MOVIMENTAÇÃO BANCARIA
18-06-2024 17:52:07.833Z;functions.waitForImage;  IMAGEM BORDERO image found.
18-06-2024 17:52:09.949Z;functions.movimentacao_bancaria;  IMAGEM BORDERO CLICADA.
18-06-2024 17:52:20.239Z;functions.waitForImage;  LICENCAS EXCEDIDAS image not found.
18-06-2024 17:52:21.551Z;functions.movimentacao_bancaria;  ENCONTROU O FILTRO DA MOVIMENTAÇÃO BANCÁRIA
18-06-2024 17:52:21.598Z;functions.movimentacao_bancaria;  CLICA NA ABA SUPERIOR DO FILTRO
18-06-2024 17:52:25.811Z;functions.movimentacao_bancaria;  SELECIONA O FILTRO HOJE
18-06-2024 17:52:31.786Z;functions.waitForImage;  FILTER CLEAN image found.
18-06-2024 17:52:33.920Z;functions.filter_clean;  CLICK NO BOTÃO X DO LIMPA FILTRO
18-06-2024 17:52:34.130Z;functions.waitForImage;  FILTER CLEAN image found.
18-06-2024 17:52:36.262Z;functions.filter_clean;  CLICK NO BOTÃO X DO LIMPA FILTRO
18-06-2024 17:52:51.567Z;functions.waitForImage;  FILTER CLEAN image not found.
18-06-2024 17:52:55.223Z;functions.movimentacao_bancaria;  CLICK NA PRIMEIRA LINHA DA TABELA MOVIMENTAÇÃO BANCÁRIA
18-06-2024 17:52:56.448Z;functions.movimentacao_bancaria;  12 PASSOS PARA DIREITA NA TABELA >>
18-06-2024 17:52:58.751Z;functions.movimentacao_bancaria;  HOVER FILTER
18-06-2024 17:52:59.347Z;functions.movimentacao_bancaria;  CLICK FILTER
18-06-2024 17:53:03.674Z;functions.movimentacao_bancaria;  CLICK NO FILTRO  STATUS DA REMESSA
18-06-2024 17:53:05.777Z;functions.movimentacao_bancaria;  APERTA TAB PARA ESCREVER O FILTRO
18-06-2024 17:53:07.893Z;functions.movimentacao_bancaria;  ESCREVE PENDENTE NO FILTRO
18-06-2024 17:53:09.996Z;functions.movimentacao_bancaria;  APERTA ENTER PARA SELECIONAR OS PENDENTES
18-06-2024 17:53:30.614Z;functions.movimentacao_bancaria;  SEM PROCESSAMENTO DE BORDERO PENDENTE.
18-06-2024 17:53:35.817Z;functions.waitForImage;  FILTER CLEAN image found.
18-06-2024 17:53:37.949Z;functions.filter_clean;  CLICK NO BOTÃO X DO LIMPA FILTRO
18-06-2024 17:53:53.254Z;functions.waitForImage;  FILTER CLEAN image not found.
18-06-2024 17:54:08.551Z;functions.waitForImage;  FILTER CLEAN image not found.
18-06-2024 17:54:10.379Z;functions.remessa_pagamento;  CLICK NA PRIMEIRA LINHA DA TABELA MOVIMENTAÇÃO BANCÁRIA
18-06-2024 17:54:12.536Z;functions.remessa_pagamento;  HOVER FILTER
18-06-2024 17:54:13.117Z;functions.remessa_pagamento;  CLICK FILTER
18-06-2024 17:54:17.451Z;functions.remessa_pagamento;  CLICK NO FILTRO  STATUS DA REMESSA
18-06-2024 17:54:19.554Z;functions.remessa_pagamento;  APERTA TAB PARA ESCREVER O FILTRO
18-06-2024 17:54:21.672Z;functions.remessa_pagamento;  ESCREVE AUTORIZADO NO FILTRO
18-06-2024 17:54:23.776Z;functions.remessa_pagamento;  APERTA ENTER PARA SELECIONAR OS AUTORIZADO
18-06-2024 17:54:44.395Z;functions.remessa_pagamento;  SEM REMESSA DE BORDERO AUTORIZADO
18-06-2024 17:54:45.379Z;functions.enter_contas_a_pagar;  CLICK - TOTVS - LINHA RM
18-06-2024 17:54:46.786Z;functions.enter_contas_a_pagar;  CLICK - BACK OFFICE
18-06-2024 17:54:47.723Z;functions.enter_contas_a_pagar;  CLICK - GESTAO FINANCEIRA
18-06-2024 17:55:00.410Z;functions.enter_contas_a_pagar;  CLICK - CONTAS A PAGAR
18-06-2024 17:55:01.332Z;functions.waitForImage;  LANÇAMENTOS image found.
18-06-2024 17:55:03.451Z;functions.enter_contas_a_pagar;  CLICA EM LANÇAMENTOS
18-06-2024 17:55:18.673Z;functions.waitForImage;  LICENCAS EXCEDIDAS image not found.
18-06-2024 17:55:18.674Z;functions.data_filter;  CLICK - SELECIONA A DATA DE QUARTA FEIRA E DA PROXIMA TERÇA
18-06-2024 17:55:18.674Z;functions.data_filter;  QUARTA-FEIRA: 26-06-2024
18-06-2024 17:55:18.674Z;functions.data_filter;  TERCA-FEIRA: 02-07-2024
18-06-2024 17:55:32.160Z;functions.data_filter;  CLICK - BUTÃO DE SELECAO DE FILTRO
18-06-2024 17:55:37.113Z;functions.data_filter;  INSERE - DATA DE QUARTA-FEIRA: 26-06-2024
18-06-2024 17:55:41.489Z;functions.data_filter;  INSERE - DATA DA PROX TERCA-FEIRA: 02-07-2024
18-06-2024 17:55:42.473Z;functions.data_filter;  CLICK - BUTÃO DE EXECUTAR O FILTRO
18-06-2024 17:55:47.477Z;functions.desmark_filter;  AGUARDANDO 1
18-06-2024 17:55:50.098Z;functions.desmark_filter;  CLICK CHECKBOX LANÇAMENTOS A RECEBER
18-06-2024 17:55:52.629Z;functions.desmark_filter;  CLICK CHECKBOX LANÇAMENTOS BAIXADOS
18-06-2024 17:55:55.211Z;functions.desmark_filter;  CLICK CHECKBOX LANÇAMENTOS CANCELADOS
18-06-2024 17:55:58.504Z;functions.desmark_filter;  CLICK CHECKBOX LANÇAMENTOS FATURADOS
18-06-2024 17:56:01.754Z;functions.desmark_filter;  ATUALIZA O FILTRO
18-06-2024 17:56:01.973Z;functions.waitForImage;  FILTER CLEAN image found.
18-06-2024 17:56:04.080Z;functions.filter_clean;  CLICK NO BOTÃO X DO LIMPA FILTRO
18-06-2024 17:56:19.364Z;functions.waitForImage;  FILTER CLEAN image not found.
18-06-2024 17:56:34.676Z;functions.waitForImage;  FILTER CLEAN image not found.
18-06-2024 17:56:38.223Z;functions.tabela_vazia;  Texto extraido 0/0
18-06-2024 17:56:38.223Z;functions.tabela_vazia;  Count 0
18-06-2024 17:56:38.223Z;functions.tabela_vazia;  Type <class 'int'>
18-06-2024 17:56:40.227Z;functions.tabela_vazia;  SEM REMESSA DE FÉRIAS/RESCISÃO
18-06-2024 17:56:42.228Z;main.<module>;  SEM REMESSA DE FÉRIAS/RESCISÃO
18-06-2024 17:56:44.676Z;errorhandler.__handle;  Property: Unknown Property name. [1:203: -ms-interpolation-mode]
18-06-2024 17:56:44.723Z;errorhandler.__handle;  Property: Unknown Property name. [1:353: -webkit-font-smoothing]
18-06-2024 17:56:44.738Z;errorhandler.__handle;  Property: Unknown Property name. [1:483: -ms-text-size-adjust]
18-06-2024 17:56:44.738Z;errorhandler.__handle;  Property: Unknown Property name. [1:518: -webkit-text-size-adjust]
18-06-2024 17:56:44.738Z;errorhandler.__handle;  Property: Unknown Property name. [1:612: mso-table-lspace]
18-06-2024 17:56:44.738Z;errorhandler.__handle;  Property: Unknown Property name. [1:642: mso-table-rspace]
18-06-2024 17:56:44.988Z;errorhandler.__handle;  Property: Unknown Property name. [1:4734: mso-hide]
18-06-2024 17:56:45.082Z;errorhandler.__handle;  Property: Unknown Property name. [1:13: -ms-interpolation-mode]
18-06-2024 17:56:45.082Z;errorhandler.__handle;  Property: Unknown Property name. [1:49: -webkit-font-smoothing]
18-06-2024 17:56:45.098Z;errorhandler.__handle;  Property: Unknown Property name. [1:134: -ms-text-size-adjust]
18-06-2024 17:56:45.098Z;errorhandler.__handle;  Property: Unknown Property name. [1:160: -webkit-text-size-adjust]
18-06-2024 17:56:45.098Z;errorhandler.__handle;  Property: Unknown Property name. [1:26: mso-table-lspace]
18-06-2024 17:56:45.098Z;errorhandler.__handle;  Property: Unknown Property name. [1:45: mso-table-rspace]
18-06-2024 17:56:45.129Z;errorhandler.__handle;  Property: Unknown Property name. [1:92: mso-hide]
18-06-2024 17:56:45.145Z;errorhandler.__handle;  Property: No ":" after name found: align-center [1:1: align-center]
18-06-2024 17:56:45.145Z;errorhandler.__handle;  Property: No property value found: align-center [1:1: align-center]
18-06-2024 17:56:45.145Z;errorhandler.__handle;  CSSStyleDeclaration: Syntax Error in Property: align-center
18-06-2024 17:56:45.145Z;errorhandler.__handle;  Property: Unknown Property name. [1:14: -ms-interpolation-mode]
18-06-2024 17:56:47.551Z;functions.emailFinalizado;  Finalizado e-mail sent.
18-06-2024 17:56:47.816Z;functions.encerra_prog;  RM ENCERRADO
