26-06-2024 12:54:36.133Z;functions.bot_text_art;      ____   
26-06-2024 12:54:36.133Z;functions.bot_text_art;     [____]    
26-06-2024 12:54:36.133Z;functions.bot_text_art;   |=]()()[=|  
26-06-2024 12:54:36.133Z;functions.bot_text_art;     _\==/__    _____    ____     _        _____    ___   _  __
26-06-2024 12:54:36.133Z;functions.bot_text_art;   |__|   |_|  |  _  \  / ___|   | |      |_   _| / ___| | |/ /
26-06-2024 12:54:36.133Z;functions.bot_text_art;   |_|_/\_|_|  | |  | | | |      | |        | |   | |    | ' / 
26-06-2024 12:54:36.133Z;functions.bot_text_art;   | | __ | |  | |  | | | |      | |        | |   | |    |  <  
26-06-2024 12:54:36.133Z;functions.bot_text_art;   |_|[  ]|_|  | |__| | | |____  | |____   _| |_  | |__  | . \ 
26-06-2024 12:54:36.133Z;functions.bot_text_art;   \_|_||_|_/  |_____/   \_____| |______| |_____| \ ___| |_|\_\
26-06-2024 12:54:36.133Z;functions.bot_text_art;     |_||_|                                                     
26-06-2024 12:54:36.133Z;functions.bot_text_art;     | ||_|_   
26-06-2024 12:54:36.133Z;functions.bot_text_art;   |___||___|  
26-06-2024 12:54:36.133Z;functions.bot_text_art;               
26-06-2024 12:54:36.148Z;functions.open_RM;  OPEN PROGRAM RM
26-06-2024 12:54:57.945Z;functions.loggin_RM;  ENTRAR USER_NAME
26-06-2024 12:55:01.749Z;functions.loggin_RM;  ENTRAR PASSWORD
26-06-2024 12:55:03.391Z;functions.loggin_RM;  ENTRAR RM
26-06-2024 12:58:04.303Z;functions.loggin_RM;  FILTRO NÃO ENCONTRADO
26-06-2024 12:58:04.303Z;functions.enter_coligada;  AGUARDANDO 1
26-06-2024 12:58:05.710Z;functions.enter_coligada;  CLICK CONTEXTO
26-06-2024 12:58:08.616Z;functions.enter_coligada;  CLICK ALTERAR MODULO DO CONTEXTO
26-06-2024 12:58:12.886Z;functions.enter_coligada;  INSERE O COLIGADA CODE = 1
26-06-2024 12:58:12.992Z;functions.enter_coligada;  APERTA TAB PARA PREENCHER O CAMPO COM A STRING: OCEANICA ENGENHARIA E CONSULTORIA S.A.
26-06-2024 12:58:15.116Z;functions.enter_coligada;  CLICK AVANÇAR NOVAMENTE
26-06-2024 12:58:16.522Z;functions.enter_coligada;  CLICK CONCLUIR
26-06-2024 12:58:36.866Z;functions.waitForImage;  TROCA COLIGADA image not found.
26-06-2024 12:58:59.381Z;functions.enter_coligada;  POP UP COLIGADA DESAPARECER
26-06-2024 12:59:00.397Z;functions.check_movimentacao_bancaria;  CLICK - TOTVS - LINHA RM
26-06-2024 12:59:02.303Z;functions.check_movimentacao_bancaria;  CLICK - BACK OFFICE
26-06-2024 12:59:05.085Z;functions.check_movimentacao_bancaria;  CLICK - GESTAO FINANCEIRA
26-06-2024 12:59:05.085Z;functions.obter_intervalo_data;  VERIFICANDO A HORA ATUAL 12
26-06-2024 12:59:05.110Z;functions.obter_intervalo_data;  Data Inicial FERIAS/RESCISAO antes da remoção: None
26-06-2024 12:59:05.110Z;functions.obter_intervalo_data;  Data Final FERIAS/RESCISAO antes da remoção: None
26-06-2024 12:59:05.116Z;functions.obter_intervalo_data;  Data Inicial FERIAS/RESCISAO após a remoção: None
26-06-2024 12:59:05.116Z;functions.obter_intervalo_data;  Data Final FERIAS/RESCISAO após a remoção: None
26-06-2024 12:59:05.116Z;functions.obter_intervalo_data;  hoje -  2024-06-26 12:59:05.116407
26-06-2024 12:59:05.116Z;functions.check_movimentacao_bancaria;  DATA INICIO 03-07-2024
26-06-2024 12:59:05.116Z;functions.check_movimentacao_bancaria;  DATA FIM 09-07-2024
26-06-2024 12:59:05.116Z;functions.movimentacao_bancaria;  AGUARDANDO 1
26-06-2024 12:59:11.178Z;functions.movimentacao_bancaria;  CLICK NA ABA MOVIMENTAÇÃO BANCARIA
26-06-2024 12:59:13.413Z;functions.waitForImage;  IMAGEM BORDERO image found.
26-06-2024 12:59:15.533Z;functions.movimentacao_bancaria;  IMAGEM BORDERO CLICADA.
26-06-2024 12:59:25.819Z;functions.waitForImage;  LICENCAS EXCEDIDAS image not found.
26-06-2024 12:59:26.538Z;functions.movimentacao_bancaria;  ENCONTROU O FILTRO DA MOVIMENTAÇÃO BANCÁRIA
26-06-2024 12:59:26.584Z;functions.movimentacao_bancaria;  CLICA NA ABA SUPERIOR DO FILTRO
26-06-2024 12:59:30.796Z;functions.movimentacao_bancaria;  SELECIONA O FILTRO HOJE
26-06-2024 12:59:36.006Z;functions.waitForImage;  FILTER CLEAN image found.
26-06-2024 12:59:38.155Z;functions.filter_clean;  CLICK NO BOTÃO X DO LIMPA FILTRO
26-06-2024 12:59:38.366Z;functions.waitForImage;  FILTER CLEAN image found.
26-06-2024 12:59:40.499Z;functions.filter_clean;  CLICK NO BOTÃO X DO LIMPA FILTRO
26-06-2024 12:59:55.803Z;functions.waitForImage;  FILTER CLEAN image not found.
26-06-2024 12:59:59.553Z;functions.movimentacao_bancaria;  CLICK NA PRIMEIRA LINHA DA TABELA MOVIMENTAÇÃO BANCÁRIA
26-06-2024 13:00:00.780Z;functions.movimentacao_bancaria;  12 PASSOS PARA DIREITA NA TABELA >>
26-06-2024 13:00:03.116Z;functions.movimentacao_bancaria;  HOVER FILTER
26-06-2024 13:00:03.711Z;functions.movimentacao_bancaria;  CLICK FILTER
26-06-2024 13:00:08.038Z;functions.movimentacao_bancaria;  CLICK NO FILTRO  STATUS DA REMESSA
26-06-2024 13:00:10.141Z;functions.movimentacao_bancaria;  APERTA TAB PARA ESCREVER O FILTRO
26-06-2024 13:00:12.256Z;functions.movimentacao_bancaria;  ESCREVE PENDENTE NO FILTRO
26-06-2024 13:00:14.359Z;functions.movimentacao_bancaria;  APERTA ENTER PARA SELECIONAR OS PENDENTES
26-06-2024 13:00:32.178Z;functions.movimentacao_bancaria;  SEM PROCESSAMENTO DE BORDERO PENDENTE.
26-06-2024 13:00:37.397Z;functions.waitForImage;  FILTER CLEAN image found.
26-06-2024 13:00:39.531Z;functions.filter_clean;  CLICK NO BOTÃO X DO LIMPA FILTRO
26-06-2024 13:00:54.834Z;functions.waitForImage;  FILTER CLEAN image not found.
26-06-2024 13:01:10.131Z;functions.waitForImage;  FILTER CLEAN image not found.
26-06-2024 13:01:12.147Z;functions.remessa_pagamento;  CLICK NA PRIMEIRA LINHA DA TABELA MOVIMENTAÇÃO BANCÁRIA
26-06-2024 13:01:14.412Z;functions.remessa_pagamento;  HOVER FILTER
26-06-2024 13:01:15.014Z;functions.remessa_pagamento;  CLICK FILTER
26-06-2024 13:01:19.351Z;functions.remessa_pagamento;  CLICK NO FILTRO  STATUS DA REMESSA
26-06-2024 13:01:21.455Z;functions.remessa_pagamento;  APERTA TAB PARA ESCREVER O FILTRO
26-06-2024 13:01:23.575Z;functions.remessa_pagamento;  ESCREVE AUTORIZADO NO FILTRO
26-06-2024 13:01:25.678Z;functions.remessa_pagamento;  APERTA ENTER PARA SELECIONAR OS AUTORIZADO
26-06-2024 13:01:43.466Z;functions.remessa_pagamento;  SEM REMESSA DE BORDERO AUTORIZADO
26-06-2024 13:01:44.490Z;functions.enter_contas_a_pagar;  CLICK - TOTVS - LINHA RM
26-06-2024 13:01:46.084Z;functions.enter_contas_a_pagar;  CLICK - BACK OFFICE
26-06-2024 13:01:48.865Z;functions.enter_contas_a_pagar;  CLICK - GESTAO FINANCEIRA
26-06-2024 13:01:55.084Z;functions.enter_contas_a_pagar;  CLICK - CONTAS A PAGAR
26-06-2024 13:01:56.006Z;functions.waitForImage;  LANÇAMENTOS image found.
26-06-2024 13:01:58.124Z;functions.enter_contas_a_pagar;  CLICA EM LANÇAMENTOS
26-06-2024 13:02:13.428Z;functions.waitForImage;  LICENCAS EXCEDIDAS image not found.
26-06-2024 13:02:13.428Z;functions.data_filter;  CLICK - SELECIONA A DATA DE QUARTA FEIRA E DA PROXIMA TERÇA
26-06-2024 13:02:13.428Z;functions.data_filter;  QUARTA-FEIRA: 03-07-2024
26-06-2024 13:02:13.428Z;functions.data_filter;  TERCA-FEIRA: 09-07-2024
26-06-2024 13:02:27.053Z;functions.data_filter;  CLICK - BUTÃO DE SELECAO DE FILTRO
26-06-2024 13:02:31.881Z;functions.data_filter;  INSERE - DATA DE QUARTA-FEIRA: 03-07-2024
26-06-2024 13:02:36.349Z;functions.data_filter;  INSERE - DATA DA PROX TERCA-FEIRA: 09-07-2024
26-06-2024 13:02:37.521Z;functions.data_filter;  CLICK - BUTÃO DE EXECUTAR O FILTRO
26-06-2024 13:02:42.525Z;functions.desmark_filter;  AGUARDANDO 1
26-06-2024 13:02:44.959Z;functions.desmark_filter;  CLICK CHECKBOX LANÇAMENTOS A RECEBER
26-06-2024 13:02:47.897Z;functions.desmark_filter;  CLICK CHECKBOX LANÇAMENTOS BAIXADOS
26-06-2024 13:02:50.959Z;functions.desmark_filter;  CLICK CHECKBOX LANÇAMENTOS CANCELADOS
26-06-2024 13:02:54.203Z;functions.desmark_filter;  CLICK CHECKBOX LANÇAMENTOS FATURADOS
26-06-2024 13:02:57.428Z;functions.desmark_filter;  ATUALIZA O FILTRO
26-06-2024 13:02:57.646Z;functions.waitForImage;  FILTER CLEAN image found.
26-06-2024 13:02:59.765Z;functions.filter_clean;  CLICK NO BOTÃO X DO LIMPA FILTRO
26-06-2024 13:03:15.068Z;functions.waitForImage;  FILTER CLEAN image not found.
26-06-2024 13:03:30.391Z;functions.waitForImage;  FILTER CLEAN image not found.
26-06-2024 13:03:33.990Z;functions.tabela_vazia;  Texto extraido 0/0
26-06-2024 13:03:33.990Z;functions.tabela_vazia;  Count 0
26-06-2024 13:03:33.990Z;functions.tabela_vazia;  Type <class 'int'>
26-06-2024 13:03:35.999Z;functions.tabela_vazia;  SEM REMESSA DE FÉRIAS/RESCISÃO
26-06-2024 13:03:38.000Z;main.<module>;  SEM REMESSA DE FÉRIAS/RESCISÃO
26-06-2024 13:03:41.599Z;errorhandler.__handle;  Property: Unknown Property name. [1:203: -ms-interpolation-mode]
26-06-2024 13:03:41.646Z;errorhandler.__handle;  Property: Unknown Property name. [1:353: -webkit-font-smoothing]
26-06-2024 13:03:41.646Z;errorhandler.__handle;  Property: Unknown Property name. [1:483: -ms-text-size-adjust]
26-06-2024 13:03:41.646Z;errorhandler.__handle;  Property: Unknown Property name. [1:518: -webkit-text-size-adjust]
26-06-2024 13:03:41.662Z;errorhandler.__handle;  Property: Unknown Property name. [1:612: mso-table-lspace]
26-06-2024 13:03:41.662Z;errorhandler.__handle;  Property: Unknown Property name. [1:642: mso-table-rspace]
26-06-2024 13:03:41.833Z;errorhandler.__handle;  Property: Unknown Property name. [1:4734: mso-hide]
26-06-2024 13:03:41.896Z;errorhandler.__handle;  Property: Unknown Property name. [1:13: -ms-interpolation-mode]
26-06-2024 13:03:41.896Z;errorhandler.__handle;  Property: Unknown Property name. [1:49: -webkit-font-smoothing]
26-06-2024 13:03:41.912Z;errorhandler.__handle;  Property: Unknown Property name. [1:134: -ms-text-size-adjust]
26-06-2024 13:03:41.912Z;errorhandler.__handle;  Property: Unknown Property name. [1:160: -webkit-text-size-adjust]
26-06-2024 13:03:41.912Z;errorhandler.__handle;  Property: Unknown Property name. [1:26: mso-table-lspace]
26-06-2024 13:03:41.912Z;errorhandler.__handle;  Property: Unknown Property name. [1:45: mso-table-rspace]
26-06-2024 13:03:41.927Z;errorhandler.__handle;  Property: Unknown Property name. [1:92: mso-hide]
26-06-2024 13:03:41.943Z;errorhandler.__handle;  Property: No ":" after name found: align-center [1:1: align-center]
26-06-2024 13:03:41.943Z;errorhandler.__handle;  Property: No property value found: align-center [1:1: align-center]
26-06-2024 13:03:41.943Z;errorhandler.__handle;  CSSStyleDeclaration: Syntax Error in Property: align-center
26-06-2024 13:03:41.943Z;errorhandler.__handle;  Property: Unknown Property name. [1:14: -ms-interpolation-mode]
26-06-2024 13:03:44.912Z;functions.emailFinalizado;  Finalizado e-mail sent.
26-06-2024 13:03:45.281Z;functions.encerra_prog;  RM ENCERRADO
