14-05-2024 20:00:10.393Z;functions.bot_text_art;      ____   
14-05-2024 20:00:10.393Z;functions.bot_text_art;     [____]    
14-05-2024 20:00:10.393Z;functions.bot_text_art;   |=]()()[=|  
14-05-2024 20:00:10.393Z;functions.bot_text_art;     _\==/__    _____    ____     _        _____    ___   _  __
14-05-2024 20:00:10.393Z;functions.bot_text_art;   |__|   |_|  |  _  \  / ___|   | |      |_   _| / ___| | |/ /
14-05-2024 20:00:10.393Z;functions.bot_text_art;   |_|_/\_|_|  | |  | | | |      | |        | |   | |    | ' / 
14-05-2024 20:00:10.393Z;functions.bot_text_art;   | | __ | |  | |  | | | |      | |        | |   | |    |  <  
14-05-2024 20:00:10.393Z;functions.bot_text_art;   |_|[  ]|_|  | |__| | | |____  | |____   _| |_  | |__  | . \ 
14-05-2024 20:00:10.393Z;functions.bot_text_art;   \_|_||_|_/  |_____/   \_____| |______| |_____| \ ___| |_|\_\
14-05-2024 20:00:10.393Z;functions.bot_text_art;     |_||_|                                                     
14-05-2024 20:00:10.393Z;functions.bot_text_art;     | ||_|_   
14-05-2024 20:00:10.393Z;functions.bot_text_art;   |___||___|  
14-05-2024 20:00:10.393Z;functions.bot_text_art;               
14-05-2024 20:00:10.393Z;functions.open_RM;  OPEN PROGRAM RM
14-05-2024 20:00:24.497Z;functions.loggin_RM;  ENTRAR USER_NAME
14-05-2024 20:00:27.329Z;functions.loggin_RM;  ENTRAR PASSWORD
14-05-2024 20:00:28.017Z;functions.loggin_RM;  ENTRAR RM
14-05-2024 20:01:09.191Z;functions.enter_coligada;  CLICK CONTEXTO
14-05-2024 20:01:13.253Z;functions.enter_coligada;  CLICK ALTERAR MODULO DO CONTEXTO
14-05-2024 20:01:16.575Z;functions.enter_coligada;  INSERE O COLIGADA CODE = 1
14-05-2024 20:01:16.676Z;functions.enter_coligada;  APERTA TAB PARA PREENCHER O CAMPO COM A STRING: OCEANICA ENGENHARIA E CONSULTORIA S.A.
14-05-2024 20:01:18.520Z;functions.enter_coligada;  CLICK AVANÇAR NOVAMENTE
14-05-2024 20:01:19.924Z;functions.enter_coligada;  CLICK CONCLUIR
14-05-2024 20:01:36.455Z;functions.enter_coligada;  POP UP COLIGADA DESAPARECER
14-05-2024 20:01:37.063Z;functions.check_movimentacao_bancaria;  CLICK - TOTVS - LINHA RM
14-05-2024 20:01:38.114Z;functions.check_movimentacao_bancaria;  CLICK - BACK OFFICE
14-05-2024 20:01:40.393Z;functions.check_movimentacao_bancaria;  CLICK - GESTAO FINANCEIRA
14-05-2024 20:01:51.721Z;functions.movimentacao_bancaria;  CLICK NA ABA MOVIMENTAÇÃO BANCARIA
14-05-2024 20:01:53.832Z;functions.waitForImage;  IMAGEM BORDERO image found.
14-05-2024 20:01:55.963Z;functions.movimentacao_bancaria;  IMAGEM BORDERO CLICADA.
14-05-2024 20:02:06.052Z;functions.waitForImage;  LICENCAS EXCEDIDAS image not found.
14-05-2024 20:02:06.611Z;functions.movimentacao_bancaria;  ENCONTROU O FILTRO DA MOVIMENTAÇÃO BANCÁRIA
14-05-2024 20:02:06.626Z;functions.movimentacao_bancaria;  CLICA NA ABA SUPERIOR DO FILTRO
14-05-2024 20:02:10.831Z;functions.movimentacao_bancaria;  SELECIONA O FILTRO HOJE
14-05-2024 20:02:14.045Z;functions.waitForImage;  FILTER CLEAN image found.
14-05-2024 20:02:16.163Z;functions.filter_clean;  CLICK NO BOTÃO X DO LIMPA FILTRO
14-05-2024 20:02:31.522Z;functions.waitForImage;  FILTER CLEAN image not found.
14-05-2024 20:02:46.919Z;functions.waitForImage;  FILTER CLEAN image not found.
14-05-2024 20:02:49.736Z;functions.movimentacao_bancaria;  CLICK NA PRIMEIRA LINHA DA TABELA MOVIMENTAÇÃO BANCÁRIA
14-05-2024 20:02:50.950Z;functions.movimentacao_bancaria;  12 PASSOS PARA DIREITA NA TABELA >>
14-05-2024 20:02:52.205Z;functions.movimentacao_bancaria;  HOVER FILTER
14-05-2024 20:02:52.554Z;functions.movimentacao_bancaria;  CLICK FILTER
14-05-2024 20:02:56.864Z;functions.movimentacao_bancaria;  CLICK NO FILTRO  STATUS DA REMESSA
14-05-2024 20:02:58.966Z;functions.movimentacao_bancaria;  APERTA TAB PARA ESCREVER O FILTRO
14-05-2024 20:03:01.071Z;functions.movimentacao_bancaria;  ESCREVE PENDENTE NO FILTRO
14-05-2024 20:03:03.172Z;functions.movimentacao_bancaria;  APERTA ENTER PARA SELECIONAR OS PENDENTES
14-05-2024 20:03:21.189Z;functions.movimentacao_bancaria;  SEM PROCESSAMENTO DE BORDERO PENDENTE.
14-05-2024 20:03:26.283Z;functions.waitForImage;  FILTER CLEAN image found.
14-05-2024 20:03:28.411Z;functions.filter_clean;  CLICK NO BOTÃO X DO LIMPA FILTRO
14-05-2024 20:03:43.720Z;functions.waitForImage;  FILTER CLEAN image not found.
14-05-2024 20:03:59.039Z;functions.waitForImage;  FILTER CLEAN image not found.
14-05-2024 20:03:59.861Z;functions.remessa_pagamento;  CLICK NA PRIMEIRA LINHA DA TABELA MOVIMENTAÇÃO BANCÁRIA
14-05-2024 20:04:01.127Z;functions.remessa_pagamento;  HOVER FILTER
14-05-2024 20:04:01.415Z;functions.remessa_pagamento;  CLICK FILTER
14-05-2024 20:04:05.728Z;functions.remessa_pagamento;  CLICK NO FILTRO  STATUS DA REMESSA
14-05-2024 20:04:07.829Z;functions.remessa_pagamento;  APERTA TAB PARA ESCREVER O FILTRO
14-05-2024 20:04:09.936Z;functions.remessa_pagamento;  ESCREVE AUTORIZADO NO FILTRO
14-05-2024 20:04:12.037Z;functions.remessa_pagamento;  APERTA ENTER PARA SELECIONAR OS AUTORIZADO
14-05-2024 20:04:30.017Z;functions.remessa_pagamento;  SEM REMESSA DE BORDERO AUTORIZADO
14-05-2024 20:04:30.612Z;functions.enter_contas_a_pagar;  CLICK - TOTVS - LINHA RM
14-05-2024 20:04:31.549Z;functions.enter_contas_a_pagar;  CLICK - BACK OFFICE
14-05-2024 20:04:32.226Z;functions.enter_contas_a_pagar;  CLICK - GESTAO FINANCEIRA
14-05-2024 20:04:43.924Z;functions.enter_contas_a_pagar;  CLICK - CONTAS A PAGAR
14-05-2024 20:04:44.070Z;functions.waitForImage;  LANÇAMENTOS image found.
14-05-2024 20:04:46.187Z;functions.enter_contas_a_pagar;  CLICA EM LANÇAMENTOS
14-05-2024 20:05:01.757Z;functions.waitForImage;  LICENCAS EXCEDIDAS image not found.
14-05-2024 20:05:01.757Z;functions.obter_intervalo_data;  VERIFICANDO A HORA ATUAL 20
14-05-2024 20:05:01.772Z;functions.obter_intervalo_data;  Data Inicial FERIAS/RESCISAO antes da remoção: None
14-05-2024 20:05:01.772Z;functions.obter_intervalo_data;  Data Final FERIAS/RESCISAO antes da remoção: None
14-05-2024 20:05:01.772Z;functions.obter_intervalo_data;  Data Inicial FERIAS/RESCISAO após a remoção: None
14-05-2024 20:05:01.772Z;functions.obter_intervalo_data;  Data Final FERIAS/RESCISAO após a remoção: None
14-05-2024 20:05:01.772Z;functions.obter_intervalo_data;  hoje -  2024-05-14 20:05:01.772682
14-05-2024 20:05:01.772Z;functions.data_filter;  DATA INICIO 22-05-2024
14-05-2024 20:05:01.772Z;functions.data_filter;  DATA FIM 28-05-2024
14-05-2024 20:05:01.772Z;functions.data_filter;  CLICK - SELECIONA A DATA DE QUARTA FEIRA E DA PROXIMA TERÇA
14-05-2024 20:05:01.772Z;functions.data_filter;  QUARTA-FEIRA: 22-05-2024
14-05-2024 20:05:01.772Z;functions.data_filter;  TERCA-FEIRA: 28-05-2024
14-05-2024 20:05:13.993Z;functions.data_filter;  CLICK - BUTÃO DE SELECAO DE FILTRO
14-05-2024 20:05:17.736Z;functions.data_filter;  INSERE - DATA DE QUARTA-FEIRA: 22-05-2024
14-05-2024 20:05:21.205Z;functions.data_filter;  INSERE - DATA DA PROX TERCA-FEIRA: 28-05-2024
14-05-2024 20:05:21.830Z;functions.data_filter;  CLICK - BUTÃO DE EXECUTAR O FILTRO
14-05-2024 20:05:27.628Z;functions.desmark_filter;  CLICK CHECKBOX LANÇAMENTOS A RECEBER
14-05-2024 20:05:28.412Z;functions.desmark_filter;  CLICK CHECKBOX LANÇAMENTOS BAIXADOS
14-05-2024 20:05:29.267Z;functions.desmark_filter;  CLICK CHECKBOX LANÇAMENTOS CANCELADOS
14-05-2024 20:05:30.126Z;functions.desmark_filter;  CLICK CHECKBOX LANÇAMENTOS FATURADOS
14-05-2024 20:05:31.017Z;functions.desmark_filter;  ATUALIZA O FILTRO
14-05-2024 20:05:31.145Z;functions.waitForImage;  FILTER CLEAN image found.
14-05-2024 20:05:33.273Z;functions.filter_clean;  CLICK NO BOTÃO X DO LIMPA FILTRO
14-05-2024 20:05:48.596Z;functions.waitForImage;  FILTER CLEAN image not found.
14-05-2024 20:06:03.871Z;functions.waitForImage;  FILTER CLEAN image not found.
14-05-2024 20:06:04.830Z;functions.tabela_vazia;  Texto extraido 0/0
14-05-2024 20:06:04.830Z;functions.tabela_vazia;  Count 0
14-05-2024 20:06:04.830Z;functions.tabela_vazia;  Type <class 'int'>
14-05-2024 20:06:06.842Z;functions.tabela_vazia;  SEM REMESSA DE FÉRIAS/RESCISÃO
14-05-2024 20:06:08.843Z;main.<module>;  SEM REMESSA DE FÉRIAS/RESCISÃO
14-05-2024 20:06:11.190Z;errorhandler.__handle;  Property: Unknown Property name. [1:203: -ms-interpolation-mode]
14-05-2024 20:06:11.190Z;errorhandler.__handle;  Property: Unknown Property name. [1:353: -webkit-font-smoothing]
14-05-2024 20:06:11.205Z;errorhandler.__handle;  Property: Unknown Property name. [1:483: -ms-text-size-adjust]
14-05-2024 20:06:11.205Z;errorhandler.__handle;  Property: Unknown Property name. [1:518: -webkit-text-size-adjust]
14-05-2024 20:06:11.205Z;errorhandler.__handle;  Property: Unknown Property name. [1:612: mso-table-lspace]
14-05-2024 20:06:11.205Z;errorhandler.__handle;  Property: Unknown Property name. [1:642: mso-table-rspace]
14-05-2024 20:06:11.252Z;errorhandler.__handle;  Property: Unknown Property name. [1:4734: mso-hide]
14-05-2024 20:06:11.283Z;errorhandler.__handle;  Property: Unknown Property name. [1:13: -ms-interpolation-mode]
14-05-2024 20:06:11.283Z;errorhandler.__handle;  Property: Unknown Property name. [1:49: -webkit-font-smoothing]
14-05-2024 20:06:11.283Z;errorhandler.__handle;  Property: Unknown Property name. [1:134: -ms-text-size-adjust]
14-05-2024 20:06:11.283Z;errorhandler.__handle;  Property: Unknown Property name. [1:160: -webkit-text-size-adjust]
14-05-2024 20:06:11.283Z;errorhandler.__handle;  Property: Unknown Property name. [1:26: mso-table-lspace]
14-05-2024 20:06:11.283Z;errorhandler.__handle;  Property: Unknown Property name. [1:45: mso-table-rspace]
14-05-2024 20:06:11.299Z;errorhandler.__handle;  Property: Unknown Property name. [1:92: mso-hide]
14-05-2024 20:06:11.299Z;errorhandler.__handle;  Property: No ":" after name found: align-center [1:1: align-center]
14-05-2024 20:06:11.299Z;errorhandler.__handle;  Property: No property value found: align-center [1:1: align-center]
14-05-2024 20:06:11.299Z;errorhandler.__handle;  CSSStyleDeclaration: Syntax Error in Property: align-center
14-05-2024 20:06:11.299Z;errorhandler.__handle;  Property: Unknown Property name. [1:14: -ms-interpolation-mode]
14-05-2024 20:06:13.690Z;functions.emailFinalizado;  Finalizado e-mail sent.
14-05-2024 20:06:13.771Z;functions.encerra_prog;  RM ENCERRADO
