30-07-2024 03:00:44.971Z;functions.bot_text_art;      ____   
30-07-2024 03:00:44.986Z;functions.bot_text_art;     [____]    
30-07-2024 03:00:44.986Z;functions.bot_text_art;   |=]()()[=|  
30-07-2024 03:00:44.986Z;functions.bot_text_art;     _\==/__    _____    ____     _        _____    ___   _  __
30-07-2024 03:00:44.986Z;functions.bot_text_art;   |__|   |_|  |  _  \  / ___|   | |      |_   _| / ___| | |/ /
30-07-2024 03:00:44.986Z;functions.bot_text_art;   |_|_/\_|_|  | |  | | | |      | |        | |   | |    | ' / 
30-07-2024 03:00:44.986Z;functions.bot_text_art;   | | __ | |  | |  | | | |      | |        | |   | |    |  <  
30-07-2024 03:00:44.986Z;functions.bot_text_art;   |_|[  ]|_|  | |__| | | |____  | |____   _| |_  | |__  | . \ 
30-07-2024 03:00:44.986Z;functions.bot_text_art;   \_|_||_|_/  |_____/   \_____| |______| |_____| \ ___| |_|\_\
30-07-2024 03:00:44.986Z;functions.bot_text_art;     |_||_|                                                     
30-07-2024 03:00:44.986Z;functions.bot_text_art;     | ||_|_   
30-07-2024 03:00:44.986Z;functions.bot_text_art;   |___||___|  
30-07-2024 03:00:44.986Z;functions.bot_text_art;               
30-07-2024 03:00:45.002Z;functions.open_RM;  OPEN PROGRAM RM
30-07-2024 03:01:07.299Z;functions.loggin_RM;  ENTRAR USER_NAME
30-07-2024 03:01:11.047Z;functions.loggin_RM;  ENTRAR PASSWORD
30-07-2024 03:01:12.658Z;functions.loggin_RM;  ENTRAR RM
30-07-2024 03:04:34.736Z;functions.enter_coligada;  AGUARDANDO 1
30-07-2024 03:04:36.032Z;functions.enter_coligada;  CLICK CONTEXTO
30-07-2024 03:04:38.845Z;functions.enter_coligada;  CLICK ALTERAR MODULO DO CONTEXTO
30-07-2024 03:04:43.142Z;functions.enter_coligada;  INSERE O COLIGADA CODE = 1
30-07-2024 03:04:43.249Z;functions.enter_coligada;  APERTA TAB PARA PREENCHER O CAMPO COM A STRING: OCEANICA ENGENHARIA E CONSULTORIA S.A.
30-07-2024 03:04:45.408Z;functions.enter_coligada;  CLICK AVANÇAR NOVAMENTE
30-07-2024 03:04:46.783Z;functions.enter_coligada;  CLICK CONCLUIR
30-07-2024 03:05:07.126Z;functions.waitForImage;  TROCA COLIGADA image not found.
30-07-2024 03:05:25.064Z;functions.enter_coligada;  POP UP COLIGADA DESAPARECER
30-07-2024 03:05:26.064Z;functions.check_movimentacao_bancaria;  CLICK - TOTVS - LINHA RM
30-07-2024 03:05:28.002Z;functions.check_movimentacao_bancaria;  CLICK - BACK OFFICE
30-07-2024 03:05:30.783Z;functions.check_movimentacao_bancaria;  CLICK - GESTAO FINANCEIRA
30-07-2024 03:05:30.783Z;functions.obter_intervalo_data;  VERIFICANDO A HORA ATUAL 3
30-07-2024 03:05:30.808Z;functions.obter_intervalo_data;  Data Inicial FERIAS/RESCISAO antes da remoção: None
30-07-2024 03:05:30.808Z;functions.obter_intervalo_data;  Data Final FERIAS/RESCISAO antes da remoção: None
30-07-2024 03:05:30.814Z;functions.obter_intervalo_data;  Data Inicial FERIAS/RESCISAO após a remoção: None
30-07-2024 03:05:30.814Z;functions.obter_intervalo_data;  Data Final FERIAS/RESCISAO após a remoção: None
30-07-2024 03:05:30.814Z;functions.obter_intervalo_data;  hoje -  2024-07-30 03:05:30.814226
30-07-2024 03:05:30.814Z;functions.check_movimentacao_bancaria;  DATA INICIO 31-07-2024
30-07-2024 03:05:30.814Z;functions.check_movimentacao_bancaria;  DATA FIM 06-08-2024
30-07-2024 03:05:30.814Z;functions.movimentacao_bancaria;  AGUARDANDO 1
30-07-2024 03:05:37.689Z;functions.movimentacao_bancaria;  CLICK NA ABA MOVIMENTAÇÃO BANCARIA
30-07-2024 03:05:39.939Z;functions.waitForImage;  IMAGEM BORDERO image found.
30-07-2024 03:05:42.073Z;functions.movimentacao_bancaria;  IMAGEM BORDERO CLICADA.
30-07-2024 03:05:52.549Z;functions.waitForImage;  LICENCAS EXCEDIDAS image not found.
30-07-2024 03:05:53.267Z;functions.movimentacao_bancaria;  ENCONTROU O FILTRO DA MOVIMENTAÇÃO BANCÁRIA
30-07-2024 03:05:53.314Z;functions.movimentacao_bancaria;  CLICA NA ABA SUPERIOR DO FILTRO
30-07-2024 03:05:57.526Z;functions.movimentacao_bancaria;  SELECIONA O FILTRO HOJE
30-07-2024 03:06:12.751Z;functions.waitForImage;  FILTER CLEAN image not found.
30-07-2024 03:06:28.064Z;functions.waitForImage;  FILTER CLEAN image not found.
30-07-2024 03:06:43.392Z;functions.waitForImage;  FILTER CLEAN image not found.
30-07-2024 03:07:01.303Z;functions.movimentacao_bancaria;  SEM PROCESSAMENTO DE BORDERO
30-07-2024 03:07:21.564Z;functions.waitForImage;  FILTER CLEAN image not found.
30-07-2024 03:07:36.892Z;functions.waitForImage;  FILTER CLEAN image not found.
30-07-2024 03:07:52.126Z;functions.waitForImage;  FILTER CLEAN image not found.
30-07-2024 03:08:23.767Z;functions.remessa_pagamento;  SEM REMESSA DE BORDERO AUTORIZADO
30-07-2024 03:08:24.783Z;functions.enter_contas_a_pagar;  CLICK - TOTVS - LINHA RM
30-07-2024 03:08:26.408Z;functions.enter_contas_a_pagar;  CLICK - BACK OFFICE
30-07-2024 03:08:29.220Z;functions.enter_contas_a_pagar;  CLICK - GESTAO FINANCEIRA
30-07-2024 03:08:36.252Z;functions.enter_contas_a_pagar;  CLICK - CONTAS A PAGAR
30-07-2024 03:08:37.189Z;functions.waitForImage;  LANÇAMENTOS image found.
30-07-2024 03:08:39.321Z;functions.enter_contas_a_pagar;  CLICA EM LANÇAMENTOS
30-07-2024 03:08:54.611Z;functions.waitForImage;  LICENCAS EXCEDIDAS image not found.
30-07-2024 03:08:54.611Z;functions.data_filter;  CLICK - SELECIONA A DATA DE QUARTA FEIRA E DA PROXIMA TERÇA
30-07-2024 03:08:54.611Z;functions.data_filter;  QUARTA-FEIRA: 31-07-2024
30-07-2024 03:08:54.611Z;functions.data_filter;  TERCA-FEIRA: 06-08-2024
30-07-2024 03:09:14.938Z;functions.data_filter;  FILTRO - REMESSA FERIAS/RESCISAO
30-07-2024 03:09:15.939Z;functions.data_filter;  CLICK - BUTÃO DE SELECAO DE FILTRO
30-07-2024 03:09:20.767Z;functions.data_filter;  INSERE - DATA DE QUARTA-FEIRA: 31-07-2024
30-07-2024 03:09:25.173Z;functions.data_filter;  INSERE - DATA DA PROX TERCA-FEIRA: 06-08-2024
30-07-2024 03:09:26.407Z;functions.data_filter;  CLICK - BUTÃO DE EXECUTAR O FILTRO
30-07-2024 03:09:31.410Z;functions.desmark_filter;  AGUARDANDO 1
30-07-2024 03:09:33.876Z;functions.desmark_filter;  CLICK CHECKBOX LANÇAMENTOS A RECEBER
30-07-2024 03:09:36.626Z;functions.desmark_filter;  CLICK CHECKBOX LANÇAMENTOS BAIXADOS
30-07-2024 03:09:39.548Z;functions.desmark_filter;  CLICK CHECKBOX LANÇAMENTOS CANCELADOS
30-07-2024 03:09:42.642Z;functions.desmark_filter;  CLICK CHECKBOX LANÇAMENTOS FATURADOS
30-07-2024 03:09:45.903Z;functions.desmark_filter;  ATUALIZA O FILTRO
30-07-2024 03:09:46.128Z;functions.waitForImage;  FILTER CLEAN image found.
30-07-2024 03:09:48.232Z;functions.filter_clean;  CLICK NO BOTÃO X DO LIMPA FILTRO
30-07-2024 03:10:03.532Z;functions.waitForImage;  FILTER CLEAN image not found.
30-07-2024 03:10:18.892Z;functions.waitForImage;  FILTER CLEAN image not found.
30-07-2024 03:10:22.517Z;functions.tabela_vazia;  Texto extraido 0/0
30-07-2024 03:10:22.517Z;functions.tabela_vazia;  Count 0
30-07-2024 03:10:22.517Z;functions.tabela_vazia;  Type <class 'int'>
30-07-2024 03:10:24.529Z;functions.tabela_vazia;  SEM REMESSA DE FÉRIAS/RESCISÃO
30-07-2024 03:10:26.530Z;main.<module>;  SEM REMESSA DE FÉRIAS/RESCISÃO
30-07-2024 03:10:29.126Z;errorhandler.__handle;  Property: Unknown Property name. [1:203: -ms-interpolation-mode]
30-07-2024 03:10:29.173Z;errorhandler.__handle;  Property: Unknown Property name. [1:353: -webkit-font-smoothing]
30-07-2024 03:10:29.189Z;errorhandler.__handle;  Property: Unknown Property name. [1:483: -ms-text-size-adjust]
30-07-2024 03:10:29.189Z;errorhandler.__handle;  Property: Unknown Property name. [1:518: -webkit-text-size-adjust]
30-07-2024 03:10:29.189Z;errorhandler.__handle;  Property: Unknown Property name. [1:612: mso-table-lspace]
30-07-2024 03:10:29.189Z;errorhandler.__handle;  Property: Unknown Property name. [1:642: mso-table-rspace]
30-07-2024 03:10:29.423Z;errorhandler.__handle;  Property: Unknown Property name. [1:4734: mso-hide]
30-07-2024 03:10:29.533Z;errorhandler.__handle;  Property: Unknown Property name. [1:13: -ms-interpolation-mode]
30-07-2024 03:10:29.533Z;errorhandler.__handle;  Property: Unknown Property name. [1:49: -webkit-font-smoothing]
30-07-2024 03:10:29.548Z;errorhandler.__handle;  Property: Unknown Property name. [1:134: -ms-text-size-adjust]
30-07-2024 03:10:29.548Z;errorhandler.__handle;  Property: Unknown Property name. [1:160: -webkit-text-size-adjust]
30-07-2024 03:10:29.548Z;errorhandler.__handle;  Property: Unknown Property name. [1:26: mso-table-lspace]
30-07-2024 03:10:29.548Z;errorhandler.__handle;  Property: Unknown Property name. [1:45: mso-table-rspace]
30-07-2024 03:10:29.579Z;errorhandler.__handle;  Property: Unknown Property name. [1:92: mso-hide]
30-07-2024 03:10:29.595Z;errorhandler.__handle;  Property: No ":" after name found: align-center [1:1: align-center]
30-07-2024 03:10:29.595Z;errorhandler.__handle;  Property: No property value found: align-center [1:1: align-center]
30-07-2024 03:10:29.595Z;errorhandler.__handle;  CSSStyleDeclaration: Syntax Error in Property: align-center
30-07-2024 03:10:29.611Z;errorhandler.__handle;  Property: Unknown Property name. [1:14: -ms-interpolation-mode]
30-07-2024 03:10:32.220Z;functions.emailFinalizado;  Finalizado e-mail sent.
30-07-2024 03:10:32.517Z;functions.encerra_prog;  RM ENCERRADO
