08-04-2024 14:00:15.884Z;functions.bot_text_art;      ____   
08-04-2024 14:00:15.884Z;functions.bot_text_art;     [____]    
08-04-2024 14:00:15.884Z;functions.bot_text_art;   |=]()()[=|  
08-04-2024 14:00:15.884Z;functions.bot_text_art;     _\==/__    _____    ____     _        _____    ___   _  __
08-04-2024 14:00:15.884Z;functions.bot_text_art;   |__|   |_|  |  _  \  / ___|   | |      |_   _| / ___| | |/ /
08-04-2024 14:00:15.884Z;functions.bot_text_art;   |_|_/\_|_|  | |  | | | |      | |        | |   | |    | ' / 
08-04-2024 14:00:15.884Z;functions.bot_text_art;   | | __ | |  | |  | | | |      | |        | |   | |    |  <  
08-04-2024 14:00:15.884Z;functions.bot_text_art;   |_|[  ]|_|  | |__| | | |____  | |____   _| |_  | |__  | . \ 
08-04-2024 14:00:15.884Z;functions.bot_text_art;   \_|_||_|_/  |_____/   \_____| |______| |_____| \ ___| |_|\_\
08-04-2024 14:00:15.884Z;functions.bot_text_art;     |_||_|                                                     
08-04-2024 14:00:15.884Z;functions.bot_text_art;     | ||_|_   
08-04-2024 14:00:15.884Z;functions.bot_text_art;   |___||___|  
08-04-2024 14:00:15.884Z;functions.bot_text_art;               
08-04-2024 14:00:15.884Z;functions.open_RM;  OPEN PROGRAM RM
08-04-2024 14:00:25.166Z;functions.loggin_RM;  ENTRAR USER_NAME
08-04-2024 14:00:28.040Z;functions.loggin_RM;  ENTRAR PASSWORD
08-04-2024 14:00:28.728Z;functions.loggin_RM;  ENTRAR RM
08-04-2024 14:00:46.963Z;functions.enter_coligada;  CLICK CONTEXTO
08-04-2024 14:00:50.869Z;functions.enter_coligada;  CLICK ALTERAR MODULO DO CONTEXTO
08-04-2024 14:00:52.916Z;functions.enter_coligada;  INSERE O COLIGADA CODE = 1
08-04-2024 14:00:53.018Z;functions.enter_coligada;  APERTA TAB PARA PREENCHER O CAMPO COM A STRING: OCEANICA ENGENHARIA E CONSULTORIA S.A.
08-04-2024 14:00:53.869Z;functions.enter_coligada;  CLICK AVANÇAR NOVAMENTE
08-04-2024 14:00:54.681Z;functions.enter_coligada;  CLICK CONCLUIR
08-04-2024 14:01:03.650Z;functions.enter_coligada;  POP UP COLIGADA DESAPARECER
08-04-2024 14:01:04.275Z;functions.check_movimentacao_bancaria;  CLICK - TOTVS - LINHA RM
08-04-2024 14:01:05.369Z;functions.check_movimentacao_bancaria;  CLICK - BACK OFFICE
08-04-2024 14:01:06.088Z;functions.check_movimentacao_bancaria;  CLICK - GESTAO FINANCEIRA
08-04-2024 14:01:08.306Z;functions.movimentacao_bancaria;  CLICK NA ABA MOVIMENTAÇÃO BANCARIA
08-04-2024 14:01:10.472Z;functions.waitForImage;  IMAGEM BORDERO image found.
08-04-2024 14:01:12.596Z;functions.movimentacao_bancaria;  IMAGEM BORDERO CLICADA.
08-04-2024 14:01:23.197Z;functions.waitForImage;  LICENCAS EXCEDIDAS image not found.
08-04-2024 14:01:23.760Z;functions.movimentacao_bancaria;  ENCONTROU O FILTRO DA MOVIMENTAÇÃO BANCÁRIA
08-04-2024 14:01:23.776Z;functions.movimentacao_bancaria;  CLICA NA ABA SUPERIOR DO FILTRO
08-04-2024 14:01:27.981Z;functions.movimentacao_bancaria;  SELECIONA O FILTRO HOJE
08-04-2024 14:01:29.963Z;functions.waitForImage;  FILTER CLEAN image found.
08-04-2024 14:01:32.095Z;functions.filter_clean;  CLICK NO BOTÃO X DO LIMPA FILTRO
08-04-2024 14:01:47.244Z;functions.waitForImage;  FILTER CLEAN image not found.
08-04-2024 14:02:02.437Z;functions.waitForImage;  FILTER CLEAN image not found.
08-04-2024 14:02:05.244Z;functions.movimentacao_bancaria;  CLICK NA PRIMEIRA LINHA DA TABELA MOVIMENTAÇÃO BANCÁRIA
08-04-2024 14:02:06.456Z;functions.movimentacao_bancaria;  12 PASSOS PARA DIREITA NA TABELA >>
08-04-2024 14:02:07.744Z;functions.movimentacao_bancaria;  HOVER FILTER
08-04-2024 14:02:08.017Z;functions.movimentacao_bancaria;  CLICK FILTER
08-04-2024 14:02:12.326Z;functions.movimentacao_bancaria;  CLICK NO FILTRO  STATUS DA REMESSA
08-04-2024 14:02:14.428Z;functions.movimentacao_bancaria;  APERTA TAB PARA ESCREVER O FILTRO
08-04-2024 14:02:16.533Z;functions.movimentacao_bancaria;  ESCREVE PENDENTE NO FILTRO
08-04-2024 14:02:18.635Z;functions.movimentacao_bancaria;  APERTA ENTER PARA SELECIONAR OS PENDENTES
08-04-2024 14:02:36.619Z;functions.movimentacao_bancaria;  SEM PROCESSAMENTO DE BORDERO PENDENTE.
08-04-2024 14:02:41.744Z;functions.waitForImage;  FILTER CLEAN image found.
08-04-2024 14:02:43.877Z;functions.filter_clean;  CLICK NO BOTÃO X DO LIMPA FILTRO
08-04-2024 14:02:58.994Z;functions.waitForImage;  FILTER CLEAN image not found.
08-04-2024 14:03:14.150Z;functions.waitForImage;  FILTER CLEAN image not found.
08-04-2024 14:03:14.963Z;functions.remessa_pagamento;  CLICK NA PRIMEIRA LINHA DA TABELA MOVIMENTAÇÃO BANCÁRIA
08-04-2024 14:03:16.244Z;functions.remessa_pagamento;  HOVER FILTER
08-04-2024 14:03:16.515Z;functions.remessa_pagamento;  CLICK FILTER
08-04-2024 14:03:20.826Z;functions.remessa_pagamento;  CLICK NO FILTRO  STATUS DA REMESSA
08-04-2024 14:03:22.927Z;functions.remessa_pagamento;  APERTA TAB PARA ESCREVER O FILTRO
08-04-2024 14:03:25.034Z;functions.remessa_pagamento;  ESCREVE AUTORIZADO NO FILTRO
08-04-2024 14:03:27.135Z;functions.remessa_pagamento;  APERTA ENTER PARA SELECIONAR OS AUTORIZADO
08-04-2024 14:03:45.166Z;functions.remessa_pagamento;  SEM REMESSA DE BORDERO AUTORIZADO
08-04-2024 14:03:45.777Z;functions.enter_contas_a_pagar;  CLICK - TOTVS - LINHA RM
08-04-2024 14:03:46.495Z;functions.enter_contas_a_pagar;  CLICK - BACK OFFICE
08-04-2024 14:03:47.213Z;functions.enter_contas_a_pagar;  CLICK - GESTAO FINANCEIRA
08-04-2024 14:03:52.025Z;functions.enter_contas_a_pagar;  CLICK - CONTAS A PAGAR
08-04-2024 14:03:52.151Z;functions.waitForImage;  LANÇAMENTOS image found.
08-04-2024 14:03:54.283Z;functions.enter_contas_a_pagar;  CLICA EM LANÇAMENTOS
08-04-2024 14:04:09.666Z;functions.waitForImage;  LICENCAS EXCEDIDAS image not found.
08-04-2024 14:04:09.666Z;functions.obter_intervalo_data;  VERIFICANDO A HORA ATUAL 14
08-04-2024 14:04:09.682Z;functions.obter_intervalo_data;  Data Inicial FERIAS/RESCISAO antes da remoção: None
08-04-2024 14:04:09.682Z;functions.obter_intervalo_data;  Data Final FERIAS/RESCISAO antes da remoção: None
08-04-2024 14:04:09.682Z;functions.obter_intervalo_data;  Data Inicial FERIAS/RESCISAO após a remoção: None
08-04-2024 14:04:09.682Z;functions.obter_intervalo_data;  Data Final FERIAS/RESCISAO após a remoção: None
08-04-2024 14:04:09.682Z;functions.obter_intervalo_data;  hoje -  2024-04-08 14:04:09.682221
08-04-2024 14:04:09.682Z;functions.data_filter;  DATA INICIO 10-04-2024
08-04-2024 14:04:09.682Z;functions.data_filter;  DATA FIM 16-04-2024
08-04-2024 14:04:09.682Z;functions.data_filter;  CLICK - SELECIONA A DATA DE QUARTA FEIRA E DA PROXIMA TERÇA
08-04-2024 14:04:09.682Z;functions.data_filter;  QUARTA-FEIRA: 10-04-2024
08-04-2024 14:04:09.682Z;functions.data_filter;  TERCA-FEIRA: 16-04-2024
08-04-2024 14:04:21.932Z;functions.data_filter;  CLICK - BUTÃO DE SELECAO DE FILTRO
08-04-2024 14:04:25.681Z;functions.data_filter;  INSERE - DATA DE QUARTA-FEIRA: 10-04-2024
08-04-2024 14:04:29.197Z;functions.data_filter;  INSERE - DATA DA PROX TERCA-FEIRA: 16-04-2024
08-04-2024 14:04:29.838Z;functions.data_filter;  CLICK - BUTÃO DE EXECUTAR O FILTRO
08-04-2024 14:04:35.652Z;functions.desmark_filter;  CLICK CHECKBOX LANÇAMENTOS A RECEBER
08-04-2024 14:04:36.483Z;functions.desmark_filter;  CLICK CHECKBOX LANÇAMENTOS BAIXADOS
08-04-2024 14:04:37.330Z;functions.desmark_filter;  CLICK CHECKBOX LANÇAMENTOS CANCELADOS
08-04-2024 14:04:38.213Z;functions.desmark_filter;  CLICK CHECKBOX LANÇAMENTOS FATURADOS
08-04-2024 14:04:39.116Z;functions.desmark_filter;  ATUALIZA O FILTRO
08-04-2024 14:04:39.244Z;functions.waitForImage;  FILTER CLEAN image found.
08-04-2024 14:04:41.377Z;functions.filter_clean;  CLICK NO BOTÃO X DO LIMPA FILTRO
08-04-2024 14:04:56.499Z;functions.waitForImage;  FILTER CLEAN image not found.
08-04-2024 14:05:11.619Z;functions.waitForImage;  FILTER CLEAN image not found.
08-04-2024 14:05:12.588Z;functions.tabela_vazia;  Texto extraido 0/0
08-04-2024 14:05:12.588Z;functions.tabela_vazia;  Count 0
08-04-2024 14:05:12.588Z;functions.tabela_vazia;  Type <class 'int'>
08-04-2024 14:05:14.595Z;functions.tabela_vazia;  SEM REMESSA DE FÉRIAS/RESCISÃO
08-04-2024 14:05:16.595Z;main.<module>;  SEM REMESSA DE FÉRIAS/RESCISÃO
08-04-2024 14:05:18.244Z;errorhandler.__handle;  Property: Unknown Property name. [1:203: -ms-interpolation-mode]
08-04-2024 14:05:18.260Z;errorhandler.__handle;  Property: Unknown Property name. [1:353: -webkit-font-smoothing]
08-04-2024 14:05:18.260Z;errorhandler.__handle;  Property: Unknown Property name. [1:483: -ms-text-size-adjust]
08-04-2024 14:05:18.260Z;errorhandler.__handle;  Property: Unknown Property name. [1:518: -webkit-text-size-adjust]
08-04-2024 14:05:18.260Z;errorhandler.__handle;  Property: Unknown Property name. [1:612: mso-table-lspace]
08-04-2024 14:05:18.260Z;errorhandler.__handle;  Property: Unknown Property name. [1:642: mso-table-rspace]
08-04-2024 14:05:18.307Z;errorhandler.__handle;  Property: Unknown Property name. [1:4734: mso-hide]
08-04-2024 14:05:18.338Z;errorhandler.__handle;  Property: Unknown Property name. [1:13: -ms-interpolation-mode]
08-04-2024 14:05:18.338Z;errorhandler.__handle;  Property: Unknown Property name. [1:49: -webkit-font-smoothing]
08-04-2024 14:05:18.338Z;errorhandler.__handle;  Property: Unknown Property name. [1:134: -ms-text-size-adjust]
08-04-2024 14:05:18.338Z;errorhandler.__handle;  Property: Unknown Property name. [1:160: -webkit-text-size-adjust]
08-04-2024 14:05:18.338Z;errorhandler.__handle;  Property: Unknown Property name. [1:26: mso-table-lspace]
08-04-2024 14:05:18.338Z;errorhandler.__handle;  Property: Unknown Property name. [1:45: mso-table-rspace]
08-04-2024 14:05:18.338Z;errorhandler.__handle;  Property: Unknown Property name. [1:92: mso-hide]
08-04-2024 14:05:18.354Z;errorhandler.__handle;  Property: No ":" after name found: align-center [1:1: align-center]
08-04-2024 14:05:18.354Z;errorhandler.__handle;  Property: No property value found: align-center [1:1: align-center]
08-04-2024 14:05:18.354Z;errorhandler.__handle;  CSSStyleDeclaration: Syntax Error in Property: align-center
08-04-2024 14:05:18.354Z;errorhandler.__handle;  Property: Unknown Property name. [1:14: -ms-interpolation-mode]
08-04-2024 14:05:20.692Z;functions.emailFinalizado;  Finalizado e-mail sent.
08-04-2024 14:05:20.799Z;functions.encerra_prog;  RM ENCERRADO
