08-04-2024 20:00:20.999Z;functions.bot_text_art;      ____   
08-04-2024 20:00:20.999Z;functions.bot_text_art;     [____]    
08-04-2024 20:00:20.999Z;functions.bot_text_art;   |=]()()[=|  
08-04-2024 20:00:20.999Z;functions.bot_text_art;     _\==/__    _____    ____     _        _____    ___   _  __
08-04-2024 20:00:20.999Z;functions.bot_text_art;   |__|   |_|  |  _  \  / ___|   | |      |_   _| / ___| | |/ /
08-04-2024 20:00:20.999Z;functions.bot_text_art;   |_|_/\_|_|  | |  | | | |      | |        | |   | |    | ' / 
08-04-2024 20:00:20.999Z;functions.bot_text_art;   | | __ | |  | |  | | | |      | |        | |   | |    |  <  
08-04-2024 20:00:20.999Z;functions.bot_text_art;   |_|[  ]|_|  | |__| | | |____  | |____   _| |_  | |__  | . \ 
08-04-2024 20:00:20.999Z;functions.bot_text_art;   \_|_||_|_/  |_____/   \_____| |______| |_____| \ ___| |_|\_\
08-04-2024 20:00:20.999Z;functions.bot_text_art;     |_||_|                                                     
08-04-2024 20:00:20.999Z;functions.bot_text_art;     | ||_|_   
08-04-2024 20:00:20.999Z;functions.bot_text_art;   |___||___|  
08-04-2024 20:00:20.999Z;functions.bot_text_art;               
08-04-2024 20:00:20.999Z;functions.open_RM;  OPEN PROGRAM RM
08-04-2024 20:00:30.279Z;functions.loggin_RM;  ENTRAR USER_NAME
08-04-2024 20:00:33.107Z;functions.loggin_RM;  ENTRAR PASSWORD
08-04-2024 20:00:33.780Z;functions.loggin_RM;  ENTRAR RM
08-04-2024 20:00:53.119Z;functions.enter_coligada;  CLICK CONTEXTO
08-04-2024 20:00:57.000Z;functions.enter_coligada;  CLICK ALTERAR MODULO DO CONTEXTO
08-04-2024 20:00:59.223Z;functions.enter_coligada;  INSERE O COLIGADA CODE = 1
08-04-2024 20:00:59.324Z;functions.enter_coligada;  APERTA TAB PARA PREENCHER O CAMPO COM A STRING: OCEANICA ENGENHARIA E CONSULTORIA S.A.
08-04-2024 20:01:00.139Z;functions.enter_coligada;  CLICK AVANÇAR NOVAMENTE
08-04-2024 20:01:00.921Z;functions.enter_coligada;  CLICK CONCLUIR
08-04-2024 20:01:10.030Z;functions.enter_coligada;  POP UP COLIGADA DESAPARECER
08-04-2024 20:01:10.611Z;functions.check_movimentacao_bancaria;  CLICK - TOTVS - LINHA RM
08-04-2024 20:01:11.641Z;functions.check_movimentacao_bancaria;  CLICK - BACK OFFICE
08-04-2024 20:01:13.920Z;functions.check_movimentacao_bancaria;  CLICK - GESTAO FINANCEIRA
08-04-2024 20:01:16.248Z;functions.movimentacao_bancaria;  CLICK NA ABA MOVIMENTAÇÃO BANCARIA
08-04-2024 20:01:18.374Z;functions.waitForImage;  IMAGEM BORDERO image found.
08-04-2024 20:01:20.505Z;functions.movimentacao_bancaria;  IMAGEM BORDERO CLICADA.
08-04-2024 20:01:30.905Z;functions.waitForImage;  LICENCAS EXCEDIDAS image not found.
08-04-2024 20:01:31.458Z;functions.movimentacao_bancaria;  ENCONTROU O FILTRO DA MOVIMENTAÇÃO BANCÁRIA
08-04-2024 20:01:31.474Z;functions.movimentacao_bancaria;  CLICA NA ABA SUPERIOR DO FILTRO
08-04-2024 20:01:35.678Z;functions.movimentacao_bancaria;  SELECIONA O FILTRO HOJE
08-04-2024 20:01:37.677Z;functions.waitForImage;  FILTER CLEAN image found.
08-04-2024 20:01:39.799Z;functions.filter_clean;  CLICK NO BOTÃO X DO LIMPA FILTRO
08-04-2024 20:01:55.378Z;functions.waitForImage;  FILTER CLEAN image not found.
08-04-2024 20:02:10.964Z;functions.waitForImage;  FILTER CLEAN image not found.
08-04-2024 20:02:13.707Z;functions.movimentacao_bancaria;  CLICK NA PRIMEIRA LINHA DA TABELA MOVIMENTAÇÃO BANCÁRIA
08-04-2024 20:02:14.918Z;functions.movimentacao_bancaria;  12 PASSOS PARA DIREITA NA TABELA >>
08-04-2024 20:02:16.139Z;functions.movimentacao_bancaria;  HOVER FILTER
08-04-2024 20:02:16.415Z;functions.movimentacao_bancaria;  CLICK FILTER
08-04-2024 20:02:20.724Z;functions.movimentacao_bancaria;  CLICK NO FILTRO  STATUS DA REMESSA
08-04-2024 20:02:22.825Z;functions.movimentacao_bancaria;  APERTA TAB PARA ESCREVER O FILTRO
08-04-2024 20:02:24.930Z;functions.movimentacao_bancaria;  ESCREVE PENDENTE NO FILTRO
08-04-2024 20:02:27.031Z;functions.movimentacao_bancaria;  APERTA ENTER PARA SELECIONAR OS PENDENTES
08-04-2024 20:02:44.935Z;functions.movimentacao_bancaria;  SEM PROCESSAMENTO DE BORDERO PENDENTE.
08-04-2024 20:02:50.045Z;functions.waitForImage;  FILTER CLEAN image found.
08-04-2024 20:02:52.169Z;functions.filter_clean;  CLICK NO BOTÃO X DO LIMPA FILTRO
08-04-2024 20:03:07.753Z;functions.waitForImage;  FILTER CLEAN image not found.
08-04-2024 20:03:22.755Z;functions.waitForImage;  FILTER CLEAN image not found.
08-04-2024 20:03:23.530Z;functions.remessa_pagamento;  CLICK NA PRIMEIRA LINHA DA TABELA MOVIMENTAÇÃO BANCÁRIA
08-04-2024 20:03:24.763Z;functions.remessa_pagamento;  HOVER FILTER
08-04-2024 20:03:25.026Z;functions.remessa_pagamento;  CLICK FILTER
08-04-2024 20:03:29.338Z;functions.remessa_pagamento;  CLICK NO FILTRO  STATUS DA REMESSA
08-04-2024 20:03:31.439Z;functions.remessa_pagamento;  APERTA TAB PARA ESCREVER O FILTRO
08-04-2024 20:03:33.545Z;functions.remessa_pagamento;  ESCREVE AUTORIZADO NO FILTRO
08-04-2024 20:03:35.646Z;functions.remessa_pagamento;  APERTA ENTER PARA SELECIONAR OS AUTORIZADO
08-04-2024 20:03:53.514Z;functions.remessa_pagamento;  SEM REMESSA DE BORDERO AUTORIZADO
08-04-2024 20:03:54.107Z;functions.enter_contas_a_pagar;  CLICK - TOTVS - LINHA RM
08-04-2024 20:03:55.029Z;functions.enter_contas_a_pagar;  CLICK - BACK OFFICE
08-04-2024 20:03:55.707Z;functions.enter_contas_a_pagar;  CLICK - GESTAO FINANCEIRA
08-04-2024 20:04:00.584Z;functions.enter_contas_a_pagar;  CLICK - CONTAS A PAGAR
08-04-2024 20:04:00.780Z;functions.waitForImage;  LANÇAMENTOS image found.
08-04-2024 20:04:02.898Z;functions.enter_contas_a_pagar;  CLICA EM LANÇAMENTOS
08-04-2024 20:04:18.220Z;functions.waitForImage;  LICENCAS EXCEDIDAS image not found.
08-04-2024 20:04:18.220Z;functions.obter_intervalo_data;  VERIFICANDO A HORA ATUAL 20
08-04-2024 20:04:18.220Z;functions.obter_intervalo_data;  Data Inicial FERIAS/RESCISAO antes da remoção: None
08-04-2024 20:04:18.220Z;functions.obter_intervalo_data;  Data Final FERIAS/RESCISAO antes da remoção: None
08-04-2024 20:04:18.220Z;functions.obter_intervalo_data;  Data Inicial FERIAS/RESCISAO após a remoção: None
08-04-2024 20:04:18.220Z;functions.obter_intervalo_data;  Data Final FERIAS/RESCISAO após a remoção: None
08-04-2024 20:04:18.220Z;functions.obter_intervalo_data;  hoje -  2024-04-08 20:04:18.220037
08-04-2024 20:04:18.220Z;functions.data_filter;  DATA INICIO 10-04-2024
08-04-2024 20:04:18.220Z;functions.data_filter;  DATA FIM 16-04-2024
08-04-2024 20:04:18.220Z;functions.data_filter;  CLICK - SELECIONA A DATA DE QUARTA FEIRA E DA PROXIMA TERÇA
08-04-2024 20:04:18.220Z;functions.data_filter;  QUARTA-FEIRA: 10-04-2024
08-04-2024 20:04:18.220Z;functions.data_filter;  TERCA-FEIRA: 16-04-2024
08-04-2024 20:04:30.638Z;functions.data_filter;  CLICK - BUTÃO DE SELECAO DE FILTRO
08-04-2024 20:04:34.358Z;functions.data_filter;  INSERE - DATA DE QUARTA-FEIRA: 10-04-2024
08-04-2024 20:04:37.795Z;functions.data_filter;  INSERE - DATA DA PROX TERCA-FEIRA: 16-04-2024
08-04-2024 20:04:38.655Z;functions.data_filter;  CLICK - BUTÃO DE EXECUTAR O FILTRO
08-04-2024 20:04:44.421Z;functions.desmark_filter;  CLICK CHECKBOX LANÇAMENTOS A RECEBER
08-04-2024 20:04:45.185Z;functions.desmark_filter;  CLICK CHECKBOX LANÇAMENTOS BAIXADOS
08-04-2024 20:04:45.998Z;functions.desmark_filter;  CLICK CHECKBOX LANÇAMENTOS CANCELADOS
08-04-2024 20:04:46.834Z;functions.desmark_filter;  CLICK CHECKBOX LANÇAMENTOS FATURADOS
08-04-2024 20:04:47.685Z;functions.desmark_filter;  ATUALIZA O FILTRO
08-04-2024 20:04:47.827Z;functions.waitForImage;  FILTER CLEAN image found.
08-04-2024 20:04:49.944Z;functions.filter_clean;  CLICK NO BOTÃO X DO LIMPA FILTRO
08-04-2024 20:05:05.427Z;functions.waitForImage;  FILTER CLEAN image not found.
08-04-2024 20:05:20.972Z;functions.waitForImage;  FILTER CLEAN image not found.
08-04-2024 20:05:21.902Z;functions.tabela_vazia;  Texto extraido 0/0
08-04-2024 20:05:21.902Z;functions.tabela_vazia;  Count 0
08-04-2024 20:05:21.902Z;functions.tabela_vazia;  Type <class 'int'>
08-04-2024 20:05:23.903Z;functions.tabela_vazia;  SEM REMESSA DE FÉRIAS/RESCISÃO
08-04-2024 20:05:25.903Z;main.<module>;  SEM REMESSA DE FÉRIAS/RESCISÃO
08-04-2024 20:05:28.982Z;errorhandler.__handle;  Property: Unknown Property name. [1:203: -ms-interpolation-mode]
08-04-2024 20:05:28.982Z;errorhandler.__handle;  Property: Unknown Property name. [1:353: -webkit-font-smoothing]
08-04-2024 20:05:28.982Z;errorhandler.__handle;  Property: Unknown Property name. [1:483: -ms-text-size-adjust]
08-04-2024 20:05:28.982Z;errorhandler.__handle;  Property: Unknown Property name. [1:518: -webkit-text-size-adjust]
08-04-2024 20:05:28.982Z;errorhandler.__handle;  Property: Unknown Property name. [1:612: mso-table-lspace]
08-04-2024 20:05:28.982Z;errorhandler.__handle;  Property: Unknown Property name. [1:642: mso-table-rspace]
08-04-2024 20:05:29.029Z;errorhandler.__handle;  Property: Unknown Property name. [1:4734: mso-hide]
08-04-2024 20:05:29.060Z;errorhandler.__handle;  Property: Unknown Property name. [1:13: -ms-interpolation-mode]
08-04-2024 20:05:29.060Z;errorhandler.__handle;  Property: Unknown Property name. [1:49: -webkit-font-smoothing]
08-04-2024 20:05:29.060Z;errorhandler.__handle;  Property: Unknown Property name. [1:134: -ms-text-size-adjust]
08-04-2024 20:05:29.060Z;errorhandler.__handle;  Property: Unknown Property name. [1:160: -webkit-text-size-adjust]
08-04-2024 20:05:29.060Z;errorhandler.__handle;  Property: Unknown Property name. [1:26: mso-table-lspace]
08-04-2024 20:05:29.060Z;errorhandler.__handle;  Property: Unknown Property name. [1:45: mso-table-rspace]
08-04-2024 20:05:29.076Z;errorhandler.__handle;  Property: Unknown Property name. [1:92: mso-hide]
08-04-2024 20:05:29.076Z;errorhandler.__handle;  Property: No ":" after name found: align-center [1:1: align-center]
08-04-2024 20:05:29.076Z;errorhandler.__handle;  Property: No property value found: align-center [1:1: align-center]
08-04-2024 20:05:29.076Z;errorhandler.__handle;  CSSStyleDeclaration: Syntax Error in Property: align-center
08-04-2024 20:05:29.076Z;errorhandler.__handle;  Property: Unknown Property name. [1:14: -ms-interpolation-mode]
08-04-2024 20:05:31.598Z;functions.emailFinalizado;  Finalizado e-mail sent.
08-04-2024 20:05:31.670Z;functions.encerra_prog;  RM ENCERRADO
