27-04-2024 14:00:21.100Z;functions.bot_text_art;      ____   
27-04-2024 14:00:21.100Z;functions.bot_text_art;     [____]    
27-04-2024 14:00:21.100Z;functions.bot_text_art;   |=]()()[=|  
27-04-2024 14:00:21.100Z;functions.bot_text_art;     _\==/__    _____    ____     _        _____    ___   _  __
27-04-2024 14:00:21.100Z;functions.bot_text_art;   |__|   |_|  |  _  \  / ___|   | |      |_   _| / ___| | |/ /
27-04-2024 14:00:21.100Z;functions.bot_text_art;   |_|_/\_|_|  | |  | | | |      | |        | |   | |    | ' / 
27-04-2024 14:00:21.100Z;functions.bot_text_art;   | | __ | |  | |  | | | |      | |        | |   | |    |  <  
27-04-2024 14:00:21.100Z;functions.bot_text_art;   |_|[  ]|_|  | |__| | | |____  | |____   _| |_  | |__  | . \ 
27-04-2024 14:00:21.100Z;functions.bot_text_art;   \_|_||_|_/  |_____/   \_____| |______| |_____| \ ___| |_|\_\
27-04-2024 14:00:21.100Z;functions.bot_text_art;     |_||_|                                                     
27-04-2024 14:00:21.100Z;functions.bot_text_art;     | ||_|_   
27-04-2024 14:00:21.100Z;functions.bot_text_art;   |___||___|  
27-04-2024 14:00:21.100Z;functions.bot_text_art;               
27-04-2024 14:00:21.319Z;functions.open_RM;  OPEN PROGRAM RM
27-04-2024 14:00:32.288Z;functions.loggin_RM;  ENTRAR USER_NAME
27-04-2024 14:00:35.116Z;functions.loggin_RM;  ENTRAR PASSWORD
27-04-2024 14:00:35.772Z;functions.loggin_RM;  ENTRAR RM
27-04-2024 14:01:00.957Z;functions.enter_coligada;  CLICK CONTEXTO
27-04-2024 14:01:04.834Z;functions.enter_coligada;  CLICK ALTERAR MODULO DO CONTEXTO
27-04-2024 14:01:07.078Z;functions.enter_coligada;  INSERE O COLIGADA CODE = 1
27-04-2024 14:01:07.180Z;functions.enter_coligada;  APERTA TAB PARA PREENCHER O CAMPO COM A STRING: OCEANICA ENGENHARIA E CONSULTORIA S.A.
27-04-2024 14:01:08.210Z;functions.enter_coligada;  CLICK AVANÇAR NOVAMENTE
27-04-2024 14:01:08.991Z;functions.enter_coligada;  CLICK CONCLUIR
27-04-2024 14:01:18.085Z;functions.enter_coligada;  POP UP COLIGADA DESAPARECER
27-04-2024 14:01:18.678Z;functions.check_movimentacao_bancaria;  CLICK - TOTVS - LINHA RM
27-04-2024 14:01:19.694Z;functions.check_movimentacao_bancaria;  CLICK - BACK OFFICE
27-04-2024 14:01:21.991Z;functions.check_movimentacao_bancaria;  CLICK - GESTAO FINANCEIRA
27-04-2024 14:01:24.366Z;functions.movimentacao_bancaria;  CLICK NA ABA MOVIMENTAÇÃO BANCARIA
27-04-2024 14:01:26.477Z;functions.waitForImage;  IMAGEM BORDERO image found.
27-04-2024 14:01:28.596Z;functions.movimentacao_bancaria;  IMAGEM BORDERO CLICADA.
27-04-2024 14:01:38.990Z;functions.waitForImage;  LICENCAS EXCEDIDAS image not found.
27-04-2024 14:01:39.538Z;functions.movimentacao_bancaria;  ENCONTROU O FILTRO DA MOVIMENTAÇÃO BANCÁRIA
27-04-2024 14:01:39.554Z;functions.movimentacao_bancaria;  CLICA NA ABA SUPERIOR DO FILTRO
27-04-2024 14:01:43.759Z;functions.movimentacao_bancaria;  SELECIONA O FILTRO HOJE
27-04-2024 14:01:45.662Z;functions.waitForImage;  FILTER CLEAN image found.
27-04-2024 14:01:47.792Z;functions.filter_clean;  CLICK NO BOTÃO X DO LIMPA FILTRO
27-04-2024 14:02:03.358Z;functions.waitForImage;  FILTER CLEAN image not found.
27-04-2024 14:02:18.921Z;functions.waitForImage;  FILTER CLEAN image not found.
27-04-2024 14:02:21.695Z;functions.movimentacao_bancaria;  CLICK NA PRIMEIRA LINHA DA TABELA MOVIMENTAÇÃO BANCÁRIA
27-04-2024 14:02:22.906Z;functions.movimentacao_bancaria;  12 PASSOS PARA DIREITA NA TABELA >>
27-04-2024 14:02:24.179Z;functions.movimentacao_bancaria;  HOVER FILTER
27-04-2024 14:02:24.525Z;functions.movimentacao_bancaria;  CLICK FILTER
27-04-2024 14:02:28.833Z;functions.movimentacao_bancaria;  CLICK NO FILTRO  STATUS DA REMESSA
27-04-2024 14:02:30.935Z;functions.movimentacao_bancaria;  APERTA TAB PARA ESCREVER O FILTRO
27-04-2024 14:02:33.040Z;functions.movimentacao_bancaria;  ESCREVE PENDENTE NO FILTRO
27-04-2024 14:02:35.141Z;functions.movimentacao_bancaria;  APERTA ENTER PARA SELECIONAR OS PENDENTES
27-04-2024 14:02:53.038Z;functions.movimentacao_bancaria;  SEM PROCESSAMENTO DE BORDERO PENDENTE.
27-04-2024 14:02:58.133Z;functions.waitForImage;  FILTER CLEAN image found.
27-04-2024 14:03:00.264Z;functions.filter_clean;  CLICK NO BOTÃO X DO LIMPA FILTRO
27-04-2024 14:03:15.810Z;functions.waitForImage;  FILTER CLEAN image not found.
27-04-2024 14:03:31.376Z;functions.waitForImage;  FILTER CLEAN image not found.
27-04-2024 14:03:32.178Z;functions.remessa_pagamento;  CLICK NA PRIMEIRA LINHA DA TABELA MOVIMENTAÇÃO BANCÁRIA
27-04-2024 14:03:33.429Z;functions.remessa_pagamento;  HOVER FILTER
27-04-2024 14:03:33.717Z;functions.remessa_pagamento;  CLICK FILTER
27-04-2024 14:03:38.029Z;functions.remessa_pagamento;  CLICK NO FILTRO  STATUS DA REMESSA
27-04-2024 14:03:40.131Z;functions.remessa_pagamento;  APERTA TAB PARA ESCREVER O FILTRO
27-04-2024 14:03:42.238Z;functions.remessa_pagamento;  ESCREVE AUTORIZADO NO FILTRO
27-04-2024 14:03:44.339Z;functions.remessa_pagamento;  APERTA ENTER PARA SELECIONAR OS AUTORIZADO
27-04-2024 14:04:02.228Z;functions.remessa_pagamento;  SEM REMESSA DE BORDERO AUTORIZADO
27-04-2024 14:04:02.835Z;functions.enter_contas_a_pagar;  CLICK - TOTVS - LINHA RM
27-04-2024 14:04:03.771Z;functions.enter_contas_a_pagar;  CLICK - BACK OFFICE
27-04-2024 14:04:04.445Z;functions.enter_contas_a_pagar;  CLICK - GESTAO FINANCEIRA
27-04-2024 14:04:09.209Z;functions.enter_contas_a_pagar;  CLICK - CONTAS A PAGAR
27-04-2024 14:04:09.346Z;functions.waitForImage;  LANÇAMENTOS image found.
27-04-2024 14:04:11.466Z;functions.enter_contas_a_pagar;  CLICA EM LANÇAMENTOS
27-04-2024 14:04:26.763Z;functions.waitForImage;  LICENCAS EXCEDIDAS image not found.
27-04-2024 14:04:26.763Z;functions.obter_intervalo_data;  VERIFICANDO A HORA ATUAL 14
27-04-2024 14:04:26.763Z;functions.obter_intervalo_data;  Data Inicial FERIAS/RESCISAO antes da remoção: None
27-04-2024 14:04:26.763Z;functions.obter_intervalo_data;  Data Final FERIAS/RESCISAO antes da remoção: None
27-04-2024 14:04:26.763Z;functions.obter_intervalo_data;  Data Inicial FERIAS/RESCISAO após a remoção: None
27-04-2024 14:04:26.763Z;functions.obter_intervalo_data;  Data Final FERIAS/RESCISAO após a remoção: None
27-04-2024 14:04:26.763Z;functions.obter_intervalo_data;  hoje -  2024-04-27 14:04:26.763077
27-04-2024 14:04:26.763Z;functions.data_filter;  DATA INICIO 01-05-2024
27-04-2024 14:04:26.763Z;functions.data_filter;  DATA FIM 07-05-2024
27-04-2024 14:04:26.763Z;functions.data_filter;  CLICK - SELECIONA A DATA DE QUARTA FEIRA E DA PROXIMA TERÇA
27-04-2024 14:04:26.763Z;functions.data_filter;  QUARTA-FEIRA: 01-05-2024
27-04-2024 14:04:26.763Z;functions.data_filter;  TERCA-FEIRA: 07-05-2024
27-04-2024 14:04:39.008Z;functions.data_filter;  CLICK - BUTÃO DE SELECAO DE FILTRO
27-04-2024 14:04:42.709Z;functions.data_filter;  INSERE - DATA DE QUARTA-FEIRA: 01-05-2024
27-04-2024 14:04:46.162Z;functions.data_filter;  INSERE - DATA DA PROX TERCA-FEIRA: 07-05-2024
27-04-2024 14:04:46.772Z;functions.data_filter;  CLICK - BUTÃO DE EXECUTAR O FILTRO
27-04-2024 14:04:52.523Z;functions.desmark_filter;  CLICK CHECKBOX LANÇAMENTOS A RECEBER
27-04-2024 14:04:53.304Z;functions.desmark_filter;  CLICK CHECKBOX LANÇAMENTOS BAIXADOS
27-04-2024 14:04:54.116Z;functions.desmark_filter;  CLICK CHECKBOX LANÇAMENTOS CANCELADOS
27-04-2024 14:04:54.975Z;functions.desmark_filter;  CLICK CHECKBOX LANÇAMENTOS FATURADOS
27-04-2024 14:04:55.850Z;functions.desmark_filter;  ATUALIZA O FILTRO
27-04-2024 14:04:55.955Z;functions.waitForImage;  FILTER CLEAN image found.
27-04-2024 14:04:58.087Z;functions.filter_clean;  CLICK NO BOTÃO X DO LIMPA FILTRO
27-04-2024 14:05:13.632Z;functions.waitForImage;  FILTER CLEAN image not found.
27-04-2024 14:05:29.162Z;functions.waitForImage;  FILTER CLEAN image not found.
27-04-2024 14:05:30.083Z;functions.tabela_vazia;  Texto extraido 0/0
27-04-2024 14:05:30.083Z;functions.tabela_vazia;  Count 0
27-04-2024 14:05:30.083Z;functions.tabela_vazia;  Type <class 'int'>
27-04-2024 14:05:32.088Z;functions.tabela_vazia;  SEM REMESSA DE FÉRIAS/RESCISÃO
27-04-2024 14:05:34.089Z;main.<module>;  SEM REMESSA DE FÉRIAS/RESCISÃO
27-04-2024 14:05:35.898Z;errorhandler.__handle;  Property: Unknown Property name. [1:203: -ms-interpolation-mode]
27-04-2024 14:05:35.913Z;errorhandler.__handle;  Property: Unknown Property name. [1:353: -webkit-font-smoothing]
27-04-2024 14:05:35.913Z;errorhandler.__handle;  Property: Unknown Property name. [1:483: -ms-text-size-adjust]
27-04-2024 14:05:35.913Z;errorhandler.__handle;  Property: Unknown Property name. [1:518: -webkit-text-size-adjust]
27-04-2024 14:05:35.913Z;errorhandler.__handle;  Property: Unknown Property name. [1:612: mso-table-lspace]
27-04-2024 14:05:35.913Z;errorhandler.__handle;  Property: Unknown Property name. [1:642: mso-table-rspace]
27-04-2024 14:05:35.960Z;errorhandler.__handle;  Property: Unknown Property name. [1:4734: mso-hide]
27-04-2024 14:05:35.976Z;errorhandler.__handle;  Property: Unknown Property name. [1:13: -ms-interpolation-mode]
27-04-2024 14:05:35.976Z;errorhandler.__handle;  Property: Unknown Property name. [1:49: -webkit-font-smoothing]
27-04-2024 14:05:35.976Z;errorhandler.__handle;  Property: Unknown Property name. [1:134: -ms-text-size-adjust]
27-04-2024 14:05:35.976Z;errorhandler.__handle;  Property: Unknown Property name. [1:160: -webkit-text-size-adjust]
27-04-2024 14:05:35.991Z;errorhandler.__handle;  Property: Unknown Property name. [1:26: mso-table-lspace]
27-04-2024 14:05:35.991Z;errorhandler.__handle;  Property: Unknown Property name. [1:45: mso-table-rspace]
27-04-2024 14:05:35.991Z;errorhandler.__handle;  Property: Unknown Property name. [1:92: mso-hide]
27-04-2024 14:05:35.991Z;errorhandler.__handle;  Property: No ":" after name found: align-center [1:1: align-center]
27-04-2024 14:05:35.991Z;errorhandler.__handle;  Property: No property value found: align-center [1:1: align-center]
27-04-2024 14:05:35.991Z;errorhandler.__handle;  CSSStyleDeclaration: Syntax Error in Property: align-center
27-04-2024 14:05:35.991Z;errorhandler.__handle;  Property: Unknown Property name. [1:14: -ms-interpolation-mode]
27-04-2024 14:05:38.754Z;functions.emailFinalizado;  Finalizado e-mail sent.
27-04-2024 14:05:38.833Z;functions.encerra_prog;  RM ENCERRADO
