27-04-2024 20:00:23.273Z;functions.bot_text_art;      ____   
27-04-2024 20:00:23.273Z;functions.bot_text_art;     [____]    
27-04-2024 20:00:23.273Z;functions.bot_text_art;   |=]()()[=|  
27-04-2024 20:00:23.273Z;functions.bot_text_art;     _\==/__    _____    ____     _        _____    ___   _  __
27-04-2024 20:00:23.273Z;functions.bot_text_art;   |__|   |_|  |  _  \  / ___|   | |      |_   _| / ___| | |/ /
27-04-2024 20:00:23.273Z;functions.bot_text_art;   |_|_/\_|_|  | |  | | | |      | |        | |   | |    | ' / 
27-04-2024 20:00:23.273Z;functions.bot_text_art;   | | __ | |  | |  | | | |      | |        | |   | |    |  <  
27-04-2024 20:00:23.273Z;functions.bot_text_art;   |_|[  ]|_|  | |__| | | |____  | |____   _| |_  | |__  | . \ 
27-04-2024 20:00:23.273Z;functions.bot_text_art;   \_|_||_|_/  |_____/   \_____| |______| |_____| \ ___| |_|\_\
27-04-2024 20:00:23.273Z;functions.bot_text_art;     |_||_|                                                     
27-04-2024 20:00:23.273Z;functions.bot_text_art;     | ||_|_   
27-04-2024 20:00:23.273Z;functions.bot_text_art;   |___||___|  
27-04-2024 20:00:23.273Z;functions.bot_text_art;               
27-04-2024 20:00:23.288Z;functions.open_RM;  OPEN PROGRAM RM
27-04-2024 20:00:32.537Z;functions.loggin_RM;  ENTRAR USER_NAME
27-04-2024 20:00:35.366Z;functions.loggin_RM;  ENTRAR PASSWORD
27-04-2024 20:00:36.022Z;functions.loggin_RM;  ENTRAR RM
27-04-2024 20:00:53.898Z;functions.enter_coligada;  CLICK CONTEXTO
27-04-2024 20:00:57.776Z;functions.enter_coligada;  CLICK ALTERAR MODULO DO CONTEXTO
27-04-2024 20:01:00.038Z;functions.enter_coligada;  INSERE O COLIGADA CODE = 1
27-04-2024 20:01:00.139Z;functions.enter_coligada;  APERTA TAB PARA PREENCHER O CAMPO COM A STRING: OCEANICA ENGENHARIA E CONSULTORIA S.A.
27-04-2024 20:01:01.021Z;functions.enter_coligada;  CLICK AVANÇAR NOVAMENTE
27-04-2024 20:01:01.863Z;functions.enter_coligada;  CLICK CONCLUIR
27-04-2024 20:01:11.225Z;functions.enter_coligada;  POP UP COLIGADA DESAPARECER
27-04-2024 20:01:11.834Z;functions.check_movimentacao_bancaria;  CLICK - TOTVS - LINHA RM
27-04-2024 20:01:12.886Z;functions.check_movimentacao_bancaria;  CLICK - BACK OFFICE
27-04-2024 20:01:15.162Z;functions.check_movimentacao_bancaria;  CLICK - GESTAO FINANCEIRA
27-04-2024 20:01:17.506Z;functions.movimentacao_bancaria;  CLICK NA ABA MOVIMENTAÇÃO BANCARIA
27-04-2024 20:01:19.617Z;functions.waitForImage;  IMAGEM BORDERO image found.
27-04-2024 20:01:21.738Z;functions.movimentacao_bancaria;  IMAGEM BORDERO CLICADA.
27-04-2024 20:01:32.148Z;functions.waitForImage;  LICENCAS EXCEDIDAS image not found.
27-04-2024 20:01:32.693Z;functions.movimentacao_bancaria;  ENCONTROU O FILTRO DA MOVIMENTAÇÃO BANCÁRIA
27-04-2024 20:01:32.709Z;functions.movimentacao_bancaria;  CLICA NA ABA SUPERIOR DO FILTRO
27-04-2024 20:01:36.913Z;functions.movimentacao_bancaria;  SELECIONA O FILTRO HOJE
27-04-2024 20:01:38.836Z;functions.waitForImage;  FILTER CLEAN image found.
27-04-2024 20:01:40.968Z;functions.filter_clean;  CLICK NO BOTÃO X DO LIMPA FILTRO
27-04-2024 20:01:56.507Z;functions.waitForImage;  FILTER CLEAN image not found.
27-04-2024 20:02:12.097Z;functions.waitForImage;  FILTER CLEAN image not found.
27-04-2024 20:02:14.855Z;functions.movimentacao_bancaria;  CLICK NA PRIMEIRA LINHA DA TABELA MOVIMENTAÇÃO BANCÁRIA
27-04-2024 20:02:16.068Z;functions.movimentacao_bancaria;  12 PASSOS PARA DIREITA NA TABELA >>
27-04-2024 20:02:17.334Z;functions.movimentacao_bancaria;  HOVER FILTER
27-04-2024 20:02:17.666Z;functions.movimentacao_bancaria;  CLICK FILTER
27-04-2024 20:02:21.975Z;functions.movimentacao_bancaria;  CLICK NO FILTRO  STATUS DA REMESSA
27-04-2024 20:02:24.078Z;functions.movimentacao_bancaria;  APERTA TAB PARA ESCREVER O FILTRO
27-04-2024 20:02:26.182Z;functions.movimentacao_bancaria;  ESCREVE PENDENTE NO FILTRO
27-04-2024 20:02:28.284Z;functions.movimentacao_bancaria;  APERTA ENTER PARA SELECIONAR OS PENDENTES
27-04-2024 20:02:46.131Z;functions.movimentacao_bancaria;  SEM PROCESSAMENTO DE BORDERO PENDENTE.
27-04-2024 20:02:51.225Z;functions.waitForImage;  FILTER CLEAN image found.
27-04-2024 20:02:53.344Z;functions.filter_clean;  CLICK NO BOTÃO X DO LIMPA FILTRO
27-04-2024 20:03:08.895Z;functions.waitForImage;  FILTER CLEAN image not found.
27-04-2024 20:03:24.455Z;functions.waitForImage;  FILTER CLEAN image not found.
27-04-2024 20:03:25.241Z;functions.remessa_pagamento;  CLICK NA PRIMEIRA LINHA DA TABELA MOVIMENTAÇÃO BANCÁRIA
27-04-2024 20:03:26.475Z;functions.remessa_pagamento;  HOVER FILTER
27-04-2024 20:03:26.754Z;functions.remessa_pagamento;  CLICK FILTER
27-04-2024 20:03:31.066Z;functions.remessa_pagamento;  CLICK NO FILTRO  STATUS DA REMESSA
27-04-2024 20:03:33.167Z;functions.remessa_pagamento;  APERTA TAB PARA ESCREVER O FILTRO
27-04-2024 20:03:35.273Z;functions.remessa_pagamento;  ESCREVE AUTORIZADO NO FILTRO
27-04-2024 20:03:37.375Z;functions.remessa_pagamento;  APERTA ENTER PARA SELECIONAR OS AUTORIZADO
27-04-2024 20:03:55.335Z;functions.remessa_pagamento;  SEM REMESSA DE BORDERO AUTORIZADO
27-04-2024 20:03:55.945Z;functions.enter_contas_a_pagar;  CLICK - TOTVS - LINHA RM
27-04-2024 20:03:56.889Z;functions.enter_contas_a_pagar;  CLICK - BACK OFFICE
27-04-2024 20:03:57.568Z;functions.enter_contas_a_pagar;  CLICK - GESTAO FINANCEIRA
27-04-2024 20:04:02.335Z;functions.enter_contas_a_pagar;  CLICK - CONTAS A PAGAR
27-04-2024 20:04:02.424Z;functions.waitForImage;  LANÇAMENTOS image found.
27-04-2024 20:04:04.547Z;functions.enter_contas_a_pagar;  CLICA EM LANÇAMENTOS
27-04-2024 20:04:19.845Z;functions.waitForImage;  LICENCAS EXCEDIDAS image not found.
27-04-2024 20:04:19.845Z;functions.obter_intervalo_data;  VERIFICANDO A HORA ATUAL 20
27-04-2024 20:04:19.845Z;functions.obter_intervalo_data;  Data Inicial FERIAS/RESCISAO antes da remoção: None
27-04-2024 20:04:19.845Z;functions.obter_intervalo_data;  Data Final FERIAS/RESCISAO antes da remoção: None
27-04-2024 20:04:19.845Z;functions.obter_intervalo_data;  Data Inicial FERIAS/RESCISAO após a remoção: None
27-04-2024 20:04:19.845Z;functions.obter_intervalo_data;  Data Final FERIAS/RESCISAO após a remoção: None
27-04-2024 20:04:19.845Z;functions.obter_intervalo_data;  hoje -  2024-04-27 20:04:19.845477
27-04-2024 20:04:19.845Z;functions.data_filter;  DATA INICIO 01-05-2024
27-04-2024 20:04:19.845Z;functions.data_filter;  DATA FIM 07-05-2024
27-04-2024 20:04:19.845Z;functions.data_filter;  CLICK - SELECIONA A DATA DE QUARTA FEIRA E DA PROXIMA TERÇA
27-04-2024 20:04:19.845Z;functions.data_filter;  QUARTA-FEIRA: 01-05-2024
27-04-2024 20:04:19.845Z;functions.data_filter;  TERCA-FEIRA: 07-05-2024
27-04-2024 20:04:32.061Z;functions.data_filter;  CLICK - BUTÃO DE SELECAO DE FILTRO
27-04-2024 20:04:35.816Z;functions.data_filter;  INSERE - DATA DE QUARTA-FEIRA: 01-05-2024
27-04-2024 20:04:39.303Z;functions.data_filter;  INSERE - DATA DA PROX TERCA-FEIRA: 07-05-2024
27-04-2024 20:04:39.944Z;functions.data_filter;  CLICK - BUTÃO DE EXECUTAR O FILTRO
27-04-2024 20:04:45.695Z;functions.desmark_filter;  CLICK CHECKBOX LANÇAMENTOS A RECEBER
27-04-2024 20:04:46.476Z;functions.desmark_filter;  CLICK CHECKBOX LANÇAMENTOS BAIXADOS
27-04-2024 20:04:47.288Z;functions.desmark_filter;  CLICK CHECKBOX LANÇAMENTOS CANCELADOS
27-04-2024 20:04:48.132Z;functions.desmark_filter;  CLICK CHECKBOX LANÇAMENTOS FATURADOS
27-04-2024 20:04:48.989Z;functions.desmark_filter;  ATUALIZA O FILTRO
27-04-2024 20:04:49.088Z;functions.waitForImage;  FILTER CLEAN image found.
27-04-2024 20:04:51.219Z;functions.filter_clean;  CLICK NO BOTÃO X DO LIMPA FILTRO
27-04-2024 20:05:06.262Z;functions.waitForImage;  FILTER CLEAN image not found.
27-04-2024 20:05:21.283Z;functions.waitForImage;  FILTER CLEAN image not found.
27-04-2024 20:05:22.240Z;functions.tabela_vazia;  Texto extraido 0/0
27-04-2024 20:05:22.240Z;functions.tabela_vazia;  Count 0
27-04-2024 20:05:22.240Z;functions.tabela_vazia;  Type <class 'int'>
27-04-2024 20:05:24.245Z;functions.tabela_vazia;  SEM REMESSA DE FÉRIAS/RESCISÃO
27-04-2024 20:05:26.245Z;main.<module>;  SEM REMESSA DE FÉRIAS/RESCISÃO
27-04-2024 20:05:28.147Z;errorhandler.__handle;  Property: Unknown Property name. [1:203: -ms-interpolation-mode]
27-04-2024 20:05:28.163Z;errorhandler.__handle;  Property: Unknown Property name. [1:353: -webkit-font-smoothing]
27-04-2024 20:05:28.163Z;errorhandler.__handle;  Property: Unknown Property name. [1:483: -ms-text-size-adjust]
27-04-2024 20:05:28.163Z;errorhandler.__handle;  Property: Unknown Property name. [1:518: -webkit-text-size-adjust]
27-04-2024 20:05:28.163Z;errorhandler.__handle;  Property: Unknown Property name. [1:612: mso-table-lspace]
27-04-2024 20:05:28.163Z;errorhandler.__handle;  Property: Unknown Property name. [1:642: mso-table-rspace]
27-04-2024 20:05:28.210Z;errorhandler.__handle;  Property: Unknown Property name. [1:4734: mso-hide]
27-04-2024 20:05:28.225Z;errorhandler.__handle;  Property: Unknown Property name. [1:13: -ms-interpolation-mode]
27-04-2024 20:05:28.241Z;errorhandler.__handle;  Property: Unknown Property name. [1:49: -webkit-font-smoothing]
27-04-2024 20:05:28.241Z;errorhandler.__handle;  Property: Unknown Property name. [1:134: -ms-text-size-adjust]
27-04-2024 20:05:28.241Z;errorhandler.__handle;  Property: Unknown Property name. [1:160: -webkit-text-size-adjust]
27-04-2024 20:05:28.241Z;errorhandler.__handle;  Property: Unknown Property name. [1:26: mso-table-lspace]
27-04-2024 20:05:28.241Z;errorhandler.__handle;  Property: Unknown Property name. [1:45: mso-table-rspace]
27-04-2024 20:05:28.241Z;errorhandler.__handle;  Property: Unknown Property name. [1:92: mso-hide]
27-04-2024 20:05:28.257Z;errorhandler.__handle;  Property: No ":" after name found: align-center [1:1: align-center]
27-04-2024 20:05:28.257Z;errorhandler.__handle;  Property: No property value found: align-center [1:1: align-center]
27-04-2024 20:05:28.257Z;errorhandler.__handle;  CSSStyleDeclaration: Syntax Error in Property: align-center
27-04-2024 20:05:28.257Z;errorhandler.__handle;  Property: Unknown Property name. [1:14: -ms-interpolation-mode]
27-04-2024 20:05:31.053Z;functions.emailFinalizado;  Finalizado e-mail sent.
27-04-2024 20:05:31.158Z;functions.encerra_prog;  RM ENCERRADO
