19-04-2024 06:00:12.096Z;functions.bot_text_art;      ____   
19-04-2024 06:00:12.096Z;functions.bot_text_art;     [____]    
19-04-2024 06:00:12.096Z;functions.bot_text_art;   |=]()()[=|  
19-04-2024 06:00:12.096Z;functions.bot_text_art;     _\==/__    _____    ____     _        _____    ___   _  __
19-04-2024 06:00:12.096Z;functions.bot_text_art;   |__|   |_|  |  _  \  / ___|   | |      |_   _| / ___| | |/ /
19-04-2024 06:00:12.096Z;functions.bot_text_art;   |_|_/\_|_|  | |  | | | |      | |        | |   | |    | ' / 
19-04-2024 06:00:12.096Z;functions.bot_text_art;   | | __ | |  | |  | | | |      | |        | |   | |    |  <  
19-04-2024 06:00:12.096Z;functions.bot_text_art;   |_|[  ]|_|  | |__| | | |____  | |____   _| |_  | |__  | . \ 
19-04-2024 06:00:12.096Z;functions.bot_text_art;   \_|_||_|_/  |_____/   \_____| |______| |_____| \ ___| |_|\_\
19-04-2024 06:00:12.096Z;functions.bot_text_art;     |_||_|                                                     
19-04-2024 06:00:12.096Z;functions.bot_text_art;     | ||_|_   
19-04-2024 06:00:12.096Z;functions.bot_text_art;   |___||___|  
19-04-2024 06:00:12.096Z;functions.bot_text_art;               
19-04-2024 06:00:12.096Z;functions.open_RM;  OPEN PROGRAM RM
19-04-2024 06:00:21.533Z;functions.loggin_RM;  ENTRAR USER_NAME
19-04-2024 06:00:24.394Z;functions.loggin_RM;  ENTRAR PASSWORD
19-04-2024 06:00:25.097Z;functions.loggin_RM;  ENTRAR RM
19-04-2024 06:00:43.456Z;functions.enter_coligada;  CLICK CONTEXTO
19-04-2024 06:00:47.423Z;functions.enter_coligada;  CLICK ALTERAR MODULO DO CONTEXTO
19-04-2024 06:00:49.742Z;functions.enter_coligada;  INSERE O COLIGADA CODE = 1
19-04-2024 06:00:49.843Z;functions.enter_coligada;  APERTA TAB PARA PREENCHER O CAMPO COM A STRING: OCEANICA ENGENHARIA E CONSULTORIA S.A.
19-04-2024 06:00:50.704Z;functions.enter_coligada;  CLICK AVANÇAR NOVAMENTE
19-04-2024 06:00:51.501Z;functions.enter_coligada;  CLICK CONCLUIR
19-04-2024 06:01:00.719Z;functions.enter_coligada;  POP UP COLIGADA DESAPARECER
19-04-2024 06:01:01.345Z;functions.check_movimentacao_bancaria;  CLICK - TOTVS - LINHA RM
19-04-2024 06:01:02.417Z;functions.check_movimentacao_bancaria;  CLICK - BACK OFFICE
19-04-2024 06:01:03.148Z;functions.check_movimentacao_bancaria;  CLICK - GESTAO FINANCEIRA
19-04-2024 06:01:05.532Z;functions.movimentacao_bancaria;  CLICK NA ABA MOVIMENTAÇÃO BANCARIA
19-04-2024 06:01:07.689Z;functions.waitForImage;  IMAGEM BORDERO image found.
19-04-2024 06:01:09.806Z;functions.movimentacao_bancaria;  IMAGEM BORDERO CLICADA.
19-04-2024 06:01:20.204Z;functions.waitForImage;  LICENCAS EXCEDIDAS image not found.
19-04-2024 06:01:20.757Z;functions.movimentacao_bancaria;  ENCONTROU O FILTRO DA MOVIMENTAÇÃO BANCÁRIA
19-04-2024 06:01:20.789Z;functions.movimentacao_bancaria;  CLICA NA ABA SUPERIOR DO FILTRO
19-04-2024 06:01:24.994Z;functions.movimentacao_bancaria;  SELECIONA O FILTRO HOJE
19-04-2024 06:01:27.004Z;functions.waitForImage;  FILTER CLEAN image found.
19-04-2024 06:01:29.132Z;functions.filter_clean;  CLICK NO BOTÃO X DO LIMPA FILTRO
19-04-2024 06:01:44.645Z;functions.waitForImage;  FILTER CLEAN image not found.
19-04-2024 06:02:00.080Z;functions.waitForImage;  FILTER CLEAN image not found.
19-04-2024 06:02:02.905Z;functions.movimentacao_bancaria;  CLICK NA PRIMEIRA LINHA DA TABELA MOVIMENTAÇÃO BANCÁRIA
19-04-2024 06:02:04.118Z;functions.movimentacao_bancaria;  12 PASSOS PARA DIREITA NA TABELA >>
19-04-2024 06:02:05.420Z;functions.movimentacao_bancaria;  HOVER FILTER
19-04-2024 06:02:05.760Z;functions.movimentacao_bancaria;  CLICK FILTER
19-04-2024 06:02:10.069Z;functions.movimentacao_bancaria;  CLICK NO FILTRO  STATUS DA REMESSA
19-04-2024 06:02:12.171Z;functions.movimentacao_bancaria;  APERTA TAB PARA ESCREVER O FILTRO
19-04-2024 06:02:14.276Z;functions.movimentacao_bancaria;  ESCREVE PENDENTE NO FILTRO
19-04-2024 06:02:16.377Z;functions.movimentacao_bancaria;  APERTA ENTER PARA SELECIONAR OS PENDENTES
19-04-2024 06:02:34.403Z;functions.movimentacao_bancaria;  SEM PROCESSAMENTO DE BORDERO PENDENTE.
19-04-2024 06:02:39.513Z;functions.waitForImage;  FILTER CLEAN image found.
19-04-2024 06:02:41.636Z;functions.filter_clean;  CLICK NO BOTÃO X DO LIMPA FILTRO
19-04-2024 06:02:57.108Z;functions.waitForImage;  FILTER CLEAN image not found.
19-04-2024 06:03:12.583Z;functions.waitForImage;  FILTER CLEAN image not found.
19-04-2024 06:03:13.401Z;functions.remessa_pagamento;  CLICK NA PRIMEIRA LINHA DA TABELA MOVIMENTAÇÃO BANCÁRIA
19-04-2024 06:03:14.668Z;functions.remessa_pagamento;  HOVER FILTER
19-04-2024 06:03:14.961Z;functions.remessa_pagamento;  CLICK FILTER
19-04-2024 06:03:19.274Z;functions.remessa_pagamento;  CLICK NO FILTRO  STATUS DA REMESSA
19-04-2024 06:03:21.375Z;functions.remessa_pagamento;  APERTA TAB PARA ESCREVER O FILTRO
19-04-2024 06:03:23.482Z;functions.remessa_pagamento;  ESCREVE AUTORIZADO NO FILTRO
19-04-2024 06:03:25.583Z;functions.remessa_pagamento;  APERTA ENTER PARA SELECIONAR OS AUTORIZADO
19-04-2024 06:03:43.588Z;functions.remessa_pagamento;  SEM REMESSA DE BORDERO AUTORIZADO
19-04-2024 06:03:44.198Z;functions.enter_contas_a_pagar;  CLICK - TOTVS - LINHA RM
19-04-2024 06:03:45.161Z;functions.enter_contas_a_pagar;  CLICK - BACK OFFICE
19-04-2024 06:03:45.853Z;functions.enter_contas_a_pagar;  CLICK - GESTAO FINANCEIRA
19-04-2024 06:03:50.588Z;functions.enter_contas_a_pagar;  CLICK - CONTAS A PAGAR
19-04-2024 06:03:50.692Z;functions.waitForImage;  LANÇAMENTOS image found.
19-04-2024 06:03:52.830Z;functions.enter_contas_a_pagar;  CLICA EM LANÇAMENTOS
19-04-2024 06:04:08.118Z;functions.waitForImage;  LICENCAS EXCEDIDAS image not found.
19-04-2024 06:04:08.118Z;functions.obter_intervalo_data;  VERIFICANDO A HORA ATUAL 6
19-04-2024 06:04:08.118Z;functions.obter_intervalo_data;  Data Inicial FERIAS/RESCISAO antes da remoção: None
19-04-2024 06:04:08.118Z;functions.obter_intervalo_data;  Data Final FERIAS/RESCISAO antes da remoção: None
19-04-2024 06:04:08.118Z;functions.obter_intervalo_data;  Data Inicial FERIAS/RESCISAO após a remoção: None
19-04-2024 06:04:08.118Z;functions.obter_intervalo_data;  Data Final FERIAS/RESCISAO após a remoção: None
19-04-2024 06:04:08.118Z;functions.obter_intervalo_data;  hoje -  2024-04-19 06:04:08.118859
19-04-2024 06:04:08.118Z;functions.data_filter;  DATA INICIO 24-04-2024
19-04-2024 06:04:08.118Z;functions.data_filter;  DATA FIM 30-04-2024
19-04-2024 06:04:08.118Z;functions.data_filter;  CLICK - SELECIONA A DATA DE QUARTA FEIRA E DA PROXIMA TERÇA
19-04-2024 06:04:08.118Z;functions.data_filter;  QUARTA-FEIRA: 24-04-2024
19-04-2024 06:04:08.118Z;functions.data_filter;  TERCA-FEIRA: 30-04-2024
19-04-2024 06:04:20.384Z;functions.data_filter;  CLICK - BUTÃO DE SELECAO DE FILTRO
19-04-2024 06:04:24.131Z;functions.data_filter;  INSERE - DATA DE QUARTA-FEIRA: 24-04-2024
19-04-2024 06:04:27.607Z;functions.data_filter;  INSERE - DATA DA PROX TERCA-FEIRA: 30-04-2024
19-04-2024 06:04:28.243Z;functions.data_filter;  CLICK - BUTÃO DE EXECUTAR O FILTRO
19-04-2024 06:04:34.026Z;functions.desmark_filter;  CLICK CHECKBOX LANÇAMENTOS A RECEBER
19-04-2024 06:04:34.837Z;functions.desmark_filter;  CLICK CHECKBOX LANÇAMENTOS BAIXADOS
19-04-2024 06:04:35.680Z;functions.desmark_filter;  CLICK CHECKBOX LANÇAMENTOS CANCELADOS
19-04-2024 06:04:36.555Z;functions.desmark_filter;  CLICK CHECKBOX LANÇAMENTOS FATURADOS
19-04-2024 06:04:37.525Z;functions.desmark_filter;  ATUALIZA O FILTRO
19-04-2024 06:04:37.649Z;functions.waitForImage;  FILTER CLEAN image found.
19-04-2024 06:04:39.777Z;functions.filter_clean;  CLICK NO BOTÃO X DO LIMPA FILTRO
19-04-2024 06:04:55.195Z;functions.waitForImage;  FILTER CLEAN image not found.
19-04-2024 06:05:10.637Z;functions.waitForImage;  FILTER CLEAN image not found.
19-04-2024 06:05:11.600Z;functions.tabela_vazia;  Texto extraido 0/0
19-04-2024 06:05:11.600Z;functions.tabela_vazia;  Count 0
19-04-2024 06:05:11.600Z;functions.tabela_vazia;  Type <class 'int'>
19-04-2024 06:05:13.607Z;functions.tabela_vazia;  SEM REMESSA DE FÉRIAS/RESCISÃO
19-04-2024 06:05:15.608Z;main.<module>;  SEM REMESSA DE FÉRIAS/RESCISÃO
19-04-2024 06:05:17.881Z;errorhandler.__handle;  Property: Unknown Property name. [1:203: -ms-interpolation-mode]
19-04-2024 06:05:17.881Z;errorhandler.__handle;  Property: Unknown Property name. [1:353: -webkit-font-smoothing]
19-04-2024 06:05:17.881Z;errorhandler.__handle;  Property: Unknown Property name. [1:483: -ms-text-size-adjust]
19-04-2024 06:05:17.881Z;errorhandler.__handle;  Property: Unknown Property name. [1:518: -webkit-text-size-adjust]
19-04-2024 06:05:17.897Z;errorhandler.__handle;  Property: Unknown Property name. [1:612: mso-table-lspace]
19-04-2024 06:05:17.897Z;errorhandler.__handle;  Property: Unknown Property name. [1:642: mso-table-rspace]
19-04-2024 06:05:17.944Z;errorhandler.__handle;  Property: Unknown Property name. [1:4734: mso-hide]
19-04-2024 06:05:17.960Z;errorhandler.__handle;  Property: Unknown Property name. [1:13: -ms-interpolation-mode]
19-04-2024 06:05:17.960Z;errorhandler.__handle;  Property: Unknown Property name. [1:49: -webkit-font-smoothing]
19-04-2024 06:05:17.960Z;errorhandler.__handle;  Property: Unknown Property name. [1:134: -ms-text-size-adjust]
19-04-2024 06:05:17.960Z;errorhandler.__handle;  Property: Unknown Property name. [1:160: -webkit-text-size-adjust]
19-04-2024 06:05:17.960Z;errorhandler.__handle;  Property: Unknown Property name. [1:26: mso-table-lspace]
19-04-2024 06:05:17.960Z;errorhandler.__handle;  Property: Unknown Property name. [1:45: mso-table-rspace]
19-04-2024 06:05:17.975Z;errorhandler.__handle;  Property: Unknown Property name. [1:92: mso-hide]
19-04-2024 06:05:17.975Z;errorhandler.__handle;  Property: No ":" after name found: align-center [1:1: align-center]
19-04-2024 06:05:17.975Z;errorhandler.__handle;  Property: No property value found: align-center [1:1: align-center]
19-04-2024 06:05:17.975Z;errorhandler.__handle;  CSSStyleDeclaration: Syntax Error in Property: align-center
19-04-2024 06:05:17.975Z;errorhandler.__handle;  Property: Unknown Property name. [1:14: -ms-interpolation-mode]
19-04-2024 06:05:20.413Z;functions.emailFinalizado;  Finalizado e-mail sent.
19-04-2024 06:05:20.490Z;functions.encerra_prog;  RM ENCERRADO
