22-08-2024 14:17:46.326Z;functions.bot_text_art;      ____   
22-08-2024 14:17:46.326Z;functions.bot_text_art;     [____]    
22-08-2024 14:17:46.326Z;functions.bot_text_art;   |=]()()[=|  
22-08-2024 14:17:46.326Z;functions.bot_text_art;     _\==/__    _____    ____     _        _____    ___   _  __
22-08-2024 14:17:46.326Z;functions.bot_text_art;   |__|   |_|  |  _  \  / ___|   | |      |_   _| / ___| | |/ /
22-08-2024 14:17:46.326Z;functions.bot_text_art;   |_|_/\_|_|  | |  | | | |      | |        | |   | |    | ' / 
22-08-2024 14:17:46.326Z;functions.bot_text_art;   | | __ | |  | |  | | | |      | |        | |   | |    |  <  
22-08-2024 14:17:46.326Z;functions.bot_text_art;   |_|[  ]|_|  | |__| | | |____  | |____   _| |_  | |__  | . \ 
22-08-2024 14:17:46.342Z;functions.bot_text_art;   \_|_||_|_/  |_____/   \_____| |______| |_____| \ ___| |_|\_\
22-08-2024 14:17:46.342Z;functions.bot_text_art;     |_||_|                                                     
22-08-2024 14:17:46.342Z;functions.bot_text_art;     | ||_|_   
22-08-2024 14:17:46.342Z;functions.bot_text_art;   |___||___|  
22-08-2024 14:17:46.342Z;functions.bot_text_art;               
22-08-2024 14:17:46.342Z;functions.open_RM;  OPEN PROGRAM RM
22-08-2024 14:17:59.404Z;functions.loggin_RM;  ENTRAR USER_NAME
22-08-2024 14:18:02.674Z;functions.loggin_RM;  ENTRAR PASSWORD
22-08-2024 14:18:03.748Z;functions.loggin_RM;  ENTRAR RM
22-08-2024 14:21:11.700Z;functions.enter_coligada;  AGUARDANDO 1
22-08-2024 14:21:12.684Z;functions.enter_coligada;  CLICK CONTEXTO
22-08-2024 14:21:14.496Z;functions.enter_coligada;  CLICK ALTERAR MODULO DO CONTEXTO
22-08-2024 14:21:17.231Z;functions.enter_coligada;  INSERE O COLIGADA CODE = 1
22-08-2024 14:21:17.333Z;functions.enter_coligada;  APERTA TAB PARA PREENCHER O CAMPO COM A STRING: OCEANICA ENGENHARIA E CONSULTORIA S.A.
22-08-2024 14:21:18.778Z;functions.enter_coligada;  CLICK AVANÇAR NOVAMENTE
22-08-2024 14:21:19.840Z;functions.enter_coligada;  CLICK CONCLUIR
22-08-2024 14:21:40.199Z;functions.waitForImage;  TROCA COLIGADA image not found.
22-08-2024 14:21:48.730Z;functions.enter_coligada;  POP UP COLIGADA DESAPARECER
22-08-2024 14:21:49.559Z;functions.check_movimentacao_bancaria;  CLICK - TOTVS - LINHA RM
22-08-2024 14:21:50.934Z;functions.check_movimentacao_bancaria;  CLICK - BACK OFFICE
22-08-2024 14:21:53.434Z;functions.check_movimentacao_bancaria;  CLICK - GESTAO FINANCEIRA
22-08-2024 14:21:53.434Z;functions.obter_intervalo_data;  VERIFICANDO A HORA ATUAL 14
22-08-2024 14:21:53.452Z;functions.obter_intervalo_data;  Data Inicial FERIAS/RESCISAO antes da remoção: None
22-08-2024 14:21:53.452Z;functions.obter_intervalo_data;  Data Final FERIAS/RESCISAO antes da remoção: None
22-08-2024 14:21:53.456Z;functions.obter_intervalo_data;  Data Inicial FERIAS/RESCISAO após a remoção: None
22-08-2024 14:21:53.456Z;functions.obter_intervalo_data;  Data Final FERIAS/RESCISAO após a remoção: None
22-08-2024 14:21:53.456Z;functions.obter_intervalo_data;  hoje -  2024-08-22 14:21:53.456193
22-08-2024 14:21:53.456Z;functions.check_movimentacao_bancaria;  DATA INICIO 28-08-2024
22-08-2024 14:21:53.456Z;functions.check_movimentacao_bancaria;  DATA FIM 03-09-2024
22-08-2024 14:21:53.456Z;functions.movimentacao_bancaria;  AGUARDANDO 1
22-08-2024 14:21:58.277Z;functions.movimentacao_bancaria;  CLICK NA ABA MOVIMENTAÇÃO BANCARIA
22-08-2024 14:22:00.465Z;functions.waitForImage;  IMAGEM BORDERO image found.
22-08-2024 14:22:02.598Z;functions.movimentacao_bancaria;  IMAGEM BORDERO CLICADA.
22-08-2024 14:22:12.965Z;functions.waitForImage;  LICENCAS EXCEDIDAS image not found.
22-08-2024 14:22:13.605Z;functions.movimentacao_bancaria;  ENCONTROU O FILTRO DA MOVIMENTAÇÃO BANCÁRIA
22-08-2024 14:22:13.652Z;functions.movimentacao_bancaria;  CLICA NA ABA SUPERIOR DO FILTRO
22-08-2024 14:22:17.859Z;functions.movimentacao_bancaria;  SELECIONA O FILTRO HOJE
22-08-2024 14:22:20.371Z;functions.waitForImage;  FILTER CLEAN image found.
22-08-2024 14:22:22.503Z;functions.filter_clean;  CLICK NO BOTÃO X DO LIMPA FILTRO
22-08-2024 14:22:37.933Z;functions.waitForImage;  FILTER CLEAN image not found.
22-08-2024 14:22:53.402Z;functions.waitForImage;  FILTER CLEAN image not found.
22-08-2024 14:22:56.621Z;functions.movimentacao_bancaria;  CLICK NA PRIMEIRA LINHA DA TABELA MOVIMENTAÇÃO BANCÁRIA
22-08-2024 14:22:57.838Z;functions.movimentacao_bancaria;  12 PASSOS PARA DIREITA NA TABELA >>
22-08-2024 14:22:59.527Z;functions.movimentacao_bancaria;  HOVER FILTER
22-08-2024 14:22:59.956Z;functions.movimentacao_bancaria;  CLICK FILTER
22-08-2024 14:23:04.270Z;functions.movimentacao_bancaria;  CLICK NO FILTRO  STATUS DA REMESSA
22-08-2024 14:23:06.371Z;functions.movimentacao_bancaria;  APERTA TAB PARA ESCREVER O FILTRO
22-08-2024 14:23:08.478Z;functions.movimentacao_bancaria;  ESCREVE PENDENTE NO FILTRO
22-08-2024 14:23:10.580Z;functions.movimentacao_bancaria;  APERTA ENTER PARA SELECIONAR OS PENDENTES
22-08-2024 14:23:30.136Z;functions.movimentacao_bancaria;  SEM PROCESSAMENTO DE BORDERO PENDENTE.
22-08-2024 14:23:35.214Z;functions.waitForImage;  FILTER CLEAN image found.
22-08-2024 14:23:37.346Z;functions.filter_clean;  CLICK NO BOTÃO X DO LIMPA FILTRO
22-08-2024 14:23:52.605Z;functions.waitForImage;  FILTER CLEAN image not found.
22-08-2024 14:24:07.948Z;functions.waitForImage;  FILTER CLEAN image not found.
22-08-2024 14:24:09.277Z;functions.remessa_pagamento;  CLICK NA PRIMEIRA LINHA DA TABELA MOVIMENTAÇÃO BANCÁRIA
22-08-2024 14:24:10.870Z;functions.remessa_pagamento;  HOVER FILTER
22-08-2024 14:24:11.283Z;functions.remessa_pagamento;  CLICK FILTER
22-08-2024 14:24:15.599Z;functions.remessa_pagamento;  CLICK NO FILTRO  STATUS DA REMESSA
22-08-2024 14:24:17.701Z;functions.remessa_pagamento;  APERTA TAB PARA ESCREVER O FILTRO
22-08-2024 14:24:19.809Z;functions.remessa_pagamento;  ESCREVE AUTORIZADO NO FILTRO
22-08-2024 14:24:21.911Z;functions.remessa_pagamento;  APERTA ENTER PARA SELECIONAR OS AUTORIZADO
22-08-2024 14:24:41.339Z;functions.remessa_pagamento;  SEM REMESSA DE BORDERO AUTORIZADO
22-08-2024 14:24:42.182Z;functions.enter_contas_a_pagar;  CLICK - TOTVS - LINHA RM
22-08-2024 14:24:43.464Z;functions.enter_contas_a_pagar;  CLICK - BACK OFFICE
22-08-2024 14:24:44.307Z;functions.enter_contas_a_pagar;  CLICK - GESTAO FINANCEIRA
22-08-2024 14:24:51.526Z;functions.enter_contas_a_pagar;  CLICK - CONTAS A PAGAR
22-08-2024 14:24:51.823Z;functions.waitForImage;  LANÇAMENTOS image found.
22-08-2024 14:24:53.940Z;functions.enter_contas_a_pagar;  CLICA EM LANÇAMENTOS
22-08-2024 14:25:09.182Z;functions.waitForImage;  LICENCAS EXCEDIDAS image not found.
22-08-2024 14:25:09.182Z;functions.data_filter;  CLICK - SELECIONA A DATA DE QUARTA FEIRA E DA PROXIMA TERÇA
22-08-2024 14:25:09.182Z;functions.data_filter;  QUARTA-FEIRA: 28-08-2024
22-08-2024 14:25:09.182Z;functions.data_filter;  TERCA-FEIRA: 03-09-2024
22-08-2024 14:25:29.468Z;functions.data_filter;  FILTRO - REMESSA FERIAS/RESCISAO
22-08-2024 14:25:30.307Z;functions.data_filter;  CLICK - BUTÃO DE SELECAO DE FILTRO
22-08-2024 14:25:34.495Z;functions.data_filter;  INSERE - DATA DE QUARTA-FEIRA: 28-08-2024
22-08-2024 14:25:38.494Z;functions.data_filter;  INSERE - DATA DA PROX TERCA-FEIRA: 03-09-2024
22-08-2024 14:25:39.432Z;functions.data_filter;  CLICK - BUTÃO DE EXECUTAR O FILTRO
22-08-2024 14:25:44.436Z;functions.desmark_filter;  AGUARDANDO 1
22-08-2024 14:25:45.869Z;functions.desmark_filter;  CLICK CHECKBOX LANÇAMENTOS A RECEBER
22-08-2024 14:25:47.338Z;functions.desmark_filter;  CLICK CHECKBOX LANÇAMENTOS BAIXADOS
22-08-2024 14:25:48.894Z;functions.desmark_filter;  CLICK CHECKBOX LANÇAMENTOS CANCELADOS
22-08-2024 14:25:50.651Z;functions.desmark_filter;  CLICK CHECKBOX LANÇAMENTOS FATURADOS
22-08-2024 14:25:52.276Z;functions.desmark_filter;  ATUALIZA O FILTRO
22-08-2024 14:25:52.369Z;functions.waitForImage;  FILTER CLEAN image found.
22-08-2024 14:25:54.474Z;functions.filter_clean;  CLICK NO BOTÃO X DO LIMPA FILTRO
22-08-2024 14:26:09.901Z;functions.waitForImage;  FILTER CLEAN image not found.
22-08-2024 14:26:25.151Z;functions.waitForImage;  FILTER CLEAN image not found.
22-08-2024 14:26:27.119Z;functions.tabela_vazia;  Texto extraido 0/0
22-08-2024 14:26:27.119Z;functions.tabela_vazia;  Count 0
22-08-2024 14:26:27.119Z;functions.tabela_vazia;  Type <class 'int'>
22-08-2024 14:26:29.120Z;functions.tabela_vazia;  SEM REMESSA DE FÉRIAS/RESCISÃO
22-08-2024 14:26:31.121Z;main.<module>;  SEM REMESSA DE FÉRIAS/RESCISÃO
22-08-2024 14:26:34.702Z;errorhandler.__handle;  Property: Unknown Property name. [1:203: -ms-interpolation-mode]
22-08-2024 14:26:34.711Z;errorhandler.__handle;  Property: Unknown Property name. [1:353: -webkit-font-smoothing]
22-08-2024 14:26:34.715Z;errorhandler.__handle;  Property: Unknown Property name. [1:483: -ms-text-size-adjust]
22-08-2024 14:26:34.715Z;errorhandler.__handle;  Property: Unknown Property name. [1:518: -webkit-text-size-adjust]
22-08-2024 14:26:34.715Z;errorhandler.__handle;  Property: Unknown Property name. [1:612: mso-table-lspace]
22-08-2024 14:26:34.715Z;errorhandler.__handle;  Property: Unknown Property name. [1:642: mso-table-rspace]
22-08-2024 14:26:34.763Z;errorhandler.__handle;  Property: Unknown Property name. [1:4734: mso-hide]
22-08-2024 14:26:34.794Z;errorhandler.__handle;  Property: Unknown Property name. [1:13: -ms-interpolation-mode]
22-08-2024 14:26:34.795Z;errorhandler.__handle;  Property: Unknown Property name. [1:49: -webkit-font-smoothing]
22-08-2024 14:26:34.795Z;errorhandler.__handle;  Property: Unknown Property name. [1:134: -ms-text-size-adjust]
22-08-2024 14:26:34.796Z;errorhandler.__handle;  Property: Unknown Property name. [1:160: -webkit-text-size-adjust]
22-08-2024 14:26:34.796Z;errorhandler.__handle;  Property: Unknown Property name. [1:26: mso-table-lspace]
22-08-2024 14:26:34.796Z;errorhandler.__handle;  Property: Unknown Property name. [1:45: mso-table-rspace]
22-08-2024 14:26:34.806Z;errorhandler.__handle;  Property: Unknown Property name. [1:92: mso-hide]
22-08-2024 14:26:34.812Z;errorhandler.__handle;  Property: No ":" after name found: align-center [1:1: align-center]
22-08-2024 14:26:34.813Z;errorhandler.__handle;  Property: No property value found: align-center [1:1: align-center]
22-08-2024 14:26:34.813Z;errorhandler.__handle;  CSSStyleDeclaration: Syntax Error in Property: align-center
22-08-2024 14:26:34.814Z;errorhandler.__handle;  Property: Unknown Property name. [1:14: -ms-interpolation-mode]
22-08-2024 14:26:37.244Z;functions.emailFinalizado;  Finalizado e-mail sent.
22-08-2024 14:26:37.416Z;functions.encerra_prog;  RM ENCERRADO
