28-03-2024 20:49:10.823Z;functions.bot_text_art;      ____   
28-03-2024 20:49:10.823Z;functions.bot_text_art;     [____]    
28-03-2024 20:49:10.823Z;functions.bot_text_art;   |=]()()[=|  
28-03-2024 20:49:10.823Z;functions.bot_text_art;     _\==/__    _____    ____     _        _____    ___   _  __
28-03-2024 20:49:10.823Z;functions.bot_text_art;   |__|   |_|  |  _  \  / ___|   | |      |_   _| / ___| | |/ /
28-03-2024 20:49:10.839Z;functions.bot_text_art;   |_|_/\_|_|  | |  | | | |      | |        | |   | |    | ' / 
28-03-2024 20:49:10.839Z;functions.bot_text_art;   | | __ | |  | |  | | | |      | |        | |   | |    |  <  
28-03-2024 20:49:10.839Z;functions.bot_text_art;   |_|[  ]|_|  | |__| | | |____  | |____   _| |_  | |__  | . \ 
28-03-2024 20:49:10.839Z;functions.bot_text_art;   \_|_||_|_/  |_____/   \_____| |______| |_____| \ ___| |_|\_\
28-03-2024 20:49:10.839Z;functions.bot_text_art;     |_||_|                                                     
28-03-2024 20:49:10.839Z;functions.bot_text_art;     | ||_|_   
28-03-2024 20:49:10.839Z;functions.bot_text_art;   |___||___|  
28-03-2024 20:49:10.839Z;functions.bot_text_art;               
28-03-2024 20:49:10.839Z;functions.open_RM;  OPEN PROGRAM RM
28-03-2024 20:49:35.558Z;functions.loggin_RM;  ENTRAR USER_NAME
28-03-2024 20:49:38.945Z;functions.loggin_RM;  ENTRAR PASSWORD
28-03-2024 20:49:40.073Z;functions.loggin_RM;  ENTRAR RM
28-03-2024 20:50:38.218Z;functions.enter_coligada;  CLICK CONTEXTO
28-03-2024 20:50:43.667Z;functions.enter_coligada;  CLICK ALTERAR MODULO DO CONTEXTO
28-03-2024 20:50:47.774Z;functions.enter_coligada;  INSERE O COLIGADA CODE = 1
28-03-2024 20:50:47.892Z;functions.enter_coligada;  APERTA TAB PARA PREENCHER O CAMPO COM A STRING: OCEANICA ENGENHARIA E CONSULTORIA S.A.
28-03-2024 20:50:50.178Z;functions.enter_coligada;  CLICK AVANÇAR NOVAMENTE
28-03-2024 20:50:51.824Z;functions.enter_coligada;  CLICK CONCLUIR
28-03-2024 20:51:25.839Z;functions.enter_coligada;  POP UP COLIGADA DESAPARECER
28-03-2024 20:51:26.668Z;functions.check_movimentacao_bancaria;  CLICK - TOTVS - LINHA RM
28-03-2024 20:51:28.356Z;functions.check_movimentacao_bancaria;  CLICK - BACK OFFICE
28-03-2024 20:51:31.089Z;functions.check_movimentacao_bancaria;  CLICK - GESTAO FINANCEIRA
28-03-2024 20:52:01.904Z;functions.movimentacao_bancaria;  CLICK NA ABA MOVIMENTAÇÃO BANCARIA
28-03-2024 20:52:04.308Z;functions.waitForImage;  IMAGEM BORDERO image found.
28-03-2024 20:52:06.426Z;functions.movimentacao_bancaria;  IMAGEM BORDERO CLICADA.
28-03-2024 20:52:16.964Z;functions.waitForImage;  LICENCAS EXCEDIDAS image not found.
28-03-2024 20:52:22.012Z;functions.movimentacao_bancaria;  ENCONTROU O FILTRO DA MOVIMENTAÇÃO BANCÁRIA
28-03-2024 20:52:22.043Z;functions.movimentacao_bancaria;  CLICA NA ABA SUPERIOR DO FILTRO
28-03-2024 20:52:26.253Z;functions.movimentacao_bancaria;  SELECIONA O FILTRO HOJE
28-03-2024 20:52:32.960Z;functions.waitForImage;  FILTER CLEAN image found.
28-03-2024 20:52:35.087Z;functions.filter_clean;  CLICK NO BOTÃO X DO LIMPA FILTRO
28-03-2024 20:52:35.388Z;functions.waitForImage;  FILTER CLEAN image found.
28-03-2024 20:52:37.520Z;functions.filter_clean;  CLICK NO BOTÃO X DO LIMPA FILTRO
28-03-2024 20:52:52.529Z;functions.waitForImage;  FILTER CLEAN image not found.
28-03-2024 20:52:55.870Z;functions.movimentacao_bancaria;  CLICK NA PRIMEIRA LINHA DA TABELA MOVIMENTAÇÃO BANCÁRIA
28-03-2024 20:52:57.100Z;functions.movimentacao_bancaria;  12 PASSOS PARA DIREITA NA TABELA >>
28-03-2024 20:52:59.012Z;functions.movimentacao_bancaria;  HOVER FILTER
28-03-2024 20:52:59.489Z;functions.movimentacao_bancaria;  CLICK FILTER
28-03-2024 20:53:03.816Z;functions.movimentacao_bancaria;  CLICK NO FILTRO  STATUS DA REMESSA
28-03-2024 20:53:05.919Z;functions.movimentacao_bancaria;  APERTA TAB PARA ESCREVER O FILTRO
28-03-2024 20:53:08.034Z;functions.movimentacao_bancaria;  ESCREVE PENDENTE NO FILTRO
28-03-2024 20:53:10.137Z;functions.movimentacao_bancaria;  APERTA ENTER PARA SELECIONAR OS PENDENTES
28-03-2024 20:53:14.841Z;functions.movimentacao_bancaria;  SELECIONA TODAS AS TUPLAS COM STATUS PENDENTE
28-03-2024 20:53:16.978Z;functions.movimentacao_bancaria;  CLICK EM PROCESSOS
28-03-2024 20:53:19.082Z;functions.movimentacao_bancaria;  APERTA PARA BAIXO
28-03-2024 20:53:21.185Z;functions.movimentacao_bancaria;  APERTA ENTER
28-03-2024 20:53:24.747Z;functions.movimentacao_bancaria;  CLICK EM EXECUTAR BORDERO DE PAGAMENTO
28-03-2024 20:53:45.804Z;functions.waitForImage;  PRESS BUTTON OK image found.
28-03-2024 20:53:45.804Z;functions.movimentacao_bancaria;  O PROCESSAMENTO DE AUTORIZAÇÃO DO BORDERO FOI EXECUTADO COM SUCESSO.
28-03-2024 20:53:46.652Z;functions.movimentacao_bancaria;  CLICK EM FECHAR.
28-03-2024 20:53:51.984Z;functions.waitForImage;  FILTER CLEAN image found.
28-03-2024 20:53:54.103Z;functions.filter_clean;  CLICK NO BOTÃO X DO LIMPA FILTRO
28-03-2024 20:54:09.165Z;functions.waitForImage;  FILTER CLEAN image not found.
28-03-2024 20:54:24.263Z;functions.waitForImage;  FILTER CLEAN image not found.
28-03-2024 20:54:25.856Z;functions.remessa_pagamento;  CLICK NA PRIMEIRA LINHA DA TABELA MOVIMENTAÇÃO BANCÁRIA
28-03-2024 20:54:27.731Z;functions.remessa_pagamento;  HOVER FILTER
28-03-2024 20:54:28.188Z;functions.remessa_pagamento;  CLICK FILTER
28-03-2024 20:54:32.522Z;functions.remessa_pagamento;  CLICK NO FILTRO  STATUS DA REMESSA
28-03-2024 20:54:34.625Z;functions.remessa_pagamento;  APERTA TAB PARA ESCREVER O FILTRO
28-03-2024 20:54:36.742Z;functions.remessa_pagamento;  ESCREVE AUTORIZADO NO FILTRO
28-03-2024 20:54:38.846Z;functions.remessa_pagamento;  APERTA ENTER PARA SELECIONAR OS AUTORIZADO
28-03-2024 20:54:42.728Z;functions.remessa_pagamento;  6 PASSOS PARA ESQUERDA NA TABELA <<
28-03-2024 20:54:44.793Z;functions.check_user_bot;  Texto extraido 1/1
28-03-2024 20:54:44.793Z;functions.check_user_bot;  Count 1
28-03-2024 20:54:44.793Z;functions.check_user_bot;  Type <class 'int'>
28-03-2024 20:54:46.907Z;functions.check_user_bot;  CHECK USER BOT 1
28-03-2024 20:54:48.909Z;functions.check_user_bot;  integracao
28-03-2024 20:54:51.625Z;functions.check_user_bot;  7 PASSOS PARA DIREITA NA TABELA >>
28-03-2024 20:54:55.731Z;functions.check_user_bot;  341 / 3212 / 02675  PIX
28-03-2024 20:54:55.731Z;functions.check_user_bot;  NOME FERIAS NAO ENCONTRADO.
28-03-2024 20:54:56.447Z;functions.check_user_bot;  7 PASSOS PARA ESQUERDA NA TABELA <<
28-03-2024 20:54:56.550Z;functions.check_user_bot;  COUNT1: 0
28-03-2024 20:54:57.387Z;functions.enter_contas_a_pagar;  CLICK - TOTVS - LINHA RM
28-03-2024 20:54:58.747Z;functions.enter_contas_a_pagar;  CLICK - BACK OFFICE
28-03-2024 20:54:59.668Z;functions.enter_contas_a_pagar;  CLICK - GESTAO FINANCEIRA
28-03-2024 20:55:17.824Z;functions.enter_contas_a_pagar;  CLICK - CONTAS A PAGAR
28-03-2024 20:55:18.973Z;functions.waitForImage;  LANÇAMENTOS image found.
28-03-2024 20:55:21.101Z;functions.enter_contas_a_pagar;  CLICA EM LANÇAMENTOS
28-03-2024 20:55:36.326Z;functions.waitForImage;  LICENCAS EXCEDIDAS image not found.
28-03-2024 20:55:36.326Z;functions.obter_intervalo_data;  VERIFICANDO A HORA ATUAL 20
28-03-2024 20:55:36.357Z;functions.obter_intervalo_data;  Data Inicial FERIAS/RESCISAO antes da remoção: None
28-03-2024 20:55:36.357Z;functions.obter_intervalo_data;  Data Final FERIAS/RESCISAO antes da remoção: None
28-03-2024 20:55:36.357Z;functions.obter_intervalo_data;  Data Inicial FERIAS/RESCISAO após a remoção: None
28-03-2024 20:55:36.357Z;functions.obter_intervalo_data;  Data Final FERIAS/RESCISAO após a remoção: None
28-03-2024 20:55:36.357Z;functions.obter_intervalo_data;  hoje -  2024-03-28 20:55:36.357330
28-03-2024 20:55:36.357Z;functions.data_filter;  DATA INICIO 03-04-2024
28-03-2024 20:55:36.357Z;functions.data_filter;  DATA FIM 09-04-2024
28-03-2024 20:55:36.357Z;functions.data_filter;  CLICK - SELECIONA A DATA DE QUARTA FEIRA E DA PROXIMA TERÇA
28-03-2024 20:55:36.357Z;functions.data_filter;  QUARTA-FEIRA: 03-04-2024
28-03-2024 20:55:36.357Z;functions.data_filter;  TERCA-FEIRA: 09-04-2024
28-03-2024 20:55:49.356Z;functions.data_filter;  CLICK - BUTÃO DE SELECAO DE FILTRO
28-03-2024 20:55:53.777Z;functions.data_filter;  INSERE - DATA DE QUARTA-FEIRA: 03-04-2024
28-03-2024 20:55:58.013Z;functions.data_filter;  INSERE - DATA DA PROX TERCA-FEIRA: 09-04-2024
28-03-2024 20:55:58.887Z;functions.data_filter;  CLICK - BUTÃO DE EXECUTAR O FILTRO
28-03-2024 20:56:05.496Z;functions.desmark_filter;  CLICK CHECKBOX LANÇAMENTOS A RECEBER
28-03-2024 20:56:07.280Z;functions.desmark_filter;  CLICK CHECKBOX LANÇAMENTOS BAIXADOS
28-03-2024 20:56:09.216Z;functions.desmark_filter;  CLICK CHECKBOX LANÇAMENTOS CANCELADOS
28-03-2024 20:56:11.278Z;functions.desmark_filter;  CLICK CHECKBOX LANÇAMENTOS FATURADOS
28-03-2024 20:56:13.309Z;functions.desmark_filter;  ATUALIZA O FILTRO
28-03-2024 20:56:13.631Z;functions.waitForImage;  FILTER CLEAN image found.
28-03-2024 20:56:15.740Z;functions.filter_clean;  CLICK NO BOTÃO X DO LIMPA FILTRO
28-03-2024 20:56:31.518Z;functions.waitForImage;  FILTER CLEAN image not found.
28-03-2024 20:56:47.279Z;functions.waitForImage;  FILTER CLEAN image not found.
28-03-2024 20:56:49.560Z;functions.tabela_vazia;  Texto extraido 0/0
28-03-2024 20:56:49.560Z;functions.tabela_vazia;  Count 0
28-03-2024 20:56:49.560Z;functions.tabela_vazia;  Type <class 'int'>
28-03-2024 20:56:51.573Z;functions.tabela_vazia;  SEM REMESSA DE FÉRIAS/RESCISÃO
28-03-2024 20:56:53.574Z;main.<module>;  SEM REMESSA DE FÉRIAS/RESCISÃO
28-03-2024 20:56:56.387Z;errorhandler.__handle;  Property: Unknown Property name. [1:203: -ms-interpolation-mode]
28-03-2024 20:56:56.418Z;errorhandler.__handle;  Property: Unknown Property name. [1:353: -webkit-font-smoothing]
28-03-2024 20:56:56.434Z;errorhandler.__handle;  Property: Unknown Property name. [1:483: -ms-text-size-adjust]
28-03-2024 20:56:56.434Z;errorhandler.__handle;  Property: Unknown Property name. [1:518: -webkit-text-size-adjust]
28-03-2024 20:56:56.434Z;errorhandler.__handle;  Property: Unknown Property name. [1:612: mso-table-lspace]
28-03-2024 20:56:56.449Z;errorhandler.__handle;  Property: Unknown Property name. [1:642: mso-table-rspace]
28-03-2024 20:56:56.687Z;errorhandler.__handle;  Property: Unknown Property name. [1:4734: mso-hide]
28-03-2024 20:56:56.810Z;errorhandler.__handle;  Property: Unknown Property name. [1:13: -ms-interpolation-mode]
28-03-2024 20:56:56.810Z;errorhandler.__handle;  Property: Unknown Property name. [1:49: -webkit-font-smoothing]
28-03-2024 20:56:56.810Z;errorhandler.__handle;  Property: Unknown Property name. [1:134: -ms-text-size-adjust]
28-03-2024 20:56:56.824Z;errorhandler.__handle;  Property: Unknown Property name. [1:160: -webkit-text-size-adjust]
28-03-2024 20:56:56.825Z;errorhandler.__handle;  Property: Unknown Property name. [1:26: mso-table-lspace]
28-03-2024 20:56:56.825Z;errorhandler.__handle;  Property: Unknown Property name. [1:45: mso-table-rspace]
28-03-2024 20:56:56.873Z;errorhandler.__handle;  Property: Unknown Property name. [1:92: mso-hide]
28-03-2024 20:56:56.888Z;errorhandler.__handle;  Property: No ":" after name found: align-center [1:1: align-center]
28-03-2024 20:56:56.888Z;errorhandler.__handle;  Property: No property value found: align-center [1:1: align-center]
28-03-2024 20:56:56.888Z;errorhandler.__handle;  CSSStyleDeclaration: Syntax Error in Property: align-center
28-03-2024 20:56:56.888Z;errorhandler.__handle;  Property: Unknown Property name. [1:14: -ms-interpolation-mode]
28-03-2024 20:56:59.356Z;functions.emailFinalizado;  Finalizado e-mail sent.
28-03-2024 20:56:59.650Z;functions.encerra_prog;  RM ENCERRADO
