08-08-2024 03:01:11.654Z;functions.bot_text_art;      ____   
08-08-2024 03:01:11.654Z;functions.bot_text_art;     [____]    
08-08-2024 03:01:11.654Z;functions.bot_text_art;   |=]()()[=|  
08-08-2024 03:01:11.654Z;functions.bot_text_art;     _\==/__    _____    ____     _        _____    ___   _  __
08-08-2024 03:01:11.654Z;functions.bot_text_art;   |__|   |_|  |  _  \  / ___|   | |      |_   _| / ___| | |/ /
08-08-2024 03:01:11.654Z;functions.bot_text_art;   |_|_/\_|_|  | |  | | | |      | |        | |   | |    | ' / 
08-08-2024 03:01:11.654Z;functions.bot_text_art;   | | __ | |  | |  | | | |      | |        | |   | |    |  <  
08-08-2024 03:01:11.654Z;functions.bot_text_art;   |_|[  ]|_|  | |__| | | |____  | |____   _| |_  | |__  | . \ 
08-08-2024 03:01:11.654Z;functions.bot_text_art;   \_|_||_|_/  |_____/   \_____| |______| |_____| \ ___| |_|\_\
08-08-2024 03:01:11.654Z;functions.bot_text_art;     |_||_|                                                     
08-08-2024 03:01:11.654Z;functions.bot_text_art;     | ||_|_   
08-08-2024 03:01:11.654Z;functions.bot_text_art;   |___||___|  
08-08-2024 03:01:11.654Z;functions.bot_text_art;               
08-08-2024 03:01:11.654Z;functions.open_RM;  OPEN PROGRAM RM
08-08-2024 03:01:23.623Z;functions.loggin_RM;  ENTRAR USER_NAME
08-08-2024 03:01:26.782Z;functions.loggin_RM;  ENTRAR PASSWORD
08-08-2024 03:01:27.733Z;functions.loggin_RM;  ENTRAR RM
08-08-2024 03:04:39.983Z;functions.enter_coligada;  AGUARDANDO 1
08-08-2024 03:04:40.827Z;functions.enter_coligada;  CLICK CONTEXTO
08-08-2024 03:04:42.389Z;functions.enter_coligada;  CLICK ALTERAR MODULO DO CONTEXTO
08-08-2024 03:04:44.983Z;functions.enter_coligada;  INSERE O COLIGADA CODE = 1
08-08-2024 03:04:45.085Z;functions.enter_coligada;  APERTA TAB PARA PREENCHER O CAMPO COM A STRING: OCEANICA ENGENHARIA E CONSULTORIA S.A.
08-08-2024 03:04:46.358Z;functions.enter_coligada;  CLICK AVANÇAR NOVAMENTE
08-08-2024 03:04:47.264Z;functions.enter_coligada;  CLICK CONCLUIR
08-08-2024 03:05:07.749Z;functions.waitForImage;  TROCA COLIGADA image not found.
08-08-2024 03:05:17.186Z;functions.enter_coligada;  POP UP COLIGADA DESAPARECER
08-08-2024 03:05:17.952Z;functions.check_movimentacao_bancaria;  CLICK - TOTVS - LINHA RM
08-08-2024 03:05:19.108Z;functions.check_movimentacao_bancaria;  CLICK - BACK OFFICE
08-08-2024 03:05:21.483Z;functions.check_movimentacao_bancaria;  CLICK - GESTAO FINANCEIRA
08-08-2024 03:05:21.483Z;functions.obter_intervalo_data;  VERIFICANDO A HORA ATUAL 3
08-08-2024 03:05:21.495Z;functions.obter_intervalo_data;  Data Inicial FERIAS/RESCISAO antes da remoção: None
08-08-2024 03:05:21.495Z;functions.obter_intervalo_data;  Data Final FERIAS/RESCISAO antes da remoção: None
08-08-2024 03:05:21.498Z;functions.obter_intervalo_data;  Data Inicial FERIAS/RESCISAO após a remoção: None
08-08-2024 03:05:21.499Z;functions.obter_intervalo_data;  Data Final FERIAS/RESCISAO após a remoção: None
08-08-2024 03:05:21.499Z;functions.obter_intervalo_data;  hoje -  2024-08-08 03:05:21.499687
08-08-2024 03:05:21.499Z;functions.check_movimentacao_bancaria;  DATA INICIO 14-08-2024
08-08-2024 03:05:21.499Z;functions.check_movimentacao_bancaria;  DATA FIM 20-08-2024
08-08-2024 03:05:21.499Z;functions.movimentacao_bancaria;  AGUARDANDO 1
08-08-2024 03:05:26.171Z;functions.movimentacao_bancaria;  CLICK NA ABA MOVIMENTAÇÃO BANCARIA
08-08-2024 03:05:28.264Z;functions.waitForImage;  IMAGEM BORDERO image found.
08-08-2024 03:05:30.399Z;functions.movimentacao_bancaria;  IMAGEM BORDERO CLICADA.
08-08-2024 03:05:40.577Z;functions.waitForImage;  LICENCAS EXCEDIDAS image not found.
08-08-2024 03:05:41.186Z;functions.movimentacao_bancaria;  ENCONTROU O FILTRO DA MOVIMENTAÇÃO BANCÁRIA
08-08-2024 03:05:41.233Z;functions.movimentacao_bancaria;  CLICA NA ABA SUPERIOR DO FILTRO
08-08-2024 03:05:45.439Z;functions.movimentacao_bancaria;  SELECIONA O FILTRO HOJE
08-08-2024 03:05:47.249Z;functions.waitForImage;  FILTER CLEAN image found.
08-08-2024 03:05:49.365Z;functions.filter_clean;  CLICK NO BOTÃO X DO LIMPA FILTRO
08-08-2024 03:06:04.687Z;functions.waitForImage;  FILTER CLEAN image not found.
08-08-2024 03:06:20.187Z;functions.waitForImage;  FILTER CLEAN image not found.
08-08-2024 03:06:39.311Z;functions.movimentacao_bancaria;  SEM PROCESSAMENTO DE BORDERO
08-08-2024 03:06:59.780Z;functions.waitForImage;  FILTER CLEAN image not found.
08-08-2024 03:07:15.124Z;functions.waitForImage;  FILTER CLEAN image not found.
08-08-2024 03:07:30.655Z;functions.waitForImage;  FILTER CLEAN image not found.
08-08-2024 03:08:04.843Z;functions.remessa_pagamento;  SEM REMESSA DE BORDERO AUTORIZADO
08-08-2024 03:08:05.608Z;functions.enter_contas_a_pagar;  CLICK - TOTVS - LINHA RM
08-08-2024 03:08:06.671Z;functions.enter_contas_a_pagar;  CLICK - BACK OFFICE
08-08-2024 03:08:07.421Z;functions.enter_contas_a_pagar;  CLICK - GESTAO FINANCEIRA
08-08-2024 03:08:14.608Z;functions.enter_contas_a_pagar;  CLICK - CONTAS A PAGAR
08-08-2024 03:08:14.687Z;functions.waitForImage;  LANÇAMENTOS image found.
08-08-2024 03:08:16.804Z;functions.enter_contas_a_pagar;  CLICA EM LANÇAMENTOS
08-08-2024 03:08:31.905Z;functions.waitForImage;  LICENCAS EXCEDIDAS image not found.
08-08-2024 03:08:31.905Z;functions.data_filter;  CLICK - SELECIONA A DATA DE QUARTA FEIRA E DA PROXIMA TERÇA
08-08-2024 03:08:31.905Z;functions.data_filter;  QUARTA-FEIRA: 14-08-2024
08-08-2024 03:08:31.905Z;functions.data_filter;  TERCA-FEIRA: 20-08-2024
08-08-2024 03:08:51.817Z;functions.data_filter;  FILTRO - REMESSA FERIAS/RESCISAO
08-08-2024 03:08:52.578Z;functions.data_filter;  CLICK - BUTÃO DE SELECAO DE FILTRO
08-08-2024 03:08:56.593Z;functions.data_filter;  INSERE - DATA DE QUARTA-FEIRA: 14-08-2024
08-08-2024 03:09:00.374Z;functions.data_filter;  INSERE - DATA DA PROX TERCA-FEIRA: 20-08-2024
08-08-2024 03:09:01.202Z;functions.data_filter;  CLICK - BUTÃO DE EXECUTAR O FILTRO
08-08-2024 03:09:06.205Z;functions.desmark_filter;  AGUARDANDO 1
08-08-2024 03:09:07.515Z;functions.desmark_filter;  CLICK CHECKBOX LANÇAMENTOS A RECEBER
08-08-2024 03:09:08.919Z;functions.desmark_filter;  CLICK CHECKBOX LANÇAMENTOS BAIXADOS
08-08-2024 03:09:10.312Z;functions.desmark_filter;  CLICK CHECKBOX LANÇAMENTOS CANCELADOS
08-08-2024 03:09:11.671Z;functions.desmark_filter;  CLICK CHECKBOX LANÇAMENTOS FATURADOS
08-08-2024 03:09:13.148Z;functions.desmark_filter;  ATUALIZA O FILTRO
08-08-2024 03:09:13.230Z;functions.waitForImage;  FILTER CLEAN image found.
08-08-2024 03:09:15.333Z;functions.filter_clean;  CLICK NO BOTÃO X DO LIMPA FILTRO
08-08-2024 03:09:30.656Z;functions.waitForImage;  FILTER CLEAN image not found.
08-08-2024 03:09:46.156Z;functions.waitForImage;  FILTER CLEAN image not found.
08-08-2024 03:09:47.859Z;functions.tabela_vazia;  Texto extraido 0/0
08-08-2024 03:09:47.859Z;functions.tabela_vazia;  Count 0
08-08-2024 03:09:47.859Z;functions.tabela_vazia;  Type <class 'int'>
08-08-2024 03:09:49.872Z;functions.tabela_vazia;  SEM REMESSA DE FÉRIAS/RESCISÃO
08-08-2024 03:09:51.874Z;main.<module>;  SEM REMESSA DE FÉRIAS/RESCISÃO
08-08-2024 03:09:53.484Z;errorhandler.__handle;  Property: Unknown Property name. [1:203: -ms-interpolation-mode]
08-08-2024 03:09:53.499Z;errorhandler.__handle;  Property: Unknown Property name. [1:353: -webkit-font-smoothing]
08-08-2024 03:09:53.499Z;errorhandler.__handle;  Property: Unknown Property name. [1:483: -ms-text-size-adjust]
08-08-2024 03:09:53.499Z;errorhandler.__handle;  Property: Unknown Property name. [1:518: -webkit-text-size-adjust]
08-08-2024 03:09:53.499Z;errorhandler.__handle;  Property: Unknown Property name. [1:612: mso-table-lspace]
08-08-2024 03:09:53.499Z;errorhandler.__handle;  Property: Unknown Property name. [1:642: mso-table-rspace]
08-08-2024 03:09:53.546Z;errorhandler.__handle;  Property: Unknown Property name. [1:4734: mso-hide]
08-08-2024 03:09:53.577Z;errorhandler.__handle;  Property: Unknown Property name. [1:13: -ms-interpolation-mode]
08-08-2024 03:09:53.577Z;errorhandler.__handle;  Property: Unknown Property name. [1:49: -webkit-font-smoothing]
08-08-2024 03:09:53.577Z;errorhandler.__handle;  Property: Unknown Property name. [1:134: -ms-text-size-adjust]
08-08-2024 03:09:53.577Z;errorhandler.__handle;  Property: Unknown Property name. [1:160: -webkit-text-size-adjust]
08-08-2024 03:09:53.577Z;errorhandler.__handle;  Property: Unknown Property name. [1:26: mso-table-lspace]
08-08-2024 03:09:53.577Z;errorhandler.__handle;  Property: Unknown Property name. [1:45: mso-table-rspace]
08-08-2024 03:09:53.593Z;errorhandler.__handle;  Property: Unknown Property name. [1:92: mso-hide]
08-08-2024 03:09:53.593Z;errorhandler.__handle;  Property: No ":" after name found: align-center [1:1: align-center]
08-08-2024 03:09:53.593Z;errorhandler.__handle;  Property: No property value found: align-center [1:1: align-center]
08-08-2024 03:09:53.593Z;errorhandler.__handle;  CSSStyleDeclaration: Syntax Error in Property: align-center
08-08-2024 03:09:53.593Z;errorhandler.__handle;  Property: Unknown Property name. [1:14: -ms-interpolation-mode]
08-08-2024 03:09:56.000Z;functions.emailFinalizado;  Finalizado e-mail sent.
08-08-2024 03:09:56.140Z;functions.encerra_prog;  RM ENCERRADO
