13-08-2024 02:47:48.862Z;functions.bot_text_art;      ____   
13-08-2024 02:47:48.862Z;functions.bot_text_art;     [____]    
13-08-2024 02:47:48.862Z;functions.bot_text_art;   |=]()()[=|  
13-08-2024 02:47:48.862Z;functions.bot_text_art;     _\==/__    _____    ____     _        _____    ___   _  __
13-08-2024 02:47:48.862Z;functions.bot_text_art;   |__|   |_|  |  _  \  / ___|   | |      |_   _| / ___| | |/ /
13-08-2024 02:47:48.862Z;functions.bot_text_art;   |_|_/\_|_|  | |  | | | |      | |        | |   | |    | ' / 
13-08-2024 02:47:48.862Z;functions.bot_text_art;   | | __ | |  | |  | | | |      | |        | |   | |    |  <  
13-08-2024 02:47:48.862Z;functions.bot_text_art;   |_|[  ]|_|  | |__| | | |____  | |____   _| |_  | |__  | . \ 
13-08-2024 02:47:48.878Z;functions.bot_text_art;   \_|_||_|_/  |_____/   \_____| |______| |_____| \ ___| |_|\_\
13-08-2024 02:47:48.878Z;functions.bot_text_art;     |_||_|                                                     
13-08-2024 02:47:48.878Z;functions.bot_text_art;     | ||_|_   
13-08-2024 02:47:48.878Z;functions.bot_text_art;   |___||___|  
13-08-2024 02:47:48.878Z;functions.bot_text_art;               
13-08-2024 02:47:48.878Z;functions.open_RM;  OPEN PROGRAM RM
13-08-2024 02:48:01.580Z;functions.loggin_RM;  ENTRAR USER_NAME
13-08-2024 02:48:04.754Z;functions.loggin_RM;  ENTRAR PASSWORD
13-08-2024 02:48:05.756Z;functions.loggin_RM;  ENTRAR RM
13-08-2024 02:51:21.813Z;functions.enter_coligada;  AGUARDANDO 1
13-08-2024 02:51:22.673Z;functions.enter_coligada;  CLICK CONTEXTO
13-08-2024 02:51:24.391Z;functions.enter_coligada;  CLICK ALTERAR MODULO DO CONTEXTO
13-08-2024 02:51:26.906Z;functions.enter_coligada;  INSERE O COLIGADA CODE = 1
13-08-2024 02:51:27.008Z;functions.enter_coligada;  APERTA TAB PARA PREENCHER O CAMPO COM A STRING: OCEANICA ENGENHARIA E CONSULTORIA S.A.
13-08-2024 02:51:28.297Z;functions.enter_coligada;  CLICK AVANÇAR NOVAMENTE
13-08-2024 02:51:29.297Z;functions.enter_coligada;  CLICK CONCLUIR
13-08-2024 02:51:49.781Z;functions.waitForImage;  TROCA COLIGADA image not found.
13-08-2024 02:51:59.241Z;functions.enter_coligada;  POP UP COLIGADA DESAPARECER
13-08-2024 02:52:00.015Z;functions.check_movimentacao_bancaria;  CLICK - TOTVS - LINHA RM
13-08-2024 02:52:01.297Z;functions.check_movimentacao_bancaria;  CLICK - BACK OFFICE
13-08-2024 02:52:03.734Z;functions.check_movimentacao_bancaria;  CLICK - GESTAO FINANCEIRA
13-08-2024 02:52:03.734Z;functions.obter_intervalo_data;  VERIFICANDO A HORA ATUAL 2
13-08-2024 02:52:03.746Z;functions.obter_intervalo_data;  Data Inicial FERIAS/RESCISAO antes da remoção: None
13-08-2024 02:52:03.746Z;functions.obter_intervalo_data;  Data Final FERIAS/RESCISAO antes da remoção: None
13-08-2024 02:52:03.752Z;functions.obter_intervalo_data;  Data Inicial FERIAS/RESCISAO após a remoção: None
13-08-2024 02:52:03.752Z;functions.obter_intervalo_data;  Data Final FERIAS/RESCISAO após a remoção: None
13-08-2024 02:52:03.752Z;functions.obter_intervalo_data;  hoje -  2024-08-13 02:52:03.752176
13-08-2024 02:52:03.752Z;functions.check_movimentacao_bancaria;  DATA INICIO 14-08-2024
13-08-2024 02:52:03.753Z;functions.check_movimentacao_bancaria;  DATA FIM 20-08-2024
13-08-2024 02:52:03.753Z;functions.movimentacao_bancaria;  AGUARDANDO 1
13-08-2024 02:52:08.515Z;functions.movimentacao_bancaria;  CLICK NA ABA MOVIMENTAÇÃO BANCARIA
13-08-2024 02:52:10.609Z;functions.waitForImage;  IMAGEM BORDERO image found.
13-08-2024 02:52:12.741Z;functions.movimentacao_bancaria;  IMAGEM BORDERO CLICADA.
13-08-2024 02:52:22.875Z;functions.waitForImage;  LICENCAS EXCEDIDAS image not found.
13-08-2024 02:52:23.515Z;functions.movimentacao_bancaria;  ENCONTROU O FILTRO DA MOVIMENTAÇÃO BANCÁRIA
13-08-2024 02:52:23.547Z;functions.movimentacao_bancaria;  CLICA NA ABA SUPERIOR DO FILTRO
13-08-2024 02:52:27.752Z;functions.movimentacao_bancaria;  SELECIONA O FILTRO HOJE
13-08-2024 02:52:43.187Z;functions.waitForImage;  FILTER CLEAN image not found.
13-08-2024 02:52:58.656Z;functions.waitForImage;  FILTER CLEAN image not found.
13-08-2024 02:53:14.030Z;functions.waitForImage;  FILTER CLEAN image not found.
13-08-2024 02:53:33.327Z;functions.movimentacao_bancaria;  SEM PROCESSAMENTO DE BORDERO
13-08-2024 02:53:53.812Z;functions.waitForImage;  FILTER CLEAN image not found.
13-08-2024 02:54:08.843Z;functions.waitForImage;  FILTER CLEAN image not found.
13-08-2024 02:54:24.155Z;functions.waitForImage;  FILTER CLEAN image not found.
13-08-2024 02:54:58.795Z;functions.remessa_pagamento;  SEM REMESSA DE BORDERO AUTORIZADO
13-08-2024 02:54:59.576Z;functions.enter_contas_a_pagar;  CLICK - TOTVS - LINHA RM
13-08-2024 02:55:00.733Z;functions.enter_contas_a_pagar;  CLICK - BACK OFFICE
13-08-2024 02:55:01.514Z;functions.enter_contas_a_pagar;  CLICK - GESTAO FINANCEIRA
13-08-2024 02:55:08.827Z;functions.enter_contas_a_pagar;  CLICK - CONTAS A PAGAR
13-08-2024 02:55:08.920Z;functions.waitForImage;  LANÇAMENTOS image found.
13-08-2024 02:55:11.053Z;functions.enter_contas_a_pagar;  CLICA EM LANÇAMENTOS
13-08-2024 02:55:26.138Z;functions.waitForImage;  LICENCAS EXCEDIDAS image not found.
13-08-2024 02:55:26.138Z;functions.data_filter;  CLICK - SELECIONA A DATA DE QUARTA FEIRA E DA PROXIMA TERÇA
13-08-2024 02:55:26.138Z;functions.data_filter;  QUARTA-FEIRA: 14-08-2024
13-08-2024 02:55:26.138Z;functions.data_filter;  TERCA-FEIRA: 20-08-2024
13-08-2024 02:55:46.104Z;functions.data_filter;  FILTRO - REMESSA FERIAS/RESCISAO
13-08-2024 02:55:46.888Z;functions.data_filter;  CLICK - BUTÃO DE SELECAO DE FILTRO
13-08-2024 02:55:51.029Z;functions.data_filter;  INSERE - DATA DE QUARTA-FEIRA: 14-08-2024
13-08-2024 02:55:54.888Z;functions.data_filter;  INSERE - DATA DA PROX TERCA-FEIRA: 20-08-2024
13-08-2024 02:55:55.763Z;functions.data_filter;  CLICK - BUTÃO DE EXECUTAR O FILTRO
13-08-2024 02:56:00.765Z;functions.desmark_filter;  AGUARDANDO 1
13-08-2024 02:56:02.357Z;functions.desmark_filter;  CLICK CHECKBOX LANÇAMENTOS A RECEBER
13-08-2024 02:56:03.669Z;functions.desmark_filter;  CLICK CHECKBOX LANÇAMENTOS BAIXADOS
13-08-2024 02:56:05.060Z;functions.desmark_filter;  CLICK CHECKBOX LANÇAMENTOS CANCELADOS
13-08-2024 02:56:06.638Z;functions.desmark_filter;  CLICK CHECKBOX LANÇAMENTOS FATURADOS
13-08-2024 02:56:08.165Z;functions.desmark_filter;  ATUALIZA O FILTRO
13-08-2024 02:56:08.232Z;functions.waitForImage;  FILTER CLEAN image found.
13-08-2024 02:56:10.335Z;functions.filter_clean;  CLICK NO BOTÃO X DO LIMPA FILTRO
13-08-2024 02:56:25.748Z;functions.waitForImage;  FILTER CLEAN image not found.
13-08-2024 02:56:41.248Z;functions.waitForImage;  FILTER CLEAN image not found.
13-08-2024 02:56:43.091Z;functions.tabela_vazia;  Texto extraido 0/0
13-08-2024 02:56:43.091Z;functions.tabela_vazia;  Count 0
13-08-2024 02:56:43.091Z;functions.tabela_vazia;  Type <class 'int'>
13-08-2024 02:56:45.104Z;functions.tabela_vazia;  SEM REMESSA DE FÉRIAS/RESCISÃO
13-08-2024 02:56:47.105Z;main.<module>;  SEM REMESSA DE FÉRIAS/RESCISÃO
13-08-2024 02:56:49.339Z;errorhandler.__handle;  Property: Unknown Property name. [1:203: -ms-interpolation-mode]
13-08-2024 02:56:49.355Z;errorhandler.__handle;  Property: Unknown Property name. [1:353: -webkit-font-smoothing]
13-08-2024 02:56:49.355Z;errorhandler.__handle;  Property: Unknown Property name. [1:483: -ms-text-size-adjust]
13-08-2024 02:56:49.355Z;errorhandler.__handle;  Property: Unknown Property name. [1:518: -webkit-text-size-adjust]
13-08-2024 02:56:49.355Z;errorhandler.__handle;  Property: Unknown Property name. [1:612: mso-table-lspace]
13-08-2024 02:56:49.355Z;errorhandler.__handle;  Property: Unknown Property name. [1:642: mso-table-rspace]
13-08-2024 02:56:49.402Z;errorhandler.__handle;  Property: Unknown Property name. [1:4734: mso-hide]
13-08-2024 02:56:49.433Z;errorhandler.__handle;  Property: Unknown Property name. [1:13: -ms-interpolation-mode]
13-08-2024 02:56:49.433Z;errorhandler.__handle;  Property: Unknown Property name. [1:49: -webkit-font-smoothing]
13-08-2024 02:56:49.433Z;errorhandler.__handle;  Property: Unknown Property name. [1:134: -ms-text-size-adjust]
13-08-2024 02:56:49.433Z;errorhandler.__handle;  Property: Unknown Property name. [1:160: -webkit-text-size-adjust]
13-08-2024 02:56:49.433Z;errorhandler.__handle;  Property: Unknown Property name. [1:26: mso-table-lspace]
13-08-2024 02:56:49.433Z;errorhandler.__handle;  Property: Unknown Property name. [1:45: mso-table-rspace]
13-08-2024 02:56:49.433Z;errorhandler.__handle;  Property: Unknown Property name. [1:92: mso-hide]
13-08-2024 02:56:49.449Z;errorhandler.__handle;  Property: No ":" after name found: align-center [1:1: align-center]
13-08-2024 02:56:49.449Z;errorhandler.__handle;  Property: No property value found: align-center [1:1: align-center]
13-08-2024 02:56:49.449Z;errorhandler.__handle;  CSSStyleDeclaration: Syntax Error in Property: align-center
13-08-2024 02:56:49.449Z;errorhandler.__handle;  Property: Unknown Property name. [1:14: -ms-interpolation-mode]
13-08-2024 02:56:51.875Z;functions.emailFinalizado;  Finalizado e-mail sent.
13-08-2024 02:56:52.013Z;functions.encerra_prog;  RM ENCERRADO
