13-07-2024 03:00:39.766Z;functions.bot_text_art;      ____   
13-07-2024 03:00:39.766Z;functions.bot_text_art;     [____]    
13-07-2024 03:00:39.766Z;functions.bot_text_art;   |=]()()[=|  
13-07-2024 03:00:39.766Z;functions.bot_text_art;     _\==/__    _____    ____     _        _____    ___   _  __
13-07-2024 03:00:39.766Z;functions.bot_text_art;   |__|   |_|  |  _  \  / ___|   | |      |_   _| / ___| | |/ /
13-07-2024 03:00:39.766Z;functions.bot_text_art;   |_|_/\_|_|  | |  | | | |      | |        | |   | |    | ' / 
13-07-2024 03:00:39.766Z;functions.bot_text_art;   | | __ | |  | |  | | | |      | |        | |   | |    |  <  
13-07-2024 03:00:39.766Z;functions.bot_text_art;   |_|[  ]|_|  | |__| | | |____  | |____   _| |_  | |__  | . \ 
13-07-2024 03:00:39.774Z;functions.bot_text_art;   \_|_||_|_/  |_____/   \_____| |______| |_____| \ ___| |_|\_\
13-07-2024 03:00:39.774Z;functions.bot_text_art;     |_||_|                                                     
13-07-2024 03:00:39.774Z;functions.bot_text_art;     | ||_|_   
13-07-2024 03:00:39.775Z;functions.bot_text_art;   |___||___|  
13-07-2024 03:00:39.775Z;functions.bot_text_art;               
13-07-2024 03:00:39.788Z;functions.open_RM;  OPEN PROGRAM RM
13-07-2024 03:01:00.516Z;functions.loggin_RM;  ENTRAR USER_NAME
13-07-2024 03:01:04.252Z;functions.loggin_RM;  ENTRAR PASSWORD
13-07-2024 03:01:05.648Z;functions.loggin_RM;  ENTRAR RM
13-07-2024 03:04:06.430Z;functions.loggin_RM;  FILTRO NÃO ENCONTRADO
13-07-2024 03:04:38.595Z;functions.loggin_RM;  FILTRO 2 NÃO ENCONTRADO DE INICIO
13-07-2024 03:07:39.515Z;functions.loggin_RM;  FILTRO NÃO ENCONTRADO
13-07-2024 03:08:11.410Z;functions.loggin_RM;  FILTRO 2 NÃO ENCONTRADO DE INICIO
13-07-2024 03:11:12.956Z;functions.loggin_RM;  FILTRO NÃO ENCONTRADO
13-07-2024 03:11:44.859Z;functions.loggin_RM;  FILTRO 2 NÃO ENCONTRADO DE INICIO
13-07-2024 03:11:44.859Z;functions.enter_coligada;  AGUARDANDO 1
13-07-2024 03:11:46.062Z;functions.enter_coligada;  CLICK CONTEXTO
13-07-2024 03:11:48.937Z;functions.enter_coligada;  CLICK ALTERAR MODULO DO CONTEXTO
13-07-2024 03:11:53.151Z;functions.enter_coligada;  INSERE O COLIGADA CODE = 1
13-07-2024 03:11:53.260Z;functions.enter_coligada;  APERTA TAB PARA PREENCHER O CAMPO COM A STRING: OCEANICA ENGENHARIA E CONSULTORIA S.A.
13-07-2024 03:11:55.624Z;functions.enter_coligada;  CLICK AVANÇAR NOVAMENTE
13-07-2024 03:11:56.906Z;functions.enter_coligada;  CLICK CONCLUIR
13-07-2024 03:12:17.047Z;functions.waitForImage;  TROCA COLIGADA image not found.
13-07-2024 03:12:35.156Z;functions.enter_coligada;  POP UP COLIGADA DESAPARECER
13-07-2024 03:12:36.125Z;functions.check_movimentacao_bancaria;  CLICK - TOTVS - LINHA RM
13-07-2024 03:12:38.156Z;functions.check_movimentacao_bancaria;  CLICK - BACK OFFICE
13-07-2024 03:12:40.906Z;functions.check_movimentacao_bancaria;  CLICK - GESTAO FINANCEIRA
13-07-2024 03:12:40.906Z;functions.obter_intervalo_data;  VERIFICANDO A HORA ATUAL 3
13-07-2024 03:12:40.931Z;functions.obter_intervalo_data;  Data Inicial FERIAS/RESCISAO antes da remoção: None
13-07-2024 03:12:40.931Z;functions.obter_intervalo_data;  Data Final FERIAS/RESCISAO antes da remoção: None
13-07-2024 03:12:40.944Z;functions.obter_intervalo_data;  Data Inicial FERIAS/RESCISAO após a remoção: None
13-07-2024 03:12:40.944Z;functions.obter_intervalo_data;  Data Final FERIAS/RESCISAO após a remoção: None
13-07-2024 03:12:40.945Z;functions.obter_intervalo_data;  hoje -  2024-07-13 03:12:40.944701
13-07-2024 03:12:40.945Z;functions.check_movimentacao_bancaria;  DATA INICIO 17-07-2024
13-07-2024 03:12:40.945Z;functions.check_movimentacao_bancaria;  DATA FIM 23-07-2024
13-07-2024 03:12:40.945Z;functions.movimentacao_bancaria;  AGUARDANDO 1
13-07-2024 03:12:46.593Z;functions.movimentacao_bancaria;  CLICK NA ABA MOVIMENTAÇÃO BANCARIA
13-07-2024 03:12:48.796Z;functions.waitForImage;  IMAGEM BORDERO image found.
13-07-2024 03:12:50.916Z;functions.movimentacao_bancaria;  IMAGEM BORDERO CLICADA.
13-07-2024 03:13:01.430Z;functions.waitForImage;  LICENCAS EXCEDIDAS image not found.
13-07-2024 03:13:02.125Z;functions.movimentacao_bancaria;  ENCONTROU O FILTRO DA MOVIMENTAÇÃO BANCÁRIA
13-07-2024 03:13:02.187Z;functions.movimentacao_bancaria;  CLICA NA ABA SUPERIOR DO FILTRO
13-07-2024 03:13:06.398Z;functions.movimentacao_bancaria;  SELECIONA O FILTRO HOJE
13-07-2024 03:13:11.313Z;functions.waitForImage;  FILTER CLEAN image found.
13-07-2024 03:13:13.445Z;functions.filter_clean;  CLICK NO BOTÃO X DO LIMPA FILTRO
13-07-2024 03:13:13.625Z;functions.waitForImage;  FILTER CLEAN image found.
13-07-2024 03:13:15.757Z;functions.filter_clean;  CLICK NO BOTÃO X DO LIMPA FILTRO
13-07-2024 03:13:31.000Z;functions.waitForImage;  FILTER CLEAN image not found.
13-07-2024 03:13:34.562Z;functions.movimentacao_bancaria;  CLICK NA PRIMEIRA LINHA DA TABELA MOVIMENTAÇÃO BANCÁRIA
13-07-2024 03:13:35.791Z;functions.movimentacao_bancaria;  12 PASSOS PARA DIREITA NA TABELA >>
13-07-2024 03:13:38.015Z;functions.movimentacao_bancaria;  HOVER FILTER
13-07-2024 03:13:38.539Z;functions.movimentacao_bancaria;  CLICK FILTER
13-07-2024 03:13:42.863Z;functions.movimentacao_bancaria;  CLICK NO FILTRO  STATUS DA REMESSA
13-07-2024 03:13:44.967Z;functions.movimentacao_bancaria;  APERTA TAB PARA ESCREVER O FILTRO
13-07-2024 03:13:47.081Z;functions.movimentacao_bancaria;  ESCREVE PENDENTE NO FILTRO
13-07-2024 03:13:49.184Z;functions.movimentacao_bancaria;  APERTA ENTER PARA SELECIONAR OS PENDENTES
13-07-2024 03:14:09.796Z;functions.movimentacao_bancaria;  SEM PROCESSAMENTO DE BORDERO PENDENTE.
13-07-2024 03:14:14.953Z;functions.waitForImage;  FILTER CLEAN image found.
13-07-2024 03:14:17.101Z;functions.filter_clean;  CLICK NO BOTÃO X DO LIMPA FILTRO
13-07-2024 03:14:32.343Z;functions.waitForImage;  FILTER CLEAN image not found.
13-07-2024 03:14:47.453Z;functions.waitForImage;  FILTER CLEAN image not found.
13-07-2024 03:14:49.249Z;functions.remessa_pagamento;  CLICK NA PRIMEIRA LINHA DA TABELA MOVIMENTAÇÃO BANCÁRIA
13-07-2024 03:14:51.515Z;functions.remessa_pagamento;  HOVER FILTER
13-07-2024 03:14:52.061Z;functions.remessa_pagamento;  CLICK FILTER
13-07-2024 03:14:56.395Z;functions.remessa_pagamento;  CLICK NO FILTRO  STATUS DA REMESSA
13-07-2024 03:14:58.498Z;functions.remessa_pagamento;  APERTA TAB PARA ESCREVER O FILTRO
13-07-2024 03:15:00.618Z;functions.remessa_pagamento;  ESCREVE AUTORIZADO NO FILTRO
13-07-2024 03:15:02.721Z;functions.remessa_pagamento;  APERTA ENTER PARA SELECIONAR OS AUTORIZADO
13-07-2024 03:15:23.327Z;functions.remessa_pagamento;  SEM REMESSA DE BORDERO AUTORIZADO
13-07-2024 03:15:24.280Z;functions.enter_contas_a_pagar;  CLICK - TOTVS - LINHA RM
13-07-2024 03:15:26.031Z;functions.enter_contas_a_pagar;  CLICK - BACK OFFICE
13-07-2024 03:15:28.750Z;functions.enter_contas_a_pagar;  CLICK - GESTAO FINANCEIRA
13-07-2024 03:15:34.530Z;functions.enter_contas_a_pagar;  CLICK - CONTAS A PAGAR
13-07-2024 03:15:35.390Z;functions.waitForImage;  LANÇAMENTOS image found.
13-07-2024 03:15:37.509Z;functions.enter_contas_a_pagar;  CLICA EM LANÇAMENTOS
13-07-2024 03:15:52.968Z;functions.waitForImage;  LICENCAS EXCEDIDAS image not found.
13-07-2024 03:15:52.968Z;functions.data_filter;  CLICK - SELECIONA A DATA DE QUARTA FEIRA E DA PROXIMA TERÇA
13-07-2024 03:15:52.968Z;functions.data_filter;  QUARTA-FEIRA: 17-07-2024
13-07-2024 03:15:52.984Z;functions.data_filter;  TERCA-FEIRA: 23-07-2024
13-07-2024 03:16:14.406Z;functions.data_filter;  CLICK - BUTÃO DE SELECAO DE FILTRO
13-07-2024 03:16:19.109Z;functions.data_filter;  INSERE - DATA DE QUARTA-FEIRA: 17-07-2024
13-07-2024 03:16:23.421Z;functions.data_filter;  INSERE - DATA DA PROX TERCA-FEIRA: 23-07-2024
13-07-2024 03:16:24.531Z;functions.data_filter;  CLICK - BUTÃO DE EXECUTAR O FILTRO
13-07-2024 03:16:29.536Z;functions.desmark_filter;  AGUARDANDO 1
13-07-2024 03:16:31.687Z;functions.desmark_filter;  CLICK CHECKBOX LANÇAMENTOS A RECEBER
13-07-2024 03:16:33.968Z;functions.desmark_filter;  CLICK CHECKBOX LANÇAMENTOS BAIXADOS
13-07-2024 03:16:36.440Z;functions.desmark_filter;  CLICK CHECKBOX LANÇAMENTOS CANCELADOS
13-07-2024 03:16:39.156Z;functions.desmark_filter;  CLICK CHECKBOX LANÇAMENTOS FATURADOS
13-07-2024 03:16:41.772Z;functions.desmark_filter;  ATUALIZA O FILTRO
13-07-2024 03:16:41.937Z;functions.waitForImage;  FILTER CLEAN image found.
13-07-2024 03:16:44.070Z;functions.filter_clean;  CLICK NO BOTÃO X DO LIMPA FILTRO
13-07-2024 03:16:59.374Z;functions.waitForImage;  FILTER CLEAN image not found.
13-07-2024 03:17:14.578Z;functions.waitForImage;  FILTER CLEAN image not found.
13-07-2024 03:17:17.655Z;functions.tabela_vazia;  Texto extraido 0/0
13-07-2024 03:17:17.671Z;functions.tabela_vazia;  Count 0
13-07-2024 03:17:17.671Z;functions.tabela_vazia;  Type <class 'int'>
13-07-2024 03:17:19.671Z;functions.tabela_vazia;  SEM REMESSA DE FÉRIAS/RESCISÃO
13-07-2024 03:17:21.673Z;main.<module>;  SEM REMESSA DE FÉRIAS/RESCISÃO
13-07-2024 03:17:24.171Z;errorhandler.__handle;  Property: Unknown Property name. [1:203: -ms-interpolation-mode]
13-07-2024 03:17:24.218Z;errorhandler.__handle;  Property: Unknown Property name. [1:353: -webkit-font-smoothing]
13-07-2024 03:17:24.234Z;errorhandler.__handle;  Property: Unknown Property name. [1:483: -ms-text-size-adjust]
13-07-2024 03:17:24.234Z;errorhandler.__handle;  Property: Unknown Property name. [1:518: -webkit-text-size-adjust]
13-07-2024 03:17:24.234Z;errorhandler.__handle;  Property: Unknown Property name. [1:612: mso-table-lspace]
13-07-2024 03:17:24.234Z;errorhandler.__handle;  Property: Unknown Property name. [1:642: mso-table-rspace]
13-07-2024 03:17:24.468Z;errorhandler.__handle;  Property: Unknown Property name. [1:4734: mso-hide]
13-07-2024 03:17:24.577Z;errorhandler.__handle;  Property: Unknown Property name. [1:13: -ms-interpolation-mode]
13-07-2024 03:17:24.577Z;errorhandler.__handle;  Property: Unknown Property name. [1:49: -webkit-font-smoothing]
13-07-2024 03:17:24.577Z;errorhandler.__handle;  Property: Unknown Property name. [1:134: -ms-text-size-adjust]
13-07-2024 03:17:24.577Z;errorhandler.__handle;  Property: Unknown Property name. [1:160: -webkit-text-size-adjust]
13-07-2024 03:17:24.577Z;errorhandler.__handle;  Property: Unknown Property name. [1:26: mso-table-lspace]
13-07-2024 03:17:24.577Z;errorhandler.__handle;  Property: Unknown Property name. [1:45: mso-table-rspace]
13-07-2024 03:17:24.624Z;errorhandler.__handle;  Property: Unknown Property name. [1:92: mso-hide]
13-07-2024 03:17:24.640Z;errorhandler.__handle;  Property: No ":" after name found: align-center [1:1: align-center]
13-07-2024 03:17:24.640Z;errorhandler.__handle;  Property: No property value found: align-center [1:1: align-center]
13-07-2024 03:17:24.640Z;errorhandler.__handle;  CSSStyleDeclaration: Syntax Error in Property: align-center
13-07-2024 03:17:24.640Z;errorhandler.__handle;  Property: Unknown Property name. [1:14: -ms-interpolation-mode]
13-07-2024 03:17:27.203Z;functions.emailFinalizado;  Finalizado e-mail sent.
13-07-2024 03:17:27.681Z;functions.encerra_prog;  RM ENCERRADO
