13-07-2024 23:34:41.797Z;functions.bot_text_art;      ____   
13-07-2024 23:34:41.797Z;functions.bot_text_art;     [____]    
13-07-2024 23:34:41.797Z;functions.bot_text_art;   |=]()()[=|  
13-07-2024 23:34:41.797Z;functions.bot_text_art;     _\==/__    _____    ____     _        _____    ___   _  __
13-07-2024 23:34:41.797Z;functions.bot_text_art;   |__|   |_|  |  _  \  / ___|   | |      |_   _| / ___| | |/ /
13-07-2024 23:34:41.797Z;functions.bot_text_art;   |_|_/\_|_|  | |  | | | |      | |        | |   | |    | ' / 
13-07-2024 23:34:41.797Z;functions.bot_text_art;   | | __ | |  | |  | | | |      | |        | |   | |    |  <  
13-07-2024 23:34:41.797Z;functions.bot_text_art;   |_|[  ]|_|  | |__| | | |____  | |____   _| |_  | |__  | . \ 
13-07-2024 23:34:41.812Z;functions.bot_text_art;   \_|_||_|_/  |_____/   \_____| |______| |_____| \ ___| |_|\_\
13-07-2024 23:34:41.812Z;functions.bot_text_art;     |_||_|                                                     
13-07-2024 23:34:41.812Z;functions.bot_text_art;     | ||_|_   
13-07-2024 23:34:41.812Z;functions.bot_text_art;   |___||___|  
13-07-2024 23:34:41.812Z;functions.bot_text_art;               
13-07-2024 23:34:41.812Z;functions.open_RM;  OPEN PROGRAM RM
13-07-2024 23:35:01.969Z;functions.loggin_RM;  ENTRAR USER_NAME
13-07-2024 23:35:05.710Z;functions.loggin_RM;  ENTRAR PASSWORD
13-07-2024 23:35:07.234Z;functions.loggin_RM;  ENTRAR RM
13-07-2024 23:38:09.422Z;functions.loggin_RM;  FILTRO NÃO ENCONTRADO
13-07-2024 23:38:40.656Z;functions.loggin_RM;  FILTRO 2 NÃO ENCONTRADO DE INICIO
13-07-2024 23:41:43.203Z;functions.loggin_RM;  FILTRO NÃO ENCONTRADO
13-07-2024 23:42:14.078Z;functions.loggin_RM;  FILTRO 2 NÃO ENCONTRADO DE INICIO
13-07-2024 23:45:15.582Z;functions.loggin_RM;  FILTRO NÃO ENCONTRADO
13-07-2024 23:45:46.177Z;functions.loggin_RM;  FILTRO 2 NÃO ENCONTRADO DE INICIO
13-07-2024 23:45:46.177Z;functions.enter_coligada;  AGUARDANDO 1
13-07-2024 23:45:47.359Z;functions.enter_coligada;  CLICK CONTEXTO
13-07-2024 23:45:50.328Z;functions.enter_coligada;  CLICK ALTERAR MODULO DO CONTEXTO
13-07-2024 23:45:54.506Z;functions.enter_coligada;  INSERE O COLIGADA CODE = 1
13-07-2024 23:45:54.612Z;functions.enter_coligada;  APERTA TAB PARA PREENCHER O CAMPO COM A STRING: OCEANICA ENGENHARIA E CONSULTORIA S.A.
13-07-2024 23:45:56.797Z;functions.enter_coligada;  CLICK AVANÇAR NOVAMENTE
13-07-2024 23:45:58.297Z;functions.enter_coligada;  CLICK CONCLUIR
13-07-2024 23:46:18.406Z;functions.waitForImage;  TROCA COLIGADA image not found.
13-07-2024 23:46:34.828Z;functions.enter_coligada;  POP UP COLIGADA DESAPARECER
13-07-2024 23:46:35.797Z;functions.check_movimentacao_bancaria;  CLICK - TOTVS - LINHA RM
13-07-2024 23:46:37.828Z;functions.check_movimentacao_bancaria;  CLICK - BACK OFFICE
13-07-2024 23:46:40.578Z;functions.check_movimentacao_bancaria;  CLICK - GESTAO FINANCEIRA
13-07-2024 23:46:40.578Z;functions.obter_intervalo_data;  VERIFICANDO A HORA ATUAL 23
13-07-2024 23:46:40.602Z;functions.obter_intervalo_data;  Data Inicial FERIAS/RESCISAO antes da remoção: None
13-07-2024 23:46:40.602Z;functions.obter_intervalo_data;  Data Final FERIAS/RESCISAO antes da remoção: None
13-07-2024 23:46:40.609Z;functions.obter_intervalo_data;  Data Inicial FERIAS/RESCISAO após a remoção: None
13-07-2024 23:46:40.609Z;functions.obter_intervalo_data;  Data Final FERIAS/RESCISAO após a remoção: None
13-07-2024 23:46:40.609Z;functions.obter_intervalo_data;  hoje -  2024-07-13 23:46:40.609886
13-07-2024 23:46:40.609Z;functions.check_movimentacao_bancaria;  DATA INICIO 17-07-2024
13-07-2024 23:46:40.609Z;functions.check_movimentacao_bancaria;  DATA FIM 23-07-2024
13-07-2024 23:46:40.609Z;functions.movimentacao_bancaria;  AGUARDANDO 1
13-07-2024 23:46:46.266Z;functions.movimentacao_bancaria;  CLICK NA ABA MOVIMENTAÇÃO BANCARIA
13-07-2024 23:46:48.469Z;functions.waitForImage;  IMAGEM BORDERO image found.
13-07-2024 23:46:50.587Z;functions.movimentacao_bancaria;  IMAGEM BORDERO CLICADA.
13-07-2024 23:47:01.029Z;functions.waitForImage;  LICENCAS EXCEDIDAS image not found.
13-07-2024 23:47:01.734Z;functions.movimentacao_bancaria;  ENCONTROU O FILTRO DA MOVIMENTAÇÃO BANCÁRIA
13-07-2024 23:47:01.797Z;functions.movimentacao_bancaria;  CLICA NA ABA SUPERIOR DO FILTRO
13-07-2024 23:47:06.013Z;functions.movimentacao_bancaria;  SELECIONA O FILTRO HOJE
13-07-2024 23:47:10.919Z;functions.waitForImage;  FILTER CLEAN image found.
13-07-2024 23:47:13.025Z;functions.filter_clean;  CLICK NO BOTÃO X DO LIMPA FILTRO
13-07-2024 23:47:13.203Z;functions.waitForImage;  FILTER CLEAN image found.
13-07-2024 23:47:15.337Z;functions.filter_clean;  CLICK NO BOTÃO X DO LIMPA FILTRO
13-07-2024 23:47:30.578Z;functions.waitForImage;  FILTER CLEAN image not found.
13-07-2024 23:47:34.234Z;functions.movimentacao_bancaria;  CLICK NA PRIMEIRA LINHA DA TABELA MOVIMENTAÇÃO BANCÁRIA
13-07-2024 23:47:35.458Z;functions.movimentacao_bancaria;  12 PASSOS PARA DIREITA NA TABELA >>
13-07-2024 23:47:37.578Z;functions.movimentacao_bancaria;  HOVER FILTER
13-07-2024 23:47:38.126Z;functions.movimentacao_bancaria;  CLICK FILTER
13-07-2024 23:47:42.451Z;functions.movimentacao_bancaria;  CLICK NO FILTRO  STATUS DA REMESSA
13-07-2024 23:47:44.554Z;functions.movimentacao_bancaria;  APERTA TAB PARA ESCREVER O FILTRO
13-07-2024 23:47:46.669Z;functions.movimentacao_bancaria;  ESCREVE PENDENTE NO FILTRO
13-07-2024 23:47:48.772Z;functions.movimentacao_bancaria;  APERTA ENTER PARA SELECIONAR OS PENDENTES
13-07-2024 23:48:06.281Z;functions.movimentacao_bancaria;  SEM PROCESSAMENTO DE BORDERO PENDENTE.
13-07-2024 23:48:11.453Z;functions.waitForImage;  FILTER CLEAN image found.
13-07-2024 23:48:13.588Z;functions.filter_clean;  CLICK NO BOTÃO X DO LIMPA FILTRO
13-07-2024 23:48:28.875Z;functions.waitForImage;  FILTER CLEAN image not found.
13-07-2024 23:48:44.157Z;functions.waitForImage;  FILTER CLEAN image not found.
13-07-2024 23:48:45.893Z;functions.remessa_pagamento;  CLICK NA PRIMEIRA LINHA DA TABELA MOVIMENTAÇÃO BANCÁRIA
13-07-2024 23:48:48.062Z;functions.remessa_pagamento;  HOVER FILTER
13-07-2024 23:48:48.611Z;functions.remessa_pagamento;  CLICK FILTER
13-07-2024 23:48:52.954Z;functions.remessa_pagamento;  CLICK NO FILTRO  STATUS DA REMESSA
13-07-2024 23:48:55.057Z;functions.remessa_pagamento;  APERTA TAB PARA ESCREVER O FILTRO
13-07-2024 23:48:57.176Z;functions.remessa_pagamento;  ESCREVE AUTORIZADO NO FILTRO
13-07-2024 23:48:59.278Z;functions.remessa_pagamento;  APERTA ENTER PARA SELECIONAR OS AUTORIZADO
13-07-2024 23:49:19.892Z;functions.remessa_pagamento;  SEM REMESSA DE BORDERO AUTORIZADO
13-07-2024 23:49:20.862Z;functions.enter_contas_a_pagar;  CLICK - TOTVS - LINHA RM
13-07-2024 23:49:22.672Z;functions.enter_contas_a_pagar;  CLICK - BACK OFFICE
13-07-2024 23:49:23.641Z;functions.enter_contas_a_pagar;  CLICK - GESTAO FINANCEIRA
13-07-2024 23:49:29.453Z;functions.enter_contas_a_pagar;  CLICK - CONTAS A PAGAR
13-07-2024 23:49:30.313Z;functions.waitForImage;  LANÇAMENTOS image found.
13-07-2024 23:49:32.462Z;functions.enter_contas_a_pagar;  CLICA EM LANÇAMENTOS
13-07-2024 23:49:47.922Z;functions.waitForImage;  LICENCAS EXCEDIDAS image not found.
13-07-2024 23:49:47.922Z;functions.data_filter;  CLICK - SELECIONA A DATA DE QUARTA FEIRA E DA PROXIMA TERÇA
13-07-2024 23:49:47.922Z;functions.data_filter;  QUARTA-FEIRA: 17-07-2024
13-07-2024 23:49:47.922Z;functions.data_filter;  TERCA-FEIRA: 23-07-2024
13-07-2024 23:50:09.391Z;functions.data_filter;  CLICK - BUTÃO DE SELECAO DE FILTRO
13-07-2024 23:50:14.156Z;functions.data_filter;  INSERE - DATA DE QUARTA-FEIRA: 17-07-2024
13-07-2024 23:50:18.469Z;functions.data_filter;  INSERE - DATA DA PROX TERCA-FEIRA: 23-07-2024
13-07-2024 23:50:19.578Z;functions.data_filter;  CLICK - BUTÃO DE EXECUTAR O FILTRO
13-07-2024 23:50:24.582Z;functions.desmark_filter;  AGUARDANDO 1
13-07-2024 23:50:26.765Z;functions.desmark_filter;  CLICK CHECKBOX LANÇAMENTOS A RECEBER
13-07-2024 23:50:29.047Z;functions.desmark_filter;  CLICK CHECKBOX LANÇAMENTOS BAIXADOS
13-07-2024 23:50:31.484Z;functions.desmark_filter;  CLICK CHECKBOX LANÇAMENTOS CANCELADOS
13-07-2024 23:50:34.359Z;functions.desmark_filter;  CLICK CHECKBOX LANÇAMENTOS FATURADOS
13-07-2024 23:50:37.078Z;functions.desmark_filter;  ATUALIZA O FILTRO
13-07-2024 23:50:37.266Z;functions.waitForImage;  FILTER CLEAN image found.
13-07-2024 23:50:39.373Z;functions.filter_clean;  CLICK NO BOTÃO X DO LIMPA FILTRO
13-07-2024 23:50:54.656Z;functions.waitForImage;  FILTER CLEAN image not found.
13-07-2024 23:51:09.969Z;functions.waitForImage;  FILTER CLEAN image not found.
13-07-2024 23:51:13.078Z;functions.tabela_vazia;  Texto extraido 0/0
13-07-2024 23:51:13.078Z;functions.tabela_vazia;  Count 0
13-07-2024 23:51:13.078Z;functions.tabela_vazia;  Type <class 'int'>
13-07-2024 23:51:15.087Z;functions.tabela_vazia;  SEM REMESSA DE FÉRIAS/RESCISÃO
13-07-2024 23:51:17.088Z;main.<module>;  SEM REMESSA DE FÉRIAS/RESCISÃO
13-07-2024 23:51:20.466Z;errorhandler.__handle;  Property: Unknown Property name. [1:203: -ms-interpolation-mode]
13-07-2024 23:51:20.513Z;errorhandler.__handle;  Property: Unknown Property name. [1:353: -webkit-font-smoothing]
13-07-2024 23:51:20.513Z;errorhandler.__handle;  Property: Unknown Property name. [1:483: -ms-text-size-adjust]
13-07-2024 23:51:20.513Z;errorhandler.__handle;  Property: Unknown Property name. [1:518: -webkit-text-size-adjust]
13-07-2024 23:51:20.528Z;errorhandler.__handle;  Property: Unknown Property name. [1:612: mso-table-lspace]
13-07-2024 23:51:20.528Z;errorhandler.__handle;  Property: Unknown Property name. [1:642: mso-table-rspace]
13-07-2024 23:51:20.763Z;errorhandler.__handle;  Property: Unknown Property name. [1:4734: mso-hide]
13-07-2024 23:51:20.873Z;errorhandler.__handle;  Property: Unknown Property name. [1:13: -ms-interpolation-mode]
13-07-2024 23:51:20.876Z;errorhandler.__handle;  Property: Unknown Property name. [1:49: -webkit-font-smoothing]
13-07-2024 23:51:20.879Z;errorhandler.__handle;  Property: Unknown Property name. [1:134: -ms-text-size-adjust]
13-07-2024 23:51:20.880Z;errorhandler.__handle;  Property: Unknown Property name. [1:160: -webkit-text-size-adjust]
13-07-2024 23:51:20.883Z;errorhandler.__handle;  Property: Unknown Property name. [1:26: mso-table-lspace]
13-07-2024 23:51:20.884Z;errorhandler.__handle;  Property: Unknown Property name. [1:45: mso-table-rspace]
13-07-2024 23:51:20.924Z;errorhandler.__handle;  Property: Unknown Property name. [1:92: mso-hide]
13-07-2024 23:51:20.937Z;errorhandler.__handle;  Property: No ":" after name found: align-center [1:1: align-center]
13-07-2024 23:51:20.938Z;errorhandler.__handle;  Property: No property value found: align-center [1:1: align-center]
13-07-2024 23:51:20.938Z;errorhandler.__handle;  CSSStyleDeclaration: Syntax Error in Property: align-center
13-07-2024 23:51:20.941Z;errorhandler.__handle;  Property: Unknown Property name. [1:14: -ms-interpolation-mode]
13-07-2024 23:51:23.656Z;functions.emailFinalizado;  Finalizado e-mail sent.
13-07-2024 23:51:24.047Z;functions.encerra_prog;  RM ENCERRADO
