04-06-2024 10:34:01.017Z;functions.bot_text_art;      ____   
04-06-2024 10:34:01.017Z;functions.bot_text_art;     [____]    
04-06-2024 10:34:01.017Z;functions.bot_text_art;   |=]()()[=|  
04-06-2024 10:34:01.017Z;functions.bot_text_art;     _\==/__    _____    ____     _        _____    ___   _  __
04-06-2024 10:34:01.017Z;functions.bot_text_art;   |__|   |_|  |  _  \  / ___|   | |      |_   _| / ___| | |/ /
04-06-2024 10:34:01.033Z;functions.bot_text_art;   |_|_/\_|_|  | |  | | | |      | |        | |   | |    | ' / 
04-06-2024 10:34:01.033Z;functions.bot_text_art;   | | __ | |  | |  | | | |      | |        | |   | |    |  <  
04-06-2024 10:34:01.033Z;functions.bot_text_art;   |_|[  ]|_|  | |__| | | |____  | |____   _| |_  | |__  | . \ 
04-06-2024 10:34:01.033Z;functions.bot_text_art;   \_|_||_|_/  |_____/   \_____| |______| |_____| \ ___| |_|\_\
04-06-2024 10:34:01.033Z;functions.bot_text_art;     |_||_|                                                     
04-06-2024 10:34:01.033Z;functions.bot_text_art;     | ||_|_   
04-06-2024 10:34:01.033Z;functions.bot_text_art;   |___||___|  
04-06-2024 10:34:01.033Z;functions.bot_text_art;               
04-06-2024 10:34:01.408Z;functions.open_RM;  OPEN PROGRAM RM
04-06-2024 10:34:22.673Z;functions.loggin_RM;  ENTRAR USER_NAME
04-06-2024 10:34:26.909Z;functions.loggin_RM;  ENTRAR PASSWORD
04-06-2024 10:34:28.829Z;functions.loggin_RM;  ENTRAR RM
04-06-2024 10:35:07.659Z;functions.enter_coligada;  CLICK CONTEXTO
04-06-2024 10:35:13.002Z;functions.enter_coligada;  CLICK ALTERAR MODULO DO CONTEXTO
04-06-2024 10:35:17.130Z;functions.enter_coligada;  INSERE O COLIGADA CODE = 1
04-06-2024 10:35:17.273Z;functions.enter_coligada;  APERTA TAB PARA PREENCHER O CAMPO COM A STRING: OCEANICA ENGENHARIA E CONSULTORIA S.A.
04-06-2024 10:35:19.362Z;functions.enter_coligada;  CLICK AVANÇAR NOVAMENTE
04-06-2024 10:35:20.940Z;functions.enter_coligada;  CLICK CONCLUIR
04-06-2024 10:35:57.392Z;functions.enter_coligada;  POP UP COLIGADA DESAPARECER
04-06-2024 10:35:58.548Z;functions.check_movimentacao_bancaria;  CLICK - TOTVS - LINHA RM
04-06-2024 10:36:00.517Z;functions.check_movimentacao_bancaria;  CLICK - BACK OFFICE
04-06-2024 10:36:01.455Z;functions.check_movimentacao_bancaria;  CLICK - GESTAO FINANCEIRA
04-06-2024 10:36:08.033Z;functions.movimentacao_bancaria;  CLICK NA ABA MOVIMENTAÇÃO BANCARIA
04-06-2024 10:36:10.270Z;functions.waitForImage;  IMAGEM BORDERO image found.
04-06-2024 10:36:12.398Z;functions.movimentacao_bancaria;  IMAGEM BORDERO CLICADA.
04-06-2024 10:36:15.439Z;functions.waitForImage;  LICENCAS EXCEDIDAS image found.
04-06-2024 10:36:15.439Z;functions.movimentacao_bancaria;  LICENCAS EXCEDIDAS
04-06-2024 10:36:15.439Z;functions.movimentacao_bancaria;  TENTANDO NOVAMENTE - 1
04-06-2024 10:36:26.771Z;functions.waitForImage;  IMAGEM BORDERO image found.
04-06-2024 10:36:28.886Z;functions.movimentacao_bancaria;  IMAGEM BORDERO CLICADA.
04-06-2024 10:36:30.564Z;functions.waitForImage;  LICENCAS EXCEDIDAS image found.
04-06-2024 10:36:30.564Z;functions.movimentacao_bancaria;  LICENCAS EXCEDIDAS
04-06-2024 10:36:30.564Z;functions.movimentacao_bancaria;  TENTANDO NOVAMENTE - 2
04-06-2024 10:36:41.877Z;functions.waitForImage;  IMAGEM BORDERO image found.
04-06-2024 10:36:44.009Z;functions.movimentacao_bancaria;  IMAGEM BORDERO CLICADA.
04-06-2024 10:36:45.654Z;functions.waitForImage;  LICENCAS EXCEDIDAS image found.
04-06-2024 10:36:45.654Z;functions.movimentacao_bancaria;  LICENCAS EXCEDIDAS
04-06-2024 10:36:45.654Z;functions.movimentacao_bancaria;  TENTANDO NOVAMENTE - 3
04-06-2024 10:36:56.963Z;functions.waitForImage;  IMAGEM BORDERO image found.
04-06-2024 10:36:59.113Z;functions.movimentacao_bancaria;  IMAGEM BORDERO CLICADA.
04-06-2024 10:37:00.765Z;functions.waitForImage;  LICENCAS EXCEDIDAS image found.
04-06-2024 10:37:00.765Z;functions.movimentacao_bancaria;  LICENCAS EXCEDIDAS
04-06-2024 10:37:00.765Z;functions.movimentacao_bancaria;  TENTANDO NOVAMENTE - 4
04-06-2024 10:37:12.084Z;functions.waitForImage;  IMAGEM BORDERO image found.
04-06-2024 10:37:14.212Z;functions.movimentacao_bancaria;  IMAGEM BORDERO CLICADA.
04-06-2024 10:37:15.826Z;functions.waitForImage;  LICENCAS EXCEDIDAS image found.
04-06-2024 10:37:15.826Z;functions.movimentacao_bancaria;  LICENCAS EXCEDIDAS
04-06-2024 10:37:15.826Z;functions.movimentacao_bancaria;  TENTANDO NOVAMENTE - 5
04-06-2024 10:37:27.147Z;functions.waitForImage;  IMAGEM BORDERO image found.
04-06-2024 10:37:29.274Z;functions.movimentacao_bancaria;  IMAGEM BORDERO CLICADA.
04-06-2024 10:37:30.912Z;functions.waitForImage;  LICENCAS EXCEDIDAS image found.
04-06-2024 10:37:30.912Z;functions.movimentacao_bancaria;  LICENCAS EXCEDIDAS
04-06-2024 10:37:30.912Z;functions.movimentacao_bancaria;  TENTANDO NOVAMENTE - 6
04-06-2024 10:37:42.226Z;functions.waitForImage;  IMAGEM BORDERO image found.
04-06-2024 10:37:44.352Z;functions.movimentacao_bancaria;  IMAGEM BORDERO CLICADA.
04-06-2024 10:37:46.008Z;functions.waitForImage;  LICENCAS EXCEDIDAS image found.
04-06-2024 10:37:46.008Z;functions.movimentacao_bancaria;  LICENCAS EXCEDIDAS
04-06-2024 10:37:46.008Z;functions.movimentacao_bancaria;  TENTANDO NOVAMENTE - 7
04-06-2024 10:37:57.324Z;functions.waitForImage;  IMAGEM BORDERO image found.
04-06-2024 10:37:59.450Z;functions.movimentacao_bancaria;  IMAGEM BORDERO CLICADA.
04-06-2024 10:38:01.056Z;functions.waitForImage;  LICENCAS EXCEDIDAS image found.
04-06-2024 10:38:01.056Z;functions.movimentacao_bancaria;  LICENCAS EXCEDIDAS
04-06-2024 10:38:01.056Z;functions.movimentacao_bancaria;  TENTANDO NOVAMENTE - 8
04-06-2024 10:38:12.362Z;functions.waitForImage;  IMAGEM BORDERO image found.
04-06-2024 10:38:14.485Z;functions.movimentacao_bancaria;  IMAGEM BORDERO CLICADA.
04-06-2024 10:38:16.124Z;functions.waitForImage;  LICENCAS EXCEDIDAS image found.
04-06-2024 10:38:16.124Z;functions.movimentacao_bancaria;  LICENCAS EXCEDIDAS
04-06-2024 10:38:16.124Z;functions.movimentacao_bancaria;  TENTANDO NOVAMENTE - 9
04-06-2024 10:38:27.471Z;functions.waitForImage;  IMAGEM BORDERO image found.
04-06-2024 10:38:29.603Z;functions.movimentacao_bancaria;  IMAGEM BORDERO CLICADA.
04-06-2024 10:38:31.235Z;functions.waitForImage;  LICENCAS EXCEDIDAS image found.
04-06-2024 10:38:31.235Z;functions.movimentacao_bancaria;  LICENCAS EXCEDIDAS
04-06-2024 10:38:31.235Z;functions.movimentacao_bancaria;  TENTANDO NOVAMENTE - 10
04-06-2024 10:38:42.549Z;functions.waitForImage;  IMAGEM BORDERO image found.
04-06-2024 10:38:44.679Z;functions.movimentacao_bancaria;  IMAGEM BORDERO CLICADA.
04-06-2024 10:38:46.295Z;functions.waitForImage;  LICENCAS EXCEDIDAS image found.
04-06-2024 10:38:46.295Z;functions.movimentacao_bancaria;  LICENCAS EXCEDIDAS
04-06-2024 10:38:46.295Z;functions.movimentacao_bancaria;  TENTANDO NOVAMENTE - 11
04-06-2024 10:38:57.616Z;functions.waitForImage;  IMAGEM BORDERO image found.
04-06-2024 10:38:59.748Z;functions.movimentacao_bancaria;  IMAGEM BORDERO CLICADA.
04-06-2024 10:39:01.333Z;functions.waitForImage;  LICENCAS EXCEDIDAS image found.
04-06-2024 10:39:01.334Z;functions.movimentacao_bancaria;  LICENCAS EXCEDIDAS
04-06-2024 10:39:01.334Z;functions.movimentacao_bancaria;  TENTANDO NOVAMENTE - 12
04-06-2024 10:39:12.642Z;functions.waitForImage;  IMAGEM BORDERO image found.
04-06-2024 10:39:14.766Z;functions.movimentacao_bancaria;  IMAGEM BORDERO CLICADA.
04-06-2024 10:39:16.519Z;functions.waitForImage;  LICENCAS EXCEDIDAS image found.
04-06-2024 10:39:16.519Z;functions.movimentacao_bancaria;  LICENCAS EXCEDIDAS
04-06-2024 10:39:16.519Z;functions.movimentacao_bancaria;  TENTANDO NOVAMENTE - 13
04-06-2024 10:39:27.845Z;functions.waitForImage;  IMAGEM BORDERO image found.
04-06-2024 10:39:29.972Z;functions.movimentacao_bancaria;  IMAGEM BORDERO CLICADA.
04-06-2024 10:39:31.579Z;functions.waitForImage;  LICENCAS EXCEDIDAS image found.
04-06-2024 10:39:31.579Z;functions.movimentacao_bancaria;  LICENCAS EXCEDIDAS
04-06-2024 10:39:31.579Z;functions.movimentacao_bancaria;  TENTANDO NOVAMENTE - 14
04-06-2024 10:39:42.901Z;functions.waitForImage;  IMAGEM BORDERO image found.
04-06-2024 10:39:45.024Z;functions.movimentacao_bancaria;  IMAGEM BORDERO CLICADA.
04-06-2024 10:39:46.634Z;functions.waitForImage;  LICENCAS EXCEDIDAS image found.
04-06-2024 10:39:46.634Z;functions.movimentacao_bancaria;  LICENCAS EXCEDIDAS
04-06-2024 10:39:46.634Z;functions.movimentacao_bancaria;  TENTANDO NOVAMENTE - 15
04-06-2024 10:39:57.955Z;functions.waitForImage;  IMAGEM BORDERO image found.
04-06-2024 10:40:00.083Z;functions.movimentacao_bancaria;  IMAGEM BORDERO CLICADA.
04-06-2024 10:40:01.734Z;functions.waitForImage;  LICENCAS EXCEDIDAS image found.
04-06-2024 10:40:01.734Z;functions.movimentacao_bancaria;  LICENCAS EXCEDIDAS
04-06-2024 10:40:01.734Z;functions.movimentacao_bancaria;  TENTANDO NOVAMENTE - 16
04-06-2024 10:40:13.049Z;functions.waitForImage;  IMAGEM BORDERO image found.
04-06-2024 10:40:15.169Z;functions.movimentacao_bancaria;  IMAGEM BORDERO CLICADA.
04-06-2024 10:40:16.780Z;functions.waitForImage;  LICENCAS EXCEDIDAS image found.
04-06-2024 10:40:16.780Z;functions.movimentacao_bancaria;  LICENCAS EXCEDIDAS
04-06-2024 10:40:16.780Z;functions.movimentacao_bancaria;  TENTANDO NOVAMENTE - 17
04-06-2024 10:40:28.122Z;functions.waitForImage;  IMAGEM BORDERO image found.
04-06-2024 10:40:30.254Z;functions.movimentacao_bancaria;  IMAGEM BORDERO CLICADA.
04-06-2024 10:40:31.892Z;functions.waitForImage;  LICENCAS EXCEDIDAS image found.
04-06-2024 10:40:31.892Z;functions.movimentacao_bancaria;  LICENCAS EXCEDIDAS
04-06-2024 10:40:31.892Z;functions.movimentacao_bancaria;  TENTANDO NOVAMENTE - 18
04-06-2024 10:40:43.208Z;functions.waitForImage;  IMAGEM BORDERO image found.
04-06-2024 10:40:45.327Z;functions.movimentacao_bancaria;  IMAGEM BORDERO CLICADA.
04-06-2024 10:40:46.985Z;functions.waitForImage;  LICENCAS EXCEDIDAS image found.
04-06-2024 10:40:47.001Z;functions.movimentacao_bancaria;  LICENCAS EXCEDIDAS
04-06-2024 10:40:47.001Z;functions.movimentacao_bancaria;  TENTANDO NOVAMENTE - 19
04-06-2024 10:40:58.342Z;functions.waitForImage;  IMAGEM BORDERO image found.
04-06-2024 10:41:00.448Z;functions.movimentacao_bancaria;  IMAGEM BORDERO CLICADA.
04-06-2024 10:41:02.063Z;functions.waitForImage;  LICENCAS EXCEDIDAS image found.
04-06-2024 10:41:02.063Z;functions.movimentacao_bancaria;  LICENCAS EXCEDIDAS
04-06-2024 10:41:02.063Z;functions.movimentacao_bancaria;  TENTANDO NOVAMENTE - 20
04-06-2024 10:41:13.377Z;functions.waitForImage;  IMAGEM BORDERO image found.
04-06-2024 10:41:15.505Z;functions.movimentacao_bancaria;  IMAGEM BORDERO CLICADA.
04-06-2024 10:41:17.138Z;functions.waitForImage;  LICENCAS EXCEDIDAS image found.
04-06-2024 10:41:17.138Z;functions.movimentacao_bancaria;  LICENCAS EXCEDIDAS
04-06-2024 10:41:17.138Z;functions.movimentacao_bancaria;  TENTANDO NOVAMENTE - 21
04-06-2024 10:41:28.454Z;functions.waitForImage;  IMAGEM BORDERO image found.
04-06-2024 10:41:30.584Z;functions.movimentacao_bancaria;  IMAGEM BORDERO CLICADA.
04-06-2024 10:41:32.231Z;functions.waitForImage;  LICENCAS EXCEDIDAS image found.
04-06-2024 10:41:32.231Z;functions.movimentacao_bancaria;  LICENCAS EXCEDIDAS
04-06-2024 10:41:32.231Z;functions.movimentacao_bancaria;  TENTANDO NOVAMENTE - 22
04-06-2024 10:41:43.596Z;functions.waitForImage;  IMAGEM BORDERO image found.
04-06-2024 10:41:45.716Z;functions.movimentacao_bancaria;  IMAGEM BORDERO CLICADA.
04-06-2024 10:41:47.335Z;functions.waitForImage;  LICENCAS EXCEDIDAS image found.
04-06-2024 10:41:47.335Z;functions.movimentacao_bancaria;  LICENCAS EXCEDIDAS
04-06-2024 10:41:47.335Z;functions.movimentacao_bancaria;  TENTANDO NOVAMENTE - 23
04-06-2024 10:41:58.665Z;functions.waitForImage;  IMAGEM BORDERO image found.
04-06-2024 10:42:00.784Z;functions.movimentacao_bancaria;  IMAGEM BORDERO CLICADA.
04-06-2024 10:42:02.410Z;functions.waitForImage;  LICENCAS EXCEDIDAS image found.
04-06-2024 10:42:02.410Z;functions.movimentacao_bancaria;  LICENCAS EXCEDIDAS
04-06-2024 10:42:02.410Z;functions.movimentacao_bancaria;  TENTANDO NOVAMENTE - 24
04-06-2024 10:42:13.744Z;functions.waitForImage;  IMAGEM BORDERO image found.
04-06-2024 10:42:15.863Z;functions.movimentacao_bancaria;  IMAGEM BORDERO CLICADA.
04-06-2024 10:42:17.486Z;functions.waitForImage;  LICENCAS EXCEDIDAS image found.
04-06-2024 10:42:17.486Z;functions.movimentacao_bancaria;  LICENCAS EXCEDIDAS
04-06-2024 10:42:17.486Z;functions.movimentacao_bancaria;  TENTANDO NOVAMENTE - 25
04-06-2024 10:42:28.844Z;functions.waitForImage;  IMAGEM BORDERO image found.
04-06-2024 10:42:30.964Z;functions.movimentacao_bancaria;  IMAGEM BORDERO CLICADA.
04-06-2024 10:42:32.582Z;functions.waitForImage;  LICENCAS EXCEDIDAS image found.
04-06-2024 10:42:32.582Z;functions.movimentacao_bancaria;  LICENCAS EXCEDIDAS
04-06-2024 10:42:32.582Z;functions.movimentacao_bancaria;  TENTANDO NOVAMENTE - 26
04-06-2024 10:42:43.979Z;functions.waitForImage;  IMAGEM BORDERO image found.
04-06-2024 10:42:46.098Z;functions.movimentacao_bancaria;  IMAGEM BORDERO CLICADA.
04-06-2024 10:42:47.722Z;functions.waitForImage;  LICENCAS EXCEDIDAS image found.
04-06-2024 10:42:47.722Z;functions.movimentacao_bancaria;  LICENCAS EXCEDIDAS
04-06-2024 10:42:47.722Z;functions.movimentacao_bancaria;  TENTANDO NOVAMENTE - 27
04-06-2024 10:42:59.078Z;functions.waitForImage;  IMAGEM BORDERO image found.
04-06-2024 10:43:01.214Z;functions.movimentacao_bancaria;  IMAGEM BORDERO CLICADA.
04-06-2024 10:43:02.842Z;functions.waitForImage;  LICENCAS EXCEDIDAS image found.
04-06-2024 10:43:02.842Z;functions.movimentacao_bancaria;  LICENCAS EXCEDIDAS
04-06-2024 10:43:02.842Z;functions.movimentacao_bancaria;  TENTANDO NOVAMENTE - 28
04-06-2024 10:43:14.095Z;functions.waitForImage;  IMAGEM BORDERO image found.
04-06-2024 10:43:16.215Z;functions.movimentacao_bancaria;  IMAGEM BORDERO CLICADA.
04-06-2024 10:43:17.816Z;functions.waitForImage;  LICENCAS EXCEDIDAS image found.
04-06-2024 10:43:17.816Z;functions.movimentacao_bancaria;  LICENCAS EXCEDIDAS
04-06-2024 10:43:17.816Z;functions.movimentacao_bancaria;  TENTANDO NOVAMENTE - 29
04-06-2024 10:43:29.199Z;functions.waitForImage;  IMAGEM BORDERO image found.
04-06-2024 10:43:31.320Z;functions.movimentacao_bancaria;  IMAGEM BORDERO CLICADA.
04-06-2024 10:43:32.991Z;functions.waitForImage;  LICENCAS EXCEDIDAS image found.
04-06-2024 10:43:32.991Z;functions.movimentacao_bancaria;  LICENCAS EXCEDIDAS
04-06-2024 10:43:32.991Z;functions.movimentacao_bancaria;  TENTANDO NOVAMENTE - 30
04-06-2024 10:43:44.314Z;functions.waitForImage;  IMAGEM BORDERO image found.
04-06-2024 10:43:46.448Z;functions.movimentacao_bancaria;  IMAGEM BORDERO CLICADA.
04-06-2024 10:43:48.058Z;functions.waitForImage;  LICENCAS EXCEDIDAS image found.
04-06-2024 10:43:48.058Z;functions.movimentacao_bancaria;  LICENCAS EXCEDIDAS
04-06-2024 10:43:48.058Z;functions.movimentacao_bancaria;  TENTANDO NOVAMENTE - 31
04-06-2024 10:43:59.336Z;functions.waitForImage;  IMAGEM BORDERO image found.
04-06-2024 10:44:01.449Z;functions.movimentacao_bancaria;  IMAGEM BORDERO CLICADA.
04-06-2024 10:44:03.074Z;functions.waitForImage;  LICENCAS EXCEDIDAS image found.
04-06-2024 10:44:03.074Z;functions.movimentacao_bancaria;  LICENCAS EXCEDIDAS
04-06-2024 10:44:03.074Z;functions.movimentacao_bancaria;  TENTANDO NOVAMENTE - 32
04-06-2024 10:44:14.407Z;functions.waitForImage;  IMAGEM BORDERO image found.
04-06-2024 10:44:16.551Z;functions.movimentacao_bancaria;  IMAGEM BORDERO CLICADA.
04-06-2024 10:44:18.172Z;functions.waitForImage;  LICENCAS EXCEDIDAS image found.
04-06-2024 10:44:18.172Z;functions.movimentacao_bancaria;  LICENCAS EXCEDIDAS
04-06-2024 10:44:18.172Z;functions.movimentacao_bancaria;  TENTANDO NOVAMENTE - 33
04-06-2024 10:44:29.502Z;functions.waitForImage;  IMAGEM BORDERO image found.
04-06-2024 10:44:31.630Z;functions.movimentacao_bancaria;  IMAGEM BORDERO CLICADA.
04-06-2024 10:44:33.251Z;functions.waitForImage;  LICENCAS EXCEDIDAS image found.
04-06-2024 10:44:33.251Z;functions.movimentacao_bancaria;  LICENCAS EXCEDIDAS
04-06-2024 10:44:33.251Z;functions.movimentacao_bancaria;  TENTANDO NOVAMENTE - 34
04-06-2024 10:44:44.587Z;functions.waitForImage;  IMAGEM BORDERO image found.
04-06-2024 10:44:46.718Z;functions.movimentacao_bancaria;  IMAGEM BORDERO CLICADA.
04-06-2024 10:44:48.336Z;functions.waitForImage;  LICENCAS EXCEDIDAS image found.
04-06-2024 10:44:48.337Z;functions.movimentacao_bancaria;  LICENCAS EXCEDIDAS
04-06-2024 10:44:48.337Z;functions.movimentacao_bancaria;  TENTANDO NOVAMENTE - 35
04-06-2024 10:44:59.647Z;functions.waitForImage;  IMAGEM BORDERO image found.
04-06-2024 10:45:01.770Z;functions.movimentacao_bancaria;  IMAGEM BORDERO CLICADA.
04-06-2024 10:45:03.392Z;functions.waitForImage;  LICENCAS EXCEDIDAS image found.
04-06-2024 10:45:03.392Z;functions.movimentacao_bancaria;  LICENCAS EXCEDIDAS
04-06-2024 10:45:03.392Z;functions.movimentacao_bancaria;  TENTANDO NOVAMENTE - 36
04-06-2024 10:45:14.707Z;functions.waitForImage;  IMAGEM BORDERO image found.
04-06-2024 10:45:16.830Z;functions.movimentacao_bancaria;  IMAGEM BORDERO CLICADA.
04-06-2024 10:45:18.439Z;functions.waitForImage;  LICENCAS EXCEDIDAS image found.
04-06-2024 10:45:18.439Z;functions.movimentacao_bancaria;  LICENCAS EXCEDIDAS
04-06-2024 10:45:18.439Z;functions.movimentacao_bancaria;  TENTANDO NOVAMENTE - 37
04-06-2024 10:45:29.778Z;functions.waitForImage;  IMAGEM BORDERO image found.
04-06-2024 10:45:31.903Z;functions.movimentacao_bancaria;  IMAGEM BORDERO CLICADA.
04-06-2024 10:45:33.564Z;functions.waitForImage;  LICENCAS EXCEDIDAS image found.
04-06-2024 10:45:33.564Z;functions.movimentacao_bancaria;  LICENCAS EXCEDIDAS
04-06-2024 10:45:33.564Z;functions.movimentacao_bancaria;  TENTANDO NOVAMENTE - 38
04-06-2024 10:45:44.879Z;functions.waitForImage;  IMAGEM BORDERO image found.
04-06-2024 10:45:47.003Z;functions.movimentacao_bancaria;  IMAGEM BORDERO CLICADA.
04-06-2024 10:45:48.656Z;functions.waitForImage;  LICENCAS EXCEDIDAS image found.
04-06-2024 10:45:48.657Z;functions.movimentacao_bancaria;  LICENCAS EXCEDIDAS
04-06-2024 10:45:48.658Z;functions.movimentacao_bancaria;  TENTANDO NOVAMENTE - 39
04-06-2024 10:46:00.021Z;functions.waitForImage;  IMAGEM BORDERO image found.
04-06-2024 10:46:02.148Z;functions.movimentacao_bancaria;  IMAGEM BORDERO CLICADA.
04-06-2024 10:46:03.764Z;functions.waitForImage;  LICENCAS EXCEDIDAS image found.
04-06-2024 10:46:03.765Z;functions.movimentacao_bancaria;  LICENCAS EXCEDIDAS
04-06-2024 10:46:03.765Z;functions.movimentacao_bancaria;  TENTANDO NOVAMENTE - 40
04-06-2024 10:46:15.071Z;functions.waitForImage;  IMAGEM BORDERO image found.
04-06-2024 10:46:17.192Z;functions.movimentacao_bancaria;  IMAGEM BORDERO CLICADA.
04-06-2024 10:46:18.834Z;functions.waitForImage;  LICENCAS EXCEDIDAS image found.
04-06-2024 10:46:18.834Z;functions.movimentacao_bancaria;  LICENCAS EXCEDIDAS
04-06-2024 10:46:18.834Z;functions.movimentacao_bancaria;  TENTANDO NOVAMENTE - 41
04-06-2024 10:46:30.130Z;functions.waitForImage;  IMAGEM BORDERO image found.
04-06-2024 10:46:32.265Z;functions.movimentacao_bancaria;  IMAGEM BORDERO CLICADA.
04-06-2024 10:46:33.879Z;functions.waitForImage;  LICENCAS EXCEDIDAS image found.
04-06-2024 10:46:33.880Z;functions.movimentacao_bancaria;  LICENCAS EXCEDIDAS
04-06-2024 10:46:33.880Z;functions.movimentacao_bancaria;  TENTANDO NOVAMENTE - 42
04-06-2024 10:46:45.188Z;functions.waitForImage;  IMAGEM BORDERO image found.
04-06-2024 10:46:47.312Z;functions.movimentacao_bancaria;  IMAGEM BORDERO CLICADA.
04-06-2024 10:46:49.002Z;functions.waitForImage;  LICENCAS EXCEDIDAS image found.
04-06-2024 10:46:49.003Z;functions.movimentacao_bancaria;  LICENCAS EXCEDIDAS
04-06-2024 10:46:49.003Z;functions.movimentacao_bancaria;  TENTANDO NOVAMENTE - 43
04-06-2024 10:47:00.328Z;functions.waitForImage;  IMAGEM BORDERO image found.
04-06-2024 10:47:02.448Z;functions.movimentacao_bancaria;  IMAGEM BORDERO CLICADA.
04-06-2024 10:47:04.045Z;functions.waitForImage;  LICENCAS EXCEDIDAS image found.
04-06-2024 10:47:04.045Z;functions.movimentacao_bancaria;  LICENCAS EXCEDIDAS
04-06-2024 10:47:04.045Z;functions.movimentacao_bancaria;  TENTANDO NOVAMENTE - 44
04-06-2024 10:47:15.360Z;functions.waitForImage;  IMAGEM BORDERO image found.
04-06-2024 10:47:17.492Z;functions.movimentacao_bancaria;  IMAGEM BORDERO CLICADA.
04-06-2024 10:47:19.097Z;functions.waitForImage;  LICENCAS EXCEDIDAS image found.
04-06-2024 10:47:19.097Z;functions.movimentacao_bancaria;  LICENCAS EXCEDIDAS
04-06-2024 10:47:19.097Z;functions.movimentacao_bancaria;  TENTANDO NOVAMENTE - 45
04-06-2024 10:47:30.408Z;functions.waitForImage;  IMAGEM BORDERO image found.
04-06-2024 10:47:32.536Z;functions.movimentacao_bancaria;  IMAGEM BORDERO CLICADA.
04-06-2024 10:47:34.168Z;functions.waitForImage;  LICENCAS EXCEDIDAS image found.
04-06-2024 10:47:34.170Z;functions.movimentacao_bancaria;  LICENCAS EXCEDIDAS
04-06-2024 10:47:34.170Z;functions.movimentacao_bancaria;  TENTANDO NOVAMENTE - 46
04-06-2024 10:47:45.469Z;functions.waitForImage;  IMAGEM BORDERO image found.
04-06-2024 10:47:47.602Z;functions.movimentacao_bancaria;  IMAGEM BORDERO CLICADA.
04-06-2024 10:47:49.233Z;functions.waitForImage;  LICENCAS EXCEDIDAS image found.
04-06-2024 10:47:49.233Z;functions.movimentacao_bancaria;  LICENCAS EXCEDIDAS
04-06-2024 10:47:49.233Z;functions.movimentacao_bancaria;  TENTANDO NOVAMENTE - 47
04-06-2024 10:48:00.579Z;functions.waitForImage;  IMAGEM BORDERO image found.
04-06-2024 10:48:02.707Z;functions.movimentacao_bancaria;  IMAGEM BORDERO CLICADA.
04-06-2024 10:48:04.360Z;functions.waitForImage;  LICENCAS EXCEDIDAS image found.
04-06-2024 10:48:04.360Z;functions.movimentacao_bancaria;  LICENCAS EXCEDIDAS
04-06-2024 10:48:04.360Z;functions.movimentacao_bancaria;  TENTANDO NOVAMENTE - 48
04-06-2024 10:48:15.680Z;functions.waitForImage;  IMAGEM BORDERO image found.
04-06-2024 10:48:17.800Z;functions.movimentacao_bancaria;  IMAGEM BORDERO CLICADA.
04-06-2024 10:48:19.422Z;functions.waitForImage;  LICENCAS EXCEDIDAS image found.
04-06-2024 10:48:19.422Z;functions.movimentacao_bancaria;  LICENCAS EXCEDIDAS
04-06-2024 10:48:19.422Z;functions.movimentacao_bancaria;  TENTANDO NOVAMENTE - 49
04-06-2024 10:48:30.743Z;functions.waitForImage;  IMAGEM BORDERO image found.
04-06-2024 10:48:32.867Z;functions.movimentacao_bancaria;  IMAGEM BORDERO CLICADA.
04-06-2024 10:48:34.563Z;functions.waitForImage;  LICENCAS EXCEDIDAS image found.
04-06-2024 10:48:34.563Z;functions.movimentacao_bancaria;  LICENCAS EXCEDIDAS
04-06-2024 10:48:34.563Z;functions.movimentacao_bancaria;  TENTANDO NOVAMENTE - 50
04-06-2024 10:48:45.888Z;functions.waitForImage;  IMAGEM BORDERO image found.
04-06-2024 10:48:48.013Z;functions.movimentacao_bancaria;  IMAGEM BORDERO CLICADA.
04-06-2024 10:48:49.634Z;functions.waitForImage;  LICENCAS EXCEDIDAS image found.
04-06-2024 10:48:49.634Z;functions.movimentacao_bancaria;  LICENCAS EXCEDIDAS
04-06-2024 10:48:49.634Z;functions.movimentacao_bancaria;  TENTANDO NOVAMENTE - 51
04-06-2024 10:48:50.747Z;functions.movimentacao_bancaria;  ENVIANDO EMAIL DE ERRO
04-06-2024 10:48:54.097Z;errorhandler.__handle;  Property: Unknown Property name. [1:203: -ms-interpolation-mode]
04-06-2024 10:48:54.141Z;errorhandler.__handle;  Property: Unknown Property name. [1:353: -webkit-font-smoothing]
04-06-2024 10:48:54.154Z;errorhandler.__handle;  Property: Unknown Property name. [1:483: -ms-text-size-adjust]
04-06-2024 10:48:54.154Z;errorhandler.__handle;  Property: Unknown Property name. [1:518: -webkit-text-size-adjust]
04-06-2024 10:48:54.157Z;errorhandler.__handle;  Property: Unknown Property name. [1:612: mso-table-lspace]
04-06-2024 10:48:54.159Z;errorhandler.__handle;  Property: Unknown Property name. [1:642: mso-table-rspace]
04-06-2024 10:48:54.391Z;errorhandler.__handle;  Property: Unknown Property name. [1:4734: mso-hide]
04-06-2024 10:48:54.500Z;errorhandler.__handle;  Property: Unknown Property name. [1:13: -ms-interpolation-mode]
04-06-2024 10:48:54.500Z;errorhandler.__handle;  Property: Unknown Property name. [1:49: -webkit-font-smoothing]
04-06-2024 10:48:54.500Z;errorhandler.__handle;  Property: Unknown Property name. [1:134: -ms-text-size-adjust]
04-06-2024 10:48:54.500Z;errorhandler.__handle;  Property: Unknown Property name. [1:160: -webkit-text-size-adjust]
04-06-2024 10:48:54.516Z;errorhandler.__handle;  Property: Unknown Property name. [1:26: mso-table-lspace]
04-06-2024 10:48:54.516Z;errorhandler.__handle;  Property: Unknown Property name. [1:45: mso-table-rspace]
04-06-2024 10:48:54.547Z;errorhandler.__handle;  Property: Unknown Property name. [1:92: mso-hide]
04-06-2024 10:48:54.563Z;errorhandler.__handle;  Property: No ":" after name found: align-center [1:1: align-center]
04-06-2024 10:48:54.563Z;errorhandler.__handle;  Property: No property value found: align-center [1:1: align-center]
04-06-2024 10:48:54.563Z;errorhandler.__handle;  CSSStyleDeclaration: Syntax Error in Property: align-center
04-06-2024 10:48:54.563Z;errorhandler.__handle;  Property: Unknown Property name. [1:14: -ms-interpolation-mode]
04-06-2024 10:48:57.454Z;functions.emailErro;  Success e-mail sent.
04-06-2024 10:48:57.977Z;functions.encerra_prog;  RM ENCERRADO
