04-06-2024 18:20:55.126Z;functions.bot_text_art;      ____   
04-06-2024 18:20:55.126Z;functions.bot_text_art;     [____]    
04-06-2024 18:20:55.126Z;functions.bot_text_art;   |=]()()[=|  
04-06-2024 18:20:55.126Z;functions.bot_text_art;     _\==/__    _____    ____     _        _____    ___   _  __
04-06-2024 18:20:55.126Z;functions.bot_text_art;   |__|   |_|  |  _  \  / ___|   | |      |_   _| / ___| | |/ /
04-06-2024 18:20:55.126Z;functions.bot_text_art;   |_|_/\_|_|  | |  | | | |      | |        | |   | |    | ' / 
04-06-2024 18:20:55.126Z;functions.bot_text_art;   | | __ | |  | |  | | | |      | |        | |   | |    |  <  
04-06-2024 18:20:55.126Z;functions.bot_text_art;   |_|[  ]|_|  | |__| | | |____  | |____   _| |_  | |__  | . \ 
04-06-2024 18:20:55.142Z;functions.bot_text_art;   \_|_||_|_/  |_____/   \_____| |______| |_____| \ ___| |_|\_\
04-06-2024 18:20:55.142Z;functions.bot_text_art;     |_||_|                                                     
04-06-2024 18:20:55.142Z;functions.bot_text_art;     | ||_|_   
04-06-2024 18:20:55.142Z;functions.bot_text_art;   |___||___|  
04-06-2024 18:20:55.142Z;functions.bot_text_art;               
04-06-2024 18:20:55.142Z;functions.open_RM;  OPEN PROGRAM RM
04-06-2024 18:21:09.672Z;functions.loggin_RM;  ENTRAR USER_NAME
04-06-2024 18:21:13.833Z;functions.loggin_RM;  ENTRAR PASSWORD
04-06-2024 18:21:15.751Z;functions.loggin_RM;  ENTRAR RM
04-06-2024 18:21:45.188Z;functions.enter_coligada;  CLICK CONTEXTO
04-06-2024 18:21:50.547Z;functions.enter_coligada;  CLICK ALTERAR MODULO DO CONTEXTO
04-06-2024 18:21:55.247Z;functions.enter_coligada;  INSERE O COLIGADA CODE = 1
04-06-2024 18:21:55.377Z;functions.enter_coligada;  APERTA TAB PARA PREENCHER O CAMPO COM A STRING: OCEANICA ENGENHARIA E CONSULTORIA S.A.
04-06-2024 18:21:56.814Z;functions.enter_coligada;  CLICK AVANÇAR NOVAMENTE
04-06-2024 18:21:58.313Z;functions.enter_coligada;  CLICK CONCLUIR
04-06-2024 18:22:32.168Z;functions.enter_coligada;  POP UP COLIGADA DESAPARECER
04-06-2024 18:22:33.297Z;functions.check_movimentacao_bancaria;  CLICK - TOTVS - LINHA RM
04-06-2024 18:22:35.171Z;functions.check_movimentacao_bancaria;  CLICK - BACK OFFICE
04-06-2024 18:22:36.188Z;functions.check_movimentacao_bancaria;  CLICK - GESTAO FINANCEIRA
04-06-2024 18:22:43.158Z;functions.movimentacao_bancaria;  CLICK NA ABA MOVIMENTAÇÃO BANCARIA
04-06-2024 18:22:45.396Z;functions.waitForImage;  IMAGEM BORDERO image found.
04-06-2024 18:22:47.516Z;functions.movimentacao_bancaria;  IMAGEM BORDERO CLICADA.
04-06-2024 18:22:58.139Z;functions.waitForImage;  LICENCAS EXCEDIDAS image not found.
04-06-2024 18:22:58.985Z;functions.movimentacao_bancaria;  ENCONTROU O FILTRO DA MOVIMENTAÇÃO BANCÁRIA
04-06-2024 18:22:59.047Z;functions.movimentacao_bancaria;  CLICA NA ABA SUPERIOR DO FILTRO
04-06-2024 18:23:03.257Z;functions.movimentacao_bancaria;  SELECIONA O FILTRO HOJE
04-06-2024 18:23:06.370Z;functions.waitForImage;  FILTER CLEAN image found.
04-06-2024 18:23:08.495Z;functions.filter_clean;  CLICK NO BOTÃO X DO LIMPA FILTRO
04-06-2024 18:23:08.689Z;functions.waitForImage;  FILTER CLEAN image found.
04-06-2024 18:23:10.819Z;functions.filter_clean;  CLICK NO BOTÃO X DO LIMPA FILTRO
04-06-2024 18:23:26.295Z;functions.waitForImage;  FILTER CLEAN image not found.
04-06-2024 18:23:30.487Z;functions.movimentacao_bancaria;  CLICK NA PRIMEIRA LINHA DA TABELA MOVIMENTAÇÃO BANCÁRIA
04-06-2024 18:23:31.712Z;functions.movimentacao_bancaria;  12 PASSOS PARA DIREITA NA TABELA >>
04-06-2024 18:23:34.343Z;functions.movimentacao_bancaria;  HOVER FILTER
04-06-2024 18:23:35.009Z;functions.movimentacao_bancaria;  CLICK FILTER
04-06-2024 18:23:39.339Z;functions.movimentacao_bancaria;  CLICK NO FILTRO  STATUS DA REMESSA
04-06-2024 18:23:41.442Z;functions.movimentacao_bancaria;  APERTA TAB PARA ESCREVER O FILTRO
04-06-2024 18:23:43.558Z;functions.movimentacao_bancaria;  ESCREVE PENDENTE NO FILTRO
04-06-2024 18:23:45.662Z;functions.movimentacao_bancaria;  APERTA ENTER PARA SELECIONAR OS PENDENTES
04-06-2024 18:24:04.328Z;functions.movimentacao_bancaria;  SEM PROCESSAMENTO DE BORDERO PENDENTE.
04-06-2024 18:24:09.527Z;functions.waitForImage;  FILTER CLEAN image found.
04-06-2024 18:24:11.651Z;functions.filter_clean;  CLICK NO BOTÃO X DO LIMPA FILTRO
04-06-2024 18:24:27.112Z;functions.waitForImage;  FILTER CLEAN image not found.
04-06-2024 18:24:42.641Z;functions.waitForImage;  FILTER CLEAN image not found.
04-06-2024 18:24:44.953Z;functions.remessa_pagamento;  CLICK NA PRIMEIRA LINHA DA TABELA MOVIMENTAÇÃO BANCÁRIA
04-06-2024 18:24:47.563Z;functions.remessa_pagamento;  HOVER FILTER
04-06-2024 18:24:48.225Z;functions.remessa_pagamento;  CLICK FILTER
04-06-2024 18:24:52.557Z;functions.remessa_pagamento;  CLICK NO FILTRO  STATUS DA REMESSA
04-06-2024 18:24:54.660Z;functions.remessa_pagamento;  APERTA TAB PARA ESCREVER O FILTRO
04-06-2024 18:24:56.777Z;functions.remessa_pagamento;  ESCREVE AUTORIZADO NO FILTRO
04-06-2024 18:24:58.879Z;functions.remessa_pagamento;  APERTA ENTER PARA SELECIONAR OS AUTORIZADO
04-06-2024 18:25:17.484Z;functions.remessa_pagamento;  SEM REMESSA DE BORDERO AUTORIZADO
04-06-2024 18:25:18.625Z;functions.enter_contas_a_pagar;  CLICK - TOTVS - LINHA RM
04-06-2024 18:25:20.234Z;functions.enter_contas_a_pagar;  CLICK - BACK OFFICE
04-06-2024 18:25:21.250Z;functions.enter_contas_a_pagar;  CLICK - GESTAO FINANCEIRA
04-06-2024 18:25:27.519Z;functions.enter_contas_a_pagar;  CLICK - CONTAS A PAGAR
04-06-2024 18:25:27.748Z;functions.waitForImage;  LANÇAMENTOS image found.
04-06-2024 18:25:29.875Z;functions.enter_contas_a_pagar;  CLICA EM LANÇAMENTOS
04-06-2024 18:25:44.935Z;functions.waitForImage;  LICENCAS EXCEDIDAS image not found.
04-06-2024 18:25:44.935Z;functions.obter_intervalo_data;  VERIFICANDO A HORA ATUAL 18
04-06-2024 18:25:44.951Z;functions.obter_intervalo_data;  Data Inicial FERIAS/RESCISAO antes da remoção: None
04-06-2024 18:25:44.951Z;functions.obter_intervalo_data;  Data Final FERIAS/RESCISAO antes da remoção: None
04-06-2024 18:25:44.951Z;functions.obter_intervalo_data;  Data Inicial FERIAS/RESCISAO após a remoção: None
04-06-2024 18:25:44.951Z;functions.obter_intervalo_data;  Data Final FERIAS/RESCISAO após a remoção: None
04-06-2024 18:25:44.951Z;functions.obter_intervalo_data;  hoje -  2024-06-04 18:25:44.951098
04-06-2024 18:25:44.951Z;functions.data_filter;  DATA INICIO 12-06-2024
04-06-2024 18:25:44.951Z;functions.data_filter;  DATA FIM 18-06-2024
04-06-2024 18:25:44.951Z;functions.data_filter;  CLICK - SELECIONA A DATA DE QUARTA FEIRA E DA PROXIMA TERÇA
04-06-2024 18:25:44.951Z;functions.data_filter;  QUARTA-FEIRA: 12-06-2024
04-06-2024 18:25:44.966Z;functions.data_filter;  TERCA-FEIRA: 18-06-2024
04-06-2024 18:25:59.047Z;functions.data_filter;  CLICK - BUTÃO DE SELECAO DE FILTRO
04-06-2024 18:26:03.874Z;functions.data_filter;  INSERE - DATA DE QUARTA-FEIRA: 12-06-2024
04-06-2024 18:26:08.564Z;functions.data_filter;  INSERE - DATA DA PROX TERCA-FEIRA: 18-06-2024
04-06-2024 18:26:09.875Z;functions.data_filter;  CLICK - BUTÃO DE EXECUTAR O FILTRO
04-06-2024 18:26:24.140Z;functions.desmark_filter;  CLICK CHECKBOX LANÇAMENTOS A RECEBER
04-06-2024 18:26:26.843Z;functions.desmark_filter;  CLICK CHECKBOX LANÇAMENTOS BAIXADOS
04-06-2024 18:26:29.518Z;functions.desmark_filter;  CLICK CHECKBOX LANÇAMENTOS CANCELADOS
04-06-2024 18:26:32.922Z;functions.desmark_filter;  CLICK CHECKBOX LANÇAMENTOS FATURADOS
04-06-2024 18:26:36.234Z;functions.desmark_filter;  ATUALIZA O FILTRO
04-06-2024 18:26:36.447Z;functions.waitForImage;  FILTER CLEAN image found.
04-06-2024 18:26:38.561Z;functions.filter_clean;  CLICK NO BOTÃO X DO LIMPA FILTRO
04-06-2024 18:26:54.096Z;functions.waitForImage;  FILTER CLEAN image not found.
04-06-2024 18:27:09.594Z;functions.waitForImage;  FILTER CLEAN image not found.
04-06-2024 18:27:13.389Z;functions.tabela_vazia;  Texto extraido 1/27
04-06-2024 18:27:13.390Z;functions.tabela_vazia;  Count 27
04-06-2024 18:27:13.390Z;functions.tabela_vazia;  Type <class 'int'>
04-06-2024 18:27:13.390Z;functions.tabela_vazia;  TABELA CONTÉM REGISTROS
04-06-2024 18:27:15.094Z;functions.desbloqueio;  SELECIONA TODAS AS TUPLAS
04-06-2024 18:27:20.202Z;functions.desbloqueio;  CONTROL P PARA SELECIONAR PROCESSO
04-06-2024 18:27:25.422Z;functions.desbloqueio;  7 SETAS PARA BAIXO - MANUTENÇÃO DE LANÇAMENTO
04-06-2024 18:27:27.525Z;functions.desbloqueio;  SETA PARA DIREITA
04-06-2024 18:27:34.966Z;functions.desbloqueio;  9 SETAS PARA BAIXO
04-06-2024 18:27:37.084Z;functions.desbloqueio;  ENTER PARA SELECIONAR DESBLOQUEIO ALTERAÇÃO
04-06-2024 18:28:39.496Z;functions.exec_lancamentos;  CONTROL G
04-06-2024 18:29:37.192Z;functions.show_exception_and_exit;  'NoneType' object has no attribute 'click'
Traceback (most recent call last):
  File "C:\Projetos_Remessas\Remessa_Ferias_Rescisao\main.py", line 29, in <module>
    process_lancamentos()
  File "C:\Projetos_Remessas\Remessa_Ferias_Rescisao\SUBPROGRAMS\functions.py", line 525, in process_lancamentos
    exec_lancamentos()
  File "C:\Projetos_Remessas\Remessa_Ferias_Rescisao\SUBPROGRAMS\functions.py", line 495, in exec_lancamentos
    click_combo.click()
    ^^^^^^^^^^^^^^^^^
AttributeError: 'NoneType' object has no attribute 'click'
04-06-2024 18:29:37.442Z;functions.show_exception_and_exit;  PRINT SALVO
04-06-2024 18:29:37.983Z;functions.show_exception_and_exit;  RM FECHADO
04-06-2024 18:29:40.509Z;errorhandler.__handle;  Property: Unknown Property name. [1:203: -ms-interpolation-mode]
04-06-2024 18:29:40.531Z;errorhandler.__handle;  Property: Unknown Property name. [1:353: -webkit-font-smoothing]
04-06-2024 18:29:40.547Z;errorhandler.__handle;  Property: Unknown Property name. [1:483: -ms-text-size-adjust]
04-06-2024 18:29:40.547Z;errorhandler.__handle;  Property: Unknown Property name. [1:518: -webkit-text-size-adjust]
04-06-2024 18:29:40.547Z;errorhandler.__handle;  Property: Unknown Property name. [1:612: mso-table-lspace]
04-06-2024 18:29:40.547Z;errorhandler.__handle;  Property: Unknown Property name. [1:642: mso-table-rspace]
04-06-2024 18:29:40.750Z;errorhandler.__handle;  Property: Unknown Property name. [1:4734: mso-hide]
04-06-2024 18:29:40.828Z;errorhandler.__handle;  Property: Unknown Property name. [1:13: -ms-interpolation-mode]
04-06-2024 18:29:40.843Z;errorhandler.__handle;  Property: Unknown Property name. [1:49: -webkit-font-smoothing]
04-06-2024 18:29:40.843Z;errorhandler.__handle;  Property: Unknown Property name. [1:134: -ms-text-size-adjust]
04-06-2024 18:29:40.843Z;errorhandler.__handle;  Property: Unknown Property name. [1:160: -webkit-text-size-adjust]
04-06-2024 18:29:40.843Z;errorhandler.__handle;  Property: Unknown Property name. [1:26: mso-table-lspace]
04-06-2024 18:29:40.843Z;errorhandler.__handle;  Property: Unknown Property name. [1:45: mso-table-rspace]
04-06-2024 18:29:40.890Z;errorhandler.__handle;  Property: Unknown Property name. [1:92: mso-hide]
04-06-2024 18:29:40.890Z;errorhandler.__handle;  Property: No ":" after name found: align-center [1:1: align-center]
04-06-2024 18:29:40.890Z;errorhandler.__handle;  Property: No property value found: align-center [1:1: align-center]
04-06-2024 18:29:40.890Z;errorhandler.__handle;  CSSStyleDeclaration: Syntax Error in Property: align-center
04-06-2024 18:29:40.906Z;errorhandler.__handle;  Property: Unknown Property name. [1:14: -ms-interpolation-mode]
04-06-2024 18:29:45.171Z;functions.show_exception_and_exit;  EMAIL EXCEÇÃO ENVIADO
04-06-2024 18:29:45.171Z;functions.show_exception_and_exit;  ERRO - <class 'AttributeError'> / 'NoneType' object has no attribute 'click'
