07-08-2024 06:16:51.276Z;functions.bot_text_art;      ____   
07-08-2024 06:16:51.276Z;functions.bot_text_art;     [____]    
07-08-2024 06:16:51.276Z;functions.bot_text_art;   |=]()()[=|  
07-08-2024 06:16:51.276Z;functions.bot_text_art;     _\==/__    _____    ____     _        _____    ___   _  __
07-08-2024 06:16:51.276Z;functions.bot_text_art;   |__|   |_|  |  _  \  / ___|   | |      |_   _| / ___| | |/ /
07-08-2024 06:16:51.276Z;functions.bot_text_art;   |_|_/\_|_|  | |  | | | |      | |        | |   | |    | ' / 
07-08-2024 06:16:51.276Z;functions.bot_text_art;   | | __ | |  | |  | | | |      | |        | |   | |    |  <  
07-08-2024 06:16:51.276Z;functions.bot_text_art;   |_|[  ]|_|  | |__| | | |____  | |____   _| |_  | |__  | . \ 
07-08-2024 06:16:51.276Z;functions.bot_text_art;   \_|_||_|_/  |_____/   \_____| |______| |_____| \ ___| |_|\_\
07-08-2024 06:16:51.276Z;functions.bot_text_art;     |_||_|                                                     
07-08-2024 06:16:51.276Z;functions.bot_text_art;     | ||_|_   
07-08-2024 06:16:51.276Z;functions.bot_text_art;   |___||___|  
07-08-2024 06:16:51.276Z;functions.bot_text_art;               
07-08-2024 06:16:51.276Z;functions.open_RM;  OPEN PROGRAM RM
07-08-2024 06:17:02.667Z;functions.loggin_RM;  ENTRAR USER_NAME
07-08-2024 06:17:05.730Z;functions.loggin_RM;  ENTRAR PASSWORD
07-08-2024 06:17:06.651Z;functions.loggin_RM;  ENTRAR RM
07-08-2024 06:20:16.933Z;functions.enter_coligada;  AGUARDANDO 1
07-08-2024 06:20:17.964Z;functions.enter_coligada;  CLICK CONTEXTO
07-08-2024 06:20:19.683Z;functions.enter_coligada;  CLICK ALTERAR MODULO DO CONTEXTO
07-08-2024 06:20:21.870Z;functions.enter_coligada;  INSERE O COLIGADA CODE = 1
07-08-2024 06:20:21.980Z;functions.enter_coligada;  APERTA TAB PARA PREENCHER O CAMPO COM A STRING: OCEANICA ENGENHARIA E CONSULTORIA S.A.
07-08-2024 06:20:23.183Z;functions.enter_coligada;  CLICK AVANÇAR NOVAMENTE
07-08-2024 06:20:24.120Z;functions.enter_coligada;  CLICK CONCLUIR
07-08-2024 06:20:44.511Z;functions.waitForImage;  TROCA COLIGADA image not found.
07-08-2024 06:20:53.514Z;functions.enter_coligada;  POP UP COLIGADA DESAPARECER
07-08-2024 06:20:54.246Z;functions.check_movimentacao_bancaria;  CLICK - TOTVS - LINHA RM
07-08-2024 06:20:55.370Z;functions.check_movimentacao_bancaria;  CLICK - BACK OFFICE
07-08-2024 06:20:57.745Z;functions.check_movimentacao_bancaria;  CLICK - GESTAO FINANCEIRA
07-08-2024 06:20:57.745Z;functions.obter_intervalo_data;  VERIFICANDO A HORA ATUAL 6
07-08-2024 06:20:57.755Z;functions.obter_intervalo_data;  Data Inicial FERIAS/RESCISAO antes da remoção: None
07-08-2024 06:20:57.755Z;functions.obter_intervalo_data;  Data Final FERIAS/RESCISAO antes da remoção: None
07-08-2024 06:20:57.758Z;functions.obter_intervalo_data;  Data Inicial FERIAS/RESCISAO após a remoção: None
07-08-2024 06:20:57.758Z;functions.obter_intervalo_data;  Data Final FERIAS/RESCISAO após a remoção: None
07-08-2024 06:20:57.758Z;functions.obter_intervalo_data;  hoje -  2024-08-07 06:20:57.758966
07-08-2024 06:20:57.758Z;functions.check_movimentacao_bancaria;  DATA INICIO 14-08-2024
07-08-2024 06:20:57.759Z;functions.check_movimentacao_bancaria;  DATA FIM 20-08-2024
07-08-2024 06:20:57.759Z;functions.movimentacao_bancaria;  AGUARDANDO 1
07-08-2024 06:21:02.339Z;functions.movimentacao_bancaria;  CLICK NA ABA MOVIMENTAÇÃO BANCARIA
07-08-2024 06:21:04.432Z;functions.waitForImage;  IMAGEM BORDERO image found.
07-08-2024 06:21:06.566Z;functions.movimentacao_bancaria;  IMAGEM BORDERO CLICADA.
07-08-2024 06:21:17.011Z;functions.waitForImage;  LICENCAS EXCEDIDAS image not found.
07-08-2024 06:21:17.605Z;functions.movimentacao_bancaria;  ENCONTROU O FILTRO DA MOVIMENTAÇÃO BANCÁRIA
07-08-2024 06:21:17.651Z;functions.movimentacao_bancaria;  CLICA NA ABA SUPERIOR DO FILTRO
07-08-2024 06:21:21.856Z;functions.movimentacao_bancaria;  SELECIONA O FILTRO HOJE
07-08-2024 06:21:24.199Z;functions.waitForImage;  FILTER CLEAN image found.
07-08-2024 06:21:26.315Z;functions.filter_clean;  CLICK NO BOTÃO X DO LIMPA FILTRO
07-08-2024 06:21:41.574Z;functions.waitForImage;  FILTER CLEAN image not found.
07-08-2024 06:21:56.823Z;functions.waitForImage;  FILTER CLEAN image not found.
07-08-2024 06:21:59.808Z;functions.movimentacao_bancaria;  CLICK NA PRIMEIRA LINHA DA TABELA MOVIMENTAÇÃO BANCÁRIA
07-08-2024 06:22:01.033Z;functions.movimentacao_bancaria;  12 PASSOS PARA DIREITA NA TABELA >>
07-08-2024 06:22:02.527Z;functions.movimentacao_bancaria;  HOVER FILTER
07-08-2024 06:22:02.894Z;functions.movimentacao_bancaria;  CLICK FILTER
07-08-2024 06:22:07.204Z;functions.movimentacao_bancaria;  CLICK NO FILTRO  STATUS DA REMESSA
07-08-2024 06:22:09.306Z;functions.movimentacao_bancaria;  APERTA TAB PARA ESCREVER O FILTRO
07-08-2024 06:22:11.412Z;functions.movimentacao_bancaria;  ESCREVE PENDENTE NO FILTRO
07-08-2024 06:22:13.513Z;functions.movimentacao_bancaria;  APERTA ENTER PARA SELECIONAR OS PENDENTES
07-08-2024 06:22:32.323Z;functions.movimentacao_bancaria;  SEM PROCESSAMENTO DE BORDERO PENDENTE.
07-08-2024 06:22:37.386Z;functions.waitForImage;  FILTER CLEAN image found.
07-08-2024 06:22:39.503Z;functions.filter_clean;  CLICK NO BOTÃO X DO LIMPA FILTRO
07-08-2024 06:22:54.761Z;functions.waitForImage;  FILTER CLEAN image not found.
07-08-2024 06:23:10.074Z;functions.waitForImage;  FILTER CLEAN image not found.
07-08-2024 06:23:11.089Z;functions.remessa_pagamento;  CLICK NA PRIMEIRA LINHA DA TABELA MOVIMENTAÇÃO BANCÁRIA
07-08-2024 06:23:12.542Z;functions.remessa_pagamento;  HOVER FILTER
07-08-2024 06:23:12.905Z;functions.remessa_pagamento;  CLICK FILTER
07-08-2024 06:23:17.219Z;functions.remessa_pagamento;  CLICK NO FILTRO  STATUS DA REMESSA
07-08-2024 06:23:19.320Z;functions.remessa_pagamento;  APERTA TAB PARA ESCREVER O FILTRO
07-08-2024 06:23:21.426Z;functions.remessa_pagamento;  ESCREVE AUTORIZADO NO FILTRO
07-08-2024 06:23:23.528Z;functions.remessa_pagamento;  APERTA ENTER PARA SELECIONAR OS AUTORIZADO
07-08-2024 06:23:42.323Z;functions.remessa_pagamento;  SEM REMESSA DE BORDERO AUTORIZADO
07-08-2024 06:23:43.058Z;functions.enter_contas_a_pagar;  CLICK - TOTVS - LINHA RM
07-08-2024 06:23:44.058Z;functions.enter_contas_a_pagar;  CLICK - BACK OFFICE
07-08-2024 06:23:44.808Z;functions.enter_contas_a_pagar;  CLICK - GESTAO FINANCEIRA
07-08-2024 06:23:49.652Z;functions.enter_contas_a_pagar;  CLICK - CONTAS A PAGAR
07-08-2024 06:23:49.730Z;functions.waitForImage;  LANÇAMENTOS image found.
07-08-2024 06:23:51.847Z;functions.enter_contas_a_pagar;  CLICA EM LANÇAMENTOS
07-08-2024 06:24:07.198Z;functions.waitForImage;  LICENCAS EXCEDIDAS image not found.
07-08-2024 06:24:07.198Z;functions.data_filter;  CLICK - SELECIONA A DATA DE QUARTA FEIRA E DA PROXIMA TERÇA
07-08-2024 06:24:07.198Z;functions.data_filter;  QUARTA-FEIRA: 14-08-2024
07-08-2024 06:24:07.198Z;functions.data_filter;  TERCA-FEIRA: 20-08-2024
07-08-2024 06:24:27.068Z;functions.data_filter;  FILTRO - REMESSA FERIAS/RESCISAO
07-08-2024 06:24:27.808Z;functions.data_filter;  CLICK - BUTÃO DE SELECAO DE FILTRO
07-08-2024 06:24:31.761Z;functions.data_filter;  INSERE - DATA DE QUARTA-FEIRA: 14-08-2024
07-08-2024 06:24:35.495Z;functions.data_filter;  INSERE - DATA DA PROX TERCA-FEIRA: 20-08-2024
07-08-2024 06:24:36.277Z;functions.data_filter;  CLICK - BUTÃO DE EXECUTAR O FILTRO
07-08-2024 06:24:41.279Z;functions.desmark_filter;  AGUARDANDO 1
07-08-2024 06:24:42.464Z;functions.desmark_filter;  CLICK CHECKBOX LANÇAMENTOS A RECEBER
07-08-2024 06:24:43.637Z;functions.desmark_filter;  CLICK CHECKBOX LANÇAMENTOS BAIXADOS
07-08-2024 06:24:44.985Z;functions.desmark_filter;  CLICK CHECKBOX LANÇAMENTOS CANCELADOS
07-08-2024 06:24:46.402Z;functions.desmark_filter;  CLICK CHECKBOX LANÇAMENTOS FATURADOS
07-08-2024 06:24:47.652Z;functions.desmark_filter;  ATUALIZA O FILTRO
07-08-2024 06:24:47.730Z;functions.waitForImage;  FILTER CLEAN image found.
07-08-2024 06:24:49.841Z;functions.filter_clean;  CLICK NO BOTÃO X DO LIMPA FILTRO
07-08-2024 06:25:05.105Z;functions.waitForImage;  FILTER CLEAN image not found.
07-08-2024 06:25:20.355Z;functions.waitForImage;  FILTER CLEAN image not found.
07-08-2024 06:25:21.861Z;functions.tabela_vazia;  Texto extraido 0/0
07-08-2024 06:25:21.861Z;functions.tabela_vazia;  Count 0
07-08-2024 06:25:21.861Z;functions.tabela_vazia;  Type <class 'int'>
07-08-2024 06:25:23.876Z;functions.tabela_vazia;  SEM REMESSA DE FÉRIAS/RESCISÃO
07-08-2024 06:25:25.876Z;main.<module>;  SEM REMESSA DE FÉRIAS/RESCISÃO
07-08-2024 06:25:27.574Z;errorhandler.__handle;  Property: Unknown Property name. [1:203: -ms-interpolation-mode]
07-08-2024 06:25:27.574Z;errorhandler.__handle;  Property: Unknown Property name. [1:353: -webkit-font-smoothing]
07-08-2024 06:25:27.574Z;errorhandler.__handle;  Property: Unknown Property name. [1:483: -ms-text-size-adjust]
07-08-2024 06:25:27.574Z;errorhandler.__handle;  Property: Unknown Property name. [1:518: -webkit-text-size-adjust]
07-08-2024 06:25:27.574Z;errorhandler.__handle;  Property: Unknown Property name. [1:612: mso-table-lspace]
07-08-2024 06:25:27.574Z;errorhandler.__handle;  Property: Unknown Property name. [1:642: mso-table-rspace]
07-08-2024 06:25:27.620Z;errorhandler.__handle;  Property: Unknown Property name. [1:4734: mso-hide]
07-08-2024 06:25:27.652Z;errorhandler.__handle;  Property: Unknown Property name. [1:13: -ms-interpolation-mode]
07-08-2024 06:25:27.652Z;errorhandler.__handle;  Property: Unknown Property name. [1:49: -webkit-font-smoothing]
07-08-2024 06:25:27.652Z;errorhandler.__handle;  Property: Unknown Property name. [1:134: -ms-text-size-adjust]
07-08-2024 06:25:27.652Z;errorhandler.__handle;  Property: Unknown Property name. [1:160: -webkit-text-size-adjust]
07-08-2024 06:25:27.652Z;errorhandler.__handle;  Property: Unknown Property name. [1:26: mso-table-lspace]
07-08-2024 06:25:27.652Z;errorhandler.__handle;  Property: Unknown Property name. [1:45: mso-table-rspace]
07-08-2024 06:25:27.667Z;errorhandler.__handle;  Property: Unknown Property name. [1:92: mso-hide]
07-08-2024 06:25:27.667Z;errorhandler.__handle;  Property: No ":" after name found: align-center [1:1: align-center]
07-08-2024 06:25:27.667Z;errorhandler.__handle;  Property: No property value found: align-center [1:1: align-center]
07-08-2024 06:25:27.667Z;errorhandler.__handle;  CSSStyleDeclaration: Syntax Error in Property: align-center
07-08-2024 06:25:27.667Z;errorhandler.__handle;  Property: Unknown Property name. [1:14: -ms-interpolation-mode]
07-08-2024 06:25:30.136Z;functions.emailFinalizado;  Finalizado e-mail sent.
07-08-2024 06:25:30.246Z;functions.encerra_prog;  RM ENCERRADO
