16-08-2024 00:14:38.370Z;functions.bot_text_art;      ____   
16-08-2024 00:14:38.370Z;functions.bot_text_art;     [____]    
16-08-2024 00:14:38.370Z;functions.bot_text_art;   |=]()()[=|  
16-08-2024 00:14:38.370Z;functions.bot_text_art;     _\==/__    _____    ____     _        _____    ___   _  __
16-08-2024 00:14:38.370Z;functions.bot_text_art;   |__|   |_|  |  _  \  / ___|   | |      |_   _| / ___| | |/ /
16-08-2024 00:14:38.370Z;functions.bot_text_art;   |_|_/\_|_|  | |  | | | |      | |        | |   | |    | ' / 
16-08-2024 00:14:38.370Z;functions.bot_text_art;   | | __ | |  | |  | | | |      | |        | |   | |    |  <  
16-08-2024 00:14:38.370Z;functions.bot_text_art;   |_|[  ]|_|  | |__| | | |____  | |____   _| |_  | |__  | . \ 
16-08-2024 00:14:38.370Z;functions.bot_text_art;   \_|_||_|_/  |_____/   \_____| |______| |_____| \ ___| |_|\_\
16-08-2024 00:14:38.386Z;functions.bot_text_art;     |_||_|                                                     
16-08-2024 00:14:38.386Z;functions.bot_text_art;     | ||_|_   
16-08-2024 00:14:38.386Z;functions.bot_text_art;   |___||___|  
16-08-2024 00:14:38.386Z;functions.bot_text_art;               
16-08-2024 00:14:38.386Z;functions.open_RM;  OPEN PROGRAM RM
16-08-2024 00:14:50.495Z;functions.loggin_RM;  ENTRAR USER_NAME
16-08-2024 00:14:53.637Z;functions.loggin_RM;  ENTRAR PASSWORD
16-08-2024 00:14:54.706Z;functions.loggin_RM;  ENTRAR RM
16-08-2024 00:18:09.698Z;functions.enter_coligada;  AGUARDANDO 1
16-08-2024 00:18:10.558Z;functions.enter_coligada;  CLICK CONTEXTO
16-08-2024 00:18:12.464Z;functions.enter_coligada;  CLICK ALTERAR MODULO DO CONTEXTO
16-08-2024 00:18:15.308Z;functions.enter_coligada;  INSERE O COLIGADA CODE = 1
16-08-2024 00:18:15.417Z;functions.enter_coligada;  APERTA TAB PARA PREENCHER O CAMPO COM A STRING: OCEANICA ENGENHARIA E CONSULTORIA S.A.
16-08-2024 00:18:16.714Z;functions.enter_coligada;  CLICK AVANÇAR NOVAMENTE
16-08-2024 00:18:17.683Z;functions.enter_coligada;  CLICK CONCLUIR
16-08-2024 00:18:37.730Z;functions.waitForImage;  TROCA COLIGADA image not found.
16-08-2024 00:18:45.761Z;functions.enter_coligada;  POP UP COLIGADA DESAPARECER
16-08-2024 00:18:46.558Z;functions.check_movimentacao_bancaria;  CLICK - TOTVS - LINHA RM
16-08-2024 00:18:47.870Z;functions.check_movimentacao_bancaria;  CLICK - BACK OFFICE
16-08-2024 00:18:50.308Z;functions.check_movimentacao_bancaria;  CLICK - GESTAO FINANCEIRA
16-08-2024 00:18:50.308Z;functions.obter_intervalo_data;  VERIFICANDO A HORA ATUAL 0
16-08-2024 00:18:50.319Z;functions.obter_intervalo_data;  Data Inicial FERIAS/RESCISAO antes da remoção: None
16-08-2024 00:18:50.319Z;functions.obter_intervalo_data;  Data Final FERIAS/RESCISAO antes da remoção: None
16-08-2024 00:18:50.324Z;functions.obter_intervalo_data;  Data Inicial FERIAS/RESCISAO após a remoção: None
16-08-2024 00:18:50.324Z;functions.obter_intervalo_data;  Data Final FERIAS/RESCISAO após a remoção: None
16-08-2024 00:18:50.324Z;functions.obter_intervalo_data;  hoje -  2024-08-16 00:18:50.324488
16-08-2024 00:18:50.324Z;functions.check_movimentacao_bancaria;  DATA INICIO 21-08-2024
16-08-2024 00:18:50.324Z;functions.check_movimentacao_bancaria;  DATA FIM 27-08-2024
16-08-2024 00:18:50.324Z;functions.movimentacao_bancaria;  AGUARDANDO 1
16-08-2024 00:18:54.933Z;functions.movimentacao_bancaria;  CLICK NA ABA MOVIMENTAÇÃO BANCARIA
16-08-2024 00:18:57.011Z;functions.waitForImage;  IMAGEM BORDERO image found.
16-08-2024 00:18:59.159Z;functions.movimentacao_bancaria;  IMAGEM BORDERO CLICADA.
16-08-2024 00:19:09.339Z;functions.waitForImage;  LICENCAS EXCEDIDAS image not found.
16-08-2024 00:19:09.964Z;functions.movimentacao_bancaria;  ENCONTROU O FILTRO DA MOVIMENTAÇÃO BANCÁRIA
16-08-2024 00:19:09.995Z;functions.movimentacao_bancaria;  CLICA NA ABA SUPERIOR DO FILTRO
16-08-2024 00:19:14.206Z;functions.movimentacao_bancaria;  SELECIONA O FILTRO HOJE
16-08-2024 00:19:29.636Z;functions.waitForImage;  FILTER CLEAN image not found.
16-08-2024 00:19:45.136Z;functions.waitForImage;  FILTER CLEAN image not found.
16-08-2024 00:20:00.151Z;functions.waitForImage;  FILTER CLEAN image not found.
16-08-2024 00:20:19.495Z;functions.movimentacao_bancaria;  SEM PROCESSAMENTO DE BORDERO
16-08-2024 00:20:39.949Z;functions.waitForImage;  FILTER CLEAN image not found.
16-08-2024 00:20:55.417Z;functions.waitForImage;  FILTER CLEAN image not found.
16-08-2024 00:21:10.948Z;functions.waitForImage;  FILTER CLEAN image not found.
16-08-2024 00:21:45.693Z;functions.remessa_pagamento;  SEM REMESSA DE BORDERO AUTORIZADO
16-08-2024 00:21:46.496Z;functions.enter_contas_a_pagar;  CLICK - TOTVS - LINHA RM
16-08-2024 00:21:47.714Z;functions.enter_contas_a_pagar;  CLICK - BACK OFFICE
16-08-2024 00:21:48.495Z;functions.enter_contas_a_pagar;  CLICK - GESTAO FINANCEIRA
16-08-2024 00:21:55.745Z;functions.enter_contas_a_pagar;  CLICK - CONTAS A PAGAR
16-08-2024 00:21:55.824Z;functions.waitForImage;  LANÇAMENTOS image found.
16-08-2024 00:21:57.941Z;functions.enter_contas_a_pagar;  CLICA EM LANÇAMENTOS
16-08-2024 00:22:12.980Z;functions.waitForImage;  LICENCAS EXCEDIDAS image not found.
16-08-2024 00:22:12.980Z;functions.data_filter;  CLICK - SELECIONA A DATA DE QUARTA FEIRA E DA PROXIMA TERÇA
16-08-2024 00:22:12.995Z;functions.data_filter;  QUARTA-FEIRA: 21-08-2024
16-08-2024 00:22:12.995Z;functions.data_filter;  TERCA-FEIRA: 27-08-2024
16-08-2024 00:22:32.954Z;functions.data_filter;  FILTRO - REMESSA FERIAS/RESCISAO
16-08-2024 00:22:33.683Z;functions.data_filter;  CLICK - BUTÃO DE SELECAO DE FILTRO
16-08-2024 00:22:37.792Z;functions.data_filter;  INSERE - DATA DE QUARTA-FEIRA: 21-08-2024
16-08-2024 00:22:41.699Z;functions.data_filter;  INSERE - DATA DA PROX TERCA-FEIRA: 27-08-2024
16-08-2024 00:22:42.589Z;functions.data_filter;  CLICK - BUTÃO DE EXECUTAR O FILTRO
16-08-2024 00:22:47.591Z;functions.desmark_filter;  AGUARDANDO 1
16-08-2024 00:22:49.089Z;functions.desmark_filter;  CLICK CHECKBOX LANÇAMENTOS A RECEBER
16-08-2024 00:22:50.464Z;functions.desmark_filter;  CLICK CHECKBOX LANÇAMENTOS BAIXADOS
16-08-2024 00:22:51.761Z;functions.desmark_filter;  CLICK CHECKBOX LANÇAMENTOS CANCELADOS
16-08-2024 00:22:53.277Z;functions.desmark_filter;  CLICK CHECKBOX LANÇAMENTOS FATURADOS
16-08-2024 00:22:54.797Z;functions.desmark_filter;  ATUALIZA O FILTRO
16-08-2024 00:22:54.855Z;functions.waitForImage;  FILTER CLEAN image found.
16-08-2024 00:22:56.968Z;functions.filter_clean;  CLICK NO BOTÃO X DO LIMPA FILTRO
16-08-2024 00:23:12.448Z;functions.waitForImage;  FILTER CLEAN image not found.
16-08-2024 00:23:27.949Z;functions.waitForImage;  FILTER CLEAN image not found.
16-08-2024 00:23:29.761Z;functions.tabela_vazia;  Texto extraido 0/0
16-08-2024 00:23:29.761Z;functions.tabela_vazia;  Count 0
16-08-2024 00:23:29.761Z;functions.tabela_vazia;  Type <class 'int'>
16-08-2024 00:23:31.770Z;functions.tabela_vazia;  SEM REMESSA DE FÉRIAS/RESCISÃO
16-08-2024 00:23:33.770Z;main.<module>;  SEM REMESSA DE FÉRIAS/RESCISÃO
16-08-2024 00:23:35.599Z;errorhandler.__handle;  Property: Unknown Property name. [1:203: -ms-interpolation-mode]
16-08-2024 00:23:35.614Z;errorhandler.__handle;  Property: Unknown Property name. [1:353: -webkit-font-smoothing]
16-08-2024 00:23:35.614Z;errorhandler.__handle;  Property: Unknown Property name. [1:483: -ms-text-size-adjust]
16-08-2024 00:23:35.614Z;errorhandler.__handle;  Property: Unknown Property name. [1:518: -webkit-text-size-adjust]
16-08-2024 00:23:35.614Z;errorhandler.__handle;  Property: Unknown Property name. [1:612: mso-table-lspace]
16-08-2024 00:23:35.614Z;errorhandler.__handle;  Property: Unknown Property name. [1:642: mso-table-rspace]
16-08-2024 00:23:35.661Z;errorhandler.__handle;  Property: Unknown Property name. [1:4734: mso-hide]
16-08-2024 00:23:35.692Z;errorhandler.__handle;  Property: Unknown Property name. [1:13: -ms-interpolation-mode]
16-08-2024 00:23:35.692Z;errorhandler.__handle;  Property: Unknown Property name. [1:49: -webkit-font-smoothing]
16-08-2024 00:23:35.692Z;errorhandler.__handle;  Property: Unknown Property name. [1:134: -ms-text-size-adjust]
16-08-2024 00:23:35.692Z;errorhandler.__handle;  Property: Unknown Property name. [1:160: -webkit-text-size-adjust]
16-08-2024 00:23:35.692Z;errorhandler.__handle;  Property: Unknown Property name. [1:26: mso-table-lspace]
16-08-2024 00:23:35.692Z;errorhandler.__handle;  Property: Unknown Property name. [1:45: mso-table-rspace]
16-08-2024 00:23:35.708Z;errorhandler.__handle;  Property: Unknown Property name. [1:92: mso-hide]
16-08-2024 00:23:35.708Z;errorhandler.__handle;  Property: No ":" after name found: align-center [1:1: align-center]
16-08-2024 00:23:35.708Z;errorhandler.__handle;  Property: No property value found: align-center [1:1: align-center]
16-08-2024 00:23:35.708Z;errorhandler.__handle;  CSSStyleDeclaration: Syntax Error in Property: align-center
16-08-2024 00:23:35.708Z;errorhandler.__handle;  Property: Unknown Property name. [1:14: -ms-interpolation-mode]
16-08-2024 00:23:38.308Z;functions.emailFinalizado;  Finalizado e-mail sent.
16-08-2024 00:23:38.464Z;functions.encerra_prog;  RM ENCERRADO
