16-08-2024 16:05:59.224Z;functions.bot_text_art;      ____   
16-08-2024 16:05:59.224Z;functions.bot_text_art;     [____]    
16-08-2024 16:05:59.224Z;functions.bot_text_art;   |=]()()[=|  
16-08-2024 16:05:59.224Z;functions.bot_text_art;     _\==/__    _____    ____     _        _____    ___   _  __
16-08-2024 16:05:59.224Z;functions.bot_text_art;   |__|   |_|  |  _  \  / ___|   | |      |_   _| / ___| | |/ /
16-08-2024 16:05:59.224Z;functions.bot_text_art;   |_|_/\_|_|  | |  | | | |      | |        | |   | |    | ' / 
16-08-2024 16:05:59.224Z;functions.bot_text_art;   | | __ | |  | |  | | | |      | |        | |   | |    |  <  
16-08-2024 16:05:59.224Z;functions.bot_text_art;   |_|[  ]|_|  | |__| | | |____  | |____   _| |_  | |__  | . \ 
16-08-2024 16:05:59.224Z;functions.bot_text_art;   \_|_||_|_/  |_____/   \_____| |______| |_____| \ ___| |_|\_\
16-08-2024 16:05:59.224Z;functions.bot_text_art;     |_||_|                                                     
16-08-2024 16:05:59.224Z;functions.bot_text_art;     | ||_|_   
16-08-2024 16:05:59.224Z;functions.bot_text_art;   |___||___|  
16-08-2024 16:05:59.224Z;functions.bot_text_art;               
16-08-2024 16:05:59.240Z;functions.open_RM;  OPEN PROGRAM RM
16-08-2024 16:06:11.880Z;functions.loggin_RM;  ENTRAR USER_NAME
16-08-2024 16:06:15.086Z;functions.loggin_RM;  ENTRAR PASSWORD
16-08-2024 16:06:16.130Z;functions.loggin_RM;  ENTRAR RM
16-08-2024 16:09:33.130Z;functions.enter_coligada;  AGUARDANDO 1
16-08-2024 16:09:34.005Z;functions.enter_coligada;  CLICK CONTEXTO
16-08-2024 16:09:35.723Z;functions.enter_coligada;  CLICK ALTERAR MODULO DO CONTEXTO
16-08-2024 16:09:38.239Z;functions.enter_coligada;  INSERE O COLIGADA CODE = 1
16-08-2024 16:09:38.341Z;functions.enter_coligada;  APERTA TAB PARA PREENCHER O CAMPO COM A STRING: OCEANICA ENGENHARIA E CONSULTORIA S.A.
16-08-2024 16:09:39.661Z;functions.enter_coligada;  CLICK AVANÇAR NOVAMENTE
16-08-2024 16:09:40.692Z;functions.enter_coligada;  CLICK CONCLUIR
16-08-2024 16:10:01.051Z;functions.waitForImage;  TROCA COLIGADA image not found.
16-08-2024 16:10:09.364Z;functions.enter_coligada;  POP UP COLIGADA DESAPARECER
16-08-2024 16:10:10.161Z;functions.check_movimentacao_bancaria;  CLICK - TOTVS - LINHA RM
16-08-2024 16:10:11.474Z;functions.check_movimentacao_bancaria;  CLICK - BACK OFFICE
16-08-2024 16:10:13.942Z;functions.check_movimentacao_bancaria;  CLICK - GESTAO FINANCEIRA
16-08-2024 16:10:13.942Z;functions.obter_intervalo_data;  VERIFICANDO A HORA ATUAL 16
16-08-2024 16:10:13.954Z;functions.obter_intervalo_data;  Data Inicial FERIAS/RESCISAO antes da remoção: None
16-08-2024 16:10:13.954Z;functions.obter_intervalo_data;  Data Final FERIAS/RESCISAO antes da remoção: None
16-08-2024 16:10:13.958Z;functions.obter_intervalo_data;  Data Inicial FERIAS/RESCISAO após a remoção: None
16-08-2024 16:10:13.959Z;functions.obter_intervalo_data;  Data Final FERIAS/RESCISAO após a remoção: None
16-08-2024 16:10:13.959Z;functions.obter_intervalo_data;  hoje -  2024-08-16 16:10:13.959754
16-08-2024 16:10:13.959Z;functions.check_movimentacao_bancaria;  DATA INICIO 21-08-2024
16-08-2024 16:10:13.959Z;functions.check_movimentacao_bancaria;  DATA FIM 27-08-2024
16-08-2024 16:10:13.959Z;functions.movimentacao_bancaria;  AGUARDANDO 1
16-08-2024 16:10:18.567Z;functions.movimentacao_bancaria;  CLICK NA ABA MOVIMENTAÇÃO BANCARIA
16-08-2024 16:10:20.661Z;functions.waitForImage;  IMAGEM BORDERO image found.
16-08-2024 16:10:22.796Z;functions.movimentacao_bancaria;  IMAGEM BORDERO CLICADA.
16-08-2024 16:10:32.973Z;functions.waitForImage;  LICENCAS EXCEDIDAS image not found.
16-08-2024 16:10:33.598Z;functions.movimentacao_bancaria;  ENCONTROU O FILTRO DA MOVIMENTAÇÃO BANCÁRIA
16-08-2024 16:10:33.630Z;functions.movimentacao_bancaria;  CLICA NA ABA SUPERIOR DO FILTRO
16-08-2024 16:10:37.841Z;functions.movimentacao_bancaria;  SELECIONA O FILTRO HOJE
16-08-2024 16:10:40.283Z;functions.waitForImage;  FILTER CLEAN image found.
16-08-2024 16:10:42.388Z;functions.filter_clean;  CLICK NO BOTÃO X DO LIMPA FILTRO
16-08-2024 16:10:57.661Z;functions.waitForImage;  FILTER CLEAN image not found.
16-08-2024 16:11:12.926Z;functions.waitForImage;  FILTER CLEAN image not found.
16-08-2024 16:11:16.067Z;functions.movimentacao_bancaria;  CLICK NA PRIMEIRA LINHA DA TABELA MOVIMENTAÇÃO BANCÁRIA
16-08-2024 16:11:17.290Z;functions.movimentacao_bancaria;  12 PASSOS PARA DIREITA NA TABELA >>
16-08-2024 16:11:18.958Z;functions.movimentacao_bancaria;  HOVER FILTER
16-08-2024 16:11:19.356Z;functions.movimentacao_bancaria;  CLICK FILTER
16-08-2024 16:11:23.667Z;functions.movimentacao_bancaria;  CLICK NO FILTRO  STATUS DA REMESSA
16-08-2024 16:11:25.769Z;functions.movimentacao_bancaria;  APERTA TAB PARA ESCREVER O FILTRO
16-08-2024 16:11:27.875Z;functions.movimentacao_bancaria;  ESCREVE PENDENTE NO FILTRO
16-08-2024 16:11:29.977Z;functions.movimentacao_bancaria;  APERTA ENTER PARA SELECIONAR OS PENDENTES
16-08-2024 16:11:49.301Z;functions.movimentacao_bancaria;  SEM PROCESSAMENTO DE BORDERO PENDENTE.
16-08-2024 16:11:54.364Z;functions.waitForImage;  FILTER CLEAN image found.
16-08-2024 16:11:56.512Z;functions.filter_clean;  CLICK NO BOTÃO X DO LIMPA FILTRO
16-08-2024 16:12:11.676Z;functions.waitForImage;  FILTER CLEAN image not found.
16-08-2024 16:12:26.864Z;functions.waitForImage;  FILTER CLEAN image not found.
16-08-2024 16:12:28.067Z;functions.remessa_pagamento;  CLICK NA PRIMEIRA LINHA DA TABELA MOVIMENTAÇÃO BANCÁRIA
16-08-2024 16:12:29.661Z;functions.remessa_pagamento;  HOVER FILTER
16-08-2024 16:12:30.063Z;functions.remessa_pagamento;  CLICK FILTER
16-08-2024 16:12:34.378Z;functions.remessa_pagamento;  CLICK NO FILTRO  STATUS DA REMESSA
16-08-2024 16:12:36.480Z;functions.remessa_pagamento;  APERTA TAB PARA ESCREVER O FILTRO
16-08-2024 16:12:38.588Z;functions.remessa_pagamento;  ESCREVE AUTORIZADO NO FILTRO
16-08-2024 16:12:40.690Z;functions.remessa_pagamento;  APERTA ENTER PARA SELECIONAR OS AUTORIZADO
16-08-2024 16:12:59.989Z;functions.remessa_pagamento;  SEM REMESSA DE BORDERO AUTORIZADO
16-08-2024 16:13:00.786Z;functions.enter_contas_a_pagar;  CLICK - TOTVS - LINHA RM
16-08-2024 16:13:01.973Z;functions.enter_contas_a_pagar;  CLICK - BACK OFFICE
16-08-2024 16:13:02.755Z;functions.enter_contas_a_pagar;  CLICK - GESTAO FINANCEIRA
16-08-2024 16:13:09.911Z;functions.enter_contas_a_pagar;  CLICK - CONTAS A PAGAR
16-08-2024 16:13:09.989Z;functions.waitForImage;  LANÇAMENTOS image found.
16-08-2024 16:13:12.106Z;functions.enter_contas_a_pagar;  CLICA EM LANÇAMENTOS
16-08-2024 16:13:27.286Z;functions.waitForImage;  LICENCAS EXCEDIDAS image not found.
16-08-2024 16:13:27.286Z;functions.data_filter;  CLICK - SELECIONA A DATA DE QUARTA FEIRA E DA PROXIMA TERÇA
16-08-2024 16:13:27.286Z;functions.data_filter;  QUARTA-FEIRA: 21-08-2024
16-08-2024 16:13:27.286Z;functions.data_filter;  TERCA-FEIRA: 27-08-2024
16-08-2024 16:13:47.273Z;functions.data_filter;  FILTRO - REMESSA FERIAS/RESCISAO
16-08-2024 16:13:48.067Z;functions.data_filter;  CLICK - BUTÃO DE SELECAO DE FILTRO
16-08-2024 16:13:52.176Z;functions.data_filter;  INSERE - DATA DE QUARTA-FEIRA: 21-08-2024
16-08-2024 16:13:56.114Z;functions.data_filter;  INSERE - DATA DA PROX TERCA-FEIRA: 27-08-2024
16-08-2024 16:13:57.004Z;functions.data_filter;  CLICK - BUTÃO DE EXECUTAR O FILTRO
16-08-2024 16:14:02.006Z;functions.desmark_filter;  AGUARDANDO 1
16-08-2024 16:14:03.598Z;functions.desmark_filter;  CLICK CHECKBOX LANÇAMENTOS A RECEBER
16-08-2024 16:14:05.098Z;functions.desmark_filter;  CLICK CHECKBOX LANÇAMENTOS BAIXADOS
16-08-2024 16:14:06.591Z;functions.desmark_filter;  CLICK CHECKBOX LANÇAMENTOS CANCELADOS
16-08-2024 16:14:08.254Z;functions.desmark_filter;  CLICK CHECKBOX LANÇAMENTOS FATURADOS
16-08-2024 16:14:09.867Z;functions.desmark_filter;  ATUALIZA O FILTRO
16-08-2024 16:14:09.926Z;functions.waitForImage;  FILTER CLEAN image found.
16-08-2024 16:14:12.043Z;functions.filter_clean;  CLICK NO BOTÃO X DO LIMPA FILTRO
16-08-2024 16:14:27.489Z;functions.waitForImage;  FILTER CLEAN image not found.
16-08-2024 16:14:42.989Z;functions.waitForImage;  FILTER CLEAN image not found.
16-08-2024 16:14:44.864Z;functions.tabela_vazia;  Texto extraido 1/1
16-08-2024 16:14:44.864Z;functions.tabela_vazia;  Count 1
16-08-2024 16:14:44.864Z;functions.tabela_vazia;  Type <class 'int'>
16-08-2024 16:14:44.864Z;functions.tabela_vazia;  TABELA CONTÉM REGISTROS
16-08-2024 16:14:45.911Z;functions.desbloqueio;  SELECIONA TODAS AS TUPLAS
16-08-2024 16:14:51.015Z;functions.desbloqueio;  CONTROL P PARA SELECIONAR PROCESSO
16-08-2024 16:14:56.226Z;functions.desbloqueio;  7 SETAS PARA BAIXO - MANUTENÇÃO DE LANÇAMENTO
16-08-2024 16:14:58.328Z;functions.desbloqueio;  SETA PARA DIREITA
16-08-2024 16:15:05.141Z;functions.desbloqueio;  8 SETAS PARA BAIXO
16-08-2024 16:15:07.243Z;functions.desbloqueio;  ENTER PARA SELECIONAR DESBLOQUEIO ALTERAÇÃO
16-08-2024 16:16:09.650Z;functions.exec_lancamentos;  CONTROL G
16-08-2024 16:16:11.910Z;functions.exec_lancamentos;  CLICK PARA APARECER CONTA/CAIXA
16-08-2024 16:16:12.880Z;functions.exec_lancamentos;  SELECIONA CONTA/CAIXA
16-08-2024 16:16:13.879Z;functions.exec_lancamentos;  CLICK NO BOTÃO [...]
16-08-2024 16:16:15.706Z;functions.exec_lancamentos;  CLICK NO CAMPO PESQUISA E DIGITA: %3212
16-08-2024 16:16:16.627Z;functions.exec_lancamentos;  CLICK NO BOTÃO DO FILTRO
16-08-2024 16:16:17.598Z;functions.exec_lancamentos;  CLICK NO BOTÃO OK
16-08-2024 16:16:18.535Z;functions.exec_lancamentos;  CLICK NO BOTÃO EXECUTAR
16-08-2024 16:16:18.535Z;functions.process_lancamentos;  AGUARDANDO 1
16-08-2024 16:16:30.323Z;functions.waitForImage;  PRESS BUTTON OK image found.
16-08-2024 16:16:30.323Z;functions.process_lancamentos;  O PROCESSAMENTO DE LANÇAMENTO FOI EXECUTADO COM SUCESSO.
16-08-2024 16:16:35.616Z;functions.process_lancamentos;  Lançamento Ref. 993502: Convênio alterado para o convênio default '7' da conta Caixa '02675-5' .
Alteração Global de Lançamentos executada com sucesso

16-08-2024 16:16:46.175Z;functions.proccess_bordero;  SELECIONAR INCLUSÃO DE BORDERO
16-08-2024 16:17:06.270Z;functions.waitForImage;  PRESS BUTON SIM image not found.
16-08-2024 16:17:07.379Z;functions.proccess_bordero;  CLICK EM CONVÊNIO TRÊS PONTINHOS
16-08-2024 16:17:08.692Z;functions.proccess_bordero;  CLICK EM COMBOBOX PARA SELECIONAR O ID DO CONVÊNIO
16-08-2024 16:17:09.754Z;functions.proccess_bordero;  CLICK EM ID DO CONVÊNIO
16-08-2024 16:17:11.857Z;functions.proccess_bordero;  APERTA TAB PARA ESCREVER O ID
16-08-2024 16:17:13.958Z;functions.proccess_bordero;  ESCREVE O ID 9 - FERIAS/RESCISÃO
16-08-2024 16:17:16.060Z;functions.proccess_bordero;  APERTA ENTER PARA SELECIONAR O ID 9 - FERIAS/RESCISÃO
16-08-2024 16:17:18.176Z;functions.proccess_bordero;  APERTA ENTER PARA ESCOLHER O ID 9 - FERIAS/RESCISÃO
16-08-2024 16:17:21.067Z;functions.proccess_bordero;  CLICK EM EXECUTAR NA INCLUSÃO DO BORDÊRO
16-08-2024 16:17:38.473Z;functions.waitForImage;  PRESS BUTTON OK image found.
16-08-2024 16:17:40.478Z;functions.proccess_bordero;  O PROCESSAMENTO DO BORDERO FOI EXECUTADO COM SUCESSO.
16-08-2024 16:17:43.285Z;functions.proccess_bordero;  CLICK EM FECHAR.
16-08-2024 16:17:45.287Z;functions.movimentacao_bancaria;  AGUARDANDO 1
16-08-2024 16:17:46.223Z;functions.movimentacao_bancaria;  CLICK NA ABA MOVIMENTAÇÃO BANCARIA
16-08-2024 16:17:48.317Z;functions.waitForImage;  IMAGEM BORDERO image found.
16-08-2024 16:17:50.419Z;functions.movimentacao_bancaria;  IMAGEM BORDERO CLICADA.
16-08-2024 16:18:00.455Z;functions.waitForImage;  LICENCAS EXCEDIDAS image not found.
16-08-2024 16:18:01.082Z;functions.movimentacao_bancaria;  ENCONTROU O FILTRO DA MOVIMENTAÇÃO BANCÁRIA
16-08-2024 16:18:01.129Z;functions.movimentacao_bancaria;  CLICA NA ABA SUPERIOR DO FILTRO
16-08-2024 16:18:05.336Z;functions.movimentacao_bancaria;  SELECIONA O FILTRO HOJE
16-08-2024 16:18:05.988Z;functions.waitForImage;  FILTER CLEAN image found.
16-08-2024 16:18:08.106Z;functions.filter_clean;  CLICK NO BOTÃO X DO LIMPA FILTRO
16-08-2024 16:18:23.614Z;functions.waitForImage;  FILTER CLEAN image not found.
16-08-2024 16:18:39.145Z;functions.waitForImage;  FILTER CLEAN image not found.
16-08-2024 16:18:42.254Z;functions.movimentacao_bancaria;  CLICK NA PRIMEIRA LINHA DA TABELA MOVIMENTAÇÃO BANCÁRIA
16-08-2024 16:18:43.470Z;functions.movimentacao_bancaria;  12 PASSOS PARA DIREITA NA TABELA >>
16-08-2024 16:18:45.082Z;functions.movimentacao_bancaria;  HOVER FILTER
16-08-2024 16:18:45.490Z;functions.movimentacao_bancaria;  CLICK FILTER
16-08-2024 16:18:49.807Z;functions.movimentacao_bancaria;  CLICK NO FILTRO  STATUS DA REMESSA
16-08-2024 16:18:51.908Z;functions.movimentacao_bancaria;  APERTA TAB PARA ESCREVER O FILTRO
16-08-2024 16:18:54.015Z;functions.movimentacao_bancaria;  ESCREVE PENDENTE NO FILTRO
16-08-2024 16:18:56.117Z;functions.movimentacao_bancaria;  APERTA ENTER PARA SELECIONAR OS PENDENTES
16-08-2024 16:19:00.359Z;functions.movimentacao_bancaria;  SELECIONA TODAS AS TUPLAS COM STATUS PENDENTE
16-08-2024 16:19:02.463Z;functions.movimentacao_bancaria;  CLICK EM PROCESSOS
16-08-2024 16:19:04.565Z;functions.movimentacao_bancaria;  APERTA PARA BAIXO
16-08-2024 16:19:06.666Z;functions.movimentacao_bancaria;  APERTA ENTER
16-08-2024 16:19:09.567Z;functions.movimentacao_bancaria;  CLICK EM EXECUTAR BORDERO DE PAGAMENTO
16-08-2024 16:19:09.567Z;functions.movimentacao_bancaria;  AGUARDANDO 1
16-08-2024 16:19:17.973Z;functions.waitForImage;  PRESS BUTTON OK image found.
16-08-2024 16:19:17.973Z;functions.movimentacao_bancaria;  O PROCESSAMENTO DE AUTORIZAÇÃO DO BORDERO FOI EXECUTADO COM SUCESSO.
16-08-2024 16:19:18.785Z;functions.movimentacao_bancaria;  CLICK EM FECHAR.
16-08-2024 16:19:23.879Z;functions.waitForImage;  FILTER CLEAN image found.
16-08-2024 16:19:26.012Z;functions.filter_clean;  CLICK NO BOTÃO X DO LIMPA FILTRO
16-08-2024 16:19:41.520Z;functions.waitForImage;  FILTER CLEAN image not found.
16-08-2024 16:19:57.020Z;functions.waitForImage;  FILTER CLEAN image not found.
16-08-2024 16:20:16.290Z;functions.remessa_pagamento;  12 PASSOS PARA ESQUERDA NA TABELA >>
16-08-2024 16:20:17.863Z;functions.remessa_pagamento;  HOVER FILTER
16-08-2024 16:20:18.249Z;functions.remessa_pagamento;  CLICK FILTER
16-08-2024 16:20:22.564Z;functions.remessa_pagamento;  CLICA NO FILTRO  STATUS DA REMESSA
16-08-2024 16:20:24.665Z;functions.remessa_pagamento;  APERTA TAB PARA ESCREVER O FILTRO
16-08-2024 16:20:26.772Z;functions.remessa_pagamento;  ESCREVE AUTORIZADO NO FILTRO
16-08-2024 16:20:28.874Z;functions.remessa_pagamento;  APERTA ENTER PARA SELECIONAR OS AUTORIZADOS
16-08-2024 16:20:35.504Z;functions.remessa_pagamento;  6 PASSOS PARA ESQUERDA NA TABELA <<
16-08-2024 16:20:37.207Z;functions.check_user_bot;  Texto extraido 1/1
16-08-2024 16:20:37.207Z;functions.check_user_bot;  Count 1
16-08-2024 16:20:37.207Z;functions.check_user_bot;  Type <class 'int'>
16-08-2024 16:20:39.332Z;functions.check_user_bot;  CHECK USER BOT 1
16-08-2024 16:20:41.333Z;functions.check_user_bot;  dclick
16-08-2024 16:20:44.042Z;functions.check_user_bot;  7 PASSOS PARA DIREITA NA TABELA >>
16-08-2024 16:20:48.145Z;functions.check_user_bot;  341 / 3212 / 02675 - FERIAS/RESCISAO
16-08-2024 16:20:48.145Z;functions.check_user_bot;  NOME FERIAS/RECISAO ENCONTRADO
16-08-2024 16:20:50.349Z;functions.check_user_bot;  CLICK EM PROCESSOS
16-08-2024 16:20:52.452Z;functions.check_user_bot;  APERTA PARA BAIXO 0
16-08-2024 16:20:54.554Z;functions.check_user_bot;  APERTA PARA BAIXO 1
16-08-2024 16:20:56.656Z;functions.check_user_bot;  APERTA PARA BAIXO 2
16-08-2024 16:20:58.757Z;functions.check_user_bot;  APERTA ENTER
16-08-2024 16:21:01.629Z;functions.check_user_bot;  CLICK EM REMESSAS DE PAGAMENTO
16-08-2024 16:21:02.733Z;functions.check_user_bot;  APERTA TAB 0
16-08-2024 16:21:03.835Z;functions.check_user_bot;  APERTA TAB 1
16-08-2024 16:21:04.936Z;functions.check_user_bot;  APERTA TAB 2
16-08-2024 16:21:15.254Z;functions.check_user_bot;  CLICK EM AVANÇAR
16-08-2024 16:21:15.255Z;functions.check_user_bot;  CLICK - SELECIONA A DATA DE QUARTA FEIRA E DA PROXIMA TERÇA
16-08-2024 16:21:15.255Z;functions.check_user_bot;  QUARTA-FEIRA: 21-08-2024
16-08-2024 16:21:15.255Z;functions.check_user_bot;  TERCA-FEIRA: 27-08-2024
16-08-2024 16:21:20.160Z;functions.check_user_bot;  DESMARCA CHECKBOX PARA SALVAR ARQUIVO DE REMESSA
16-08-2024 16:21:21.035Z;functions.check_user_bot;  CLICK NOS ... PARA SELECIONAR O DIRETÓRIO E NOME DO ARQUIVO.
16-08-2024 16:21:23.536Z;functions.check_user_bot;  DUPLO CLICK NO DIRETORIO
16-08-2024 16:21:25.889Z;functions.check_user_bot;  APERTA TAB 0
16-08-2024 16:21:26.490Z;functions.check_user_bot;  APERTA TAB 1
16-08-2024 16:21:27.092Z;functions.check_user_bot;  APERTA TAB 2
16-08-2024 16:21:27.693Z;functions.check_user_bot;  APERTA TAB 3
16-08-2024 16:21:28.309Z;functions.check_user_bot;  APERTA TAB 4
16-08-2024 16:21:28.910Z;functions.check_user_bot;  APERTA TAB 5
16-08-2024 16:21:28.910Z;functions.check_user_bot;  A ULTIMA LETRA USADA: A
16-08-2024 16:21:28.910Z;functions.check_user_bot;  A LETRA SERA: B
16-08-2024 16:21:29.023Z;functions.check_user_bot;  F212724B.txt
16-08-2024 16:21:29.816Z;functions.check_user_bot;  CLICK NO BUTÃO SALVAR
16-08-2024 16:21:30.879Z;functions.check_user_bot;  CLICK EM AVANCAR PARA CONCLUIR
16-08-2024 16:21:31.879Z;functions.check_user_bot;  CLICK EM EXECUTAR
16-08-2024 16:21:55.535Z;functions.waitForImage;  PRESS BUTTON OK image found.
16-08-2024 16:21:57.540Z;functions.check_user_bot;  O PROCESSAMENTO DE AUTORIZAÇÃO DO BORDERO FOI EXECUTADO COM SUCESSO.
16-08-2024 16:22:06.835Z;functions.check_user_bot;  ===========================================================================================================
LANÇAMENTOS ENVIADOS PARA REMESSA PAGAMENTO
Coligada: 1
ID Remessa: 10
Convênio: 9
Data: 16/08/2024 16:21:51
Borderô remetidos: 1
===========================================================================================================
Borderô: 1-10758

Lançamentos remetidos no Borderô:
Lancamento 1-993502
----------------------------------------------------------------------------------------------------------


16-08-2024 16:22:08.332Z;errorhandler.__handle;  CSSStyleDeclaration: Unexpected token, ignoring upto '{        border: none;'. [1:174: {]
16-08-2024 16:22:08.332Z;errorhandler.__handle;  Property: Unknown Property name. [1:204: -ms-interpolation-mode]
16-08-2024 16:22:08.332Z;errorhandler.__handle;  CSSStyleDeclaration: Unexpected token, ignoring upto '}'. [1:267: }]
16-08-2024 16:22:08.332Z;errorhandler.__handle;  CSSStyleDeclaration: Unexpected token, ignoring upto '{        background-color: #f6f6f6;'. [1:281: {]
16-08-2024 16:22:08.348Z;errorhandler.__handle;  Property: Unknown Property name. [1:356: -webkit-font-smoothing]
16-08-2024 16:22:08.348Z;errorhandler.__handle;  Property: Unknown Property name. [1:486: -ms-text-size-adjust]
16-08-2024 16:22:08.348Z;errorhandler.__handle;  Property: Unknown Property name. [1:521: -webkit-text-size-adjust]
16-08-2024 16:22:08.348Z;errorhandler.__handle;  CSSStyleDeclaration: Unexpected token, ignoring upto '}'. [1:559: }]
16-08-2024 16:22:08.348Z;errorhandler.__handle;  CSSStyleDeclaration: Unexpected token, ignoring upto '{        border-collapse: separate;'. [1:574: {]
16-08-2024 16:22:08.348Z;errorhandler.__handle;  Property: Unknown Property name. [1:617: mso-table-lspace]
16-08-2024 16:22:08.348Z;errorhandler.__handle;  Property: Unknown Property name. [1:647: mso-table-rspace]
16-08-2024 16:22:08.348Z;errorhandler.__handle;  CSSStyleDeclaration: Unexpected token, ignoring upto '}'. [1:690: }]
16-08-2024 16:22:08.348Z;errorhandler.__handle;  CSSStyleDeclaration: Unexpected token, ignoring upto '{          font-family: sans-serif;'. [1:710: {]
16-08-2024 16:22:08.348Z;errorhandler.__handle;  CSSStyleDeclaration: Unexpected token, ignoring upto '}'. [1:808: }]
16-08-2024 16:22:08.348Z;errorhandler.__handle;  CSSStyleDeclaration: Unexpected token, ignoring upto '{        background-color: #f6f6f6;'. [1:941: {]
16-08-2024 16:22:08.348Z;errorhandler.__handle;  CSSStyleDeclaration: Unexpected token, ignoring upto '}'. [1:1003: }]
16-08-2024 16:22:08.348Z;errorhandler.__handle;  CSSStyleDeclaration: Unexpected token, ignoring upto '{        display: block;'. [1:1178: {]
16-08-2024 16:22:08.348Z;errorhandler.__handle;  CSSStyleDeclaration: Unexpected token, ignoring upto '}'. [1:1342: }]
16-08-2024 16:22:08.348Z;errorhandler.__handle;  CSSStyleDeclaration: Unexpected token, ignoring upto '{        box-sizing: border-box;'. [1:1452: {]
16-08-2024 16:22:08.348Z;errorhandler.__handle;  CSSStyleDeclaration: Unexpected token, ignoring upto '}'. [1:1584: }]
16-08-2024 16:22:08.348Z;errorhandler.__handle;  CSSStyleDeclaration: Unexpected token, ignoring upto '{        background: #ffffff;'. [1:1721: {]
16-08-2024 16:22:08.348Z;errorhandler.__handle;  CSSStyleDeclaration: Unexpected token, ignoring upto '}'. [1:1804: }]
16-08-2024 16:22:08.348Z;errorhandler.__handle;  CSSStyleDeclaration: Unexpected token, ignoring upto '{        box-sizing: border-box;'. [1:1822: {]
16-08-2024 16:22:08.348Z;errorhandler.__handle;  CSSStyleDeclaration: Unexpected token, ignoring upto '}'. [1:1883: }]
16-08-2024 16:22:08.348Z;errorhandler.__handle;  CSSStyleDeclaration: Unexpected token, ignoring upto '{        padding-bottom: 10px;'. [1:1907: {]
16-08-2024 16:22:08.348Z;errorhandler.__handle;  CSSStyleDeclaration: Unexpected token, ignoring upto '}'. [1:1969: }]
16-08-2024 16:22:08.348Z;errorhandler.__handle;  CSSStyleDeclaration: Unexpected token, ignoring upto '{        clear: both;'. [1:1986: {]
16-08-2024 16:22:08.363Z;errorhandler.__handle;  CSSStyleDeclaration: Unexpected token, ignoring upto '}'. [1:2086: }]
16-08-2024 16:22:08.363Z;errorhandler.__handle;  CSSStyleDeclaration: Unexpected token, ignoring upto '{          color: #999999;'. [1:2165: {]
16-08-2024 16:22:08.363Z;errorhandler.__handle;  CSSStyleDeclaration: Unexpected token, ignoring upto '}'. [1:2253: }]
16-08-2024 16:22:08.363Z;errorhandler.__handle;  CSSStyleDeclaration: Unexpected token, ignoring upto '{        color: #000000;'. [1:2404: {]
16-08-2024 16:22:08.363Z;errorhandler.__handle;  CSSStyleDeclaration: Unexpected token, ignoring upto '}'. [1:2563: }]
16-08-2024 16:22:08.363Z;errorhandler.__handle;  CSSStyleDeclaration: Unexpected token, ignoring upto '{        font-size: 35px;'. [1:2575: {]
16-08-2024 16:22:08.363Z;errorhandler.__handle;  CSSStyleDeclaration: Unexpected token, ignoring upto '}'. [1:2694: }]
16-08-2024 16:22:08.363Z;errorhandler.__handle;  CSSStyleDeclaration: Unexpected token, ignoring upto '{        font-family: sans-serif;'. [1:2723: {]
16-08-2024 16:22:08.363Z;errorhandler.__handle;  CSSStyleDeclaration: Unexpected token, ignoring upto '}'. [1:2861: }]
16-08-2024 16:22:08.363Z;errorhandler.__handle;  CSSStyleDeclaration: Unexpected token, ignoring upto '{          list-style-position: inside;'. [1:2905: {]
16-08-2024 16:22:08.363Z;errorhandler.__handle;  CSSStyleDeclaration: Unexpected token, ignoring upto '}'. [1:2978: }]
16-08-2024 16:22:08.363Z;errorhandler.__handle;  CSSStyleDeclaration: Unexpected token, ignoring upto '{        color: #3498db;'. [1:2989: {]
16-08-2024 16:22:08.363Z;errorhandler.__handle;  CSSStyleDeclaration: Unexpected token, ignoring upto '}'. [1:3055: }]
16-08-2024 16:22:08.363Z;errorhandler.__handle;  CSSStyleDeclaration: Unexpected token, ignoring upto '{        box-sizing: border-box;'. [1:3178: {]
16-08-2024 16:22:08.363Z;errorhandler.__handle;  CSSStyleDeclaration: Unexpected token, ignoring upto '}'. [1:3231: }]
16-08-2024 16:22:08.363Z;errorhandler.__handle;  CSSStyleDeclaration: Unexpected token, ignoring upto '{          padding-bottom: 15px;'. [1:3265: {]
16-08-2024 16:22:08.363Z;errorhandler.__handle;  CSSStyleDeclaration: Unexpected token, ignoring upto '}'. [1:3298: }]
16-08-2024 16:22:08.363Z;errorhandler.__handle;  CSSStyleDeclaration: Unexpected token, ignoring upto '{          width: auto;'. [1:3320: {]
16-08-2024 16:22:08.363Z;errorhandler.__handle;  CSSStyleDeclaration: Unexpected token, ignoring upto '}'. [1:3350: }]
16-08-2024 16:22:08.363Z;errorhandler.__handle;  CSSStyleDeclaration: Unexpected token, ignoring upto '{          background-color: #ffffff;'. [1:3375: {]
16-08-2024 16:22:08.363Z;errorhandler.__handle;  CSSStyleDeclaration: Unexpected token, ignoring upto '}'. [1:3477: }]
16-08-2024 16:22:08.363Z;errorhandler.__handle;  CSSStyleDeclaration: Unexpected token, ignoring upto '{          background-color: #ffffff;'. [1:3495: {]
16-08-2024 16:22:08.395Z;errorhandler.__handle;  CSSStyleDeclaration: Unexpected token, ignoring upto '}'. [1:3892: }]
16-08-2024 16:22:08.395Z;errorhandler.__handle;  CSSStyleDeclaration: Unexpected token, ignoring upto '{        background-color: #3498db;'. [1:3923: {]
16-08-2024 16:22:08.395Z;errorhandler.__handle;  CSSStyleDeclaration: Unexpected token, ignoring upto '}'. [1:3965: }]
16-08-2024 16:22:08.395Z;errorhandler.__handle;  CSSStyleDeclaration: Unexpected token, ignoring upto '{        background-color: #3498db;'. [1:3989: {]
16-08-2024 16:22:08.410Z;errorhandler.__handle;  CSSStyleDeclaration: Unexpected token, ignoring upto '}'. [1:4084: }]
16-08-2024 16:22:08.410Z;errorhandler.__handle;  CSSStyleDeclaration: Unexpected token, ignoring upto '{        margin-bottom: 0;'. [1:4234: {]
16-08-2024 16:22:08.410Z;errorhandler.__handle;  CSSStyleDeclaration: Unexpected token, ignoring upto '}'. [1:4267: }]
16-08-2024 16:22:08.410Z;errorhandler.__handle;  CSSStyleDeclaration: Unexpected token, ignoring upto '{        margin-top: 0;'. [1:4283: {]
16-08-2024 16:22:08.410Z;errorhandler.__handle;  CSSStyleDeclaration: Unexpected token, ignoring upto '}'. [1:4313: }]
16-08-2024 16:22:08.410Z;errorhandler.__handle;  CSSStyleDeclaration: Unexpected token, ignoring upto '{        text-align: center;'. [1:4336: {]
16-08-2024 16:22:08.410Z;errorhandler.__handle;  CSSStyleDeclaration: Unexpected token, ignoring upto '}'. [1:4371: }]
16-08-2024 16:22:08.410Z;errorhandler.__handle;  CSSStyleDeclaration: Unexpected token, ignoring upto '{        text-align: right;'. [1:4393: {]
16-08-2024 16:22:08.410Z;errorhandler.__handle;  CSSStyleDeclaration: Unexpected token, ignoring upto '}'. [1:4427: }]
16-08-2024 16:22:08.410Z;errorhandler.__handle;  CSSStyleDeclaration: Unexpected token, ignoring upto '{        text-align: left;'. [1:4448: {]
16-08-2024 16:22:08.410Z;errorhandler.__handle;  CSSStyleDeclaration: Unexpected token, ignoring upto '}'. [1:4481: }]
16-08-2024 16:22:08.410Z;errorhandler.__handle;  CSSStyleDeclaration: Unexpected token, ignoring upto '{        clear: both;'. [1:4497: {]
16-08-2024 16:22:08.410Z;errorhandler.__handle;  CSSStyleDeclaration: Unexpected token, ignoring upto '}'. [1:4525: }]
16-08-2024 16:22:08.410Z;errorhandler.__handle;  CSSStyleDeclaration: Unexpected token, ignoring upto '{        margin-top: 0;'. [1:4539: {]
16-08-2024 16:22:08.410Z;errorhandler.__handle;  CSSStyleDeclaration: Unexpected token, ignoring upto '}'. [1:4569: }]
16-08-2024 16:22:08.410Z;errorhandler.__handle;  CSSStyleDeclaration: Unexpected token, ignoring upto '{        margin-bottom: 0;'. [1:4583: {]
16-08-2024 16:22:08.410Z;errorhandler.__handle;  CSSStyleDeclaration: Unexpected token, ignoring upto '}'. [1:4616: }]
16-08-2024 16:22:08.410Z;errorhandler.__handle;  CSSStyleDeclaration: Unexpected token, ignoring upto '{        color: transparent;'. [1:4636: {]
16-08-2024 16:22:08.410Z;errorhandler.__handle;  Property: Unknown Property name. [1:4799: mso-hide]
16-08-2024 16:22:08.410Z;errorhandler.__handle;  CSSStyleDeclaration: Unexpected token, ignoring upto '}'. [1:4864: }]
16-08-2024 16:22:08.410Z;errorhandler.__handle;  CSSStyleDeclaration: Unexpected token, ignoring upto '{        text-decoration: none;'. [1:4887: {]
16-08-2024 16:22:08.410Z;errorhandler.__handle;  CSSStyleDeclaration: Unexpected token, ignoring upto '}'. [1:4925: }]
16-08-2024 16:22:08.410Z;errorhandler.__handle;  CSSStyleDeclaration: Unexpected token, ignoring upto '{        border: 0;'. [1:4937: {]
16-08-2024 16:22:08.410Z;errorhandler.__handle;  CSSStyleDeclaration: Unexpected token, ignoring upto '}'. [1:5027: }]
16-08-2024 16:22:08.426Z;errorhandler.__handle;  CSSStyleRule: No selector found: '{        table.body h1 {{          font-size: 28px !important;          margin-bottom: 10px !important;         }}        table.body p,        table.body ul,        table.body ol,        table.body td,        table.body span,        table.body a {{          font-size: 16px !important;         }}        table.body .wrapper,        table.body .article {{          padding: 10px !important;         }}        table.body .content {{          padding: 0 !important;         }}        table.body .container {{          padding: 0 !important;          width: 100% !important;         }}        table.body .main {{          border-left-width: 0 !important;          border-radius: 0 !important;          border-right-width: 0 !important;         }}        table.body .btn table {{          width: 100% !important;         }}        table.body .btn a {{          width: 100% !important;         }}        table.body .img-responsive {{          height: auto !important;          max-width: 100% !important;          width: auto !important;         }}      }'. [1:5217: {]
16-08-2024 16:22:08.426Z;errorhandler.__handle;  SelectorList: Unknown Syntax: ''
16-08-2024 16:22:08.426Z;errorhandler.__handle;  Property: No ":" after name found: table.body h1 {{          font-size: 28px !important;          margin-bottom: 10px !important;         }}        table.body p,        table.body ul,        table.body ol,        table.body td,        table.body span,        table.body a {{          font-size: 16px !important;         }}        table.body .wrapper,        table.body .article {{          padding: 10px !important;         }}        table.body .content {{          padding: 0 !important;         }}        table.body .container {{          padding: 0 !important;          width: 100% !important;         }}        table.body .main {{          border-left-width: 0 !important;          border-radius: 0 !important;          border-right-width: 0 !important;         }}        table.body .btn table {{          width: 100% !important;         }}        table.body .btn a {{          width: 100% !important;         }}        table.body .img-responsive {{          height: auto !important;          max-width: 100% !important;          width: auto !important;         }}       [1:6259:       ]
16-08-2024 16:22:08.426Z;errorhandler.__handle;  Property: No property value found: table.body h1 {{          font-size: 28px !important;          margin-bottom: 10px !important;         }}        table.body p,        table.body ul,        table.body ol,        table.body td,        table.body span,        table.body a {{          font-size: 16px !important;         }}        table.body .wrapper,        table.body .article {{          padding: 10px !important;         }}        table.body .content {{          padding: 0 !important;         }}        table.body .container {{          padding: 0 !important;          width: 100% !important;         }}        table.body .main {{          border-left-width: 0 !important;          border-radius: 0 !important;          border-right-width: 0 !important;         }}        table.body .btn table {{          width: 100% !important;         }}        table.body .btn a {{          width: 100% !important;         }}        table.body .img-responsive {{          height: auto !important;          max-width: 100% !important;          width: auto !important;         }}       [1:6259:       ]
16-08-2024 16:22:08.426Z;errorhandler.__handle;  CSSStyleDeclaration: Syntax Error in Property: table.body h1 {{          font-size: 28px !important;          margin-bottom: 10px !important;         }}        table.body p,        table.body ul,        table.body ol,        table.body td,        table.body span,        table.body a {{          font-size: 16px !important;         }}        table.body .wrapper,        table.body .article {{          padding: 10px !important;         }}        table.body .content {{          padding: 0 !important;         }}        table.body .container {{          padding: 0 !important;          width: 100% !important;         }}        table.body .main {{          border-left-width: 0 !important;          border-radius: 0 !important;          border-right-width: 0 !important;         }}        table.body .btn table {{          width: 100% !important;         }}        table.body .btn a {{          width: 100% !important;         }}        table.body .img-responsive {{          height: auto !important;          max-width: 100% !important;          width: auto !important;         }}      
16-08-2024 16:22:08.426Z;errorhandler.__handle;  CSSStyleRule: No selector found: '{        .ExternalClass {{          width: 100%;         }}        .ExternalClass,        .ExternalClass p,        .ExternalClass span,        .ExternalClass font,        .ExternalClass td,        .ExternalClass div {{          line-height: 100%;         }}        .apple-link a {{          color: inherit !important;          font-family: inherit !important;          font-size: inherit !important;          font-weight: inherit !important;          line-height: inherit !important;          text-decoration: none !important;         }}        #MessageViewBody a {{          color: inherit;          text-decoration: none;          font-size: inherit;          font-family: inherit;          font-weight: inherit;          line-height: inherit;        }}        .btn-primary table td:hover {{          background-color: #34495e !important;         }}        .btn-primary a:hover {{          background-color: #34495e !important;          border-color: #34495e !important;         }}       }'. [1:6420: {]
16-08-2024 16:22:08.426Z;errorhandler.__handle;  SelectorList: Unknown Syntax: ''
16-08-2024 16:22:08.426Z;errorhandler.__handle;  CSSStyleDeclaration: Unexpected token, ignoring upto '.ExternalClass {{          width: 100%;         }}        .ExternalClass,        .ExternalClass p,        .ExternalClass span,        .ExternalClass font,        .ExternalClass td,        .ExternalClass div {{          line-height: 100%;         }}        .apple-link a {{          color: inherit !important;          font-family: inherit !important;          font-size: inherit !important;          font-weight: inherit !important;          line-height: inherit !important;          text-decoration: none !important;         }}        #MessageViewBody a {{          color: inherit;          text-decoration: none;          font-size: inherit;          font-family: inherit;          font-weight: inherit;          line-height: inherit;        }}        .btn-primary table td:hover {{          background-color: #34495e !important;         }}        .btn-primary a:hover {{          background-color: #34495e !important;          border-color: #34495e !important;         }}       '. [1:6429: .]
16-08-2024 16:22:08.426Z;errorhandler.__handle;  Property: Unknown Property name. [1:1: -ms-interpolation-mode]
16-08-2024 16:22:08.426Z;errorhandler.__handle;  Property: Unknown Property name. [1:24: -webkit-font-smoothing]
16-08-2024 16:22:08.426Z;errorhandler.__handle;  Property: Unknown Property name. [1:109: -ms-text-size-adjust]
16-08-2024 16:22:08.426Z;errorhandler.__handle;  Property: Unknown Property name. [1:135: -webkit-text-size-adjust]
16-08-2024 16:22:08.426Z;errorhandler.__handle;  Property: Unknown Property name. [1:1: mso-table-lspace]
16-08-2024 16:22:08.426Z;errorhandler.__handle;  Property: Unknown Property name. [1:20: mso-table-rspace]
16-08-2024 16:22:08.441Z;errorhandler.__handle;  Property: Unknown Property name. [1:74: mso-hide]
16-08-2024 16:22:08.441Z;errorhandler.__handle;  Property: No ":" after name found: align-center [1:1: align-center]
16-08-2024 16:22:08.441Z;errorhandler.__handle;  Property: No property value found: align-center [1:1: align-center]
16-08-2024 16:22:08.441Z;errorhandler.__handle;  CSSStyleDeclaration: Syntax Error in Property: align-center
16-08-2024 16:22:08.441Z;errorhandler.__handle;  Property: Unknown Property name. [1:1: -ms-interpolation-mode]
16-08-2024 16:22:11.051Z;functions.emailSuccess;  Success e-mail sent.
16-08-2024 16:22:11.910Z;main.<module>;  BOT FÉRIAS/RESCISÃO FINALIZADO
16-08-2024 16:22:12.832Z;errorhandler.__handle;  Property: Unknown Property name. [1:203: -ms-interpolation-mode]
16-08-2024 16:22:12.848Z;errorhandler.__handle;  Property: Unknown Property name. [1:353: -webkit-font-smoothing]
16-08-2024 16:22:12.848Z;errorhandler.__handle;  Property: Unknown Property name. [1:483: -ms-text-size-adjust]
16-08-2024 16:22:12.848Z;errorhandler.__handle;  Property: Unknown Property name. [1:518: -webkit-text-size-adjust]
16-08-2024 16:22:12.848Z;errorhandler.__handle;  Property: Unknown Property name. [1:612: mso-table-lspace]
16-08-2024 16:22:12.848Z;errorhandler.__handle;  Property: Unknown Property name. [1:642: mso-table-rspace]
16-08-2024 16:22:12.879Z;errorhandler.__handle;  Property: Unknown Property name. [1:4734: mso-hide]
16-08-2024 16:22:12.895Z;errorhandler.__handle;  Property: Unknown Property name. [1:13: -ms-interpolation-mode]
16-08-2024 16:22:12.910Z;errorhandler.__handle;  Property: Unknown Property name. [1:49: -webkit-font-smoothing]
16-08-2024 16:22:12.910Z;errorhandler.__handle;  Property: Unknown Property name. [1:134: -ms-text-size-adjust]
16-08-2024 16:22:12.910Z;errorhandler.__handle;  Property: Unknown Property name. [1:160: -webkit-text-size-adjust]
16-08-2024 16:22:12.910Z;errorhandler.__handle;  Property: Unknown Property name. [1:26: mso-table-lspace]
16-08-2024 16:22:12.910Z;errorhandler.__handle;  Property: Unknown Property name. [1:45: mso-table-rspace]
16-08-2024 16:22:12.910Z;errorhandler.__handle;  Property: Unknown Property name. [1:92: mso-hide]
16-08-2024 16:22:12.910Z;errorhandler.__handle;  Property: Unknown Property name. [1:14: -ms-interpolation-mode]
16-08-2024 16:22:15.535Z;functions.emailFinalizado;  Finalizado e-mail sent.
16-08-2024 16:22:15.687Z;functions.encerra_prog;  RM ENCERRADO
