29-05-2024 06:00:31.241Z;functions.bot_text_art;      ____   
29-05-2024 06:00:31.241Z;functions.bot_text_art;     [____]    
29-05-2024 06:00:31.241Z;functions.bot_text_art;   |=]()()[=|  
29-05-2024 06:00:31.241Z;functions.bot_text_art;     _\==/__    _____    ____     _        _____    ___   _  __
29-05-2024 06:00:31.241Z;functions.bot_text_art;   |__|   |_|  |  _  \  / ___|   | |      |_   _| / ___| | |/ /
29-05-2024 06:00:31.241Z;functions.bot_text_art;   |_|_/\_|_|  | |  | | | |      | |        | |   | |    | ' / 
29-05-2024 06:00:31.241Z;functions.bot_text_art;   | | __ | |  | |  | | | |      | |        | |   | |    |  <  
29-05-2024 06:00:31.241Z;functions.bot_text_art;   |_|[  ]|_|  | |__| | | |____  | |____   _| |_  | |__  | . \ 
29-05-2024 06:00:31.256Z;functions.bot_text_art;   \_|_||_|_/  |_____/   \_____| |______| |_____| \ ___| |_|\_\
29-05-2024 06:00:31.256Z;functions.bot_text_art;     |_||_|                                                     
29-05-2024 06:00:31.256Z;functions.bot_text_art;     | ||_|_   
29-05-2024 06:00:31.256Z;functions.bot_text_art;   |___||___|  
29-05-2024 06:00:31.256Z;functions.bot_text_art;               
29-05-2024 06:00:31.740Z;functions.open_RM;  OPEN PROGRAM RM
29-05-2024 06:00:50.318Z;functions.loggin_RM;  ENTRAR USER_NAME
29-05-2024 06:00:54.460Z;functions.loggin_RM;  ENTRAR PASSWORD
29-05-2024 06:00:56.271Z;functions.loggin_RM;  ENTRAR RM
29-05-2024 06:01:49.817Z;functions.enter_coligada;  CLICK CONTEXTO
29-05-2024 06:01:55.271Z;functions.enter_coligada;  CLICK ALTERAR MODULO DO CONTEXTO
29-05-2024 06:01:59.318Z;functions.enter_coligada;  INSERE O COLIGADA CODE = 1
29-05-2024 06:01:59.428Z;functions.enter_coligada;  APERTA TAB PARA PREENCHER O CAMPO COM A STRING: OCEANICA ENGENHARIA E CONSULTORIA S.A.
29-05-2024 06:02:01.661Z;functions.enter_coligada;  CLICK AVANÇAR NOVAMENTE
29-05-2024 06:02:03.114Z;functions.enter_coligada;  CLICK CONCLUIR
29-05-2024 06:02:19.958Z;functions.enter_coligada;  POP UP COLIGADA DESAPARECER
29-05-2024 06:02:21.021Z;functions.check_movimentacao_bancaria;  CLICK - TOTVS - LINHA RM
29-05-2024 06:02:22.912Z;functions.check_movimentacao_bancaria;  CLICK - BACK OFFICE
29-05-2024 06:02:24.020Z;functions.check_movimentacao_bancaria;  CLICK - GESTAO FINANCEIRA
29-05-2024 06:02:30.161Z;functions.movimentacao_bancaria;  CLICK NA ABA MOVIMENTAÇÃO BANCARIA
29-05-2024 06:02:32.618Z;functions.waitForImage;  IMAGEM BORDERO image found.
29-05-2024 06:02:34.741Z;functions.movimentacao_bancaria;  IMAGEM BORDERO CLICADA.
29-05-2024 06:02:45.054Z;functions.waitForImage;  LICENCAS EXCEDIDAS image not found.
29-05-2024 06:02:45.833Z;functions.movimentacao_bancaria;  ENCONTROU O FILTRO DA MOVIMENTAÇÃO BANCÁRIA
29-05-2024 06:02:45.880Z;functions.movimentacao_bancaria;  CLICA NA ABA SUPERIOR DO FILTRO
29-05-2024 06:02:50.090Z;functions.movimentacao_bancaria;  SELECIONA O FILTRO HOJE
29-05-2024 06:02:54.571Z;functions.waitForImage;  FILTER CLEAN image found.
29-05-2024 06:02:56.695Z;functions.filter_clean;  CLICK NO BOTÃO X DO LIMPA FILTRO
29-05-2024 06:02:57.046Z;functions.waitForImage;  FILTER CLEAN image found.
29-05-2024 06:02:59.175Z;functions.filter_clean;  CLICK NO BOTÃO X DO LIMPA FILTRO
29-05-2024 06:03:14.740Z;functions.waitForImage;  FILTER CLEAN image not found.
29-05-2024 06:03:18.848Z;functions.movimentacao_bancaria;  CLICK NA PRIMEIRA LINHA DA TABELA MOVIMENTAÇÃO BANCÁRIA
29-05-2024 06:03:20.083Z;functions.movimentacao_bancaria;  12 PASSOS PARA DIREITA NA TABELA >>
29-05-2024 06:03:22.599Z;functions.movimentacao_bancaria;  HOVER FILTER
29-05-2024 06:03:23.457Z;functions.movimentacao_bancaria;  CLICK FILTER
29-05-2024 06:03:27.785Z;functions.movimentacao_bancaria;  CLICK NO FILTRO  STATUS DA REMESSA
29-05-2024 06:03:29.888Z;functions.movimentacao_bancaria;  APERTA TAB PARA ESCREVER O FILTRO
29-05-2024 06:03:32.001Z;functions.movimentacao_bancaria;  ESCREVE PENDENTE NO FILTRO
29-05-2024 06:03:34.113Z;functions.movimentacao_bancaria;  APERTA ENTER PARA SELECIONAR OS PENDENTES
29-05-2024 06:03:52.475Z;functions.movimentacao_bancaria;  SEM PROCESSAMENTO DE BORDERO PENDENTE.
29-05-2024 06:03:57.803Z;functions.waitForImage;  FILTER CLEAN image found.
29-05-2024 06:03:59.933Z;functions.filter_clean;  CLICK NO BOTÃO X DO LIMPA FILTRO
29-05-2024 06:04:15.433Z;functions.waitForImage;  FILTER CLEAN image not found.
29-05-2024 06:04:30.895Z;functions.waitForImage;  FILTER CLEAN image not found.
29-05-2024 06:04:33.224Z;functions.remessa_pagamento;  CLICK NA PRIMEIRA LINHA DA TABELA MOVIMENTAÇÃO BANCÁRIA
29-05-2024 06:04:35.739Z;functions.remessa_pagamento;  HOVER FILTER
29-05-2024 06:04:36.415Z;functions.remessa_pagamento;  CLICK FILTER
29-05-2024 06:04:40.749Z;functions.remessa_pagamento;  CLICK NO FILTRO  STATUS DA REMESSA
29-05-2024 06:04:42.852Z;functions.remessa_pagamento;  APERTA TAB PARA ESCREVER O FILTRO
29-05-2024 06:04:44.970Z;functions.remessa_pagamento;  ESCREVE AUTORIZADO NO FILTRO
29-05-2024 06:04:47.073Z;functions.remessa_pagamento;  APERTA ENTER PARA SELECIONAR OS AUTORIZADO
29-05-2024 06:05:05.411Z;functions.remessa_pagamento;  SEM REMESSA DE BORDERO AUTORIZADO
29-05-2024 06:05:06.489Z;functions.enter_contas_a_pagar;  CLICK - TOTVS - LINHA RM
29-05-2024 06:05:08.036Z;functions.enter_contas_a_pagar;  CLICK - BACK OFFICE
29-05-2024 06:05:09.147Z;functions.enter_contas_a_pagar;  CLICK - GESTAO FINANCEIRA
29-05-2024 06:05:15.271Z;functions.enter_contas_a_pagar;  CLICK - CONTAS A PAGAR
29-05-2024 06:05:16.464Z;functions.waitForImage;  LANÇAMENTOS image found.
29-05-2024 06:05:18.588Z;functions.enter_contas_a_pagar;  CLICA EM LANÇAMENTOS
29-05-2024 06:05:34.155Z;functions.waitForImage;  LICENCAS EXCEDIDAS image not found.
29-05-2024 06:05:34.155Z;functions.obter_intervalo_data;  VERIFICANDO A HORA ATUAL 6
29-05-2024 06:05:34.187Z;functions.obter_intervalo_data;  Data Inicial FERIAS/RESCISAO antes da remoção: None
29-05-2024 06:05:34.187Z;functions.obter_intervalo_data;  Data Final FERIAS/RESCISAO antes da remoção: None
29-05-2024 06:05:34.187Z;functions.obter_intervalo_data;  Data Inicial FERIAS/RESCISAO após a remoção: None
29-05-2024 06:05:34.187Z;functions.obter_intervalo_data;  Data Final FERIAS/RESCISAO após a remoção: None
29-05-2024 06:05:34.187Z;functions.obter_intervalo_data;  hoje -  2024-05-29 06:05:34.187273
29-05-2024 06:05:34.187Z;functions.data_filter;  DATA INICIO 05-06-2024
29-05-2024 06:05:34.187Z;functions.data_filter;  DATA FIM 11-06-2024
29-05-2024 06:05:34.187Z;functions.data_filter;  CLICK - SELECIONA A DATA DE QUARTA FEIRA E DA PROXIMA TERÇA
29-05-2024 06:05:34.187Z;functions.data_filter;  QUARTA-FEIRA: 05-06-2024
29-05-2024 06:05:34.187Z;functions.data_filter;  TERCA-FEIRA: 11-06-2024
29-05-2024 06:05:48.176Z;functions.data_filter;  CLICK - BUTÃO DE SELECAO DE FILTRO
29-05-2024 06:05:52.990Z;functions.data_filter;  INSERE - DATA DE QUARTA-FEIRA: 05-06-2024
29-05-2024 06:05:57.599Z;functions.data_filter;  INSERE - DATA DA PROX TERCA-FEIRA: 11-06-2024
29-05-2024 06:05:58.849Z;functions.data_filter;  CLICK - BUTÃO DE EXECUTAR O FILTRO
29-05-2024 06:06:06.474Z;functions.desmark_filter;  CLICK CHECKBOX LANÇAMENTOS A RECEBER
29-05-2024 06:06:09.412Z;functions.desmark_filter;  CLICK CHECKBOX LANÇAMENTOS BAIXADOS
29-05-2024 06:06:12.489Z;functions.desmark_filter;  CLICK CHECKBOX LANÇAMENTOS CANCELADOS
29-05-2024 06:06:15.879Z;functions.desmark_filter;  CLICK CHECKBOX LANÇAMENTOS FATURADOS
29-05-2024 06:06:19.411Z;functions.desmark_filter;  ATUALIZA O FILTRO
29-05-2024 06:06:19.771Z;functions.waitForImage;  FILTER CLEAN image found.
29-05-2024 06:06:21.879Z;functions.filter_clean;  CLICK NO BOTÃO X DO LIMPA FILTRO
29-05-2024 06:06:37.416Z;functions.waitForImage;  FILTER CLEAN image not found.
29-05-2024 06:06:52.786Z;functions.waitForImage;  FILTER CLEAN image not found.
29-05-2024 06:06:55.864Z;functions.tabela_vazia;  Texto extraido 0/0
29-05-2024 06:06:55.864Z;functions.tabela_vazia;  Count 0
29-05-2024 06:06:55.864Z;functions.tabela_vazia;  Type <class 'int'>
29-05-2024 06:06:57.878Z;functions.tabela_vazia;  SEM REMESSA DE FÉRIAS/RESCISÃO
29-05-2024 06:06:59.879Z;main.<module>;  SEM REMESSA DE FÉRIAS/RESCISÃO
29-05-2024 06:07:03.615Z;errorhandler.__handle;  Property: Unknown Property name. [1:203: -ms-interpolation-mode]
29-05-2024 06:07:03.662Z;errorhandler.__handle;  Property: Unknown Property name. [1:353: -webkit-font-smoothing]
29-05-2024 06:07:03.689Z;errorhandler.__handle;  Property: Unknown Property name. [1:483: -ms-text-size-adjust]
29-05-2024 06:07:03.691Z;errorhandler.__handle;  Property: Unknown Property name. [1:518: -webkit-text-size-adjust]
29-05-2024 06:07:03.694Z;errorhandler.__handle;  Property: Unknown Property name. [1:612: mso-table-lspace]
29-05-2024 06:07:03.695Z;errorhandler.__handle;  Property: Unknown Property name. [1:642: mso-table-rspace]
29-05-2024 06:07:03.926Z;errorhandler.__handle;  Property: Unknown Property name. [1:4734: mso-hide]
29-05-2024 06:07:04.035Z;errorhandler.__handle;  Property: Unknown Property name. [1:13: -ms-interpolation-mode]
29-05-2024 06:07:04.035Z;errorhandler.__handle;  Property: Unknown Property name. [1:49: -webkit-font-smoothing]
29-05-2024 06:07:04.035Z;errorhandler.__handle;  Property: Unknown Property name. [1:134: -ms-text-size-adjust]
29-05-2024 06:07:04.051Z;errorhandler.__handle;  Property: Unknown Property name. [1:160: -webkit-text-size-adjust]
29-05-2024 06:07:04.051Z;errorhandler.__handle;  Property: Unknown Property name. [1:26: mso-table-lspace]
29-05-2024 06:07:04.051Z;errorhandler.__handle;  Property: Unknown Property name. [1:45: mso-table-rspace]
29-05-2024 06:07:04.082Z;errorhandler.__handle;  Property: Unknown Property name. [1:92: mso-hide]
29-05-2024 06:07:04.098Z;errorhandler.__handle;  Property: No ":" after name found: align-center [1:1: align-center]
29-05-2024 06:07:04.098Z;errorhandler.__handle;  Property: No property value found: align-center [1:1: align-center]
29-05-2024 06:07:04.098Z;errorhandler.__handle;  CSSStyleDeclaration: Syntax Error in Property: align-center
29-05-2024 06:07:04.098Z;errorhandler.__handle;  Property: Unknown Property name. [1:14: -ms-interpolation-mode]
29-05-2024 06:07:06.707Z;functions.emailFinalizado;  Finalizado e-mail sent.
29-05-2024 06:07:07.145Z;functions.encerra_prog;  RM ENCERRADO
