29-05-2024 14:01:04.551Z;functions.bot_text_art;      ____   
29-05-2024 14:01:04.551Z;functions.bot_text_art;     [____]    
29-05-2024 14:01:04.551Z;functions.bot_text_art;   |=]()()[=|  
29-05-2024 14:01:04.551Z;functions.bot_text_art;     _\==/__    _____    ____     _        _____    ___   _  __
29-05-2024 14:01:04.551Z;functions.bot_text_art;   |__|   |_|  |  _  \  / ___|   | |      |_   _| / ___| | |/ /
29-05-2024 14:01:04.551Z;functions.bot_text_art;   |_|_/\_|_|  | |  | | | |      | |        | |   | |    | ' / 
29-05-2024 14:01:04.551Z;functions.bot_text_art;   | | __ | |  | |  | | | |      | |        | |   | |    |  <  
29-05-2024 14:01:04.551Z;functions.bot_text_art;   |_|[  ]|_|  | |__| | | |____  | |____   _| |_  | |__  | . \ 
29-05-2024 14:01:04.551Z;functions.bot_text_art;   \_|_||_|_/  |_____/   \_____| |______| |_____| \ ___| |_|\_\
29-05-2024 14:01:04.551Z;functions.bot_text_art;     |_||_|                                                     
29-05-2024 14:01:04.551Z;functions.bot_text_art;     | ||_|_   
29-05-2024 14:01:04.551Z;functions.bot_text_art;   |___||___|  
29-05-2024 14:01:04.551Z;functions.bot_text_art;               
29-05-2024 14:01:05.473Z;functions.open_RM;  OPEN PROGRAM RM
29-05-2024 14:01:36.481Z;functions.loggin_RM;  ENTRAR USER_NAME
29-05-2024 14:01:40.652Z;functions.loggin_RM;  ENTRAR PASSWORD
29-05-2024 14:01:42.559Z;functions.loggin_RM;  ENTRAR RM
29-05-2024 14:02:40.246Z;functions.enter_coligada;  CLICK CONTEXTO
29-05-2024 14:02:45.809Z;functions.enter_coligada;  CLICK ALTERAR MODULO DO CONTEXTO
29-05-2024 14:02:50.025Z;functions.enter_coligada;  INSERE O COLIGADA CODE = 1
29-05-2024 14:02:50.127Z;functions.enter_coligada;  APERTA TAB PARA PREENCHER O CAMPO COM A STRING: OCEANICA ENGENHARIA E CONSULTORIA S.A.
29-05-2024 14:02:52.090Z;functions.enter_coligada;  CLICK AVANÇAR NOVAMENTE
29-05-2024 14:02:53.621Z;functions.enter_coligada;  CLICK CONCLUIR
29-05-2024 14:03:12.246Z;functions.enter_coligada;  POP UP COLIGADA DESAPARECER
29-05-2024 14:03:13.371Z;functions.check_movimentacao_bancaria;  CLICK - TOTVS - LINHA RM
29-05-2024 14:03:15.261Z;functions.check_movimentacao_bancaria;  CLICK - BACK OFFICE
29-05-2024 14:03:16.669Z;functions.check_movimentacao_bancaria;  CLICK - GESTAO FINANCEIRA
29-05-2024 14:03:23.058Z;functions.movimentacao_bancaria;  CLICK NA ABA MOVIMENTAÇÃO BANCARIA
29-05-2024 14:03:25.527Z;functions.waitForImage;  IMAGEM BORDERO image found.
29-05-2024 14:03:27.657Z;functions.movimentacao_bancaria;  IMAGEM BORDERO CLICADA.
29-05-2024 14:03:37.990Z;functions.waitForImage;  LICENCAS EXCEDIDAS image not found.
29-05-2024 14:03:38.793Z;functions.movimentacao_bancaria;  ENCONTROU O FILTRO DA MOVIMENTAÇÃO BANCÁRIA
29-05-2024 14:03:38.839Z;functions.movimentacao_bancaria;  CLICA NA ABA SUPERIOR DO FILTRO
29-05-2024 14:03:43.050Z;functions.movimentacao_bancaria;  SELECIONA O FILTRO HOJE
29-05-2024 14:03:48.367Z;functions.waitForImage;  FILTER CLEAN image found.
29-05-2024 14:03:50.499Z;functions.filter_clean;  CLICK NO BOTÃO X DO LIMPA FILTRO
29-05-2024 14:03:50.857Z;functions.waitForImage;  FILTER CLEAN image found.
29-05-2024 14:03:52.976Z;functions.filter_clean;  CLICK NO BOTÃO X DO LIMPA FILTRO
29-05-2024 14:04:08.486Z;functions.waitForImage;  FILTER CLEAN image not found.
29-05-2024 14:04:12.730Z;functions.movimentacao_bancaria;  CLICK NA PRIMEIRA LINHA DA TABELA MOVIMENTAÇÃO BANCÁRIA
29-05-2024 14:04:13.955Z;functions.movimentacao_bancaria;  12 PASSOS PARA DIREITA NA TABELA >>
29-05-2024 14:04:16.544Z;functions.movimentacao_bancaria;  HOVER FILTER
29-05-2024 14:04:17.399Z;functions.movimentacao_bancaria;  CLICK FILTER
29-05-2024 14:04:21.822Z;functions.movimentacao_bancaria;  CLICK NO FILTRO  STATUS DA REMESSA
29-05-2024 14:04:23.926Z;functions.movimentacao_bancaria;  APERTA TAB PARA ESCREVER O FILTRO
29-05-2024 14:04:26.040Z;functions.movimentacao_bancaria;  ESCREVE PENDENTE NO FILTRO
29-05-2024 14:04:28.143Z;functions.movimentacao_bancaria;  APERTA ENTER PARA SELECIONAR OS PENDENTES
29-05-2024 14:04:46.793Z;functions.movimentacao_bancaria;  SEM PROCESSAMENTO DE BORDERO PENDENTE.
29-05-2024 14:04:52.169Z;functions.waitForImage;  FILTER CLEAN image found.
29-05-2024 14:04:54.320Z;functions.filter_clean;  CLICK NO BOTÃO X DO LIMPA FILTRO
29-05-2024 14:05:10.079Z;functions.waitForImage;  FILTER CLEAN image not found.
29-05-2024 14:05:25.338Z;functions.waitForImage;  FILTER CLEAN image not found.
29-05-2024 14:05:27.763Z;functions.remessa_pagamento;  CLICK NA PRIMEIRA LINHA DA TABELA MOVIMENTAÇÃO BANCÁRIA
29-05-2024 14:05:30.341Z;functions.remessa_pagamento;  HOVER FILTER
29-05-2024 14:05:31.041Z;functions.remessa_pagamento;  CLICK FILTER
29-05-2024 14:05:35.375Z;functions.remessa_pagamento;  CLICK NO FILTRO  STATUS DA REMESSA
29-05-2024 14:05:37.478Z;functions.remessa_pagamento;  APERTA TAB PARA ESCREVER O FILTRO
29-05-2024 14:05:39.597Z;functions.remessa_pagamento;  ESCREVE AUTORIZADO NO FILTRO
29-05-2024 14:05:41.700Z;functions.remessa_pagamento;  APERTA ENTER PARA SELECIONAR OS AUTORIZADO
29-05-2024 14:06:00.402Z;functions.remessa_pagamento;  SEM REMESSA DE BORDERO AUTORIZADO
29-05-2024 14:06:01.543Z;functions.enter_contas_a_pagar;  CLICK - TOTVS - LINHA RM
29-05-2024 14:06:03.167Z;functions.enter_contas_a_pagar;  CLICK - BACK OFFICE
29-05-2024 14:06:04.309Z;functions.enter_contas_a_pagar;  CLICK - GESTAO FINANCEIRA
29-05-2024 14:06:10.964Z;functions.enter_contas_a_pagar;  CLICK - CONTAS A PAGAR
29-05-2024 14:06:12.091Z;functions.waitForImage;  LANÇAMENTOS image found.
29-05-2024 14:06:14.218Z;functions.enter_contas_a_pagar;  CLICA EM LANÇAMENTOS
29-05-2024 14:06:29.438Z;functions.waitForImage;  LICENCAS EXCEDIDAS image not found.
29-05-2024 14:06:29.438Z;functions.obter_intervalo_data;  VERIFICANDO A HORA ATUAL 14
29-05-2024 14:06:29.469Z;functions.obter_intervalo_data;  Data Inicial FERIAS/RESCISAO antes da remoção: None
29-05-2024 14:06:29.469Z;functions.obter_intervalo_data;  Data Final FERIAS/RESCISAO antes da remoção: None
29-05-2024 14:06:29.469Z;functions.obter_intervalo_data;  Data Inicial FERIAS/RESCISAO após a remoção: None
29-05-2024 14:06:29.469Z;functions.obter_intervalo_data;  Data Final FERIAS/RESCISAO após a remoção: None
29-05-2024 14:06:29.469Z;functions.obter_intervalo_data;  hoje -  2024-05-29 14:06:29.469650
29-05-2024 14:06:29.469Z;functions.data_filter;  DATA INICIO 05-06-2024
29-05-2024 14:06:29.469Z;functions.data_filter;  DATA FIM 11-06-2024
29-05-2024 14:06:29.469Z;functions.data_filter;  CLICK - SELECIONA A DATA DE QUARTA FEIRA E DA PROXIMA TERÇA
29-05-2024 14:06:29.469Z;functions.data_filter;  QUARTA-FEIRA: 05-06-2024
29-05-2024 14:06:29.469Z;functions.data_filter;  TERCA-FEIRA: 11-06-2024
29-05-2024 14:06:43.589Z;functions.data_filter;  CLICK - BUTÃO DE SELECAO DE FILTRO
29-05-2024 14:06:48.465Z;functions.data_filter;  INSERE - DATA DE QUARTA-FEIRA: 05-06-2024
29-05-2024 14:06:53.168Z;functions.data_filter;  INSERE - DATA DA PROX TERCA-FEIRA: 11-06-2024
29-05-2024 14:06:54.482Z;functions.data_filter;  CLICK - BUTÃO DE EXECUTAR O FILTRO
29-05-2024 14:07:02.105Z;functions.desmark_filter;  CLICK CHECKBOX LANÇAMENTOS A RECEBER
29-05-2024 14:07:04.622Z;functions.desmark_filter;  CLICK CHECKBOX LANÇAMENTOS BAIXADOS
29-05-2024 14:07:07.559Z;functions.desmark_filter;  CLICK CHECKBOX LANÇAMENTOS CANCELADOS
29-05-2024 14:07:11.027Z;functions.desmark_filter;  CLICK CHECKBOX LANÇAMENTOS FATURADOS
29-05-2024 14:07:13.558Z;functions.desmark_filter;  ATUALIZA O FILTRO
29-05-2024 14:07:13.840Z;functions.waitForImage;  FILTER CLEAN image found.
29-05-2024 14:07:15.952Z;functions.filter_clean;  CLICK NO BOTÃO X DO LIMPA FILTRO
29-05-2024 14:07:31.714Z;functions.waitForImage;  FILTER CLEAN image not found.
29-05-2024 14:07:47.315Z;functions.waitForImage;  FILTER CLEAN image not found.
29-05-2024 14:07:50.715Z;functions.tabela_vazia;  Texto extraido 0/0
29-05-2024 14:07:50.715Z;functions.tabela_vazia;  Count 0
29-05-2024 14:07:50.715Z;functions.tabela_vazia;  Type <class 'int'>
29-05-2024 14:07:52.724Z;functions.tabela_vazia;  SEM REMESSA DE FÉRIAS/RESCISÃO
29-05-2024 14:07:54.725Z;main.<module>;  SEM REMESSA DE FÉRIAS/RESCISÃO
29-05-2024 14:07:57.917Z;errorhandler.__handle;  Property: Unknown Property name. [1:203: -ms-interpolation-mode]
29-05-2024 14:07:57.964Z;errorhandler.__handle;  Property: Unknown Property name. [1:353: -webkit-font-smoothing]
29-05-2024 14:07:57.980Z;errorhandler.__handle;  Property: Unknown Property name. [1:483: -ms-text-size-adjust]
29-05-2024 14:07:57.980Z;errorhandler.__handle;  Property: Unknown Property name. [1:518: -webkit-text-size-adjust]
29-05-2024 14:07:57.980Z;errorhandler.__handle;  Property: Unknown Property name. [1:612: mso-table-lspace]
29-05-2024 14:07:57.980Z;errorhandler.__handle;  Property: Unknown Property name. [1:642: mso-table-rspace]
29-05-2024 14:07:58.214Z;errorhandler.__handle;  Property: Unknown Property name. [1:4734: mso-hide]
29-05-2024 14:07:58.324Z;errorhandler.__handle;  Property: Unknown Property name. [1:13: -ms-interpolation-mode]
29-05-2024 14:07:58.324Z;errorhandler.__handle;  Property: Unknown Property name. [1:49: -webkit-font-smoothing]
29-05-2024 14:07:58.339Z;errorhandler.__handle;  Property: Unknown Property name. [1:134: -ms-text-size-adjust]
29-05-2024 14:07:58.339Z;errorhandler.__handle;  Property: Unknown Property name. [1:160: -webkit-text-size-adjust]
29-05-2024 14:07:58.339Z;errorhandler.__handle;  Property: Unknown Property name. [1:26: mso-table-lspace]
29-05-2024 14:07:58.339Z;errorhandler.__handle;  Property: Unknown Property name. [1:45: mso-table-rspace]
29-05-2024 14:07:58.371Z;errorhandler.__handle;  Property: Unknown Property name. [1:92: mso-hide]
29-05-2024 14:07:58.386Z;errorhandler.__handle;  Property: No ":" after name found: align-center [1:1: align-center]
29-05-2024 14:07:58.386Z;errorhandler.__handle;  Property: No property value found: align-center [1:1: align-center]
29-05-2024 14:07:58.386Z;errorhandler.__handle;  CSSStyleDeclaration: Syntax Error in Property: align-center
29-05-2024 14:07:58.402Z;errorhandler.__handle;  Property: Unknown Property name. [1:14: -ms-interpolation-mode]
29-05-2024 14:08:01.152Z;functions.emailFinalizado;  Finalizado e-mail sent.
29-05-2024 14:08:01.621Z;functions.encerra_prog;  RM ENCERRADO
