29-05-2024 20:00:39.523Z;functions.bot_text_art;      ____   
29-05-2024 20:00:39.523Z;functions.bot_text_art;     [____]    
29-05-2024 20:00:39.523Z;functions.bot_text_art;   |=]()()[=|  
29-05-2024 20:00:39.523Z;functions.bot_text_art;     _\==/__    _____    ____     _        _____    ___   _  __
29-05-2024 20:00:39.523Z;functions.bot_text_art;   |__|   |_|  |  _  \  / ___|   | |      |_   _| / ___| | |/ /
29-05-2024 20:00:39.523Z;functions.bot_text_art;   |_|_/\_|_|  | |  | | | |      | |        | |   | |    | ' / 
29-05-2024 20:00:39.523Z;functions.bot_text_art;   | | __ | |  | |  | | | |      | |        | |   | |    |  <  
29-05-2024 20:00:39.523Z;functions.bot_text_art;   |_|[  ]|_|  | |__| | | |____  | |____   _| |_  | |__  | . \ 
29-05-2024 20:00:39.523Z;functions.bot_text_art;   \_|_||_|_/  |_____/   \_____| |______| |_____| \ ___| |_|\_\
29-05-2024 20:00:39.523Z;functions.bot_text_art;     |_||_|                                                     
29-05-2024 20:00:39.523Z;functions.bot_text_art;     | ||_|_   
29-05-2024 20:00:39.523Z;functions.bot_text_art;   |___||___|  
29-05-2024 20:00:39.523Z;functions.bot_text_art;               
29-05-2024 20:00:40.147Z;functions.open_RM;  OPEN PROGRAM RM
29-05-2024 20:01:09.038Z;functions.loggin_RM;  ENTRAR USER_NAME
29-05-2024 20:01:13.258Z;functions.loggin_RM;  ENTRAR PASSWORD
29-05-2024 20:01:15.147Z;functions.loggin_RM;  ENTRAR RM
29-05-2024 20:02:12.990Z;functions.enter_coligada;  CLICK CONTEXTO
29-05-2024 20:02:18.444Z;functions.enter_coligada;  CLICK ALTERAR MODULO DO CONTEXTO
29-05-2024 20:02:22.581Z;functions.enter_coligada;  INSERE O COLIGADA CODE = 1
29-05-2024 20:02:22.684Z;functions.enter_coligada;  APERTA TAB PARA PREENCHER O CAMPO COM A STRING: OCEANICA ENGENHARIA E CONSULTORIA S.A.
29-05-2024 20:02:24.975Z;functions.enter_coligada;  CLICK AVANÇAR NOVAMENTE
29-05-2024 20:02:26.521Z;functions.enter_coligada;  CLICK CONCLUIR
29-05-2024 20:02:44.193Z;functions.enter_coligada;  POP UP COLIGADA DESAPARECER
29-05-2024 20:02:45.130Z;functions.check_movimentacao_bancaria;  CLICK - TOTVS - LINHA RM
29-05-2024 20:02:46.958Z;functions.check_movimentacao_bancaria;  CLICK - BACK OFFICE
29-05-2024 20:02:48.038Z;functions.check_movimentacao_bancaria;  CLICK - GESTAO FINANCEIRA
29-05-2024 20:02:54.537Z;functions.movimentacao_bancaria;  CLICK NA ABA MOVIMENTAÇÃO BANCARIA
29-05-2024 20:02:56.929Z;functions.waitForImage;  IMAGEM BORDERO image found.
29-05-2024 20:02:59.046Z;functions.movimentacao_bancaria;  IMAGEM BORDERO CLICADA.
29-05-2024 20:03:09.798Z;functions.waitForImage;  LICENCAS EXCEDIDAS image not found.
29-05-2024 20:03:10.599Z;functions.movimentacao_bancaria;  ENCONTROU O FILTRO DA MOVIMENTAÇÃO BANCÁRIA
29-05-2024 20:03:10.646Z;functions.movimentacao_bancaria;  CLICA NA ABA SUPERIOR DO FILTRO
29-05-2024 20:03:14.858Z;functions.movimentacao_bancaria;  SELECIONA O FILTRO HOJE
29-05-2024 20:03:20.069Z;functions.waitForImage;  FILTER CLEAN image found.
29-05-2024 20:03:22.190Z;functions.filter_clean;  CLICK NO BOTÃO X DO LIMPA FILTRO
29-05-2024 20:03:22.506Z;functions.waitForImage;  FILTER CLEAN image found.
29-05-2024 20:03:24.632Z;functions.filter_clean;  CLICK NO BOTÃO X DO LIMPA FILTRO
29-05-2024 20:03:39.866Z;functions.waitForImage;  FILTER CLEAN image not found.
29-05-2024 20:03:44.037Z;functions.movimentacao_bancaria;  CLICK NA PRIMEIRA LINHA DA TABELA MOVIMENTAÇÃO BANCÁRIA
29-05-2024 20:03:45.262Z;functions.movimentacao_bancaria;  12 PASSOS PARA DIREITA NA TABELA >>
29-05-2024 20:03:47.848Z;functions.movimentacao_bancaria;  HOVER FILTER
29-05-2024 20:03:48.742Z;functions.movimentacao_bancaria;  CLICK FILTER
29-05-2024 20:03:53.070Z;functions.movimentacao_bancaria;  CLICK NO FILTRO  STATUS DA REMESSA
29-05-2024 20:03:55.172Z;functions.movimentacao_bancaria;  APERTA TAB PARA ESCREVER O FILTRO
29-05-2024 20:03:57.286Z;functions.movimentacao_bancaria;  ESCREVE PENDENTE NO FILTRO
29-05-2024 20:03:59.389Z;functions.movimentacao_bancaria;  APERTA ENTER PARA SELECIONAR OS PENDENTES
29-05-2024 20:04:17.927Z;functions.movimentacao_bancaria;  SEM PROCESSAMENTO DE BORDERO PENDENTE.
29-05-2024 20:04:23.256Z;functions.waitForImage;  FILTER CLEAN image found.
29-05-2024 20:04:25.382Z;functions.filter_clean;  CLICK NO BOTÃO X DO LIMPA FILTRO
29-05-2024 20:04:40.716Z;functions.waitForImage;  FILTER CLEAN image not found.
29-05-2024 20:04:56.067Z;functions.waitForImage;  FILTER CLEAN image not found.
29-05-2024 20:04:58.099Z;functions.remessa_pagamento;  CLICK NA PRIMEIRA LINHA DA TABELA MOVIMENTAÇÃO BANCÁRIA
29-05-2024 20:05:00.443Z;functions.remessa_pagamento;  HOVER FILTER
29-05-2024 20:05:01.140Z;functions.remessa_pagamento;  CLICK FILTER
29-05-2024 20:05:05.493Z;functions.remessa_pagamento;  CLICK NO FILTRO  STATUS DA REMESSA
29-05-2024 20:05:07.596Z;functions.remessa_pagamento;  APERTA TAB PARA ESCREVER O FILTRO
29-05-2024 20:05:09.730Z;functions.remessa_pagamento;  ESCREVE AUTORIZADO NO FILTRO
29-05-2024 20:05:11.833Z;functions.remessa_pagamento;  APERTA ENTER PARA SELECIONAR OS AUTORIZADO
29-05-2024 20:05:30.443Z;functions.remessa_pagamento;  SEM REMESSA DE BORDERO AUTORIZADO
29-05-2024 20:05:31.442Z;functions.enter_contas_a_pagar;  CLICK - TOTVS - LINHA RM
29-05-2024 20:05:33.020Z;functions.enter_contas_a_pagar;  CLICK - BACK OFFICE
29-05-2024 20:05:34.130Z;functions.enter_contas_a_pagar;  CLICK - GESTAO FINANCEIRA
29-05-2024 20:05:40.521Z;functions.enter_contas_a_pagar;  CLICK - CONTAS A PAGAR
29-05-2024 20:05:41.666Z;functions.waitForImage;  LANÇAMENTOS image found.
29-05-2024 20:05:43.798Z;functions.enter_contas_a_pagar;  CLICA EM LANÇAMENTOS
29-05-2024 20:05:59.083Z;functions.waitForImage;  LICENCAS EXCEDIDAS image not found.
29-05-2024 20:05:59.083Z;functions.obter_intervalo_data;  VERIFICANDO A HORA ATUAL 20
29-05-2024 20:05:59.099Z;functions.obter_intervalo_data;  Data Inicial FERIAS/RESCISAO antes da remoção: None
29-05-2024 20:05:59.099Z;functions.obter_intervalo_data;  Data Final FERIAS/RESCISAO antes da remoção: None
29-05-2024 20:05:59.114Z;functions.obter_intervalo_data;  Data Inicial FERIAS/RESCISAO após a remoção: None
29-05-2024 20:05:59.114Z;functions.obter_intervalo_data;  Data Final FERIAS/RESCISAO após a remoção: None
29-05-2024 20:05:59.114Z;functions.obter_intervalo_data;  hoje -  2024-05-29 20:05:59.114642
29-05-2024 20:05:59.114Z;functions.data_filter;  DATA INICIO 05-06-2024
29-05-2024 20:05:59.114Z;functions.data_filter;  DATA FIM 11-06-2024
29-05-2024 20:05:59.114Z;functions.data_filter;  CLICK - SELECIONA A DATA DE QUARTA FEIRA E DA PROXIMA TERÇA
29-05-2024 20:05:59.114Z;functions.data_filter;  QUARTA-FEIRA: 05-06-2024
29-05-2024 20:05:59.114Z;functions.data_filter;  TERCA-FEIRA: 11-06-2024
29-05-2024 20:06:13.161Z;functions.data_filter;  CLICK - BUTÃO DE SELECAO DE FILTRO
29-05-2024 20:06:18.146Z;functions.data_filter;  INSERE - DATA DE QUARTA-FEIRA: 05-06-2024
29-05-2024 20:06:22.911Z;functions.data_filter;  INSERE - DATA DA PROX TERCA-FEIRA: 11-06-2024
29-05-2024 20:06:24.223Z;functions.data_filter;  CLICK - BUTÃO DE EXECUTAR O FILTRO
29-05-2024 20:06:31.864Z;functions.desmark_filter;  CLICK CHECKBOX LANÇAMENTOS A RECEBER
29-05-2024 20:06:34.693Z;functions.desmark_filter;  CLICK CHECKBOX LANÇAMENTOS BAIXADOS
29-05-2024 20:06:37.349Z;functions.desmark_filter;  CLICK CHECKBOX LANÇAMENTOS CANCELADOS
29-05-2024 20:06:40.225Z;functions.desmark_filter;  CLICK CHECKBOX LANÇAMENTOS FATURADOS
29-05-2024 20:06:43.552Z;functions.desmark_filter;  ATUALIZA O FILTRO
29-05-2024 20:06:58.717Z;functions.waitForImage;  FILTER CLEAN image not found.
29-05-2024 20:07:13.881Z;functions.waitForImage;  FILTER CLEAN image not found.
29-05-2024 20:07:29.004Z;functions.waitForImage;  FILTER CLEAN image not found.
29-05-2024 20:07:32.052Z;functions.tabela_vazia;  Texto extraido 0/0
29-05-2024 20:07:32.052Z;functions.tabela_vazia;  Count 0
29-05-2024 20:07:32.052Z;functions.tabela_vazia;  Type <class 'int'>
29-05-2024 20:07:34.061Z;functions.tabela_vazia;  SEM REMESSA DE FÉRIAS/RESCISÃO
29-05-2024 20:07:36.062Z;main.<module>;  SEM REMESSA DE FÉRIAS/RESCISÃO
29-05-2024 20:07:39.973Z;errorhandler.__handle;  Property: Unknown Property name. [1:203: -ms-interpolation-mode]
29-05-2024 20:07:40.020Z;errorhandler.__handle;  Property: Unknown Property name. [1:353: -webkit-font-smoothing]
29-05-2024 20:07:40.035Z;errorhandler.__handle;  Property: Unknown Property name. [1:483: -ms-text-size-adjust]
29-05-2024 20:07:40.035Z;errorhandler.__handle;  Property: Unknown Property name. [1:518: -webkit-text-size-adjust]
29-05-2024 20:07:40.035Z;errorhandler.__handle;  Property: Unknown Property name. [1:612: mso-table-lspace]
29-05-2024 20:07:40.035Z;errorhandler.__handle;  Property: Unknown Property name. [1:642: mso-table-rspace]
29-05-2024 20:07:40.285Z;errorhandler.__handle;  Property: Unknown Property name. [1:4734: mso-hide]
29-05-2024 20:07:40.379Z;errorhandler.__handle;  Property: Unknown Property name. [1:13: -ms-interpolation-mode]
29-05-2024 20:07:40.379Z;errorhandler.__handle;  Property: Unknown Property name. [1:49: -webkit-font-smoothing]
29-05-2024 20:07:40.379Z;errorhandler.__handle;  Property: Unknown Property name. [1:134: -ms-text-size-adjust]
29-05-2024 20:07:40.379Z;errorhandler.__handle;  Property: Unknown Property name. [1:160: -webkit-text-size-adjust]
29-05-2024 20:07:40.379Z;errorhandler.__handle;  Property: Unknown Property name. [1:26: mso-table-lspace]
29-05-2024 20:07:40.379Z;errorhandler.__handle;  Property: Unknown Property name. [1:45: mso-table-rspace]
29-05-2024 20:07:40.426Z;errorhandler.__handle;  Property: Unknown Property name. [1:92: mso-hide]
29-05-2024 20:07:40.442Z;errorhandler.__handle;  Property: No ":" after name found: align-center [1:1: align-center]
29-05-2024 20:07:40.442Z;errorhandler.__handle;  Property: No property value found: align-center [1:1: align-center]
29-05-2024 20:07:40.442Z;errorhandler.__handle;  CSSStyleDeclaration: Syntax Error in Property: align-center
29-05-2024 20:07:40.442Z;errorhandler.__handle;  Property: Unknown Property name. [1:14: -ms-interpolation-mode]
29-05-2024 20:07:43.364Z;functions.emailFinalizado;  Finalizado e-mail sent.
29-05-2024 20:07:43.860Z;functions.encerra_prog;  RM ENCERRADO
