20-03-2024 20:01:23.344Z;functions.bot_text_art;      ____   
20-03-2024 20:01:23.344Z;functions.bot_text_art;     [____]    
20-03-2024 20:01:23.344Z;functions.bot_text_art;   |=]()()[=|  
20-03-2024 20:01:23.344Z;functions.bot_text_art;     _\==/__    _____    ____     _        _____    ___   _  __
20-03-2024 20:01:23.344Z;functions.bot_text_art;   |__|   |_|  |  _  \  / ___|   | |      |_   _| / ___| | |/ /
20-03-2024 20:01:23.344Z;functions.bot_text_art;   |_|_/\_|_|  | |  | | | |      | |        | |   | |    | ' / 
20-03-2024 20:01:23.344Z;functions.bot_text_art;   | | __ | |  | |  | | | |      | |        | |   | |    |  <  
20-03-2024 20:01:23.344Z;functions.bot_text_art;   |_|[  ]|_|  | |__| | | |____  | |____   _| |_  | |__  | . \ 
20-03-2024 20:01:23.344Z;functions.bot_text_art;   \_|_||_|_/  |_____/   \_____| |______| |_____| \ ___| |_|\_\
20-03-2024 20:01:23.344Z;functions.bot_text_art;     |_||_|                                                     
20-03-2024 20:01:23.344Z;functions.bot_text_art;     | ||_|_   
20-03-2024 20:01:23.344Z;functions.bot_text_art;   |___||___|  
20-03-2024 20:01:23.344Z;functions.bot_text_art;               
20-03-2024 20:01:23.359Z;functions.open_RM;  OPEN PROGRAM RM
20-03-2024 20:01:42.890Z;functions.loggin_RM;  ENTRAR USER_NAME
20-03-2024 20:01:46.407Z;functions.loggin_RM;  ENTRAR PASSWORD
20-03-2024 20:01:47.687Z;functions.loggin_RM;  ENTRAR RM
20-03-2024 20:02:31.827Z;functions.enter_coligada;  CLICK CONTEXTO
20-03-2024 20:02:37.328Z;functions.enter_coligada;  CLICK ALTERAR MODULO DO CONTEXTO
20-03-2024 20:02:42.032Z;functions.enter_coligada;  INSERE O COLIGADA CODE = 1
20-03-2024 20:02:42.140Z;functions.enter_coligada;  APERTA TAB PARA PREENCHER O CAMPO COM A STRING: OCEANICA ENGENHARIA E CONSULTORIA S.A.
20-03-2024 20:02:44.047Z;functions.enter_coligada;  CLICK AVANÇAR NOVAMENTE
20-03-2024 20:02:45.578Z;functions.enter_coligada;  CLICK CONCLUIR
20-03-2024 20:03:25.265Z;functions.enter_coligada;  POP UP COLIGADA DESAPARECER
20-03-2024 20:03:26.155Z;functions.check_movimentacao_bancaria;  CLICK - TOTVS - LINHA RM
20-03-2024 20:03:28.250Z;functions.check_movimentacao_bancaria;  CLICK - BACK OFFICE
20-03-2024 20:03:29.264Z;functions.check_movimentacao_bancaria;  CLICK - GESTAO FINANCEIRA
20-03-2024 20:03:37.781Z;functions.movimentacao_bancaria;  CLICK NA ABA MOVIMENTAÇÃO BANCARIA
20-03-2024 20:03:40.187Z;functions.waitForImage;  IMAGEM BORDERO image found.
20-03-2024 20:03:42.315Z;functions.movimentacao_bancaria;  IMAGEM BORDERO CLICADA.
20-03-2024 20:04:02.903Z;functions.waitForImage;  LICENCAS EXCEDIDAS image not found.
20-03-2024 20:04:03.618Z;functions.movimentacao_bancaria;  ENCONTROU O FILTRO DA MOVIMENTAÇÃO BANCÁRIA
20-03-2024 20:04:03.665Z;functions.movimentacao_bancaria;  CLICA NA ABA SUPERIOR DO FILTRO
20-03-2024 20:04:07.878Z;functions.movimentacao_bancaria;  SELECIONA O FILTRO HOJE
20-03-2024 20:04:23.285Z;functions.waitForImage;  FILTER CLEAN image not found.
20-03-2024 20:04:38.657Z;functions.waitForImage;  FILTER CLEAN image not found.
20-03-2024 20:04:53.867Z;functions.waitForImage;  FILTER CLEAN image not found.
20-03-2024 20:04:57.375Z;functions.movimentacao_bancaria;  CLICK NA PRIMEIRA LINHA DA TABELA MOVIMENTAÇÃO BANCÁRIA
20-03-2024 20:04:58.622Z;functions.movimentacao_bancaria;  12 PASSOS PARA DIREITA NA TABELA >>
20-03-2024 20:05:00.593Z;functions.movimentacao_bancaria;  HOVER FILTER
20-03-2024 20:05:01.112Z;functions.movimentacao_bancaria;  CLICK FILTER
20-03-2024 20:05:05.451Z;functions.movimentacao_bancaria;  CLICK NO FILTRO  STATUS DA REMESSA
20-03-2024 20:05:07.557Z;functions.movimentacao_bancaria;  APERTA TAB PARA ESCREVER O FILTRO
20-03-2024 20:05:09.671Z;functions.movimentacao_bancaria;  ESCREVE PENDENTE NO FILTRO
20-03-2024 20:05:11.775Z;functions.movimentacao_bancaria;  APERTA ENTER PARA SELECIONAR OS PENDENTES
20-03-2024 20:05:31.772Z;functions.movimentacao_bancaria;  SEM PROCESSAMENTO DE BORDERO PENDENTE.
20-03-2024 20:05:37.094Z;functions.waitForImage;  FILTER CLEAN image found.
20-03-2024 20:05:39.221Z;functions.filter_clean;  CLICK NO BOTÃO X DO LIMPA FILTRO
20-03-2024 20:05:54.551Z;functions.waitForImage;  FILTER CLEAN image not found.
20-03-2024 20:06:10.031Z;functions.waitForImage;  FILTER CLEAN image not found.
20-03-2024 20:06:11.719Z;functions.remessa_pagamento;  CLICK NA PRIMEIRA LINHA DA TABELA MOVIMENTAÇÃO BANCÁRIA
20-03-2024 20:06:13.672Z;functions.remessa_pagamento;  HOVER FILTER
20-03-2024 20:06:14.155Z;functions.remessa_pagamento;  CLICK FILTER
20-03-2024 20:06:18.490Z;functions.remessa_pagamento;  CLICK NO FILTRO  STATUS DA REMESSA
20-03-2024 20:06:20.593Z;functions.remessa_pagamento;  APERTA TAB PARA ESCREVER O FILTRO
20-03-2024 20:06:22.712Z;functions.remessa_pagamento;  ESCREVE AUTORIZADO NO FILTRO
20-03-2024 20:06:24.816Z;functions.remessa_pagamento;  APERTA ENTER PARA SELECIONAR OS AUTORIZADO
20-03-2024 20:06:44.796Z;functions.remessa_pagamento;  SEM REMESSA DE BORDERO AUTORIZADO
20-03-2024 20:06:45.656Z;functions.enter_contas_a_pagar;  CLICK - TOTVS - LINHA RM
20-03-2024 20:06:47.406Z;functions.enter_contas_a_pagar;  CLICK - BACK OFFICE
20-03-2024 20:06:48.406Z;functions.enter_contas_a_pagar;  CLICK - GESTAO FINANCEIRA
20-03-2024 20:06:57.655Z;functions.enter_contas_a_pagar;  CLICK - CONTAS A PAGAR
20-03-2024 20:06:58.833Z;functions.waitForImage;  LANÇAMENTOS image found.
20-03-2024 20:07:00.966Z;functions.enter_contas_a_pagar;  CLICA EM LANÇAMENTOS
20-03-2024 20:07:16.609Z;functions.waitForImage;  LICENCAS EXCEDIDAS image not found.
20-03-2024 20:07:16.609Z;functions.obter_intervalo_data;  VERIFICANDO A HORA ATUAL 20
20-03-2024 20:07:16.625Z;functions.obter_intervalo_data;  Data Inicial FERIAS/RESCISAO antes da remoção: None
20-03-2024 20:07:16.625Z;functions.obter_intervalo_data;  Data Final FERIAS/RESCISAO antes da remoção: None
20-03-2024 20:07:16.625Z;functions.obter_intervalo_data;  Data Inicial FERIAS/RESCISAO após a remoção: None
20-03-2024 20:07:16.625Z;functions.obter_intervalo_data;  Data Final FERIAS/RESCISAO após a remoção: None
20-03-2024 20:07:16.625Z;functions.obter_intervalo_data;  hoje -  2024-03-20 20:07:16.625274
20-03-2024 20:07:16.625Z;functions.data_filter;  DATA INICIO 27-03-2024
20-03-2024 20:07:16.625Z;functions.data_filter;  DATA FIM 02-04-2024
20-03-2024 20:07:16.625Z;functions.data_filter;  CLICK - SELECIONA A DATA DE QUARTA FEIRA E DA PROXIMA TERÇA
20-03-2024 20:07:16.625Z;functions.data_filter;  QUARTA-FEIRA: 27-03-2024
20-03-2024 20:07:16.625Z;functions.data_filter;  TERCA-FEIRA: 02-04-2024
20-03-2024 20:07:20.812Z;functions.data_filter;  ESCREVE REMESSA BANCÁRIA NO FILTRO
20-03-2024 20:07:21.672Z;functions.data_filter;  CLICK - BUTÃO DE SELECAO DE FILTRO
20-03-2024 20:07:26.344Z;functions.data_filter;  INSERE - DATA DE QUARTA-FEIRA: 27-03-2024
20-03-2024 20:07:30.360Z;functions.data_filter;  INSERE - DATA DA PROX TERCA-FEIRA: 02-04-2024
20-03-2024 20:07:31.304Z;functions.data_filter;  CLICK - BUTÃO DE EXECUTAR O FILTRO
20-03-2024 20:07:38.015Z;functions.desmark_filter;  CLICK CHECKBOX LANÇAMENTOS A RECEBER
20-03-2024 20:07:39.890Z;functions.desmark_filter;  CLICK CHECKBOX LANÇAMENTOS BAIXADOS
20-03-2024 20:07:41.859Z;functions.desmark_filter;  CLICK CHECKBOX LANÇAMENTOS CANCELADOS
20-03-2024 20:07:43.905Z;functions.desmark_filter;  CLICK CHECKBOX LANÇAMENTOS FATURADOS
20-03-2024 20:07:46.124Z;functions.desmark_filter;  ATUALIZA O FILTRO
20-03-2024 20:07:46.547Z;functions.waitForImage;  FILTER CLEAN image found.
20-03-2024 20:07:48.655Z;functions.filter_clean;  CLICK NO BOTÃO X DO LIMPA FILTRO
20-03-2024 20:08:03.952Z;functions.waitForImage;  FILTER CLEAN image not found.
20-03-2024 20:08:19.001Z;functions.waitForImage;  FILTER CLEAN image not found.
20-03-2024 20:08:21.235Z;functions.tabela_vazia;  Texto extraido 0/0
20-03-2024 20:08:21.235Z;functions.tabela_vazia;  Count 0
20-03-2024 20:08:21.235Z;functions.tabela_vazia;  Type <class 'int'>
20-03-2024 20:08:23.243Z;functions.tabela_vazia;  SEM REMESSA DE FÉRIAS/RESCISÃO
20-03-2024 20:08:25.244Z;main.<module>;  SEM REMESSA DE FÉRIAS/RESCISÃO
20-03-2024 20:08:28.047Z;errorhandler.__handle;  Property: Unknown Property name. [1:203: -ms-interpolation-mode]
20-03-2024 20:08:28.094Z;errorhandler.__handle;  Property: Unknown Property name. [1:353: -webkit-font-smoothing]
20-03-2024 20:08:28.110Z;errorhandler.__handle;  Property: Unknown Property name. [1:483: -ms-text-size-adjust]
20-03-2024 20:08:28.110Z;errorhandler.__handle;  Property: Unknown Property name. [1:518: -webkit-text-size-adjust]
20-03-2024 20:08:28.110Z;errorhandler.__handle;  Property: Unknown Property name. [1:612: mso-table-lspace]
20-03-2024 20:08:28.110Z;errorhandler.__handle;  Property: Unknown Property name. [1:642: mso-table-rspace]
20-03-2024 20:08:28.344Z;errorhandler.__handle;  Property: Unknown Property name. [1:4734: mso-hide]
20-03-2024 20:08:28.454Z;errorhandler.__handle;  Property: Unknown Property name. [1:13: -ms-interpolation-mode]
20-03-2024 20:08:28.454Z;errorhandler.__handle;  Property: Unknown Property name. [1:49: -webkit-font-smoothing]
20-03-2024 20:08:28.454Z;errorhandler.__handle;  Property: Unknown Property name. [1:134: -ms-text-size-adjust]
20-03-2024 20:08:28.454Z;errorhandler.__handle;  Property: Unknown Property name. [1:160: -webkit-text-size-adjust]
20-03-2024 20:08:28.469Z;errorhandler.__handle;  Property: Unknown Property name. [1:26: mso-table-lspace]
20-03-2024 20:08:28.469Z;errorhandler.__handle;  Property: Unknown Property name. [1:45: mso-table-rspace]
20-03-2024 20:08:28.501Z;errorhandler.__handle;  Property: Unknown Property name. [1:92: mso-hide]
20-03-2024 20:08:28.516Z;errorhandler.__handle;  Property: No ":" after name found: align-center [1:1: align-center]
20-03-2024 20:08:28.516Z;errorhandler.__handle;  Property: No property value found: align-center [1:1: align-center]
20-03-2024 20:08:28.516Z;errorhandler.__handle;  CSSStyleDeclaration: Syntax Error in Property: align-center
20-03-2024 20:08:28.516Z;errorhandler.__handle;  Property: Unknown Property name. [1:14: -ms-interpolation-mode]
20-03-2024 20:08:30.921Z;functions.emailFinalizado;  Finalizado e-mail sent.
20-03-2024 20:08:31.352Z;functions.encerra_prog;  RM ENCERRADO
