18-08-2024 03:08:40.193Z;functions.bot_text_art;      ____   
18-08-2024 03:08:40.193Z;functions.bot_text_art;     [____]    
18-08-2024 03:08:40.193Z;functions.bot_text_art;   |=]()()[=|  
18-08-2024 03:08:40.193Z;functions.bot_text_art;     _\==/__    _____    ____     _        _____    ___   _  __
18-08-2024 03:08:40.203Z;functions.bot_text_art;   |__|   |_|  |  _  \  / ___|   | |      |_   _| / ___| | |/ /
18-08-2024 03:08:40.203Z;functions.bot_text_art;   |_|_/\_|_|  | |  | | | |      | |        | |   | |    | ' / 
18-08-2024 03:08:40.203Z;functions.bot_text_art;   | | __ | |  | |  | | | |      | |        | |   | |    |  <  
18-08-2024 03:08:40.203Z;functions.bot_text_art;   |_|[  ]|_|  | |__| | | |____  | |____   _| |_  | |__  | . \ 
18-08-2024 03:08:40.206Z;functions.bot_text_art;   \_|_||_|_/  |_____/   \_____| |______| |_____| \ ___| |_|\_\
18-08-2024 03:08:40.206Z;functions.bot_text_art;     |_||_|                                                     
18-08-2024 03:08:40.206Z;functions.bot_text_art;     | ||_|_   
18-08-2024 03:08:40.206Z;functions.bot_text_art;   |___||___|  
18-08-2024 03:08:40.207Z;functions.bot_text_art;               
18-08-2024 03:08:40.232Z;functions.open_RM;  OPEN PROGRAM RM
18-08-2024 03:08:58.881Z;functions.loggin_RM;  ENTRAR USER_NAME
18-08-2024 03:09:02.168Z;functions.loggin_RM;  ENTRAR PASSWORD
18-08-2024 03:09:03.303Z;functions.loggin_RM;  ENTRAR RM
18-08-2024 03:12:14.744Z;functions.enter_coligada;  AGUARDANDO 1
18-08-2024 03:14:45.371Z;functions.enter_coligada;  apertou up
18-08-2024 03:14:45.371Z;functions.enter_coligada;  AGUARDANDO 2
18-08-2024 03:17:16.465Z;functions.enter_coligada;  apertou up
18-08-2024 03:17:16.465Z;functions.enter_coligada;  AGUARDANDO 3
18-08-2024 03:19:47.402Z;functions.enter_coligada;  apertou up
18-08-2024 03:19:47.402Z;functions.enter_coligada;  AGUARDANDO 4
18-08-2024 03:22:18.027Z;functions.enter_coligada;  apertou up
18-08-2024 03:22:18.027Z;functions.enter_coligada;  AGUARDANDO 5
18-08-2024 03:24:48.651Z;functions.enter_coligada;  apertou up
18-08-2024 03:24:48.651Z;functions.enter_coligada;  AGUARDANDO 6
18-08-2024 03:27:19.289Z;functions.enter_coligada;  apertou up
18-08-2024 03:27:19.289Z;functions.enter_coligada;  AGUARDANDO 7
18-08-2024 03:29:49.961Z;functions.enter_coligada;  apertou up
18-08-2024 03:30:05.940Z;functions.show_exception_and_exit;  'NoneType' object has no attribute 'click'
Traceback (most recent call last):
  File "C:\Projetos_Remessas\Remessa_Ferias_Rescisao\main.py", line 15, in <module>
    enter_coligada()
  File "C:\Projetos_Remessas\Remessa_Ferias_Rescisao\SUBPROGRAMS\functions.py", line 206, in enter_coligada
    click_alterar_contexto.click()
    ^^^^^^^^^^^^^^^^^^^^^^^^^^^^
AttributeError: 'NoneType' object has no attribute 'click'
18-08-2024 03:30:06.096Z;functions.show_exception_and_exit;  PRINT SALVO
18-08-2024 03:30:06.237Z;functions.show_exception_and_exit;  RM FECHADO
18-08-2024 03:30:07.737Z;errorhandler.__handle;  Property: Unknown Property name. [1:203: -ms-interpolation-mode]
18-08-2024 03:30:07.737Z;errorhandler.__handle;  Property: Unknown Property name. [1:353: -webkit-font-smoothing]
18-08-2024 03:30:07.752Z;errorhandler.__handle;  Property: Unknown Property name. [1:483: -ms-text-size-adjust]
18-08-2024 03:30:07.752Z;errorhandler.__handle;  Property: Unknown Property name. [1:518: -webkit-text-size-adjust]
18-08-2024 03:30:07.752Z;errorhandler.__handle;  Property: Unknown Property name. [1:612: mso-table-lspace]
18-08-2024 03:30:07.752Z;errorhandler.__handle;  Property: Unknown Property name. [1:642: mso-table-rspace]
18-08-2024 03:30:07.799Z;errorhandler.__handle;  Property: Unknown Property name. [1:4734: mso-hide]
18-08-2024 03:30:07.830Z;errorhandler.__handle;  Property: Unknown Property name. [1:13: -ms-interpolation-mode]
18-08-2024 03:30:07.830Z;errorhandler.__handle;  Property: Unknown Property name. [1:49: -webkit-font-smoothing]
18-08-2024 03:30:07.830Z;errorhandler.__handle;  Property: Unknown Property name. [1:134: -ms-text-size-adjust]
18-08-2024 03:30:07.830Z;errorhandler.__handle;  Property: Unknown Property name. [1:160: -webkit-text-size-adjust]
18-08-2024 03:30:07.830Z;errorhandler.__handle;  Property: Unknown Property name. [1:26: mso-table-lspace]
18-08-2024 03:30:07.830Z;errorhandler.__handle;  Property: Unknown Property name. [1:45: mso-table-rspace]
18-08-2024 03:30:07.846Z;errorhandler.__handle;  Property: Unknown Property name. [1:92: mso-hide]
18-08-2024 03:30:07.846Z;errorhandler.__handle;  Property: No ":" after name found: align-center [1:1: align-center]
18-08-2024 03:30:07.846Z;errorhandler.__handle;  Property: No property value found: align-center [1:1: align-center]
18-08-2024 03:30:07.846Z;errorhandler.__handle;  CSSStyleDeclaration: Syntax Error in Property: align-center
18-08-2024 03:30:07.846Z;errorhandler.__handle;  Property: Unknown Property name. [1:14: -ms-interpolation-mode]
18-08-2024 03:30:11.284Z;functions.show_exception_and_exit;  EMAIL EXCEÇÃO ENVIADO
18-08-2024 03:30:11.284Z;functions.show_exception_and_exit;  ERRO - <class 'AttributeError'> / 'NoneType' object has no attribute 'click'
