08-03-2024 22:54:07.758Z;functions.bot_text_art;      ____   
08-03-2024 22:54:07.758Z;functions.bot_text_art;     [____]    
08-03-2024 22:54:07.758Z;functions.bot_text_art;   |=]()()[=|  
08-03-2024 22:54:07.758Z;functions.bot_text_art;     _\==/__    _____    ____     _        _____    ___   _  __
08-03-2024 22:54:07.758Z;functions.bot_text_art;   |__|   |_|  |  _  \  / ___|   | |      |_   _| / ___| | |/ /
08-03-2024 22:54:07.758Z;functions.bot_text_art;   |_|_/\_|_|  | |  | | | |      | |        | |   | |    | ' / 
08-03-2024 22:54:07.758Z;functions.bot_text_art;   | | __ | |  | |  | | | |      | |        | |   | |    |  <  
08-03-2024 22:54:07.758Z;functions.bot_text_art;   |_|[  ]|_|  | |__| | | |____  | |____   _| |_  | |__  | . \ 
08-03-2024 22:54:07.758Z;functions.bot_text_art;   \_|_||_|_/  |_____/   \_____| |______| |_____| \ ___| |_|\_\
08-03-2024 22:54:07.758Z;functions.bot_text_art;     |_||_|                                                     
08-03-2024 22:54:07.758Z;functions.bot_text_art;     | ||_|_   
08-03-2024 22:54:07.758Z;functions.bot_text_art;   |___||___|  
08-03-2024 22:54:07.758Z;functions.bot_text_art;               
08-03-2024 22:54:07.775Z;functions.open_RM;  OPEN PROGRAM RM
08-03-2024 22:54:24.586Z;functions.loggin_RM;  ENTRAR USER_NAME
08-03-2024 22:54:27.975Z;functions.loggin_RM;  ENTRAR PASSWORD
08-03-2024 22:54:29.055Z;functions.loggin_RM;  ENTRAR RM
08-03-2024 22:55:12.352Z;functions.enter_coligada;  CLICK CONTEXTO
08-03-2024 22:55:17.477Z;functions.enter_coligada;  CLICK COLIGADA 1
08-03-2024 22:55:20.102Z;functions.enter_coligada;  CLICK AVANÇAR
08-03-2024 22:55:22.591Z;functions.enter_coligada;  INSERE O COLIGADA CODE = 1
08-03-2024 22:55:22.698Z;functions.enter_coligada;  APERTA TAB PARA PREENCHER O CAMPO COM A STRING: OCEANICA ENGENHARIA E CONSULTORIA S.A.
08-03-2024 22:55:24.446Z;functions.enter_coligada;  CLICK AVANÇAR NOVAMENTE
08-03-2024 22:55:25.633Z;functions.enter_coligada;  CLICK CONCLUIR
08-03-2024 22:55:55.070Z;functions.enter_coligada;  POP UP COLIGADA DESAPARECER
08-03-2024 22:55:55.914Z;functions.check_movimentacao_bancaria;  CLICK - TOTVS - LINHA RM
08-03-2024 22:55:57.727Z;functions.check_movimentacao_bancaria;  CLICK - BACK OFFICE
08-03-2024 22:56:00.508Z;functions.check_movimentacao_bancaria;  CLICK - GESTAO FINANCEIRA
08-03-2024 22:56:10.133Z;functions.movimentacao_bancaria;  CLICK NA ABA MOVIMENTAÇÃO BANCARIA
08-03-2024 22:56:12.664Z;functions.waitForImage;  IMAGEM BORDERO image found.
08-03-2024 22:56:14.797Z;functions.movimentacao_bancaria;  IMAGEM BORDERO CLICADA.
08-03-2024 22:56:35.242Z;functions.waitForImage;  LICENCAS EXCEDIDAS image not found.
08-03-2024 22:56:35.914Z;functions.movimentacao_bancaria;  ENCONTROU O FILTRO DA MOVIMENTAÇÃO BANCÁRIA
08-03-2024 22:56:35.945Z;functions.movimentacao_bancaria;  CLICA NA ABA SUPERIOR DO FILTRO
08-03-2024 22:56:40.160Z;functions.movimentacao_bancaria;  SELECIONA O FILTRO HOJE
08-03-2024 22:56:45.008Z;functions.waitForImage;  FILTER CLEAN image found.
08-03-2024 22:56:47.141Z;functions.filter_clean;  CLICK NO BOTÃO X DO LIMPA FILTRO
08-03-2024 22:57:03.008Z;functions.waitForImage;  FILTER CLEAN image not found.
08-03-2024 22:57:18.114Z;functions.waitForImage;  FILTER CLEAN image not found.
08-03-2024 22:57:21.539Z;functions.movimentacao_bancaria;  CLICK NA PRIMEIRA LINHA DA TABELA MOVIMENTAÇÃO BANCÁRIA
08-03-2024 22:57:22.783Z;functions.movimentacao_bancaria;  12 PASSOS PARA DIREITA NA TABELA >>
08-03-2024 22:57:24.649Z;functions.movimentacao_bancaria;  HOVER FILTER
08-03-2024 22:57:25.105Z;functions.movimentacao_bancaria;  CLICK FILTER
08-03-2024 22:57:29.481Z;functions.movimentacao_bancaria;  CLICK NO FILTRO  STATUS DA REMESSA
08-03-2024 22:57:31.584Z;functions.movimentacao_bancaria;  APERTA TAB PARA ESCREVER O FILTRO
08-03-2024 22:57:33.699Z;functions.movimentacao_bancaria;  ESCREVE PENDENTE NO FILTRO
08-03-2024 22:57:35.802Z;functions.movimentacao_bancaria;  APERTA ENTER PARA SELECIONAR OS PENDENTES
08-03-2024 22:57:55.461Z;functions.movimentacao_bancaria;  SEM PROCESSAMENTO DE BORDERO PENDENTE.
08-03-2024 22:58:00.853Z;functions.waitForImage;  FILTER CLEAN image found.
08-03-2024 22:58:02.986Z;functions.filter_clean;  CLICK NO BOTÃO X DO LIMPA FILTRO
08-03-2024 22:58:18.098Z;functions.waitForImage;  FILTER CLEAN image not found.
08-03-2024 22:58:33.200Z;functions.waitForImage;  FILTER CLEAN image not found.
08-03-2024 22:58:34.825Z;functions.remessa_pagamento;  CLICK NA PRIMEIRA LINHA DA TABELA MOVIMENTAÇÃO BANCÁRIA
08-03-2024 22:58:36.727Z;functions.remessa_pagamento;  HOVER FILTER
08-03-2024 22:58:37.189Z;functions.remessa_pagamento;  CLICK FILTER
08-03-2024 22:58:41.524Z;functions.remessa_pagamento;  CLICK NO FILTRO  STATUS DA REMESSA
08-03-2024 22:58:43.627Z;functions.remessa_pagamento;  APERTA TAB PARA ESCREVER O FILTRO
08-03-2024 22:58:45.747Z;functions.remessa_pagamento;  ESCREVE AUTORIZADO NO FILTRO
08-03-2024 22:58:47.850Z;functions.remessa_pagamento;  APERTA ENTER PARA SELECIONAR OS AUTORIZADO
08-03-2024 22:59:07.539Z;functions.remessa_pagamento;  SEM REMESSA DE BORDERO AUTORIZADO
08-03-2024 22:59:08.388Z;functions.enter_contas_a_pagar;  CLICK - TOTVS - LINHA RM
08-03-2024 22:59:09.883Z;functions.enter_contas_a_pagar;  CLICK - BACK OFFICE
08-03-2024 22:59:10.824Z;functions.enter_contas_a_pagar;  CLICK - GESTAO FINANCEIRA
08-03-2024 22:59:20.008Z;functions.enter_contas_a_pagar;  CLICK - CONTAS A PAGAR
08-03-2024 22:59:21.414Z;functions.waitForImage;  LANÇAMENTOS image found.
08-03-2024 22:59:23.550Z;functions.enter_contas_a_pagar;  CLICA EM LANÇAMENTOS
08-03-2024 22:59:38.602Z;functions.waitForImage;  LICENCAS EXCEDIDAS image not found.
08-03-2024 22:59:38.602Z;functions.obter_intervalo_data;  Data Inicial FERIAS/RESCISAO antes da remoção: None
08-03-2024 22:59:38.602Z;functions.obter_intervalo_data;  Data Final FERIAS/RESCISAO antes da remoção: None
08-03-2024 22:59:38.602Z;functions.obter_intervalo_data;  Data Inicial FERIAS/RESCISAO após a remoção: None
08-03-2024 22:59:38.602Z;functions.obter_intervalo_data;  Data Final FERIAS/RESCISAO após a remoção: None
08-03-2024 22:59:38.602Z;functions.obter_intervalo_data;  hoje -  2024-03-08 22:59:38.602625
08-03-2024 22:59:38.618Z;functions.data_filter;  DATA INICIO 13-03-2024
08-03-2024 22:59:38.618Z;functions.data_filter;  DATA FIM 19-03-2024
08-03-2024 22:59:38.618Z;functions.data_filter;  CLICK - SELECIONA A DATA DE QUARTA FEIRA E DA PROXIMA TERÇA
08-03-2024 22:59:38.618Z;functions.data_filter;  QUARTA-FEIRA: 13-03-2024
08-03-2024 22:59:38.618Z;functions.data_filter;  TERCA-FEIRA: 19-03-2024
08-03-2024 22:59:42.680Z;functions.data_filter;  ESCREVE REMESSA BANCÁRIA NO FILTRO
08-03-2024 22:59:44.008Z;functions.data_filter;  CLICK - BUTÃO DE SELECAO DE FILTRO
08-03-2024 22:59:48.524Z;functions.data_filter;  INSERE - DATA DE QUARTA-FEIRA: 13-03-2024
08-03-2024 22:59:52.587Z;functions.data_filter;  INSERE - DATA DA PROX TERCA-FEIRA: 19-03-2024
08-03-2024 22:59:53.508Z;functions.data_filter;  CLICK - BUTÃO DE EXECUTAR O FILTRO
08-03-2024 23:00:00.164Z;functions.desmark_filter;  CLICK CHECKBOX LANÇAMENTOS A RECEBER
08-03-2024 23:00:02.008Z;functions.desmark_filter;  CLICK CHECKBOX LANÇAMENTOS BAIXADOS
08-03-2024 23:00:03.946Z;functions.desmark_filter;  CLICK CHECKBOX LANÇAMENTOS CANCELADOS
08-03-2024 23:00:06.039Z;functions.desmark_filter;  CLICK CHECKBOX LANÇAMENTOS FATURADOS
08-03-2024 23:00:08.259Z;functions.desmark_filter;  ATUALIZA O FILTRO
08-03-2024 23:00:08.571Z;functions.waitForImage;  FILTER CLEAN image found.
08-03-2024 23:00:10.681Z;functions.filter_clean;  CLICK NO BOTÃO X DO LIMPA FILTRO
08-03-2024 23:00:25.915Z;functions.waitForImage;  FILTER CLEAN image not found.
08-03-2024 23:00:41.149Z;functions.waitForImage;  FILTER CLEAN image not found.
08-03-2024 23:00:43.394Z;functions.tabela_vazia;  Texto extraido 0/0
08-03-2024 23:00:43.394Z;functions.tabela_vazia;  Count 0
08-03-2024 23:00:43.395Z;functions.tabela_vazia;  Type <class 'int'>
08-03-2024 23:00:45.396Z;functions.tabela_vazia;  SEM REMESSA DE FÉRIAS/RESCISÃO
08-03-2024 23:00:47.397Z;main.<module>;  SEM REMESSA DE FÉRIAS/RESCISÃO
08-03-2024 23:00:51.633Z;errorhandler.__handle;  Property: Unknown Property name. [1:203: -ms-interpolation-mode]
08-03-2024 23:00:51.680Z;errorhandler.__handle;  Property: Unknown Property name. [1:353: -webkit-font-smoothing]
08-03-2024 23:00:51.680Z;errorhandler.__handle;  Property: Unknown Property name. [1:483: -ms-text-size-adjust]
08-03-2024 23:00:51.680Z;errorhandler.__handle;  Property: Unknown Property name. [1:518: -webkit-text-size-adjust]
08-03-2024 23:00:51.696Z;errorhandler.__handle;  Property: Unknown Property name. [1:612: mso-table-lspace]
08-03-2024 23:00:51.696Z;errorhandler.__handle;  Property: Unknown Property name. [1:642: mso-table-rspace]
08-03-2024 23:00:51.946Z;errorhandler.__handle;  Property: Unknown Property name. [1:4734: mso-hide]
08-03-2024 23:00:52.039Z;errorhandler.__handle;  Property: Unknown Property name. [1:13: -ms-interpolation-mode]
08-03-2024 23:00:52.055Z;errorhandler.__handle;  Property: Unknown Property name. [1:49: -webkit-font-smoothing]
08-03-2024 23:00:52.055Z;errorhandler.__handle;  Property: Unknown Property name. [1:134: -ms-text-size-adjust]
08-03-2024 23:00:52.055Z;errorhandler.__handle;  Property: Unknown Property name. [1:160: -webkit-text-size-adjust]
08-03-2024 23:00:52.055Z;errorhandler.__handle;  Property: Unknown Property name. [1:26: mso-table-lspace]
08-03-2024 23:00:52.055Z;errorhandler.__handle;  Property: Unknown Property name. [1:45: mso-table-rspace]
08-03-2024 23:00:52.102Z;errorhandler.__handle;  Property: Unknown Property name. [1:92: mso-hide]
08-03-2024 23:00:52.118Z;errorhandler.__handle;  Property: No ":" after name found: align-center [1:1: align-center]
08-03-2024 23:00:52.118Z;errorhandler.__handle;  Property: No property value found: align-center [1:1: align-center]
08-03-2024 23:00:52.118Z;errorhandler.__handle;  CSSStyleDeclaration: Syntax Error in Property: align-center
08-03-2024 23:00:52.118Z;errorhandler.__handle;  Property: Unknown Property name. [1:14: -ms-interpolation-mode]
08-03-2024 23:00:54.587Z;functions.emailFinalizado;  Finalizado e-mail sent.
08-03-2024 23:00:54.962Z;functions.encerra_prog;  RM ENCERRADO
