29-03-2024 06:00:31.037Z;functions.bot_text_art;      ____   
29-03-2024 06:00:31.037Z;functions.bot_text_art;     [____]    
29-03-2024 06:00:31.037Z;functions.bot_text_art;   |=]()()[=|  
29-03-2024 06:00:31.053Z;functions.bot_text_art;     _\==/__    _____    ____     _        _____    ___   _  __
29-03-2024 06:00:31.053Z;functions.bot_text_art;   |__|   |_|  |  _  \  / ___|   | |      |_   _| / ___| | |/ /
29-03-2024 06:00:31.053Z;functions.bot_text_art;   |_|_/\_|_|  | |  | | | |      | |        | |   | |    | ' / 
29-03-2024 06:00:31.053Z;functions.bot_text_art;   | | __ | |  | |  | | | |      | |        | |   | |    |  <  
29-03-2024 06:00:31.053Z;functions.bot_text_art;   |_|[  ]|_|  | |__| | | |____  | |____   _| |_  | |__  | . \ 
29-03-2024 06:00:31.053Z;functions.bot_text_art;   \_|_||_|_/  |_____/   \_____| |______| |_____| \ ___| |_|\_\
29-03-2024 06:00:31.053Z;functions.bot_text_art;     |_||_|                                                     
29-03-2024 06:00:31.053Z;functions.bot_text_art;     | ||_|_   
29-03-2024 06:00:31.053Z;functions.bot_text_art;   |___||___|  
29-03-2024 06:00:31.053Z;functions.bot_text_art;               
29-03-2024 06:00:31.740Z;functions.open_RM;  OPEN PROGRAM RM
29-03-2024 06:00:50.881Z;functions.loggin_RM;  ENTRAR USER_NAME
29-03-2024 06:00:54.253Z;functions.loggin_RM;  ENTRAR PASSWORD
29-03-2024 06:00:55.381Z;functions.loggin_RM;  ENTRAR RM
29-03-2024 06:01:47.874Z;functions.enter_coligada;  CLICK CONTEXTO
29-03-2024 06:01:52.581Z;functions.enter_coligada;  CLICK ALTERAR MODULO DO CONTEXTO
29-03-2024 06:01:56.313Z;functions.enter_coligada;  INSERE O COLIGADA CODE = 1
29-03-2024 06:01:56.464Z;functions.enter_coligada;  APERTA TAB PARA PREENCHER O CAMPO COM A STRING: OCEANICA ENGENHARIA E CONSULTORIA S.A.
29-03-2024 06:01:58.337Z;functions.enter_coligada;  CLICK AVANÇAR NOVAMENTE
29-03-2024 06:01:59.491Z;functions.enter_coligada;  CLICK CONCLUIR
29-03-2024 06:02:23.241Z;functions.enter_coligada;  POP UP COLIGADA DESAPARECER
29-03-2024 06:02:24.068Z;functions.check_movimentacao_bancaria;  CLICK - TOTVS - LINHA RM
29-03-2024 06:02:25.735Z;functions.check_movimentacao_bancaria;  CLICK - BACK OFFICE
29-03-2024 06:02:28.458Z;functions.check_movimentacao_bancaria;  CLICK - GESTAO FINANCEIRA
29-03-2024 06:02:34.553Z;functions.movimentacao_bancaria;  CLICK NA ABA MOVIMENTAÇÃO BANCARIA
29-03-2024 06:02:36.943Z;functions.waitForImage;  IMAGEM BORDERO image found.
29-03-2024 06:02:39.066Z;functions.movimentacao_bancaria;  IMAGEM BORDERO CLICADA.
29-03-2024 06:02:49.686Z;functions.waitForImage;  LICENCAS EXCEDIDAS image not found.
29-03-2024 06:02:50.334Z;functions.movimentacao_bancaria;  ENCONTROU O FILTRO DA MOVIMENTAÇÃO BANCÁRIA
29-03-2024 06:02:50.365Z;functions.movimentacao_bancaria;  CLICA NA ABA SUPERIOR DO FILTRO
29-03-2024 06:02:54.578Z;functions.movimentacao_bancaria;  SELECIONA O FILTRO HOJE
29-03-2024 06:02:58.897Z;functions.waitForImage;  FILTER CLEAN image found.
29-03-2024 06:03:01.024Z;functions.filter_clean;  CLICK NO BOTÃO X DO LIMPA FILTRO
29-03-2024 06:03:01.353Z;functions.waitForImage;  FILTER CLEAN image found.
29-03-2024 06:03:03.484Z;functions.filter_clean;  CLICK NO BOTÃO X DO LIMPA FILTRO
29-03-2024 06:03:19.259Z;functions.waitForImage;  FILTER CLEAN image not found.
29-03-2024 06:03:39.076Z;functions.movimentacao_bancaria;  SEM PROCESSAMENTO DE BORDERO
29-03-2024 06:03:59.131Z;functions.waitForImage;  FILTER CLEAN image not found.
29-03-2024 06:04:14.803Z;functions.waitForImage;  FILTER CLEAN image not found.
29-03-2024 06:04:30.495Z;functions.waitForImage;  FILTER CLEAN image not found.
29-03-2024 06:05:05.897Z;functions.remessa_pagamento;  SEM REMESSA DE BORDERO AUTORIZADO
29-03-2024 06:05:06.740Z;functions.enter_contas_a_pagar;  CLICK - TOTVS - LINHA RM
29-03-2024 06:05:08.115Z;functions.enter_contas_a_pagar;  CLICK - BACK OFFICE
29-03-2024 06:05:09.022Z;functions.enter_contas_a_pagar;  CLICK - GESTAO FINANCEIRA
29-03-2024 06:05:15.209Z;functions.enter_contas_a_pagar;  CLICK - CONTAS A PAGAR
29-03-2024 06:05:16.316Z;functions.waitForImage;  LANÇAMENTOS image found.
29-03-2024 06:05:18.448Z;functions.enter_contas_a_pagar;  CLICA EM LANÇAMENTOS
29-03-2024 06:05:33.833Z;functions.waitForImage;  LICENCAS EXCEDIDAS image not found.
29-03-2024 06:05:33.849Z;functions.obter_intervalo_data;  VERIFICANDO A HORA ATUAL 6
29-03-2024 06:05:33.849Z;functions.obter_intervalo_data;  Data Inicial FERIAS/RESCISAO antes da remoção: None
29-03-2024 06:05:33.849Z;functions.obter_intervalo_data;  Data Final FERIAS/RESCISAO antes da remoção: None
29-03-2024 06:05:33.864Z;functions.obter_intervalo_data;  Data Inicial FERIAS/RESCISAO após a remoção: None
29-03-2024 06:05:33.864Z;functions.obter_intervalo_data;  Data Final FERIAS/RESCISAO após a remoção: None
29-03-2024 06:05:33.864Z;functions.obter_intervalo_data;  hoje -  2024-03-29 06:05:33.864838
29-03-2024 06:05:33.864Z;functions.data_filter;  DATA INICIO 03-04-2024
29-03-2024 06:05:33.864Z;functions.data_filter;  DATA FIM 09-04-2024
29-03-2024 06:05:33.864Z;functions.data_filter;  CLICK - SELECIONA A DATA DE QUARTA FEIRA E DA PROXIMA TERÇA
29-03-2024 06:05:33.864Z;functions.data_filter;  QUARTA-FEIRA: 03-04-2024
29-03-2024 06:05:33.864Z;functions.data_filter;  TERCA-FEIRA: 09-04-2024
29-03-2024 06:05:46.990Z;functions.data_filter;  CLICK - BUTÃO DE SELECAO DE FILTRO
29-03-2024 06:05:51.489Z;functions.data_filter;  INSERE - DATA DE QUARTA-FEIRA: 03-04-2024
29-03-2024 06:05:55.318Z;functions.data_filter;  INSERE - DATA DA PROX TERCA-FEIRA: 09-04-2024
29-03-2024 06:05:56.193Z;functions.data_filter;  CLICK - BUTÃO DE EXECUTAR O FILTRO
29-03-2024 06:06:03.928Z;functions.desmark_filter;  CLICK CHECKBOX LANÇAMENTOS A RECEBER
29-03-2024 06:06:05.708Z;functions.desmark_filter;  CLICK CHECKBOX LANÇAMENTOS BAIXADOS
29-03-2024 06:06:07.614Z;functions.desmark_filter;  CLICK CHECKBOX LANÇAMENTOS CANCELADOS
29-03-2024 06:06:09.678Z;functions.desmark_filter;  CLICK CHECKBOX LANÇAMENTOS FATURADOS
29-03-2024 06:06:11.834Z;functions.desmark_filter;  ATUALIZA O FILTRO
29-03-2024 06:06:12.171Z;functions.waitForImage;  FILTER CLEAN image found.
29-03-2024 06:06:14.299Z;functions.filter_clean;  CLICK NO BOTÃO X DO LIMPA FILTRO
29-03-2024 06:06:30.083Z;functions.waitForImage;  FILTER CLEAN image not found.
29-03-2024 06:06:45.211Z;functions.waitForImage;  FILTER CLEAN image not found.
29-03-2024 06:06:47.506Z;functions.tabela_vazia;  Texto extraido 1/3
29-03-2024 06:06:47.506Z;functions.tabela_vazia;  Count 3
29-03-2024 06:06:47.506Z;functions.tabela_vazia;  Type <class 'int'>
29-03-2024 06:06:47.506Z;functions.tabela_vazia;  TABELA CONTÉM REGISTROS
29-03-2024 06:06:48.648Z;functions.desbloqueio;  SELECIONA TODAS AS TUPLAS
29-03-2024 06:06:53.755Z;functions.desbloqueio;  CONTROL P PARA SELECIONAR PROCESSO
29-03-2024 06:06:58.976Z;functions.desbloqueio;  7 SETAS PARA BAIXO - MANUTENÇÃO DE LANÇAMENTO
29-03-2024 06:07:01.079Z;functions.desbloqueio;  SETA PARA DIREITA
29-03-2024 06:07:08.510Z;functions.desbloqueio;  9 SETAS PARA BAIXO
29-03-2024 06:07:10.612Z;functions.desbloqueio;  ENTER PARA SELECIONAR DESBLOQUEIO ALTERAÇÃO
29-03-2024 06:08:13.024Z;functions.exec_lancamentos;  CONTROL G
29-03-2024 06:08:18.349Z;functions.exec_lancamentos;  CLICK PARA APARECER CONTA/CAIXA
29-03-2024 06:08:19.475Z;functions.exec_lancamentos;  SELECIONA CONTA/CAIXA
29-03-2024 06:08:20.677Z;functions.exec_lancamentos;  CLICK NO BOTÃO [...]
29-03-2024 06:08:24.074Z;functions.exec_lancamentos;  CLICK NO CAMPO PESQUISA E DIGITA: %3212
29-03-2024 06:08:25.099Z;functions.exec_lancamentos;  CLICK NO BOTÃO DO FILTRO
29-03-2024 06:08:26.348Z;functions.exec_lancamentos;  CLICK NO BOTÃO OK
29-03-2024 06:08:27.473Z;functions.exec_lancamentos;  CLICK NO BOTÃO EXECUTAR
29-03-2024 06:08:40.411Z;functions.waitForImage;  PRESS BUTTON OK image found.
29-03-2024 06:08:42.422Z;functions.process_lancamentos;  O PROCESSAMENTO DE LANÇAMENTO FOI EXECUTADO COM SUCESSO.
29-03-2024 06:08:51.887Z;functions.process_lancamentos;  Lançamento Ref. 935169: Convênio alterado para o convênio default '7' da conta Caixa '02675-5' .
Lançamento Ref. 935267: Convênio alterado para o convênio default '7' da conta Caixa '02675-5' .
Lançamento Ref. 935310: Convênio alterado para o convênio default '7' da conta Caixa '02675-5' .
Alteração Global de Lançamentos executada com sucesso

29-03-2024 06:09:04.716Z;functions.proccess_bordero;  SELECIONAR INCLUSÃO DE BORDERO
29-03-2024 06:09:24.928Z;functions.waitForImage;  PRESS BUTON SIM image not found.
29-03-2024 06:09:26.161Z;functions.proccess_bordero;  CLICK EM CONVÊNIO TRÊS PONTINHOS
29-03-2024 06:09:28.536Z;functions.proccess_bordero;  CLICK EM COMBOBOX PARA SELECIONAR O ID DO CONVÊNIO
29-03-2024 06:09:29.759Z;functions.proccess_bordero;  CLICK EM ID DO CONVÊNIO
29-03-2024 06:09:31.864Z;functions.proccess_bordero;  APERTA TAB PARA ESCREVER O ID
29-03-2024 06:09:33.967Z;functions.proccess_bordero;  ESCREVE O ID 9 - FERIAS/RESCISÃO
29-03-2024 06:09:36.069Z;functions.proccess_bordero;  APERTA ENTER PARA SELECIONAR O ID 9 - FERIAS/RESCISÃO
29-03-2024 06:09:38.172Z;functions.proccess_bordero;  APERTA ENTER PARA ESCOLHER O ID 9 - FERIAS/RESCISÃO
29-03-2024 06:09:41.067Z;functions.proccess_bordero;  CLICK EM EXECUTAR NA INCLUSÃO DO BORDÊRO
29-03-2024 06:09:55.260Z;functions.waitForImage;  PRESS BUTTON OK image found.
29-03-2024 06:09:57.261Z;functions.proccess_bordero;  O PROCESSAMENTO DO BORDERO FOI EXECUTADO COM SUCESSO.
29-03-2024 06:10:00.068Z;functions.proccess_bordero;  CLICK EM FECHAR.
29-03-2024 06:10:03.755Z;functions.movimentacao_bancaria;  CLICK NA ABA MOVIMENTAÇÃO BANCARIA
29-03-2024 06:10:06.115Z;functions.waitForImage;  IMAGEM BORDERO image found.
29-03-2024 06:10:08.224Z;functions.movimentacao_bancaria;  IMAGEM BORDERO CLICADA.
29-03-2024 06:10:18.563Z;functions.waitForImage;  LICENCAS EXCEDIDAS image not found.
29-03-2024 06:10:19.242Z;functions.movimentacao_bancaria;  ENCONTROU O FILTRO DA MOVIMENTAÇÃO BANCÁRIA
29-03-2024 06:10:19.273Z;functions.movimentacao_bancaria;  CLICA NA ABA SUPERIOR DO FILTRO
29-03-2024 06:10:23.483Z;functions.movimentacao_bancaria;  SELECIONA O FILTRO HOJE
29-03-2024 06:10:24.615Z;functions.waitForImage;  FILTER CLEAN image found.
29-03-2024 06:10:26.735Z;functions.filter_clean;  CLICK NO BOTÃO X DO LIMPA FILTRO
29-03-2024 06:10:42.204Z;functions.waitForImage;  FILTER CLEAN image not found.
29-03-2024 06:10:57.657Z;functions.waitForImage;  FILTER CLEAN image not found.
29-03-2024 06:11:00.896Z;functions.movimentacao_bancaria;  CLICK NA PRIMEIRA LINHA DA TABELA MOVIMENTAÇÃO BANCÁRIA
29-03-2024 06:11:02.122Z;functions.movimentacao_bancaria;  12 PASSOS PARA DIREITA NA TABELA >>
29-03-2024 06:11:03.974Z;functions.movimentacao_bancaria;  HOVER FILTER
29-03-2024 06:11:04.434Z;functions.movimentacao_bancaria;  CLICK FILTER
29-03-2024 06:11:08.761Z;functions.movimentacao_bancaria;  CLICK NO FILTRO  STATUS DA REMESSA
29-03-2024 06:11:10.864Z;functions.movimentacao_bancaria;  APERTA TAB PARA ESCREVER O FILTRO
29-03-2024 06:11:12.978Z;functions.movimentacao_bancaria;  ESCREVE PENDENTE NO FILTRO
29-03-2024 06:11:15.080Z;functions.movimentacao_bancaria;  APERTA ENTER PARA SELECIONAR OS PENDENTES
29-03-2024 06:11:19.784Z;functions.movimentacao_bancaria;  SELECIONA TODAS AS TUPLAS COM STATUS PENDENTE
29-03-2024 06:11:21.889Z;functions.movimentacao_bancaria;  CLICK EM PROCESSOS
29-03-2024 06:11:23.991Z;functions.movimentacao_bancaria;  APERTA PARA BAIXO
29-03-2024 06:11:26.094Z;functions.movimentacao_bancaria;  APERTA ENTER
29-03-2024 06:11:29.021Z;functions.movimentacao_bancaria;  CLICK EM EXECUTAR BORDERO DE PAGAMENTO
29-03-2024 06:11:39.505Z;functions.waitForImage;  PRESS BUTTON OK image found.
29-03-2024 06:11:39.505Z;functions.movimentacao_bancaria;  O PROCESSAMENTO DE AUTORIZAÇÃO DO BORDERO FOI EXECUTADO COM SUCESSO.
29-03-2024 06:11:40.365Z;functions.movimentacao_bancaria;  CLICK EM FECHAR.
29-03-2024 06:11:45.682Z;functions.waitForImage;  FILTER CLEAN image found.
29-03-2024 06:11:47.801Z;functions.filter_clean;  CLICK NO BOTÃO X DO LIMPA FILTRO
29-03-2024 06:12:03.524Z;functions.waitForImage;  FILTER CLEAN image not found.
29-03-2024 06:12:19.255Z;functions.waitForImage;  FILTER CLEAN image not found.
29-03-2024 06:12:20.790Z;functions.remessa_pagamento;  CLICK NA PRIMEIRA LINHA DA TABELA MOVIMENTAÇÃO BANCÁRIA
29-03-2024 06:12:22.652Z;functions.remessa_pagamento;  HOVER FILTER
29-03-2024 06:12:23.105Z;functions.remessa_pagamento;  CLICK FILTER
29-03-2024 06:12:27.437Z;functions.remessa_pagamento;  CLICK NO FILTRO  STATUS DA REMESSA
29-03-2024 06:12:29.540Z;functions.remessa_pagamento;  APERTA TAB PARA ESCREVER O FILTRO
29-03-2024 06:12:31.656Z;functions.remessa_pagamento;  ESCREVE AUTORIZADO NO FILTRO
29-03-2024 06:12:33.759Z;functions.remessa_pagamento;  APERTA ENTER PARA SELECIONAR OS AUTORIZADO
29-03-2024 06:12:37.614Z;functions.remessa_pagamento;  6 PASSOS PARA ESQUERDA NA TABELA <<
29-03-2024 06:12:39.631Z;functions.check_user_bot;  Texto extraido 1/1
29-03-2024 06:12:39.631Z;functions.check_user_bot;  Count 1
29-03-2024 06:12:39.631Z;functions.check_user_bot;  Type <class 'int'>
29-03-2024 06:12:41.739Z;functions.check_user_bot;  CHECK USER BOT 1
29-03-2024 06:12:43.740Z;functions.check_user_bot;  integracao
29-03-2024 06:12:46.455Z;functions.check_user_bot;  7 PASSOS PARA DIREITA NA TABELA >>
29-03-2024 06:12:50.560Z;functions.check_user_bot;  341 / 3212 / 02675 - FERIAS/RESCISAO
29-03-2024 06:12:50.560Z;functions.check_user_bot;  NOME FERIAS/RECISAO ENCONTRADO
29-03-2024 06:12:52.769Z;functions.check_user_bot;  CLICK EM PROCESSOS
29-03-2024 06:12:54.873Z;functions.check_user_bot;  APERTA PARA BAIXO 0
29-03-2024 06:12:56.976Z;functions.check_user_bot;  APERTA PARA BAIXO 1
29-03-2024 06:12:59.080Z;functions.check_user_bot;  APERTA PARA BAIXO 2
29-03-2024 06:13:01.182Z;functions.check_user_bot;  APERTA ENTER
29-03-2024 06:13:04.071Z;functions.check_user_bot;  CLICK EM REMESSAS DE PAGAMENTO
29-03-2024 06:13:05.175Z;functions.check_user_bot;  APERTA TAB 0
29-03-2024 06:13:06.278Z;functions.check_user_bot;  APERTA TAB 1
29-03-2024 06:13:07.380Z;functions.check_user_bot;  APERTA TAB 2
29-03-2024 06:13:17.693Z;functions.check_user_bot;  CLICK EM AVANÇAR
29-03-2024 06:13:17.693Z;functions.check_user_bot;  CLICK - SELECIONA A DATA DE QUARTA FEIRA E DA PROXIMA TERÇA
29-03-2024 06:13:17.693Z;functions.check_user_bot;  QUARTA-FEIRA: 03-04-2024
29-03-2024 06:13:17.693Z;functions.check_user_bot;  TERCA-FEIRA: 09-04-2024
29-03-2024 06:13:22.614Z;functions.check_user_bot;  DESMARCA CHECKBOX PARA SALVAR ARQUIVO DE REMESSA
29-03-2024 06:13:23.521Z;functions.check_user_bot;  CLICK NOS ... PARA SELECIONAR O DIRETÓRIO E NOME DO ARQUIVO.
29-03-2024 06:13:26.271Z;functions.check_user_bot;  DUPLO CLICK NO DIRETORIO
29-03-2024 06:13:28.702Z;functions.check_user_bot;  APERTA TAB 0
29-03-2024 06:13:29.308Z;functions.check_user_bot;  APERTA TAB 1
29-03-2024 06:13:29.911Z;functions.check_user_bot;  APERTA TAB 2
29-03-2024 06:13:30.514Z;functions.check_user_bot;  APERTA TAB 3
29-03-2024 06:13:31.117Z;functions.check_user_bot;  APERTA TAB 4
29-03-2024 06:13:31.720Z;functions.check_user_bot;  APERTA TAB 5
29-03-2024 06:13:31.720Z;functions.check_user_bot;  A ULTIMA LETRA USADA: A
29-03-2024 06:13:31.720Z;functions.check_user_bot;  A LETRA SERA: B
29-03-2024 06:13:31.849Z;functions.check_user_bot;  F030924B.txt
29-03-2024 06:13:32.679Z;functions.check_user_bot;  CLICK NO BUTÃO SALVAR
29-03-2024 06:13:34.021Z;functions.check_user_bot;  CLICK EM AVANCAR PARA CONCLUIR
29-03-2024 06:13:35.232Z;functions.check_user_bot;  CLICK EM EXECUTAR
29-03-2024 06:13:52.334Z;functions.waitForImage;  PRESS BUTTON OK image found.
29-03-2024 06:13:54.341Z;functions.check_user_bot;  O PROCESSAMENTO DE AUTORIZAÇÃO DO BORDERO FOI EXECUTADO COM SUCESSO.
29-03-2024 06:14:03.745Z;functions.check_user_bot;  ===========================================================================================================
LANÇAMENTOS ENVIADOS PARA REMESSA PAGAMENTO
Coligada: 1
ID Remessa: 10
Convênio: 9
Data: 29/03/2024 06:13:49
Borderô remetidos: 1
===========================================================================================================
Borderô: 1-8745

Lançamentos remetidos no Borderô:
Lancamento 1-935169
Lancamento 1-935267
Lancamento 1-935310
----------------------------------------------------------------------------------------------------------


29-03-2024 06:14:06.287Z;errorhandler.__handle;  CSSStyleDeclaration: Unexpected token, ignoring upto '{        border: none;'. [1:174: {]
29-03-2024 06:14:06.287Z;errorhandler.__handle;  Property: Unknown Property name. [1:204: -ms-interpolation-mode]
29-03-2024 06:14:06.302Z;errorhandler.__handle;  CSSStyleDeclaration: Unexpected token, ignoring upto '}'. [1:267: }]
29-03-2024 06:14:06.302Z;errorhandler.__handle;  CSSStyleDeclaration: Unexpected token, ignoring upto '{        background-color: #f6f6f6;'. [1:281: {]
29-03-2024 06:14:06.318Z;errorhandler.__handle;  Property: Unknown Property name. [1:356: -webkit-font-smoothing]
29-03-2024 06:14:06.318Z;errorhandler.__handle;  Property: Unknown Property name. [1:486: -ms-text-size-adjust]
29-03-2024 06:14:06.318Z;errorhandler.__handle;  Property: Unknown Property name. [1:521: -webkit-text-size-adjust]
29-03-2024 06:14:06.318Z;errorhandler.__handle;  CSSStyleDeclaration: Unexpected token, ignoring upto '}'. [1:559: }]
29-03-2024 06:14:06.318Z;errorhandler.__handle;  CSSStyleDeclaration: Unexpected token, ignoring upto '{        border-collapse: separate;'. [1:574: {]
29-03-2024 06:14:06.334Z;errorhandler.__handle;  Property: Unknown Property name. [1:617: mso-table-lspace]
29-03-2024 06:14:06.334Z;errorhandler.__handle;  Property: Unknown Property name. [1:647: mso-table-rspace]
29-03-2024 06:14:06.334Z;errorhandler.__handle;  CSSStyleDeclaration: Unexpected token, ignoring upto '}'. [1:690: }]
29-03-2024 06:14:06.334Z;errorhandler.__handle;  CSSStyleDeclaration: Unexpected token, ignoring upto '{          font-family: sans-serif;'. [1:710: {]
29-03-2024 06:14:06.334Z;errorhandler.__handle;  CSSStyleDeclaration: Unexpected token, ignoring upto '}'. [1:808: }]
29-03-2024 06:14:06.334Z;errorhandler.__handle;  CSSStyleDeclaration: Unexpected token, ignoring upto '{        background-color: #f6f6f6;'. [1:941: {]
29-03-2024 06:14:06.334Z;errorhandler.__handle;  CSSStyleDeclaration: Unexpected token, ignoring upto '}'. [1:1003: }]
29-03-2024 06:14:06.334Z;errorhandler.__handle;  CSSStyleDeclaration: Unexpected token, ignoring upto '{        display: block;'. [1:1178: {]
29-03-2024 06:14:06.349Z;errorhandler.__handle;  CSSStyleDeclaration: Unexpected token, ignoring upto '}'. [1:1342: }]
29-03-2024 06:14:06.349Z;errorhandler.__handle;  CSSStyleDeclaration: Unexpected token, ignoring upto '{        box-sizing: border-box;'. [1:1452: {]
29-03-2024 06:14:06.349Z;errorhandler.__handle;  CSSStyleDeclaration: Unexpected token, ignoring upto '}'. [1:1584: }]
29-03-2024 06:14:06.349Z;errorhandler.__handle;  CSSStyleDeclaration: Unexpected token, ignoring upto '{        background: #ffffff;'. [1:1721: {]
29-03-2024 06:14:06.349Z;errorhandler.__handle;  CSSStyleDeclaration: Unexpected token, ignoring upto '}'. [1:1804: }]
29-03-2024 06:14:06.349Z;errorhandler.__handle;  CSSStyleDeclaration: Unexpected token, ignoring upto '{        box-sizing: border-box;'. [1:1822: {]
29-03-2024 06:14:06.349Z;errorhandler.__handle;  CSSStyleDeclaration: Unexpected token, ignoring upto '}'. [1:1883: }]
29-03-2024 06:14:06.365Z;errorhandler.__handle;  CSSStyleDeclaration: Unexpected token, ignoring upto '{        padding-bottom: 10px;'. [1:1907: {]
29-03-2024 06:14:06.365Z;errorhandler.__handle;  CSSStyleDeclaration: Unexpected token, ignoring upto '}'. [1:1969: }]
29-03-2024 06:14:06.365Z;errorhandler.__handle;  CSSStyleDeclaration: Unexpected token, ignoring upto '{        clear: both;'. [1:1986: {]
29-03-2024 06:14:06.365Z;errorhandler.__handle;  CSSStyleDeclaration: Unexpected token, ignoring upto '}'. [1:2086: }]
29-03-2024 06:14:06.365Z;errorhandler.__handle;  CSSStyleDeclaration: Unexpected token, ignoring upto '{          color: #999999;'. [1:2165: {]
29-03-2024 06:14:06.365Z;errorhandler.__handle;  CSSStyleDeclaration: Unexpected token, ignoring upto '}'. [1:2253: }]
29-03-2024 06:14:06.365Z;errorhandler.__handle;  CSSStyleDeclaration: Unexpected token, ignoring upto '{        color: #000000;'. [1:2404: {]
29-03-2024 06:14:06.380Z;errorhandler.__handle;  CSSStyleDeclaration: Unexpected token, ignoring upto '}'. [1:2563: }]
29-03-2024 06:14:06.380Z;errorhandler.__handle;  CSSStyleDeclaration: Unexpected token, ignoring upto '{        font-size: 35px;'. [1:2575: {]
29-03-2024 06:14:06.380Z;errorhandler.__handle;  CSSStyleDeclaration: Unexpected token, ignoring upto '}'. [1:2694: }]
29-03-2024 06:14:06.380Z;errorhandler.__handle;  CSSStyleDeclaration: Unexpected token, ignoring upto '{        font-family: sans-serif;'. [1:2723: {]
29-03-2024 06:14:06.380Z;errorhandler.__handle;  CSSStyleDeclaration: Unexpected token, ignoring upto '}'. [1:2861: }]
29-03-2024 06:14:06.380Z;errorhandler.__handle;  CSSStyleDeclaration: Unexpected token, ignoring upto '{          list-style-position: inside;'. [1:2905: {]
29-03-2024 06:14:06.380Z;errorhandler.__handle;  CSSStyleDeclaration: Unexpected token, ignoring upto '}'. [1:2978: }]
29-03-2024 06:14:06.380Z;errorhandler.__handle;  CSSStyleDeclaration: Unexpected token, ignoring upto '{        color: #3498db;'. [1:2989: {]
29-03-2024 06:14:06.380Z;errorhandler.__handle;  CSSStyleDeclaration: Unexpected token, ignoring upto '}'. [1:3055: }]
29-03-2024 06:14:06.396Z;errorhandler.__handle;  CSSStyleDeclaration: Unexpected token, ignoring upto '{        box-sizing: border-box;'. [1:3178: {]
29-03-2024 06:14:06.396Z;errorhandler.__handle;  CSSStyleDeclaration: Unexpected token, ignoring upto '}'. [1:3231: }]
29-03-2024 06:14:06.396Z;errorhandler.__handle;  CSSStyleDeclaration: Unexpected token, ignoring upto '{          padding-bottom: 15px;'. [1:3265: {]
29-03-2024 06:14:06.396Z;errorhandler.__handle;  CSSStyleDeclaration: Unexpected token, ignoring upto '}'. [1:3298: }]
29-03-2024 06:14:06.396Z;errorhandler.__handle;  CSSStyleDeclaration: Unexpected token, ignoring upto '{          width: auto;'. [1:3320: {]
29-03-2024 06:14:06.396Z;errorhandler.__handle;  CSSStyleDeclaration: Unexpected token, ignoring upto '}'. [1:3350: }]
29-03-2024 06:14:06.396Z;errorhandler.__handle;  CSSStyleDeclaration: Unexpected token, ignoring upto '{          background-color: #ffffff;'. [1:3375: {]
29-03-2024 06:14:06.396Z;errorhandler.__handle;  CSSStyleDeclaration: Unexpected token, ignoring upto '}'. [1:3477: }]
29-03-2024 06:14:06.396Z;errorhandler.__handle;  CSSStyleDeclaration: Unexpected token, ignoring upto '{          background-color: #ffffff;'. [1:3495: {]
29-03-2024 06:14:06.615Z;errorhandler.__handle;  CSSStyleDeclaration: Unexpected token, ignoring upto '}'. [1:3892: }]
29-03-2024 06:14:06.615Z;errorhandler.__handle;  CSSStyleDeclaration: Unexpected token, ignoring upto '{        background-color: #3498db;'. [1:3923: {]
29-03-2024 06:14:06.615Z;errorhandler.__handle;  CSSStyleDeclaration: Unexpected token, ignoring upto '}'. [1:3965: }]
29-03-2024 06:14:06.615Z;errorhandler.__handle;  CSSStyleDeclaration: Unexpected token, ignoring upto '{        background-color: #3498db;'. [1:3989: {]
29-03-2024 06:14:06.662Z;errorhandler.__handle;  CSSStyleDeclaration: Unexpected token, ignoring upto '}'. [1:4084: }]
29-03-2024 06:14:06.662Z;errorhandler.__handle;  CSSStyleDeclaration: Unexpected token, ignoring upto '{        margin-bottom: 0;'. [1:4234: {]
29-03-2024 06:14:06.662Z;errorhandler.__handle;  CSSStyleDeclaration: Unexpected token, ignoring upto '}'. [1:4267: }]
29-03-2024 06:14:06.662Z;errorhandler.__handle;  CSSStyleDeclaration: Unexpected token, ignoring upto '{        margin-top: 0;'. [1:4283: {]
29-03-2024 06:14:06.662Z;errorhandler.__handle;  CSSStyleDeclaration: Unexpected token, ignoring upto '}'. [1:4313: }]
29-03-2024 06:14:06.662Z;errorhandler.__handle;  CSSStyleDeclaration: Unexpected token, ignoring upto '{        text-align: center;'. [1:4336: {]
29-03-2024 06:14:06.662Z;errorhandler.__handle;  CSSStyleDeclaration: Unexpected token, ignoring upto '}'. [1:4371: }]
29-03-2024 06:14:06.662Z;errorhandler.__handle;  CSSStyleDeclaration: Unexpected token, ignoring upto '{        text-align: right;'. [1:4393: {]
29-03-2024 06:14:06.662Z;errorhandler.__handle;  CSSStyleDeclaration: Unexpected token, ignoring upto '}'. [1:4427: }]
29-03-2024 06:14:06.677Z;errorhandler.__handle;  CSSStyleDeclaration: Unexpected token, ignoring upto '{        text-align: left;'. [1:4448: {]
29-03-2024 06:14:06.677Z;errorhandler.__handle;  CSSStyleDeclaration: Unexpected token, ignoring upto '}'. [1:4481: }]
29-03-2024 06:14:06.677Z;errorhandler.__handle;  CSSStyleDeclaration: Unexpected token, ignoring upto '{        clear: both;'. [1:4497: {]
29-03-2024 06:14:06.677Z;errorhandler.__handle;  CSSStyleDeclaration: Unexpected token, ignoring upto '}'. [1:4525: }]
29-03-2024 06:14:06.677Z;errorhandler.__handle;  CSSStyleDeclaration: Unexpected token, ignoring upto '{        margin-top: 0;'. [1:4539: {]
29-03-2024 06:14:06.677Z;errorhandler.__handle;  CSSStyleDeclaration: Unexpected token, ignoring upto '}'. [1:4569: }]
29-03-2024 06:14:06.677Z;errorhandler.__handle;  CSSStyleDeclaration: Unexpected token, ignoring upto '{        margin-bottom: 0;'. [1:4583: {]
29-03-2024 06:14:06.677Z;errorhandler.__handle;  CSSStyleDeclaration: Unexpected token, ignoring upto '}'. [1:4616: }]
29-03-2024 06:14:06.677Z;errorhandler.__handle;  CSSStyleDeclaration: Unexpected token, ignoring upto '{        color: transparent;'. [1:4636: {]
29-03-2024 06:14:06.677Z;errorhandler.__handle;  Property: Unknown Property name. [1:4799: mso-hide]
29-03-2024 06:14:06.677Z;errorhandler.__handle;  CSSStyleDeclaration: Unexpected token, ignoring upto '}'. [1:4864: }]
29-03-2024 06:14:06.693Z;errorhandler.__handle;  CSSStyleDeclaration: Unexpected token, ignoring upto '{        text-decoration: none;'. [1:4887: {]
29-03-2024 06:14:06.693Z;errorhandler.__handle;  CSSStyleDeclaration: Unexpected token, ignoring upto '}'. [1:4925: }]
29-03-2024 06:14:06.693Z;errorhandler.__handle;  CSSStyleDeclaration: Unexpected token, ignoring upto '{        border: 0;'. [1:4937: {]
29-03-2024 06:14:06.693Z;errorhandler.__handle;  CSSStyleDeclaration: Unexpected token, ignoring upto '}'. [1:5027: }]
29-03-2024 06:14:06.693Z;errorhandler.__handle;  CSSStyleRule: No selector found: '{        table.body h1 {{          font-size: 28px !important;          margin-bottom: 10px !important;         }}        table.body p,        table.body ul,        table.body ol,        table.body td,        table.body span,        table.body a {{          font-size: 16px !important;         }}        table.body .wrapper,        table.body .article {{          padding: 10px !important;         }}        table.body .content {{          padding: 0 !important;         }}        table.body .container {{          padding: 0 !important;          width: 100% !important;         }}        table.body .main {{          border-left-width: 0 !important;          border-radius: 0 !important;          border-right-width: 0 !important;         }}        table.body .btn table {{          width: 100% !important;         }}        table.body .btn a {{          width: 100% !important;         }}        table.body .img-responsive {{          height: auto !important;          max-width: 100% !important;          width: auto !important;         }}      }'. [1:5217: {]
29-03-2024 06:14:06.693Z;errorhandler.__handle;  SelectorList: Unknown Syntax: ''
29-03-2024 06:14:06.693Z;errorhandler.__handle;  Property: No ":" after name found: table.body h1 {{          font-size: 28px !important;          margin-bottom: 10px !important;         }}        table.body p,        table.body ul,        table.body ol,        table.body td,        table.body span,        table.body a {{          font-size: 16px !important;         }}        table.body .wrapper,        table.body .article {{          padding: 10px !important;         }}        table.body .content {{          padding: 0 !important;         }}        table.body .container {{          padding: 0 !important;          width: 100% !important;         }}        table.body .main {{          border-left-width: 0 !important;          border-radius: 0 !important;          border-right-width: 0 !important;         }}        table.body .btn table {{          width: 100% !important;         }}        table.body .btn a {{          width: 100% !important;         }}        table.body .img-responsive {{          height: auto !important;          max-width: 100% !important;          width: auto !important;         }}       [1:6259:       ]
29-03-2024 06:14:06.693Z;errorhandler.__handle;  Property: No property value found: table.body h1 {{          font-size: 28px !important;          margin-bottom: 10px !important;         }}        table.body p,        table.body ul,        table.body ol,        table.body td,        table.body span,        table.body a {{          font-size: 16px !important;         }}        table.body .wrapper,        table.body .article {{          padding: 10px !important;         }}        table.body .content {{          padding: 0 !important;         }}        table.body .container {{          padding: 0 !important;          width: 100% !important;         }}        table.body .main {{          border-left-width: 0 !important;          border-radius: 0 !important;          border-right-width: 0 !important;         }}        table.body .btn table {{          width: 100% !important;         }}        table.body .btn a {{          width: 100% !important;         }}        table.body .img-responsive {{          height: auto !important;          max-width: 100% !important;          width: auto !important;         }}       [1:6259:       ]
29-03-2024 06:14:06.693Z;errorhandler.__handle;  CSSStyleDeclaration: Syntax Error in Property: table.body h1 {{          font-size: 28px !important;          margin-bottom: 10px !important;         }}        table.body p,        table.body ul,        table.body ol,        table.body td,        table.body span,        table.body a {{          font-size: 16px !important;         }}        table.body .wrapper,        table.body .article {{          padding: 10px !important;         }}        table.body .content {{          padding: 0 !important;         }}        table.body .container {{          padding: 0 !important;          width: 100% !important;         }}        table.body .main {{          border-left-width: 0 !important;          border-radius: 0 !important;          border-right-width: 0 !important;         }}        table.body .btn table {{          width: 100% !important;         }}        table.body .btn a {{          width: 100% !important;         }}        table.body .img-responsive {{          height: auto !important;          max-width: 100% !important;          width: auto !important;         }}      
29-03-2024 06:14:06.709Z;errorhandler.__handle;  CSSStyleRule: No selector found: '{        .ExternalClass {{          width: 100%;         }}        .ExternalClass,        .ExternalClass p,        .ExternalClass span,        .ExternalClass font,        .ExternalClass td,        .ExternalClass div {{          line-height: 100%;         }}        .apple-link a {{          color: inherit !important;          font-family: inherit !important;          font-size: inherit !important;          font-weight: inherit !important;          line-height: inherit !important;          text-decoration: none !important;         }}        #MessageViewBody a {{          color: inherit;          text-decoration: none;          font-size: inherit;          font-family: inherit;          font-weight: inherit;          line-height: inherit;        }}        .btn-primary table td:hover {{          background-color: #34495e !important;         }}        .btn-primary a:hover {{          background-color: #34495e !important;          border-color: #34495e !important;         }}       }'. [1:6420: {]
29-03-2024 06:14:06.709Z;errorhandler.__handle;  SelectorList: Unknown Syntax: ''
29-03-2024 06:14:06.709Z;errorhandler.__handle;  CSSStyleDeclaration: Unexpected token, ignoring upto '.ExternalClass {{          width: 100%;         }}        .ExternalClass,        .ExternalClass p,        .ExternalClass span,        .ExternalClass font,        .ExternalClass td,        .ExternalClass div {{          line-height: 100%;         }}        .apple-link a {{          color: inherit !important;          font-family: inherit !important;          font-size: inherit !important;          font-weight: inherit !important;          line-height: inherit !important;          text-decoration: none !important;         }}        #MessageViewBody a {{          color: inherit;          text-decoration: none;          font-size: inherit;          font-family: inherit;          font-weight: inherit;          line-height: inherit;        }}        .btn-primary table td:hover {{          background-color: #34495e !important;         }}        .btn-primary a:hover {{          background-color: #34495e !important;          border-color: #34495e !important;         }}       '. [1:6429: .]
29-03-2024 06:14:06.724Z;errorhandler.__handle;  Property: Unknown Property name. [1:1: -ms-interpolation-mode]
29-03-2024 06:14:06.724Z;errorhandler.__handle;  Property: Unknown Property name. [1:24: -webkit-font-smoothing]
29-03-2024 06:14:06.724Z;errorhandler.__handle;  Property: Unknown Property name. [1:109: -ms-text-size-adjust]
29-03-2024 06:14:06.724Z;errorhandler.__handle;  Property: Unknown Property name. [1:135: -webkit-text-size-adjust]
29-03-2024 06:14:06.740Z;errorhandler.__handle;  Property: Unknown Property name. [1:1: mso-table-lspace]
29-03-2024 06:14:06.740Z;errorhandler.__handle;  Property: Unknown Property name. [1:20: mso-table-rspace]
29-03-2024 06:14:06.773Z;errorhandler.__handle;  Property: Unknown Property name. [1:74: mso-hide]
29-03-2024 06:14:06.783Z;errorhandler.__handle;  Property: No ":" after name found: align-center [1:1: align-center]
29-03-2024 06:14:06.783Z;errorhandler.__handle;  Property: No property value found: align-center [1:1: align-center]
29-03-2024 06:14:06.784Z;errorhandler.__handle;  CSSStyleDeclaration: Syntax Error in Property: align-center
29-03-2024 06:14:06.786Z;errorhandler.__handle;  Property: Unknown Property name. [1:1: -ms-interpolation-mode]
29-03-2024 06:14:09.364Z;functions.emailSuccess;  Success e-mail sent.
29-03-2024 06:14:10.715Z;functions.encerra_prog;  RM ENCERRADO
