17-08-2024 07:52:49.638Z;functions.bot_text_art;      ____   
17-08-2024 07:52:49.639Z;functions.bot_text_art;     [____]    
17-08-2024 07:52:49.639Z;functions.bot_text_art;   |=]()()[=|  
17-08-2024 07:52:49.644Z;functions.bot_text_art;     _\==/__    _____    ____     _        _____    ___   _  __
17-08-2024 07:52:49.647Z;functions.bot_text_art;   |__|   |_|  |  _  \  / ___|   | |      |_   _| / ___| | |/ /
17-08-2024 07:52:49.648Z;functions.bot_text_art;   |_|_/\_|_|  | |  | | | |      | |        | |   | |    | ' / 
17-08-2024 07:52:49.648Z;functions.bot_text_art;   | | __ | |  | |  | | | |      | |        | |   | |    |  <  
17-08-2024 07:52:49.649Z;functions.bot_text_art;   |_|[  ]|_|  | |__| | | |____  | |____   _| |_  | |__  | . \ 
17-08-2024 07:52:49.653Z;functions.bot_text_art;   \_|_||_|_/  |_____/   \_____| |______| |_____| \ ___| |_|\_\
17-08-2024 07:52:49.653Z;functions.bot_text_art;     |_||_|                                                     
17-08-2024 07:52:49.653Z;functions.bot_text_art;     | ||_|_   
17-08-2024 07:52:49.653Z;functions.bot_text_art;   |___||___|  
17-08-2024 07:52:49.653Z;functions.bot_text_art;               
17-08-2024 07:52:49.680Z;functions.open_RM;  OPEN PROGRAM RM
17-08-2024 07:53:04.250Z;functions.loggin_RM;  ENTRAR USER_NAME
17-08-2024 07:53:07.486Z;functions.loggin_RM;  ENTRAR PASSWORD
17-08-2024 07:53:08.563Z;functions.loggin_RM;  ENTRAR RM
17-08-2024 07:56:19.436Z;functions.enter_coligada;  AGUARDANDO 1
17-08-2024 07:58:50.099Z;functions.enter_coligada;  apertou up
17-08-2024 07:58:50.099Z;functions.enter_coligada;  AGUARDANDO 2
17-08-2024 08:01:20.739Z;functions.enter_coligada;  apertou up
17-08-2024 08:01:20.739Z;functions.enter_coligada;  AGUARDANDO 3
17-08-2024 08:03:51.394Z;functions.enter_coligada;  apertou up
17-08-2024 08:03:51.394Z;functions.enter_coligada;  AGUARDANDO 4
17-08-2024 08:06:22.034Z;functions.enter_coligada;  apertou up
17-08-2024 08:06:22.034Z;functions.enter_coligada;  AGUARDANDO 5
17-08-2024 08:08:52.676Z;functions.enter_coligada;  apertou up
17-08-2024 08:08:52.676Z;functions.enter_coligada;  AGUARDANDO 6
17-08-2024 08:11:23.777Z;functions.enter_coligada;  apertou up
17-08-2024 08:11:23.777Z;functions.enter_coligada;  AGUARDANDO 7
17-08-2024 08:13:54.399Z;functions.enter_coligada;  apertou up
17-08-2024 08:14:10.383Z;functions.show_exception_and_exit;  'NoneType' object has no attribute 'click'
Traceback (most recent call last):
  File "C:\Projetos_Remessas\Remessa_Ferias_Rescisao\main.py", line 15, in <module>
    enter_coligada()
  File "C:\Projetos_Remessas\Remessa_Ferias_Rescisao\SUBPROGRAMS\functions.py", line 206, in enter_coligada
    click_alterar_contexto.click()
    ^^^^^^^^^^^^^^^^^^^^^^^^^^^^
AttributeError: 'NoneType' object has no attribute 'click'
17-08-2024 08:14:10.555Z;functions.show_exception_and_exit;  PRINT SALVO
17-08-2024 08:14:10.696Z;functions.show_exception_and_exit;  RM FECHADO
17-08-2024 08:14:12.665Z;errorhandler.__handle;  Property: Unknown Property name. [1:203: -ms-interpolation-mode]
17-08-2024 08:14:12.680Z;errorhandler.__handle;  Property: Unknown Property name. [1:353: -webkit-font-smoothing]
17-08-2024 08:14:12.680Z;errorhandler.__handle;  Property: Unknown Property name. [1:483: -ms-text-size-adjust]
17-08-2024 08:14:12.680Z;errorhandler.__handle;  Property: Unknown Property name. [1:518: -webkit-text-size-adjust]
17-08-2024 08:14:12.680Z;errorhandler.__handle;  Property: Unknown Property name. [1:612: mso-table-lspace]
17-08-2024 08:14:12.680Z;errorhandler.__handle;  Property: Unknown Property name. [1:642: mso-table-rspace]
17-08-2024 08:14:12.727Z;errorhandler.__handle;  Property: Unknown Property name. [1:4734: mso-hide]
17-08-2024 08:14:12.743Z;errorhandler.__handle;  Property: Unknown Property name. [1:13: -ms-interpolation-mode]
17-08-2024 08:14:12.743Z;errorhandler.__handle;  Property: Unknown Property name. [1:49: -webkit-font-smoothing]
17-08-2024 08:14:12.743Z;errorhandler.__handle;  Property: Unknown Property name. [1:134: -ms-text-size-adjust]
17-08-2024 08:14:12.758Z;errorhandler.__handle;  Property: Unknown Property name. [1:160: -webkit-text-size-adjust]
17-08-2024 08:14:12.758Z;errorhandler.__handle;  Property: Unknown Property name. [1:26: mso-table-lspace]
17-08-2024 08:14:12.758Z;errorhandler.__handle;  Property: Unknown Property name. [1:45: mso-table-rspace]
17-08-2024 08:14:12.758Z;errorhandler.__handle;  Property: Unknown Property name. [1:92: mso-hide]
17-08-2024 08:14:12.774Z;errorhandler.__handle;  Property: No ":" after name found: align-center [1:1: align-center]
17-08-2024 08:14:12.774Z;errorhandler.__handle;  Property: No property value found: align-center [1:1: align-center]
17-08-2024 08:14:12.774Z;errorhandler.__handle;  CSSStyleDeclaration: Syntax Error in Property: align-center
17-08-2024 08:14:12.774Z;errorhandler.__handle;  Property: Unknown Property name. [1:14: -ms-interpolation-mode]
17-08-2024 08:14:15.961Z;functions.show_exception_and_exit;  EMAIL EXCEÇÃO ENVIADO
17-08-2024 08:14:15.961Z;functions.show_exception_and_exit;  ERRO - <class 'AttributeError'> / 'NoneType' object has no attribute 'click'
