07-05-2024 20:00:14.765Z;functions.bot_text_art;      ____   
07-05-2024 20:00:14.765Z;functions.bot_text_art;     [____]    
07-05-2024 20:00:14.765Z;functions.bot_text_art;   |=]()()[=|  
07-05-2024 20:00:14.765Z;functions.bot_text_art;     _\==/__    _____    ____     _        _____    ___   _  __
07-05-2024 20:00:14.765Z;functions.bot_text_art;   |__|   |_|  |  _  \  / ___|   | |      |_   _| / ___| | |/ /
07-05-2024 20:00:14.765Z;functions.bot_text_art;   |_|_/\_|_|  | |  | | | |      | |        | |   | |    | ' / 
07-05-2024 20:00:14.765Z;functions.bot_text_art;   | | __ | |  | |  | | | |      | |        | |   | |    |  <  
07-05-2024 20:00:14.765Z;functions.bot_text_art;   |_|[  ]|_|  | |__| | | |____  | |____   _| |_  | |__  | . \ 
07-05-2024 20:00:14.765Z;functions.bot_text_art;   \_|_||_|_/  |_____/   \_____| |______| |_____| \ ___| |_|\_\
07-05-2024 20:00:14.765Z;functions.bot_text_art;     |_||_|                                                     
07-05-2024 20:00:14.765Z;functions.bot_text_art;     | ||_|_   
07-05-2024 20:00:14.765Z;functions.bot_text_art;   |___||___|  
07-05-2024 20:00:14.765Z;functions.bot_text_art;               
07-05-2024 20:00:14.765Z;functions.open_RM;  OPEN PROGRAM RM
07-05-2024 20:00:23.796Z;functions.loggin_RM;  ENTRAR USER_NAME
07-05-2024 20:00:26.624Z;functions.loggin_RM;  ENTRAR PASSWORD
07-05-2024 20:00:27.311Z;functions.loggin_RM;  ENTRAR RM
07-05-2024 20:00:46.359Z;functions.enter_coligada;  CLICK CONTEXTO
07-05-2024 20:00:50.251Z;functions.enter_coligada;  CLICK ALTERAR MODULO DO CONTEXTO
07-05-2024 20:00:52.570Z;functions.enter_coligada;  INSERE O COLIGADA CODE = 1
07-05-2024 20:00:52.671Z;functions.enter_coligada;  APERTA TAB PARA PREENCHER O CAMPO COM A STRING: OCEANICA ENGENHARIA E CONSULTORIA S.A.
07-05-2024 20:00:53.530Z;functions.enter_coligada;  CLICK AVANÇAR NOVAMENTE
07-05-2024 20:00:54.337Z;functions.enter_coligada;  CLICK CONCLUIR
07-05-2024 20:01:04.140Z;functions.enter_coligada;  POP UP COLIGADA DESAPARECER
07-05-2024 20:01:04.765Z;functions.check_movimentacao_bancaria;  CLICK - TOTVS - LINHA RM
07-05-2024 20:01:05.797Z;functions.check_movimentacao_bancaria;  CLICK - BACK OFFICE
07-05-2024 20:01:08.078Z;functions.check_movimentacao_bancaria;  CLICK - GESTAO FINANCEIRA
07-05-2024 20:01:10.703Z;functions.movimentacao_bancaria;  CLICK NA ABA MOVIMENTAÇÃO BANCARIA
07-05-2024 20:01:12.813Z;functions.waitForImage;  IMAGEM BORDERO image found.
07-05-2024 20:01:14.939Z;functions.movimentacao_bancaria;  IMAGEM BORDERO CLICADA.
07-05-2024 20:01:25.479Z;functions.waitForImage;  LICENCAS EXCEDIDAS image not found.
07-05-2024 20:01:26.030Z;functions.movimentacao_bancaria;  ENCONTROU O FILTRO DA MOVIMENTAÇÃO BANCÁRIA
07-05-2024 20:01:26.062Z;functions.movimentacao_bancaria;  CLICA NA ABA SUPERIOR DO FILTRO
07-05-2024 20:01:30.266Z;functions.movimentacao_bancaria;  SELECIONA O FILTRO HOJE
07-05-2024 20:01:32.232Z;functions.waitForImage;  FILTER CLEAN image found.
07-05-2024 20:01:34.364Z;functions.filter_clean;  CLICK NO BOTÃO X DO LIMPA FILTRO
07-05-2024 20:01:49.488Z;functions.waitForImage;  FILTER CLEAN image not found.
07-05-2024 20:02:04.605Z;functions.waitForImage;  FILTER CLEAN image not found.
07-05-2024 20:02:07.405Z;functions.movimentacao_bancaria;  CLICK NA PRIMEIRA LINHA DA TABELA MOVIMENTAÇÃO BANCÁRIA
07-05-2024 20:02:08.618Z;functions.movimentacao_bancaria;  12 PASSOS PARA DIREITA NA TABELA >>
07-05-2024 20:02:09.874Z;functions.movimentacao_bancaria;  HOVER FILTER
07-05-2024 20:02:10.225Z;functions.movimentacao_bancaria;  CLICK FILTER
07-05-2024 20:02:14.534Z;functions.movimentacao_bancaria;  CLICK NO FILTRO  STATUS DA REMESSA
07-05-2024 20:02:16.635Z;functions.movimentacao_bancaria;  APERTA TAB PARA ESCREVER O FILTRO
07-05-2024 20:02:18.740Z;functions.movimentacao_bancaria;  ESCREVE PENDENTE NO FILTRO
07-05-2024 20:02:20.842Z;functions.movimentacao_bancaria;  APERTA ENTER PARA SELECIONAR OS PENDENTES
07-05-2024 20:02:38.796Z;functions.movimentacao_bancaria;  SEM PROCESSAMENTO DE BORDERO PENDENTE.
07-05-2024 20:02:43.891Z;functions.waitForImage;  FILTER CLEAN image found.
07-05-2024 20:02:46.013Z;functions.filter_clean;  CLICK NO BOTÃO X DO LIMPA FILTRO
07-05-2024 20:03:01.177Z;functions.waitForImage;  FILTER CLEAN image not found.
07-05-2024 20:03:16.287Z;functions.waitForImage;  FILTER CLEAN image not found.
07-05-2024 20:03:17.094Z;functions.remessa_pagamento;  CLICK NA PRIMEIRA LINHA DA TABELA MOVIMENTAÇÃO BANCÁRIA
07-05-2024 20:03:18.358Z;functions.remessa_pagamento;  HOVER FILTER
07-05-2024 20:03:18.650Z;functions.remessa_pagamento;  CLICK FILTER
07-05-2024 20:03:22.961Z;functions.remessa_pagamento;  CLICK NO FILTRO  STATUS DA REMESSA
07-05-2024 20:03:25.063Z;functions.remessa_pagamento;  APERTA TAB PARA ESCREVER O FILTRO
07-05-2024 20:03:27.169Z;functions.remessa_pagamento;  ESCREVE AUTORIZADO NO FILTRO
07-05-2024 20:03:29.271Z;functions.remessa_pagamento;  APERTA ENTER PARA SELECIONAR OS AUTORIZADO
07-05-2024 20:03:47.234Z;functions.remessa_pagamento;  SEM REMESSA DE BORDERO AUTORIZADO
07-05-2024 20:03:47.831Z;functions.enter_contas_a_pagar;  CLICK - TOTVS - LINHA RM
07-05-2024 20:03:48.781Z;functions.enter_contas_a_pagar;  CLICK - BACK OFFICE
07-05-2024 20:03:49.468Z;functions.enter_contas_a_pagar;  CLICK - GESTAO FINANCEIRA
07-05-2024 20:03:54.483Z;functions.enter_contas_a_pagar;  CLICK - CONTAS A PAGAR
07-05-2024 20:03:55.179Z;functions.waitForImage;  LANÇAMENTOS image found.
07-05-2024 20:03:57.299Z;functions.enter_contas_a_pagar;  CLICA EM LANÇAMENTOS
07-05-2024 20:04:12.700Z;functions.waitForImage;  LICENCAS EXCEDIDAS image not found.
07-05-2024 20:04:12.700Z;functions.obter_intervalo_data;  VERIFICANDO A HORA ATUAL 20
07-05-2024 20:04:12.700Z;functions.obter_intervalo_data;  Data Inicial FERIAS/RESCISAO antes da remoção: None
07-05-2024 20:04:12.700Z;functions.obter_intervalo_data;  Data Final FERIAS/RESCISAO antes da remoção: None
07-05-2024 20:04:12.700Z;functions.obter_intervalo_data;  Data Inicial FERIAS/RESCISAO após a remoção: None
07-05-2024 20:04:12.700Z;functions.obter_intervalo_data;  Data Final FERIAS/RESCISAO após a remoção: None
07-05-2024 20:04:12.700Z;functions.obter_intervalo_data;  hoje -  2024-05-07 20:04:12.700598
07-05-2024 20:04:12.700Z;functions.data_filter;  DATA INICIO 15-05-2024
07-05-2024 20:04:12.700Z;functions.data_filter;  DATA FIM 21-05-2024
07-05-2024 20:04:12.700Z;functions.data_filter;  CLICK - SELECIONA A DATA DE QUARTA FEIRA E DA PROXIMA TERÇA
07-05-2024 20:04:12.700Z;functions.data_filter;  QUARTA-FEIRA: 15-05-2024
07-05-2024 20:04:12.700Z;functions.data_filter;  TERCA-FEIRA: 21-05-2024
07-05-2024 20:04:24.953Z;functions.data_filter;  CLICK - BUTÃO DE SELECAO DE FILTRO
07-05-2024 20:04:28.671Z;functions.data_filter;  INSERE - DATA DE QUARTA-FEIRA: 15-05-2024
07-05-2024 20:04:32.140Z;functions.data_filter;  INSERE - DATA DA PROX TERCA-FEIRA: 21-05-2024
07-05-2024 20:04:32.765Z;functions.data_filter;  CLICK - BUTÃO DE EXECUTAR O FILTRO
07-05-2024 20:04:38.562Z;functions.desmark_filter;  CLICK CHECKBOX LANÇAMENTOS A RECEBER
07-05-2024 20:04:39.363Z;functions.desmark_filter;  CLICK CHECKBOX LANÇAMENTOS BAIXADOS
07-05-2024 20:04:40.188Z;functions.desmark_filter;  CLICK CHECKBOX LANÇAMENTOS CANCELADOS
07-05-2024 20:04:41.062Z;functions.desmark_filter;  CLICK CHECKBOX LANÇAMENTOS FATURADOS
07-05-2024 20:04:41.953Z;functions.desmark_filter;  ATUALIZA O FILTRO
07-05-2024 20:04:42.075Z;functions.waitForImage;  FILTER CLEAN image found.
07-05-2024 20:04:44.196Z;functions.filter_clean;  CLICK NO BOTÃO X DO LIMPA FILTRO
07-05-2024 20:04:59.300Z;functions.waitForImage;  FILTER CLEAN image not found.
07-05-2024 20:05:14.374Z;functions.waitForImage;  FILTER CLEAN image not found.
07-05-2024 20:05:15.321Z;functions.tabela_vazia;  Texto extraido 1/1
07-05-2024 20:05:15.321Z;functions.tabela_vazia;  Count 1
07-05-2024 20:05:15.321Z;functions.tabela_vazia;  Type <class 'int'>
07-05-2024 20:05:15.321Z;functions.tabela_vazia;  TABELA CONTÉM REGISTROS
07-05-2024 20:05:16.030Z;functions.desbloqueio;  SELECIONA TODAS AS TUPLAS
07-05-2024 20:05:21.134Z;functions.desbloqueio;  CONTROL P PARA SELECIONAR PROCESSO
07-05-2024 20:05:26.343Z;functions.desbloqueio;  7 SETAS PARA BAIXO - MANUTENÇÃO DE LANÇAMENTO
07-05-2024 20:05:28.445Z;functions.desbloqueio;  SETA PARA DIREITA
07-05-2024 20:05:35.873Z;functions.desbloqueio;  9 SETAS PARA BAIXO
07-05-2024 20:05:37.974Z;functions.desbloqueio;  ENTER PARA SELECIONAR DESBLOQUEIO ALTERAÇÃO
07-05-2024 20:06:40.379Z;functions.exec_lancamentos;  CONTROL G
07-05-2024 20:06:42.323Z;functions.exec_lancamentos;  CLICK PARA APARECER CONTA/CAIXA
07-05-2024 20:06:43.047Z;functions.exec_lancamentos;  SELECIONA CONTA/CAIXA
07-05-2024 20:06:43.765Z;functions.exec_lancamentos;  CLICK NO BOTÃO [...]
07-05-2024 20:06:44.996Z;functions.exec_lancamentos;  CLICK NO CAMPO PESQUISA E DIGITA: %3212
07-05-2024 20:06:45.661Z;functions.exec_lancamentos;  CLICK NO BOTÃO DO FILTRO
07-05-2024 20:06:46.406Z;functions.exec_lancamentos;  CLICK NO BOTÃO OK
07-05-2024 20:06:47.131Z;functions.exec_lancamentos;  CLICK NO BOTÃO EXECUTAR
07-05-2024 20:07:01.421Z;functions.waitForImage;  PRESS BUTTON OK image found.
07-05-2024 20:07:03.427Z;functions.process_lancamentos;  O PROCESSAMENTO DE LANÇAMENTO FOI EXECUTADO COM SUCESSO.
07-05-2024 20:07:12.361Z;functions.process_lancamentos;  Lançamento Ref. 949595: Convênio alterado para o convênio default '7' da conta Caixa '02675-5' .
Alteração Global de Lançamentos executada com sucesso

07-05-2024 20:07:22.518Z;functions.proccess_bordero;  SELECIONAR INCLUSÃO DE BORDERO
07-05-2024 20:07:42.519Z;functions.waitForImage;  PRESS BUTON SIM image not found.
07-05-2024 20:07:43.244Z;functions.proccess_bordero;  CLICK EM CONVÊNIO TRÊS PONTINHOS
07-05-2024 20:07:44.244Z;functions.proccess_bordero;  CLICK EM COMBOBOX PARA SELECIONAR O ID DO CONVÊNIO
07-05-2024 20:07:44.968Z;functions.proccess_bordero;  CLICK EM ID DO CONVÊNIO
07-05-2024 20:07:47.070Z;functions.proccess_bordero;  APERTA TAB PARA ESCREVER O ID
07-05-2024 20:07:49.172Z;functions.proccess_bordero;  ESCREVE O ID 9 - FERIAS/RESCISÃO
07-05-2024 20:07:51.273Z;functions.proccess_bordero;  APERTA ENTER PARA SELECIONAR O ID 9 - FERIAS/RESCISÃO
07-05-2024 20:07:53.375Z;functions.proccess_bordero;  APERTA ENTER PARA ESCOLHER O ID 9 - FERIAS/RESCISÃO
07-05-2024 20:07:55.999Z;functions.proccess_bordero;  CLICK EM EXECUTAR NA INCLUSÃO DO BORDÊRO
07-05-2024 20:08:11.549Z;functions.waitForImage;  PRESS BUTTON OK image found.
07-05-2024 20:08:13.556Z;functions.proccess_bordero;  O PROCESSAMENTO DO BORDERO FOI EXECUTADO COM SUCESSO.
07-05-2024 20:08:16.156Z;functions.proccess_bordero;  CLICK EM FECHAR.
07-05-2024 20:08:19.306Z;functions.movimentacao_bancaria;  CLICK NA ABA MOVIMENTAÇÃO BANCARIA
07-05-2024 20:08:21.406Z;functions.waitForImage;  IMAGEM BORDERO image found.
07-05-2024 20:08:23.515Z;functions.movimentacao_bancaria;  IMAGEM BORDERO CLICADA.
07-05-2024 20:08:33.923Z;functions.waitForImage;  LICENCAS EXCEDIDAS image not found.
07-05-2024 20:08:34.484Z;functions.movimentacao_bancaria;  ENCONTROU O FILTRO DA MOVIMENTAÇÃO BANCÁRIA
07-05-2024 20:08:34.515Z;functions.movimentacao_bancaria;  CLICA NA ABA SUPERIOR DO FILTRO
07-05-2024 20:08:38.720Z;functions.movimentacao_bancaria;  SELECIONA O FILTRO HOJE
07-05-2024 20:08:39.422Z;functions.waitForImage;  FILTER CLEAN image found.
07-05-2024 20:08:41.551Z;functions.filter_clean;  CLICK NO BOTÃO X DO LIMPA FILTRO
07-05-2024 20:08:56.689Z;functions.waitForImage;  FILTER CLEAN image not found.
07-05-2024 20:09:11.784Z;functions.waitForImage;  FILTER CLEAN image not found.
07-05-2024 20:09:14.531Z;functions.movimentacao_bancaria;  CLICK NA PRIMEIRA LINHA DA TABELA MOVIMENTAÇÃO BANCÁRIA
07-05-2024 20:09:15.743Z;functions.movimentacao_bancaria;  12 PASSOS PARA DIREITA NA TABELA >>
07-05-2024 20:09:17.016Z;functions.movimentacao_bancaria;  HOVER FILTER
07-05-2024 20:09:17.319Z;functions.movimentacao_bancaria;  CLICK FILTER
07-05-2024 20:09:21.633Z;functions.movimentacao_bancaria;  CLICK NO FILTRO  STATUS DA REMESSA
07-05-2024 20:09:23.735Z;functions.movimentacao_bancaria;  APERTA TAB PARA ESCREVER O FILTRO
07-05-2024 20:09:25.841Z;functions.movimentacao_bancaria;  ESCREVE PENDENTE NO FILTRO
07-05-2024 20:09:27.942Z;functions.movimentacao_bancaria;  APERTA ENTER PARA SELECIONAR OS PENDENTES
07-05-2024 20:09:31.469Z;functions.movimentacao_bancaria;  SELECIONA TODAS AS TUPLAS COM STATUS PENDENTE
07-05-2024 20:09:33.572Z;functions.movimentacao_bancaria;  CLICK EM PROCESSOS
07-05-2024 20:09:35.674Z;functions.movimentacao_bancaria;  APERTA PARA BAIXO
07-05-2024 20:09:37.775Z;functions.movimentacao_bancaria;  APERTA ENTER
07-05-2024 20:09:40.422Z;functions.movimentacao_bancaria;  CLICK EM EXECUTAR BORDERO DE PAGAMENTO
07-05-2024 20:09:54.176Z;functions.waitForImage;  PRESS BUTTON OK image found.
07-05-2024 20:09:54.176Z;functions.movimentacao_bancaria;  O PROCESSAMENTO DE AUTORIZAÇÃO DO BORDERO FOI EXECUTADO COM SUCESSO.
07-05-2024 20:09:54.796Z;functions.movimentacao_bancaria;  CLICK EM FECHAR.
07-05-2024 20:09:59.892Z;functions.waitForImage;  FILTER CLEAN image found.
07-05-2024 20:10:02.013Z;functions.filter_clean;  CLICK NO BOTÃO X DO LIMPA FILTRO
07-05-2024 20:10:17.177Z;functions.waitForImage;  FILTER CLEAN image not found.
07-05-2024 20:10:32.290Z;functions.waitForImage;  FILTER CLEAN image not found.
07-05-2024 20:10:33.093Z;functions.remessa_pagamento;  CLICK NA PRIMEIRA LINHA DA TABELA MOVIMENTAÇÃO BANCÁRIA
07-05-2024 20:10:34.376Z;functions.remessa_pagamento;  HOVER FILTER
07-05-2024 20:10:34.663Z;functions.remessa_pagamento;  CLICK FILTER
07-05-2024 20:10:38.974Z;functions.remessa_pagamento;  CLICK NO FILTRO  STATUS DA REMESSA
07-05-2024 20:10:41.075Z;functions.remessa_pagamento;  APERTA TAB PARA ESCREVER O FILTRO
07-05-2024 20:10:43.182Z;functions.remessa_pagamento;  ESCREVE AUTORIZADO NO FILTRO
07-05-2024 20:10:45.286Z;functions.remessa_pagamento;  APERTA ENTER PARA SELECIONAR OS AUTORIZADO
07-05-2024 20:10:48.611Z;functions.remessa_pagamento;  6 PASSOS PARA ESQUERDA NA TABELA <<
07-05-2024 20:10:49.485Z;functions.check_user_bot;  Texto extraido 1/1
07-05-2024 20:10:49.485Z;functions.check_user_bot;  Count 1
07-05-2024 20:10:49.485Z;functions.check_user_bot;  Type <class 'int'>
07-05-2024 20:10:51.591Z;functions.check_user_bot;  CHECK USER BOT 1
07-05-2024 20:10:53.592Z;functions.check_user_bot;  integracao
07-05-2024 20:10:56.299Z;functions.check_user_bot;  7 PASSOS PARA DIREITA NA TABELA >>
07-05-2024 20:11:00.401Z;functions.check_user_bot;  341 / 3212 / 02675 - FERIAS/RESCISAO
07-05-2024 20:11:00.401Z;functions.check_user_bot;  NOME FERIAS/RECISAO ENCONTRADO
07-05-2024 20:11:02.606Z;functions.check_user_bot;  CLICK EM PROCESSOS
07-05-2024 20:11:04.707Z;functions.check_user_bot;  APERTA PARA BAIXO 0
07-05-2024 20:11:06.808Z;functions.check_user_bot;  APERTA PARA BAIXO 1
07-05-2024 20:11:08.909Z;functions.check_user_bot;  APERTA PARA BAIXO 2
07-05-2024 20:11:11.011Z;functions.check_user_bot;  APERTA ENTER
07-05-2024 20:11:13.640Z;functions.check_user_bot;  CLICK EM REMESSAS DE PAGAMENTO
07-05-2024 20:11:14.742Z;functions.check_user_bot;  APERTA TAB 0
07-05-2024 20:11:15.844Z;functions.check_user_bot;  APERTA TAB 1
07-05-2024 20:11:16.945Z;functions.check_user_bot;  APERTA TAB 2
07-05-2024 20:11:26.984Z;functions.check_user_bot;  CLICK EM AVANÇAR
07-05-2024 20:11:26.984Z;functions.check_user_bot;  CLICK - SELECIONA A DATA DE QUARTA FEIRA E DA PROXIMA TERÇA
07-05-2024 20:11:26.984Z;functions.check_user_bot;  QUARTA-FEIRA: 15-05-2024
07-05-2024 20:11:26.984Z;functions.check_user_bot;  TERCA-FEIRA: 21-05-2024
07-05-2024 20:11:31.689Z;functions.check_user_bot;  DESMARCA CHECKBOX PARA SALVAR ARQUIVO DE REMESSA
07-05-2024 20:11:32.323Z;functions.check_user_bot;  CLICK NOS ... PARA SELECIONAR O DIRETÓRIO E NOME DO ARQUIVO.
07-05-2024 20:11:33.485Z;functions.check_user_bot;  DUPLO CLICK NO DIRETORIO
07-05-2024 20:11:35.827Z;functions.check_user_bot;  APERTA TAB 0
07-05-2024 20:11:36.429Z;functions.check_user_bot;  APERTA TAB 1
07-05-2024 20:11:37.030Z;functions.check_user_bot;  APERTA TAB 2
07-05-2024 20:11:37.631Z;functions.check_user_bot;  APERTA TAB 3
07-05-2024 20:11:38.233Z;functions.check_user_bot;  APERTA TAB 4
07-05-2024 20:11:38.834Z;functions.check_user_bot;  APERTA TAB 5
07-05-2024 20:11:38.834Z;functions.check_user_bot;  A ULTIMA LETRA USADA: A
07-05-2024 20:11:38.834Z;functions.check_user_bot;  A LETRA SERA: B
07-05-2024 20:11:38.945Z;functions.check_user_bot;  F152124B.txt
07-05-2024 20:11:39.609Z;functions.check_user_bot;  CLICK NO BUTÃO SALVAR
07-05-2024 20:11:40.336Z;functions.check_user_bot;  CLICK EM AVANCAR PARA CONCLUIR
07-05-2024 20:11:41.175Z;functions.check_user_bot;  CLICK EM EXECUTAR
07-05-2024 20:11:57.287Z;functions.waitForImage;  PRESS BUTTON OK image found.
07-05-2024 20:11:59.292Z;functions.check_user_bot;  O PROCESSAMENTO DE AUTORIZAÇÃO DO BORDERO FOI EXECUTADO COM SUCESSO.
07-05-2024 20:12:08.245Z;functions.check_user_bot;  ===========================================================================================================
LANÇAMENTOS ENVIADOS PARA REMESSA PAGAMENTO
Coligada: 1
ID Remessa: 10
Convênio: 9
Data: 07/05/2024 20:11:54
Borderô remetidos: 1
===========================================================================================================
Borderô: 1-9181

Lançamentos remetidos no Borderô:
Lancamento 1-949595
----------------------------------------------------------------------------------------------------------


07-05-2024 20:12:10.062Z;errorhandler.__handle;  CSSStyleDeclaration: Unexpected token, ignoring upto '{        border: none;'. [1:174: {]
07-05-2024 20:12:10.062Z;errorhandler.__handle;  Property: Unknown Property name. [1:204: -ms-interpolation-mode]
07-05-2024 20:12:10.062Z;errorhandler.__handle;  CSSStyleDeclaration: Unexpected token, ignoring upto '}'. [1:267: }]
07-05-2024 20:12:10.062Z;errorhandler.__handle;  CSSStyleDeclaration: Unexpected token, ignoring upto '{        background-color: #f6f6f6;'. [1:281: {]
07-05-2024 20:12:10.062Z;errorhandler.__handle;  Property: Unknown Property name. [1:356: -webkit-font-smoothing]
07-05-2024 20:12:10.062Z;errorhandler.__handle;  Property: Unknown Property name. [1:486: -ms-text-size-adjust]
07-05-2024 20:12:10.062Z;errorhandler.__handle;  Property: Unknown Property name. [1:521: -webkit-text-size-adjust]
07-05-2024 20:12:10.062Z;errorhandler.__handle;  CSSStyleDeclaration: Unexpected token, ignoring upto '}'. [1:559: }]
07-05-2024 20:12:10.062Z;errorhandler.__handle;  CSSStyleDeclaration: Unexpected token, ignoring upto '{        border-collapse: separate;'. [1:574: {]
07-05-2024 20:12:10.062Z;errorhandler.__handle;  Property: Unknown Property name. [1:617: mso-table-lspace]
07-05-2024 20:12:10.062Z;errorhandler.__handle;  Property: Unknown Property name. [1:647: mso-table-rspace]
07-05-2024 20:12:10.078Z;errorhandler.__handle;  CSSStyleDeclaration: Unexpected token, ignoring upto '}'. [1:690: }]
07-05-2024 20:12:10.078Z;errorhandler.__handle;  CSSStyleDeclaration: Unexpected token, ignoring upto '{          font-family: sans-serif;'. [1:710: {]
07-05-2024 20:12:10.078Z;errorhandler.__handle;  CSSStyleDeclaration: Unexpected token, ignoring upto '}'. [1:808: }]
07-05-2024 20:12:10.078Z;errorhandler.__handle;  CSSStyleDeclaration: Unexpected token, ignoring upto '{        background-color: #f6f6f6;'. [1:941: {]
07-05-2024 20:12:10.078Z;errorhandler.__handle;  CSSStyleDeclaration: Unexpected token, ignoring upto '}'. [1:1003: }]
07-05-2024 20:12:10.078Z;errorhandler.__handle;  CSSStyleDeclaration: Unexpected token, ignoring upto '{        display: block;'. [1:1178: {]
07-05-2024 20:12:10.078Z;errorhandler.__handle;  CSSStyleDeclaration: Unexpected token, ignoring upto '}'. [1:1342: }]
07-05-2024 20:12:10.078Z;errorhandler.__handle;  CSSStyleDeclaration: Unexpected token, ignoring upto '{        box-sizing: border-box;'. [1:1452: {]
07-05-2024 20:12:10.078Z;errorhandler.__handle;  CSSStyleDeclaration: Unexpected token, ignoring upto '}'. [1:1584: }]
07-05-2024 20:12:10.078Z;errorhandler.__handle;  CSSStyleDeclaration: Unexpected token, ignoring upto '{        background: #ffffff;'. [1:1721: {]
07-05-2024 20:12:10.078Z;errorhandler.__handle;  CSSStyleDeclaration: Unexpected token, ignoring upto '}'. [1:1804: }]
07-05-2024 20:12:10.078Z;errorhandler.__handle;  CSSStyleDeclaration: Unexpected token, ignoring upto '{        box-sizing: border-box;'. [1:1822: {]
07-05-2024 20:12:10.078Z;errorhandler.__handle;  CSSStyleDeclaration: Unexpected token, ignoring upto '}'. [1:1883: }]
07-05-2024 20:12:10.078Z;errorhandler.__handle;  CSSStyleDeclaration: Unexpected token, ignoring upto '{        padding-bottom: 10px;'. [1:1907: {]
07-05-2024 20:12:10.078Z;errorhandler.__handle;  CSSStyleDeclaration: Unexpected token, ignoring upto '}'. [1:1969: }]
07-05-2024 20:12:10.078Z;errorhandler.__handle;  CSSStyleDeclaration: Unexpected token, ignoring upto '{        clear: both;'. [1:1986: {]
07-05-2024 20:12:10.078Z;errorhandler.__handle;  CSSStyleDeclaration: Unexpected token, ignoring upto '}'. [1:2086: }]
07-05-2024 20:12:10.078Z;errorhandler.__handle;  CSSStyleDeclaration: Unexpected token, ignoring upto '{          color: #999999;'. [1:2165: {]
07-05-2024 20:12:10.078Z;errorhandler.__handle;  CSSStyleDeclaration: Unexpected token, ignoring upto '}'. [1:2253: }]
07-05-2024 20:12:10.078Z;errorhandler.__handle;  CSSStyleDeclaration: Unexpected token, ignoring upto '{        color: #000000;'. [1:2404: {]
07-05-2024 20:12:10.078Z;errorhandler.__handle;  CSSStyleDeclaration: Unexpected token, ignoring upto '}'. [1:2563: }]
07-05-2024 20:12:10.078Z;errorhandler.__handle;  CSSStyleDeclaration: Unexpected token, ignoring upto '{        font-size: 35px;'. [1:2575: {]
07-05-2024 20:12:10.078Z;errorhandler.__handle;  CSSStyleDeclaration: Unexpected token, ignoring upto '}'. [1:2694: }]
07-05-2024 20:12:10.078Z;errorhandler.__handle;  CSSStyleDeclaration: Unexpected token, ignoring upto '{        font-family: sans-serif;'. [1:2723: {]
07-05-2024 20:12:10.078Z;errorhandler.__handle;  CSSStyleDeclaration: Unexpected token, ignoring upto '}'. [1:2861: }]
07-05-2024 20:12:10.078Z;errorhandler.__handle;  CSSStyleDeclaration: Unexpected token, ignoring upto '{          list-style-position: inside;'. [1:2905: {]
07-05-2024 20:12:10.078Z;errorhandler.__handle;  CSSStyleDeclaration: Unexpected token, ignoring upto '}'. [1:2978: }]
07-05-2024 20:12:10.078Z;errorhandler.__handle;  CSSStyleDeclaration: Unexpected token, ignoring upto '{        color: #3498db;'. [1:2989: {]
07-05-2024 20:12:10.078Z;errorhandler.__handle;  CSSStyleDeclaration: Unexpected token, ignoring upto '}'. [1:3055: }]
07-05-2024 20:12:10.078Z;errorhandler.__handle;  CSSStyleDeclaration: Unexpected token, ignoring upto '{        box-sizing: border-box;'. [1:3178: {]
07-05-2024 20:12:10.078Z;errorhandler.__handle;  CSSStyleDeclaration: Unexpected token, ignoring upto '}'. [1:3231: }]
07-05-2024 20:12:10.078Z;errorhandler.__handle;  CSSStyleDeclaration: Unexpected token, ignoring upto '{          padding-bottom: 15px;'. [1:3265: {]
07-05-2024 20:12:10.078Z;errorhandler.__handle;  CSSStyleDeclaration: Unexpected token, ignoring upto '}'. [1:3298: }]
07-05-2024 20:12:10.078Z;errorhandler.__handle;  CSSStyleDeclaration: Unexpected token, ignoring upto '{          width: auto;'. [1:3320: {]
07-05-2024 20:12:10.078Z;errorhandler.__handle;  CSSStyleDeclaration: Unexpected token, ignoring upto '}'. [1:3350: }]
07-05-2024 20:12:10.078Z;errorhandler.__handle;  CSSStyleDeclaration: Unexpected token, ignoring upto '{          background-color: #ffffff;'. [1:3375: {]
07-05-2024 20:12:10.078Z;errorhandler.__handle;  CSSStyleDeclaration: Unexpected token, ignoring upto '}'. [1:3477: }]
07-05-2024 20:12:10.078Z;errorhandler.__handle;  CSSStyleDeclaration: Unexpected token, ignoring upto '{          background-color: #ffffff;'. [1:3495: {]
07-05-2024 20:12:10.125Z;errorhandler.__handle;  CSSStyleDeclaration: Unexpected token, ignoring upto '}'. [1:3892: }]
07-05-2024 20:12:10.125Z;errorhandler.__handle;  CSSStyleDeclaration: Unexpected token, ignoring upto '{        background-color: #3498db;'. [1:3923: {]
07-05-2024 20:12:10.125Z;errorhandler.__handle;  CSSStyleDeclaration: Unexpected token, ignoring upto '}'. [1:3965: }]
07-05-2024 20:12:10.125Z;errorhandler.__handle;  CSSStyleDeclaration: Unexpected token, ignoring upto '{        background-color: #3498db;'. [1:3989: {]
07-05-2024 20:12:10.125Z;errorhandler.__handle;  CSSStyleDeclaration: Unexpected token, ignoring upto '}'. [1:4084: }]
07-05-2024 20:12:10.125Z;errorhandler.__handle;  CSSStyleDeclaration: Unexpected token, ignoring upto '{        margin-bottom: 0;'. [1:4234: {]
07-05-2024 20:12:10.125Z;errorhandler.__handle;  CSSStyleDeclaration: Unexpected token, ignoring upto '}'. [1:4267: }]
07-05-2024 20:12:10.125Z;errorhandler.__handle;  CSSStyleDeclaration: Unexpected token, ignoring upto '{        margin-top: 0;'. [1:4283: {]
07-05-2024 20:12:10.125Z;errorhandler.__handle;  CSSStyleDeclaration: Unexpected token, ignoring upto '}'. [1:4313: }]
07-05-2024 20:12:10.125Z;errorhandler.__handle;  CSSStyleDeclaration: Unexpected token, ignoring upto '{        text-align: center;'. [1:4336: {]
07-05-2024 20:12:10.125Z;errorhandler.__handle;  CSSStyleDeclaration: Unexpected token, ignoring upto '}'. [1:4371: }]
07-05-2024 20:12:10.125Z;errorhandler.__handle;  CSSStyleDeclaration: Unexpected token, ignoring upto '{        text-align: right;'. [1:4393: {]
07-05-2024 20:12:10.125Z;errorhandler.__handle;  CSSStyleDeclaration: Unexpected token, ignoring upto '}'. [1:4427: }]
07-05-2024 20:12:10.125Z;errorhandler.__handle;  CSSStyleDeclaration: Unexpected token, ignoring upto '{        text-align: left;'. [1:4448: {]
07-05-2024 20:12:10.125Z;errorhandler.__handle;  CSSStyleDeclaration: Unexpected token, ignoring upto '}'. [1:4481: }]
07-05-2024 20:12:10.125Z;errorhandler.__handle;  CSSStyleDeclaration: Unexpected token, ignoring upto '{        clear: both;'. [1:4497: {]
07-05-2024 20:12:10.125Z;errorhandler.__handle;  CSSStyleDeclaration: Unexpected token, ignoring upto '}'. [1:4525: }]
07-05-2024 20:12:10.125Z;errorhandler.__handle;  CSSStyleDeclaration: Unexpected token, ignoring upto '{        margin-top: 0;'. [1:4539: {]
07-05-2024 20:12:10.125Z;errorhandler.__handle;  CSSStyleDeclaration: Unexpected token, ignoring upto '}'. [1:4569: }]
07-05-2024 20:12:10.140Z;errorhandler.__handle;  CSSStyleDeclaration: Unexpected token, ignoring upto '{        margin-bottom: 0;'. [1:4583: {]
07-05-2024 20:12:10.140Z;errorhandler.__handle;  CSSStyleDeclaration: Unexpected token, ignoring upto '}'. [1:4616: }]
07-05-2024 20:12:10.140Z;errorhandler.__handle;  CSSStyleDeclaration: Unexpected token, ignoring upto '{        color: transparent;'. [1:4636: {]
07-05-2024 20:12:10.140Z;errorhandler.__handle;  Property: Unknown Property name. [1:4799: mso-hide]
07-05-2024 20:12:10.140Z;errorhandler.__handle;  CSSStyleDeclaration: Unexpected token, ignoring upto '}'. [1:4864: }]
07-05-2024 20:12:10.140Z;errorhandler.__handle;  CSSStyleDeclaration: Unexpected token, ignoring upto '{        text-decoration: none;'. [1:4887: {]
07-05-2024 20:12:10.140Z;errorhandler.__handle;  CSSStyleDeclaration: Unexpected token, ignoring upto '}'. [1:4925: }]
07-05-2024 20:12:10.140Z;errorhandler.__handle;  CSSStyleDeclaration: Unexpected token, ignoring upto '{        border: 0;'. [1:4937: {]
07-05-2024 20:12:10.140Z;errorhandler.__handle;  CSSStyleDeclaration: Unexpected token, ignoring upto '}'. [1:5027: }]
07-05-2024 20:12:10.140Z;errorhandler.__handle;  CSSStyleRule: No selector found: '{        table.body h1 {{          font-size: 28px !important;          margin-bottom: 10px !important;         }}        table.body p,        table.body ul,        table.body ol,        table.body td,        table.body span,        table.body a {{          font-size: 16px !important;         }}        table.body .wrapper,        table.body .article {{          padding: 10px !important;         }}        table.body .content {{          padding: 0 !important;         }}        table.body .container {{          padding: 0 !important;          width: 100% !important;         }}        table.body .main {{          border-left-width: 0 !important;          border-radius: 0 !important;          border-right-width: 0 !important;         }}        table.body .btn table {{          width: 100% !important;         }}        table.body .btn a {{          width: 100% !important;         }}        table.body .img-responsive {{          height: auto !important;          max-width: 100% !important;          width: auto !important;         }}      }'. [1:5217: {]
07-05-2024 20:12:10.140Z;errorhandler.__handle;  SelectorList: Unknown Syntax: ''
07-05-2024 20:12:10.140Z;errorhandler.__handle;  Property: No ":" after name found: table.body h1 {{          font-size: 28px !important;          margin-bottom: 10px !important;         }}        table.body p,        table.body ul,        table.body ol,        table.body td,        table.body span,        table.body a {{          font-size: 16px !important;         }}        table.body .wrapper,        table.body .article {{          padding: 10px !important;         }}        table.body .content {{          padding: 0 !important;         }}        table.body .container {{          padding: 0 !important;          width: 100% !important;         }}        table.body .main {{          border-left-width: 0 !important;          border-radius: 0 !important;          border-right-width: 0 !important;         }}        table.body .btn table {{          width: 100% !important;         }}        table.body .btn a {{          width: 100% !important;         }}        table.body .img-responsive {{          height: auto !important;          max-width: 100% !important;          width: auto !important;         }}       [1:6259:       ]
07-05-2024 20:12:10.140Z;errorhandler.__handle;  Property: No property value found: table.body h1 {{          font-size: 28px !important;          margin-bottom: 10px !important;         }}        table.body p,        table.body ul,        table.body ol,        table.body td,        table.body span,        table.body a {{          font-size: 16px !important;         }}        table.body .wrapper,        table.body .article {{          padding: 10px !important;         }}        table.body .content {{          padding: 0 !important;         }}        table.body .container {{          padding: 0 !important;          width: 100% !important;         }}        table.body .main {{          border-left-width: 0 !important;          border-radius: 0 !important;          border-right-width: 0 !important;         }}        table.body .btn table {{          width: 100% !important;         }}        table.body .btn a {{          width: 100% !important;         }}        table.body .img-responsive {{          height: auto !important;          max-width: 100% !important;          width: auto !important;         }}       [1:6259:       ]
07-05-2024 20:12:10.140Z;errorhandler.__handle;  CSSStyleDeclaration: Syntax Error in Property: table.body h1 {{          font-size: 28px !important;          margin-bottom: 10px !important;         }}        table.body p,        table.body ul,        table.body ol,        table.body td,        table.body span,        table.body a {{          font-size: 16px !important;         }}        table.body .wrapper,        table.body .article {{          padding: 10px !important;         }}        table.body .content {{          padding: 0 !important;         }}        table.body .container {{          padding: 0 !important;          width: 100% !important;         }}        table.body .main {{          border-left-width: 0 !important;          border-radius: 0 !important;          border-right-width: 0 !important;         }}        table.body .btn table {{          width: 100% !important;         }}        table.body .btn a {{          width: 100% !important;         }}        table.body .img-responsive {{          height: auto !important;          max-width: 100% !important;          width: auto !important;         }}      
07-05-2024 20:12:10.140Z;errorhandler.__handle;  CSSStyleRule: No selector found: '{        .ExternalClass {{          width: 100%;         }}        .ExternalClass,        .ExternalClass p,        .ExternalClass span,        .ExternalClass font,        .ExternalClass td,        .ExternalClass div {{          line-height: 100%;         }}        .apple-link a {{          color: inherit !important;          font-family: inherit !important;          font-size: inherit !important;          font-weight: inherit !important;          line-height: inherit !important;          text-decoration: none !important;         }}        #MessageViewBody a {{          color: inherit;          text-decoration: none;          font-size: inherit;          font-family: inherit;          font-weight: inherit;          line-height: inherit;        }}        .btn-primary table td:hover {{          background-color: #34495e !important;         }}        .btn-primary a:hover {{          background-color: #34495e !important;          border-color: #34495e !important;         }}       }'. [1:6420: {]
07-05-2024 20:12:10.140Z;errorhandler.__handle;  SelectorList: Unknown Syntax: ''
07-05-2024 20:12:10.140Z;errorhandler.__handle;  CSSStyleDeclaration: Unexpected token, ignoring upto '.ExternalClass {{          width: 100%;         }}        .ExternalClass,        .ExternalClass p,        .ExternalClass span,        .ExternalClass font,        .ExternalClass td,        .ExternalClass div {{          line-height: 100%;         }}        .apple-link a {{          color: inherit !important;          font-family: inherit !important;          font-size: inherit !important;          font-weight: inherit !important;          line-height: inherit !important;          text-decoration: none !important;         }}        #MessageViewBody a {{          color: inherit;          text-decoration: none;          font-size: inherit;          font-family: inherit;          font-weight: inherit;          line-height: inherit;        }}        .btn-primary table td:hover {{          background-color: #34495e !important;         }}        .btn-primary a:hover {{          background-color: #34495e !important;          border-color: #34495e !important;         }}       '. [1:6429: .]
07-05-2024 20:12:10.140Z;errorhandler.__handle;  Property: Unknown Property name. [1:1: -ms-interpolation-mode]
07-05-2024 20:12:10.140Z;errorhandler.__handle;  Property: Unknown Property name. [1:24: -webkit-font-smoothing]
07-05-2024 20:12:10.140Z;errorhandler.__handle;  Property: Unknown Property name. [1:109: -ms-text-size-adjust]
07-05-2024 20:12:10.140Z;errorhandler.__handle;  Property: Unknown Property name. [1:135: -webkit-text-size-adjust]
07-05-2024 20:12:10.140Z;errorhandler.__handle;  Property: Unknown Property name. [1:1: mso-table-lspace]
07-05-2024 20:12:10.140Z;errorhandler.__handle;  Property: Unknown Property name. [1:20: mso-table-rspace]
07-05-2024 20:12:10.156Z;errorhandler.__handle;  Property: Unknown Property name. [1:74: mso-hide]
07-05-2024 20:12:10.156Z;errorhandler.__handle;  Property: No ":" after name found: align-center [1:1: align-center]
07-05-2024 20:12:10.156Z;errorhandler.__handle;  Property: No property value found: align-center [1:1: align-center]
07-05-2024 20:12:10.156Z;errorhandler.__handle;  CSSStyleDeclaration: Syntax Error in Property: align-center
07-05-2024 20:12:10.156Z;errorhandler.__handle;  Property: Unknown Property name. [1:1: -ms-interpolation-mode]
07-05-2024 20:12:11.984Z;functions.emailSuccess;  Success e-mail sent.
07-05-2024 20:12:12.711Z;functions.encerra_prog;  RM ENCERRADO
