17-06-2024 14:01:06.509Z;functions.bot_text_art;      ____   
17-06-2024 14:01:06.509Z;functions.bot_text_art;     [____]    
17-06-2024 14:01:06.509Z;functions.bot_text_art;   |=]()()[=|  
17-06-2024 14:01:06.509Z;functions.bot_text_art;     _\==/__    _____    ____     _        _____    ___   _  __
17-06-2024 14:01:06.509Z;functions.bot_text_art;   |__|   |_|  |  _  \  / ___|   | |      |_   _| / ___| | |/ /
17-06-2024 14:01:06.509Z;functions.bot_text_art;   |_|_/\_|_|  | |  | | | |      | |        | |   | |    | ' / 
17-06-2024 14:01:06.509Z;functions.bot_text_art;   | | __ | |  | |  | | | |      | |        | |   | |    |  <  
17-06-2024 14:01:06.509Z;functions.bot_text_art;   |_|[  ]|_|  | |__| | | |____  | |____   _| |_  | |__  | . \ 
17-06-2024 14:01:06.509Z;functions.bot_text_art;   \_|_||_|_/  |_____/   \_____| |______| |_____| \ ___| |_|\_\
17-06-2024 14:01:06.509Z;functions.bot_text_art;     |_||_|                                                     
17-06-2024 14:01:06.509Z;functions.bot_text_art;     | ||_|_   
17-06-2024 14:01:06.509Z;functions.bot_text_art;   |___||___|  
17-06-2024 14:01:06.509Z;functions.bot_text_art;               
17-06-2024 14:01:06.634Z;functions.open_RM;  OPEN PROGRAM RM
17-06-2024 14:04:41.665Z;functions.loggin_RM;  ENTRAR USER_NAME
17-06-2024 14:04:45.431Z;functions.loggin_RM;  ENTRAR PASSWORD
17-06-2024 14:04:46.931Z;functions.loggin_RM;  ENTRAR RM
17-06-2024 14:07:49.884Z;functions.loggin_RM;  FILTRO NÃO ENCONTRADO
17-06-2024 14:07:49.884Z;functions.enter_coligada;  AGUARDANDO 1
17-06-2024 14:07:51.463Z;functions.enter_coligada;  CLICK CONTEXTO
17-06-2024 14:07:55.681Z;functions.enter_coligada;  CLICK ALTERAR MODULO DO CONTEXTO
17-06-2024 14:08:00.352Z;functions.enter_coligada;  INSERE O COLIGADA CODE = 1
17-06-2024 14:08:00.455Z;functions.enter_coligada;  APERTA TAB PARA PREENCHER O CAMPO COM A STRING: OCEANICA ENGENHARIA E CONSULTORIA S.A.
17-06-2024 14:08:04.837Z;functions.enter_coligada;  CLICK AVANÇAR NOVAMENTE
17-06-2024 14:08:06.181Z;functions.enter_coligada;  CLICK CONCLUIR
17-06-2024 14:09:14.618Z;functions.enter_coligada;  POP UP COLIGADA DESAPARECER
17-06-2024 14:09:15.587Z;functions.check_movimentacao_bancaria;  CLICK - TOTVS - LINHA RM
17-06-2024 14:09:17.274Z;functions.check_movimentacao_bancaria;  CLICK - BACK OFFICE
17-06-2024 14:09:19.962Z;functions.check_movimentacao_bancaria;  CLICK - GESTAO FINANCEIRA
17-06-2024 14:09:19.962Z;functions.obter_intervalo_data;  VERIFICANDO A HORA ATUAL 14
17-06-2024 14:09:20.024Z;functions.obter_intervalo_data;  Data Inicial FERIAS/RESCISAO antes da remoção: None
17-06-2024 14:09:20.024Z;functions.obter_intervalo_data;  Data Final FERIAS/RESCISAO antes da remoção: None
17-06-2024 14:09:20.024Z;functions.obter_intervalo_data;  Data Inicial FERIAS/RESCISAO após a remoção: None
17-06-2024 14:09:20.024Z;functions.obter_intervalo_data;  Data Final FERIAS/RESCISAO após a remoção: None
17-06-2024 14:09:20.024Z;functions.obter_intervalo_data;  hoje -  2024-06-17 14:09:20.024722
17-06-2024 14:09:20.024Z;functions.check_movimentacao_bancaria;  DATA INICIO 19-06-2024
17-06-2024 14:09:20.024Z;functions.check_movimentacao_bancaria;  DATA FIM 25-06-2024
17-06-2024 14:09:20.024Z;functions.movimentacao_bancaria;  AGUARDANDO 1
17-06-2024 14:09:25.993Z;functions.movimentacao_bancaria;  CLICK NA ABA MOVIMENTAÇÃO BANCARIA
17-06-2024 14:09:29.134Z;functions.waitForImage;  IMAGEM BORDERO image found.
17-06-2024 14:09:31.251Z;functions.movimentacao_bancaria;  IMAGEM BORDERO CLICADA.
17-06-2024 14:09:41.774Z;functions.waitForImage;  LICENCAS EXCEDIDAS image not found.
17-06-2024 14:09:43.212Z;functions.movimentacao_bancaria;  ENCONTROU O FILTRO DA MOVIMENTAÇÃO BANCÁRIA
17-06-2024 14:09:43.274Z;functions.movimentacao_bancaria;  CLICA NA ABA SUPERIOR DO FILTRO
17-06-2024 14:09:47.485Z;functions.movimentacao_bancaria;  SELECIONA O FILTRO HOJE
17-06-2024 14:10:02.837Z;functions.waitForImage;  FILTER CLEAN image not found.
17-06-2024 14:10:18.149Z;functions.waitForImage;  FILTER CLEAN image not found.
17-06-2024 14:10:33.462Z;functions.waitForImage;  FILTER CLEAN image not found.
17-06-2024 14:10:37.118Z;functions.movimentacao_bancaria;  CLICK NA PRIMEIRA LINHA DA TABELA MOVIMENTAÇÃO BANCÁRIA
17-06-2024 14:10:38.343Z;functions.movimentacao_bancaria;  12 PASSOS PARA DIREITA NA TABELA >>
17-06-2024 14:10:40.620Z;functions.movimentacao_bancaria;  HOVER FILTER
17-06-2024 14:10:41.220Z;functions.movimentacao_bancaria;  CLICK FILTER
17-06-2024 14:10:45.546Z;functions.movimentacao_bancaria;  CLICK NO FILTRO  STATUS DA REMESSA
17-06-2024 14:10:47.649Z;functions.movimentacao_bancaria;  APERTA TAB PARA ESCREVER O FILTRO
17-06-2024 14:10:49.764Z;functions.movimentacao_bancaria;  ESCREVE PENDENTE NO FILTRO
17-06-2024 14:10:51.867Z;functions.movimentacao_bancaria;  APERTA ENTER PARA SELECIONAR OS PENDENTES
17-06-2024 14:11:12.431Z;functions.movimentacao_bancaria;  SEM PROCESSAMENTO DE BORDERO PENDENTE.
17-06-2024 14:11:17.649Z;functions.waitForImage;  FILTER CLEAN image found.
17-06-2024 14:11:19.784Z;functions.filter_clean;  CLICK NO BOTÃO X DO LIMPA FILTRO
17-06-2024 14:11:35.087Z;functions.waitForImage;  FILTER CLEAN image not found.
17-06-2024 14:11:50.399Z;functions.waitForImage;  FILTER CLEAN image not found.
17-06-2024 14:11:52.243Z;functions.remessa_pagamento;  CLICK NA PRIMEIRA LINHA DA TABELA MOVIMENTAÇÃO BANCÁRIA
17-06-2024 14:11:54.415Z;functions.remessa_pagamento;  HOVER FILTER
17-06-2024 14:11:54.984Z;functions.remessa_pagamento;  CLICK FILTER
17-06-2024 14:11:59.319Z;functions.remessa_pagamento;  CLICK NO FILTRO  STATUS DA REMESSA
17-06-2024 14:12:01.421Z;functions.remessa_pagamento;  APERTA TAB PARA ESCREVER O FILTRO
17-06-2024 14:12:03.540Z;functions.remessa_pagamento;  ESCREVE AUTORIZADO NO FILTRO
17-06-2024 14:12:05.642Z;functions.remessa_pagamento;  APERTA ENTER PARA SELECIONAR OS AUTORIZADO
17-06-2024 14:12:26.149Z;functions.remessa_pagamento;  SEM REMESSA DE BORDERO AUTORIZADO
17-06-2024 14:12:27.118Z;functions.enter_contas_a_pagar;  CLICK - TOTVS - LINHA RM
17-06-2024 14:12:28.493Z;functions.enter_contas_a_pagar;  CLICK - BACK OFFICE
17-06-2024 14:12:31.149Z;functions.enter_contas_a_pagar;  CLICK - GESTAO FINANCEIRA
17-06-2024 14:12:37.556Z;functions.enter_contas_a_pagar;  CLICK - CONTAS A PAGAR
17-06-2024 14:12:38.555Z;functions.waitForImage;  LANÇAMENTOS image found.
17-06-2024 14:12:40.688Z;functions.enter_contas_a_pagar;  CLICA EM LANÇAMENTOS
17-06-2024 14:12:56.040Z;functions.waitForImage;  LICENCAS EXCEDIDAS image not found.
17-06-2024 14:12:56.040Z;functions.data_filter;  CLICK - SELECIONA A DATA DE QUARTA FEIRA E DA PROXIMA TERÇA
17-06-2024 14:12:56.040Z;functions.data_filter;  QUARTA-FEIRA: 19-06-2024
17-06-2024 14:12:56.040Z;functions.data_filter;  TERCA-FEIRA: 25-06-2024
17-06-2024 14:13:10.274Z;functions.data_filter;  CLICK - BUTÃO DE SELECAO DE FILTRO
17-06-2024 14:13:14.946Z;functions.data_filter;  INSERE - DATA DE QUARTA-FEIRA: 19-06-2024
17-06-2024 14:13:19.243Z;functions.data_filter;  INSERE - DATA DA PROX TERCA-FEIRA: 25-06-2024
17-06-2024 14:13:20.367Z;functions.data_filter;  CLICK - BUTÃO DE EXECUTAR O FILTRO
17-06-2024 14:13:25.371Z;functions.desmark_filter;  AGUARDANDO 1
17-06-2024 14:13:27.774Z;functions.desmark_filter;  CLICK CHECKBOX LANÇAMENTOS A RECEBER
17-06-2024 14:13:30.415Z;functions.desmark_filter;  CLICK CHECKBOX LANÇAMENTOS BAIXADOS
17-06-2024 14:13:33.305Z;functions.desmark_filter;  CLICK CHECKBOX LANÇAMENTOS CANCELADOS
17-06-2024 14:13:36.520Z;functions.desmark_filter;  CLICK CHECKBOX LANÇAMENTOS FATURADOS
17-06-2024 14:13:40.102Z;functions.desmark_filter;  ATUALIZA O FILTRO
17-06-2024 14:13:40.290Z;functions.waitForImage;  FILTER CLEAN image found.
17-06-2024 14:13:42.397Z;functions.filter_clean;  CLICK NO BOTÃO X DO LIMPA FILTRO
17-06-2024 14:13:57.711Z;functions.waitForImage;  FILTER CLEAN image not found.
17-06-2024 14:14:12.961Z;functions.waitForImage;  FILTER CLEAN image not found.
17-06-2024 14:14:16.258Z;functions.tabela_vazia;  Texto extraido 0/0
17-06-2024 14:14:16.258Z;functions.tabela_vazia;  Count 0
17-06-2024 14:14:16.258Z;functions.tabela_vazia;  Type <class 'int'>
17-06-2024 14:14:18.273Z;functions.tabela_vazia;  SEM REMESSA DE FÉRIAS/RESCISÃO
17-06-2024 14:14:20.274Z;main.<module>;  SEM REMESSA DE FÉRIAS/RESCISÃO
17-06-2024 14:14:26.305Z;errorhandler.__handle;  Property: Unknown Property name. [1:203: -ms-interpolation-mode]
17-06-2024 14:14:26.337Z;errorhandler.__handle;  Property: Unknown Property name. [1:353: -webkit-font-smoothing]
17-06-2024 14:14:26.352Z;errorhandler.__handle;  Property: Unknown Property name. [1:483: -ms-text-size-adjust]
17-06-2024 14:14:26.352Z;errorhandler.__handle;  Property: Unknown Property name. [1:518: -webkit-text-size-adjust]
17-06-2024 14:14:26.352Z;errorhandler.__handle;  Property: Unknown Property name. [1:612: mso-table-lspace]
17-06-2024 14:14:26.352Z;errorhandler.__handle;  Property: Unknown Property name. [1:642: mso-table-rspace]
17-06-2024 14:14:26.587Z;errorhandler.__handle;  Property: Unknown Property name. [1:4734: mso-hide]
17-06-2024 14:14:26.680Z;errorhandler.__handle;  Property: Unknown Property name. [1:13: -ms-interpolation-mode]
17-06-2024 14:14:26.696Z;errorhandler.__handle;  Property: Unknown Property name. [1:49: -webkit-font-smoothing]
17-06-2024 14:14:26.696Z;errorhandler.__handle;  Property: Unknown Property name. [1:134: -ms-text-size-adjust]
17-06-2024 14:14:26.696Z;errorhandler.__handle;  Property: Unknown Property name. [1:160: -webkit-text-size-adjust]
17-06-2024 14:14:26.696Z;errorhandler.__handle;  Property: Unknown Property name. [1:26: mso-table-lspace]
17-06-2024 14:14:26.696Z;errorhandler.__handle;  Property: Unknown Property name. [1:45: mso-table-rspace]
17-06-2024 14:14:26.727Z;errorhandler.__handle;  Property: Unknown Property name. [1:92: mso-hide]
17-06-2024 14:14:26.727Z;errorhandler.__handle;  Property: No ":" after name found: align-center [1:1: align-center]
17-06-2024 14:14:26.727Z;errorhandler.__handle;  Property: No property value found: align-center [1:1: align-center]
17-06-2024 14:14:26.727Z;errorhandler.__handle;  CSSStyleDeclaration: Syntax Error in Property: align-center
17-06-2024 14:14:26.727Z;errorhandler.__handle;  Property: Unknown Property name. [1:14: -ms-interpolation-mode]
17-06-2024 14:14:29.546Z;functions.emailFinalizado;  Finalizado e-mail sent.
17-06-2024 14:14:29.805Z;functions.encerra_prog;  RM ENCERRADO
