12-05-2024 14:00:18.696Z;functions.bot_text_art;      ____   
12-05-2024 14:00:18.696Z;functions.bot_text_art;     [____]    
12-05-2024 14:00:18.696Z;functions.bot_text_art;   |=]()()[=|  
12-05-2024 14:00:18.696Z;functions.bot_text_art;     _\==/__    _____    ____     _        _____    ___   _  __
12-05-2024 14:00:18.696Z;functions.bot_text_art;   |__|   |_|  |  _  \  / ___|   | |      |_   _| / ___| | |/ /
12-05-2024 14:00:18.696Z;functions.bot_text_art;   |_|_/\_|_|  | |  | | | |      | |        | |   | |    | ' / 
12-05-2024 14:00:18.696Z;functions.bot_text_art;   | | __ | |  | |  | | | |      | |        | |   | |    |  <  
12-05-2024 14:00:18.696Z;functions.bot_text_art;   |_|[  ]|_|  | |__| | | |____  | |____   _| |_  | |__  | . \ 
12-05-2024 14:00:18.696Z;functions.bot_text_art;   \_|_||_|_/  |_____/   \_____| |______| |_____| \ ___| |_|\_\
12-05-2024 14:00:18.696Z;functions.bot_text_art;     |_||_|                                                     
12-05-2024 14:00:18.696Z;functions.bot_text_art;     | ||_|_   
12-05-2024 14:00:18.696Z;functions.bot_text_art;   |___||___|  
12-05-2024 14:00:18.696Z;functions.bot_text_art;               
12-05-2024 14:00:18.915Z;functions.open_RM;  OPEN PROGRAM RM
12-05-2024 14:00:29.976Z;functions.loggin_RM;  ENTRAR USER_NAME
12-05-2024 14:00:32.820Z;functions.loggin_RM;  ENTRAR PASSWORD
12-05-2024 14:00:33.476Z;functions.loggin_RM;  ENTRAR RM
12-05-2024 14:01:00.930Z;functions.enter_coligada;  CLICK CONTEXTO
12-05-2024 14:01:04.836Z;functions.enter_coligada;  CLICK ALTERAR MODULO DO CONTEXTO
12-05-2024 14:01:07.124Z;functions.enter_coligada;  INSERE O COLIGADA CODE = 1
12-05-2024 14:01:07.225Z;functions.enter_coligada;  APERTA TAB PARA PREENCHER O CAMPO COM A STRING: OCEANICA ENGENHARIA E CONSULTORIA S.A.
12-05-2024 14:01:08.320Z;functions.enter_coligada;  CLICK AVANÇAR NOVAMENTE
12-05-2024 14:01:09.147Z;functions.enter_coligada;  CLICK CONCLUIR
12-05-2024 14:01:19.118Z;functions.enter_coligada;  POP UP COLIGADA DESAPARECER
12-05-2024 14:01:19.726Z;functions.check_movimentacao_bancaria;  CLICK - TOTVS - LINHA RM
12-05-2024 14:01:20.758Z;functions.check_movimentacao_bancaria;  CLICK - BACK OFFICE
12-05-2024 14:01:23.065Z;functions.check_movimentacao_bancaria;  CLICK - GESTAO FINANCEIRA
12-05-2024 14:01:25.586Z;functions.movimentacao_bancaria;  CLICK NA ABA MOVIMENTAÇÃO BANCARIA
12-05-2024 14:01:27.697Z;functions.waitForImage;  IMAGEM BORDERO image found.
12-05-2024 14:01:29.827Z;functions.movimentacao_bancaria;  IMAGEM BORDERO CLICADA.
12-05-2024 14:01:40.382Z;functions.waitForImage;  LICENCAS EXCEDIDAS image not found.
12-05-2024 14:01:40.945Z;functions.movimentacao_bancaria;  ENCONTROU O FILTRO DA MOVIMENTAÇÃO BANCÁRIA
12-05-2024 14:01:40.976Z;functions.movimentacao_bancaria;  CLICA NA ABA SUPERIOR DO FILTRO
12-05-2024 14:01:45.182Z;functions.movimentacao_bancaria;  SELECIONA O FILTRO HOJE
12-05-2024 14:01:47.177Z;functions.waitForImage;  FILTER CLEAN image found.
12-05-2024 14:01:49.309Z;functions.filter_clean;  CLICK NO BOTÃO X DO LIMPA FILTRO
12-05-2024 14:02:04.584Z;functions.waitForImage;  FILTER CLEAN image not found.
12-05-2024 14:02:19.879Z;functions.waitForImage;  FILTER CLEAN image not found.
12-05-2024 14:02:22.649Z;functions.movimentacao_bancaria;  CLICK NA PRIMEIRA LINHA DA TABELA MOVIMENTAÇÃO BANCÁRIA
12-05-2024 14:02:23.860Z;functions.movimentacao_bancaria;  12 PASSOS PARA DIREITA NA TABELA >>
12-05-2024 14:02:25.117Z;functions.movimentacao_bancaria;  HOVER FILTER
12-05-2024 14:02:25.436Z;functions.movimentacao_bancaria;  CLICK FILTER
12-05-2024 14:02:29.746Z;functions.movimentacao_bancaria;  CLICK NO FILTRO  STATUS DA REMESSA
12-05-2024 14:02:31.847Z;functions.movimentacao_bancaria;  APERTA TAB PARA ESCREVER O FILTRO
12-05-2024 14:02:33.951Z;functions.movimentacao_bancaria;  ESCREVE PENDENTE NO FILTRO
12-05-2024 14:02:36.053Z;functions.movimentacao_bancaria;  APERTA ENTER PARA SELECIONAR OS PENDENTES
12-05-2024 14:02:53.899Z;functions.movimentacao_bancaria;  SEM PROCESSAMENTO DE BORDERO PENDENTE.
12-05-2024 14:02:58.993Z;functions.waitForImage;  FILTER CLEAN image found.
12-05-2024 14:03:01.123Z;functions.filter_clean;  CLICK NO BOTÃO X DO LIMPA FILTRO
12-05-2024 14:03:16.382Z;functions.waitForImage;  FILTER CLEAN image not found.
12-05-2024 14:03:31.612Z;functions.waitForImage;  FILTER CLEAN image not found.
12-05-2024 14:03:32.399Z;functions.remessa_pagamento;  CLICK NA PRIMEIRA LINHA DA TABELA MOVIMENTAÇÃO BANCÁRIA
12-05-2024 14:03:33.649Z;functions.remessa_pagamento;  HOVER FILTER
12-05-2024 14:03:33.943Z;functions.remessa_pagamento;  CLICK FILTER
12-05-2024 14:03:38.255Z;functions.remessa_pagamento;  CLICK NO FILTRO  STATUS DA REMESSA
12-05-2024 14:03:40.356Z;functions.remessa_pagamento;  APERTA TAB PARA ESCREVER O FILTRO
12-05-2024 14:03:42.462Z;functions.remessa_pagamento;  ESCREVE AUTORIZADO NO FILTRO
12-05-2024 14:03:44.563Z;functions.remessa_pagamento;  APERTA ENTER PARA SELECIONAR OS AUTORIZADO
12-05-2024 14:04:02.492Z;functions.remessa_pagamento;  SEM REMESSA DE BORDERO AUTORIZADO
12-05-2024 14:04:03.086Z;functions.enter_contas_a_pagar;  CLICK - TOTVS - LINHA RM
12-05-2024 14:04:04.026Z;functions.enter_contas_a_pagar;  CLICK - BACK OFFICE
12-05-2024 14:04:04.711Z;functions.enter_contas_a_pagar;  CLICK - GESTAO FINANCEIRA
12-05-2024 14:04:09.774Z;functions.enter_contas_a_pagar;  CLICK - CONTAS A PAGAR
12-05-2024 14:04:09.905Z;functions.waitForImage;  LANÇAMENTOS image found.
12-05-2024 14:04:12.032Z;functions.enter_contas_a_pagar;  CLICA EM LANÇAMENTOS
12-05-2024 14:04:27.597Z;functions.waitForImage;  LICENCAS EXCEDIDAS image not found.
12-05-2024 14:04:27.597Z;functions.obter_intervalo_data;  VERIFICANDO A HORA ATUAL 14
12-05-2024 14:04:27.597Z;functions.obter_intervalo_data;  Data Inicial FERIAS/RESCISAO antes da remoção: None
12-05-2024 14:04:27.597Z;functions.obter_intervalo_data;  Data Final FERIAS/RESCISAO antes da remoção: None
12-05-2024 14:04:27.597Z;functions.obter_intervalo_data;  Data Inicial FERIAS/RESCISAO após a remoção: None
12-05-2024 14:04:27.597Z;functions.obter_intervalo_data;  Data Final FERIAS/RESCISAO após a remoção: None
12-05-2024 14:04:27.597Z;functions.obter_intervalo_data;  hoje -  2024-05-12 14:04:27.597202
12-05-2024 14:04:27.597Z;functions.data_filter;  DATA INICIO 15-05-2024
12-05-2024 14:04:27.597Z;functions.data_filter;  DATA FIM 21-05-2024
12-05-2024 14:04:27.597Z;functions.data_filter;  CLICK - SELECIONA A DATA DE QUARTA FEIRA E DA PROXIMA TERÇA
12-05-2024 14:04:27.597Z;functions.data_filter;  QUARTA-FEIRA: 15-05-2024
12-05-2024 14:04:27.597Z;functions.data_filter;  TERCA-FEIRA: 21-05-2024
12-05-2024 14:04:39.852Z;functions.data_filter;  CLICK - BUTÃO DE SELECAO DE FILTRO
12-05-2024 14:04:43.586Z;functions.data_filter;  INSERE - DATA DE QUARTA-FEIRA: 15-05-2024
12-05-2024 14:04:47.056Z;functions.data_filter;  INSERE - DATA DA PROX TERCA-FEIRA: 21-05-2024
12-05-2024 14:04:47.664Z;functions.data_filter;  CLICK - BUTÃO DE EXECUTAR O FILTRO
12-05-2024 14:04:53.446Z;functions.desmark_filter;  CLICK CHECKBOX LANÇAMENTOS A RECEBER
12-05-2024 14:04:54.430Z;functions.desmark_filter;  CLICK CHECKBOX LANÇAMENTOS BAIXADOS
12-05-2024 14:04:55.277Z;functions.desmark_filter;  CLICK CHECKBOX LANÇAMENTOS CANCELADOS
12-05-2024 14:04:56.132Z;functions.desmark_filter;  CLICK CHECKBOX LANÇAMENTOS FATURADOS
12-05-2024 14:04:57.009Z;functions.desmark_filter;  ATUALIZA O FILTRO
12-05-2024 14:04:57.163Z;functions.waitForImage;  FILTER CLEAN image found.
12-05-2024 14:04:59.280Z;functions.filter_clean;  CLICK NO BOTÃO X DO LIMPA FILTRO
12-05-2024 14:05:14.470Z;functions.waitForImage;  FILTER CLEAN image not found.
12-05-2024 14:05:29.607Z;functions.waitForImage;  FILTER CLEAN image not found.
12-05-2024 14:05:30.523Z;functions.tabela_vazia;  Texto extraido 0/0
12-05-2024 14:05:30.523Z;functions.tabela_vazia;  Count 0
12-05-2024 14:05:30.523Z;functions.tabela_vazia;  Type <class 'int'>
12-05-2024 14:05:32.529Z;functions.tabela_vazia;  SEM REMESSA DE FÉRIAS/RESCISÃO
12-05-2024 14:05:34.530Z;main.<module>;  SEM REMESSA DE FÉRIAS/RESCISÃO
12-05-2024 14:05:36.477Z;errorhandler.__handle;  Property: Unknown Property name. [1:203: -ms-interpolation-mode]
12-05-2024 14:05:36.477Z;errorhandler.__handle;  Property: Unknown Property name. [1:353: -webkit-font-smoothing]
12-05-2024 14:05:36.492Z;errorhandler.__handle;  Property: Unknown Property name. [1:483: -ms-text-size-adjust]
12-05-2024 14:05:36.492Z;errorhandler.__handle;  Property: Unknown Property name. [1:518: -webkit-text-size-adjust]
12-05-2024 14:05:36.492Z;errorhandler.__handle;  Property: Unknown Property name. [1:612: mso-table-lspace]
12-05-2024 14:05:36.492Z;errorhandler.__handle;  Property: Unknown Property name. [1:642: mso-table-rspace]
12-05-2024 14:05:36.539Z;errorhandler.__handle;  Property: Unknown Property name. [1:4734: mso-hide]
12-05-2024 14:05:36.555Z;errorhandler.__handle;  Property: Unknown Property name. [1:13: -ms-interpolation-mode]
12-05-2024 14:05:36.555Z;errorhandler.__handle;  Property: Unknown Property name. [1:49: -webkit-font-smoothing]
12-05-2024 14:05:36.555Z;errorhandler.__handle;  Property: Unknown Property name. [1:134: -ms-text-size-adjust]
12-05-2024 14:05:36.555Z;errorhandler.__handle;  Property: Unknown Property name. [1:160: -webkit-text-size-adjust]
12-05-2024 14:05:36.555Z;errorhandler.__handle;  Property: Unknown Property name. [1:26: mso-table-lspace]
12-05-2024 14:05:36.555Z;errorhandler.__handle;  Property: Unknown Property name. [1:45: mso-table-rspace]
12-05-2024 14:05:36.570Z;errorhandler.__handle;  Property: Unknown Property name. [1:92: mso-hide]
12-05-2024 14:05:36.570Z;errorhandler.__handle;  Property: No ":" after name found: align-center [1:1: align-center]
12-05-2024 14:05:36.570Z;errorhandler.__handle;  Property: No property value found: align-center [1:1: align-center]
12-05-2024 14:05:36.570Z;errorhandler.__handle;  CSSStyleDeclaration: Syntax Error in Property: align-center
12-05-2024 14:05:36.570Z;errorhandler.__handle;  Property: Unknown Property name. [1:14: -ms-interpolation-mode]
12-05-2024 14:05:39.336Z;functions.emailFinalizado;  Finalizado e-mail sent.
12-05-2024 14:05:39.438Z;functions.encerra_prog;  RM ENCERRADO
