01-03-2024 21:06:44.235Z;functions.bot_text_art;      ____   
01-03-2024 21:06:44.235Z;functions.bot_text_art;     [____]    
01-03-2024 21:06:44.235Z;functions.bot_text_art;   |=]()()[=|  
01-03-2024 21:06:44.235Z;functions.bot_text_art;     _\==/__    _____    ____     _        _____    ___   _  __
01-03-2024 21:06:44.250Z;functions.bot_text_art;   |__|   |_|  |  _  \  / ___|   | |      |_   _| / ___| | |/ /
01-03-2024 21:06:44.250Z;functions.bot_text_art;   |_|_/\_|_|  | |  | | | |      | |        | |   | |    | ' / 
01-03-2024 21:06:44.250Z;functions.bot_text_art;   | | __ | |  | |  | | | |      | |        | |   | |    |  <  
01-03-2024 21:06:44.250Z;functions.bot_text_art;   |_|[  ]|_|  | |__| | | |____  | |____   _| |_  | |__  | . \ 
01-03-2024 21:06:44.272Z;functions.bot_text_art;   \_|_||_|_/  |_____/   \_____| |______| |_____| \ ___| |_|\_\
01-03-2024 21:06:44.272Z;functions.bot_text_art;     |_||_|                                                     
01-03-2024 21:06:44.272Z;functions.bot_text_art;     | ||_|_   
01-03-2024 21:06:44.273Z;functions.bot_text_art;   |___||___|  
01-03-2024 21:06:44.274Z;functions.bot_text_art;               
01-03-2024 21:06:44.287Z;functions.open_RM;  OPEN PROGRAM RM
01-03-2024 21:57:04.741Z;functions.show_exception_and_exit;  'NoneType' object has no attribute 'double_click'
Traceback (most recent call last):
  File "C:\Projetos_Remessas\Remessa_Ferias_Rescisao\main.py", line 13, in <module>
    loggin_RM()
  File "C:\Projetos_Remessas\Remessa_Ferias_Rescisao\SUBPROGRAMS\functions.py", line 77, in loggin_RM
    user_rm.double_click()
    ^^^^^^^^^^^^^^^^^^^^
AttributeError: 'NoneType' object has no attribute 'double_click'
