18-05-2024 06:00:33.919Z;functions.bot_text_art;      ____   
18-05-2024 06:00:33.919Z;functions.bot_text_art;     [____]    
18-05-2024 06:00:33.919Z;functions.bot_text_art;   |=]()()[=|  
18-05-2024 06:00:33.919Z;functions.bot_text_art;     _\==/__    _____    ____     _        _____    ___   _  __
18-05-2024 06:00:33.919Z;functions.bot_text_art;   |__|   |_|  |  _  \  / ___|   | |      |_   _| / ___| | |/ /
18-05-2024 06:00:33.919Z;functions.bot_text_art;   |_|_/\_|_|  | |  | | | |      | |        | |   | |    | ' / 
18-05-2024 06:00:33.919Z;functions.bot_text_art;   | | __ | |  | |  | | | |      | |        | |   | |    |  <  
18-05-2024 06:00:33.919Z;functions.bot_text_art;   |_|[  ]|_|  | |__| | | |____  | |____   _| |_  | |__  | . \ 
18-05-2024 06:00:33.919Z;functions.bot_text_art;   \_|_||_|_/  |_____/   \_____| |______| |_____| \ ___| |_|\_\
18-05-2024 06:00:33.919Z;functions.bot_text_art;     |_||_|                                                     
18-05-2024 06:00:33.919Z;functions.bot_text_art;     | ||_|_   
18-05-2024 06:00:33.919Z;functions.bot_text_art;   |___||___|  
18-05-2024 06:00:33.919Z;functions.bot_text_art;               
18-05-2024 06:00:33.935Z;functions.open_RM;  OPEN PROGRAM RM
18-05-2024 06:00:43.028Z;functions.loggin_RM;  ENTRAR USER_NAME
18-05-2024 06:00:45.857Z;functions.loggin_RM;  ENTRAR PASSWORD
18-05-2024 06:00:46.560Z;functions.loggin_RM;  ENTRAR RM
18-05-2024 06:01:03.060Z;functions.enter_coligada;  CLICK CONTEXTO
18-05-2024 06:01:07.044Z;functions.enter_coligada;  CLICK ALTERAR MODULO DO CONTEXTO
18-05-2024 06:01:09.453Z;functions.enter_coligada;  INSERE O COLIGADA CODE = 1
18-05-2024 06:01:09.555Z;functions.enter_coligada;  APERTA TAB PARA PREENCHER O CAMPO COM A STRING: OCEANICA ENGENHARIA E CONSULTORIA S.A.
18-05-2024 06:01:10.451Z;functions.enter_coligada;  CLICK AVANÇAR NOVAMENTE
18-05-2024 06:01:11.262Z;functions.enter_coligada;  CLICK CONCLUIR
18-05-2024 06:01:19.794Z;functions.enter_coligada;  POP UP COLIGADA DESAPARECER
18-05-2024 06:01:20.412Z;functions.check_movimentacao_bancaria;  CLICK - TOTVS - LINHA RM
18-05-2024 06:01:21.452Z;functions.check_movimentacao_bancaria;  CLICK - BACK OFFICE
18-05-2024 06:01:23.747Z;functions.check_movimentacao_bancaria;  CLICK - GESTAO FINANCEIRA
18-05-2024 06:01:26.324Z;functions.movimentacao_bancaria;  CLICK NA ABA MOVIMENTAÇÃO BANCARIA
18-05-2024 06:01:28.451Z;functions.waitForImage;  IMAGEM BORDERO image found.
18-05-2024 06:01:30.575Z;functions.movimentacao_bancaria;  IMAGEM BORDERO CLICADA.
18-05-2024 06:01:41.120Z;functions.waitForImage;  LICENCAS EXCEDIDAS image not found.
18-05-2024 06:01:41.687Z;functions.movimentacao_bancaria;  ENCONTROU O FILTRO DA MOVIMENTAÇÃO BANCÁRIA
18-05-2024 06:01:41.714Z;functions.movimentacao_bancaria;  CLICA NA ABA SUPERIOR DO FILTRO
18-05-2024 06:01:45.919Z;functions.movimentacao_bancaria;  SELECIONA O FILTRO HOJE
18-05-2024 06:01:47.879Z;functions.waitForImage;  FILTER CLEAN image found.
18-05-2024 06:01:50.009Z;functions.filter_clean;  CLICK NO BOTÃO X DO LIMPA FILTRO
18-05-2024 06:02:05.260Z;functions.waitForImage;  FILTER CLEAN image not found.
18-05-2024 06:02:20.504Z;functions.waitForImage;  FILTER CLEAN image not found.
18-05-2024 06:02:23.262Z;functions.movimentacao_bancaria;  CLICK NA PRIMEIRA LINHA DA TABELA MOVIMENTAÇÃO BANCÁRIA
18-05-2024 06:02:24.474Z;functions.movimentacao_bancaria;  12 PASSOS PARA DIREITA NA TABELA >>
18-05-2024 06:02:25.729Z;functions.movimentacao_bancaria;  HOVER FILTER
18-05-2024 06:02:26.069Z;functions.movimentacao_bancaria;  CLICK FILTER
18-05-2024 06:02:30.378Z;functions.movimentacao_bancaria;  CLICK NO FILTRO  STATUS DA REMESSA
18-05-2024 06:02:32.479Z;functions.movimentacao_bancaria;  APERTA TAB PARA ESCREVER O FILTRO
18-05-2024 06:02:34.584Z;functions.movimentacao_bancaria;  ESCREVE PENDENTE NO FILTRO
18-05-2024 06:02:36.686Z;functions.movimentacao_bancaria;  APERTA ENTER PARA SELECIONAR OS PENDENTES
18-05-2024 06:02:54.622Z;functions.movimentacao_bancaria;  SEM PROCESSAMENTO DE BORDERO PENDENTE.
18-05-2024 06:02:59.725Z;functions.waitForImage;  FILTER CLEAN image found.
18-05-2024 06:03:01.847Z;functions.filter_clean;  CLICK NO BOTÃO X DO LIMPA FILTRO
18-05-2024 06:03:17.072Z;functions.waitForImage;  FILTER CLEAN image not found.
18-05-2024 06:03:32.343Z;functions.waitForImage;  FILTER CLEAN image not found.
18-05-2024 06:03:33.153Z;functions.remessa_pagamento;  CLICK NA PRIMEIRA LINHA DA TABELA MOVIMENTAÇÃO BANCÁRIA
18-05-2024 06:03:34.388Z;functions.remessa_pagamento;  HOVER FILTER
18-05-2024 06:03:34.675Z;functions.remessa_pagamento;  CLICK FILTER
18-05-2024 06:03:38.987Z;functions.remessa_pagamento;  CLICK NO FILTRO  STATUS DA REMESSA
18-05-2024 06:03:41.088Z;functions.remessa_pagamento;  APERTA TAB PARA ESCREVER O FILTRO
18-05-2024 06:03:43.194Z;functions.remessa_pagamento;  ESCREVE AUTORIZADO NO FILTRO
18-05-2024 06:03:45.296Z;functions.remessa_pagamento;  APERTA ENTER PARA SELECIONAR OS AUTORIZADO
18-05-2024 06:04:03.216Z;functions.remessa_pagamento;  SEM REMESSA DE BORDERO AUTORIZADO
18-05-2024 06:04:03.824Z;functions.enter_contas_a_pagar;  CLICK - TOTVS - LINHA RM
18-05-2024 06:04:04.778Z;functions.enter_contas_a_pagar;  CLICK - BACK OFFICE
18-05-2024 06:04:05.441Z;functions.enter_contas_a_pagar;  CLICK - GESTAO FINANCEIRA
18-05-2024 06:04:10.372Z;functions.enter_contas_a_pagar;  CLICK - CONTAS A PAGAR
18-05-2024 06:04:10.523Z;functions.waitForImage;  LANÇAMENTOS image found.
18-05-2024 06:04:12.645Z;functions.enter_contas_a_pagar;  CLICA EM LANÇAMENTOS
18-05-2024 06:04:28.160Z;functions.waitForImage;  LICENCAS EXCEDIDAS image not found.
18-05-2024 06:04:28.160Z;functions.obter_intervalo_data;  VERIFICANDO A HORA ATUAL 6
18-05-2024 06:04:28.160Z;functions.obter_intervalo_data;  Data Inicial FERIAS/RESCISAO antes da remoção: None
18-05-2024 06:04:28.160Z;functions.obter_intervalo_data;  Data Final FERIAS/RESCISAO antes da remoção: None
18-05-2024 06:04:28.160Z;functions.obter_intervalo_data;  Data Inicial FERIAS/RESCISAO após a remoção: None
18-05-2024 06:04:28.160Z;functions.obter_intervalo_data;  Data Final FERIAS/RESCISAO após a remoção: None
18-05-2024 06:04:28.160Z;functions.obter_intervalo_data;  hoje -  2024-05-18 06:04:28.160611
18-05-2024 06:04:28.160Z;functions.data_filter;  DATA INICIO 22-05-2024
18-05-2024 06:04:28.160Z;functions.data_filter;  DATA FIM 28-05-2024
18-05-2024 06:04:28.160Z;functions.data_filter;  CLICK - SELECIONA A DATA DE QUARTA FEIRA E DA PROXIMA TERÇA
18-05-2024 06:04:28.160Z;functions.data_filter;  QUARTA-FEIRA: 22-05-2024
18-05-2024 06:04:28.160Z;functions.data_filter;  TERCA-FEIRA: 28-05-2024
18-05-2024 06:04:40.371Z;functions.data_filter;  CLICK - BUTÃO DE SELECAO DE FILTRO
18-05-2024 06:04:44.091Z;functions.data_filter;  INSERE - DATA DE QUARTA-FEIRA: 22-05-2024
18-05-2024 06:04:47.560Z;functions.data_filter;  INSERE - DATA DA PROX TERCA-FEIRA: 28-05-2024
18-05-2024 06:04:48.184Z;functions.data_filter;  CLICK - BUTÃO DE EXECUTAR O FILTRO
18-05-2024 06:04:53.966Z;functions.desmark_filter;  CLICK CHECKBOX LANÇAMENTOS A RECEBER
18-05-2024 06:04:55.012Z;functions.desmark_filter;  CLICK CHECKBOX LANÇAMENTOS BAIXADOS
18-05-2024 06:04:55.856Z;functions.desmark_filter;  CLICK CHECKBOX LANÇAMENTOS CANCELADOS
18-05-2024 06:04:56.732Z;functions.desmark_filter;  CLICK CHECKBOX LANÇAMENTOS FATURADOS
18-05-2024 06:04:57.619Z;functions.desmark_filter;  ATUALIZA O FILTRO
18-05-2024 06:04:57.746Z;functions.waitForImage;  FILTER CLEAN image found.
18-05-2024 06:04:59.865Z;functions.filter_clean;  CLICK NO BOTÃO X DO LIMPA FILTRO
18-05-2024 06:05:15.106Z;functions.waitForImage;  FILTER CLEAN image not found.
18-05-2024 06:05:30.308Z;functions.waitForImage;  FILTER CLEAN image not found.
18-05-2024 06:05:31.251Z;functions.tabela_vazia;  Texto extraido 0/0
18-05-2024 06:05:31.251Z;functions.tabela_vazia;  Count 0
18-05-2024 06:05:31.251Z;functions.tabela_vazia;  Type <class 'int'>
18-05-2024 06:05:33.266Z;functions.tabela_vazia;  SEM REMESSA DE FÉRIAS/RESCISÃO
18-05-2024 06:05:35.267Z;main.<module>;  SEM REMESSA DE FÉRIAS/RESCISÃO
18-05-2024 06:05:37.669Z;errorhandler.__handle;  Property: Unknown Property name. [1:203: -ms-interpolation-mode]
18-05-2024 06:05:37.689Z;errorhandler.__handle;  Property: Unknown Property name. [1:353: -webkit-font-smoothing]
18-05-2024 06:05:37.691Z;errorhandler.__handle;  Property: Unknown Property name. [1:483: -ms-text-size-adjust]
18-05-2024 06:05:37.692Z;errorhandler.__handle;  Property: Unknown Property name. [1:518: -webkit-text-size-adjust]
18-05-2024 06:05:37.692Z;errorhandler.__handle;  Property: Unknown Property name. [1:612: mso-table-lspace]
18-05-2024 06:05:37.693Z;errorhandler.__handle;  Property: Unknown Property name. [1:642: mso-table-rspace]
18-05-2024 06:05:37.731Z;errorhandler.__handle;  Property: Unknown Property name. [1:4734: mso-hide]
18-05-2024 06:05:37.763Z;errorhandler.__handle;  Property: Unknown Property name. [1:13: -ms-interpolation-mode]
18-05-2024 06:05:37.763Z;errorhandler.__handle;  Property: Unknown Property name. [1:49: -webkit-font-smoothing]
18-05-2024 06:05:37.763Z;errorhandler.__handle;  Property: Unknown Property name. [1:134: -ms-text-size-adjust]
18-05-2024 06:05:37.763Z;errorhandler.__handle;  Property: Unknown Property name. [1:160: -webkit-text-size-adjust]
18-05-2024 06:05:37.763Z;errorhandler.__handle;  Property: Unknown Property name. [1:26: mso-table-lspace]
18-05-2024 06:05:37.763Z;errorhandler.__handle;  Property: Unknown Property name. [1:45: mso-table-rspace]
18-05-2024 06:05:37.778Z;errorhandler.__handle;  Property: Unknown Property name. [1:92: mso-hide]
18-05-2024 06:05:37.778Z;errorhandler.__handle;  Property: No ":" after name found: align-center [1:1: align-center]
18-05-2024 06:05:37.778Z;errorhandler.__handle;  Property: No property value found: align-center [1:1: align-center]
18-05-2024 06:05:37.778Z;errorhandler.__handle;  CSSStyleDeclaration: Syntax Error in Property: align-center
18-05-2024 06:05:37.778Z;errorhandler.__handle;  Property: Unknown Property name. [1:14: -ms-interpolation-mode]
18-05-2024 06:05:40.794Z;functions.emailFinalizado;  Finalizado e-mail sent.
18-05-2024 06:05:40.857Z;functions.encerra_prog;  RM ENCERRADO
