18-05-2024 20:00:28.405Z;functions.bot_text_art;      ____   
18-05-2024 20:00:28.405Z;functions.bot_text_art;     [____]    
18-05-2024 20:00:28.405Z;functions.bot_text_art;   |=]()()[=|  
18-05-2024 20:00:28.405Z;functions.bot_text_art;     _\==/__    _____    ____     _        _____    ___   _  __
18-05-2024 20:00:28.405Z;functions.bot_text_art;   |__|   |_|  |  _  \  / ___|   | |      |_   _| / ___| | |/ /
18-05-2024 20:00:28.405Z;functions.bot_text_art;   |_|_/\_|_|  | |  | | | |      | |        | |   | |    | ' / 
18-05-2024 20:00:28.405Z;functions.bot_text_art;   | | __ | |  | |  | | | |      | |        | |   | |    |  <  
18-05-2024 20:00:28.405Z;functions.bot_text_art;   |_|[  ]|_|  | |__| | | |____  | |____   _| |_  | |__  | . \ 
18-05-2024 20:00:28.405Z;functions.bot_text_art;   \_|_||_|_/  |_____/   \_____| |______| |_____| \ ___| |_|\_\
18-05-2024 20:00:28.405Z;functions.bot_text_art;     |_||_|                                                     
18-05-2024 20:00:28.405Z;functions.bot_text_art;     | ||_|_   
18-05-2024 20:00:28.405Z;functions.bot_text_art;   |___||___|  
18-05-2024 20:00:28.405Z;functions.bot_text_art;               
18-05-2024 20:00:28.624Z;functions.open_RM;  OPEN PROGRAM RM
18-05-2024 20:00:42.323Z;functions.loggin_RM;  ENTRAR USER_NAME
18-05-2024 20:00:45.169Z;functions.loggin_RM;  ENTRAR PASSWORD
18-05-2024 20:00:45.842Z;functions.loggin_RM;  ENTRAR RM
18-05-2024 20:01:17.686Z;functions.enter_coligada;  CLICK CONTEXTO
18-05-2024 20:01:21.592Z;functions.enter_coligada;  CLICK ALTERAR MODULO DO CONTEXTO
18-05-2024 20:01:24.316Z;functions.enter_coligada;  INSERE O COLIGADA CODE = 1
18-05-2024 20:01:24.417Z;functions.enter_coligada;  APERTA TAB PARA PREENCHER O CAMPO COM A STRING: OCEANICA ENGENHARIA E CONSULTORIA S.A.
18-05-2024 20:01:25.780Z;functions.enter_coligada;  CLICK AVANÇAR NOVAMENTE
18-05-2024 20:01:26.670Z;functions.enter_coligada;  CLICK CONCLUIR
18-05-2024 20:01:35.811Z;functions.enter_coligada;  POP UP COLIGADA DESAPARECER
18-05-2024 20:01:36.436Z;functions.check_movimentacao_bancaria;  CLICK - TOTVS - LINHA RM
18-05-2024 20:01:37.488Z;functions.check_movimentacao_bancaria;  CLICK - BACK OFFICE
18-05-2024 20:01:39.795Z;functions.check_movimentacao_bancaria;  CLICK - GESTAO FINANCEIRA
18-05-2024 20:01:42.780Z;functions.movimentacao_bancaria;  CLICK NA ABA MOVIMENTAÇÃO BANCARIA
18-05-2024 20:01:44.907Z;functions.waitForImage;  IMAGEM BORDERO image found.
18-05-2024 20:01:47.028Z;functions.movimentacao_bancaria;  IMAGEM BORDERO CLICADA.
18-05-2024 20:01:57.039Z;functions.waitForImage;  LICENCAS EXCEDIDAS image not found.
18-05-2024 20:01:57.592Z;functions.movimentacao_bancaria;  ENCONTROU O FILTRO DA MOVIMENTAÇÃO BANCÁRIA
18-05-2024 20:01:57.608Z;functions.movimentacao_bancaria;  CLICA NA ABA SUPERIOR DO FILTRO
18-05-2024 20:02:01.813Z;functions.movimentacao_bancaria;  SELECIONA O FILTRO HOJE
18-05-2024 20:02:04.371Z;functions.waitForImage;  FILTER CLEAN image found.
18-05-2024 20:02:06.496Z;functions.filter_clean;  CLICK NO BOTÃO X DO LIMPA FILTRO
18-05-2024 20:02:21.688Z;functions.waitForImage;  FILTER CLEAN image not found.
18-05-2024 20:02:36.841Z;functions.waitForImage;  FILTER CLEAN image not found.
18-05-2024 20:02:39.638Z;functions.movimentacao_bancaria;  CLICK NA PRIMEIRA LINHA DA TABELA MOVIMENTAÇÃO BANCÁRIA
18-05-2024 20:02:40.849Z;functions.movimentacao_bancaria;  12 PASSOS PARA DIREITA NA TABELA >>
18-05-2024 20:02:42.108Z;functions.movimentacao_bancaria;  HOVER FILTER
18-05-2024 20:02:42.439Z;functions.movimentacao_bancaria;  CLICK FILTER
18-05-2024 20:02:46.748Z;functions.movimentacao_bancaria;  CLICK NO FILTRO  STATUS DA REMESSA
18-05-2024 20:02:48.850Z;functions.movimentacao_bancaria;  APERTA TAB PARA ESCREVER O FILTRO
18-05-2024 20:02:50.954Z;functions.movimentacao_bancaria;  ESCREVE PENDENTE NO FILTRO
18-05-2024 20:02:53.056Z;functions.movimentacao_bancaria;  APERTA ENTER PARA SELECIONAR OS PENDENTES
18-05-2024 20:03:11.029Z;functions.movimentacao_bancaria;  SEM PROCESSAMENTO DE BORDERO PENDENTE.
18-05-2024 20:03:16.124Z;functions.waitForImage;  FILTER CLEAN image found.
18-05-2024 20:03:18.248Z;functions.filter_clean;  CLICK NO BOTÃO X DO LIMPA FILTRO
18-05-2024 20:03:33.471Z;functions.waitForImage;  FILTER CLEAN image not found.
18-05-2024 20:03:48.646Z;functions.waitForImage;  FILTER CLEAN image not found.
18-05-2024 20:03:49.459Z;functions.remessa_pagamento;  CLICK NA PRIMEIRA LINHA DA TABELA MOVIMENTAÇÃO BANCÁRIA
18-05-2024 20:03:50.733Z;functions.remessa_pagamento;  HOVER FILTER
18-05-2024 20:03:51.019Z;functions.remessa_pagamento;  CLICK FILTER
18-05-2024 20:03:55.331Z;functions.remessa_pagamento;  CLICK NO FILTRO  STATUS DA REMESSA
18-05-2024 20:03:57.433Z;functions.remessa_pagamento;  APERTA TAB PARA ESCREVER O FILTRO
18-05-2024 20:03:59.539Z;functions.remessa_pagamento;  ESCREVE AUTORIZADO NO FILTRO
18-05-2024 20:04:01.641Z;functions.remessa_pagamento;  APERTA ENTER PARA SELECIONAR OS AUTORIZADO
18-05-2024 20:04:19.576Z;functions.remessa_pagamento;  SEM REMESSA DE BORDERO AUTORIZADO
18-05-2024 20:04:20.186Z;functions.enter_contas_a_pagar;  CLICK - TOTVS - LINHA RM
18-05-2024 20:04:21.126Z;functions.enter_contas_a_pagar;  CLICK - BACK OFFICE
18-05-2024 20:04:21.795Z;functions.enter_contas_a_pagar;  CLICK - GESTAO FINANCEIRA
18-05-2024 20:04:26.779Z;functions.enter_contas_a_pagar;  CLICK - CONTAS A PAGAR
18-05-2024 20:04:26.930Z;functions.waitForImage;  LANÇAMENTOS image found.
18-05-2024 20:04:29.053Z;functions.enter_contas_a_pagar;  CLICA EM LANÇAMENTOS
18-05-2024 20:04:44.577Z;functions.waitForImage;  LICENCAS EXCEDIDAS image not found.
18-05-2024 20:04:44.577Z;functions.obter_intervalo_data;  VERIFICANDO A HORA ATUAL 20
18-05-2024 20:04:44.592Z;functions.obter_intervalo_data;  Data Inicial FERIAS/RESCISAO antes da remoção: None
18-05-2024 20:04:44.592Z;functions.obter_intervalo_data;  Data Final FERIAS/RESCISAO antes da remoção: None
18-05-2024 20:04:44.592Z;functions.obter_intervalo_data;  Data Inicial FERIAS/RESCISAO após a remoção: None
18-05-2024 20:04:44.592Z;functions.obter_intervalo_data;  Data Final FERIAS/RESCISAO após a remoção: None
18-05-2024 20:04:44.592Z;functions.obter_intervalo_data;  hoje -  2024-05-18 20:04:44.592807
18-05-2024 20:04:44.592Z;functions.data_filter;  DATA INICIO 22-05-2024
18-05-2024 20:04:44.592Z;functions.data_filter;  DATA FIM 28-05-2024
18-05-2024 20:04:44.592Z;functions.data_filter;  CLICK - SELECIONA A DATA DE QUARTA FEIRA E DA PROXIMA TERÇA
18-05-2024 20:04:44.592Z;functions.data_filter;  QUARTA-FEIRA: 22-05-2024
18-05-2024 20:04:44.592Z;functions.data_filter;  TERCA-FEIRA: 28-05-2024
18-05-2024 20:04:56.842Z;functions.data_filter;  CLICK - BUTÃO DE SELECAO DE FILTRO
18-05-2024 20:05:00.561Z;functions.data_filter;  INSERE - DATA DE QUARTA-FEIRA: 22-05-2024
18-05-2024 20:05:04.046Z;functions.data_filter;  INSERE - DATA DA PROX TERCA-FEIRA: 28-05-2024
18-05-2024 20:05:04.686Z;functions.data_filter;  CLICK - BUTÃO DE EXECUTAR O FILTRO
18-05-2024 20:05:10.485Z;functions.desmark_filter;  CLICK CHECKBOX LANÇAMENTOS A RECEBER
18-05-2024 20:05:11.301Z;functions.desmark_filter;  CLICK CHECKBOX LANÇAMENTOS BAIXADOS
18-05-2024 20:05:12.171Z;functions.desmark_filter;  CLICK CHECKBOX LANÇAMENTOS CANCELADOS
18-05-2024 20:05:13.061Z;functions.desmark_filter;  CLICK CHECKBOX LANÇAMENTOS FATURADOS
18-05-2024 20:05:13.951Z;functions.desmark_filter;  ATUALIZA O FILTRO
18-05-2024 20:05:14.077Z;functions.waitForImage;  FILTER CLEAN image found.
18-05-2024 20:05:16.205Z;functions.filter_clean;  CLICK NO BOTÃO X DO LIMPA FILTRO
18-05-2024 20:05:31.481Z;functions.waitForImage;  FILTER CLEAN image not found.
18-05-2024 20:05:46.660Z;functions.waitForImage;  FILTER CLEAN image not found.
18-05-2024 20:05:47.623Z;functions.tabela_vazia;  Texto extraido 0/0
18-05-2024 20:05:47.623Z;functions.tabela_vazia;  Count 0
18-05-2024 20:05:47.623Z;functions.tabela_vazia;  Type <class 'int'>
18-05-2024 20:05:49.628Z;functions.tabela_vazia;  SEM REMESSA DE FÉRIAS/RESCISÃO
18-05-2024 20:05:51.629Z;main.<module>;  SEM REMESSA DE FÉRIAS/RESCISÃO
18-05-2024 20:05:54.046Z;errorhandler.__handle;  Property: Unknown Property name. [1:203: -ms-interpolation-mode]
18-05-2024 20:05:54.046Z;errorhandler.__handle;  Property: Unknown Property name. [1:353: -webkit-font-smoothing]
18-05-2024 20:05:54.046Z;errorhandler.__handle;  Property: Unknown Property name. [1:483: -ms-text-size-adjust]
18-05-2024 20:05:54.046Z;errorhandler.__handle;  Property: Unknown Property name. [1:518: -webkit-text-size-adjust]
18-05-2024 20:05:54.046Z;errorhandler.__handle;  Property: Unknown Property name. [1:612: mso-table-lspace]
18-05-2024 20:05:54.061Z;errorhandler.__handle;  Property: Unknown Property name. [1:642: mso-table-rspace]
18-05-2024 20:05:54.108Z;errorhandler.__handle;  Property: Unknown Property name. [1:4734: mso-hide]
18-05-2024 20:05:54.124Z;errorhandler.__handle;  Property: Unknown Property name. [1:13: -ms-interpolation-mode]
18-05-2024 20:05:54.124Z;errorhandler.__handle;  Property: Unknown Property name. [1:49: -webkit-font-smoothing]
18-05-2024 20:05:54.124Z;errorhandler.__handle;  Property: Unknown Property name. [1:134: -ms-text-size-adjust]
18-05-2024 20:05:54.124Z;errorhandler.__handle;  Property: Unknown Property name. [1:160: -webkit-text-size-adjust]
18-05-2024 20:05:54.124Z;errorhandler.__handle;  Property: Unknown Property name. [1:26: mso-table-lspace]
18-05-2024 20:05:54.124Z;errorhandler.__handle;  Property: Unknown Property name. [1:45: mso-table-rspace]
18-05-2024 20:05:54.139Z;errorhandler.__handle;  Property: Unknown Property name. [1:92: mso-hide]
18-05-2024 20:05:54.139Z;errorhandler.__handle;  Property: No ":" after name found: align-center [1:1: align-center]
18-05-2024 20:05:54.139Z;errorhandler.__handle;  Property: No property value found: align-center [1:1: align-center]
18-05-2024 20:05:54.139Z;errorhandler.__handle;  CSSStyleDeclaration: Syntax Error in Property: align-center
18-05-2024 20:05:54.139Z;errorhandler.__handle;  Property: Unknown Property name. [1:14: -ms-interpolation-mode]
18-05-2024 20:05:56.592Z;functions.emailFinalizado;  Finalizado e-mail sent.
18-05-2024 20:05:56.655Z;functions.encerra_prog;  RM ENCERRADO
