13-05-2024 06:00:20.897Z;functions.bot_text_art;      ____   
13-05-2024 06:00:20.912Z;functions.bot_text_art;     [____]    
13-05-2024 06:00:20.912Z;functions.bot_text_art;   |=]()()[=|  
13-05-2024 06:00:20.912Z;functions.bot_text_art;     _\==/__    _____    ____     _        _____    ___   _  __
13-05-2024 06:00:20.912Z;functions.bot_text_art;   |__|   |_|  |  _  \  / ___|   | |      |_   _| / ___| | |/ /
13-05-2024 06:00:20.912Z;functions.bot_text_art;   |_|_/\_|_|  | |  | | | |      | |        | |   | |    | ' / 
13-05-2024 06:00:20.912Z;functions.bot_text_art;   | | __ | |  | |  | | | |      | |        | |   | |    |  <  
13-05-2024 06:00:20.912Z;functions.bot_text_art;   |_|[  ]|_|  | |__| | | |____  | |____   _| |_  | |__  | . \ 
13-05-2024 06:00:20.912Z;functions.bot_text_art;   \_|_||_|_/  |_____/   \_____| |______| |_____| \ ___| |_|\_\
13-05-2024 06:00:20.912Z;functions.bot_text_art;     |_||_|                                                     
13-05-2024 06:00:20.912Z;functions.bot_text_art;     | ||_|_   
13-05-2024 06:00:20.912Z;functions.bot_text_art;   |___||___|  
13-05-2024 06:00:20.912Z;functions.bot_text_art;               
13-05-2024 06:00:20.912Z;functions.open_RM;  OPEN PROGRAM RM
13-05-2024 06:00:30.066Z;functions.loggin_RM;  ENTRAR USER_NAME
13-05-2024 06:00:32.897Z;functions.loggin_RM;  ENTRAR PASSWORD
13-05-2024 06:00:33.552Z;functions.loggin_RM;  ENTRAR RM
13-05-2024 06:00:54.505Z;functions.enter_coligada;  CLICK CONTEXTO
13-05-2024 06:00:58.381Z;functions.enter_coligada;  CLICK ALTERAR MODULO DO CONTEXTO
13-05-2024 06:01:00.643Z;functions.enter_coligada;  INSERE O COLIGADA CODE = 1
13-05-2024 06:01:00.745Z;functions.enter_coligada;  APERTA TAB PARA PREENCHER O CAMPO COM A STRING: OCEANICA ENGENHARIA E CONSULTORIA S.A.
13-05-2024 06:01:01.630Z;functions.enter_coligada;  CLICK AVANÇAR NOVAMENTE
13-05-2024 06:01:02.459Z;functions.enter_coligada;  CLICK CONCLUIR
13-05-2024 06:01:12.427Z;functions.enter_coligada;  POP UP COLIGADA DESAPARECER
13-05-2024 06:01:13.037Z;functions.check_movimentacao_bancaria;  CLICK - TOTVS - LINHA RM
13-05-2024 06:01:14.069Z;functions.check_movimentacao_bancaria;  CLICK - BACK OFFICE
13-05-2024 06:01:16.351Z;functions.check_movimentacao_bancaria;  CLICK - GESTAO FINANCEIRA
13-05-2024 06:01:19.062Z;functions.movimentacao_bancaria;  CLICK NA ABA MOVIMENTAÇÃO BANCARIA
13-05-2024 06:01:21.177Z;functions.waitForImage;  IMAGEM BORDERO image found.
13-05-2024 06:01:23.301Z;functions.movimentacao_bancaria;  IMAGEM BORDERO CLICADA.
13-05-2024 06:01:33.818Z;functions.waitForImage;  LICENCAS EXCEDIDAS image not found.
13-05-2024 06:01:34.365Z;functions.movimentacao_bancaria;  ENCONTROU O FILTRO DA MOVIMENTAÇÃO BANCÁRIA
13-05-2024 06:01:34.396Z;functions.movimentacao_bancaria;  CLICA NA ABA SUPERIOR DO FILTRO
13-05-2024 06:01:38.601Z;functions.movimentacao_bancaria;  SELECIONA O FILTRO HOJE
13-05-2024 06:01:40.548Z;functions.waitForImage;  FILTER CLEAN image found.
13-05-2024 06:01:42.675Z;functions.filter_clean;  CLICK NO BOTÃO X DO LIMPA FILTRO
13-05-2024 06:01:57.839Z;functions.waitForImage;  FILTER CLEAN image not found.
13-05-2024 06:02:12.915Z;functions.waitForImage;  FILTER CLEAN image not found.
13-05-2024 06:02:30.882Z;functions.movimentacao_bancaria;  SEM PROCESSAMENTO DE BORDERO
13-05-2024 06:02:51.029Z;functions.waitForImage;  FILTER CLEAN image not found.
13-05-2024 06:03:06.177Z;functions.waitForImage;  FILTER CLEAN image not found.
13-05-2024 06:03:21.261Z;functions.waitForImage;  FILTER CLEAN image not found.
13-05-2024 06:03:53.083Z;functions.remessa_pagamento;  SEM REMESSA DE BORDERO AUTORIZADO
13-05-2024 06:03:53.696Z;functions.enter_contas_a_pagar;  CLICK - TOTVS - LINHA RM
13-05-2024 06:03:54.647Z;functions.enter_contas_a_pagar;  CLICK - BACK OFFICE
13-05-2024 06:03:55.319Z;functions.enter_contas_a_pagar;  CLICK - GESTAO FINANCEIRA
13-05-2024 06:04:00.350Z;functions.enter_contas_a_pagar;  CLICK - CONTAS A PAGAR
13-05-2024 06:04:00.485Z;functions.waitForImage;  LANÇAMENTOS image found.
13-05-2024 06:04:02.604Z;functions.enter_contas_a_pagar;  CLICA EM LANÇAMENTOS
13-05-2024 06:04:18.053Z;functions.waitForImage;  LICENCAS EXCEDIDAS image not found.
13-05-2024 06:04:18.053Z;functions.obter_intervalo_data;  VERIFICANDO A HORA ATUAL 6
13-05-2024 06:04:18.053Z;functions.obter_intervalo_data;  Data Inicial FERIAS/RESCISAO antes da remoção: None
13-05-2024 06:04:18.053Z;functions.obter_intervalo_data;  Data Final FERIAS/RESCISAO antes da remoção: None
13-05-2024 06:04:18.053Z;functions.obter_intervalo_data;  Data Inicial FERIAS/RESCISAO após a remoção: None
13-05-2024 06:04:18.053Z;functions.obter_intervalo_data;  Data Final FERIAS/RESCISAO após a remoção: None
13-05-2024 06:04:18.053Z;functions.obter_intervalo_data;  hoje -  2024-05-13 06:04:18.053666
13-05-2024 06:04:18.053Z;functions.data_filter;  DATA INICIO 15-05-2024
13-05-2024 06:04:18.053Z;functions.data_filter;  DATA FIM 21-05-2024
13-05-2024 06:04:18.053Z;functions.data_filter;  CLICK - SELECIONA A DATA DE QUARTA FEIRA E DA PROXIMA TERÇA
13-05-2024 06:04:18.053Z;functions.data_filter;  QUARTA-FEIRA: 15-05-2024
13-05-2024 06:04:18.053Z;functions.data_filter;  TERCA-FEIRA: 21-05-2024
13-05-2024 06:04:30.225Z;functions.data_filter;  CLICK - BUTÃO DE SELECAO DE FILTRO
13-05-2024 06:04:33.913Z;functions.data_filter;  INSERE - DATA DE QUARTA-FEIRA: 15-05-2024
13-05-2024 06:04:37.366Z;functions.data_filter;  INSERE - DATA DA PROX TERCA-FEIRA: 21-05-2024
13-05-2024 06:04:37.991Z;functions.data_filter;  CLICK - BUTÃO DE EXECUTAR O FILTRO
13-05-2024 06:04:43.771Z;functions.desmark_filter;  CLICK CHECKBOX LANÇAMENTOS A RECEBER
13-05-2024 06:04:44.569Z;functions.desmark_filter;  CLICK CHECKBOX LANÇAMENTOS BAIXADOS
13-05-2024 06:04:45.381Z;functions.desmark_filter;  CLICK CHECKBOX LANÇAMENTOS CANCELADOS
13-05-2024 06:04:46.242Z;functions.desmark_filter;  CLICK CHECKBOX LANÇAMENTOS FATURADOS
13-05-2024 06:04:47.132Z;functions.desmark_filter;  ATUALIZA O FILTRO
13-05-2024 06:04:47.269Z;functions.waitForImage;  FILTER CLEAN image found.
13-05-2024 06:04:49.389Z;functions.filter_clean;  CLICK NO BOTÃO X DO LIMPA FILTRO
13-05-2024 06:05:04.492Z;functions.waitForImage;  FILTER CLEAN image not found.
13-05-2024 06:05:19.641Z;functions.waitForImage;  FILTER CLEAN image not found.
13-05-2024 06:05:20.537Z;functions.tabela_vazia;  Texto extraido 0/0
13-05-2024 06:05:20.537Z;functions.tabela_vazia;  Count 0
13-05-2024 06:05:20.537Z;functions.tabela_vazia;  Type <class 'int'>
13-05-2024 06:05:22.549Z;functions.tabela_vazia;  SEM REMESSA DE FÉRIAS/RESCISÃO
13-05-2024 06:05:24.550Z;main.<module>;  SEM REMESSA DE FÉRIAS/RESCISÃO
13-05-2024 06:05:26.107Z;errorhandler.__handle;  Property: Unknown Property name. [1:203: -ms-interpolation-mode]
13-05-2024 06:05:26.116Z;errorhandler.__handle;  Property: Unknown Property name. [1:353: -webkit-font-smoothing]
13-05-2024 06:05:26.116Z;errorhandler.__handle;  Property: Unknown Property name. [1:483: -ms-text-size-adjust]
13-05-2024 06:05:26.116Z;errorhandler.__handle;  Property: Unknown Property name. [1:518: -webkit-text-size-adjust]
13-05-2024 06:05:26.116Z;errorhandler.__handle;  Property: Unknown Property name. [1:612: mso-table-lspace]
13-05-2024 06:05:26.116Z;errorhandler.__handle;  Property: Unknown Property name. [1:642: mso-table-rspace]
13-05-2024 06:05:26.163Z;errorhandler.__handle;  Property: Unknown Property name. [1:4734: mso-hide]
13-05-2024 06:05:26.179Z;errorhandler.__handle;  Property: Unknown Property name. [1:13: -ms-interpolation-mode]
13-05-2024 06:05:26.179Z;errorhandler.__handle;  Property: Unknown Property name. [1:49: -webkit-font-smoothing]
13-05-2024 06:05:26.179Z;errorhandler.__handle;  Property: Unknown Property name. [1:134: -ms-text-size-adjust]
13-05-2024 06:05:26.179Z;errorhandler.__handle;  Property: Unknown Property name. [1:160: -webkit-text-size-adjust]
13-05-2024 06:05:26.179Z;errorhandler.__handle;  Property: Unknown Property name. [1:26: mso-table-lspace]
13-05-2024 06:05:26.179Z;errorhandler.__handle;  Property: Unknown Property name. [1:45: mso-table-rspace]
13-05-2024 06:05:26.195Z;errorhandler.__handle;  Property: Unknown Property name. [1:92: mso-hide]
13-05-2024 06:05:26.195Z;errorhandler.__handle;  Property: No ":" after name found: align-center [1:1: align-center]
13-05-2024 06:05:26.195Z;errorhandler.__handle;  Property: No property value found: align-center [1:1: align-center]
13-05-2024 06:05:26.195Z;errorhandler.__handle;  CSSStyleDeclaration: Syntax Error in Property: align-center
13-05-2024 06:05:26.195Z;errorhandler.__handle;  Property: Unknown Property name. [1:14: -ms-interpolation-mode]
13-05-2024 06:05:28.881Z;functions.emailFinalizado;  Finalizado e-mail sent.
13-05-2024 06:05:28.967Z;functions.encerra_prog;  RM ENCERRADO
