03-04-2024 23:37:01.113Z;functions.bot_text_art;      ____   
03-04-2024 23:37:01.113Z;functions.bot_text_art;     [____]    
03-04-2024 23:37:01.113Z;functions.bot_text_art;   |=]()()[=|  
03-04-2024 23:37:01.113Z;functions.bot_text_art;     _\==/__    _____    ____     _        _____    ___   _  __
03-04-2024 23:37:01.113Z;functions.bot_text_art;   |__|   |_|  |  _  \  / ___|   | |      |_   _| / ___| | |/ /
03-04-2024 23:37:01.113Z;functions.bot_text_art;   |_|_/\_|_|  | |  | | | |      | |        | |   | |    | ' / 
03-04-2024 23:37:01.113Z;functions.bot_text_art;   | | __ | |  | |  | | | |      | |        | |   | |    |  <  
03-04-2024 23:37:01.113Z;functions.bot_text_art;   |_|[  ]|_|  | |__| | | |____  | |____   _| |_  | |__  | . \ 
03-04-2024 23:37:01.113Z;functions.bot_text_art;   \_|_||_|_/  |_____/   \_____| |______| |_____| \ ___| |_|\_\
03-04-2024 23:37:01.113Z;functions.bot_text_art;     |_||_|                                                     
03-04-2024 23:37:01.113Z;functions.bot_text_art;     | ||_|_   
03-04-2024 23:37:01.113Z;functions.bot_text_art;   |___||___|  
03-04-2024 23:37:01.113Z;functions.bot_text_art;               
03-04-2024 23:37:01.457Z;functions.open_RM;  OPEN PROGRAM RM
03-04-2024 23:37:15.929Z;functions.loggin_RM;  ENTRAR USER_NAME
03-04-2024 23:37:18.754Z;functions.loggin_RM;  ENTRAR PASSWORD
03-04-2024 23:37:19.425Z;functions.loggin_RM;  ENTRAR RM
03-04-2024 23:38:00.352Z;functions.enter_coligada;  CLICK CONTEXTO
03-04-2024 23:38:03.942Z;functions.enter_coligada;  CLICK ALTERAR MODULO DO CONTEXTO
03-04-2024 23:38:06.006Z;functions.enter_coligada;  INSERE O COLIGADA CODE = 1
03-04-2024 23:38:06.094Z;functions.enter_coligada;  APERTA TAB PARA PREENCHER O CAMPO COM A STRING: OCEANICA ENGENHARIA E CONSULTORIA S.A.
03-04-2024 23:38:07.422Z;functions.enter_coligada;  CLICK AVANÇAR NOVAMENTE
03-04-2024 23:38:08.129Z;functions.enter_coligada;  CLICK CONCLUIR
03-04-2024 23:38:18.407Z;functions.enter_coligada;  POP UP COLIGADA DESAPARECER
03-04-2024 23:38:18.924Z;functions.check_movimentacao_bancaria;  CLICK - TOTVS - LINHA RM
03-04-2024 23:38:19.824Z;functions.check_movimentacao_bancaria;  CLICK - BACK OFFICE
03-04-2024 23:38:20.432Z;functions.check_movimentacao_bancaria;  CLICK - GESTAO FINANCEIRA
03-04-2024 23:38:27.793Z;functions.movimentacao_bancaria;  CLICK NA ABA MOVIMENTAÇÃO BANCARIA
03-04-2024 23:38:29.691Z;functions.waitForImage;  IMAGEM BORDERO image found.
03-04-2024 23:38:31.546Z;functions.movimentacao_bancaria;  IMAGEM BORDERO CLICADA.
03-04-2024 23:38:41.571Z;functions.waitForImage;  LICENCAS EXCEDIDAS image not found.
03-04-2024 23:38:42.050Z;functions.movimentacao_bancaria;  ENCONTROU O FILTRO DA MOVIMENTAÇÃO BANCÁRIA
03-04-2024 23:38:42.063Z;functions.movimentacao_bancaria;  CLICA NA ABA SUPERIOR DO FILTRO
03-04-2024 23:38:45.721Z;functions.movimentacao_bancaria;  SELECIONA O FILTRO HOJE
03-04-2024 23:38:47.732Z;functions.waitForImage;  FILTER CLEAN image found.
03-04-2024 23:38:49.591Z;functions.filter_clean;  CLICK NO BOTÃO X DO LIMPA FILTRO
03-04-2024 23:39:04.984Z;functions.waitForImage;  FILTER CLEAN image not found.
03-04-2024 23:39:20.374Z;functions.waitForImage;  FILTER CLEAN image not found.
03-04-2024 23:39:22.850Z;functions.movimentacao_bancaria;  CLICK NA PRIMEIRA LINHA DA TABELA MOVIMENTAÇÃO BANCÁRIA
03-04-2024 23:39:23.907Z;functions.movimentacao_bancaria;  12 PASSOS PARA DIREITA NA TABELA >>
03-04-2024 23:39:25.011Z;functions.movimentacao_bancaria;  HOVER FILTER
03-04-2024 23:39:25.245Z;functions.movimentacao_bancaria;  CLICK FILTER
03-04-2024 23:39:28.998Z;functions.movimentacao_bancaria;  CLICK NO FILTRO  STATUS DA REMESSA
03-04-2024 23:39:30.827Z;functions.movimentacao_bancaria;  APERTA TAB PARA ESCREVER O FILTRO
03-04-2024 23:39:32.663Z;functions.movimentacao_bancaria;  ESCREVE PENDENTE NO FILTRO
03-04-2024 23:39:34.492Z;functions.movimentacao_bancaria;  APERTA ENTER PARA SELECIONAR OS PENDENTES
03-04-2024 23:39:52.393Z;functions.movimentacao_bancaria;  SEM PROCESSAMENTO DE BORDERO PENDENTE.
03-04-2024 23:39:56.798Z;functions.waitForImage;  FILTER CLEAN image found.
03-04-2024 23:39:58.642Z;functions.filter_clean;  CLICK NO BOTÃO X DO LIMPA FILTRO
03-04-2024 23:40:14.014Z;functions.waitForImage;  FILTER CLEAN image not found.
03-04-2024 23:40:29.361Z;functions.waitForImage;  FILTER CLEAN image not found.
03-04-2024 23:40:30.079Z;functions.remessa_pagamento;  CLICK NA PRIMEIRA LINHA DA TABELA MOVIMENTAÇÃO BANCÁRIA
03-04-2024 23:40:31.167Z;functions.remessa_pagamento;  HOVER FILTER
03-04-2024 23:40:31.395Z;functions.remessa_pagamento;  CLICK FILTER
03-04-2024 23:40:35.148Z;functions.remessa_pagamento;  CLICK NO FILTRO  STATUS DA REMESSA
03-04-2024 23:40:36.976Z;functions.remessa_pagamento;  APERTA TAB PARA ESCREVER O FILTRO
03-04-2024 23:40:38.808Z;functions.remessa_pagamento;  ESCREVE AUTORIZADO NO FILTRO
03-04-2024 23:40:40.636Z;functions.remessa_pagamento;  APERTA ENTER PARA SELECIONAR OS AUTORIZADO
03-04-2024 23:40:58.602Z;functions.remessa_pagamento;  SEM REMESSA DE BORDERO AUTORIZADO
03-04-2024 23:40:59.125Z;functions.enter_contas_a_pagar;  CLICK - TOTVS - LINHA RM
03-04-2024 23:40:59.954Z;functions.enter_contas_a_pagar;  CLICK - BACK OFFICE
03-04-2024 23:41:00.533Z;functions.enter_contas_a_pagar;  CLICK - GESTAO FINANCEIRA
03-04-2024 23:41:06.189Z;functions.enter_contas_a_pagar;  CLICK - CONTAS A PAGAR
03-04-2024 23:41:06.339Z;functions.waitForImage;  LANÇAMENTOS image found.
03-04-2024 23:41:08.184Z;functions.enter_contas_a_pagar;  CLICA EM LANÇAMENTOS
03-04-2024 23:41:22.543Z;functions.waitForImage;  LICENCAS EXCEDIDAS image not found.
03-04-2024 23:41:22.543Z;functions.obter_intervalo_data;  VERIFICANDO A HORA ATUAL 23
03-04-2024 23:41:22.543Z;functions.obter_intervalo_data;  Data Inicial FERIAS/RESCISAO antes da remoção: None
03-04-2024 23:41:22.543Z;functions.obter_intervalo_data;  Data Final FERIAS/RESCISAO antes da remoção: None
03-04-2024 23:41:22.543Z;functions.obter_intervalo_data;  Data Inicial FERIAS/RESCISAO após a remoção: None
03-04-2024 23:41:22.543Z;functions.obter_intervalo_data;  Data Final FERIAS/RESCISAO após a remoção: None
03-04-2024 23:41:22.543Z;functions.obter_intervalo_data;  hoje -  2024-04-03 23:41:22.543075
03-04-2024 23:41:22.543Z;functions.data_filter;  DATA INICIO 10-04-2024
03-04-2024 23:41:22.543Z;functions.data_filter;  DATA FIM 16-04-2024
03-04-2024 23:41:22.543Z;functions.data_filter;  CLICK - SELECIONA A DATA DE QUARTA FEIRA E DA PROXIMA TERÇA
03-04-2024 23:41:22.543Z;functions.data_filter;  QUARTA-FEIRA: 10-04-2024
03-04-2024 23:41:22.543Z;functions.data_filter;  TERCA-FEIRA: 16-04-2024
03-04-2024 23:41:33.203Z;functions.data_filter;  CLICK - BUTÃO DE SELECAO DE FILTRO
03-04-2024 23:41:36.439Z;functions.data_filter;  INSERE - DATA DE QUARTA-FEIRA: 10-04-2024
03-04-2024 23:41:39.443Z;functions.data_filter;  INSERE - DATA DA PROX TERCA-FEIRA: 16-04-2024
03-04-2024 23:41:39.974Z;functions.data_filter;  CLICK - BUTÃO DE EXECUTAR O FILTRO
03-04-2024 23:41:45.004Z;functions.desmark_filter;  CLICK CHECKBOX LANÇAMENTOS A RECEBER
03-04-2024 23:41:45.684Z;functions.desmark_filter;  CLICK CHECKBOX LANÇAMENTOS BAIXADOS
03-04-2024 23:41:46.391Z;functions.desmark_filter;  CLICK CHECKBOX LANÇAMENTOS CANCELADOS
03-04-2024 23:41:47.123Z;functions.desmark_filter;  CLICK CHECKBOX LANÇAMENTOS FATURADOS
03-04-2024 23:41:47.884Z;functions.desmark_filter;  ATUALIZA O FILTRO
03-04-2024 23:41:47.960Z;functions.waitForImage;  FILTER CLEAN image found.
03-04-2024 23:41:49.803Z;functions.filter_clean;  CLICK NO BOTÃO X DO LIMPA FILTRO
03-04-2024 23:42:05.112Z;functions.waitForImage;  FILTER CLEAN image not found.
03-04-2024 23:42:20.542Z;functions.waitForImage;  FILTER CLEAN image not found.
03-04-2024 23:42:21.471Z;functions.tabela_vazia;  Texto extraido 0/0
03-04-2024 23:42:21.471Z;functions.tabela_vazia;  Count 0
03-04-2024 23:42:21.471Z;functions.tabela_vazia;  Type <class 'int'>
03-04-2024 23:42:23.486Z;functions.tabela_vazia;  SEM REMESSA DE FÉRIAS/RESCISÃO
03-04-2024 23:42:25.486Z;main.<module>;  SEM REMESSA DE FÉRIAS/RESCISÃO
03-04-2024 23:42:30.515Z;errorhandler.__handle;  Property: Unknown Property name. [1:203: -ms-interpolation-mode]
03-04-2024 23:42:30.528Z;errorhandler.__handle;  Property: Unknown Property name. [1:353: -webkit-font-smoothing]
03-04-2024 23:42:30.531Z;errorhandler.__handle;  Property: Unknown Property name. [1:483: -ms-text-size-adjust]
03-04-2024 23:42:30.531Z;errorhandler.__handle;  Property: Unknown Property name. [1:518: -webkit-text-size-adjust]
03-04-2024 23:42:30.531Z;errorhandler.__handle;  Property: Unknown Property name. [1:612: mso-table-lspace]
03-04-2024 23:42:30.532Z;errorhandler.__handle;  Property: Unknown Property name. [1:642: mso-table-rspace]
03-04-2024 23:42:30.580Z;errorhandler.__handle;  Property: Unknown Property name. [1:4734: mso-hide]
03-04-2024 23:42:30.612Z;errorhandler.__handle;  Property: Unknown Property name. [1:13: -ms-interpolation-mode]
03-04-2024 23:42:30.612Z;errorhandler.__handle;  Property: Unknown Property name. [1:49: -webkit-font-smoothing]
03-04-2024 23:42:30.612Z;errorhandler.__handle;  Property: Unknown Property name. [1:134: -ms-text-size-adjust]
03-04-2024 23:42:30.612Z;errorhandler.__handle;  Property: Unknown Property name. [1:160: -webkit-text-size-adjust]
03-04-2024 23:42:30.612Z;errorhandler.__handle;  Property: Unknown Property name. [1:26: mso-table-lspace]
03-04-2024 23:42:30.612Z;errorhandler.__handle;  Property: Unknown Property name. [1:45: mso-table-rspace]
03-04-2024 23:42:30.627Z;errorhandler.__handle;  Property: Unknown Property name. [1:92: mso-hide]
03-04-2024 23:42:30.627Z;errorhandler.__handle;  Property: No ":" after name found: align-center [1:1: align-center]
03-04-2024 23:42:30.627Z;errorhandler.__handle;  Property: No property value found: align-center [1:1: align-center]
03-04-2024 23:42:30.627Z;errorhandler.__handle;  CSSStyleDeclaration: Syntax Error in Property: align-center
03-04-2024 23:42:30.627Z;errorhandler.__handle;  Property: Unknown Property name. [1:14: -ms-interpolation-mode]
03-04-2024 23:42:33.190Z;functions.emailFinalizado;  Finalizado e-mail sent.
03-04-2024 23:42:33.263Z;functions.encerra_prog;  RM ENCERRADO
