01-08-2024 03:01:15.079Z;functions.bot_text_art;      ____   
01-08-2024 03:01:15.080Z;functions.bot_text_art;     [____]    
01-08-2024 03:01:15.080Z;functions.bot_text_art;   |=]()()[=|  
01-08-2024 03:01:15.081Z;functions.bot_text_art;     _\==/__    _____    ____     _        _____    ___   _  __
01-08-2024 03:01:15.081Z;functions.bot_text_art;   |__|   |_|  |  _  \  / ___|   | |      |_   _| / ___| | |/ /
01-08-2024 03:01:15.081Z;functions.bot_text_art;   |_|_/\_|_|  | |  | | | |      | |        | |   | |    | ' / 
01-08-2024 03:01:15.082Z;functions.bot_text_art;   | | __ | |  | |  | | | |      | |        | |   | |    |  <  
01-08-2024 03:01:15.082Z;functions.bot_text_art;   |_|[  ]|_|  | |__| | | |____  | |____   _| |_  | |__  | . \ 
01-08-2024 03:01:15.085Z;functions.bot_text_art;   \_|_||_|_/  |_____/   \_____| |______| |_____| \ ___| |_|\_\
01-08-2024 03:01:15.086Z;functions.bot_text_art;     |_||_|                                                     
01-08-2024 03:01:15.086Z;functions.bot_text_art;     | ||_|_   
01-08-2024 03:01:15.086Z;functions.bot_text_art;   |___||___|  
01-08-2024 03:01:15.086Z;functions.bot_text_art;               
01-08-2024 03:01:15.102Z;functions.open_RM;  OPEN PROGRAM RM
01-08-2024 03:01:37.450Z;functions.loggin_RM;  ENTRAR USER_NAME
01-08-2024 03:01:41.850Z;functions.loggin_RM;  ENTRAR PASSWORD
01-08-2024 03:01:43.877Z;functions.loggin_RM;  ENTRAR RM
01-08-2024 03:05:04.200Z;functions.enter_coligada;  AGUARDANDO 1
01-08-2024 03:05:05.691Z;functions.enter_coligada;  CLICK CONTEXTO
01-08-2024 03:05:08.597Z;functions.enter_coligada;  CLICK ALTERAR MODULO DO CONTEXTO
01-08-2024 03:05:13.517Z;functions.enter_coligada;  INSERE O COLIGADA CODE = 1
01-08-2024 03:05:13.626Z;functions.enter_coligada;  APERTA TAB PARA PREENCHER O CAMPO COM A STRING: OCEANICA ENGENHARIA E CONSULTORIA S.A.
01-08-2024 03:05:15.721Z;functions.enter_coligada;  CLICK AVANÇAR NOVAMENTE
01-08-2024 03:05:17.160Z;functions.enter_coligada;  CLICK CONCLUIR
01-08-2024 03:05:37.681Z;functions.waitForImage;  TROCA COLIGADA image not found.
01-08-2024 03:05:57.650Z;functions.enter_coligada;  POP UP COLIGADA DESAPARECER
01-08-2024 03:05:58.846Z;functions.check_movimentacao_bancaria;  CLICK - TOTVS - LINHA RM
01-08-2024 03:06:01.067Z;functions.check_movimentacao_bancaria;  CLICK - BACK OFFICE
01-08-2024 03:06:02.189Z;functions.check_movimentacao_bancaria;  CLICK - GESTAO FINANCEIRA
01-08-2024 03:06:02.190Z;functions.obter_intervalo_data;  VERIFICANDO A HORA ATUAL 3
01-08-2024 03:06:02.209Z;functions.obter_intervalo_data;  Data Inicial FERIAS/RESCISAO antes da remoção: None
01-08-2024 03:06:02.209Z;functions.obter_intervalo_data;  Data Final FERIAS/RESCISAO antes da remoção: None
01-08-2024 03:06:02.214Z;functions.obter_intervalo_data;  Data Inicial FERIAS/RESCISAO após a remoção: None
01-08-2024 03:06:02.214Z;functions.obter_intervalo_data;  Data Final FERIAS/RESCISAO após a remoção: None
01-08-2024 03:06:02.214Z;functions.obter_intervalo_data;  hoje -  2024-08-01 03:06:02.214831
01-08-2024 03:06:02.214Z;functions.check_movimentacao_bancaria;  DATA INICIO 07-08-2024
01-08-2024 03:06:02.215Z;functions.check_movimentacao_bancaria;  DATA FIM 13-08-2024
01-08-2024 03:06:02.216Z;functions.movimentacao_bancaria;  AGUARDANDO 1
01-08-2024 03:06:08.099Z;functions.movimentacao_bancaria;  CLICK NA ABA MOVIMENTAÇÃO BANCARIA
01-08-2024 03:06:10.359Z;functions.waitForImage;  IMAGEM BORDERO image found.
01-08-2024 03:06:12.510Z;functions.movimentacao_bancaria;  IMAGEM BORDERO CLICADA.
01-08-2024 03:06:22.814Z;functions.waitForImage;  LICENCAS EXCEDIDAS image not found.
01-08-2024 03:06:23.645Z;functions.movimentacao_bancaria;  ENCONTROU O FILTRO DA MOVIMENTAÇÃO BANCÁRIA
01-08-2024 03:06:23.722Z;functions.movimentacao_bancaria;  CLICA NA ABA SUPERIOR DO FILTRO
01-08-2024 03:06:27.931Z;functions.movimentacao_bancaria;  SELECIONA O FILTRO HOJE
01-08-2024 03:06:43.176Z;functions.waitForImage;  FILTER CLEAN image not found.
01-08-2024 03:06:58.395Z;functions.waitForImage;  FILTER CLEAN image not found.
01-08-2024 03:07:13.776Z;functions.waitForImage;  FILTER CLEAN image not found.
01-08-2024 03:07:32.883Z;functions.movimentacao_bancaria;  SEM PROCESSAMENTO DE BORDERO
01-08-2024 03:07:53.275Z;functions.waitForImage;  FILTER CLEAN image not found.
01-08-2024 03:08:08.647Z;functions.waitForImage;  FILTER CLEAN image not found.
01-08-2024 03:08:23.964Z;functions.waitForImage;  FILTER CLEAN image not found.
01-08-2024 03:08:57.942Z;functions.remessa_pagamento;  SEM REMESSA DE BORDERO AUTORIZADO
01-08-2024 03:08:59.157Z;functions.enter_contas_a_pagar;  CLICK - TOTVS - LINHA RM
01-08-2024 03:09:01.349Z;functions.enter_contas_a_pagar;  CLICK - BACK OFFICE
01-08-2024 03:09:02.472Z;functions.enter_contas_a_pagar;  CLICK - GESTAO FINANCEIRA
01-08-2024 03:09:08.973Z;functions.enter_contas_a_pagar;  CLICK - CONTAS A PAGAR
01-08-2024 03:09:09.897Z;functions.waitForImage;  LANÇAMENTOS image found.
01-08-2024 03:09:12.041Z;functions.enter_contas_a_pagar;  CLICA EM LANÇAMENTOS
01-08-2024 03:09:27.602Z;functions.waitForImage;  LICENCAS EXCEDIDAS image not found.
01-08-2024 03:09:27.602Z;functions.data_filter;  CLICK - SELECIONA A DATA DE QUARTA FEIRA E DA PROXIMA TERÇA
01-08-2024 03:09:27.602Z;functions.data_filter;  QUARTA-FEIRA: 07-08-2024
01-08-2024 03:09:27.603Z;functions.data_filter;  TERCA-FEIRA: 13-08-2024
01-08-2024 03:09:48.409Z;functions.data_filter;  FILTRO - REMESSA FERIAS/RESCISAO
01-08-2024 03:09:49.596Z;functions.data_filter;  CLICK - BUTÃO DE SELECAO DE FILTRO
01-08-2024 03:09:54.863Z;functions.data_filter;  INSERE - DATA DE QUARTA-FEIRA: 07-08-2024
01-08-2024 03:09:59.699Z;functions.data_filter;  INSERE - DATA DA PROX TERCA-FEIRA: 13-08-2024
01-08-2024 03:10:00.968Z;functions.data_filter;  CLICK - BUTÃO DE EXECUTAR O FILTRO
01-08-2024 03:10:05.969Z;functions.desmark_filter;  AGUARDANDO 1
01-08-2024 03:10:08.813Z;functions.desmark_filter;  CLICK CHECKBOX LANÇAMENTOS A RECEBER
01-08-2024 03:10:11.689Z;functions.desmark_filter;  CLICK CHECKBOX LANÇAMENTOS BAIXADOS
01-08-2024 03:10:14.608Z;functions.desmark_filter;  CLICK CHECKBOX LANÇAMENTOS CANCELADOS
01-08-2024 03:10:17.972Z;functions.desmark_filter;  CLICK CHECKBOX LANÇAMENTOS FATURADOS
01-08-2024 03:10:21.877Z;functions.desmark_filter;  ATUALIZA O FILTRO
01-08-2024 03:10:22.108Z;functions.waitForImage;  FILTER CLEAN image found.
01-08-2024 03:10:24.212Z;functions.filter_clean;  CLICK NO BOTÃO X DO LIMPA FILTRO
01-08-2024 03:10:39.546Z;functions.waitForImage;  FILTER CLEAN image not found.
01-08-2024 03:10:54.897Z;functions.waitForImage;  FILTER CLEAN image not found.
01-08-2024 03:10:59.049Z;functions.tabela_vazia;  Texto extraido 0/0
01-08-2024 03:10:59.049Z;functions.tabela_vazia;  Count 0
01-08-2024 03:10:59.050Z;functions.tabela_vazia;  Type <class 'int'>
01-08-2024 03:11:01.051Z;functions.tabela_vazia;  SEM REMESSA DE FÉRIAS/RESCISÃO
01-08-2024 03:11:03.052Z;main.<module>;  SEM REMESSA DE FÉRIAS/RESCISÃO
01-08-2024 03:11:06.551Z;errorhandler.__handle;  Property: Unknown Property name. [1:203: -ms-interpolation-mode]
01-08-2024 03:11:06.595Z;errorhandler.__handle;  Property: Unknown Property name. [1:353: -webkit-font-smoothing]
01-08-2024 03:11:06.607Z;errorhandler.__handle;  Property: Unknown Property name. [1:483: -ms-text-size-adjust]
01-08-2024 03:11:06.608Z;errorhandler.__handle;  Property: Unknown Property name. [1:518: -webkit-text-size-adjust]
01-08-2024 03:11:06.611Z;errorhandler.__handle;  Property: Unknown Property name. [1:612: mso-table-lspace]
01-08-2024 03:11:06.612Z;errorhandler.__handle;  Property: Unknown Property name. [1:642: mso-table-rspace]
01-08-2024 03:11:06.857Z;errorhandler.__handle;  Property: Unknown Property name. [1:4734: mso-hide]
01-08-2024 03:11:06.958Z;errorhandler.__handle;  Property: Unknown Property name. [1:13: -ms-interpolation-mode]
01-08-2024 03:11:06.961Z;errorhandler.__handle;  Property: Unknown Property name. [1:49: -webkit-font-smoothing]
01-08-2024 03:11:06.963Z;errorhandler.__handle;  Property: Unknown Property name. [1:134: -ms-text-size-adjust]
01-08-2024 03:11:06.964Z;errorhandler.__handle;  Property: Unknown Property name. [1:160: -webkit-text-size-adjust]
01-08-2024 03:11:06.966Z;errorhandler.__handle;  Property: Unknown Property name. [1:26: mso-table-lspace]
01-08-2024 03:11:06.968Z;errorhandler.__handle;  Property: Unknown Property name. [1:45: mso-table-rspace]
01-08-2024 03:11:07.007Z;errorhandler.__handle;  Property: Unknown Property name. [1:92: mso-hide]
01-08-2024 03:11:07.021Z;errorhandler.__handle;  Property: No ":" after name found: align-center [1:1: align-center]
01-08-2024 03:11:07.021Z;errorhandler.__handle;  Property: No property value found: align-center [1:1: align-center]
01-08-2024 03:11:07.021Z;errorhandler.__handle;  CSSStyleDeclaration: Syntax Error in Property: align-center
01-08-2024 03:11:07.024Z;errorhandler.__handle;  Property: Unknown Property name. [1:14: -ms-interpolation-mode]
01-08-2024 03:11:09.824Z;functions.emailFinalizado;  Finalizado e-mail sent.
01-08-2024 03:11:10.296Z;functions.encerra_prog;  RM ENCERRADO
