01-08-2024 23:00:48.536Z;functions.bot_text_art;      ____   
01-08-2024 23:00:48.537Z;functions.bot_text_art;     [____]    
01-08-2024 23:00:48.538Z;functions.bot_text_art;   |=]()()[=|  
01-08-2024 23:00:48.538Z;functions.bot_text_art;     _\==/__    _____    ____     _        _____    ___   _  __
01-08-2024 23:00:48.538Z;functions.bot_text_art;   |__|   |_|  |  _  \  / ___|   | |      |_   _| / ___| | |/ /
01-08-2024 23:00:48.539Z;functions.bot_text_art;   |_|_/\_|_|  | |  | | | |      | |        | |   | |    | ' / 
01-08-2024 23:00:48.539Z;functions.bot_text_art;   | | __ | |  | |  | | | |      | |        | |   | |    |  <  
01-08-2024 23:00:48.539Z;functions.bot_text_art;   |_|[  ]|_|  | |__| | | |____  | |____   _| |_  | |__  | . \ 
01-08-2024 23:00:48.543Z;functions.bot_text_art;   \_|_||_|_/  |_____/   \_____| |______| |_____| \ ___| |_|\_\
01-08-2024 23:00:48.543Z;functions.bot_text_art;     |_||_|                                                     
01-08-2024 23:00:48.543Z;functions.bot_text_art;     | ||_|_   
01-08-2024 23:00:48.543Z;functions.bot_text_art;   |___||___|  
01-08-2024 23:00:48.543Z;functions.bot_text_art;               
01-08-2024 23:00:48.556Z;functions.open_RM;  OPEN PROGRAM RM
01-08-2024 23:01:10.355Z;functions.loggin_RM;  ENTRAR USER_NAME
01-08-2024 23:01:14.654Z;functions.loggin_RM;  ENTRAR PASSWORD
01-08-2024 23:01:16.747Z;functions.loggin_RM;  ENTRAR RM
01-08-2024 23:04:46.121Z;functions.enter_coligada;  AGUARDANDO 1
01-08-2024 23:04:47.526Z;functions.enter_coligada;  CLICK CONTEXTO
01-08-2024 23:04:50.372Z;functions.enter_coligada;  CLICK ALTERAR MODULO DO CONTEXTO
01-08-2024 23:04:54.858Z;functions.enter_coligada;  INSERE O COLIGADA CODE = 1
01-08-2024 23:04:54.966Z;functions.enter_coligada;  APERTA TAB PARA PREENCHER O CAMPO COM A STRING: OCEANICA ENGENHARIA E CONSULTORIA S.A.
01-08-2024 23:04:57.276Z;functions.enter_coligada;  CLICK AVANÇAR NOVAMENTE
01-08-2024 23:04:58.872Z;functions.enter_coligada;  CLICK CONCLUIR
01-08-2024 23:05:19.447Z;functions.waitForImage;  TROCA COLIGADA image not found.
01-08-2024 23:05:38.657Z;functions.enter_coligada;  POP UP COLIGADA DESAPARECER
01-08-2024 23:05:39.808Z;functions.check_movimentacao_bancaria;  CLICK - TOTVS - LINHA RM
01-08-2024 23:05:41.979Z;functions.check_movimentacao_bancaria;  CLICK - BACK OFFICE
01-08-2024 23:05:45.280Z;functions.check_movimentacao_bancaria;  CLICK - GESTAO FINANCEIRA
01-08-2024 23:05:45.280Z;functions.obter_intervalo_data;  VERIFICANDO A HORA ATUAL 23
01-08-2024 23:05:45.305Z;functions.obter_intervalo_data;  Data Inicial FERIAS/RESCISAO antes da remoção: None
01-08-2024 23:05:45.305Z;functions.obter_intervalo_data;  Data Final FERIAS/RESCISAO antes da remoção: None
01-08-2024 23:05:45.313Z;functions.obter_intervalo_data;  Data Inicial FERIAS/RESCISAO após a remoção: None
01-08-2024 23:05:45.314Z;functions.obter_intervalo_data;  Data Final FERIAS/RESCISAO após a remoção: None
01-08-2024 23:05:45.314Z;functions.obter_intervalo_data;  hoje -  2024-08-01 23:05:45.314737
01-08-2024 23:05:45.314Z;functions.check_movimentacao_bancaria;  DATA INICIO 07-08-2024
01-08-2024 23:05:45.314Z;functions.check_movimentacao_bancaria;  DATA FIM 13-08-2024
01-08-2024 23:05:45.314Z;functions.movimentacao_bancaria;  AGUARDANDO 1
01-08-2024 23:05:51.341Z;functions.movimentacao_bancaria;  CLICK NA ABA MOVIMENTAÇÃO BANCARIA
01-08-2024 23:05:53.609Z;functions.waitForImage;  IMAGEM BORDERO image found.
01-08-2024 23:05:55.739Z;functions.movimentacao_bancaria;  IMAGEM BORDERO CLICADA.
01-08-2024 23:06:06.274Z;functions.waitForImage;  LICENCAS EXCEDIDAS image not found.
01-08-2024 23:06:07.121Z;functions.movimentacao_bancaria;  ENCONTROU O FILTRO DA MOVIMENTAÇÃO BANCÁRIA
01-08-2024 23:06:07.184Z;functions.movimentacao_bancaria;  CLICA NA ABA SUPERIOR DO FILTRO
01-08-2024 23:06:11.397Z;functions.movimentacao_bancaria;  SELECIONA O FILTRO HOJE
01-08-2024 23:06:15.884Z;functions.waitForImage;  FILTER CLEAN image found.
01-08-2024 23:06:18.034Z;functions.filter_clean;  CLICK NO BOTÃO X DO LIMPA FILTRO
01-08-2024 23:06:18.290Z;functions.waitForImage;  FILTER CLEAN image found.
01-08-2024 23:06:20.442Z;functions.filter_clean;  CLICK NO BOTÃO X DO LIMPA FILTRO
01-08-2024 23:06:35.634Z;functions.waitForImage;  FILTER CLEAN image not found.
01-08-2024 23:06:39.901Z;functions.movimentacao_bancaria;  CLICK NA PRIMEIRA LINHA DA TABELA MOVIMENTAÇÃO BANCÁRIA
01-08-2024 23:06:41.127Z;functions.movimentacao_bancaria;  12 PASSOS PARA DIREITA NA TABELA >>
01-08-2024 23:06:43.607Z;functions.movimentacao_bancaria;  HOVER FILTER
01-08-2024 23:06:44.282Z;functions.movimentacao_bancaria;  CLICK FILTER
01-08-2024 23:06:48.611Z;functions.movimentacao_bancaria;  CLICK NO FILTRO  STATUS DA REMESSA
01-08-2024 23:06:50.714Z;functions.movimentacao_bancaria;  APERTA TAB PARA ESCREVER O FILTRO
01-08-2024 23:06:52.831Z;functions.movimentacao_bancaria;  ESCREVE PENDENTE NO FILTRO
01-08-2024 23:06:54.934Z;functions.movimentacao_bancaria;  APERTA ENTER PARA SELECIONAR OS PENDENTES
01-08-2024 23:07:13.607Z;functions.movimentacao_bancaria;  SEM PROCESSAMENTO DE BORDERO PENDENTE.
01-08-2024 23:07:18.843Z;functions.waitForImage;  FILTER CLEAN image found.
01-08-2024 23:07:20.972Z;functions.filter_clean;  CLICK NO BOTÃO X DO LIMPA FILTRO
01-08-2024 23:07:36.301Z;functions.waitForImage;  FILTER CLEAN image not found.
01-08-2024 23:07:51.652Z;functions.waitForImage;  FILTER CLEAN image not found.
01-08-2024 23:07:54.119Z;functions.remessa_pagamento;  CLICK NA PRIMEIRA LINHA DA TABELA MOVIMENTAÇÃO BANCÁRIA
01-08-2024 23:07:56.799Z;functions.remessa_pagamento;  HOVER FILTER
01-08-2024 23:07:57.508Z;functions.remessa_pagamento;  CLICK FILTER
01-08-2024 23:08:01.853Z;functions.remessa_pagamento;  CLICK NO FILTRO  STATUS DA REMESSA
01-08-2024 23:08:03.956Z;functions.remessa_pagamento;  APERTA TAB PARA ESCREVER O FILTRO
01-08-2024 23:08:06.077Z;functions.remessa_pagamento;  ESCREVE AUTORIZADO NO FILTRO
01-08-2024 23:08:08.180Z;functions.remessa_pagamento;  APERTA ENTER PARA SELECIONAR OS AUTORIZADO
01-08-2024 23:08:26.913Z;functions.remessa_pagamento;  SEM REMESSA DE BORDERO AUTORIZADO
01-08-2024 23:08:28.121Z;functions.enter_contas_a_pagar;  CLICK - TOTVS - LINHA RM
01-08-2024 23:08:30.058Z;functions.enter_contas_a_pagar;  CLICK - BACK OFFICE
01-08-2024 23:08:31.277Z;functions.enter_contas_a_pagar;  CLICK - GESTAO FINANCEIRA
01-08-2024 23:08:37.435Z;functions.enter_contas_a_pagar;  CLICK - CONTAS A PAGAR
01-08-2024 23:08:38.405Z;functions.waitForImage;  LANÇAMENTOS image found.
01-08-2024 23:08:40.535Z;functions.enter_contas_a_pagar;  CLICA EM LANÇAMENTOS
01-08-2024 23:08:55.628Z;functions.waitForImage;  LICENCAS EXCEDIDAS image not found.
01-08-2024 23:08:55.629Z;functions.data_filter;  CLICK - SELECIONA A DATA DE QUARTA FEIRA E DA PROXIMA TERÇA
01-08-2024 23:08:55.629Z;functions.data_filter;  QUARTA-FEIRA: 07-08-2024
01-08-2024 23:08:55.629Z;functions.data_filter;  TERCA-FEIRA: 13-08-2024
01-08-2024 23:09:16.368Z;functions.data_filter;  FILTRO - REMESSA FERIAS/RESCISAO
01-08-2024 23:09:17.622Z;functions.data_filter;  CLICK - BUTÃO DE SELECAO DE FILTRO
01-08-2024 23:09:22.722Z;functions.data_filter;  INSERE - DATA DE QUARTA-FEIRA: 07-08-2024
01-08-2024 23:09:27.463Z;functions.data_filter;  INSERE - DATA DA PROX TERCA-FEIRA: 13-08-2024
01-08-2024 23:09:28.872Z;functions.data_filter;  CLICK - BUTÃO DE EXECUTAR O FILTRO
01-08-2024 23:09:33.873Z;functions.desmark_filter;  AGUARDANDO 1
01-08-2024 23:09:36.687Z;functions.desmark_filter;  CLICK CHECKBOX LANÇAMENTOS A RECEBER
01-08-2024 23:09:39.902Z;functions.desmark_filter;  CLICK CHECKBOX LANÇAMENTOS BAIXADOS
01-08-2024 23:09:43.342Z;functions.desmark_filter;  CLICK CHECKBOX LANÇAMENTOS CANCELADOS
01-08-2024 23:09:46.646Z;functions.desmark_filter;  CLICK CHECKBOX LANÇAMENTOS FATURADOS
01-08-2024 23:09:50.090Z;functions.desmark_filter;  ATUALIZA O FILTRO
01-08-2024 23:09:50.333Z;functions.waitForImage;  FILTER CLEAN image found.
01-08-2024 23:09:52.438Z;functions.filter_clean;  CLICK NO BOTÃO X DO LIMPA FILTRO
01-08-2024 23:10:07.791Z;functions.waitForImage;  FILTER CLEAN image not found.
01-08-2024 23:10:23.033Z;functions.waitForImage;  FILTER CLEAN image not found.
01-08-2024 23:10:26.967Z;functions.tabela_vazia;  Texto extraido 1/1
01-08-2024 23:10:26.968Z;functions.tabela_vazia;  Count 1
01-08-2024 23:10:26.968Z;functions.tabela_vazia;  Type <class 'int'>
01-08-2024 23:10:26.968Z;functions.tabela_vazia;  TABELA CONTÉM REGISTROS
01-08-2024 23:10:28.777Z;functions.desbloqueio;  SELECIONA TODAS AS TUPLAS
01-08-2024 23:10:33.881Z;functions.desbloqueio;  CONTROL P PARA SELECIONAR PROCESSO
01-08-2024 23:10:39.104Z;functions.desbloqueio;  7 SETAS PARA BAIXO - MANUTENÇÃO DE LANÇAMENTO
01-08-2024 23:10:41.207Z;functions.desbloqueio;  SETA PARA DIREITA
01-08-2024 23:10:48.032Z;functions.desbloqueio;  8 SETAS PARA BAIXO
01-08-2024 23:10:50.136Z;functions.desbloqueio;  ENTER PARA SELECIONAR DESBLOQUEIO ALTERAÇÃO
01-08-2024 23:11:52.549Z;functions.exec_lancamentos;  CONTROL G
01-08-2024 23:11:56.777Z;functions.exec_lancamentos;  CLICK PARA APARECER CONTA/CAIXA
01-08-2024 23:11:58.559Z;functions.exec_lancamentos;  SELECIONA CONTA/CAIXA
01-08-2024 23:12:00.430Z;functions.exec_lancamentos;  CLICK NO BOTÃO [...]
01-08-2024 23:12:04.009Z;functions.exec_lancamentos;  CLICK NO CAMPO PESQUISA E DIGITA: %3212
01-08-2024 23:12:05.433Z;functions.exec_lancamentos;  CLICK NO BOTÃO DO FILTRO
01-08-2024 23:12:07.027Z;functions.exec_lancamentos;  CLICK NO BOTÃO OK
01-08-2024 23:12:08.402Z;functions.exec_lancamentos;  CLICK NO BOTÃO EXECUTAR
01-08-2024 23:12:08.402Z;functions.process_lancamentos;  AGUARDANDO 1
01-08-2024 23:12:25.439Z;functions.waitForImage;  PRESS BUTTON OK image found.
01-08-2024 23:12:25.440Z;functions.process_lancamentos;  O PROCESSAMENTO DE LANÇAMENTO FOI EXECUTADO COM SUCESSO.
01-08-2024 23:12:31.867Z;functions.process_lancamentos;  Lançamento Ref. 987286: Convênio alterado para o convênio default '7' da conta Caixa '02675-5' .
Alteração Global de Lançamentos executada com sucesso

01-08-2024 23:12:43.959Z;functions.proccess_bordero;  SELECIONAR INCLUSÃO DE BORDERO
01-08-2024 23:13:04.243Z;functions.waitForImage;  PRESS BUTON SIM image not found.
01-08-2024 23:13:06.245Z;functions.proccess_bordero;  CLICK EM CONVÊNIO TRÊS PONTINHOS
01-08-2024 23:13:08.654Z;functions.proccess_bordero;  CLICK EM COMBOBOX PARA SELECIONAR O ID DO CONVÊNIO
01-08-2024 23:13:10.555Z;functions.proccess_bordero;  CLICK EM ID DO CONVÊNIO
01-08-2024 23:13:12.659Z;functions.proccess_bordero;  APERTA TAB PARA ESCREVER O ID
01-08-2024 23:13:14.763Z;functions.proccess_bordero;  ESCREVE O ID 9 - FERIAS/RESCISÃO
01-08-2024 23:13:16.867Z;functions.proccess_bordero;  APERTA ENTER PARA SELECIONAR O ID 9 - FERIAS/RESCISÃO
01-08-2024 23:13:18.971Z;functions.proccess_bordero;  APERTA ENTER PARA ESCOLHER O ID 9 - FERIAS/RESCISÃO
01-08-2024 23:13:22.310Z;functions.proccess_bordero;  CLICK EM EXECUTAR NA INCLUSÃO DO BORDÊRO
01-08-2024 23:13:34.507Z;functions.waitForImage;  PRESS BUTTON OK image found.
01-08-2024 23:13:36.508Z;functions.proccess_bordero;  O PROCESSAMENTO DO BORDERO FOI EXECUTADO COM SUCESSO.
01-08-2024 23:13:39.681Z;functions.proccess_bordero;  CLICK EM FECHAR.
01-08-2024 23:13:41.683Z;functions.movimentacao_bancaria;  AGUARDANDO 1
01-08-2024 23:13:43.245Z;functions.movimentacao_bancaria;  CLICK NA ABA MOVIMENTAÇÃO BANCARIA
01-08-2024 23:13:45.542Z;functions.waitForImage;  IMAGEM BORDERO image found.
01-08-2024 23:13:47.690Z;functions.movimentacao_bancaria;  IMAGEM BORDERO CLICADA.
01-08-2024 23:13:57.732Z;functions.waitForImage;  LICENCAS EXCEDIDAS image not found.
01-08-2024 23:13:58.554Z;functions.movimentacao_bancaria;  ENCONTROU O FILTRO DA MOVIMENTAÇÃO BANCÁRIA
01-08-2024 23:13:58.653Z;functions.movimentacao_bancaria;  CLICA NA ABA SUPERIOR DO FILTRO
01-08-2024 23:14:02.865Z;functions.movimentacao_bancaria;  SELECIONA O FILTRO HOJE
01-08-2024 23:14:04.542Z;functions.waitForImage;  FILTER CLEAN image found.
01-08-2024 23:14:06.690Z;functions.filter_clean;  CLICK NO BOTÃO X DO LIMPA FILTRO
01-08-2024 23:14:21.840Z;functions.waitForImage;  FILTER CLEAN image not found.
01-08-2024 23:14:36.963Z;functions.waitForImage;  FILTER CLEAN image not found.
01-08-2024 23:14:41.121Z;functions.movimentacao_bancaria;  CLICK NA PRIMEIRA LINHA DA TABELA MOVIMENTAÇÃO BANCÁRIA
01-08-2024 23:14:42.351Z;functions.movimentacao_bancaria;  12 PASSOS PARA DIREITA NA TABELA >>
01-08-2024 23:14:45.003Z;functions.movimentacao_bancaria;  HOVER FILTER
01-08-2024 23:14:45.720Z;functions.movimentacao_bancaria;  CLICK FILTER
01-08-2024 23:14:50.062Z;functions.movimentacao_bancaria;  CLICK NO FILTRO  STATUS DA REMESSA
01-08-2024 23:14:52.166Z;functions.movimentacao_bancaria;  APERTA TAB PARA ESCREVER O FILTRO
01-08-2024 23:14:54.282Z;functions.movimentacao_bancaria;  ESCREVE PENDENTE NO FILTRO
01-08-2024 23:14:56.385Z;functions.movimentacao_bancaria;  APERTA ENTER PARA SELECIONAR OS PENDENTES
01-08-2024 23:15:02.341Z;functions.movimentacao_bancaria;  SELECIONA TODAS AS TUPLAS COM STATUS PENDENTE
01-08-2024 23:15:04.446Z;functions.movimentacao_bancaria;  CLICK EM PROCESSOS
01-08-2024 23:15:06.549Z;functions.movimentacao_bancaria;  APERTA PARA BAIXO
01-08-2024 23:15:08.654Z;functions.movimentacao_bancaria;  APERTA ENTER
01-08-2024 23:15:12.058Z;functions.movimentacao_bancaria;  CLICK EM EXECUTAR BORDERO DE PAGAMENTO
01-08-2024 23:15:12.059Z;functions.movimentacao_bancaria;  AGUARDANDO 1
01-08-2024 23:15:28.725Z;functions.waitForImage;  PRESS BUTTON OK image found.
01-08-2024 23:15:28.726Z;functions.movimentacao_bancaria;  O PROCESSAMENTO DE AUTORIZAÇÃO DO BORDERO FOI EXECUTADO COM SUCESSO.
01-08-2024 23:15:30.027Z;functions.movimentacao_bancaria;  CLICK EM FECHAR.
01-08-2024 23:15:35.275Z;functions.waitForImage;  FILTER CLEAN image found.
01-08-2024 23:15:37.408Z;functions.filter_clean;  CLICK NO BOTÃO X DO LIMPA FILTRO
01-08-2024 23:15:52.408Z;functions.waitForImage;  FILTER CLEAN image not found.
01-08-2024 23:16:07.529Z;functions.waitForImage;  FILTER CLEAN image not found.
01-08-2024 23:16:27.755Z;functions.remessa_pagamento;  12 PASSOS PARA ESQUERDA NA TABELA >>
01-08-2024 23:16:30.455Z;functions.remessa_pagamento;  HOVER FILTER
01-08-2024 23:16:31.156Z;functions.remessa_pagamento;  CLICK FILTER
01-08-2024 23:16:35.498Z;functions.remessa_pagamento;  CLICA NO FILTRO  STATUS DA REMESSA
01-08-2024 23:16:37.602Z;functions.remessa_pagamento;  APERTA TAB PARA ESCREVER O FILTRO
01-08-2024 23:16:39.723Z;functions.remessa_pagamento;  ESCREVE AUTORIZADO NO FILTRO
01-08-2024 23:16:41.826Z;functions.remessa_pagamento;  APERTA ENTER PARA SELECIONAR OS AUTORIZADOS
01-08-2024 23:16:49.211Z;functions.remessa_pagamento;  6 PASSOS PARA ESQUERDA NA TABELA <<
01-08-2024 23:16:52.149Z;functions.check_user_bot;  Texto extraido 1/1
01-08-2024 23:16:52.150Z;functions.check_user_bot;  Count 1
01-08-2024 23:16:52.150Z;functions.check_user_bot;  Type <class 'int'>
01-08-2024 23:16:54.254Z;functions.check_user_bot;  CHECK USER BOT 1
01-08-2024 23:16:56.256Z;functions.check_user_bot;  dclick
01-08-2024 23:16:58.972Z;functions.check_user_bot;  7 PASSOS PARA DIREITA NA TABELA >>
01-08-2024 23:17:03.078Z;functions.check_user_bot;  341 / 3212 / 02675 - FERIAS/RESCISAO
01-08-2024 23:17:03.079Z;functions.check_user_bot;  NOME FERIAS/RECISAO ENCONTRADO
01-08-2024 23:17:05.290Z;functions.check_user_bot;  CLICK EM PROCESSOS
01-08-2024 23:17:07.393Z;functions.check_user_bot;  APERTA PARA BAIXO 0
01-08-2024 23:17:09.498Z;functions.check_user_bot;  APERTA PARA BAIXO 1
01-08-2024 23:17:11.601Z;functions.check_user_bot;  APERTA PARA BAIXO 2
01-08-2024 23:17:13.704Z;functions.check_user_bot;  APERTA ENTER
01-08-2024 23:17:17.154Z;functions.check_user_bot;  CLICK EM REMESSAS DE PAGAMENTO
01-08-2024 23:17:18.258Z;functions.check_user_bot;  APERTA TAB 0
01-08-2024 23:17:19.360Z;functions.check_user_bot;  APERTA TAB 1
01-08-2024 23:17:20.463Z;functions.check_user_bot;  APERTA TAB 2
01-08-2024 23:17:31.214Z;functions.check_user_bot;  CLICK EM AVANÇAR
01-08-2024 23:17:31.215Z;functions.check_user_bot;  CLICK - SELECIONA A DATA DE QUARTA FEIRA E DA PROXIMA TERÇA
01-08-2024 23:17:31.215Z;functions.check_user_bot;  QUARTA-FEIRA: 07-08-2024
01-08-2024 23:17:31.216Z;functions.check_user_bot;  TERCA-FEIRA: 13-08-2024
01-08-2024 23:17:36.527Z;functions.check_user_bot;  DESMARCA CHECKBOX PARA SALVAR ARQUIVO DE REMESSA
01-08-2024 23:17:37.929Z;functions.check_user_bot;  CLICK NOS ... PARA SELECIONAR O DIRETÓRIO E NOME DO ARQUIVO.
01-08-2024 23:17:42.315Z;functions.check_user_bot;  DUPLO CLICK NO DIRETORIO
01-08-2024 23:17:44.781Z;functions.check_user_bot;  APERTA TAB 0
01-08-2024 23:17:45.383Z;functions.check_user_bot;  APERTA TAB 1
01-08-2024 23:17:45.986Z;functions.check_user_bot;  APERTA TAB 2
01-08-2024 23:17:46.591Z;functions.check_user_bot;  APERTA TAB 3
01-08-2024 23:17:47.194Z;functions.check_user_bot;  APERTA TAB 4
01-08-2024 23:17:47.797Z;functions.check_user_bot;  APERTA TAB 5
01-08-2024 23:17:47.799Z;functions.check_user_bot;  A ULTIMA LETRA USADA: B
01-08-2024 23:17:47.799Z;functions.check_user_bot;  A LETRA SERA: C
01-08-2024 23:17:47.930Z;functions.check_user_bot;  F071324C.txt
01-08-2024 23:17:49.125Z;functions.check_user_bot;  CLICK NO BUTÃO SALVAR
01-08-2024 23:17:51.027Z;functions.check_user_bot;  CLICK EM AVANCAR PARA CONCLUIR
01-08-2024 23:17:52.778Z;functions.check_user_bot;  CLICK EM EXECUTAR
01-08-2024 23:18:09.977Z;functions.waitForImage;  PRESS BUTTON OK image found.
01-08-2024 23:18:11.979Z;functions.check_user_bot;  O PROCESSAMENTO DE AUTORIZAÇÃO DO BORDERO FOI EXECUTADO COM SUCESSO.
01-08-2024 23:18:22.375Z;functions.check_user_bot;  ===========================================================================================================
LANÇAMENTOS ENVIADOS PARA REMESSA PAGAMENTO
Coligada: 1
ID Remessa: 10
Convênio: 9
Data: 01/08/2024 23:18:06
Borderô remetidos: 1
===========================================================================================================
Borderô: 1-10527

Lançamentos remetidos no Borderô:
Lancamento 1-987286
----------------------------------------------------------------------------------------------------------


01-08-2024 23:18:25.669Z;errorhandler.__handle;  CSSStyleDeclaration: Unexpected token, ignoring upto '{        border: none;'. [1:174: {]
01-08-2024 23:18:25.670Z;errorhandler.__handle;  Property: Unknown Property name. [1:204: -ms-interpolation-mode]
01-08-2024 23:18:25.673Z;errorhandler.__handle;  CSSStyleDeclaration: Unexpected token, ignoring upto '}'. [1:267: }]
01-08-2024 23:18:25.675Z;errorhandler.__handle;  CSSStyleDeclaration: Unexpected token, ignoring upto '{        background-color: #f6f6f6;'. [1:281: {]
01-08-2024 23:18:25.689Z;errorhandler.__handle;  Property: Unknown Property name. [1:356: -webkit-font-smoothing]
01-08-2024 23:18:25.702Z;errorhandler.__handle;  Property: Unknown Property name. [1:486: -ms-text-size-adjust]
01-08-2024 23:18:25.703Z;errorhandler.__handle;  Property: Unknown Property name. [1:521: -webkit-text-size-adjust]
01-08-2024 23:18:25.704Z;errorhandler.__handle;  CSSStyleDeclaration: Unexpected token, ignoring upto '}'. [1:559: }]
01-08-2024 23:18:25.705Z;errorhandler.__handle;  CSSStyleDeclaration: Unexpected token, ignoring upto '{        border-collapse: separate;'. [1:574: {]
01-08-2024 23:18:25.706Z;errorhandler.__handle;  Property: Unknown Property name. [1:617: mso-table-lspace]
01-08-2024 23:18:25.706Z;errorhandler.__handle;  Property: Unknown Property name. [1:647: mso-table-rspace]
01-08-2024 23:18:25.709Z;errorhandler.__handle;  CSSStyleDeclaration: Unexpected token, ignoring upto '}'. [1:690: }]
01-08-2024 23:18:25.710Z;errorhandler.__handle;  CSSStyleDeclaration: Unexpected token, ignoring upto '{          font-family: sans-serif;'. [1:710: {]
01-08-2024 23:18:25.714Z;errorhandler.__handle;  CSSStyleDeclaration: Unexpected token, ignoring upto '}'. [1:808: }]
01-08-2024 23:18:25.715Z;errorhandler.__handle;  CSSStyleDeclaration: Unexpected token, ignoring upto '{        background-color: #f6f6f6;'. [1:941: {]
01-08-2024 23:18:25.716Z;errorhandler.__handle;  CSSStyleDeclaration: Unexpected token, ignoring upto '}'. [1:1003: }]
01-08-2024 23:18:25.717Z;errorhandler.__handle;  CSSStyleDeclaration: Unexpected token, ignoring upto '{        display: block;'. [1:1178: {]
01-08-2024 23:18:25.721Z;errorhandler.__handle;  CSSStyleDeclaration: Unexpected token, ignoring upto '}'. [1:1342: }]
01-08-2024 23:18:25.722Z;errorhandler.__handle;  CSSStyleDeclaration: Unexpected token, ignoring upto '{        box-sizing: border-box;'. [1:1452: {]
01-08-2024 23:18:25.727Z;errorhandler.__handle;  CSSStyleDeclaration: Unexpected token, ignoring upto '}'. [1:1584: }]
01-08-2024 23:18:25.729Z;errorhandler.__handle;  CSSStyleDeclaration: Unexpected token, ignoring upto '{        background: #ffffff;'. [1:1721: {]
01-08-2024 23:18:25.734Z;errorhandler.__handle;  CSSStyleDeclaration: Unexpected token, ignoring upto '}'. [1:1804: }]
01-08-2024 23:18:25.735Z;errorhandler.__handle;  CSSStyleDeclaration: Unexpected token, ignoring upto '{        box-sizing: border-box;'. [1:1822: {]
01-08-2024 23:18:25.736Z;errorhandler.__handle;  CSSStyleDeclaration: Unexpected token, ignoring upto '}'. [1:1883: }]
01-08-2024 23:18:25.737Z;errorhandler.__handle;  CSSStyleDeclaration: Unexpected token, ignoring upto '{        padding-bottom: 10px;'. [1:1907: {]
01-08-2024 23:18:25.739Z;errorhandler.__handle;  CSSStyleDeclaration: Unexpected token, ignoring upto '}'. [1:1969: }]
01-08-2024 23:18:25.741Z;errorhandler.__handle;  CSSStyleDeclaration: Unexpected token, ignoring upto '{        clear: both;'. [1:1986: {]
01-08-2024 23:18:25.745Z;errorhandler.__handle;  CSSStyleDeclaration: Unexpected token, ignoring upto '}'. [1:2086: }]
01-08-2024 23:18:25.747Z;errorhandler.__handle;  CSSStyleDeclaration: Unexpected token, ignoring upto '{          color: #999999;'. [1:2165: {]
01-08-2024 23:18:25.749Z;errorhandler.__handle;  CSSStyleDeclaration: Unexpected token, ignoring upto '}'. [1:2253: }]
01-08-2024 23:18:25.751Z;errorhandler.__handle;  CSSStyleDeclaration: Unexpected token, ignoring upto '{        color: #000000;'. [1:2404: {]
01-08-2024 23:18:25.755Z;errorhandler.__handle;  CSSStyleDeclaration: Unexpected token, ignoring upto '}'. [1:2563: }]
01-08-2024 23:18:25.756Z;errorhandler.__handle;  CSSStyleDeclaration: Unexpected token, ignoring upto '{        font-size: 35px;'. [1:2575: {]
01-08-2024 23:18:25.759Z;errorhandler.__handle;  CSSStyleDeclaration: Unexpected token, ignoring upto '}'. [1:2694: }]
01-08-2024 23:18:25.760Z;errorhandler.__handle;  CSSStyleDeclaration: Unexpected token, ignoring upto '{        font-family: sans-serif;'. [1:2723: {]
01-08-2024 23:18:25.763Z;errorhandler.__handle;  CSSStyleDeclaration: Unexpected token, ignoring upto '}'. [1:2861: }]
01-08-2024 23:18:25.765Z;errorhandler.__handle;  CSSStyleDeclaration: Unexpected token, ignoring upto '{          list-style-position: inside;'. [1:2905: {]
01-08-2024 23:18:25.766Z;errorhandler.__handle;  CSSStyleDeclaration: Unexpected token, ignoring upto '}'. [1:2978: }]
01-08-2024 23:18:25.766Z;errorhandler.__handle;  CSSStyleDeclaration: Unexpected token, ignoring upto '{        color: #3498db;'. [1:2989: {]
01-08-2024 23:18:25.770Z;errorhandler.__handle;  CSSStyleDeclaration: Unexpected token, ignoring upto '}'. [1:3055: }]
01-08-2024 23:18:25.771Z;errorhandler.__handle;  CSSStyleDeclaration: Unexpected token, ignoring upto '{        box-sizing: border-box;'. [1:3178: {]
01-08-2024 23:18:25.772Z;errorhandler.__handle;  CSSStyleDeclaration: Unexpected token, ignoring upto '}'. [1:3231: }]
01-08-2024 23:18:25.774Z;errorhandler.__handle;  CSSStyleDeclaration: Unexpected token, ignoring upto '{          padding-bottom: 15px;'. [1:3265: {]
01-08-2024 23:18:25.774Z;errorhandler.__handle;  CSSStyleDeclaration: Unexpected token, ignoring upto '}'. [1:3298: }]
01-08-2024 23:18:25.775Z;errorhandler.__handle;  CSSStyleDeclaration: Unexpected token, ignoring upto '{          width: auto;'. [1:3320: {]
01-08-2024 23:18:25.775Z;errorhandler.__handle;  CSSStyleDeclaration: Unexpected token, ignoring upto '}'. [1:3350: }]
01-08-2024 23:18:25.777Z;errorhandler.__handle;  CSSStyleDeclaration: Unexpected token, ignoring upto '{          background-color: #ffffff;'. [1:3375: {]
01-08-2024 23:18:25.778Z;errorhandler.__handle;  CSSStyleDeclaration: Unexpected token, ignoring upto '}'. [1:3477: }]
01-08-2024 23:18:25.780Z;errorhandler.__handle;  CSSStyleDeclaration: Unexpected token, ignoring upto '{          background-color: #ffffff;'. [1:3495: {]
01-08-2024 23:18:25.981Z;errorhandler.__handle;  CSSStyleDeclaration: Unexpected token, ignoring upto '}'. [1:3892: }]
01-08-2024 23:18:25.983Z;errorhandler.__handle;  CSSStyleDeclaration: Unexpected token, ignoring upto '{        background-color: #3498db;'. [1:3923: {]
01-08-2024 23:18:25.984Z;errorhandler.__handle;  CSSStyleDeclaration: Unexpected token, ignoring upto '}'. [1:3965: }]
01-08-2024 23:18:25.985Z;errorhandler.__handle;  CSSStyleDeclaration: Unexpected token, ignoring upto '{        background-color: #3498db;'. [1:3989: {]
01-08-2024 23:18:26.032Z;errorhandler.__handle;  CSSStyleDeclaration: Unexpected token, ignoring upto '}'. [1:4084: }]
01-08-2024 23:18:26.033Z;errorhandler.__handle;  CSSStyleDeclaration: Unexpected token, ignoring upto '{        margin-bottom: 0;'. [1:4234: {]
01-08-2024 23:18:26.033Z;errorhandler.__handle;  CSSStyleDeclaration: Unexpected token, ignoring upto '}'. [1:4267: }]
01-08-2024 23:18:26.034Z;errorhandler.__handle;  CSSStyleDeclaration: Unexpected token, ignoring upto '{        margin-top: 0;'. [1:4283: {]
01-08-2024 23:18:26.035Z;errorhandler.__handle;  CSSStyleDeclaration: Unexpected token, ignoring upto '}'. [1:4313: }]
01-08-2024 23:18:26.036Z;errorhandler.__handle;  CSSStyleDeclaration: Unexpected token, ignoring upto '{        text-align: center;'. [1:4336: {]
01-08-2024 23:18:26.036Z;errorhandler.__handle;  CSSStyleDeclaration: Unexpected token, ignoring upto '}'. [1:4371: }]
01-08-2024 23:18:26.037Z;errorhandler.__handle;  CSSStyleDeclaration: Unexpected token, ignoring upto '{        text-align: right;'. [1:4393: {]
01-08-2024 23:18:26.037Z;errorhandler.__handle;  CSSStyleDeclaration: Unexpected token, ignoring upto '}'. [1:4427: }]
01-08-2024 23:18:26.038Z;errorhandler.__handle;  CSSStyleDeclaration: Unexpected token, ignoring upto '{        text-align: left;'. [1:4448: {]
01-08-2024 23:18:26.038Z;errorhandler.__handle;  CSSStyleDeclaration: Unexpected token, ignoring upto '}'. [1:4481: }]
01-08-2024 23:18:26.039Z;errorhandler.__handle;  CSSStyleDeclaration: Unexpected token, ignoring upto '{        clear: both;'. [1:4497: {]
01-08-2024 23:18:26.040Z;errorhandler.__handle;  CSSStyleDeclaration: Unexpected token, ignoring upto '}'. [1:4525: }]
01-08-2024 23:18:26.041Z;errorhandler.__handle;  CSSStyleDeclaration: Unexpected token, ignoring upto '{        margin-top: 0;'. [1:4539: {]
01-08-2024 23:18:26.041Z;errorhandler.__handle;  CSSStyleDeclaration: Unexpected token, ignoring upto '}'. [1:4569: }]
01-08-2024 23:18:26.042Z;errorhandler.__handle;  CSSStyleDeclaration: Unexpected token, ignoring upto '{        margin-bottom: 0;'. [1:4583: {]
01-08-2024 23:18:26.042Z;errorhandler.__handle;  CSSStyleDeclaration: Unexpected token, ignoring upto '}'. [1:4616: }]
01-08-2024 23:18:26.044Z;errorhandler.__handle;  CSSStyleDeclaration: Unexpected token, ignoring upto '{        color: transparent;'. [1:4636: {]
01-08-2024 23:18:26.052Z;errorhandler.__handle;  Property: Unknown Property name. [1:4799: mso-hide]
01-08-2024 23:18:26.055Z;errorhandler.__handle;  CSSStyleDeclaration: Unexpected token, ignoring upto '}'. [1:4864: }]
01-08-2024 23:18:26.056Z;errorhandler.__handle;  CSSStyleDeclaration: Unexpected token, ignoring upto '{        text-decoration: none;'. [1:4887: {]
01-08-2024 23:18:26.056Z;errorhandler.__handle;  CSSStyleDeclaration: Unexpected token, ignoring upto '}'. [1:4925: }]
01-08-2024 23:18:26.057Z;errorhandler.__handle;  CSSStyleDeclaration: Unexpected token, ignoring upto '{        border: 0;'. [1:4937: {]
01-08-2024 23:18:26.060Z;errorhandler.__handle;  CSSStyleDeclaration: Unexpected token, ignoring upto '}'. [1:5027: }]
01-08-2024 23:18:26.067Z;errorhandler.__handle;  CSSStyleRule: No selector found: '{        table.body h1 {{          font-size: 28px !important;          margin-bottom: 10px !important;         }}        table.body p,        table.body ul,        table.body ol,        table.body td,        table.body span,        table.body a {{          font-size: 16px !important;         }}        table.body .wrapper,        table.body .article {{          padding: 10px !important;         }}        table.body .content {{          padding: 0 !important;         }}        table.body .container {{          padding: 0 !important;          width: 100% !important;         }}        table.body .main {{          border-left-width: 0 !important;          border-radius: 0 !important;          border-right-width: 0 !important;         }}        table.body .btn table {{          width: 100% !important;         }}        table.body .btn a {{          width: 100% !important;         }}        table.body .img-responsive {{          height: auto !important;          max-width: 100% !important;          width: auto !important;         }}      }'. [1:5217: {]
01-08-2024 23:18:26.068Z;errorhandler.__handle;  SelectorList: Unknown Syntax: ''
01-08-2024 23:18:26.069Z;errorhandler.__handle;  Property: No ":" after name found: table.body h1 {{          font-size: 28px !important;          margin-bottom: 10px !important;         }}        table.body p,        table.body ul,        table.body ol,        table.body td,        table.body span,        table.body a {{          font-size: 16px !important;         }}        table.body .wrapper,        table.body .article {{          padding: 10px !important;         }}        table.body .content {{          padding: 0 !important;         }}        table.body .container {{          padding: 0 !important;          width: 100% !important;         }}        table.body .main {{          border-left-width: 0 !important;          border-radius: 0 !important;          border-right-width: 0 !important;         }}        table.body .btn table {{          width: 100% !important;         }}        table.body .btn a {{          width: 100% !important;         }}        table.body .img-responsive {{          height: auto !important;          max-width: 100% !important;          width: auto !important;         }}       [1:6259:       ]
01-08-2024 23:18:26.070Z;errorhandler.__handle;  Property: No property value found: table.body h1 {{          font-size: 28px !important;          margin-bottom: 10px !important;         }}        table.body p,        table.body ul,        table.body ol,        table.body td,        table.body span,        table.body a {{          font-size: 16px !important;         }}        table.body .wrapper,        table.body .article {{          padding: 10px !important;         }}        table.body .content {{          padding: 0 !important;         }}        table.body .container {{          padding: 0 !important;          width: 100% !important;         }}        table.body .main {{          border-left-width: 0 !important;          border-radius: 0 !important;          border-right-width: 0 !important;         }}        table.body .btn table {{          width: 100% !important;         }}        table.body .btn a {{          width: 100% !important;         }}        table.body .img-responsive {{          height: auto !important;          max-width: 100% !important;          width: auto !important;         }}       [1:6259:       ]
01-08-2024 23:18:26.070Z;errorhandler.__handle;  CSSStyleDeclaration: Syntax Error in Property: table.body h1 {{          font-size: 28px !important;          margin-bottom: 10px !important;         }}        table.body p,        table.body ul,        table.body ol,        table.body td,        table.body span,        table.body a {{          font-size: 16px !important;         }}        table.body .wrapper,        table.body .article {{          padding: 10px !important;         }}        table.body .content {{          padding: 0 !important;         }}        table.body .container {{          padding: 0 !important;          width: 100% !important;         }}        table.body .main {{          border-left-width: 0 !important;          border-radius: 0 !important;          border-right-width: 0 !important;         }}        table.body .btn table {{          width: 100% !important;         }}        table.body .btn a {{          width: 100% !important;         }}        table.body .img-responsive {{          height: auto !important;          max-width: 100% !important;          width: auto !important;         }}      
01-08-2024 23:18:26.076Z;errorhandler.__handle;  CSSStyleRule: No selector found: '{        .ExternalClass {{          width: 100%;         }}        .ExternalClass,        .ExternalClass p,        .ExternalClass span,        .ExternalClass font,        .ExternalClass td,        .ExternalClass div {{          line-height: 100%;         }}        .apple-link a {{          color: inherit !important;          font-family: inherit !important;          font-size: inherit !important;          font-weight: inherit !important;          line-height: inherit !important;          text-decoration: none !important;         }}        #MessageViewBody a {{          color: inherit;          text-decoration: none;          font-size: inherit;          font-family: inherit;          font-weight: inherit;          line-height: inherit;        }}        .btn-primary table td:hover {{          background-color: #34495e !important;         }}        .btn-primary a:hover {{          background-color: #34495e !important;          border-color: #34495e !important;         }}       }'. [1:6420: {]
01-08-2024 23:18:26.077Z;errorhandler.__handle;  SelectorList: Unknown Syntax: ''
01-08-2024 23:18:26.077Z;errorhandler.__handle;  CSSStyleDeclaration: Unexpected token, ignoring upto '.ExternalClass {{          width: 100%;         }}        .ExternalClass,        .ExternalClass p,        .ExternalClass span,        .ExternalClass font,        .ExternalClass td,        .ExternalClass div {{          line-height: 100%;         }}        .apple-link a {{          color: inherit !important;          font-family: inherit !important;          font-size: inherit !important;          font-weight: inherit !important;          line-height: inherit !important;          text-decoration: none !important;         }}        #MessageViewBody a {{          color: inherit;          text-decoration: none;          font-size: inherit;          font-family: inherit;          font-weight: inherit;          line-height: inherit;        }}        .btn-primary table td:hover {{          background-color: #34495e !important;         }}        .btn-primary a:hover {{          background-color: #34495e !important;          border-color: #34495e !important;         }}       '. [1:6429: .]
01-08-2024 23:18:26.095Z;errorhandler.__handle;  Property: Unknown Property name. [1:1: -ms-interpolation-mode]
01-08-2024 23:18:26.098Z;errorhandler.__handle;  Property: Unknown Property name. [1:24: -webkit-font-smoothing]
01-08-2024 23:18:26.101Z;errorhandler.__handle;  Property: Unknown Property name. [1:109: -ms-text-size-adjust]
01-08-2024 23:18:26.102Z;errorhandler.__handle;  Property: Unknown Property name. [1:135: -webkit-text-size-adjust]
01-08-2024 23:18:26.104Z;errorhandler.__handle;  Property: Unknown Property name. [1:1: mso-table-lspace]
01-08-2024 23:18:26.105Z;errorhandler.__handle;  Property: Unknown Property name. [1:20: mso-table-rspace]
01-08-2024 23:18:26.135Z;errorhandler.__handle;  Property: Unknown Property name. [1:74: mso-hide]
01-08-2024 23:18:26.148Z;errorhandler.__handle;  Property: No ":" after name found: align-center [1:1: align-center]
01-08-2024 23:18:26.148Z;errorhandler.__handle;  Property: No property value found: align-center [1:1: align-center]
01-08-2024 23:18:26.148Z;errorhandler.__handle;  CSSStyleDeclaration: Syntax Error in Property: align-center
01-08-2024 23:18:26.150Z;errorhandler.__handle;  Property: Unknown Property name. [1:1: -ms-interpolation-mode]
01-08-2024 23:18:29.459Z;functions.emailSuccess;  Success e-mail sent.
01-08-2024 23:18:30.747Z;main.<module>;  BOT FÉRIAS/RESCISÃO FINALIZADO
01-08-2024 23:18:32.538Z;errorhandler.__handle;  Property: Unknown Property name. [1:203: -ms-interpolation-mode]
01-08-2024 23:18:32.567Z;errorhandler.__handle;  Property: Unknown Property name. [1:353: -webkit-font-smoothing]
01-08-2024 23:18:32.570Z;errorhandler.__handle;  Property: Unknown Property name. [1:483: -ms-text-size-adjust]
01-08-2024 23:18:32.571Z;errorhandler.__handle;  Property: Unknown Property name. [1:518: -webkit-text-size-adjust]
01-08-2024 23:18:32.573Z;errorhandler.__handle;  Property: Unknown Property name. [1:612: mso-table-lspace]
01-08-2024 23:18:32.574Z;errorhandler.__handle;  Property: Unknown Property name. [1:642: mso-table-rspace]
01-08-2024 23:18:32.718Z;errorhandler.__handle;  Property: Unknown Property name. [1:4734: mso-hide]
01-08-2024 23:18:32.830Z;errorhandler.__handle;  Property: Unknown Property name. [1:13: -ms-interpolation-mode]
01-08-2024 23:18:32.833Z;errorhandler.__handle;  Property: Unknown Property name. [1:49: -webkit-font-smoothing]
01-08-2024 23:18:32.836Z;errorhandler.__handle;  Property: Unknown Property name. [1:134: -ms-text-size-adjust]
01-08-2024 23:18:32.837Z;errorhandler.__handle;  Property: Unknown Property name. [1:160: -webkit-text-size-adjust]
01-08-2024 23:18:32.838Z;errorhandler.__handle;  Property: Unknown Property name. [1:26: mso-table-lspace]
01-08-2024 23:18:32.839Z;errorhandler.__handle;  Property: Unknown Property name. [1:45: mso-table-rspace]
01-08-2024 23:18:32.871Z;errorhandler.__handle;  Property: Unknown Property name. [1:92: mso-hide]
01-08-2024 23:18:32.881Z;errorhandler.__handle;  Property: Unknown Property name. [1:14: -ms-interpolation-mode]
01-08-2024 23:18:35.503Z;functions.emailFinalizado;  Finalizado e-mail sent.
01-08-2024 23:18:35.912Z;functions.encerra_prog;  RM ENCERRADO
