08-07-2024 15:11:03.638Z;functions.bot_text_art;      ____   
08-07-2024 15:11:03.638Z;functions.bot_text_art;     [____]    
08-07-2024 15:11:03.638Z;functions.bot_text_art;   |=]()()[=|  
08-07-2024 15:11:03.638Z;functions.bot_text_art;     _\==/__    _____    ____     _        _____    ___   _  __
08-07-2024 15:11:03.638Z;functions.bot_text_art;   |__|   |_|  |  _  \  / ___|   | |      |_   _| / ___| | |/ /
08-07-2024 15:11:03.638Z;functions.bot_text_art;   |_|_/\_|_|  | |  | | | |      | |        | |   | |    | ' / 
08-07-2024 15:11:03.653Z;functions.bot_text_art;   | | __ | |  | |  | | | |      | |        | |   | |    |  <  
08-07-2024 15:11:03.653Z;functions.bot_text_art;   |_|[  ]|_|  | |__| | | |____  | |____   _| |_  | |__  | . \ 
08-07-2024 15:11:03.653Z;functions.bot_text_art;   \_|_||_|_/  |_____/   \_____| |______| |_____| \ ___| |_|\_\
08-07-2024 15:11:03.653Z;functions.bot_text_art;     |_||_|                                                     
08-07-2024 15:11:03.653Z;functions.bot_text_art;     | ||_|_   
08-07-2024 15:11:03.653Z;functions.bot_text_art;   |___||___|  
08-07-2024 15:11:03.653Z;functions.bot_text_art;               
08-07-2024 15:11:03.669Z;functions.open_RM;  OPEN PROGRAM RM
08-07-2024 15:11:25.716Z;functions.loggin_RM;  ENTRAR USER_NAME
08-07-2024 15:11:29.545Z;functions.loggin_RM;  ENTRAR PASSWORD
08-07-2024 15:11:31.107Z;functions.loggin_RM;  ENTRAR RM
08-07-2024 15:14:34.832Z;functions.loggin_RM;  FILTRO NÃO ENCONTRADO
08-07-2024 15:15:09.481Z;functions.loggin_RM;  FILTRO 2 NÃO ENCONTRADO DE INICIO
08-07-2024 15:18:10.183Z;functions.loggin_RM;  FILTRO NÃO ENCONTRADO
08-07-2024 15:18:43.252Z;functions.loggin_RM;  FILTRO 2 NÃO ENCONTRADO DE INICIO
08-07-2024 15:21:44.800Z;functions.loggin_RM;  FILTRO NÃO ENCONTRADO
08-07-2024 15:22:19.120Z;functions.loggin_RM;  FILTRO 2 NÃO ENCONTRADO DE INICIO
08-07-2024 15:22:19.120Z;functions.enter_coligada;  AGUARDANDO 1
08-07-2024 15:22:20.636Z;functions.enter_coligada;  CLICK CONTEXTO
08-07-2024 15:22:23.480Z;functions.enter_coligada;  CLICK ALTERAR MODULO DO CONTEXTO
08-07-2024 15:22:27.861Z;functions.enter_coligada;  INSERE O COLIGADA CODE = 1
08-07-2024 15:22:27.966Z;functions.enter_coligada;  APERTA TAB PARA PREENCHER O CAMPO COM A STRING: OCEANICA ENGENHARIA E CONSULTORIA S.A.
08-07-2024 15:22:30.167Z;functions.enter_coligada;  CLICK AVANÇAR NOVAMENTE
08-07-2024 15:22:31.542Z;functions.enter_coligada;  CLICK CONCLUIR
08-07-2024 15:22:51.823Z;functions.waitForImage;  TROCA COLIGADA image not found.
08-07-2024 15:23:11.479Z;functions.enter_coligada;  POP UP COLIGADA DESAPARECER
08-07-2024 15:23:12.479Z;functions.check_movimentacao_bancaria;  CLICK - TOTVS - LINHA RM
08-07-2024 15:23:14.386Z;functions.check_movimentacao_bancaria;  CLICK - BACK OFFICE
08-07-2024 15:23:17.136Z;functions.check_movimentacao_bancaria;  CLICK - GESTAO FINANCEIRA
08-07-2024 15:23:17.136Z;functions.obter_intervalo_data;  VERIFICANDO A HORA ATUAL 15
08-07-2024 15:23:17.160Z;functions.obter_intervalo_data;  Data Inicial FERIAS/RESCISAO antes da remoção: None
08-07-2024 15:23:17.160Z;functions.obter_intervalo_data;  Data Final FERIAS/RESCISAO antes da remoção: None
08-07-2024 15:23:17.170Z;functions.obter_intervalo_data;  Data Inicial FERIAS/RESCISAO após a remoção: None
08-07-2024 15:23:17.170Z;functions.obter_intervalo_data;  Data Final FERIAS/RESCISAO após a remoção: None
08-07-2024 15:23:17.170Z;functions.obter_intervalo_data;  hoje -  2024-07-08 15:23:17.170504
08-07-2024 15:23:17.171Z;functions.check_movimentacao_bancaria;  DATA INICIO 10-07-2024
08-07-2024 15:23:17.171Z;functions.check_movimentacao_bancaria;  DATA FIM 16-07-2024
08-07-2024 15:23:17.171Z;functions.movimentacao_bancaria;  AGUARDANDO 1
08-07-2024 15:23:23.135Z;functions.movimentacao_bancaria;  CLICK NA ABA MOVIMENTAÇÃO BANCARIA
08-07-2024 15:23:25.355Z;functions.waitForImage;  IMAGEM BORDERO image found.
08-07-2024 15:23:27.489Z;functions.movimentacao_bancaria;  IMAGEM BORDERO CLICADA.
08-07-2024 15:23:37.523Z;functions.waitForImage;  LICENCAS EXCEDIDAS image not found.
08-07-2024 15:23:38.261Z;functions.movimentacao_bancaria;  ENCONTROU O FILTRO DA MOVIMENTAÇÃO BANCÁRIA
08-07-2024 15:23:38.354Z;functions.movimentacao_bancaria;  CLICA NA ABA SUPERIOR DO FILTRO
08-07-2024 15:23:42.565Z;functions.movimentacao_bancaria;  SELECIONA O FILTRO HOJE
08-07-2024 15:23:46.870Z;functions.waitForImage;  FILTER CLEAN image found.
08-07-2024 15:23:48.988Z;functions.filter_clean;  CLICK NO BOTÃO X DO LIMPA FILTRO
08-07-2024 15:23:49.182Z;functions.waitForImage;  FILTER CLEAN image found.
08-07-2024 15:23:51.299Z;functions.filter_clean;  CLICK NO BOTÃO X DO LIMPA FILTRO
08-07-2024 15:24:06.604Z;functions.waitForImage;  FILTER CLEAN image not found.
08-07-2024 15:24:10.354Z;functions.movimentacao_bancaria;  CLICK NA PRIMEIRA LINHA DA TABELA MOVIMENTAÇÃO BANCÁRIA
08-07-2024 15:24:11.578Z;functions.movimentacao_bancaria;  12 PASSOS PARA DIREITA NA TABELA >>
08-07-2024 15:24:13.870Z;functions.movimentacao_bancaria;  HOVER FILTER
08-07-2024 15:24:14.474Z;functions.movimentacao_bancaria;  CLICK FILTER
08-07-2024 15:24:18.799Z;functions.movimentacao_bancaria;  CLICK NO FILTRO  STATUS DA REMESSA
08-07-2024 15:24:20.902Z;functions.movimentacao_bancaria;  APERTA TAB PARA ESCREVER O FILTRO
08-07-2024 15:24:23.015Z;functions.movimentacao_bancaria;  ESCREVE PENDENTE NO FILTRO
08-07-2024 15:24:25.118Z;functions.movimentacao_bancaria;  APERTA ENTER PARA SELECIONAR OS PENDENTES
08-07-2024 15:24:30.416Z;functions.movimentacao_bancaria;  SELECIONA TODAS AS TUPLAS COM STATUS PENDENTE
08-07-2024 15:24:32.522Z;functions.movimentacao_bancaria;  CLICK EM PROCESSOS
08-07-2024 15:24:34.625Z;functions.movimentacao_bancaria;  APERTA PARA BAIXO
08-07-2024 15:24:36.727Z;functions.movimentacao_bancaria;  APERTA ENTER
08-07-2024 15:24:39.885Z;functions.movimentacao_bancaria;  CLICK EM EXECUTAR BORDERO DE PAGAMENTO
08-07-2024 15:24:39.885Z;functions.movimentacao_bancaria;  AGUARDANDO 1
08-07-2024 15:24:55.120Z;functions.waitForImage;  PRESS BUTTON OK image found.
08-07-2024 15:24:55.120Z;functions.movimentacao_bancaria;  O PROCESSAMENTO DE AUTORIZAÇÃO DO BORDERO FOI EXECUTADO COM SUCESSO.
08-07-2024 15:24:56.198Z;functions.movimentacao_bancaria;  CLICK EM FECHAR.
08-07-2024 15:25:01.401Z;functions.waitForImage;  FILTER CLEAN image found.
08-07-2024 15:25:03.520Z;functions.filter_clean;  CLICK NO BOTÃO X DO LIMPA FILTRO
08-07-2024 15:25:18.807Z;functions.waitForImage;  FILTER CLEAN image not found.
08-07-2024 15:25:34.042Z;functions.waitForImage;  FILTER CLEAN image not found.
08-07-2024 15:25:52.611Z;functions.remessa_pagamento;  12 PASSOS PARA ESQUERDA NA TABELA >>
08-07-2024 15:25:55.010Z;functions.remessa_pagamento;  HOVER FILTER
08-07-2024 15:25:55.610Z;functions.remessa_pagamento;  CLICK FILTER
08-07-2024 15:25:59.944Z;functions.remessa_pagamento;  CLICA NO FILTRO  STATUS DA REMESSA
08-07-2024 15:26:02.046Z;functions.remessa_pagamento;  APERTA TAB PARA ESCREVER O FILTRO
08-07-2024 15:26:04.165Z;functions.remessa_pagamento;  ESCREVE AUTORIZADO NO FILTRO
08-07-2024 15:26:06.268Z;functions.remessa_pagamento;  APERTA ENTER PARA SELECIONAR OS AUTORIZADOS
08-07-2024 15:26:13.446Z;functions.remessa_pagamento;  6 PASSOS PARA ESQUERDA NA TABELA <<
08-07-2024 15:26:16.947Z;functions.check_user_bot;  Texto extraido 1/1
08-07-2024 15:26:16.947Z;functions.check_user_bot;  Count 1
08-07-2024 15:26:16.947Z;functions.check_user_bot;  Type <class 'int'>
08-07-2024 15:26:19.056Z;functions.check_user_bot;  CHECK USER BOT 1
08-07-2024 15:26:21.056Z;functions.check_user_bot;  croliveira3
08-07-2024 15:26:21.056Z;functions.check_user_bot;  O USUÁRIO NÃO É INTEGRAÇÃO PARA ESSA REMESSA PARA PARA DE BAIXO
08-07-2024 15:26:21.161Z;functions.check_user_bot;  COUNT1: 0
08-07-2024 15:26:21.161Z;functions.check_user_bot;  NÃO FOI ENCONTRADO O USUÁRIO INTEGRAÇÃO E O NOME DO ARQUIVO SISPAG
08-07-2024 15:26:22.166Z;functions.enter_contas_a_pagar;  CLICK - TOTVS - LINHA RM
08-07-2024 15:26:23.760Z;functions.enter_contas_a_pagar;  CLICK - BACK OFFICE
08-07-2024 15:26:26.541Z;functions.enter_contas_a_pagar;  CLICK - GESTAO FINANCEIRA
08-07-2024 15:26:32.885Z;functions.enter_contas_a_pagar;  CLICK - CONTAS A PAGAR
08-07-2024 15:26:33.807Z;functions.waitForImage;  LANÇAMENTOS image found.
08-07-2024 15:26:35.926Z;functions.enter_contas_a_pagar;  CLICA EM LANÇAMENTOS
08-07-2024 15:26:51.135Z;functions.waitForImage;  LICENCAS EXCEDIDAS image not found.
08-07-2024 15:26:51.135Z;functions.data_filter;  CLICK - SELECIONA A DATA DE QUARTA FEIRA E DA PROXIMA TERÇA
08-07-2024 15:26:51.135Z;functions.data_filter;  QUARTA-FEIRA: 10-07-2024
08-07-2024 15:26:51.135Z;functions.data_filter;  TERCA-FEIRA: 16-07-2024
08-07-2024 15:27:04.822Z;functions.data_filter;  CLICK - BUTÃO DE SELECAO DE FILTRO
08-07-2024 15:27:09.682Z;functions.data_filter;  INSERE - DATA DE QUARTA-FEIRA: 10-07-2024
08-07-2024 15:27:14.150Z;functions.data_filter;  INSERE - DATA DA PROX TERCA-FEIRA: 16-07-2024
08-07-2024 15:27:15.322Z;functions.data_filter;  CLICK - BUTÃO DE EXECUTAR O FILTRO
08-07-2024 15:27:20.326Z;functions.desmark_filter;  AGUARDANDO 1
08-07-2024 15:27:22.793Z;functions.desmark_filter;  CLICK CHECKBOX LANÇAMENTOS A RECEBER
08-07-2024 15:27:25.541Z;functions.desmark_filter;  CLICK CHECKBOX LANÇAMENTOS BAIXADOS
08-07-2024 15:27:28.354Z;functions.desmark_filter;  CLICK CHECKBOX LANÇAMENTOS CANCELADOS
08-07-2024 15:27:31.497Z;functions.desmark_filter;  CLICK CHECKBOX LANÇAMENTOS FATURADOS
08-07-2024 15:27:34.815Z;functions.desmark_filter;  ATUALIZA O FILTRO
08-07-2024 15:27:35.026Z;functions.waitForImage;  FILTER CLEAN image found.
08-07-2024 15:27:37.141Z;functions.filter_clean;  CLICK NO BOTÃO X DO LIMPA FILTRO
08-07-2024 15:27:52.432Z;functions.waitForImage;  FILTER CLEAN image not found.
08-07-2024 15:28:07.756Z;functions.waitForImage;  FILTER CLEAN image not found.
08-07-2024 15:28:11.369Z;functions.tabela_vazia;  Texto extraido 1/3
08-07-2024 15:28:11.369Z;functions.tabela_vazia;  Count 3
08-07-2024 15:28:11.369Z;functions.tabela_vazia;  Type <class 'int'>
08-07-2024 15:28:11.369Z;functions.tabela_vazia;  TABELA CONTÉM REGISTROS
08-07-2024 15:28:12.885Z;functions.desbloqueio;  SELECIONA TODAS AS TUPLAS
08-07-2024 15:28:17.992Z;functions.desbloqueio;  CONTROL P PARA SELECIONAR PROCESSO
08-07-2024 15:28:23.211Z;functions.desbloqueio;  7 SETAS PARA BAIXO - MANUTENÇÃO DE LANÇAMENTO
08-07-2024 15:28:25.314Z;functions.desbloqueio;  SETA PARA DIREITA
08-07-2024 15:28:32.134Z;functions.desbloqueio;  8 SETAS PARA BAIXO
08-07-2024 15:28:34.237Z;functions.desbloqueio;  ENTER PARA SELECIONAR DESBLOQUEIO ALTERAÇÃO
08-07-2024 15:29:36.648Z;functions.exec_lancamentos;  CONTROL G
08-07-2024 15:29:40.604Z;functions.exec_lancamentos;  CLICK PARA APARECER CONTA/CAIXA
08-07-2024 15:29:41.978Z;functions.exec_lancamentos;  SELECIONA CONTA/CAIXA
08-07-2024 15:29:43.509Z;functions.exec_lancamentos;  CLICK NO BOTÃO [...]
08-07-2024 15:29:46.537Z;functions.exec_lancamentos;  CLICK NO CAMPO PESQUISA E DIGITA: %3212
08-07-2024 15:29:47.869Z;functions.exec_lancamentos;  CLICK NO BOTÃO DO FILTRO
08-07-2024 15:29:49.322Z;functions.exec_lancamentos;  CLICK NO BOTÃO OK
08-07-2024 15:29:50.634Z;functions.exec_lancamentos;  CLICK NO BOTÃO EXECUTAR
08-07-2024 15:29:50.634Z;functions.process_lancamentos;  AGUARDANDO 1
08-07-2024 15:30:03.807Z;functions.waitForImage;  PRESS BUTTON OK image found.
08-07-2024 15:30:03.807Z;functions.process_lancamentos;  O PROCESSAMENTO DE LANÇAMENTO FOI EXECUTADO COM SUCESSO.
08-07-2024 15:30:09.691Z;functions.process_lancamentos;  Lançamento Ref. 976893: Convênio alterado para o convênio default '7' da conta Caixa '02675-5' .
Lançamento Ref. 976969: Convênio alterado para o convênio default '7' da conta Caixa '02675-5' .
Lançamento Ref. 977042: Convênio alterado para o convênio default '7' da conta Caixa '02675-5' .
Alteração Global de Lançamentos executada com sucesso

08-07-2024 15:30:21.956Z;functions.proccess_bordero;  SELECIONAR INCLUSÃO DE BORDERO
08-07-2024 15:30:42.197Z;functions.waitForImage;  PRESS BUTON SIM image not found.
08-07-2024 15:30:44.041Z;functions.proccess_bordero;  CLICK EM CONVÊNIO TRÊS PONTINHOS
08-07-2024 15:30:46.259Z;functions.proccess_bordero;  CLICK EM COMBOBOX PARA SELECIONAR O ID DO CONVÊNIO
08-07-2024 15:30:48.166Z;functions.proccess_bordero;  CLICK EM ID DO CONVÊNIO
08-07-2024 15:30:50.272Z;functions.proccess_bordero;  APERTA TAB PARA ESCREVER O ID
08-07-2024 15:30:52.375Z;functions.proccess_bordero;  ESCREVE O ID 9 - FERIAS/RESCISÃO
08-07-2024 15:30:54.477Z;functions.proccess_bordero;  APERTA ENTER PARA SELECIONAR O ID 9 - FERIAS/RESCISÃO
08-07-2024 15:30:56.580Z;functions.proccess_bordero;  APERTA ENTER PARA ESCOLHER O ID 9 - FERIAS/RESCISÃO
08-07-2024 15:30:59.759Z;functions.proccess_bordero;  CLICK EM EXECUTAR NA INCLUSÃO DO BORDÊRO
08-07-2024 15:31:19.962Z;functions.waitForImage;  PRESS BUTTON OK image found.
08-07-2024 15:31:21.965Z;functions.proccess_bordero;  O PROCESSAMENTO DO BORDERO FOI EXECUTADO COM SUCESSO.
08-07-2024 15:31:25.041Z;functions.proccess_bordero;  CLICK EM FECHAR.
08-07-2024 15:31:27.045Z;functions.movimentacao_bancaria;  AGUARDANDO 1
08-07-2024 15:31:28.384Z;functions.movimentacao_bancaria;  CLICK NA ABA MOVIMENTAÇÃO BANCARIA
08-07-2024 15:31:30.603Z;functions.waitForImage;  IMAGEM BORDERO image found.
08-07-2024 15:31:32.719Z;functions.movimentacao_bancaria;  IMAGEM BORDERO CLICADA.
08-07-2024 15:31:42.978Z;functions.waitForImage;  LICENCAS EXCEDIDAS image not found.
08-07-2024 15:31:43.712Z;functions.movimentacao_bancaria;  ENCONTROU O FILTRO DA MOVIMENTAÇÃO BANCÁRIA
08-07-2024 15:31:43.790Z;functions.movimentacao_bancaria;  CLICA NA ABA SUPERIOR DO FILTRO
08-07-2024 15:31:48.003Z;functions.movimentacao_bancaria;  SELECIONA O FILTRO HOJE
08-07-2024 15:31:49.619Z;functions.waitForImage;  FILTER CLEAN image found.
08-07-2024 15:31:51.736Z;functions.filter_clean;  CLICK NO BOTÃO X DO LIMPA FILTRO
08-07-2024 15:32:07.040Z;functions.waitForImage;  FILTER CLEAN image not found.
08-07-2024 15:32:22.353Z;functions.waitForImage;  FILTER CLEAN image not found.
08-07-2024 15:32:26.040Z;functions.movimentacao_bancaria;  CLICK NA PRIMEIRA LINHA DA TABELA MOVIMENTAÇÃO BANCÁRIA
08-07-2024 15:32:27.270Z;functions.movimentacao_bancaria;  12 PASSOS PARA DIREITA NA TABELA >>
08-07-2024 15:32:29.603Z;functions.movimentacao_bancaria;  HOVER FILTER
08-07-2024 15:32:30.204Z;functions.movimentacao_bancaria;  CLICK FILTER
08-07-2024 15:32:34.543Z;functions.movimentacao_bancaria;  CLICK NO FILTRO  STATUS DA REMESSA
08-07-2024 15:32:36.645Z;functions.movimentacao_bancaria;  APERTA TAB PARA ESCREVER O FILTRO
08-07-2024 15:32:38.764Z;functions.movimentacao_bancaria;  ESCREVE PENDENTE NO FILTRO
08-07-2024 15:32:40.867Z;functions.movimentacao_bancaria;  APERTA ENTER PARA SELECIONAR OS PENDENTES
08-07-2024 15:32:46.099Z;functions.movimentacao_bancaria;  SELECIONA TODAS AS TUPLAS COM STATUS PENDENTE
08-07-2024 15:32:48.206Z;functions.movimentacao_bancaria;  CLICK EM PROCESSOS
08-07-2024 15:32:50.310Z;functions.movimentacao_bancaria;  APERTA PARA BAIXO
08-07-2024 15:32:52.413Z;functions.movimentacao_bancaria;  APERTA ENTER
08-07-2024 15:32:55.603Z;functions.movimentacao_bancaria;  CLICK EM EXECUTAR BORDERO DE PAGAMENTO
08-07-2024 15:32:55.603Z;functions.movimentacao_bancaria;  AGUARDANDO 1
08-07-2024 15:33:08.087Z;functions.waitForImage;  PRESS BUTTON OK image found.
08-07-2024 15:33:08.087Z;functions.movimentacao_bancaria;  O PROCESSAMENTO DE AUTORIZAÇÃO DO BORDERO FOI EXECUTADO COM SUCESSO.
08-07-2024 15:33:09.134Z;functions.movimentacao_bancaria;  CLICK EM FECHAR.
08-07-2024 15:33:14.337Z;functions.waitForImage;  FILTER CLEAN image found.
08-07-2024 15:33:16.456Z;functions.filter_clean;  CLICK NO BOTÃO X DO LIMPA FILTRO
08-07-2024 15:33:31.759Z;functions.waitForImage;  FILTER CLEAN image not found.
08-07-2024 15:33:47.056Z;functions.waitForImage;  FILTER CLEAN image not found.
08-07-2024 15:34:05.550Z;functions.remessa_pagamento;  12 PASSOS PARA ESQUERDA NA TABELA >>
08-07-2024 15:34:07.792Z;functions.remessa_pagamento;  HOVER FILTER
08-07-2024 15:34:08.515Z;functions.remessa_pagamento;  CLICK FILTER
08-07-2024 15:34:12.849Z;functions.remessa_pagamento;  CLICA NO FILTRO  STATUS DA REMESSA
08-07-2024 15:34:14.952Z;functions.remessa_pagamento;  APERTA TAB PARA ESCREVER O FILTRO
08-07-2024 15:34:17.070Z;functions.remessa_pagamento;  ESCREVE AUTORIZADO NO FILTRO
08-07-2024 15:34:19.173Z;functions.remessa_pagamento;  APERTA ENTER PARA SELECIONAR OS AUTORIZADOS
08-07-2024 15:34:26.167Z;functions.remessa_pagamento;  6 PASSOS PARA ESQUERDA NA TABELA <<
08-07-2024 15:34:29.368Z;functions.check_user_bot;  Texto extraido 1/2
08-07-2024 15:34:29.368Z;functions.check_user_bot;  Count 2
08-07-2024 15:34:29.368Z;functions.check_user_bot;  Type <class 'int'>
08-07-2024 15:34:31.476Z;functions.check_user_bot;  CHECK USER BOT 1
08-07-2024 15:34:33.477Z;functions.check_user_bot;  croliveira3
08-07-2024 15:34:33.477Z;functions.check_user_bot;  O USUÁRIO NÃO É INTEGRAÇÃO PARA ESSA REMESSA PARA PARA DE BAIXO
08-07-2024 15:34:33.581Z;functions.check_user_bot;  COUNT1: 0
08-07-2024 15:34:35.685Z;functions.check_user_bot;  CHECK USER BOT 1
08-07-2024 15:34:37.687Z;functions.check_user_bot;  dclick
08-07-2024 15:34:40.402Z;functions.check_user_bot;  7 PASSOS PARA DIREITA NA TABELA >>
08-07-2024 15:34:44.509Z;functions.check_user_bot;  341 / 3212 / 02675 - FERIAS/RESCISAO
08-07-2024 15:34:44.509Z;functions.check_user_bot;  NOME FERIAS/RECISAO ENCONTRADO
08-07-2024 15:34:46.718Z;functions.check_user_bot;  CLICK EM PROCESSOS
08-07-2024 15:34:48.820Z;functions.check_user_bot;  APERTA PARA BAIXO 0
08-07-2024 15:34:50.922Z;functions.check_user_bot;  APERTA PARA BAIXO 1
08-07-2024 15:34:53.026Z;functions.check_user_bot;  APERTA PARA BAIXO 2
08-07-2024 15:34:55.129Z;functions.check_user_bot;  APERTA ENTER
08-07-2024 15:34:58.321Z;functions.check_user_bot;  CLICK EM REMESSAS DE PAGAMENTO
08-07-2024 15:34:59.426Z;functions.check_user_bot;  APERTA TAB 0
08-07-2024 15:35:00.528Z;functions.check_user_bot;  APERTA TAB 1
08-07-2024 15:35:01.631Z;functions.check_user_bot;  APERTA TAB 2
08-07-2024 15:35:12.196Z;functions.check_user_bot;  CLICK EM AVANÇAR
08-07-2024 15:35:12.196Z;functions.check_user_bot;  CLICK - SELECIONA A DATA DE QUARTA FEIRA E DA PROXIMA TERÇA
08-07-2024 15:35:12.196Z;functions.check_user_bot;  QUARTA-FEIRA: 10-07-2024
08-07-2024 15:35:12.196Z;functions.check_user_bot;  TERCA-FEIRA: 16-07-2024
08-07-2024 15:35:17.196Z;functions.check_user_bot;  DESMARCA CHECKBOX PARA SALVAR ARQUIVO DE REMESSA
08-07-2024 15:35:18.290Z;functions.check_user_bot;  CLICK NOS ... PARA SELECIONAR O DIRETÓRIO E NOME DO ARQUIVO.
08-07-2024 15:35:22.165Z;functions.check_user_bot;  DUPLO CLICK NO DIRETORIO
08-07-2024 15:35:24.571Z;functions.check_user_bot;  APERTA TAB 0
08-07-2024 15:35:25.174Z;functions.check_user_bot;  APERTA TAB 1
08-07-2024 15:35:25.777Z;functions.check_user_bot;  APERTA TAB 2
08-07-2024 15:35:26.380Z;functions.check_user_bot;  APERTA TAB 3
08-07-2024 15:35:26.982Z;functions.check_user_bot;  APERTA TAB 4
08-07-2024 15:35:27.584Z;functions.check_user_bot;  APERTA TAB 5
08-07-2024 15:35:27.585Z;functions.check_user_bot;  A ULTIMA LETRA USADA: D
08-07-2024 15:35:27.587Z;functions.check_user_bot;  A LETRA SERA: E
08-07-2024 15:35:27.741Z;functions.check_user_bot;  F101624E.txt
08-07-2024 15:35:28.759Z;functions.check_user_bot;  CLICK NO BUTÃO SALVAR
08-07-2024 15:35:30.383Z;functions.check_user_bot;  CLICK EM AVANCAR PARA CONCLUIR
08-07-2024 15:35:31.821Z;functions.check_user_bot;  CLICK EM EXECUTAR
08-07-2024 15:35:51.243Z;functions.waitForImage;  PRESS BUTTON OK image found.
08-07-2024 15:35:53.250Z;functions.check_user_bot;  O PROCESSAMENTO DE AUTORIZAÇÃO DO BORDERO FOI EXECUTADO COM SUCESSO.
08-07-2024 15:36:03.002Z;functions.check_user_bot;  ===========================================================================================================
LANÇAMENTOS ENVIADOS PARA REMESSA PAGAMENTO
Coligada: 1
ID Remessa: 10
Convênio: 9
Data: 08/07/2024 15:35:46
Borderô remetidos: 1
===========================================================================================================
Borderô: 1-9895

Lançamentos remetidos no Borderô:
Lancamento 1-976893
Lancamento 1-976969
Lancamento 1-977042
----------------------------------------------------------------------------------------------------------


08-07-2024 15:36:05.524Z;errorhandler.__handle;  CSSStyleDeclaration: Unexpected token, ignoring upto '{        border: none;'. [1:174: {]
08-07-2024 15:36:05.524Z;errorhandler.__handle;  Property: Unknown Property name. [1:204: -ms-interpolation-mode]
08-07-2024 15:36:05.524Z;errorhandler.__handle;  CSSStyleDeclaration: Unexpected token, ignoring upto '}'. [1:267: }]
08-07-2024 15:36:05.524Z;errorhandler.__handle;  CSSStyleDeclaration: Unexpected token, ignoring upto '{        background-color: #f6f6f6;'. [1:281: {]
08-07-2024 15:36:05.540Z;errorhandler.__handle;  Property: Unknown Property name. [1:356: -webkit-font-smoothing]
08-07-2024 15:36:05.556Z;errorhandler.__handle;  Property: Unknown Property name. [1:486: -ms-text-size-adjust]
08-07-2024 15:36:05.556Z;errorhandler.__handle;  Property: Unknown Property name. [1:521: -webkit-text-size-adjust]
08-07-2024 15:36:05.556Z;errorhandler.__handle;  CSSStyleDeclaration: Unexpected token, ignoring upto '}'. [1:559: }]
08-07-2024 15:36:05.556Z;errorhandler.__handle;  CSSStyleDeclaration: Unexpected token, ignoring upto '{        border-collapse: separate;'. [1:574: {]
08-07-2024 15:36:05.556Z;errorhandler.__handle;  Property: Unknown Property name. [1:617: mso-table-lspace]
08-07-2024 15:36:05.556Z;errorhandler.__handle;  Property: Unknown Property name. [1:647: mso-table-rspace]
08-07-2024 15:36:05.556Z;errorhandler.__handle;  CSSStyleDeclaration: Unexpected token, ignoring upto '}'. [1:690: }]
08-07-2024 15:36:05.556Z;errorhandler.__handle;  CSSStyleDeclaration: Unexpected token, ignoring upto '{          font-family: sans-serif;'. [1:710: {]
08-07-2024 15:36:05.571Z;errorhandler.__handle;  CSSStyleDeclaration: Unexpected token, ignoring upto '}'. [1:808: }]
08-07-2024 15:36:05.571Z;errorhandler.__handle;  CSSStyleDeclaration: Unexpected token, ignoring upto '{        background-color: #f6f6f6;'. [1:941: {]
08-07-2024 15:36:05.571Z;errorhandler.__handle;  CSSStyleDeclaration: Unexpected token, ignoring upto '}'. [1:1003: }]
08-07-2024 15:36:05.571Z;errorhandler.__handle;  CSSStyleDeclaration: Unexpected token, ignoring upto '{        display: block;'. [1:1178: {]
08-07-2024 15:36:05.571Z;errorhandler.__handle;  CSSStyleDeclaration: Unexpected token, ignoring upto '}'. [1:1342: }]
08-07-2024 15:36:05.571Z;errorhandler.__handle;  CSSStyleDeclaration: Unexpected token, ignoring upto '{        box-sizing: border-box;'. [1:1452: {]
08-07-2024 15:36:05.571Z;errorhandler.__handle;  CSSStyleDeclaration: Unexpected token, ignoring upto '}'. [1:1584: }]
08-07-2024 15:36:05.587Z;errorhandler.__handle;  CSSStyleDeclaration: Unexpected token, ignoring upto '{        background: #ffffff;'. [1:1721: {]
08-07-2024 15:36:05.587Z;errorhandler.__handle;  CSSStyleDeclaration: Unexpected token, ignoring upto '}'. [1:1804: }]
08-07-2024 15:36:05.587Z;errorhandler.__handle;  CSSStyleDeclaration: Unexpected token, ignoring upto '{        box-sizing: border-box;'. [1:1822: {]
08-07-2024 15:36:05.587Z;errorhandler.__handle;  CSSStyleDeclaration: Unexpected token, ignoring upto '}'. [1:1883: }]
08-07-2024 15:36:05.587Z;errorhandler.__handle;  CSSStyleDeclaration: Unexpected token, ignoring upto '{        padding-bottom: 10px;'. [1:1907: {]
08-07-2024 15:36:05.587Z;errorhandler.__handle;  CSSStyleDeclaration: Unexpected token, ignoring upto '}'. [1:1969: }]
08-07-2024 15:36:05.587Z;errorhandler.__handle;  CSSStyleDeclaration: Unexpected token, ignoring upto '{        clear: both;'. [1:1986: {]
08-07-2024 15:36:05.587Z;errorhandler.__handle;  CSSStyleDeclaration: Unexpected token, ignoring upto '}'. [1:2086: }]
08-07-2024 15:36:05.603Z;errorhandler.__handle;  CSSStyleDeclaration: Unexpected token, ignoring upto '{          color: #999999;'. [1:2165: {]
08-07-2024 15:36:05.603Z;errorhandler.__handle;  CSSStyleDeclaration: Unexpected token, ignoring upto '}'. [1:2253: }]
08-07-2024 15:36:05.603Z;errorhandler.__handle;  CSSStyleDeclaration: Unexpected token, ignoring upto '{        color: #000000;'. [1:2404: {]
08-07-2024 15:36:05.603Z;errorhandler.__handle;  CSSStyleDeclaration: Unexpected token, ignoring upto '}'. [1:2563: }]
08-07-2024 15:36:05.603Z;errorhandler.__handle;  CSSStyleDeclaration: Unexpected token, ignoring upto '{        font-size: 35px;'. [1:2575: {]
08-07-2024 15:36:05.603Z;errorhandler.__handle;  CSSStyleDeclaration: Unexpected token, ignoring upto '}'. [1:2694: }]
08-07-2024 15:36:05.603Z;errorhandler.__handle;  CSSStyleDeclaration: Unexpected token, ignoring upto '{        font-family: sans-serif;'. [1:2723: {]
08-07-2024 15:36:05.618Z;errorhandler.__handle;  CSSStyleDeclaration: Unexpected token, ignoring upto '}'. [1:2861: }]
08-07-2024 15:36:05.618Z;errorhandler.__handle;  CSSStyleDeclaration: Unexpected token, ignoring upto '{          list-style-position: inside;'. [1:2905: {]
08-07-2024 15:36:05.618Z;errorhandler.__handle;  CSSStyleDeclaration: Unexpected token, ignoring upto '}'. [1:2978: }]
08-07-2024 15:36:05.618Z;errorhandler.__handle;  CSSStyleDeclaration: Unexpected token, ignoring upto '{        color: #3498db;'. [1:2989: {]
08-07-2024 15:36:05.618Z;errorhandler.__handle;  CSSStyleDeclaration: Unexpected token, ignoring upto '}'. [1:3055: }]
08-07-2024 15:36:05.618Z;errorhandler.__handle;  CSSStyleDeclaration: Unexpected token, ignoring upto '{        box-sizing: border-box;'. [1:3178: {]
08-07-2024 15:36:05.618Z;errorhandler.__handle;  CSSStyleDeclaration: Unexpected token, ignoring upto '}'. [1:3231: }]
08-07-2024 15:36:05.618Z;errorhandler.__handle;  CSSStyleDeclaration: Unexpected token, ignoring upto '{          padding-bottom: 15px;'. [1:3265: {]
08-07-2024 15:36:05.618Z;errorhandler.__handle;  CSSStyleDeclaration: Unexpected token, ignoring upto '}'. [1:3298: }]
08-07-2024 15:36:05.618Z;errorhandler.__handle;  CSSStyleDeclaration: Unexpected token, ignoring upto '{          width: auto;'. [1:3320: {]
08-07-2024 15:36:05.618Z;errorhandler.__handle;  CSSStyleDeclaration: Unexpected token, ignoring upto '}'. [1:3350: }]
08-07-2024 15:36:05.618Z;errorhandler.__handle;  CSSStyleDeclaration: Unexpected token, ignoring upto '{          background-color: #ffffff;'. [1:3375: {]
08-07-2024 15:36:05.618Z;errorhandler.__handle;  CSSStyleDeclaration: Unexpected token, ignoring upto '}'. [1:3477: }]
08-07-2024 15:36:05.634Z;errorhandler.__handle;  CSSStyleDeclaration: Unexpected token, ignoring upto '{          background-color: #ffffff;'. [1:3495: {]
08-07-2024 15:36:05.821Z;errorhandler.__handle;  CSSStyleDeclaration: Unexpected token, ignoring upto '}'. [1:3892: }]
08-07-2024 15:36:05.837Z;errorhandler.__handle;  CSSStyleDeclaration: Unexpected token, ignoring upto '{        background-color: #3498db;'. [1:3923: {]
08-07-2024 15:36:05.837Z;errorhandler.__handle;  CSSStyleDeclaration: Unexpected token, ignoring upto '}'. [1:3965: }]
08-07-2024 15:36:05.837Z;errorhandler.__handle;  CSSStyleDeclaration: Unexpected token, ignoring upto '{        background-color: #3498db;'. [1:3989: {]
08-07-2024 15:36:05.884Z;errorhandler.__handle;  CSSStyleDeclaration: Unexpected token, ignoring upto '}'. [1:4084: }]
08-07-2024 15:36:05.884Z;errorhandler.__handle;  CSSStyleDeclaration: Unexpected token, ignoring upto '{        margin-bottom: 0;'. [1:4234: {]
08-07-2024 15:36:05.884Z;errorhandler.__handle;  CSSStyleDeclaration: Unexpected token, ignoring upto '}'. [1:4267: }]
08-07-2024 15:36:05.884Z;errorhandler.__handle;  CSSStyleDeclaration: Unexpected token, ignoring upto '{        margin-top: 0;'. [1:4283: {]
08-07-2024 15:36:05.884Z;errorhandler.__handle;  CSSStyleDeclaration: Unexpected token, ignoring upto '}'. [1:4313: }]
08-07-2024 15:36:05.884Z;errorhandler.__handle;  CSSStyleDeclaration: Unexpected token, ignoring upto '{        text-align: center;'. [1:4336: {]
08-07-2024 15:36:05.884Z;errorhandler.__handle;  CSSStyleDeclaration: Unexpected token, ignoring upto '}'. [1:4371: }]
08-07-2024 15:36:05.884Z;errorhandler.__handle;  CSSStyleDeclaration: Unexpected token, ignoring upto '{        text-align: right;'. [1:4393: {]
08-07-2024 15:36:05.884Z;errorhandler.__handle;  CSSStyleDeclaration: Unexpected token, ignoring upto '}'. [1:4427: }]
08-07-2024 15:36:05.884Z;errorhandler.__handle;  CSSStyleDeclaration: Unexpected token, ignoring upto '{        text-align: left;'. [1:4448: {]
08-07-2024 15:36:05.884Z;errorhandler.__handle;  CSSStyleDeclaration: Unexpected token, ignoring upto '}'. [1:4481: }]
08-07-2024 15:36:05.884Z;errorhandler.__handle;  CSSStyleDeclaration: Unexpected token, ignoring upto '{        clear: both;'. [1:4497: {]
08-07-2024 15:36:05.884Z;errorhandler.__handle;  CSSStyleDeclaration: Unexpected token, ignoring upto '}'. [1:4525: }]
08-07-2024 15:36:05.884Z;errorhandler.__handle;  CSSStyleDeclaration: Unexpected token, ignoring upto '{        margin-top: 0;'. [1:4539: {]
08-07-2024 15:36:05.899Z;errorhandler.__handle;  CSSStyleDeclaration: Unexpected token, ignoring upto '}'. [1:4569: }]
08-07-2024 15:36:05.899Z;errorhandler.__handle;  CSSStyleDeclaration: Unexpected token, ignoring upto '{        margin-bottom: 0;'. [1:4583: {]
08-07-2024 15:36:05.899Z;errorhandler.__handle;  CSSStyleDeclaration: Unexpected token, ignoring upto '}'. [1:4616: }]
08-07-2024 15:36:05.899Z;errorhandler.__handle;  CSSStyleDeclaration: Unexpected token, ignoring upto '{        color: transparent;'. [1:4636: {]
08-07-2024 15:36:05.899Z;errorhandler.__handle;  Property: Unknown Property name. [1:4799: mso-hide]
08-07-2024 15:36:05.899Z;errorhandler.__handle;  CSSStyleDeclaration: Unexpected token, ignoring upto '}'. [1:4864: }]
08-07-2024 15:36:05.899Z;errorhandler.__handle;  CSSStyleDeclaration: Unexpected token, ignoring upto '{        text-decoration: none;'. [1:4887: {]
08-07-2024 15:36:05.899Z;errorhandler.__handle;  CSSStyleDeclaration: Unexpected token, ignoring upto '}'. [1:4925: }]
08-07-2024 15:36:05.899Z;errorhandler.__handle;  CSSStyleDeclaration: Unexpected token, ignoring upto '{        border: 0;'. [1:4937: {]
08-07-2024 15:36:05.899Z;errorhandler.__handle;  CSSStyleDeclaration: Unexpected token, ignoring upto '}'. [1:5027: }]
08-07-2024 15:36:05.915Z;errorhandler.__handle;  CSSStyleRule: No selector found: '{        table.body h1 {{          font-size: 28px !important;          margin-bottom: 10px !important;         }}        table.body p,        table.body ul,        table.body ol,        table.body td,        table.body span,        table.body a {{          font-size: 16px !important;         }}        table.body .wrapper,        table.body .article {{          padding: 10px !important;         }}        table.body .content {{          padding: 0 !important;         }}        table.body .container {{          padding: 0 !important;          width: 100% !important;         }}        table.body .main {{          border-left-width: 0 !important;          border-radius: 0 !important;          border-right-width: 0 !important;         }}        table.body .btn table {{          width: 100% !important;         }}        table.body .btn a {{          width: 100% !important;         }}        table.body .img-responsive {{          height: auto !important;          max-width: 100% !important;          width: auto !important;         }}      }'. [1:5217: {]
08-07-2024 15:36:05.915Z;errorhandler.__handle;  SelectorList: Unknown Syntax: ''
08-07-2024 15:36:05.915Z;errorhandler.__handle;  Property: No ":" after name found: table.body h1 {{          font-size: 28px !important;          margin-bottom: 10px !important;         }}        table.body p,        table.body ul,        table.body ol,        table.body td,        table.body span,        table.body a {{          font-size: 16px !important;         }}        table.body .wrapper,        table.body .article {{          padding: 10px !important;         }}        table.body .content {{          padding: 0 !important;         }}        table.body .container {{          padding: 0 !important;          width: 100% !important;         }}        table.body .main {{          border-left-width: 0 !important;          border-radius: 0 !important;          border-right-width: 0 !important;         }}        table.body .btn table {{          width: 100% !important;         }}        table.body .btn a {{          width: 100% !important;         }}        table.body .img-responsive {{          height: auto !important;          max-width: 100% !important;          width: auto !important;         }}       [1:6259:       ]
08-07-2024 15:36:05.915Z;errorhandler.__handle;  Property: No property value found: table.body h1 {{          font-size: 28px !important;          margin-bottom: 10px !important;         }}        table.body p,        table.body ul,        table.body ol,        table.body td,        table.body span,        table.body a {{          font-size: 16px !important;         }}        table.body .wrapper,        table.body .article {{          padding: 10px !important;         }}        table.body .content {{          padding: 0 !important;         }}        table.body .container {{          padding: 0 !important;          width: 100% !important;         }}        table.body .main {{          border-left-width: 0 !important;          border-radius: 0 !important;          border-right-width: 0 !important;         }}        table.body .btn table {{          width: 100% !important;         }}        table.body .btn a {{          width: 100% !important;         }}        table.body .img-responsive {{          height: auto !important;          max-width: 100% !important;          width: auto !important;         }}       [1:6259:       ]
08-07-2024 15:36:05.915Z;errorhandler.__handle;  CSSStyleDeclaration: Syntax Error in Property: table.body h1 {{          font-size: 28px !important;          margin-bottom: 10px !important;         }}        table.body p,        table.body ul,        table.body ol,        table.body td,        table.body span,        table.body a {{          font-size: 16px !important;         }}        table.body .wrapper,        table.body .article {{          padding: 10px !important;         }}        table.body .content {{          padding: 0 !important;         }}        table.body .container {{          padding: 0 !important;          width: 100% !important;         }}        table.body .main {{          border-left-width: 0 !important;          border-radius: 0 !important;          border-right-width: 0 !important;         }}        table.body .btn table {{          width: 100% !important;         }}        table.body .btn a {{          width: 100% !important;         }}        table.body .img-responsive {{          height: auto !important;          max-width: 100% !important;          width: auto !important;         }}      
08-07-2024 15:36:05.931Z;errorhandler.__handle;  CSSStyleRule: No selector found: '{        .ExternalClass {{          width: 100%;         }}        .ExternalClass,        .ExternalClass p,        .ExternalClass span,        .ExternalClass font,        .ExternalClass td,        .ExternalClass div {{          line-height: 100%;         }}        .apple-link a {{          color: inherit !important;          font-family: inherit !important;          font-size: inherit !important;          font-weight: inherit !important;          line-height: inherit !important;          text-decoration: none !important;         }}        #MessageViewBody a {{          color: inherit;          text-decoration: none;          font-size: inherit;          font-family: inherit;          font-weight: inherit;          line-height: inherit;        }}        .btn-primary table td:hover {{          background-color: #34495e !important;         }}        .btn-primary a:hover {{          background-color: #34495e !important;          border-color: #34495e !important;         }}       }'. [1:6420: {]
08-07-2024 15:36:05.931Z;errorhandler.__handle;  SelectorList: Unknown Syntax: ''
08-07-2024 15:36:05.931Z;errorhandler.__handle;  CSSStyleDeclaration: Unexpected token, ignoring upto '.ExternalClass {{          width: 100%;         }}        .ExternalClass,        .ExternalClass p,        .ExternalClass span,        .ExternalClass font,        .ExternalClass td,        .ExternalClass div {{          line-height: 100%;         }}        .apple-link a {{          color: inherit !important;          font-family: inherit !important;          font-size: inherit !important;          font-weight: inherit !important;          line-height: inherit !important;          text-decoration: none !important;         }}        #MessageViewBody a {{          color: inherit;          text-decoration: none;          font-size: inherit;          font-family: inherit;          font-weight: inherit;          line-height: inherit;        }}        .btn-primary table td:hover {{          background-color: #34495e !important;         }}        .btn-primary a:hover {{          background-color: #34495e !important;          border-color: #34495e !important;         }}       '. [1:6429: .]
08-07-2024 15:36:05.946Z;errorhandler.__handle;  Property: Unknown Property name. [1:1: -ms-interpolation-mode]
08-07-2024 15:36:05.946Z;errorhandler.__handle;  Property: Unknown Property name. [1:24: -webkit-font-smoothing]
08-07-2024 15:36:05.946Z;errorhandler.__handle;  Property: Unknown Property name. [1:109: -ms-text-size-adjust]
08-07-2024 15:36:05.946Z;errorhandler.__handle;  Property: Unknown Property name. [1:135: -webkit-text-size-adjust]
08-07-2024 15:36:05.946Z;errorhandler.__handle;  Property: Unknown Property name. [1:1: mso-table-lspace]
08-07-2024 15:36:05.946Z;errorhandler.__handle;  Property: Unknown Property name. [1:20: mso-table-rspace]
08-07-2024 15:36:05.978Z;errorhandler.__handle;  Property: Unknown Property name. [1:74: mso-hide]
08-07-2024 15:36:05.993Z;errorhandler.__handle;  Property: No ":" after name found: align-center [1:1: align-center]
08-07-2024 15:36:05.993Z;errorhandler.__handle;  Property: No property value found: align-center [1:1: align-center]
08-07-2024 15:36:05.993Z;errorhandler.__handle;  CSSStyleDeclaration: Syntax Error in Property: align-center
08-07-2024 15:36:05.993Z;errorhandler.__handle;  Property: Unknown Property name. [1:1: -ms-interpolation-mode]
08-07-2024 15:36:08.790Z;functions.emailSuccess;  Success e-mail sent.
08-07-2024 15:36:09.852Z;main.<module>;  BOT FÉRIAS/RESCISÃO FINALIZADO
08-07-2024 15:36:11.149Z;errorhandler.__handle;  Property: Unknown Property name. [1:203: -ms-interpolation-mode]
08-07-2024 15:36:11.181Z;errorhandler.__handle;  Property: Unknown Property name. [1:353: -webkit-font-smoothing]
08-07-2024 15:36:11.181Z;errorhandler.__handle;  Property: Unknown Property name. [1:483: -ms-text-size-adjust]
08-07-2024 15:36:11.181Z;errorhandler.__handle;  Property: Unknown Property name. [1:518: -webkit-text-size-adjust]
08-07-2024 15:36:11.181Z;errorhandler.__handle;  Property: Unknown Property name. [1:612: mso-table-lspace]
08-07-2024 15:36:11.181Z;errorhandler.__handle;  Property: Unknown Property name. [1:642: mso-table-rspace]
08-07-2024 15:36:11.321Z;errorhandler.__handle;  Property: Unknown Property name. [1:4734: mso-hide]
08-07-2024 15:36:11.431Z;errorhandler.__handle;  Property: Unknown Property name. [1:13: -ms-interpolation-mode]
08-07-2024 15:36:11.431Z;errorhandler.__handle;  Property: Unknown Property name. [1:49: -webkit-font-smoothing]
08-07-2024 15:36:11.431Z;errorhandler.__handle;  Property: Unknown Property name. [1:134: -ms-text-size-adjust]
08-07-2024 15:36:11.431Z;errorhandler.__handle;  Property: Unknown Property name. [1:160: -webkit-text-size-adjust]
08-07-2024 15:36:11.446Z;errorhandler.__handle;  Property: Unknown Property name. [1:26: mso-table-lspace]
08-07-2024 15:36:11.446Z;errorhandler.__handle;  Property: Unknown Property name. [1:45: mso-table-rspace]
08-07-2024 15:36:11.477Z;errorhandler.__handle;  Property: Unknown Property name. [1:92: mso-hide]
08-07-2024 15:36:11.493Z;errorhandler.__handle;  Property: Unknown Property name. [1:14: -ms-interpolation-mode]
08-07-2024 15:36:14.196Z;functions.emailFinalizado;  Finalizado e-mail sent.
08-07-2024 15:36:14.493Z;functions.encerra_prog;  RM ENCERRADO
