27-03-2024 06:00:23.817Z;functions.bot_text_art;      ____   
27-03-2024 06:00:23.817Z;functions.bot_text_art;     [____]    
27-03-2024 06:00:23.817Z;functions.bot_text_art;   |=]()()[=|  
27-03-2024 06:00:23.817Z;functions.bot_text_art;     _\==/__    _____    ____     _        _____    ___   _  __
27-03-2024 06:00:23.817Z;functions.bot_text_art;   |__|   |_|  |  _  \  / ___|   | |      |_   _| / ___| | |/ /
27-03-2024 06:00:23.817Z;functions.bot_text_art;   |_|_/\_|_|  | |  | | | |      | |        | |   | |    | ' / 
27-03-2024 06:00:23.817Z;functions.bot_text_art;   | | __ | |  | |  | | | |      | |        | |   | |    |  <  
27-03-2024 06:00:23.817Z;functions.bot_text_art;   |_|[  ]|_|  | |__| | | |____  | |____   _| |_  | |__  | . \ 
27-03-2024 06:00:23.817Z;functions.bot_text_art;   \_|_||_|_/  |_____/   \_____| |______| |_____| \ ___| |_|\_\
27-03-2024 06:00:23.817Z;functions.bot_text_art;     |_||_|                                                     
27-03-2024 06:00:23.817Z;functions.bot_text_art;     | ||_|_   
27-03-2024 06:00:23.817Z;functions.bot_text_art;   |___||___|  
27-03-2024 06:00:23.817Z;functions.bot_text_art;               
27-03-2024 06:00:23.817Z;functions.open_RM;  OPEN PROGRAM RM
27-03-2024 06:00:38.865Z;functions.loggin_RM;  ENTRAR USER_NAME
27-03-2024 06:00:42.434Z;functions.loggin_RM;  ENTRAR PASSWORD
27-03-2024 06:00:43.661Z;functions.loggin_RM;  ENTRAR RM
27-03-2024 06:05:44.364Z;functions.show_exception_and_exit;  'NoneType' object has no attribute 'click'
Traceback (most recent call last):
  File "C:\Projetos_Remessas\Remessa_Ferias_Rescisao\main.py", line 15, in <module>
    enter_coligada()
  File "C:\Projetos_Remessas\Remessa_Ferias_Rescisao\SUBPROGRAMS\functions.py", line 103, in enter_coligada
    click_context.click()
    ^^^^^^^^^^^^^^^^^^^
AttributeError: 'NoneType' object has no attribute 'click'
27-03-2024 06:05:45.239Z;functions.show_exception_and_exit;  PRINT SALVO
27-03-2024 06:05:45.507Z;functions.show_exception_and_exit;  RM FECHADO
27-03-2024 06:05:47.911Z;errorhandler.__handle;  Property: Unknown Property name. [1:203: -ms-interpolation-mode]
27-03-2024 06:05:47.942Z;errorhandler.__handle;  Property: Unknown Property name. [1:353: -webkit-font-smoothing]
27-03-2024 06:05:47.958Z;errorhandler.__handle;  Property: Unknown Property name. [1:483: -ms-text-size-adjust]
27-03-2024 06:05:47.958Z;errorhandler.__handle;  Property: Unknown Property name. [1:518: -webkit-text-size-adjust]
27-03-2024 06:05:47.958Z;errorhandler.__handle;  Property: Unknown Property name. [1:612: mso-table-lspace]
27-03-2024 06:05:47.958Z;errorhandler.__handle;  Property: Unknown Property name. [1:642: mso-table-rspace]
27-03-2024 06:05:48.223Z;errorhandler.__handle;  Property: Unknown Property name. [1:4734: mso-hide]
27-03-2024 06:05:48.332Z;errorhandler.__handle;  Property: Unknown Property name. [1:13: -ms-interpolation-mode]
27-03-2024 06:05:48.332Z;errorhandler.__handle;  Property: Unknown Property name. [1:49: -webkit-font-smoothing]
27-03-2024 06:05:48.332Z;errorhandler.__handle;  Property: Unknown Property name. [1:134: -ms-text-size-adjust]
27-03-2024 06:05:48.348Z;errorhandler.__handle;  Property: Unknown Property name. [1:160: -webkit-text-size-adjust]
27-03-2024 06:05:48.348Z;errorhandler.__handle;  Property: Unknown Property name. [1:26: mso-table-lspace]
27-03-2024 06:05:48.348Z;errorhandler.__handle;  Property: Unknown Property name. [1:45: mso-table-rspace]
27-03-2024 06:05:48.379Z;errorhandler.__handle;  Property: Unknown Property name. [1:92: mso-hide]
27-03-2024 06:05:48.395Z;errorhandler.__handle;  Property: No ":" after name found: align-center [1:1: align-center]
27-03-2024 06:05:48.395Z;errorhandler.__handle;  Property: No property value found: align-center [1:1: align-center]
27-03-2024 06:05:48.395Z;errorhandler.__handle;  CSSStyleDeclaration: Syntax Error in Property: align-center
27-03-2024 06:05:48.410Z;errorhandler.__handle;  Property: Unknown Property name. [1:14: -ms-interpolation-mode]
27-03-2024 06:05:55.505Z;functions.show_exception_and_exit;  EMAIL EXCEÇÃO ENVIADO
27-03-2024 06:05:55.505Z;functions.show_exception_and_exit;  ERRO - <class 'AttributeError'> / 'NoneType' object has no attribute 'click'
