31-05-2024 06:00:46.044Z;functions.bot_text_art;      ____   
31-05-2024 06:00:46.044Z;functions.bot_text_art;     [____]    
31-05-2024 06:00:46.044Z;functions.bot_text_art;   |=]()()[=|  
31-05-2024 06:00:46.044Z;functions.bot_text_art;     _\==/__    _____    ____     _        _____    ___   _  __
31-05-2024 06:00:46.044Z;functions.bot_text_art;   |__|   |_|  |  _  \  / ___|   | |      |_   _| / ___| | |/ /
31-05-2024 06:00:46.044Z;functions.bot_text_art;   |_|_/\_|_|  | |  | | | |      | |        | |   | |    | ' / 
31-05-2024 06:00:46.044Z;functions.bot_text_art;   | | __ | |  | |  | | | |      | |        | |   | |    |  <  
31-05-2024 06:00:46.044Z;functions.bot_text_art;   |_|[  ]|_|  | |__| | | |____  | |____   _| |_  | |__  | . \ 
31-05-2024 06:00:46.044Z;functions.bot_text_art;   \_|_||_|_/  |_____/   \_____| |______| |_____| \ ___| |_|\_\
31-05-2024 06:00:46.044Z;functions.bot_text_art;     |_||_|                                                     
31-05-2024 06:00:46.044Z;functions.bot_text_art;     | ||_|_   
31-05-2024 06:00:46.044Z;functions.bot_text_art;   |___||___|  
31-05-2024 06:00:46.044Z;functions.bot_text_art;               
31-05-2024 06:00:46.747Z;functions.open_RM;  OPEN PROGRAM RM
31-05-2024 06:01:08.356Z;functions.loggin_RM;  ENTRAR USER_NAME
31-05-2024 06:01:12.591Z;functions.loggin_RM;  ENTRAR PASSWORD
31-05-2024 06:01:14.465Z;functions.loggin_RM;  ENTRAR RM
31-05-2024 06:02:04.813Z;functions.enter_coligada;  CLICK CONTEXTO
31-05-2024 06:02:10.232Z;functions.enter_coligada;  CLICK ALTERAR MODULO DO CONTEXTO
31-05-2024 06:02:14.358Z;functions.enter_coligada;  INSERE O COLIGADA CODE = 1
31-05-2024 06:02:14.463Z;functions.enter_coligada;  APERTA TAB PARA PREENCHER O CAMPO COM A STRING: OCEANICA ENGENHARIA E CONSULTORIA S.A.
31-05-2024 06:02:16.621Z;functions.enter_coligada;  CLICK AVANÇAR NOVAMENTE
31-05-2024 06:02:18.152Z;functions.enter_coligada;  CLICK CONCLUIR
31-05-2024 06:02:36.231Z;functions.enter_coligada;  POP UP COLIGADA DESAPARECER
31-05-2024 06:02:37.356Z;functions.check_movimentacao_bancaria;  CLICK - TOTVS - LINHA RM
31-05-2024 06:02:39.231Z;functions.check_movimentacao_bancaria;  CLICK - BACK OFFICE
31-05-2024 06:02:40.324Z;functions.check_movimentacao_bancaria;  CLICK - GESTAO FINANCEIRA
31-05-2024 06:02:46.559Z;functions.movimentacao_bancaria;  CLICK NA ABA MOVIMENTAÇÃO BANCARIA
31-05-2024 06:02:48.950Z;functions.waitForImage;  IMAGEM BORDERO image found.
31-05-2024 06:02:51.069Z;functions.movimentacao_bancaria;  IMAGEM BORDERO CLICADA.
31-05-2024 06:03:01.090Z;functions.waitForImage;  LICENCAS EXCEDIDAS image not found.
31-05-2024 06:03:01.904Z;functions.movimentacao_bancaria;  ENCONTROU O FILTRO DA MOVIMENTAÇÃO BANCÁRIA
31-05-2024 06:03:01.951Z;functions.movimentacao_bancaria;  CLICA NA ABA SUPERIOR DO FILTRO
31-05-2024 06:03:06.162Z;functions.movimentacao_bancaria;  SELECIONA O FILTRO HOJE
31-05-2024 06:03:10.589Z;functions.waitForImage;  FILTER CLEAN image found.
31-05-2024 06:03:12.718Z;functions.filter_clean;  CLICK NO BOTÃO X DO LIMPA FILTRO
31-05-2024 06:03:13.064Z;functions.waitForImage;  FILTER CLEAN image found.
31-05-2024 06:03:15.185Z;functions.filter_clean;  CLICK NO BOTÃO X DO LIMPA FILTRO
31-05-2024 06:03:30.333Z;functions.waitForImage;  FILTER CLEAN image not found.
31-05-2024 06:03:34.512Z;functions.movimentacao_bancaria;  CLICK NA PRIMEIRA LINHA DA TABELA MOVIMENTAÇÃO BANCÁRIA
31-05-2024 06:03:35.739Z;functions.movimentacao_bancaria;  12 PASSOS PARA DIREITA NA TABELA >>
31-05-2024 06:03:38.324Z;functions.movimentacao_bancaria;  HOVER FILTER
31-05-2024 06:03:39.200Z;functions.movimentacao_bancaria;  CLICK FILTER
31-05-2024 06:03:43.528Z;functions.movimentacao_bancaria;  CLICK NO FILTRO  STATUS DA REMESSA
31-05-2024 06:03:45.631Z;functions.movimentacao_bancaria;  APERTA TAB PARA ESCREVER O FILTRO
31-05-2024 06:03:47.745Z;functions.movimentacao_bancaria;  ESCREVE PENDENTE NO FILTRO
31-05-2024 06:03:49.849Z;functions.movimentacao_bancaria;  APERTA ENTER PARA SELECIONAR OS PENDENTES
31-05-2024 06:04:08.404Z;functions.movimentacao_bancaria;  SEM PROCESSAMENTO DE BORDERO PENDENTE.
31-05-2024 06:04:13.718Z;functions.waitForImage;  FILTER CLEAN image found.
31-05-2024 06:04:15.850Z;functions.filter_clean;  CLICK NO BOTÃO X DO LIMPA FILTRO
31-05-2024 06:04:30.949Z;functions.waitForImage;  FILTER CLEAN image not found.
31-05-2024 06:04:46.153Z;functions.waitForImage;  FILTER CLEAN image not found.
31-05-2024 06:04:48.512Z;functions.remessa_pagamento;  CLICK NA PRIMEIRA LINHA DA TABELA MOVIMENTAÇÃO BANCÁRIA
31-05-2024 06:04:51.090Z;functions.remessa_pagamento;  HOVER FILTER
31-05-2024 06:04:51.783Z;functions.remessa_pagamento;  CLICK FILTER
31-05-2024 06:04:56.117Z;functions.remessa_pagamento;  CLICK NO FILTRO  STATUS DA REMESSA
31-05-2024 06:04:58.220Z;functions.remessa_pagamento;  APERTA TAB PARA ESCREVER O FILTRO
31-05-2024 06:05:00.337Z;functions.remessa_pagamento;  ESCREVE AUTORIZADO NO FILTRO
31-05-2024 06:05:02.440Z;functions.remessa_pagamento;  APERTA ENTER PARA SELECIONAR OS AUTORIZADO
31-05-2024 06:05:21.059Z;functions.remessa_pagamento;  SEM REMESSA DE BORDERO AUTORIZADO
31-05-2024 06:05:22.184Z;functions.enter_contas_a_pagar;  CLICK - TOTVS - LINHA RM
31-05-2024 06:05:23.754Z;functions.enter_contas_a_pagar;  CLICK - BACK OFFICE
31-05-2024 06:05:24.856Z;functions.enter_contas_a_pagar;  CLICK - GESTAO FINANCEIRA
31-05-2024 06:05:30.965Z;functions.enter_contas_a_pagar;  CLICK - CONTAS A PAGAR
31-05-2024 06:05:31.281Z;functions.waitForImage;  LANÇAMENTOS image found.
31-05-2024 06:05:33.410Z;functions.enter_contas_a_pagar;  CLICA EM LANÇAMENTOS
31-05-2024 06:05:48.657Z;functions.waitForImage;  LICENCAS EXCEDIDAS image not found.
31-05-2024 06:05:48.657Z;functions.obter_intervalo_data;  VERIFICANDO A HORA ATUAL 6
31-05-2024 06:05:48.689Z;functions.obter_intervalo_data;  Data Inicial FERIAS/RESCISAO antes da remoção: None
31-05-2024 06:05:48.689Z;functions.obter_intervalo_data;  Data Final FERIAS/RESCISAO antes da remoção: None
31-05-2024 06:05:48.704Z;functions.obter_intervalo_data;  Data Inicial FERIAS/RESCISAO após a remoção: None
31-05-2024 06:05:48.704Z;functions.obter_intervalo_data;  Data Final FERIAS/RESCISAO após a remoção: None
31-05-2024 06:05:48.704Z;functions.obter_intervalo_data;  hoje -  2024-05-31 06:05:48.704665
31-05-2024 06:05:48.704Z;functions.data_filter;  DATA INICIO 05-06-2024
31-05-2024 06:05:48.704Z;functions.data_filter;  DATA FIM 11-06-2024
31-05-2024 06:05:48.704Z;functions.data_filter;  CLICK - SELECIONA A DATA DE QUARTA FEIRA E DA PROXIMA TERÇA
31-05-2024 06:05:48.704Z;functions.data_filter;  QUARTA-FEIRA: 05-06-2024
31-05-2024 06:05:48.704Z;functions.data_filter;  TERCA-FEIRA: 11-06-2024
31-05-2024 06:06:02.811Z;functions.data_filter;  CLICK - BUTÃO DE SELECAO DE FILTRO
31-05-2024 06:06:07.746Z;functions.data_filter;  INSERE - DATA DE QUARTA-FEIRA: 05-06-2024
31-05-2024 06:06:12.465Z;functions.data_filter;  INSERE - DATA DA PROX TERCA-FEIRA: 11-06-2024
31-05-2024 06:06:13.781Z;functions.data_filter;  CLICK - BUTÃO DE EXECUTAR O FILTRO
31-05-2024 06:06:21.418Z;functions.desmark_filter;  CLICK CHECKBOX LANÇAMENTOS A RECEBER
31-05-2024 06:06:24.372Z;functions.desmark_filter;  CLICK CHECKBOX LANÇAMENTOS BAIXADOS
31-05-2024 06:06:27.496Z;functions.desmark_filter;  CLICK CHECKBOX LANÇAMENTOS CANCELADOS
31-05-2024 06:06:30.904Z;functions.desmark_filter;  CLICK CHECKBOX LANÇAMENTOS FATURADOS
31-05-2024 06:06:34.450Z;functions.desmark_filter;  ATUALIZA O FILTRO
31-05-2024 06:06:34.797Z;functions.waitForImage;  FILTER CLEAN image found.
31-05-2024 06:06:36.900Z;functions.filter_clean;  CLICK NO BOTÃO X DO LIMPA FILTRO
31-05-2024 06:06:52.090Z;functions.waitForImage;  FILTER CLEAN image not found.
31-05-2024 06:07:07.274Z;functions.waitForImage;  FILTER CLEAN image not found.
31-05-2024 06:07:11.185Z;functions.tabela_vazia;  Texto extraido 0/0
31-05-2024 06:07:11.185Z;functions.tabela_vazia;  Count 0
31-05-2024 06:07:11.185Z;functions.tabela_vazia;  Type <class 'int'>
31-05-2024 06:07:13.190Z;functions.tabela_vazia;  SEM REMESSA DE FÉRIAS/RESCISÃO
31-05-2024 06:07:15.192Z;main.<module>;  SEM REMESSA DE FÉRIAS/RESCISÃO
31-05-2024 06:07:18.903Z;errorhandler.__handle;  Property: Unknown Property name. [1:203: -ms-interpolation-mode]
31-05-2024 06:07:18.950Z;errorhandler.__handle;  Property: Unknown Property name. [1:353: -webkit-font-smoothing]
31-05-2024 06:07:18.950Z;errorhandler.__handle;  Property: Unknown Property name. [1:483: -ms-text-size-adjust]
31-05-2024 06:07:18.950Z;errorhandler.__handle;  Property: Unknown Property name. [1:518: -webkit-text-size-adjust]
31-05-2024 06:07:18.966Z;errorhandler.__handle;  Property: Unknown Property name. [1:612: mso-table-lspace]
31-05-2024 06:07:18.966Z;errorhandler.__handle;  Property: Unknown Property name. [1:642: mso-table-rspace]
31-05-2024 06:07:19.200Z;errorhandler.__handle;  Property: Unknown Property name. [1:4734: mso-hide]
31-05-2024 06:07:19.294Z;errorhandler.__handle;  Property: Unknown Property name. [1:13: -ms-interpolation-mode]
31-05-2024 06:07:19.310Z;errorhandler.__handle;  Property: Unknown Property name. [1:49: -webkit-font-smoothing]
31-05-2024 06:07:19.310Z;errorhandler.__handle;  Property: Unknown Property name. [1:134: -ms-text-size-adjust]
31-05-2024 06:07:19.310Z;errorhandler.__handle;  Property: Unknown Property name. [1:160: -webkit-text-size-adjust]
31-05-2024 06:07:19.310Z;errorhandler.__handle;  Property: Unknown Property name. [1:26: mso-table-lspace]
31-05-2024 06:07:19.310Z;errorhandler.__handle;  Property: Unknown Property name. [1:45: mso-table-rspace]
31-05-2024 06:07:19.356Z;errorhandler.__handle;  Property: Unknown Property name. [1:92: mso-hide]
31-05-2024 06:07:19.372Z;errorhandler.__handle;  Property: No ":" after name found: align-center [1:1: align-center]
31-05-2024 06:07:19.372Z;errorhandler.__handle;  Property: No property value found: align-center [1:1: align-center]
31-05-2024 06:07:19.372Z;errorhandler.__handle;  CSSStyleDeclaration: Syntax Error in Property: align-center
31-05-2024 06:07:19.372Z;errorhandler.__handle;  Property: Unknown Property name. [1:14: -ms-interpolation-mode]
31-05-2024 06:07:21.933Z;functions.emailFinalizado;  Finalizado e-mail sent.
31-05-2024 06:07:22.433Z;functions.encerra_prog;  RM ENCERRADO
