26-03-2024 06:00:31.880Z;functions.bot_text_art;      ____   
26-03-2024 06:00:31.880Z;functions.bot_text_art;     [____]    
26-03-2024 06:00:31.880Z;functions.bot_text_art;   |=]()()[=|  
26-03-2024 06:00:31.880Z;functions.bot_text_art;     _\==/__    _____    ____     _        _____    ___   _  __
26-03-2024 06:00:31.880Z;functions.bot_text_art;   |__|   |_|  |  _  \  / ___|   | |      |_   _| / ___| | |/ /
26-03-2024 06:00:31.880Z;functions.bot_text_art;   |_|_/\_|_|  | |  | | | |      | |        | |   | |    | ' / 
26-03-2024 06:00:31.880Z;functions.bot_text_art;   | | __ | |  | |  | | | |      | |        | |   | |    |  <  
26-03-2024 06:00:31.880Z;functions.bot_text_art;   |_|[  ]|_|  | |__| | | |____  | |____   _| |_  | |__  | . \ 
26-03-2024 06:00:31.880Z;functions.bot_text_art;   \_|_||_|_/  |_____/   \_____| |______| |_____| \ ___| |_|\_\
26-03-2024 06:00:31.880Z;functions.bot_text_art;     |_||_|                                                     
26-03-2024 06:00:31.880Z;functions.bot_text_art;     | ||_|_   
26-03-2024 06:00:31.880Z;functions.bot_text_art;   |___||___|  
26-03-2024 06:00:31.880Z;functions.bot_text_art;               
26-03-2024 06:00:31.880Z;functions.open_RM;  OPEN PROGRAM RM
26-03-2024 06:00:44.896Z;functions.loggin_RM;  ENTRAR USER_NAME
26-03-2024 06:00:48.206Z;functions.loggin_RM;  ENTRAR PASSWORD
26-03-2024 06:00:49.303Z;functions.loggin_RM;  ENTRAR RM
26-03-2024 06:01:17.880Z;functions.enter_coligada;  CLICK CONTEXTO
26-03-2024 06:01:22.547Z;functions.enter_coligada;  CLICK ALTERAR MODULO DO CONTEXTO
26-03-2024 06:01:25.899Z;functions.enter_coligada;  INSERE O COLIGADA CODE = 1
26-03-2024 06:01:26.001Z;functions.enter_coligada;  APERTA TAB PARA PREENCHER O CAMPO COM A STRING: OCEANICA ENGENHARIA E CONSULTORIA S.A.
26-03-2024 06:01:27.037Z;functions.enter_coligada;  CLICK AVANÇAR NOVAMENTE
26-03-2024 06:01:28.067Z;functions.enter_coligada;  CLICK CONCLUIR
26-03-2024 06:01:48.569Z;functions.enter_coligada;  POP UP COLIGADA DESAPARECER
26-03-2024 06:01:49.381Z;functions.check_movimentacao_bancaria;  CLICK - TOTVS - LINHA RM
26-03-2024 06:01:50.943Z;functions.check_movimentacao_bancaria;  CLICK - BACK OFFICE
26-03-2024 06:01:53.615Z;functions.check_movimentacao_bancaria;  CLICK - GESTAO FINANCEIRA
26-03-2024 06:01:59.177Z;functions.movimentacao_bancaria;  CLICK NA ABA MOVIMENTAÇÃO BANCARIA
26-03-2024 06:02:01.570Z;functions.waitForImage;  IMAGEM BORDERO image found.
26-03-2024 06:02:03.686Z;functions.movimentacao_bancaria;  IMAGEM BORDERO CLICADA.
26-03-2024 06:02:23.927Z;functions.waitForImage;  LICENCAS EXCEDIDAS image not found.
26-03-2024 06:02:24.608Z;functions.movimentacao_bancaria;  ENCONTROU O FILTRO DA MOVIMENTAÇÃO BANCÁRIA
26-03-2024 06:02:24.631Z;functions.movimentacao_bancaria;  CLICA NA ABA SUPERIOR DO FILTRO
26-03-2024 06:02:28.838Z;functions.movimentacao_bancaria;  SELECIONA O FILTRO HOJE
26-03-2024 06:02:32.190Z;functions.waitForImage;  FILTER CLEAN image found.
26-03-2024 06:02:34.322Z;functions.filter_clean;  CLICK NO BOTÃO X DO LIMPA FILTRO
26-03-2024 06:02:34.651Z;functions.waitForImage;  FILTER CLEAN image found.
26-03-2024 06:02:36.770Z;functions.filter_clean;  CLICK NO BOTÃO X DO LIMPA FILTRO
26-03-2024 06:02:52.224Z;functions.waitForImage;  FILTER CLEAN image not found.
26-03-2024 06:03:11.802Z;functions.movimentacao_bancaria;  SEM PROCESSAMENTO DE BORDERO
26-03-2024 06:03:32.220Z;functions.waitForImage;  FILTER CLEAN image not found.
26-03-2024 06:03:47.440Z;functions.waitForImage;  FILTER CLEAN image not found.
26-03-2024 06:04:03.043Z;functions.waitForImage;  FILTER CLEAN image not found.
26-03-2024 06:04:37.755Z;functions.remessa_pagamento;  SEM REMESSA DE BORDERO AUTORIZADO
26-03-2024 06:04:38.571Z;functions.enter_contas_a_pagar;  CLICK - TOTVS - LINHA RM
26-03-2024 06:04:39.788Z;functions.enter_contas_a_pagar;  CLICK - BACK OFFICE
26-03-2024 06:04:40.677Z;functions.enter_contas_a_pagar;  CLICK - GESTAO FINANCEIRA
26-03-2024 06:04:46.270Z;functions.enter_contas_a_pagar;  CLICK - CONTAS A PAGAR
26-03-2024 06:04:47.257Z;functions.waitForImage;  LANÇAMENTOS image found.
26-03-2024 06:04:49.375Z;functions.enter_contas_a_pagar;  CLICA EM LANÇAMENTOS
26-03-2024 06:05:04.738Z;functions.waitForImage;  LICENCAS EXCEDIDAS image not found.
26-03-2024 06:05:04.738Z;functions.obter_intervalo_data;  VERIFICANDO A HORA ATUAL 6
26-03-2024 06:05:04.739Z;functions.obter_intervalo_data;  Data Inicial FERIAS/RESCISAO antes da remoção: None
26-03-2024 06:05:04.739Z;functions.obter_intervalo_data;  Data Final FERIAS/RESCISAO antes da remoção: None
26-03-2024 06:05:04.739Z;functions.obter_intervalo_data;  Data Inicial FERIAS/RESCISAO após a remoção: None
26-03-2024 06:05:04.739Z;functions.obter_intervalo_data;  Data Final FERIAS/RESCISAO após a remoção: None
26-03-2024 06:05:04.739Z;functions.obter_intervalo_data;  hoje -  2024-03-26 06:05:04.739745
26-03-2024 06:05:04.739Z;functions.data_filter;  DATA INICIO 27-03-2024
26-03-2024 06:05:04.739Z;functions.data_filter;  DATA FIM 02-04-2024
26-03-2024 06:05:04.739Z;functions.data_filter;  CLICK - SELECIONA A DATA DE QUARTA FEIRA E DA PROXIMA TERÇA
26-03-2024 06:05:04.739Z;functions.data_filter;  QUARTA-FEIRA: 27-03-2024
26-03-2024 06:05:04.739Z;functions.data_filter;  TERCA-FEIRA: 02-04-2024
26-03-2024 06:05:17.709Z;functions.data_filter;  CLICK - BUTÃO DE SELECAO DE FILTRO
26-03-2024 06:05:21.927Z;functions.data_filter;  INSERE - DATA DE QUARTA-FEIRA: 27-03-2024
26-03-2024 06:05:25.895Z;functions.data_filter;  INSERE - DATA DA PROX TERCA-FEIRA: 02-04-2024
26-03-2024 06:05:26.755Z;functions.data_filter;  CLICK - BUTÃO DE EXECUTAR O FILTRO
26-03-2024 06:05:33.162Z;functions.desmark_filter;  CLICK CHECKBOX LANÇAMENTOS A RECEBER
26-03-2024 06:05:34.792Z;functions.desmark_filter;  CLICK CHECKBOX LANÇAMENTOS BAIXADOS
26-03-2024 06:05:36.521Z;functions.desmark_filter;  CLICK CHECKBOX LANÇAMENTOS CANCELADOS
26-03-2024 06:05:38.271Z;functions.desmark_filter;  CLICK CHECKBOX LANÇAMENTOS FATURADOS
26-03-2024 06:05:40.302Z;functions.desmark_filter;  ATUALIZA O FILTRO
26-03-2024 06:05:40.630Z;functions.waitForImage;  FILTER CLEAN image found.
26-03-2024 06:05:42.739Z;functions.filter_clean;  CLICK NO BOTÃO X DO LIMPA FILTRO
26-03-2024 06:05:58.013Z;functions.waitForImage;  FILTER CLEAN image not found.
26-03-2024 06:06:13.600Z;functions.waitForImage;  FILTER CLEAN image not found.
26-03-2024 06:06:15.629Z;functions.tabela_vazia;  Texto extraido 0/0
26-03-2024 06:06:15.629Z;functions.tabela_vazia;  Count 0
26-03-2024 06:06:15.629Z;functions.tabela_vazia;  Type <class 'int'>
26-03-2024 06:06:17.635Z;functions.tabela_vazia;  SEM REMESSA DE FÉRIAS/RESCISÃO
26-03-2024 06:06:19.636Z;main.<module>;  SEM REMESSA DE FÉRIAS/RESCISÃO
26-03-2024 06:06:22.880Z;errorhandler.__handle;  Property: Unknown Property name. [1:203: -ms-interpolation-mode]
26-03-2024 06:06:22.911Z;errorhandler.__handle;  Property: Unknown Property name. [1:353: -webkit-font-smoothing]
26-03-2024 06:06:22.911Z;errorhandler.__handle;  Property: Unknown Property name. [1:483: -ms-text-size-adjust]
26-03-2024 06:06:22.911Z;errorhandler.__handle;  Property: Unknown Property name. [1:518: -webkit-text-size-adjust]
26-03-2024 06:06:22.911Z;errorhandler.__handle;  Property: Unknown Property name. [1:612: mso-table-lspace]
26-03-2024 06:06:22.911Z;errorhandler.__handle;  Property: Unknown Property name. [1:642: mso-table-rspace]
26-03-2024 06:06:23.083Z;errorhandler.__handle;  Property: Unknown Property name. [1:4734: mso-hide]
26-03-2024 06:06:23.146Z;errorhandler.__handle;  Property: Unknown Property name. [1:13: -ms-interpolation-mode]
26-03-2024 06:06:23.146Z;errorhandler.__handle;  Property: Unknown Property name. [1:49: -webkit-font-smoothing]
26-03-2024 06:06:23.146Z;errorhandler.__handle;  Property: Unknown Property name. [1:134: -ms-text-size-adjust]
26-03-2024 06:06:23.146Z;errorhandler.__handle;  Property: Unknown Property name. [1:160: -webkit-text-size-adjust]
26-03-2024 06:06:23.146Z;errorhandler.__handle;  Property: Unknown Property name. [1:26: mso-table-lspace]
26-03-2024 06:06:23.146Z;errorhandler.__handle;  Property: Unknown Property name. [1:45: mso-table-rspace]
26-03-2024 06:06:23.177Z;errorhandler.__handle;  Property: Unknown Property name. [1:92: mso-hide]
26-03-2024 06:06:23.193Z;errorhandler.__handle;  Property: No ":" after name found: align-center [1:1: align-center]
26-03-2024 06:06:23.193Z;errorhandler.__handle;  Property: No property value found: align-center [1:1: align-center]
26-03-2024 06:06:23.193Z;errorhandler.__handle;  CSSStyleDeclaration: Syntax Error in Property: align-center
26-03-2024 06:06:23.193Z;errorhandler.__handle;  Property: Unknown Property name. [1:14: -ms-interpolation-mode]
26-03-2024 06:06:26.021Z;functions.emailFinalizado;  Finalizado e-mail sent.
26-03-2024 06:06:26.269Z;functions.encerra_prog;  RM ENCERRADO
