26-03-2024 20:00:32.370Z;functions.bot_text_art;      ____   
26-03-2024 20:00:32.370Z;functions.bot_text_art;     [____]    
26-03-2024 20:00:32.370Z;functions.bot_text_art;   |=]()()[=|  
26-03-2024 20:00:32.370Z;functions.bot_text_art;     _\==/__    _____    ____     _        _____    ___   _  __
26-03-2024 20:00:32.370Z;functions.bot_text_art;   |__|   |_|  |  _  \  / ___|   | |      |_   _| / ___| | |/ /
26-03-2024 20:00:32.370Z;functions.bot_text_art;   |_|_/\_|_|  | |  | | | |      | |        | |   | |    | ' / 
26-03-2024 20:00:32.370Z;functions.bot_text_art;   | | __ | |  | |  | | | |      | |        | |   | |    |  <  
26-03-2024 20:00:32.370Z;functions.bot_text_art;   |_|[  ]|_|  | |__| | | |____  | |____   _| |_  | |__  | . \ 
26-03-2024 20:00:32.370Z;functions.bot_text_art;   \_|_||_|_/  |_____/   \_____| |______| |_____| \ ___| |_|\_\
26-03-2024 20:00:32.370Z;functions.bot_text_art;     |_||_|                                                     
26-03-2024 20:00:32.370Z;functions.bot_text_art;     | ||_|_   
26-03-2024 20:00:32.370Z;functions.bot_text_art;   |___||___|  
26-03-2024 20:00:32.370Z;functions.bot_text_art;               
26-03-2024 20:00:32.386Z;functions.open_RM;  OPEN PROGRAM RM
26-03-2024 20:00:51.821Z;functions.loggin_RM;  ENTRAR USER_NAME
26-03-2024 20:00:55.308Z;functions.loggin_RM;  ENTRAR PASSWORD
26-03-2024 20:00:56.580Z;functions.loggin_RM;  ENTRAR RM
26-03-2024 20:01:52.446Z;functions.enter_coligada;  CLICK CONTEXTO
26-03-2024 20:01:58.020Z;functions.enter_coligada;  CLICK ALTERAR MODULO DO CONTEXTO
26-03-2024 20:02:02.072Z;functions.enter_coligada;  INSERE O COLIGADA CODE = 1
26-03-2024 20:02:02.206Z;functions.enter_coligada;  APERTA TAB PARA PREENCHER O CAMPO COM A STRING: OCEANICA ENGENHARIA E CONSULTORIA S.A.
26-03-2024 20:02:04.180Z;functions.enter_coligada;  CLICK AVANÇAR NOVAMENTE
26-03-2024 20:02:05.727Z;functions.enter_coligada;  CLICK CONCLUIR
26-03-2024 20:02:39.055Z;functions.enter_coligada;  POP UP COLIGADA DESAPARECER
26-03-2024 20:02:39.915Z;functions.check_movimentacao_bancaria;  CLICK - TOTVS - LINHA RM
26-03-2024 20:02:41.649Z;functions.check_movimentacao_bancaria;  CLICK - BACK OFFICE
26-03-2024 20:02:44.462Z;functions.check_movimentacao_bancaria;  CLICK - GESTAO FINANCEIRA
26-03-2024 20:02:55.494Z;functions.movimentacao_bancaria;  CLICK NA ABA MOVIMENTAÇÃO BANCARIA
26-03-2024 20:02:57.915Z;functions.waitForImage;  IMAGEM BORDERO image found.
26-03-2024 20:03:00.028Z;functions.movimentacao_bancaria;  IMAGEM BORDERO CLICADA.
26-03-2024 20:03:10.790Z;functions.waitForImage;  LICENCAS EXCEDIDAS image not found.
26-03-2024 20:03:12.852Z;functions.waitForImage;  LICENCE SERVER image not found.
26-03-2024 20:03:13.524Z;functions.movimentacao_bancaria;  ENCONTROU O FILTRO DA MOVIMENTAÇÃO BANCÁRIA
26-03-2024 20:03:13.573Z;functions.movimentacao_bancaria;  CLICA NA ABA SUPERIOR DO FILTRO
26-03-2024 20:03:17.782Z;functions.movimentacao_bancaria;  SELECIONA O FILTRO HOJE
26-03-2024 20:03:22.941Z;functions.waitForImage;  FILTER CLEAN image found.
26-03-2024 20:03:25.100Z;functions.filter_clean;  CLICK NO BOTÃO X DO LIMPA FILTRO
26-03-2024 20:03:25.432Z;functions.waitForImage;  FILTER CLEAN image found.
26-03-2024 20:03:27.554Z;functions.filter_clean;  CLICK NO BOTÃO X DO LIMPA FILTRO
26-03-2024 20:03:42.836Z;functions.waitForImage;  FILTER CLEAN image not found.
26-03-2024 20:03:46.306Z;functions.movimentacao_bancaria;  CLICK NA PRIMEIRA LINHA DA TABELA MOVIMENTAÇÃO BANCÁRIA
26-03-2024 20:03:47.537Z;functions.movimentacao_bancaria;  12 PASSOS PARA DIREITA NA TABELA >>
26-03-2024 20:03:49.384Z;functions.movimentacao_bancaria;  HOVER FILTER
26-03-2024 20:03:49.833Z;functions.movimentacao_bancaria;  CLICK FILTER
26-03-2024 20:03:54.160Z;functions.movimentacao_bancaria;  CLICK NO FILTRO  STATUS DA REMESSA
26-03-2024 20:03:56.263Z;functions.movimentacao_bancaria;  APERTA TAB PARA ESCREVER O FILTRO
26-03-2024 20:03:58.378Z;functions.movimentacao_bancaria;  ESCREVE PENDENTE NO FILTRO
26-03-2024 20:04:00.480Z;functions.movimentacao_bancaria;  APERTA ENTER PARA SELECIONAR OS PENDENTES
26-03-2024 20:04:20.321Z;functions.movimentacao_bancaria;  SEM PROCESSAMENTO DE BORDERO PENDENTE.
26-03-2024 20:04:25.650Z;functions.waitForImage;  FILTER CLEAN image found.
26-03-2024 20:04:27.775Z;functions.filter_clean;  CLICK NO BOTÃO X DO LIMPA FILTRO
26-03-2024 20:04:43.110Z;functions.waitForImage;  FILTER CLEAN image not found.
26-03-2024 20:04:58.429Z;functions.waitForImage;  FILTER CLEAN image not found.
26-03-2024 20:05:00.071Z;functions.remessa_pagamento;  CLICK NA PRIMEIRA LINHA DA TABELA MOVIMENTAÇÃO BANCÁRIA
26-03-2024 20:05:01.992Z;functions.remessa_pagamento;  HOVER FILTER
26-03-2024 20:05:02.464Z;functions.remessa_pagamento;  CLICK FILTER
26-03-2024 20:05:06.797Z;functions.remessa_pagamento;  CLICK NO FILTRO  STATUS DA REMESSA
26-03-2024 20:05:08.899Z;functions.remessa_pagamento;  APERTA TAB PARA ESCREVER O FILTRO
26-03-2024 20:05:11.014Z;functions.remessa_pagamento;  ESCREVE AUTORIZADO NO FILTRO
26-03-2024 20:05:13.117Z;functions.remessa_pagamento;  APERTA ENTER PARA SELECIONAR OS AUTORIZADO
26-03-2024 20:05:33.039Z;functions.remessa_pagamento;  SEM REMESSA DE BORDERO AUTORIZADO
26-03-2024 20:05:33.898Z;functions.enter_contas_a_pagar;  CLICK - TOTVS - LINHA RM
26-03-2024 20:05:35.337Z;functions.enter_contas_a_pagar;  CLICK - BACK OFFICE
26-03-2024 20:05:36.244Z;functions.enter_contas_a_pagar;  CLICK - GESTAO FINANCEIRA
26-03-2024 20:05:49.919Z;functions.enter_contas_a_pagar;  CLICK - CONTAS A PAGAR
26-03-2024 20:05:51.107Z;functions.waitForImage;  LANÇAMENTOS image found.
26-03-2024 20:05:53.241Z;functions.enter_contas_a_pagar;  CLICA EM LANÇAMENTOS
26-03-2024 20:06:08.774Z;functions.waitForImage;  LICENCAS EXCEDIDAS image not found.
26-03-2024 20:06:08.774Z;functions.obter_intervalo_data;  VERIFICANDO A HORA ATUAL 20
26-03-2024 20:06:08.774Z;functions.obter_intervalo_data;  Data Inicial FERIAS/RESCISAO antes da remoção: None
26-03-2024 20:06:08.774Z;functions.obter_intervalo_data;  Data Final FERIAS/RESCISAO antes da remoção: None
26-03-2024 20:06:08.774Z;functions.obter_intervalo_data;  Data Inicial FERIAS/RESCISAO após a remoção: None
26-03-2024 20:06:08.774Z;functions.obter_intervalo_data;  Data Final FERIAS/RESCISAO após a remoção: None
26-03-2024 20:06:08.774Z;functions.obter_intervalo_data;  hoje -  2024-03-26 20:06:08.774618
26-03-2024 20:06:08.774Z;functions.data_filter;  DATA INICIO 03-04-2024
26-03-2024 20:06:08.774Z;functions.data_filter;  DATA FIM 09-04-2024
26-03-2024 20:06:08.774Z;functions.data_filter;  CLICK - SELECIONA A DATA DE QUARTA FEIRA E DA PROXIMA TERÇA
26-03-2024 20:06:08.774Z;functions.data_filter;  QUARTA-FEIRA: 03-04-2024
26-03-2024 20:06:08.774Z;functions.data_filter;  TERCA-FEIRA: 09-04-2024
26-03-2024 20:06:21.961Z;functions.data_filter;  CLICK - BUTÃO DE SELECAO DE FILTRO
26-03-2024 20:06:26.494Z;functions.data_filter;  INSERE - DATA DE QUARTA-FEIRA: 03-04-2024
26-03-2024 20:06:30.556Z;functions.data_filter;  INSERE - DATA DA PROX TERCA-FEIRA: 09-04-2024
26-03-2024 20:06:31.492Z;functions.data_filter;  CLICK - BUTÃO DE EXECUTAR O FILTRO
26-03-2024 20:06:38.805Z;functions.desmark_filter;  CLICK CHECKBOX LANÇAMENTOS A RECEBER
26-03-2024 20:06:40.634Z;functions.desmark_filter;  CLICK CHECKBOX LANÇAMENTOS BAIXADOS
26-03-2024 20:06:42.697Z;functions.desmark_filter;  CLICK CHECKBOX LANÇAMENTOS CANCELADOS
26-03-2024 20:06:44.807Z;functions.desmark_filter;  CLICK CHECKBOX LANÇAMENTOS FATURADOS
26-03-2024 20:06:47.039Z;functions.desmark_filter;  ATUALIZA O FILTRO
26-03-2024 20:06:47.404Z;functions.waitForImage;  FILTER CLEAN image found.
26-03-2024 20:06:49.522Z;functions.filter_clean;  CLICK NO BOTÃO X DO LIMPA FILTRO
26-03-2024 20:07:04.666Z;functions.waitForImage;  FILTER CLEAN image not found.
26-03-2024 20:07:19.946Z;functions.waitForImage;  FILTER CLEAN image not found.
26-03-2024 20:07:22.430Z;functions.tabela_vazia;  Texto extraido 0/0
26-03-2024 20:07:22.430Z;functions.tabela_vazia;  Count 0
26-03-2024 20:07:22.430Z;functions.tabela_vazia;  Type <class 'int'>
26-03-2024 20:07:24.438Z;functions.tabela_vazia;  SEM REMESSA DE FÉRIAS/RESCISÃO
26-03-2024 20:07:26.439Z;main.<module>;  SEM REMESSA DE FÉRIAS/RESCISÃO
26-03-2024 20:07:29.292Z;errorhandler.__handle;  Property: Unknown Property name. [1:203: -ms-interpolation-mode]
26-03-2024 20:07:29.323Z;errorhandler.__handle;  Property: Unknown Property name. [1:353: -webkit-font-smoothing]
26-03-2024 20:07:29.323Z;errorhandler.__handle;  Property: Unknown Property name. [1:483: -ms-text-size-adjust]
26-03-2024 20:07:29.339Z;errorhandler.__handle;  Property: Unknown Property name. [1:518: -webkit-text-size-adjust]
26-03-2024 20:07:29.339Z;errorhandler.__handle;  Property: Unknown Property name. [1:612: mso-table-lspace]
26-03-2024 20:07:29.339Z;errorhandler.__handle;  Property: Unknown Property name. [1:642: mso-table-rspace]
26-03-2024 20:07:29.495Z;errorhandler.__handle;  Property: Unknown Property name. [1:4734: mso-hide]
26-03-2024 20:07:29.564Z;errorhandler.__handle;  Property: Unknown Property name. [1:13: -ms-interpolation-mode]
26-03-2024 20:07:29.566Z;errorhandler.__handle;  Property: Unknown Property name. [1:49: -webkit-font-smoothing]
26-03-2024 20:07:29.568Z;errorhandler.__handle;  Property: Unknown Property name. [1:134: -ms-text-size-adjust]
26-03-2024 20:07:29.568Z;errorhandler.__handle;  Property: Unknown Property name. [1:160: -webkit-text-size-adjust]
26-03-2024 20:07:29.569Z;errorhandler.__handle;  Property: Unknown Property name. [1:26: mso-table-lspace]
26-03-2024 20:07:29.571Z;errorhandler.__handle;  Property: Unknown Property name. [1:45: mso-table-rspace]
26-03-2024 20:07:29.588Z;errorhandler.__handle;  Property: Unknown Property name. [1:92: mso-hide]
26-03-2024 20:07:29.603Z;errorhandler.__handle;  Property: No ":" after name found: align-center [1:1: align-center]
26-03-2024 20:07:29.603Z;errorhandler.__handle;  Property: No property value found: align-center [1:1: align-center]
26-03-2024 20:07:29.603Z;errorhandler.__handle;  CSSStyleDeclaration: Syntax Error in Property: align-center
26-03-2024 20:07:29.603Z;errorhandler.__handle;  Property: Unknown Property name. [1:14: -ms-interpolation-mode]
26-03-2024 20:07:31.992Z;functions.emailFinalizado;  Finalizado e-mail sent.
26-03-2024 20:07:32.307Z;functions.encerra_prog;  RM ENCERRADO
