12-03-2024 14:36:20.097Z;functions.bot_text_art;      ____   
12-03-2024 14:36:20.097Z;functions.bot_text_art;     [____]    
12-03-2024 14:36:20.097Z;functions.bot_text_art;   |=]()()[=|  
12-03-2024 14:36:20.097Z;functions.bot_text_art;     _\==/__    _____    ____     _        _____    ___   _  __
12-03-2024 14:36:20.097Z;functions.bot_text_art;   |__|   |_|  |  _  \  / ___|   | |      |_   _| / ___| | |/ /
12-03-2024 14:36:20.097Z;functions.bot_text_art;   |_|_/\_|_|  | |  | | | |      | |        | |   | |    | ' / 
12-03-2024 14:36:20.097Z;functions.bot_text_art;   | | __ | |  | |  | | | |      | |        | |   | |    |  <  
12-03-2024 14:36:20.097Z;functions.bot_text_art;   |_|[  ]|_|  | |__| | | |____  | |____   _| |_  | |__  | . \ 
12-03-2024 14:36:20.097Z;functions.bot_text_art;   \_|_||_|_/  |_____/   \_____| |______| |_____| \ ___| |_|\_\
12-03-2024 14:36:20.097Z;functions.bot_text_art;     |_||_|                                                     
12-03-2024 14:36:20.097Z;functions.bot_text_art;     | ||_|_   
12-03-2024 14:36:20.097Z;functions.bot_text_art;   |___||___|  
12-03-2024 14:36:20.097Z;functions.bot_text_art;               
12-03-2024 14:36:20.425Z;functions.open_RM;  OPEN PROGRAM RM
12-03-2024 14:36:43.473Z;functions.loggin_RM;  ENTRAR USER_NAME
12-03-2024 14:36:46.961Z;functions.loggin_RM;  ENTRAR PASSWORD
12-03-2024 14:36:48.175Z;functions.loggin_RM;  ENTRAR RM
12-03-2024 14:38:12.082Z;functions.enter_coligada;  CLICK CONTEXTO
12-03-2024 14:38:17.051Z;functions.enter_coligada;  CLICK COLIGADA 1
12-03-2024 14:38:19.646Z;functions.enter_coligada;  CLICK AVANÇAR
12-03-2024 14:38:22.213Z;functions.enter_coligada;  INSERE O COLIGADA CODE = 1
12-03-2024 14:38:22.325Z;functions.enter_coligada;  APERTA TAB PARA PREENCHER O CAMPO COM A STRING: OCEANICA ENGENHARIA E CONSULTORIA S.A.
12-03-2024 14:38:24.614Z;functions.enter_coligada;  CLICK AVANÇAR NOVAMENTE
12-03-2024 14:38:26.051Z;functions.enter_coligada;  CLICK CONCLUIR
12-03-2024 14:38:54.948Z;functions.enter_coligada;  POP UP COLIGADA DESAPARECER
12-03-2024 14:38:55.802Z;functions.check_movimentacao_bancaria;  CLICK - TOTVS - LINHA RM
12-03-2024 14:38:57.729Z;functions.check_movimentacao_bancaria;  CLICK - BACK OFFICE
12-03-2024 14:38:58.709Z;functions.check_movimentacao_bancaria;  CLICK - GESTAO FINANCEIRA
12-03-2024 14:39:06.738Z;functions.movimentacao_bancaria;  CLICK NA ABA MOVIMENTAÇÃO BANCARIA
12-03-2024 14:39:09.271Z;functions.waitForImage;  IMAGEM BORDERO image found.
12-03-2024 14:39:11.401Z;functions.movimentacao_bancaria;  IMAGEM BORDERO CLICADA.
12-03-2024 14:39:14.996Z;functions.waitForImage;  LICENCAS EXCEDIDAS image found.
12-03-2024 14:39:14.997Z;functions.movimentacao_bancaria;  LICENCAS EXCEDIDAS
12-03-2024 14:39:14.997Z;functions.movimentacao_bancaria;  TENTANDO NOVAMENTE - 1
12-03-2024 14:39:36.584Z;functions.waitForImage;  IMAGEM BORDERO image found.
12-03-2024 14:39:38.713Z;functions.movimentacao_bancaria;  IMAGEM BORDERO CLICADA.
12-03-2024 14:39:40.218Z;functions.waitForImage;  LICENCAS EXCEDIDAS image found.
12-03-2024 14:39:40.218Z;functions.movimentacao_bancaria;  LICENCAS EXCEDIDAS
12-03-2024 14:39:40.219Z;functions.movimentacao_bancaria;  TENTANDO NOVAMENTE - 2
12-03-2024 14:40:01.799Z;functions.waitForImage;  IMAGEM BORDERO image found.
12-03-2024 14:40:03.931Z;functions.movimentacao_bancaria;  IMAGEM BORDERO CLICADA.
12-03-2024 14:40:05.376Z;functions.waitForImage;  LICENCAS EXCEDIDAS image found.
12-03-2024 14:40:05.376Z;functions.movimentacao_bancaria;  LICENCAS EXCEDIDAS
12-03-2024 14:40:05.377Z;functions.movimentacao_bancaria;  TENTANDO NOVAMENTE - 3
12-03-2024 14:40:26.970Z;functions.waitForImage;  IMAGEM BORDERO image found.
12-03-2024 14:40:29.087Z;functions.movimentacao_bancaria;  IMAGEM BORDERO CLICADA.
12-03-2024 14:40:30.556Z;functions.waitForImage;  LICENCAS EXCEDIDAS image found.
12-03-2024 14:40:30.556Z;functions.movimentacao_bancaria;  LICENCAS EXCEDIDAS
12-03-2024 14:40:30.556Z;functions.movimentacao_bancaria;  TENTANDO NOVAMENTE - 4
12-03-2024 14:40:52.156Z;functions.waitForImage;  IMAGEM BORDERO image found.
12-03-2024 14:40:54.274Z;functions.movimentacao_bancaria;  IMAGEM BORDERO CLICADA.
12-03-2024 14:40:55.729Z;functions.waitForImage;  LICENCAS EXCEDIDAS image found.
12-03-2024 14:40:55.730Z;functions.movimentacao_bancaria;  LICENCAS EXCEDIDAS
12-03-2024 14:40:55.730Z;functions.movimentacao_bancaria;  TENTANDO NOVAMENTE - 5
12-03-2024 14:41:17.296Z;functions.waitForImage;  IMAGEM BORDERO image found.
12-03-2024 14:41:19.431Z;functions.movimentacao_bancaria;  IMAGEM BORDERO CLICADA.
12-03-2024 14:41:20.887Z;functions.waitForImage;  LICENCAS EXCEDIDAS image found.
12-03-2024 14:41:20.888Z;functions.movimentacao_bancaria;  LICENCAS EXCEDIDAS
12-03-2024 14:41:20.888Z;functions.movimentacao_bancaria;  TENTANDO NOVAMENTE - 6
12-03-2024 14:41:42.463Z;functions.waitForImage;  IMAGEM BORDERO image found.
12-03-2024 14:41:44.588Z;functions.movimentacao_bancaria;  IMAGEM BORDERO CLICADA.
12-03-2024 14:41:46.052Z;functions.waitForImage;  LICENCAS EXCEDIDAS image found.
12-03-2024 14:41:46.052Z;functions.movimentacao_bancaria;  LICENCAS EXCEDIDAS
12-03-2024 14:41:46.052Z;functions.movimentacao_bancaria;  TENTANDO NOVAMENTE - 7
12-03-2024 14:42:07.657Z;functions.waitForImage;  IMAGEM BORDERO image found.
12-03-2024 14:42:09.776Z;functions.movimentacao_bancaria;  IMAGEM BORDERO CLICADA.
12-03-2024 14:42:11.244Z;functions.waitForImage;  LICENCAS EXCEDIDAS image found.
12-03-2024 14:42:11.245Z;functions.movimentacao_bancaria;  LICENCAS EXCEDIDAS
12-03-2024 14:42:11.245Z;functions.movimentacao_bancaria;  TENTANDO NOVAMENTE - 8
12-03-2024 14:42:32.945Z;functions.waitForImage;  IMAGEM BORDERO image found.
12-03-2024 14:42:35.055Z;functions.movimentacao_bancaria;  IMAGEM BORDERO CLICADA.
12-03-2024 14:42:36.546Z;functions.waitForImage;  LICENCAS EXCEDIDAS image found.
12-03-2024 14:42:36.546Z;functions.movimentacao_bancaria;  LICENCAS EXCEDIDAS
12-03-2024 14:42:36.547Z;functions.movimentacao_bancaria;  TENTANDO NOVAMENTE - 9
12-03-2024 14:42:58.263Z;functions.waitForImage;  IMAGEM BORDERO image found.
12-03-2024 14:43:00.367Z;functions.movimentacao_bancaria;  IMAGEM BORDERO CLICADA.
12-03-2024 14:43:01.891Z;functions.waitForImage;  LICENCAS EXCEDIDAS image found.
12-03-2024 14:43:01.893Z;functions.movimentacao_bancaria;  LICENCAS EXCEDIDAS
12-03-2024 14:43:01.893Z;functions.movimentacao_bancaria;  TENTANDO NOVAMENTE - 10
12-03-2024 14:43:23.526Z;functions.waitForImage;  IMAGEM BORDERO image found.
12-03-2024 14:43:25.648Z;functions.movimentacao_bancaria;  IMAGEM BORDERO CLICADA.
12-03-2024 14:43:27.065Z;functions.waitForImage;  LICENCAS EXCEDIDAS image found.
12-03-2024 14:43:27.066Z;functions.movimentacao_bancaria;  LICENCAS EXCEDIDAS
12-03-2024 14:43:27.066Z;functions.movimentacao_bancaria;  TENTANDO NOVAMENTE - 11
12-03-2024 14:43:48.642Z;functions.waitForImage;  IMAGEM BORDERO image found.
12-03-2024 14:43:50.775Z;functions.movimentacao_bancaria;  IMAGEM BORDERO CLICADA.
12-03-2024 14:43:52.292Z;functions.waitForImage;  LICENCAS EXCEDIDAS image found.
12-03-2024 14:43:52.293Z;functions.movimentacao_bancaria;  LICENCAS EXCEDIDAS
12-03-2024 14:43:52.293Z;functions.movimentacao_bancaria;  TENTANDO NOVAMENTE - 12
12-03-2024 14:44:13.853Z;functions.waitForImage;  IMAGEM BORDERO image found.
12-03-2024 14:44:15.965Z;functions.movimentacao_bancaria;  IMAGEM BORDERO CLICADA.
12-03-2024 14:44:17.366Z;functions.waitForImage;  LICENCAS EXCEDIDAS image found.
12-03-2024 14:44:17.366Z;functions.movimentacao_bancaria;  LICENCAS EXCEDIDAS
12-03-2024 14:44:17.367Z;functions.movimentacao_bancaria;  TENTANDO NOVAMENTE - 13
12-03-2024 14:44:38.961Z;functions.waitForImage;  IMAGEM BORDERO image found.
12-03-2024 14:44:41.086Z;functions.movimentacao_bancaria;  IMAGEM BORDERO CLICADA.
12-03-2024 14:44:42.548Z;functions.waitForImage;  LICENCAS EXCEDIDAS image found.
12-03-2024 14:44:42.548Z;functions.movimentacao_bancaria;  LICENCAS EXCEDIDAS
12-03-2024 14:44:42.548Z;functions.movimentacao_bancaria;  TENTANDO NOVAMENTE - 14
12-03-2024 14:45:04.121Z;functions.waitForImage;  IMAGEM BORDERO image found.
12-03-2024 14:45:06.241Z;functions.movimentacao_bancaria;  IMAGEM BORDERO CLICADA.
12-03-2024 14:45:07.622Z;functions.waitForImage;  LICENCAS EXCEDIDAS image found.
12-03-2024 14:45:07.622Z;functions.movimentacao_bancaria;  LICENCAS EXCEDIDAS
12-03-2024 14:45:07.622Z;functions.movimentacao_bancaria;  TENTANDO NOVAMENTE - 15
12-03-2024 14:45:29.223Z;functions.waitForImage;  IMAGEM BORDERO image found.
12-03-2024 14:45:31.336Z;functions.movimentacao_bancaria;  IMAGEM BORDERO CLICADA.
12-03-2024 14:45:32.813Z;functions.waitForImage;  LICENCAS EXCEDIDAS image found.
12-03-2024 14:45:32.814Z;functions.movimentacao_bancaria;  LICENCAS EXCEDIDAS
12-03-2024 14:45:32.814Z;functions.movimentacao_bancaria;  TENTANDO NOVAMENTE - 16
12-03-2024 14:45:54.401Z;functions.waitForImage;  IMAGEM BORDERO image found.
12-03-2024 14:45:56.524Z;functions.movimentacao_bancaria;  IMAGEM BORDERO CLICADA.
12-03-2024 14:45:58.055Z;functions.waitForImage;  LICENCAS EXCEDIDAS image found.
12-03-2024 14:45:58.056Z;functions.movimentacao_bancaria;  LICENCAS EXCEDIDAS
12-03-2024 14:45:58.056Z;functions.movimentacao_bancaria;  TENTANDO NOVAMENTE - 17
12-03-2024 14:46:19.677Z;functions.waitForImage;  IMAGEM BORDERO image found.
12-03-2024 14:46:21.803Z;functions.movimentacao_bancaria;  IMAGEM BORDERO CLICADA.
12-03-2024 14:46:23.292Z;functions.waitForImage;  LICENCAS EXCEDIDAS image found.
12-03-2024 14:46:23.292Z;functions.movimentacao_bancaria;  LICENCAS EXCEDIDAS
12-03-2024 14:46:23.293Z;functions.movimentacao_bancaria;  TENTANDO NOVAMENTE - 18
12-03-2024 14:46:44.867Z;functions.waitForImage;  IMAGEM BORDERO image found.
12-03-2024 14:46:46.992Z;functions.movimentacao_bancaria;  IMAGEM BORDERO CLICADA.
12-03-2024 14:46:49.444Z;functions.waitForImage;  LICENCAS EXCEDIDAS image found.
12-03-2024 14:46:49.445Z;functions.movimentacao_bancaria;  LICENCAS EXCEDIDAS
12-03-2024 14:46:49.445Z;functions.movimentacao_bancaria;  TENTANDO NOVAMENTE - 19
12-03-2024 14:47:10.955Z;functions.waitForImage;  IMAGEM BORDERO image found.
12-03-2024 14:47:13.084Z;functions.movimentacao_bancaria;  IMAGEM BORDERO CLICADA.
12-03-2024 14:47:15.263Z;functions.waitForImage;  LICENCAS EXCEDIDAS image found.
12-03-2024 14:47:15.264Z;functions.movimentacao_bancaria;  LICENCAS EXCEDIDAS
12-03-2024 14:47:15.264Z;functions.movimentacao_bancaria;  TENTANDO NOVAMENTE - 20
12-03-2024 14:47:36.892Z;functions.waitForImage;  IMAGEM BORDERO image found.
12-03-2024 14:47:39.023Z;functions.movimentacao_bancaria;  IMAGEM BORDERO CLICADA.
12-03-2024 14:47:40.564Z;functions.waitForImage;  LICENCAS EXCEDIDAS image found.
12-03-2024 14:47:40.564Z;functions.movimentacao_bancaria;  LICENCAS EXCEDIDAS
12-03-2024 14:47:40.565Z;functions.movimentacao_bancaria;  TENTANDO NOVAMENTE - 21
12-03-2024 14:50:03.099Z;functions.waitForImage;  IMAGEM BORDERO image found.
12-03-2024 14:50:05.208Z;functions.movimentacao_bancaria;  IMAGEM BORDERO CLICADA.
12-03-2024 14:50:06.706Z;functions.waitForImage;  LICENCAS EXCEDIDAS image found.
12-03-2024 14:50:06.706Z;functions.movimentacao_bancaria;  LICENCAS EXCEDIDAS
12-03-2024 14:50:06.706Z;functions.movimentacao_bancaria;  TENTANDO NOVAMENTE - 1
12-03-2024 14:50:28.442Z;functions.waitForImage;  IMAGEM BORDERO image found.
12-03-2024 14:50:30.550Z;functions.movimentacao_bancaria;  IMAGEM BORDERO CLICADA.
12-03-2024 14:50:32.042Z;functions.waitForImage;  LICENCAS EXCEDIDAS image found.
12-03-2024 14:50:32.043Z;functions.movimentacao_bancaria;  LICENCAS EXCEDIDAS
12-03-2024 14:50:32.043Z;functions.movimentacao_bancaria;  TENTANDO NOVAMENTE - 2
12-03-2024 14:50:53.620Z;functions.waitForImage;  IMAGEM BORDERO image found.
12-03-2024 14:50:55.740Z;functions.movimentacao_bancaria;  IMAGEM BORDERO CLICADA.
12-03-2024 14:50:57.232Z;functions.waitForImage;  LICENCAS EXCEDIDAS image found.
12-03-2024 14:50:57.232Z;functions.movimentacao_bancaria;  LICENCAS EXCEDIDAS
12-03-2024 14:50:57.233Z;functions.movimentacao_bancaria;  TENTANDO NOVAMENTE - 3
12-03-2024 14:51:18.817Z;functions.waitForImage;  IMAGEM BORDERO image found.
12-03-2024 14:51:20.924Z;functions.movimentacao_bancaria;  IMAGEM BORDERO CLICADA.
12-03-2024 14:51:22.324Z;functions.waitForImage;  LICENCAS EXCEDIDAS image found.
12-03-2024 14:51:22.324Z;functions.movimentacao_bancaria;  LICENCAS EXCEDIDAS
12-03-2024 14:51:22.324Z;functions.movimentacao_bancaria;  TENTANDO NOVAMENTE - 4
12-03-2024 14:51:43.892Z;functions.waitForImage;  IMAGEM BORDERO image found.
12-03-2024 14:51:46.019Z;functions.movimentacao_bancaria;  IMAGEM BORDERO CLICADA.
12-03-2024 14:51:47.539Z;functions.waitForImage;  LICENCAS EXCEDIDAS image found.
12-03-2024 14:51:47.540Z;functions.movimentacao_bancaria;  LICENCAS EXCEDIDAS
12-03-2024 14:51:47.540Z;functions.movimentacao_bancaria;  TENTANDO NOVAMENTE - 5
12-03-2024 14:52:09.112Z;functions.waitForImage;  IMAGEM BORDERO image found.
12-03-2024 14:52:11.237Z;functions.movimentacao_bancaria;  IMAGEM BORDERO CLICADA.
12-03-2024 14:52:12.765Z;functions.waitForImage;  LICENCAS EXCEDIDAS image found.
12-03-2024 14:52:12.767Z;functions.movimentacao_bancaria;  LICENCAS EXCEDIDAS
12-03-2024 14:52:12.767Z;functions.movimentacao_bancaria;  TENTANDO NOVAMENTE - 6
12-03-2024 14:52:34.359Z;functions.waitForImage;  IMAGEM BORDERO image found.
12-03-2024 14:52:36.487Z;functions.movimentacao_bancaria;  IMAGEM BORDERO CLICADA.
12-03-2024 14:52:39.108Z;functions.waitForImage;  LICENCAS EXCEDIDAS image found.
12-03-2024 14:52:39.108Z;functions.movimentacao_bancaria;  LICENCAS EXCEDIDAS
12-03-2024 14:52:39.109Z;functions.movimentacao_bancaria;  TENTANDO NOVAMENTE - 7
12-03-2024 14:53:00.724Z;functions.waitForImage;  IMAGEM BORDERO image found.
12-03-2024 14:53:02.853Z;functions.movimentacao_bancaria;  IMAGEM BORDERO CLICADA.
12-03-2024 14:53:04.228Z;functions.waitForImage;  LICENCAS EXCEDIDAS image found.
12-03-2024 14:53:04.229Z;functions.movimentacao_bancaria;  LICENCAS EXCEDIDAS
12-03-2024 14:53:04.229Z;functions.movimentacao_bancaria;  TENTANDO NOVAMENTE - 8
12-03-2024 14:53:25.802Z;functions.waitForImage;  IMAGEM BORDERO image found.
12-03-2024 14:53:27.970Z;functions.movimentacao_bancaria;  IMAGEM BORDERO CLICADA.
12-03-2024 14:53:29.471Z;functions.waitForImage;  LICENCAS EXCEDIDAS image found.
12-03-2024 14:53:29.472Z;functions.movimentacao_bancaria;  LICENCAS EXCEDIDAS
12-03-2024 14:53:29.472Z;functions.movimentacao_bancaria;  TENTANDO NOVAMENTE - 9
12-03-2024 14:53:51.091Z;functions.waitForImage;  IMAGEM BORDERO image found.
12-03-2024 14:53:53.207Z;functions.movimentacao_bancaria;  IMAGEM BORDERO CLICADA.
12-03-2024 14:53:54.715Z;functions.waitForImage;  LICENCAS EXCEDIDAS image found.
12-03-2024 14:53:54.715Z;functions.movimentacao_bancaria;  LICENCAS EXCEDIDAS
12-03-2024 14:53:54.715Z;functions.movimentacao_bancaria;  TENTANDO NOVAMENTE - 10
12-03-2024 14:54:16.248Z;functions.waitForImage;  IMAGEM BORDERO image found.
12-03-2024 14:54:18.363Z;functions.movimentacao_bancaria;  IMAGEM BORDERO CLICADA.
12-03-2024 14:54:19.859Z;functions.waitForImage;  LICENCAS EXCEDIDAS image found.
12-03-2024 14:54:19.859Z;functions.movimentacao_bancaria;  LICENCAS EXCEDIDAS
12-03-2024 14:54:19.860Z;functions.movimentacao_bancaria;  TENTANDO NOVAMENTE - 11
12-03-2024 14:54:41.399Z;functions.waitForImage;  IMAGEM BORDERO image found.
12-03-2024 14:54:43.519Z;functions.movimentacao_bancaria;  IMAGEM BORDERO CLICADA.
12-03-2024 14:54:44.996Z;functions.waitForImage;  LICENCAS EXCEDIDAS image found.
12-03-2024 14:54:44.997Z;functions.movimentacao_bancaria;  LICENCAS EXCEDIDAS
12-03-2024 14:54:44.999Z;functions.movimentacao_bancaria;  TENTANDO NOVAMENTE - 12
12-03-2024 14:55:06.634Z;functions.waitForImage;  IMAGEM BORDERO image found.
12-03-2024 14:55:08.767Z;functions.movimentacao_bancaria;  IMAGEM BORDERO CLICADA.
12-03-2024 14:55:11.200Z;functions.waitForImage;  LICENCAS EXCEDIDAS image found.
12-03-2024 14:55:11.201Z;functions.movimentacao_bancaria;  LICENCAS EXCEDIDAS
12-03-2024 14:55:11.201Z;functions.movimentacao_bancaria;  TENTANDO NOVAMENTE - 13
12-03-2024 14:55:32.765Z;functions.waitForImage;  IMAGEM BORDERO image found.
12-03-2024 14:55:34.891Z;functions.movimentacao_bancaria;  IMAGEM BORDERO CLICADA.
12-03-2024 14:55:36.329Z;functions.waitForImage;  LICENCAS EXCEDIDAS image found.
12-03-2024 14:55:36.329Z;functions.movimentacao_bancaria;  LICENCAS EXCEDIDAS
12-03-2024 14:55:36.330Z;functions.movimentacao_bancaria;  TENTANDO NOVAMENTE - 14
12-03-2024 14:55:57.995Z;functions.waitForImage;  IMAGEM BORDERO image found.
12-03-2024 14:56:00.116Z;functions.movimentacao_bancaria;  IMAGEM BORDERO CLICADA.
12-03-2024 14:56:01.573Z;functions.waitForImage;  LICENCAS EXCEDIDAS image found.
12-03-2024 14:56:01.573Z;functions.movimentacao_bancaria;  LICENCAS EXCEDIDAS
12-03-2024 14:56:01.574Z;functions.movimentacao_bancaria;  TENTANDO NOVAMENTE - 15
12-03-2024 14:56:23.207Z;functions.waitForImage;  IMAGEM BORDERO image found.
12-03-2024 14:56:25.330Z;functions.movimentacao_bancaria;  IMAGEM BORDERO CLICADA.
12-03-2024 14:56:26.818Z;functions.waitForImage;  LICENCAS EXCEDIDAS image found.
12-03-2024 14:56:26.818Z;functions.movimentacao_bancaria;  LICENCAS EXCEDIDAS
12-03-2024 14:56:26.818Z;functions.movimentacao_bancaria;  TENTANDO NOVAMENTE - 16
12-03-2024 14:56:48.428Z;functions.waitForImage;  IMAGEM BORDERO image found.
12-03-2024 14:56:50.547Z;functions.movimentacao_bancaria;  IMAGEM BORDERO CLICADA.
12-03-2024 14:56:53.062Z;functions.waitForImage;  LICENCAS EXCEDIDAS image found.
12-03-2024 14:56:53.063Z;functions.movimentacao_bancaria;  LICENCAS EXCEDIDAS
12-03-2024 14:56:53.063Z;functions.movimentacao_bancaria;  TENTANDO NOVAMENTE - 17
12-03-2024 14:57:14.618Z;functions.waitForImage;  IMAGEM BORDERO image found.
12-03-2024 14:57:16.735Z;functions.movimentacao_bancaria;  IMAGEM BORDERO CLICADA.
12-03-2024 14:57:19.185Z;functions.waitForImage;  LICENCAS EXCEDIDAS image found.
12-03-2024 14:57:19.186Z;functions.movimentacao_bancaria;  LICENCAS EXCEDIDAS
12-03-2024 14:57:19.186Z;functions.movimentacao_bancaria;  TENTANDO NOVAMENTE - 18
12-03-2024 14:57:40.761Z;functions.waitForImage;  IMAGEM BORDERO image found.
12-03-2024 14:57:42.931Z;functions.movimentacao_bancaria;  IMAGEM BORDERO CLICADA.
12-03-2024 14:57:44.385Z;functions.waitForImage;  LICENCAS EXCEDIDAS image found.
12-03-2024 14:57:44.386Z;functions.movimentacao_bancaria;  LICENCAS EXCEDIDAS
12-03-2024 14:57:44.386Z;functions.movimentacao_bancaria;  TENTANDO NOVAMENTE - 19
12-03-2024 14:58:05.969Z;functions.waitForImage;  IMAGEM BORDERO image found.
12-03-2024 14:58:08.079Z;functions.movimentacao_bancaria;  IMAGEM BORDERO CLICADA.
12-03-2024 14:58:10.546Z;functions.waitForImage;  LICENCAS EXCEDIDAS image found.
12-03-2024 14:58:10.547Z;functions.movimentacao_bancaria;  LICENCAS EXCEDIDAS
12-03-2024 14:58:10.547Z;functions.movimentacao_bancaria;  TENTANDO NOVAMENTE - 20
12-03-2024 14:58:32.078Z;functions.waitForImage;  IMAGEM BORDERO image found.
12-03-2024 14:58:34.203Z;functions.movimentacao_bancaria;  IMAGEM BORDERO CLICADA.
12-03-2024 14:58:35.744Z;functions.waitForImage;  LICENCAS EXCEDIDAS image found.
12-03-2024 14:58:35.744Z;functions.movimentacao_bancaria;  LICENCAS EXCEDIDAS
12-03-2024 14:58:35.745Z;functions.movimentacao_bancaria;  TENTANDO NOVAMENTE - 21
12-03-2024 15:00:59.426Z;functions.waitForImage;  IMAGEM BORDERO image found.
12-03-2024 15:01:01.545Z;functions.movimentacao_bancaria;  IMAGEM BORDERO CLICADA.
12-03-2024 15:01:03.148Z;functions.waitForImage;  LICENCAS EXCEDIDAS image found.
12-03-2024 15:01:03.148Z;functions.movimentacao_bancaria;  LICENCAS EXCEDIDAS
12-03-2024 15:01:03.148Z;functions.movimentacao_bancaria;  TENTANDO NOVAMENTE - 1
12-03-2024 15:01:24.698Z;functions.waitForImage;  IMAGEM BORDERO image found.
12-03-2024 15:01:26.828Z;functions.movimentacao_bancaria;  IMAGEM BORDERO CLICADA.
12-03-2024 15:01:28.326Z;functions.waitForImage;  LICENCAS EXCEDIDAS image found.
12-03-2024 15:01:28.326Z;functions.movimentacao_bancaria;  LICENCAS EXCEDIDAS
12-03-2024 15:01:28.327Z;functions.movimentacao_bancaria;  TENTANDO NOVAMENTE - 2
12-03-2024 15:01:49.885Z;functions.waitForImage;  IMAGEM BORDERO image found.
12-03-2024 15:01:52.014Z;functions.movimentacao_bancaria;  IMAGEM BORDERO CLICADA.
12-03-2024 15:01:53.506Z;functions.waitForImage;  LICENCAS EXCEDIDAS image found.
12-03-2024 15:01:53.507Z;functions.movimentacao_bancaria;  LICENCAS EXCEDIDAS
12-03-2024 15:01:53.507Z;functions.movimentacao_bancaria;  TENTANDO NOVAMENTE - 3
12-03-2024 15:02:15.073Z;functions.waitForImage;  IMAGEM BORDERO image found.
12-03-2024 15:02:17.201Z;functions.movimentacao_bancaria;  IMAGEM BORDERO CLICADA.
12-03-2024 15:02:18.646Z;functions.waitForImage;  LICENCAS EXCEDIDAS image found.
12-03-2024 15:02:18.647Z;functions.movimentacao_bancaria;  LICENCAS EXCEDIDAS
12-03-2024 15:02:18.647Z;functions.movimentacao_bancaria;  TENTANDO NOVAMENTE - 4
12-03-2024 15:02:40.224Z;functions.waitForImage;  IMAGEM BORDERO image found.
12-03-2024 15:02:42.357Z;functions.movimentacao_bancaria;  IMAGEM BORDERO CLICADA.
12-03-2024 15:02:43.945Z;functions.waitForImage;  LICENCAS EXCEDIDAS image found.
12-03-2024 15:02:43.946Z;functions.movimentacao_bancaria;  LICENCAS EXCEDIDAS
12-03-2024 15:02:43.946Z;functions.movimentacao_bancaria;  TENTANDO NOVAMENTE - 5
12-03-2024 15:03:05.508Z;functions.waitForImage;  IMAGEM BORDERO image found.
12-03-2024 15:03:07.640Z;functions.movimentacao_bancaria;  IMAGEM BORDERO CLICADA.
12-03-2024 15:03:09.227Z;functions.waitForImage;  LICENCAS EXCEDIDAS image found.
12-03-2024 15:03:09.228Z;functions.movimentacao_bancaria;  LICENCAS EXCEDIDAS
12-03-2024 15:03:09.228Z;functions.movimentacao_bancaria;  TENTANDO NOVAMENTE - 6
12-03-2024 15:03:30.825Z;functions.waitForImage;  IMAGEM BORDERO image found.
12-03-2024 15:03:32.978Z;functions.movimentacao_bancaria;  IMAGEM BORDERO CLICADA.
12-03-2024 15:03:34.440Z;functions.waitForImage;  LICENCAS EXCEDIDAS image found.
12-03-2024 15:03:34.441Z;functions.movimentacao_bancaria;  LICENCAS EXCEDIDAS
12-03-2024 15:03:34.441Z;functions.movimentacao_bancaria;  TENTANDO NOVAMENTE - 7
12-03-2024 15:03:55.980Z;functions.waitForImage;  IMAGEM BORDERO image found.
12-03-2024 15:03:58.109Z;functions.movimentacao_bancaria;  IMAGEM BORDERO CLICADA.
12-03-2024 15:03:59.628Z;functions.waitForImage;  LICENCAS EXCEDIDAS image found.
12-03-2024 15:03:59.628Z;functions.movimentacao_bancaria;  LICENCAS EXCEDIDAS
12-03-2024 15:03:59.629Z;functions.movimentacao_bancaria;  TENTANDO NOVAMENTE - 8
12-03-2024 15:04:21.189Z;functions.waitForImage;  IMAGEM BORDERO image found.
12-03-2024 15:04:23.294Z;functions.movimentacao_bancaria;  IMAGEM BORDERO CLICADA.
12-03-2024 15:04:24.779Z;functions.waitForImage;  LICENCAS EXCEDIDAS image found.
12-03-2024 15:04:24.779Z;functions.movimentacao_bancaria;  LICENCAS EXCEDIDAS
12-03-2024 15:04:24.779Z;functions.movimentacao_bancaria;  TENTANDO NOVAMENTE - 9
12-03-2024 15:04:46.340Z;functions.waitForImage;  IMAGEM BORDERO image found.
12-03-2024 15:04:48.450Z;functions.movimentacao_bancaria;  IMAGEM BORDERO CLICADA.
12-03-2024 15:04:49.935Z;functions.waitForImage;  LICENCAS EXCEDIDAS image found.
12-03-2024 15:04:49.936Z;functions.movimentacao_bancaria;  LICENCAS EXCEDIDAS
12-03-2024 15:04:49.936Z;functions.movimentacao_bancaria;  TENTANDO NOVAMENTE - 10
12-03-2024 15:05:11.458Z;functions.waitForImage;  IMAGEM BORDERO image found.
12-03-2024 15:05:13.575Z;functions.movimentacao_bancaria;  IMAGEM BORDERO CLICADA.
12-03-2024 15:05:15.096Z;functions.waitForImage;  LICENCAS EXCEDIDAS image found.
12-03-2024 15:05:15.097Z;functions.movimentacao_bancaria;  LICENCAS EXCEDIDAS
12-03-2024 15:05:15.097Z;functions.movimentacao_bancaria;  TENTANDO NOVAMENTE - 11
12-03-2024 15:05:36.672Z;functions.waitForImage;  IMAGEM BORDERO image found.
12-03-2024 15:05:38.795Z;functions.movimentacao_bancaria;  IMAGEM BORDERO CLICADA.
12-03-2024 15:05:40.259Z;functions.waitForImage;  LICENCAS EXCEDIDAS image found.
12-03-2024 15:05:40.259Z;functions.movimentacao_bancaria;  LICENCAS EXCEDIDAS
12-03-2024 15:05:40.260Z;functions.movimentacao_bancaria;  TENTANDO NOVAMENTE - 12
12-03-2024 15:06:01.887Z;functions.waitForImage;  IMAGEM BORDERO image found.
12-03-2024 15:06:04.013Z;functions.movimentacao_bancaria;  IMAGEM BORDERO CLICADA.
12-03-2024 15:06:05.482Z;functions.waitForImage;  LICENCAS EXCEDIDAS image found.
12-03-2024 15:06:05.482Z;functions.movimentacao_bancaria;  LICENCAS EXCEDIDAS
12-03-2024 15:06:05.483Z;functions.movimentacao_bancaria;  TENTANDO NOVAMENTE - 13
12-03-2024 15:06:27.069Z;functions.waitForImage;  IMAGEM BORDERO image found.
12-03-2024 15:06:29.199Z;functions.movimentacao_bancaria;  IMAGEM BORDERO CLICADA.
12-03-2024 15:06:31.476Z;functions.waitForImage;  LICENCAS EXCEDIDAS image found.
12-03-2024 15:06:31.477Z;functions.movimentacao_bancaria;  LICENCAS EXCEDIDAS
12-03-2024 15:06:31.477Z;functions.movimentacao_bancaria;  TENTANDO NOVAMENTE - 14
12-03-2024 15:06:53.111Z;functions.waitForImage;  IMAGEM BORDERO image found.
12-03-2024 15:06:55.232Z;functions.movimentacao_bancaria;  IMAGEM BORDERO CLICADA.
12-03-2024 15:06:56.682Z;functions.waitForImage;  LICENCAS EXCEDIDAS image found.
12-03-2024 15:06:56.682Z;functions.movimentacao_bancaria;  LICENCAS EXCEDIDAS
12-03-2024 15:06:56.682Z;functions.movimentacao_bancaria;  TENTANDO NOVAMENTE - 15
12-03-2024 15:07:18.271Z;functions.waitForImage;  IMAGEM BORDERO image found.
12-03-2024 15:07:20.386Z;functions.movimentacao_bancaria;  IMAGEM BORDERO CLICADA.
12-03-2024 15:07:21.770Z;functions.waitForImage;  LICENCAS EXCEDIDAS image found.
12-03-2024 15:07:21.770Z;functions.movimentacao_bancaria;  LICENCAS EXCEDIDAS
12-03-2024 15:07:21.770Z;functions.movimentacao_bancaria;  TENTANDO NOVAMENTE - 16
12-03-2024 15:07:43.407Z;functions.waitForImage;  IMAGEM BORDERO image found.
12-03-2024 15:07:45.511Z;functions.movimentacao_bancaria;  IMAGEM BORDERO CLICADA.
12-03-2024 15:07:46.949Z;functions.waitForImage;  LICENCAS EXCEDIDAS image found.
12-03-2024 15:07:46.950Z;functions.movimentacao_bancaria;  LICENCAS EXCEDIDAS
12-03-2024 15:07:46.950Z;functions.movimentacao_bancaria;  TENTANDO NOVAMENTE - 17
12-03-2024 15:08:08.531Z;functions.waitForImage;  IMAGEM BORDERO image found.
12-03-2024 15:08:10.635Z;functions.movimentacao_bancaria;  IMAGEM BORDERO CLICADA.
12-03-2024 15:08:12.007Z;functions.waitForImage;  LICENCAS EXCEDIDAS image found.
12-03-2024 15:08:12.007Z;functions.movimentacao_bancaria;  LICENCAS EXCEDIDAS
12-03-2024 15:08:12.007Z;functions.movimentacao_bancaria;  TENTANDO NOVAMENTE - 18
12-03-2024 15:08:33.532Z;functions.waitForImage;  IMAGEM BORDERO image found.
12-03-2024 15:08:35.667Z;functions.movimentacao_bancaria;  IMAGEM BORDERO CLICADA.
12-03-2024 15:08:37.163Z;functions.waitForImage;  LICENCAS EXCEDIDAS image found.
12-03-2024 15:08:37.164Z;functions.movimentacao_bancaria;  LICENCAS EXCEDIDAS
12-03-2024 15:08:37.164Z;functions.movimentacao_bancaria;  TENTANDO NOVAMENTE - 19
12-03-2024 15:08:58.783Z;functions.waitForImage;  IMAGEM BORDERO image found.
12-03-2024 15:09:00.919Z;functions.movimentacao_bancaria;  IMAGEM BORDERO CLICADA.
12-03-2024 15:09:02.378Z;functions.waitForImage;  LICENCAS EXCEDIDAS image found.
12-03-2024 15:09:02.379Z;functions.movimentacao_bancaria;  LICENCAS EXCEDIDAS
12-03-2024 15:09:02.379Z;functions.movimentacao_bancaria;  TENTANDO NOVAMENTE - 20
12-03-2024 15:09:23.947Z;functions.waitForImage;  IMAGEM BORDERO image found.
12-03-2024 15:09:26.075Z;functions.movimentacao_bancaria;  IMAGEM BORDERO CLICADA.
12-03-2024 15:09:27.550Z;functions.waitForImage;  LICENCAS EXCEDIDAS image found.
12-03-2024 15:09:27.550Z;functions.movimentacao_bancaria;  LICENCAS EXCEDIDAS
12-03-2024 15:09:27.551Z;functions.movimentacao_bancaria;  TENTANDO NOVAMENTE - 21
12-03-2024 15:11:50.579Z;functions.show_exception_and_exit;  'NoneType' object has no attribute 'click'
Traceback (most recent call last):
  File "C:\Projetos_Remessas\Remessa_Ferias_Rescisao\main.py", line 16, in <module>
    check_movimentacao_bancaria() ###
    ^^^^^^^^^^^^^^^^^^^^^^^^^^^^^
  File "C:\Projetos_Remessas\Remessa_Ferias_Rescisao\SUBPROGRAMS\functions.py", line 1160, in check_movimentacao_bancaria
    movimentacao_bancaria()
  File "C:\Projetos_Remessas\Remessa_Ferias_Rescisao\SUBPROGRAMS\functions.py", line 666, in movimentacao_bancaria
    filtro_movimentacao.click()
    ^^^^^^^^^^^^^^^^^^^^^^^^^
AttributeError: 'NoneType' object has no attribute 'click'
12-03-2024 15:11:52.136Z;functions.show_exception_and_exit;  PRINT SALVO
12-03-2024 15:11:52.427Z;functions.show_exception_and_exit;  RM FECHADO
12-03-2024 15:11:55.296Z;errorhandler.__handle;  Property: Unknown Property name. [1:203: -ms-interpolation-mode]
12-03-2024 15:11:55.340Z;errorhandler.__handle;  Property: Unknown Property name. [1:353: -webkit-font-smoothing]
12-03-2024 15:11:55.351Z;errorhandler.__handle;  Property: Unknown Property name. [1:483: -ms-text-size-adjust]
12-03-2024 15:11:55.353Z;errorhandler.__handle;  Property: Unknown Property name. [1:518: -webkit-text-size-adjust]
12-03-2024 15:11:55.355Z;errorhandler.__handle;  Property: Unknown Property name. [1:612: mso-table-lspace]
12-03-2024 15:11:55.356Z;errorhandler.__handle;  Property: Unknown Property name. [1:642: mso-table-rspace]
12-03-2024 15:11:55.604Z;errorhandler.__handle;  Property: Unknown Property name. [1:4734: mso-hide]
12-03-2024 15:11:55.719Z;errorhandler.__handle;  Property: Unknown Property name. [1:13: -ms-interpolation-mode]
12-03-2024 15:11:55.723Z;errorhandler.__handle;  Property: Unknown Property name. [1:49: -webkit-font-smoothing]
12-03-2024 15:11:55.727Z;errorhandler.__handle;  Property: Unknown Property name. [1:134: -ms-text-size-adjust]
12-03-2024 15:11:55.728Z;errorhandler.__handle;  Property: Unknown Property name. [1:160: -webkit-text-size-adjust]
12-03-2024 15:11:55.731Z;errorhandler.__handle;  Property: Unknown Property name. [1:26: mso-table-lspace]
12-03-2024 15:11:55.732Z;errorhandler.__handle;  Property: Unknown Property name. [1:45: mso-table-rspace]
12-03-2024 15:11:55.775Z;errorhandler.__handle;  Property: Unknown Property name. [1:92: mso-hide]
12-03-2024 15:11:55.790Z;errorhandler.__handle;  Property: No ":" after name found: align-center [1:1: align-center]
12-03-2024 15:11:55.790Z;errorhandler.__handle;  Property: No property value found: align-center [1:1: align-center]
12-03-2024 15:11:55.790Z;errorhandler.__handle;  CSSStyleDeclaration: Syntax Error in Property: align-center
12-03-2024 15:11:55.794Z;errorhandler.__handle;  Property: Unknown Property name. [1:14: -ms-interpolation-mode]
12-03-2024 15:12:03.328Z;functions.show_exception_and_exit;  EMAIL EXCEÇÃO ENVIADO
12-03-2024 15:12:03.328Z;functions.show_exception_and_exit;  ERRO - <class 'AttributeError'> / 'NoneType' object has no attribute 'click'
